AX=0000  BX=0000  CX=0000  DX=0000  SP=FFEE  BP=0000  SI=0000  DI=0000          
DS=176C  ES=176C  SS=176C  CS=176C  IP=0100   NV UP EI PL NZ NA PO NC           
176C:0100 89E6          MOV     SI,SP                                           

AX=0000  BX=0000  CX=0000  DX=0000  SP=FFEE  BP=0000  SI=FFEE  DI=0000          
DS=176C  ES=176C  SS=176C  CS=176C  IP=0102   NV UP EI PL NZ NA PO NC           
176C:0102 BD0000        MOV     BP,0000                                         

AX=0000  BX=0000  CX=0000  DX=0000  SP=FFEE  BP=0000  SI=FFEE  DI=0000          
DS=176C  ES=176C  SS=176C  CS=176C  IP=0105   NV UP EI PL NZ NA PO NC           
176C:0105 55            PUSH    BP                                              

AX=0000  BX=0000  CX=0000  DX=0000  SP=FFEC  BP=0000  SI=FFEE  DI=0000          
DS=176C  ES=176C  SS=176C  CS=176C  IP=0106   NV UP EI PL NZ NA PO NC           
176C:0106 55            PUSH    BP                                              

AX=0000  BX=0000  CX=0000  DX=0000  SP=FFEA  BP=0000  SI=FFEE  DI=0000          
DS=176C  ES=176C  SS=176C  CS=176C  IP=0107   NV UP EI PL NZ NA PO NC           
176C:0107 9D            POPF                                                    

AX=0000  BX=0000  CX=0000  DX=0000  SP=FFEC  BP=0000  SI=FFEE  DI=0000          
DS=176C  ES=176C  SS=176C  CS=176C  IP=0108   NV UP DI PL NZ NA PO NC           
176C:0108 89F4          MOV     SP,SI                                           

AX=0000  BX=0000  CX=0000  DX=0000  SP=FFEE  BP=0000  SI=FFEE  DI=0000          
DS=176C  ES=176C  SS=176C  CS=176C  IP=010A   NV UP DI PL NZ NA PO NC           
176C:010A B037          MOV     AL,37                                           

AX=0037  BX=0000  CX=0000  DX=0000  SP=FFEE  BP=0000  SI=FFEE  DI=0000          
DS=176C  ES=176C  SS=176C  CS=176C  IP=010C   NV UP DI PL NZ NA PO NC           
176C:010C B287          MOV     DL,87                                           

AX=0037  BX=0000  CX=0000  DX=0087  SP=FFEE  BP=0000  SI=FFEE  DI=0000          
DS=176C  ES=176C  SS=176C  CS=176C  IP=010E   NV UP DI PL NZ NA PO NC           
176C:010E B387          MOV     BL,87                                           

AX=0037  BX=0087  CX=0000  DX=0087  SP=FFEE  BP=0000  SI=FFEE  DI=0000          
DS=176C  ES=176C  SS=176C  CS=176C  IP=0110   NV UP DI PL NZ NA PO NC           
176C:0110 F6EB          IMUL    BL                                              

AX=E601  BX=0087  CX=0000  DX=0087  SP=FFEE  BP=0000  SI=FFEE  DI=0000          
DS=176C  ES=176C  SS=176C  CS=176C  IP=0112   OV UP DI PL NZ NA PO CY           
176C:0112 55            PUSH    BP                                              

AX=E601  BX=0087  CX=0000  DX=0087  SP=FFEC  BP=0000  SI=FFEE  DI=0000          
DS=176C  ES=176C  SS=176C  CS=176C  IP=0113   OV UP DI PL NZ NA PO CY           
176C:0113 55            PUSH    BP                                              

AX=E601  BX=0087  CX=0000  DX=0087  SP=FFEA  BP=0000  SI=FFEE  DI=0000          
DS=176C  ES=176C  SS=176C  CS=176C  IP=0114   OV UP DI PL NZ NA PO CY           
176C:0114 9D            POPF                                                    

AX=E601  BX=0087  CX=0000  DX=0087  SP=FFEC  BP=0000  SI=FFEE  DI=0000          
DS=176C  ES=176C  SS=176C  CS=176C  IP=0115   NV UP DI PL NZ NA PO NC           
176C:0115 89F4          MOV     SP,SI                                           

AX=E601  BX=0087  CX=0000  DX=0087  SP=FFEE  BP=0000  SI=FFEE  DI=0000          
DS=176C  ES=176C  SS=176C  CS=176C  IP=0117   NV UP DI PL NZ NA PO NC           
176C:0117 B837A1        MOV     AX,A137                                         

AX=A137  BX=0087  CX=0000  DX=0087  SP=FFEE  BP=0000  SI=FFEE  DI=0000          
DS=176C  ES=176C  SS=176C  CS=176C  IP=011A   NV UP DI PL NZ NA PO NC           
176C:011A BA875C        MOV     DX,5C87                                         

AX=A137  BX=0087  CX=0000  DX=5C87  SP=FFEE  BP=0000  SI=FFEE  DI=0000          
DS=176C  ES=176C  SS=176C  CS=176C  IP=011D   NV UP DI PL NZ NA PO NC           
176C:011D BB875C        MOV     BX,5C87                                         

AX=A137  BX=5C87  CX=0000  DX=5C87  SP=FFEE  BP=0000  SI=FFEE  DI=0000          
DS=176C  ES=176C  SS=176C  CS=176C  IP=0120   NV UP DI PL NZ NA PO NC           
176C:0120 F7EB          IMUL    BX                                              

AX=C801  BX=5C87  CX=0000  DX=DDBD  SP=FFEE  BP=0000  SI=FFEE  DI=0000          
DS=176C  ES=176C  SS=176C  CS=176C  IP=0122   OV UP DI NG NZ NA PO CY           
176C:0122 55            PUSH    BP                                              

AX=C801  BX=5C87  CX=0000  DX=DDBD  SP=FFEC  BP=0000  SI=FFEE  DI=0000          
DS=176C  ES=176C  SS=176C  CS=176C  IP=0123   OV UP DI NG NZ NA PO CY           
176C:0123 55            PUSH    BP                                              

AX=C801  BX=5C87  CX=0000  DX=DDBD  SP=FFEA  BP=0000  SI=FFEE  DI=0000          
DS=176C  ES=176C  SS=176C  CS=176C  IP=0124   OV UP DI NG NZ NA PO CY           
176C:0124 9D            POPF                                                    

AX=C801  BX=5C87  CX=0000  DX=DDBD  SP=FFEC  BP=0000  SI=FFEE  DI=0000          
DS=176C  ES=176C  SS=176C  CS=176C  IP=0125   NV UP DI PL NZ NA PO NC           
176C:0125 89F4          MOV     SP,SI                                           

AX=C801  BX=5C87  CX=0000  DX=DDBD  SP=FFEE  BP=0000  SI=FFEE  DI=0000          
DS=176C  ES=176C  SS=176C  CS=176C  IP=0127   NV UP DI PL NZ NA PO NC           
176C:0127 B037          MOV     AL,37                                           

AX=C837  BX=5C87  CX=0000  DX=DDBD  SP=FFEE  BP=0000  SI=FFEE  DI=0000          
DS=176C  ES=176C  SS=176C  CS=176C  IP=0129   NV UP DI PL NZ NA PO NC           
176C:0129 B287          MOV     DL,87                                           

AX=C837  BX=5C87  CX=0000  DX=DD87  SP=FFEE  BP=0000  SI=FFEE  DI=0000          
DS=176C  ES=176C  SS=176C  CS=176C  IP=012B   NV UP DI PL NZ NA PO NC           
176C:012B B387          MOV     BL,87                                           

AX=C837  BX=5C87  CX=0000  DX=DD87  SP=FFEE  BP=0000  SI=FFEE  DI=0000          
DS=176C  ES=176C  SS=176C  CS=176C  IP=012D   NV UP DI PL NZ NA PO NC           
176C:012D F6E8          IMUL    AL                                              

AX=0BD1  BX=5C87  CX=0000  DX=DD87  SP=FFEE  BP=0000  SI=FFEE  DI=0000          
DS=176C  ES=176C  SS=176C  CS=176C  IP=012F   OV UP DI NG NZ NA PE CY           
176C:012F 55            PUSH    BP                                              

AX=0BD1  BX=5C87  CX=0000  DX=DD87  SP=FFEC  BP=0000  SI=FFEE  DI=0000          
DS=176C  ES=176C  SS=176C  CS=176C  IP=0130   OV UP DI NG NZ NA PE CY           
176C:0130 55            PUSH    BP                                              

AX=0BD1  BX=5C87  CX=0000  DX=DD87  SP=FFEA  BP=0000  SI=FFEE  DI=0000          
DS=176C  ES=176C  SS=176C  CS=176C  IP=0131   OV UP DI NG NZ NA PE CY           
176C:0131 9D            POPF                                                    

AX=0BD1  BX=5C87  CX=0000  DX=DD87  SP=FFEC  BP=0000  SI=FFEE  DI=0000          
DS=176C  ES=176C  SS=176C  CS=176C  IP=0132   NV UP DI PL NZ NA PO NC           
176C:0132 89F4          MOV     SP,SI                                           

AX=0BD1  BX=5C87  CX=0000  DX=DD87  SP=FFEE  BP=0000  SI=FFEE  DI=0000          
DS=176C  ES=176C  SS=176C  CS=176C  IP=0134   NV UP DI PL NZ NA PO NC           
176C:0134 B837A1        MOV     AX,A137                                         

AX=A137  BX=5C87  CX=0000  DX=DD87  SP=FFEE  BP=0000  SI=FFEE  DI=0000          
DS=176C  ES=176C  SS=176C  CS=176C  IP=0137   NV UP DI PL NZ NA PO NC           
176C:0137 BA875C        MOV     DX,5C87                                         

AX=A137  BX=5C87  CX=0000  DX=5C87  SP=FFEE  BP=0000  SI=FFEE  DI=0000          
DS=176C  ES=176C  SS=176C  CS=176C  IP=013A   NV UP DI PL NZ NA PO NC           
176C:013A BB875C        MOV     BX,5C87                                         

AX=A137  BX=5C87  CX=0000  DX=5C87  SP=FFEE  BP=0000  SI=FFEE  DI=0000          
DS=176C  ES=176C  SS=176C  CS=176C  IP=013D   NV UP DI PL NZ NA PO NC           
176C:013D F7E8          IMUL    AX                                              

AX=39D1  BX=5C87  CX=0000  DX=2318  SP=FFEE  BP=0000  SI=FFEE  DI=0000          
DS=176C  ES=176C  SS=176C  CS=176C  IP=013F   OV UP DI PL NZ NA PE CY           
176C:013F 55            PUSH    BP                                              

AX=39D1  BX=5C87  CX=0000  DX=2318  SP=FFEC  BP=0000  SI=FFEE  DI=0000          
DS=176C  ES=176C  SS=176C  CS=176C  IP=0140   OV UP DI PL NZ NA PE CY           
176C:0140 55            PUSH    BP                                              

AX=39D1  BX=5C87  CX=0000  DX=2318  SP=FFEA  BP=0000  SI=FFEE  DI=0000          
DS=176C  ES=176C  SS=176C  CS=176C  IP=0141   OV UP DI PL NZ NA PE CY           
176C:0141 9D            POPF                                                    

AX=39D1  BX=5C87  CX=0000  DX=2318  SP=FFEC  BP=0000  SI=FFEE  DI=0000          
DS=176C  ES=176C  SS=176C  CS=176C  IP=0142   NV UP DI PL NZ NA PO NC           
176C:0142 89F4          MOV     SP,SI                                           

AX=39D1  BX=5C87  CX=0000  DX=2318  SP=FFEE  BP=0000  SI=FFEE  DI=0000          
DS=176C  ES=176C  SS=176C  CS=176C  IP=0144   NV UP DI PL NZ NA PO NC           
176C:0144 B837A1        MOV     AX,A137                                         

AX=A137  BX=5C87  CX=0000  DX=2318  SP=FFEE  BP=0000  SI=FFEE  DI=0000          
DS=176C  ES=176C  SS=176C  CS=176C  IP=0147   NV UP DI PL NZ NA PO NC           
176C:0147 BA8700        MOV     DX,0087                                         

AX=A137  BX=5C87  CX=0000  DX=0087  SP=FFEE  BP=0000  SI=FFEE  DI=0000          
DS=176C  ES=176C  SS=176C  CS=176C  IP=014A   NV UP DI PL NZ NA PO NC           
176C:014A BB8700        MOV     BX,0087                                         

AX=A137  BX=0087  CX=0000  DX=0087  SP=FFEE  BP=0000  SI=FFEE  DI=0000          
DS=176C  ES=176C  SS=176C  CS=176C  IP=014D   NV UP DI PL NZ NA PO NC           
176C:014D F7E8          IMUL    AX                                              

AX=39D1  BX=0087  CX=0000  DX=2318  SP=FFEE  BP=0000  SI=FFEE  DI=0000          
DS=176C  ES=176C  SS=176C  CS=176C  IP=014F   OV UP DI PL NZ NA PE CY           
176C:014F 55            PUSH    BP                                              

AX=39D1  BX=0087  CX=0000  DX=2318  SP=FFEC  BP=0000  SI=FFEE  DI=0000          
DS=176C  ES=176C  SS=176C  CS=176C  IP=0150   OV UP DI PL NZ NA PE CY           
176C:0150 55            PUSH    BP                                              

AX=39D1  BX=0087  CX=0000  DX=2318  SP=FFEA  BP=0000  SI=FFEE  DI=0000          
DS=176C  ES=176C  SS=176C  CS=176C  IP=0151   OV UP DI PL NZ NA PE CY           
176C:0151 9D            POPF                                                    

AX=39D1  BX=0087  CX=0000  DX=2318  SP=FFEC  BP=0000  SI=FFEE  DI=0000          
DS=176C  ES=176C  SS=176C  CS=176C  IP=0152   NV UP DI PL NZ NA PO NC           
176C:0152 89F4          MOV     SP,SI                                           

AX=39D1  BX=0087  CX=0000  DX=2318  SP=FFEE  BP=0000  SI=FFEE  DI=0000          
DS=176C  ES=176C  SS=176C  CS=176C  IP=0154   NV UP DI PL NZ NA PO NC           
176C:0154 B0BD          MOV     AL,BD                                           

AX=39BD  BX=0087  CX=0000  DX=2318  SP=FFEE  BP=0000  SI=FFEE  DI=0000          
DS=176C  ES=176C  SS=176C  CS=176C  IP=0156   NV UP DI PL NZ NA PO NC           
176C:0156 B2FC          MOV     DL,FC                                           

AX=39BD  BX=0087  CX=0000  DX=23FC  SP=FFEE  BP=0000  SI=FFEE  DI=0000          
DS=176C  ES=176C  SS=176C  CS=176C  IP=0158   NV UP DI PL NZ NA PO NC           
176C:0158 B3FC          MOV     BL,FC                                           

AX=39BD  BX=00FC  CX=0000  DX=23FC  SP=FFEE  BP=0000  SI=FFEE  DI=0000          
DS=176C  ES=176C  SS=176C  CS=176C  IP=015A   NV UP DI PL NZ NA PO NC           
176C:015A F6EB          IMUL    BL                                              

AX=010C  BX=00FC  CX=0000  DX=23FC  SP=FFEE  BP=0000  SI=FFEE  DI=0000          
DS=176C  ES=176C  SS=176C  CS=176C  IP=015C   OV UP DI PL NZ NA PE CY           
176C:015C 55            PUSH    BP                                              

AX=010C  BX=00FC  CX=0000  DX=23FC  SP=FFEC  BP=0000  SI=FFEE  DI=0000          
DS=176C  ES=176C  SS=176C  CS=176C  IP=015D   OV UP DI PL NZ NA PE CY           
176C:015D 55            PUSH    BP                                              

AX=010C  BX=00FC  CX=0000  DX=23FC  SP=FFEA  BP=0000  SI=FFEE  DI=0000          
DS=176C  ES=176C  SS=176C  CS=176C  IP=015E   OV UP DI PL NZ NA PE CY           
176C:015E 9D            POPF                                                    

AX=010C  BX=00FC  CX=0000  DX=23FC  SP=FFEC  BP=0000  SI=FFEE  DI=0000          
DS=176C  ES=176C  SS=176C  CS=176C  IP=015F   NV UP DI PL NZ NA PO NC           
176C:015F 89F4          MOV     SP,SI                                           

AX=010C  BX=00FC  CX=0000  DX=23FC  SP=FFEE  BP=0000  SI=FFEE  DI=0000          
DS=176C  ES=176C  SS=176C  CS=176C  IP=0161   NV UP DI PL NZ NA PO NC           
176C:0161 B8BDD1        MOV     AX,D1BD                                         

AX=D1BD  BX=00FC  CX=0000  DX=23FC  SP=FFEE  BP=0000  SI=FFEE  DI=0000          
DS=176C  ES=176C  SS=176C  CS=176C  IP=0164   NV UP DI PL NZ NA PO NC           
176C:0164 BAFC7D        MOV     DX,7DFC                                         

AX=D1BD  BX=00FC  CX=0000  DX=7DFC  SP=FFEE  BP=0000  SI=FFEE  DI=0000          
DS=176C  ES=176C  SS=176C  CS=176C  IP=0167   NV UP DI PL NZ NA PO NC           
176C:0167 BBFC7D        MOV     BX,7DFC                                         

AX=D1BD  BX=7DFC  CX=0000  DX=7DFC  SP=FFEE  BP=0000  SI=FFEE  DI=0000          
DS=176C  ES=176C  SS=176C  CS=176C  IP=016A   NV UP DI PL NZ NA PO NC           
176C:016A F7EB          IMUL    BX                                              

AX=BF0C  BX=7DFC  CX=0000  DX=E93B  SP=FFEE  BP=0000  SI=FFEE  DI=0000          
DS=176C  ES=176C  SS=176C  CS=176C  IP=016C   OV UP DI NG NZ NA PE CY           
176C:016C 55            PUSH    BP                                              

AX=BF0C  BX=7DFC  CX=0000  DX=E93B  SP=FFEC  BP=0000  SI=FFEE  DI=0000          
DS=176C  ES=176C  SS=176C  CS=176C  IP=016D   OV UP DI NG NZ NA PE CY           
176C:016D 55            PUSH    BP                                              

AX=BF0C  BX=7DFC  CX=0000  DX=E93B  SP=FFEA  BP=0000  SI=FFEE  DI=0000          
DS=176C  ES=176C  SS=176C  CS=176C  IP=016E   OV UP DI NG NZ NA PE CY           
176C:016E 9D            POPF                                                    

AX=BF0C  BX=7DFC  CX=0000  DX=E93B  SP=FFEC  BP=0000  SI=FFEE  DI=0000          
DS=176C  ES=176C  SS=176C  CS=176C  IP=016F   NV UP DI PL NZ NA PO NC           
176C:016F 89F4          MOV     SP,SI                                           

AX=BF0C  BX=7DFC  CX=0000  DX=E93B  SP=FFEE  BP=0000  SI=FFEE  DI=0000          
DS=176C  ES=176C  SS=176C  CS=176C  IP=0171   NV UP DI PL NZ NA PO NC           
176C:0171 B0BD          MOV     AL,BD                                           

AX=BFBD  BX=7DFC  CX=0000  DX=E93B  SP=FFEE  BP=0000  SI=FFEE  DI=0000          
DS=176C  ES=176C  SS=176C  CS=176C  IP=0173   NV UP DI PL NZ NA PO NC           
176C:0173 B2FC          MOV     DL,FC                                           

AX=BFBD  BX=7DFC  CX=0000  DX=E9FC  SP=FFEE  BP=0000  SI=FFEE  DI=0000          
DS=176C  ES=176C  SS=176C  CS=176C  IP=0175   NV UP DI PL NZ NA PO NC           
176C:0175 B3FC          MOV     BL,FC                                           

AX=BFBD  BX=7DFC  CX=0000  DX=E9FC  SP=FFEE  BP=0000  SI=FFEE  DI=0000          
DS=176C  ES=176C  SS=176C  CS=176C  IP=0177   NV UP DI PL NZ NA PO NC           
176C:0177 F6E8          IMUL    AL                                              

AX=1189  BX=7DFC  CX=0000  DX=E9FC  SP=FFEE  BP=0000  SI=FFEE  DI=0000          
DS=176C  ES=176C  SS=176C  CS=176C  IP=0179   OV UP DI NG NZ NA PO CY           
176C:0179 55            PUSH    BP                                              

AX=1189  BX=7DFC  CX=0000  DX=E9FC  SP=FFEC  BP=0000  SI=FFEE  DI=0000          
DS=176C  ES=176C  SS=176C  CS=176C  IP=017A   OV UP DI NG NZ NA PO CY           
176C:017A 55            PUSH    BP                                              

AX=1189  BX=7DFC  CX=0000  DX=E9FC  SP=FFEA  BP=0000  SI=FFEE  DI=0000          
DS=176C  ES=176C  SS=176C  CS=176C  IP=017B   OV UP DI NG NZ NA PO CY           
176C:017B 9D            POPF                                                    

AX=1189  BX=7DFC  CX=0000  DX=E9FC  SP=FFEC  BP=0000  SI=FFEE  DI=0000          
DS=176C  ES=176C  SS=176C  CS=176C  IP=017C   NV UP DI PL NZ NA PO NC           
176C:017C 89F4          MOV     SP,SI                                           

AX=1189  BX=7DFC  CX=0000  DX=E9FC  SP=FFEE  BP=0000  SI=FFEE  DI=0000          
DS=176C  ES=176C  SS=176C  CS=176C  IP=017E   NV UP DI PL NZ NA PO NC           
176C:017E B8BDD1        MOV     AX,D1BD                                         

AX=D1BD  BX=7DFC  CX=0000  DX=E9FC  SP=FFEE  BP=0000  SI=FFEE  DI=0000          
DS=176C  ES=176C  SS=176C  CS=176C  IP=0181   NV UP DI PL NZ NA PO NC           
176C:0181 BAFC7D        MOV     DX,7DFC                                         

AX=D1BD  BX=7DFC  CX=0000  DX=7DFC  SP=FFEE  BP=0000  SI=FFEE  DI=0000          
DS=176C  ES=176C  SS=176C  CS=176C  IP=0184   NV UP DI PL NZ NA PO NC           
176C:0184 BBFC7D        MOV     BX,7DFC                                         

AX=D1BD  BX=7DFC  CX=0000  DX=7DFC  SP=FFEE  BP=0000  SI=FFEE  DI=0000          
DS=176C  ES=176C  SS=176C  CS=176C  IP=0187   NV UP DI PL NZ NA PO NC           
176C:0187 F7E8          IMUL    AX                                              

AX=2589  BX=7DFC  CX=0000  DX=085C  SP=FFEE  BP=0000  SI=FFEE  DI=0000          
DS=176C  ES=176C  SS=176C  CS=176C  IP=0189   OV UP DI PL NZ NA PO CY           
176C:0189 55            PUSH    BP                                              

AX=2589  BX=7DFC  CX=0000  DX=085C  SP=FFEC  BP=0000  SI=FFEE  DI=0000          
DS=176C  ES=176C  SS=176C  CS=176C  IP=018A   OV UP DI PL NZ NA PO CY           
176C:018A 55            PUSH    BP                                              

AX=2589  BX=7DFC  CX=0000  DX=085C  SP=FFEA  BP=0000  SI=FFEE  DI=0000          
DS=176C  ES=176C  SS=176C  CS=176C  IP=018B   OV UP DI PL NZ NA PO CY           
176C:018B 9D            POPF                                                    

AX=2589  BX=7DFC  CX=0000  DX=085C  SP=FFEC  BP=0000  SI=FFEE  DI=0000          
DS=176C  ES=176C  SS=176C  CS=176C  IP=018C   NV UP DI PL NZ NA PO NC           
176C:018C 89F4          MOV     SP,SI                                           

AX=2589  BX=7DFC  CX=0000  DX=085C  SP=FFEE  BP=0000  SI=FFEE  DI=0000          
DS=176C  ES=176C  SS=176C  CS=176C  IP=018E   NV UP DI PL NZ NA PO NC           
176C:018E B8BDD1        MOV     AX,D1BD                                         

AX=D1BD  BX=7DFC  CX=0000  DX=085C  SP=FFEE  BP=0000  SI=FFEE  DI=0000          
DS=176C  ES=176C  SS=176C  CS=176C  IP=0191   NV UP DI PL NZ NA PO NC           
176C:0191 BAFC00        MOV     DX,00FC                                         

AX=D1BD  BX=7DFC  CX=0000  DX=00FC  SP=FFEE  BP=0000  SI=FFEE  DI=0000          
DS=176C  ES=176C  SS=176C  CS=176C  IP=0194   NV UP DI PL NZ NA PO NC           
176C:0194 BBFC00        MOV     BX,00FC                                         

AX=D1BD  BX=00FC  CX=0000  DX=00FC  SP=FFEE  BP=0000  SI=FFEE  DI=0000          
DS=176C  ES=176C  SS=176C  CS=176C  IP=0197   NV UP DI PL NZ NA PO NC           
176C:0197 F7E8          IMUL    AX                                              

AX=2589  BX=00FC  CX=0000  DX=085C  SP=FFEE  BP=0000  SI=FFEE  DI=0000          
DS=176C  ES=176C  SS=176C  CS=176C  IP=0199   OV UP DI PL NZ NA PO CY           
176C:0199 55            PUSH    BP                                              

AX=2589  BX=00FC  CX=0000  DX=085C  SP=FFEC  BP=0000  SI=FFEE  DI=0000          
DS=176C  ES=176C  SS=176C  CS=176C  IP=019A   OV UP DI PL NZ NA PO CY           
176C:019A 55            PUSH    BP                                              

AX=2589  BX=00FC  CX=0000  DX=085C  SP=FFEA  BP=0000  SI=FFEE  DI=0000          
DS=176C  ES=176C  SS=176C  CS=176C  IP=019B   OV UP DI PL NZ NA PO CY           
176C:019B 9D            POPF                                                    

AX=2589  BX=00FC  CX=0000  DX=085C  SP=FFEC  BP=0000  SI=FFEE  DI=0000          
DS=176C  ES=176C  SS=176C  CS=176C  IP=019C   NV UP DI PL NZ NA PO NC           
176C:019C 89F4          MOV     SP,SI                                           

AX=2589  BX=00FC  CX=0000  DX=085C  SP=FFEE  BP=0000  SI=FFEE  DI=0000          
DS=176C  ES=176C  SS=176C  CS=176C  IP=019E   NV UP DI PL NZ NA PO NC           
176C:019E B0E7          MOV     AL,E7                                           

AX=25E7  BX=00FC  CX=0000  DX=085C  SP=FFEE  BP=0000  SI=FFEE  DI=0000          
DS=176C  ES=176C  SS=176C  CS=176C  IP=01A0   NV UP DI PL NZ NA PO NC           
176C:01A0 B256          MOV     DL,56                                           

AX=25E7  BX=00FC  CX=0000  DX=0856  SP=FFEE  BP=0000  SI=FFEE  DI=0000          
DS=176C  ES=176C  SS=176C  CS=176C  IP=01A2   NV UP DI PL NZ NA PO NC           
176C:01A2 B356          MOV     BL,56                                           

AX=25E7  BX=0056  CX=0000  DX=0856  SP=FFEE  BP=0000  SI=FFEE  DI=0000          
DS=176C  ES=176C  SS=176C  CS=176C  IP=01A4   NV UP DI PL NZ NA PO NC           
176C:01A4 F6EB          IMUL    BL                                              

AX=F79A  BX=0056  CX=0000  DX=0856  SP=FFEE  BP=0000  SI=FFEE  DI=0000          
DS=176C  ES=176C  SS=176C  CS=176C  IP=01A6   OV UP DI NG NZ NA PE CY           
176C:01A6 55            PUSH    BP                                              

AX=F79A  BX=0056  CX=0000  DX=0856  SP=FFEC  BP=0000  SI=FFEE  DI=0000          
DS=176C  ES=176C  SS=176C  CS=176C  IP=01A7   OV UP DI NG NZ NA PE CY           
176C:01A7 55            PUSH    BP                                              

AX=F79A  BX=0056  CX=0000  DX=0856  SP=FFEA  BP=0000  SI=FFEE  DI=0000          
DS=176C  ES=176C  SS=176C  CS=176C  IP=01A8   OV UP DI NG NZ NA PE CY           
176C:01A8 9D            POPF                                                    

AX=F79A  BX=0056  CX=0000  DX=0856  SP=FFEC  BP=0000  SI=FFEE  DI=0000          
DS=176C  ES=176C  SS=176C  CS=176C  IP=01A9   NV UP DI PL NZ NA PO NC           
176C:01A9 89F4          MOV     SP,SI                                           

AX=F79A  BX=0056  CX=0000  DX=0856  SP=FFEE  BP=0000  SI=FFEE  DI=0000          
DS=176C  ES=176C  SS=176C  CS=176C  IP=01AB   NV UP DI PL NZ NA PO NC           
176C:01AB B8E70C        MOV     AX,0CE7                                         

AX=0CE7  BX=0056  CX=0000  DX=0856  SP=FFEE  BP=0000  SI=FFEE  DI=0000          
DS=176C  ES=176C  SS=176C  CS=176C  IP=01AE   NV UP DI PL NZ NA PO NC           
176C:01AE BA56F6        MOV     DX,F656                                         

AX=0CE7  BX=0056  CX=0000  DX=F656  SP=FFEE  BP=0000  SI=FFEE  DI=0000          
DS=176C  ES=176C  SS=176C  CS=176C  IP=01B1   NV UP DI PL NZ NA PO NC           
176C:01B1 BB56F6        MOV     BX,F656                                         

AX=0CE7  BX=F656  CX=0000  DX=F656  SP=FFEE  BP=0000  SI=FFEE  DI=0000          
DS=176C  ES=176C  SS=176C  CS=176C  IP=01B4   NV UP DI PL NZ NA PO NC           
176C:01B4 F7EB          IMUL    BX                                              

AX=4F9A  BX=F656  CX=0000  DX=FF83  SP=FFEE  BP=0000  SI=FFEE  DI=0000          
DS=176C  ES=176C  SS=176C  CS=176C  IP=01B6   OV UP DI PL NZ NA PE CY           
176C:01B6 55            PUSH    BP                                              

AX=4F9A  BX=F656  CX=0000  DX=FF83  SP=FFEC  BP=0000  SI=FFEE  DI=0000          
DS=176C  ES=176C  SS=176C  CS=176C  IP=01B7   OV UP DI PL NZ NA PE CY           
176C:01B7 55            PUSH    BP                                              

AX=4F9A  BX=F656  CX=0000  DX=FF83  SP=FFEA  BP=0000  SI=FFEE  DI=0000          
DS=176C  ES=176C  SS=176C  CS=176C  IP=01B8   OV UP DI PL NZ NA PE CY           
176C:01B8 9D            POPF                                                    

AX=4F9A  BX=F656  CX=0000  DX=FF83  SP=FFEC  BP=0000  SI=FFEE  DI=0000          
DS=176C  ES=176C  SS=176C  CS=176C  IP=01B9   NV UP DI PL NZ NA PO NC           
176C:01B9 89F4          MOV     SP,SI                                           

AX=4F9A  BX=F656  CX=0000  DX=FF83  SP=FFEE  BP=0000  SI=FFEE  DI=0000          
DS=176C  ES=176C  SS=176C  CS=176C  IP=01BB   NV UP DI PL NZ NA PO NC           
176C:01BB B0E7          MOV     AL,E7                                           

AX=4FE7  BX=F656  CX=0000  DX=FF83  SP=FFEE  BP=0000  SI=FFEE  DI=0000          
DS=176C  ES=176C  SS=176C  CS=176C  IP=01BD   NV UP DI PL NZ NA PO NC           
176C:01BD B256          MOV     DL,56                                           

AX=4FE7  BX=F656  CX=0000  DX=FF56  SP=FFEE  BP=0000  SI=FFEE  DI=0000          
DS=176C  ES=176C  SS=176C  CS=176C  IP=01BF   NV UP DI PL NZ NA PO NC           
176C:01BF B356          MOV     BL,56                                           

AX=4FE7  BX=F656  CX=0000  DX=FF56  SP=FFEE  BP=0000  SI=FFEE  DI=0000          
DS=176C  ES=176C  SS=176C  CS=176C  IP=01C1   NV UP DI PL NZ NA PO NC           
176C:01C1 F6E8          IMUL    AL                                              

AX=0271  BX=F656  CX=0000  DX=FF56  SP=FFEE  BP=0000  SI=FFEE  DI=0000          
DS=176C  ES=176C  SS=176C  CS=176C  IP=01C3   OV UP DI PL NZ NA PE CY           
176C:01C3 55            PUSH    BP                                              

AX=0271  BX=F656  CX=0000  DX=FF56  SP=FFEC  BP=0000  SI=FFEE  DI=0000          
DS=176C  ES=176C  SS=176C  CS=176C  IP=01C4   OV UP DI PL NZ NA PE CY           
176C:01C4 55            PUSH    BP                                              

AX=0271  BX=F656  CX=0000  DX=FF56  SP=FFEA  BP=0000  SI=FFEE  DI=0000          
DS=176C  ES=176C  SS=176C  CS=176C  IP=01C5   OV UP DI PL NZ NA PE CY           
176C:01C5 9D            POPF                                                    

AX=0271  BX=F656  CX=0000  DX=FF56  SP=FFEC  BP=0000  SI=FFEE  DI=0000          
DS=176C  ES=176C  SS=176C  CS=176C  IP=01C6   NV UP DI PL NZ NA PO NC           
176C:01C6 89F4          MOV     SP,SI                                           

AX=0271  BX=F656  CX=0000  DX=FF56  SP=FFEE  BP=0000  SI=FFEE  DI=0000          
DS=176C  ES=176C  SS=176C  CS=176C  IP=01C8   NV UP DI PL NZ NA PO NC           
176C:01C8 B8E70C        MOV     AX,0CE7                                         

AX=0CE7  BX=F656  CX=0000  DX=FF56  SP=FFEE  BP=0000  SI=FFEE  DI=0000          
DS=176C  ES=176C  SS=176C  CS=176C  IP=01CB   NV UP DI PL NZ NA PO NC           
176C:01CB BA56F6        MOV     DX,F656                                         

AX=0CE7  BX=F656  CX=0000  DX=F656  SP=FFEE  BP=0000  SI=FFEE  DI=0000          
DS=176C  ES=176C  SS=176C  CS=176C  IP=01CE   NV UP DI PL NZ NA PO NC           
176C:01CE BB56F6        MOV     BX,F656                                         

AX=0CE7  BX=F656  CX=0000  DX=F656  SP=FFEE  BP=0000  SI=FFEE  DI=0000          
DS=176C  ES=176C  SS=176C  CS=176C  IP=01D1   NV UP DI PL NZ NA PO NC           
176C:01D1 F7E8          IMUL    AX                                              

AX=7871  BX=F656  CX=0000  DX=00A6  SP=FFEE  BP=0000  SI=FFEE  DI=0000          
DS=176C  ES=176C  SS=176C  CS=176C  IP=01D3   OV UP DI PL NZ NA PE CY           
176C:01D3 55            PUSH    BP                                              

AX=7871  BX=F656  CX=0000  DX=00A6  SP=FFEC  BP=0000  SI=FFEE  DI=0000          
DS=176C  ES=176C  SS=176C  CS=176C  IP=01D4   OV UP DI PL NZ NA PE CY           
176C:01D4 55            PUSH    BP                                              

AX=7871  BX=F656  CX=0000  DX=00A6  SP=FFEA  BP=0000  SI=FFEE  DI=0000          
DS=176C  ES=176C  SS=176C  CS=176C  IP=01D5   OV UP DI PL NZ NA PE CY           
176C:01D5 9D            POPF                                                    

AX=7871  BX=F656  CX=0000  DX=00A6  SP=FFEC  BP=0000  SI=FFEE  DI=0000          
DS=176C  ES=176C  SS=176C  CS=176C  IP=01D6   NV UP DI PL NZ NA PO NC           
176C:01D6 89F4          MOV     SP,SI                                           

AX=7871  BX=F656  CX=0000  DX=00A6  SP=FFEE  BP=0000  SI=FFEE  DI=0000          
DS=176C  ES=176C  SS=176C  CS=176C  IP=01D8   NV UP DI PL NZ NA PO NC           
176C:01D8 B8E70C        MOV     AX,0CE7                                         

AX=0CE7  BX=F656  CX=0000  DX=00A6  SP=FFEE  BP=0000  SI=FFEE  DI=0000          
DS=176C  ES=176C  SS=176C  CS=176C  IP=01DB   NV UP DI PL NZ NA PO NC           
176C:01DB BA5600        MOV     DX,0056                                         

AX=0CE7  BX=F656  CX=0000  DX=0056  SP=FFEE  BP=0000  SI=FFEE  DI=0000          
DS=176C  ES=176C  SS=176C  CS=176C  IP=01DE   NV UP DI PL NZ NA PO NC           
176C:01DE BB5600        MOV     BX,0056                                         

AX=0CE7  BX=0056  CX=0000  DX=0056  SP=FFEE  BP=0000  SI=FFEE  DI=0000          
DS=176C  ES=176C  SS=176C  CS=176C  IP=01E1   NV UP DI PL NZ NA PO NC           
176C:01E1 F7E8          IMUL    AX                                              

AX=7871  BX=0056  CX=0000  DX=00A6  SP=FFEE  BP=0000  SI=FFEE  DI=0000          
DS=176C  ES=176C  SS=176C  CS=176C  IP=01E3   OV UP DI PL NZ NA PE CY           
176C:01E3 55            PUSH    BP                                              

AX=7871  BX=0056  CX=0000  DX=00A6  SP=FFEC  BP=0000  SI=FFEE  DI=0000          
DS=176C  ES=176C  SS=176C  CS=176C  IP=01E4   OV UP DI PL NZ NA PE CY           
176C:01E4 55            PUSH    BP                                              

AX=7871  BX=0056  CX=0000  DX=00A6  SP=FFEA  BP=0000  SI=FFEE  DI=0000          
DS=176C  ES=176C  SS=176C  CS=176C  IP=01E5   OV UP DI PL NZ NA PE CY           
176C:01E5 9D            POPF                                                    

AX=7871  BX=0056  CX=0000  DX=00A6  SP=FFEC  BP=0000  SI=FFEE  DI=0000          
DS=176C  ES=176C  SS=176C  CS=176C  IP=01E6   NV UP DI PL NZ NA PO NC           
176C:01E6 89F4          MOV     SP,SI                                           

AX=7871  BX=0056  CX=0000  DX=00A6  SP=FFEE  BP=0000  SI=FFEE  DI=0000          
DS=176C  ES=176C  SS=176C  CS=176C  IP=01E8   NV UP DI PL NZ NA PO NC           
176C:01E8 B000          MOV     AL,00                                           

AX=7800  BX=0056  CX=0000  DX=00A6  SP=FFEE  BP=0000  SI=FFEE  DI=0000          
DS=176C  ES=176C  SS=176C  CS=176C  IP=01EA   NV UP DI PL NZ NA PO NC           
176C:01EA B201          MOV     DL,01                                           

AX=7800  BX=0056  CX=0000  DX=0001  SP=FFEE  BP=0000  SI=FFEE  DI=0000          
DS=176C  ES=176C  SS=176C  CS=176C  IP=01EC   NV UP DI PL NZ NA PO NC           
176C:01EC B301          MOV     BL,01                                           

AX=7800  BX=0001  CX=0000  DX=0001  SP=FFEE  BP=0000  SI=FFEE  DI=0000          
DS=176C  ES=176C  SS=176C  CS=176C  IP=01EE   NV UP DI PL NZ NA PO NC           
176C:01EE F6EB          IMUL    BL                                              

AX=0000  BX=0001  CX=0000  DX=0001  SP=FFEE  BP=0000  SI=FFEE  DI=0000          
DS=176C  ES=176C  SS=176C  CS=176C  IP=01F0   NV UP DI PL ZR NA PE NC           
176C:01F0 55            PUSH    BP                                              

AX=0000  BX=0001  CX=0000  DX=0001  SP=FFEC  BP=0000  SI=FFEE  DI=0000          
DS=176C  ES=176C  SS=176C  CS=176C  IP=01F1   NV UP DI PL ZR NA PE NC           
176C:01F1 55            PUSH    BP                                              

AX=0000  BX=0001  CX=0000  DX=0001  SP=FFEA  BP=0000  SI=FFEE  DI=0000          
DS=176C  ES=176C  SS=176C  CS=176C  IP=01F2   NV UP DI PL ZR NA PE NC           
176C:01F2 9D            POPF                                                    

AX=0000  BX=0001  CX=0000  DX=0001  SP=FFEC  BP=0000  SI=FFEE  DI=0000          
DS=176C  ES=176C  SS=176C  CS=176C  IP=01F3   NV UP DI PL NZ NA PO NC           
176C:01F3 89F4          MOV     SP,SI                                           

AX=0000  BX=0001  CX=0000  DX=0001  SP=FFEE  BP=0000  SI=FFEE  DI=0000          
DS=176C  ES=176C  SS=176C  CS=176C  IP=01F5   NV UP DI PL NZ NA PO NC           
176C:01F5 B8009A        MOV     AX,9A00                                         

AX=9A00  BX=0001  CX=0000  DX=0001  SP=FFEE  BP=0000  SI=FFEE  DI=0000          
DS=176C  ES=176C  SS=176C  CS=176C  IP=01F8   NV UP DI PL NZ NA PO NC           
176C:01F8 BA7B7C        MOV     DX,7C7B                                         

AX=9A00  BX=0001  CX=0000  DX=7C7B  SP=FFEE  BP=0000  SI=FFEE  DI=0000          
DS=176C  ES=176C  SS=176C  CS=176C  IP=01FB   NV UP DI PL NZ NA PO NC           
176C:01FB BB7B7C        MOV     BX,7C7B                                         

AX=9A00  BX=7C7B  CX=0000  DX=7C7B  SP=FFEE  BP=0000  SI=FFEE  DI=0000          
DS=176C  ES=176C  SS=176C  CS=176C  IP=01FE   NV UP DI PL NZ NA PO NC           
176C:01FE F7EB          IMUL    BX                                              

AX=FE00  BX=7C7B  CX=0000  DX=CE66  SP=FFEE  BP=0000  SI=FFEE  DI=0000          
DS=176C  ES=176C  SS=176C  CS=176C  IP=0200   OV UP DI NG NZ NA PE CY           
176C:0200 55            PUSH    BP                                              

AX=FE00  BX=7C7B  CX=0000  DX=CE66  SP=FFEC  BP=0000  SI=FFEE  DI=0000          
DS=176C  ES=176C  SS=176C  CS=176C  IP=0201   OV UP DI NG NZ NA PE CY           
176C:0201 55            PUSH    BP                                              

AX=FE00  BX=7C7B  CX=0000  DX=CE66  SP=FFEA  BP=0000  SI=FFEE  DI=0000          
DS=176C  ES=176C  SS=176C  CS=176C  IP=0202   OV UP DI NG NZ NA PE CY           
176C:0202 9D            POPF                                                    

AX=FE00  BX=7C7B  CX=0000  DX=CE66  SP=FFEC  BP=0000  SI=FFEE  DI=0000          
DS=176C  ES=176C  SS=176C  CS=176C  IP=0203   NV UP DI PL NZ NA PO NC           
176C:0203 89F4          MOV     SP,SI                                           

AX=FE00  BX=7C7B  CX=0000  DX=CE66  SP=FFEE  BP=0000  SI=FFEE  DI=0000          
DS=176C  ES=176C  SS=176C  CS=176C  IP=0205   NV UP DI PL NZ NA PO NC           
176C:0205 B000          MOV     AL,00                                           

AX=FE00  BX=7C7B  CX=0000  DX=CE66  SP=FFEE  BP=0000  SI=FFEE  DI=0000          
DS=176C  ES=176C  SS=176C  CS=176C  IP=0207   NV UP DI PL NZ NA PO NC           
176C:0207 B201          MOV     DL,01                                           

AX=FE00  BX=7C7B  CX=0000  DX=CE01  SP=FFEE  BP=0000  SI=FFEE  DI=0000          
DS=176C  ES=176C  SS=176C  CS=176C  IP=0209   NV UP DI PL NZ NA PO NC           
176C:0209 B301          MOV     BL,01                                           

AX=FE00  BX=7C01  CX=0000  DX=CE01  SP=FFEE  BP=0000  SI=FFEE  DI=0000          
DS=176C  ES=176C  SS=176C  CS=176C  IP=020B   NV UP DI PL NZ NA PO NC           
176C:020B F6E8          IMUL    AL                                              

AX=0000  BX=7C01  CX=0000  DX=CE01  SP=FFEE  BP=0000  SI=FFEE  DI=0000          
DS=176C  ES=176C  SS=176C  CS=176C  IP=020D   NV UP DI PL ZR NA PE NC           
176C:020D 55            PUSH    BP                                              

AX=0000  BX=7C01  CX=0000  DX=CE01  SP=FFEC  BP=0000  SI=FFEE  DI=0000          
DS=176C  ES=176C  SS=176C  CS=176C  IP=020E   NV UP DI PL ZR NA PE NC           
176C:020E 55            PUSH    BP                                              

AX=0000  BX=7C01  CX=0000  DX=CE01  SP=FFEA  BP=0000  SI=FFEE  DI=0000          
DS=176C  ES=176C  SS=176C  CS=176C  IP=020F   NV UP DI PL ZR NA PE NC           
176C:020F 9D            POPF                                                    

AX=0000  BX=7C01  CX=0000  DX=CE01  SP=FFEC  BP=0000  SI=FFEE  DI=0000          
DS=176C  ES=176C  SS=176C  CS=176C  IP=0210   NV UP DI PL NZ NA PO NC           
176C:0210 89F4          MOV     SP,SI                                           

AX=0000  BX=7C01  CX=0000  DX=CE01  SP=FFEE  BP=0000  SI=FFEE  DI=0000          
DS=176C  ES=176C  SS=176C  CS=176C  IP=0212   NV UP DI PL NZ NA PO NC           
176C:0212 B8009A        MOV     AX,9A00                                         

AX=9A00  BX=7C01  CX=0000  DX=CE01  SP=FFEE  BP=0000  SI=FFEE  DI=0000          
DS=176C  ES=176C  SS=176C  CS=176C  IP=0215   NV UP DI PL NZ NA PO NC           
176C:0215 BA7B7C        MOV     DX,7C7B                                         

AX=9A00  BX=7C01  CX=0000  DX=7C7B  SP=FFEE  BP=0000  SI=FFEE  DI=0000          
DS=176C  ES=176C  SS=176C  CS=176C  IP=0218   NV UP DI PL NZ NA PO NC           
176C:0218 BB7B7C        MOV     BX,7C7B                                         

AX=9A00  BX=7C7B  CX=0000  DX=7C7B  SP=FFEE  BP=0000  SI=FFEE  DI=0000          
DS=176C  ES=176C  SS=176C  CS=176C  IP=021B   NV UP DI PL NZ NA PO NC           
176C:021B F7E8          IMUL    AX                                              

AX=0000  BX=7C7B  CX=0000  DX=28A4  SP=FFEE  BP=0000  SI=FFEE  DI=0000          
DS=176C  ES=176C  SS=176C  CS=176C  IP=021D   OV UP DI PL ZR NA PE CY           
176C:021D 55            PUSH    BP                                              

AX=0000  BX=7C7B  CX=0000  DX=28A4  SP=FFEC  BP=0000  SI=FFEE  DI=0000          
DS=176C  ES=176C  SS=176C  CS=176C  IP=021E   OV UP DI PL ZR NA PE CY           
176C:021E 55            PUSH    BP                                              

AX=0000  BX=7C7B  CX=0000  DX=28A4  SP=FFEA  BP=0000  SI=FFEE  DI=0000          
DS=176C  ES=176C  SS=176C  CS=176C  IP=021F   OV UP DI PL ZR NA PE CY           
176C:021F 9D            POPF                                                    

AX=0000  BX=7C7B  CX=0000  DX=28A4  SP=FFEC  BP=0000  SI=FFEE  DI=0000          
DS=176C  ES=176C  SS=176C  CS=176C  IP=0220   NV UP DI PL NZ NA PO NC           
176C:0220 89F4          MOV     SP,SI                                           

AX=0000  BX=7C7B  CX=0000  DX=28A4  SP=FFEE  BP=0000  SI=FFEE  DI=0000          
DS=176C  ES=176C  SS=176C  CS=176C  IP=0222   NV UP DI PL NZ NA PO NC           
176C:0222 B8009A        MOV     AX,9A00                                         

AX=9A00  BX=7C7B  CX=0000  DX=28A4  SP=FFEE  BP=0000  SI=FFEE  DI=0000          
DS=176C  ES=176C  SS=176C  CS=176C  IP=0225   NV UP DI PL NZ NA PO NC           
176C:0225 BA7B00        MOV     DX,007B                                         

AX=9A00  BX=7C7B  CX=0000  DX=007B  SP=FFEE  BP=0000  SI=FFEE  DI=0000          
DS=176C  ES=176C  SS=176C  CS=176C  IP=0228   NV UP DI PL NZ NA PO NC           
176C:0228 BB7B00        MOV     BX,007B                                         

AX=9A00  BX=007B  CX=0000  DX=007B  SP=FFEE  BP=0000  SI=FFEE  DI=0000          
DS=176C  ES=176C  SS=176C  CS=176C  IP=022B   NV UP DI PL NZ NA PO NC           
176C:022B F7E8          IMUL    AX                                              

AX=0000  BX=007B  CX=0000  DX=28A4  SP=FFEE  BP=0000  SI=FFEE  DI=0000          
DS=176C  ES=176C  SS=176C  CS=176C  IP=022D   OV UP DI PL ZR NA PE CY           
176C:022D 55            PUSH    BP                                              

AX=0000  BX=007B  CX=0000  DX=28A4  SP=FFEC  BP=0000  SI=FFEE  DI=0000          
DS=176C  ES=176C  SS=176C  CS=176C  IP=022E   OV UP DI PL ZR NA PE CY           
176C:022E 55            PUSH    BP                                              

AX=0000  BX=007B  CX=0000  DX=28A4  SP=FFEA  BP=0000  SI=FFEE  DI=0000          
DS=176C  ES=176C  SS=176C  CS=176C  IP=022F   OV UP DI PL ZR NA PE CY           
176C:022F 9D            POPF                                                    

AX=0000  BX=007B  CX=0000  DX=28A4  SP=FFEC  BP=0000  SI=FFEE  DI=0000          
DS=176C  ES=176C  SS=176C  CS=176C  IP=0230   NV UP DI PL NZ NA PO NC           
176C:0230 89F4          MOV     SP,SI                                           

AX=0000  BX=007B  CX=0000  DX=28A4  SP=FFEE  BP=0000  SI=FFEE  DI=0000          
DS=176C  ES=176C  SS=176C  CS=176C  IP=0232   NV UP DI PL NZ NA PO NC           
176C:0232 B033          MOV     AL,33                                           

AX=0033  BX=007B  CX=0000  DX=28A4  SP=FFEE  BP=0000  SI=FFEE  DI=0000          
DS=176C  ES=176C  SS=176C  CS=176C  IP=0234   NV UP DI PL NZ NA PO NC           
176C:0234 B244          MOV     DL,44                                           

AX=0033  BX=007B  CX=0000  DX=2844  SP=FFEE  BP=0000  SI=FFEE  DI=0000          
DS=176C  ES=176C  SS=176C  CS=176C  IP=0236   NV UP DI PL NZ NA PO NC           
176C:0236 B344          MOV     BL,44                                           

AX=0033  BX=0044  CX=0000  DX=2844  SP=FFEE  BP=0000  SI=FFEE  DI=0000          
DS=176C  ES=176C  SS=176C  CS=176C  IP=0238   NV UP DI PL NZ NA PO NC           
176C:0238 F6EB          IMUL    BL                                              

AX=0D8C  BX=0044  CX=0000  DX=2844  SP=FFEE  BP=0000  SI=FFEE  DI=0000          
DS=176C  ES=176C  SS=176C  CS=176C  IP=023A   OV UP DI NG NZ NA PO CY           
176C:023A 55            PUSH    BP                                              

AX=0D8C  BX=0044  CX=0000  DX=2844  SP=FFEC  BP=0000  SI=FFEE  DI=0000          
DS=176C  ES=176C  SS=176C  CS=176C  IP=023B   OV UP DI NG NZ NA PO CY           
176C:023B 55            PUSH    BP                                              

AX=0D8C  BX=0044  CX=0000  DX=2844  SP=FFEA  BP=0000  SI=FFEE  DI=0000          
DS=176C  ES=176C  SS=176C  CS=176C  IP=023C   OV UP DI NG NZ NA PO CY           
176C:023C 9D            POPF                                                    

AX=0D8C  BX=0044  CX=0000  DX=2844  SP=FFEC  BP=0000  SI=FFEE  DI=0000          
DS=176C  ES=176C  SS=176C  CS=176C  IP=023D   NV UP DI PL NZ NA PO NC           
176C:023D 89F4          MOV     SP,SI                                           

AX=0D8C  BX=0044  CX=0000  DX=2844  SP=FFEE  BP=0000  SI=FFEE  DI=0000          
DS=176C  ES=176C  SS=176C  CS=176C  IP=023F   NV UP DI PL NZ NA PO NC           
176C:023F B83307        MOV     AX,0733                                         

AX=0733  BX=0044  CX=0000  DX=2844  SP=FFEE  BP=0000  SI=FFEE  DI=0000          
DS=176C  ES=176C  SS=176C  CS=176C  IP=0242   NV UP DI PL NZ NA PO NC           
176C:0242 BA44DE        MOV     DX,DE44                                         

AX=0733  BX=0044  CX=0000  DX=DE44  SP=FFEE  BP=0000  SI=FFEE  DI=0000          
DS=176C  ES=176C  SS=176C  CS=176C  IP=0245   NV UP DI PL NZ NA PO NC           
176C:0245 BB44DE        MOV     BX,DE44                                         

AX=0733  BX=DE44  CX=0000  DX=DE44  SP=FFEE  BP=0000  SI=FFEE  DI=0000          
DS=176C  ES=176C  SS=176C  CS=176C  IP=0248   NV UP DI PL NZ NA PO NC           
176C:0248 F7EB          IMUL    BX                                              

AX=238C  BX=DE44  CX=0000  DX=FF0D  SP=FFEE  BP=0000  SI=FFEE  DI=0000          
DS=176C  ES=176C  SS=176C  CS=176C  IP=024A   OV UP DI PL NZ NA PO CY           
176C:024A 55            PUSH    BP                                              

AX=238C  BX=DE44  CX=0000  DX=FF0D  SP=FFEC  BP=0000  SI=FFEE  DI=0000          
DS=176C  ES=176C  SS=176C  CS=176C  IP=024B   OV UP DI PL NZ NA PO CY           
176C:024B 55            PUSH    BP                                              

AX=238C  BX=DE44  CX=0000  DX=FF0D  SP=FFEA  BP=0000  SI=FFEE  DI=0000          
DS=176C  ES=176C  SS=176C  CS=176C  IP=024C   OV UP DI PL NZ NA PO CY           
176C:024C 9D            POPF                                                    

AX=238C  BX=DE44  CX=0000  DX=FF0D  SP=FFEC  BP=0000  SI=FFEE  DI=0000          
DS=176C  ES=176C  SS=176C  CS=176C  IP=024D   NV UP DI PL NZ NA PO NC           
176C:024D 89F4          MOV     SP,SI                                           

AX=238C  BX=DE44  CX=0000  DX=FF0D  SP=FFEE  BP=0000  SI=FFEE  DI=0000          
DS=176C  ES=176C  SS=176C  CS=176C  IP=024F   NV UP DI PL NZ NA PO NC           
176C:024F B033          MOV     AL,33                                           

AX=2333  BX=DE44  CX=0000  DX=FF0D  SP=FFEE  BP=0000  SI=FFEE  DI=0000          
DS=176C  ES=176C  SS=176C  CS=176C  IP=0251   NV UP DI PL NZ NA PO NC           
176C:0251 B244          MOV     DL,44                                           

AX=2333  BX=DE44  CX=0000  DX=FF44  SP=FFEE  BP=0000  SI=FFEE  DI=0000          
DS=176C  ES=176C  SS=176C  CS=176C  IP=0253   NV UP DI PL NZ NA PO NC           
176C:0253 B344          MOV     BL,44                                           

AX=2333  BX=DE44  CX=0000  DX=FF44  SP=FFEE  BP=0000  SI=FFEE  DI=0000          
DS=176C  ES=176C  SS=176C  CS=176C  IP=0255   NV UP DI PL NZ NA PO NC           
176C:0255 F6E8          IMUL    AL                                              

AX=0A29  BX=DE44  CX=0000  DX=FF44  SP=FFEE  BP=0000  SI=FFEE  DI=0000          
DS=176C  ES=176C  SS=176C  CS=176C  IP=0257   OV UP DI PL NZ NA PO CY           
176C:0257 55            PUSH    BP                                              

AX=0A29  BX=DE44  CX=0000  DX=FF44  SP=FFEC  BP=0000  SI=FFEE  DI=0000          
DS=176C  ES=176C  SS=176C  CS=176C  IP=0258   OV UP DI PL NZ NA PO CY           
176C:0258 55            PUSH    BP                                              

AX=0A29  BX=DE44  CX=0000  DX=FF44  SP=FFEA  BP=0000  SI=FFEE  DI=0000          
DS=176C  ES=176C  SS=176C  CS=176C  IP=0259   OV UP DI PL NZ NA PO CY           
176C:0259 9D            POPF                                                    

AX=0A29  BX=DE44  CX=0000  DX=FF44  SP=FFEC  BP=0000  SI=FFEE  DI=0000          
DS=176C  ES=176C  SS=176C  CS=176C  IP=025A   NV UP DI PL NZ NA PO NC           
176C:025A 89F4          MOV     SP,SI                                           

AX=0A29  BX=DE44  CX=0000  DX=FF44  SP=FFEE  BP=0000  SI=FFEE  DI=0000          
DS=176C  ES=176C  SS=176C  CS=176C  IP=025C   NV UP DI PL NZ NA PO NC           
176C:025C B83307        MOV     AX,0733                                         

AX=0733  BX=DE44  CX=0000  DX=FF44  SP=FFEE  BP=0000  SI=FFEE  DI=0000          
DS=176C  ES=176C  SS=176C  CS=176C  IP=025F   NV UP DI PL NZ NA PO NC           
176C:025F BA44DE        MOV     DX,DE44                                         

AX=0733  BX=DE44  CX=0000  DX=DE44  SP=FFEE  BP=0000  SI=FFEE  DI=0000          
DS=176C  ES=176C  SS=176C  CS=176C  IP=0262   NV UP DI PL NZ NA PO NC           
176C:0262 BB44DE        MOV     BX,DE44                                         

AX=0733  BX=DE44  CX=0000  DX=DE44  SP=FFEE  BP=0000  SI=FFEE  DI=0000          
DS=176C  ES=176C  SS=176C  CS=176C  IP=0265   NV UP DI PL NZ NA PO NC           
176C:0265 F7E8          IMUL    AX                                              

AX=D429  BX=DE44  CX=0000  DX=0033  SP=FFEE  BP=0000  SI=FFEE  DI=0000          
DS=176C  ES=176C  SS=176C  CS=176C  IP=0267   OV UP DI NG NZ NA PO CY           
176C:0267 55            PUSH    BP                                              

AX=D429  BX=DE44  CX=0000  DX=0033  SP=FFEC  BP=0000  SI=FFEE  DI=0000          
DS=176C  ES=176C  SS=176C  CS=176C  IP=0268   OV UP DI NG NZ NA PO CY           
176C:0268 55            PUSH    BP                                              

AX=D429  BX=DE44  CX=0000  DX=0033  SP=FFEA  BP=0000  SI=FFEE  DI=0000          
DS=176C  ES=176C  SS=176C  CS=176C  IP=0269   OV UP DI NG NZ NA PO CY           
176C:0269 9D            POPF                                                    

AX=D429  BX=DE44  CX=0000  DX=0033  SP=FFEC  BP=0000  SI=FFEE  DI=0000          
DS=176C  ES=176C  SS=176C  CS=176C  IP=026A   NV UP DI PL NZ NA PO NC           
176C:026A 89F4          MOV     SP,SI                                           

AX=D429  BX=DE44  CX=0000  DX=0033  SP=FFEE  BP=0000  SI=FFEE  DI=0000          
DS=176C  ES=176C  SS=176C  CS=176C  IP=026C   NV UP DI PL NZ NA PO NC           
176C:026C B83307        MOV     AX,0733                                         

AX=0733  BX=DE44  CX=0000  DX=0033  SP=FFEE  BP=0000  SI=FFEE  DI=0000          
DS=176C  ES=176C  SS=176C  CS=176C  IP=026F   NV UP DI PL NZ NA PO NC           
176C:026F BA4400        MOV     DX,0044                                         

AX=0733  BX=DE44  CX=0000  DX=0044  SP=FFEE  BP=0000  SI=FFEE  DI=0000          
DS=176C  ES=176C  SS=176C  CS=176C  IP=0272   NV UP DI PL NZ NA PO NC           
176C:0272 BB4400        MOV     BX,0044                                         

AX=0733  BX=0044  CX=0000  DX=0044  SP=FFEE  BP=0000  SI=FFEE  DI=0000          
DS=176C  ES=176C  SS=176C  CS=176C  IP=0275   NV UP DI PL NZ NA PO NC           
176C:0275 F7E8          IMUL    AX                                              

AX=D429  BX=0044  CX=0000  DX=0033  SP=FFEE  BP=0000  SI=FFEE  DI=0000          
DS=176C  ES=176C  SS=176C  CS=176C  IP=0277   OV UP DI NG NZ NA PO CY           
176C:0277 55            PUSH    BP                                              

AX=D429  BX=0044  CX=0000  DX=0033  SP=FFEC  BP=0000  SI=FFEE  DI=0000          
DS=176C  ES=176C  SS=176C  CS=176C  IP=0278   OV UP DI NG NZ NA PO CY           
176C:0278 55            PUSH    BP                                              

AX=D429  BX=0044  CX=0000  DX=0033  SP=FFEA  BP=0000  SI=FFEE  DI=0000          
DS=176C  ES=176C  SS=176C  CS=176C  IP=0279   OV UP DI NG NZ NA PO CY           
176C:0279 9D            POPF                                                    

AX=D429  BX=0044  CX=0000  DX=0033  SP=FFEC  BP=0000  SI=FFEE  DI=0000          
DS=176C  ES=176C  SS=176C  CS=176C  IP=027A   NV UP DI PL NZ NA PO NC           
176C:027A 89F4          MOV     SP,SI                                           

AX=D429  BX=0044  CX=0000  DX=0033  SP=FFEE  BP=0000  SI=FFEE  DI=0000          
DS=176C  ES=176C  SS=176C  CS=176C  IP=027C   NV UP DI PL NZ NA PO NC           
176C:027C B0B0          MOV     AL,B0                                           

AX=D4B0  BX=0044  CX=0000  DX=0033  SP=FFEE  BP=0000  SI=FFEE  DI=0000          
DS=176C  ES=176C  SS=176C  CS=176C  IP=027E   NV UP DI PL NZ NA PO NC           
176C:027E B277          MOV     DL,77                                           

AX=D4B0  BX=0044  CX=0000  DX=0077  SP=FFEE  BP=0000  SI=FFEE  DI=0000          
DS=176C  ES=176C  SS=176C  CS=176C  IP=0280   NV UP DI PL NZ NA PO NC           
176C:0280 B377          MOV     BL,77                                           

AX=D4B0  BX=0077  CX=0000  DX=0077  SP=FFEE  BP=0000  SI=FFEE  DI=0000          
DS=176C  ES=176C  SS=176C  CS=176C  IP=0282   NV UP DI PL NZ NA PO NC           
176C:0282 F6EB          IMUL    BL                                              

AX=DAD0  BX=0077  CX=0000  DX=0077  SP=FFEE  BP=0000  SI=FFEE  DI=0000          
DS=176C  ES=176C  SS=176C  CS=176C  IP=0284   OV UP DI NG NZ NA PO CY           
176C:0284 55            PUSH    BP                                              

AX=DAD0  BX=0077  CX=0000  DX=0077  SP=FFEC  BP=0000  SI=FFEE  DI=0000          
DS=176C  ES=176C  SS=176C  CS=176C  IP=0285   OV UP DI NG NZ NA PO CY           
176C:0285 55            PUSH    BP                                              

AX=DAD0  BX=0077  CX=0000  DX=0077  SP=FFEA  BP=0000  SI=FFEE  DI=0000          
DS=176C  ES=176C  SS=176C  CS=176C  IP=0286   OV UP DI NG NZ NA PO CY           
176C:0286 9D            POPF                                                    

AX=DAD0  BX=0077  CX=0000  DX=0077  SP=FFEC  BP=0000  SI=FFEE  DI=0000          
DS=176C  ES=176C  SS=176C  CS=176C  IP=0287   NV UP DI PL NZ NA PO NC           
176C:0287 89F4          MOV     SP,SI                                           

AX=DAD0  BX=0077  CX=0000  DX=0077  SP=FFEE  BP=0000  SI=FFEE  DI=0000          
DS=176C  ES=176C  SS=176C  CS=176C  IP=0289   NV UP DI PL NZ NA PO NC           
176C:0289 B8B02D        MOV     AX,2DB0                                         

AX=2DB0  BX=0077  CX=0000  DX=0077  SP=FFEE  BP=0000  SI=FFEE  DI=0000          
DS=176C  ES=176C  SS=176C  CS=176C  IP=028C   NV UP DI PL NZ NA PO NC           
176C:028C BA7776        MOV     DX,7677                                         

AX=2DB0  BX=0077  CX=0000  DX=7677  SP=FFEE  BP=0000  SI=FFEE  DI=0000          
DS=176C  ES=176C  SS=176C  CS=176C  IP=028F   NV UP DI PL NZ NA PO NC           
176C:028F BB7776        MOV     BX,7677                                         

AX=2DB0  BX=7677  CX=0000  DX=7677  SP=FFEE  BP=0000  SI=FFEE  DI=0000          
DS=176C  ES=176C  SS=176C  CS=176C  IP=0292   NV UP DI PL NZ NA PO NC           
176C:0292 F7EB          IMUL    BX                                              

AX=5CD0  BX=7677  CX=0000  DX=1524  SP=FFEE  BP=0000  SI=FFEE  DI=0000          
DS=176C  ES=176C  SS=176C  CS=176C  IP=0294   OV UP DI PL NZ NA PO CY           
176C:0294 55            PUSH    BP                                              

AX=5CD0  BX=7677  CX=0000  DX=1524  SP=FFEC  BP=0000  SI=FFEE  DI=0000          
DS=176C  ES=176C  SS=176C  CS=176C  IP=0295   OV UP DI PL NZ NA PO CY           
176C:0295 55            PUSH    BP                                              

AX=5CD0  BX=7677  CX=0000  DX=1524  SP=FFEA  BP=0000  SI=FFEE  DI=0000          
DS=176C  ES=176C  SS=176C  CS=176C  IP=0296   OV UP DI PL NZ NA PO CY           
176C:0296 9D            POPF                                                    

AX=5CD0  BX=7677  CX=0000  DX=1524  SP=FFEC  BP=0000  SI=FFEE  DI=0000          
DS=176C  ES=176C  SS=176C  CS=176C  IP=0297   NV UP DI PL NZ NA PO NC           
176C:0297 89F4          MOV     SP,SI                                           

AX=5CD0  BX=7677  CX=0000  DX=1524  SP=FFEE  BP=0000  SI=FFEE  DI=0000          
DS=176C  ES=176C  SS=176C  CS=176C  IP=0299   NV UP DI PL NZ NA PO NC           
176C:0299 B0B0          MOV     AL,B0                                           

AX=5CB0  BX=7677  CX=0000  DX=1524  SP=FFEE  BP=0000  SI=FFEE  DI=0000          
DS=176C  ES=176C  SS=176C  CS=176C  IP=029B   NV UP DI PL NZ NA PO NC           
176C:029B B277          MOV     DL,77                                           

AX=5CB0  BX=7677  CX=0000  DX=1577  SP=FFEE  BP=0000  SI=FFEE  DI=0000          
DS=176C  ES=176C  SS=176C  CS=176C  IP=029D   NV UP DI PL NZ NA PO NC           
176C:029D B377          MOV     BL,77                                           

AX=5CB0  BX=7677  CX=0000  DX=1577  SP=FFEE  BP=0000  SI=FFEE  DI=0000          
DS=176C  ES=176C  SS=176C  CS=176C  IP=029F   NV UP DI PL NZ NA PO NC           
176C:029F F6E8          IMUL    AL                                              

AX=1900  BX=7677  CX=0000  DX=1577  SP=FFEE  BP=0000  SI=FFEE  DI=0000          
DS=176C  ES=176C  SS=176C  CS=176C  IP=02A1   OV UP DI PL ZR NA PE CY           
176C:02A1 55            PUSH    BP                                              

AX=1900  BX=7677  CX=0000  DX=1577  SP=FFEC  BP=0000  SI=FFEE  DI=0000          
DS=176C  ES=176C  SS=176C  CS=176C  IP=02A2   OV UP DI PL ZR NA PE CY           
176C:02A2 55            PUSH    BP                                              

AX=1900  BX=7677  CX=0000  DX=1577  SP=FFEA  BP=0000  SI=FFEE  DI=0000          
DS=176C  ES=176C  SS=176C  CS=176C  IP=02A3   OV UP DI PL ZR NA PE CY           
176C:02A3 9D            POPF                                                    

AX=1900  BX=7677  CX=0000  DX=1577  SP=FFEC  BP=0000  SI=FFEE  DI=0000          
DS=176C  ES=176C  SS=176C  CS=176C  IP=02A4   NV UP DI PL NZ NA PO NC           
176C:02A4 89F4          MOV     SP,SI                                           

AX=1900  BX=7677  CX=0000  DX=1577  SP=FFEE  BP=0000  SI=FFEE  DI=0000          
DS=176C  ES=176C  SS=176C  CS=176C  IP=02A6   NV UP DI PL NZ NA PO NC           
176C:02A6 B8B02D        MOV     AX,2DB0                                         

AX=2DB0  BX=7677  CX=0000  DX=1577  SP=FFEE  BP=0000  SI=FFEE  DI=0000          
DS=176C  ES=176C  SS=176C  CS=176C  IP=02A9   NV UP DI PL NZ NA PO NC           
176C:02A9 BA7776        MOV     DX,7677                                         

AX=2DB0  BX=7677  CX=0000  DX=7677  SP=FFEE  BP=0000  SI=FFEE  DI=0000          
DS=176C  ES=176C  SS=176C  CS=176C  IP=02AC   NV UP DI PL NZ NA PO NC           
176C:02AC BB7776        MOV     BX,7677                                         

AX=2DB0  BX=7677  CX=0000  DX=7677  SP=FFEE  BP=0000  SI=FFEE  DI=0000          
DS=176C  ES=176C  SS=176C  CS=176C  IP=02AF   NV UP DI PL NZ NA PO NC           
176C:02AF F7E8          IMUL    AX                                              

AX=5900  BX=7677  CX=0000  DX=0827  SP=FFEE  BP=0000  SI=FFEE  DI=0000          
DS=176C  ES=176C  SS=176C  CS=176C  IP=02B1   OV UP DI PL NZ NA PE CY           
176C:02B1 55            PUSH    BP                                              

AX=5900  BX=7677  CX=0000  DX=0827  SP=FFEC  BP=0000  SI=FFEE  DI=0000          
DS=176C  ES=176C  SS=176C  CS=176C  IP=02B2   OV UP DI PL NZ NA PE CY           
176C:02B2 55            PUSH    BP                                              

AX=5900  BX=7677  CX=0000  DX=0827  SP=FFEA  BP=0000  SI=FFEE  DI=0000          
DS=176C  ES=176C  SS=176C  CS=176C  IP=02B3   OV UP DI PL NZ NA PE CY           
176C:02B3 9D            POPF                                                    

AX=5900  BX=7677  CX=0000  DX=0827  SP=FFEC  BP=0000  SI=FFEE  DI=0000          
DS=176C  ES=176C  SS=176C  CS=176C  IP=02B4   NV UP DI PL NZ NA PO NC           
176C:02B4 89F4          MOV     SP,SI                                           

AX=5900  BX=7677  CX=0000  DX=0827  SP=FFEE  BP=0000  SI=FFEE  DI=0000          
DS=176C  ES=176C  SS=176C  CS=176C  IP=02B6   NV UP DI PL NZ NA PO NC           
176C:02B6 B8B02D        MOV     AX,2DB0                                         

AX=2DB0  BX=7677  CX=0000  DX=0827  SP=FFEE  BP=0000  SI=FFEE  DI=0000          
DS=176C  ES=176C  SS=176C  CS=176C  IP=02B9   NV UP DI PL NZ NA PO NC           
176C:02B9 BA7700        MOV     DX,0077                                         

AX=2DB0  BX=7677  CX=0000  DX=0077  SP=FFEE  BP=0000  SI=FFEE  DI=0000          
DS=176C  ES=176C  SS=176C  CS=176C  IP=02BC   NV UP DI PL NZ NA PO NC           
176C:02BC BB7700        MOV     BX,0077                                         

AX=2DB0  BX=0077  CX=0000  DX=0077  SP=FFEE  BP=0000  SI=FFEE  DI=0000          
DS=176C  ES=176C  SS=176C  CS=176C  IP=02BF   NV UP DI PL NZ NA PO NC           
176C:02BF F7E8          IMUL    AX                                              

AX=5900  BX=0077  CX=0000  DX=0827  SP=FFEE  BP=0000  SI=FFEE  DI=0000          
DS=176C  ES=176C  SS=176C  CS=176C  IP=02C1   OV UP DI PL NZ NA PE CY           
176C:02C1 55            PUSH    BP                                              

AX=5900  BX=0077  CX=0000  DX=0827  SP=FFEC  BP=0000  SI=FFEE  DI=0000          
DS=176C  ES=176C  SS=176C  CS=176C  IP=02C2   OV UP DI PL NZ NA PE CY           
176C:02C2 55            PUSH    BP                                              

AX=5900  BX=0077  CX=0000  DX=0827  SP=FFEA  BP=0000  SI=FFEE  DI=0000          
DS=176C  ES=176C  SS=176C  CS=176C  IP=02C3   OV UP DI PL NZ NA PE CY           
176C:02C3 9D            POPF                                                    

AX=5900  BX=0077  CX=0000  DX=0827  SP=FFEC  BP=0000  SI=FFEE  DI=0000          
DS=176C  ES=176C  SS=176C  CS=176C  IP=02C4   NV UP DI PL NZ NA PO NC           
176C:02C4 89F4          MOV     SP,SI                                           

AX=5900  BX=0077  CX=0000  DX=0827  SP=FFEE  BP=0000  SI=FFEE  DI=0000          
DS=176C  ES=176C  SS=176C  CS=176C  IP=02C6   NV UP DI PL NZ NA PO NC           
176C:02C6 B07B          MOV     AL,7B                                           

AX=597B  BX=0077  CX=0000  DX=0827  SP=FFEE  BP=0000  SI=FFEE  DI=0000          
DS=176C  ES=176C  SS=176C  CS=176C  IP=02C8   NV UP DI PL NZ NA PO NC           
176C:02C8 B205          MOV     DL,05                                           

AX=597B  BX=0077  CX=0000  DX=0805  SP=FFEE  BP=0000  SI=FFEE  DI=0000          
DS=176C  ES=176C  SS=176C  CS=176C  IP=02CA   NV UP DI PL NZ NA PO NC           
176C:02CA B305          MOV     BL,05                                           

AX=597B  BX=0005  CX=0000  DX=0805  SP=FFEE  BP=0000  SI=FFEE  DI=0000          
DS=176C  ES=176C  SS=176C  CS=176C  IP=02CC   NV UP DI PL NZ NA PO NC           
176C:02CC F6EB          IMUL    BL                                              

AX=0267  BX=0005  CX=0000  DX=0805  SP=FFEE  BP=0000  SI=FFEE  DI=0000          
DS=176C  ES=176C  SS=176C  CS=176C  IP=02CE   OV UP DI PL NZ NA PO CY           
176C:02CE 55            PUSH    BP                                              

AX=0267  BX=0005  CX=0000  DX=0805  SP=FFEC  BP=0000  SI=FFEE  DI=0000          
DS=176C  ES=176C  SS=176C  CS=176C  IP=02CF   OV UP DI PL NZ NA PO CY           
176C:02CF 55            PUSH    BP                                              

AX=0267  BX=0005  CX=0000  DX=0805  SP=FFEA  BP=0000  SI=FFEE  DI=0000          
DS=176C  ES=176C  SS=176C  CS=176C  IP=02D0   OV UP DI PL NZ NA PO CY           
176C:02D0 9D            POPF                                                    

AX=0267  BX=0005  CX=0000  DX=0805  SP=FFEC  BP=0000  SI=FFEE  DI=0000          
DS=176C  ES=176C  SS=176C  CS=176C  IP=02D1   NV UP DI PL NZ NA PO NC           
176C:02D1 89F4          MOV     SP,SI                                           

AX=0267  BX=0005  CX=0000  DX=0805  SP=FFEE  BP=0000  SI=FFEE  DI=0000          
DS=176C  ES=176C  SS=176C  CS=176C  IP=02D3   NV UP DI PL NZ NA PO NC           
176C:02D3 B87BA5        MOV     AX,A57B                                         

AX=A57B  BX=0005  CX=0000  DX=0805  SP=FFEE  BP=0000  SI=FFEE  DI=0000          
DS=176C  ES=176C  SS=176C  CS=176C  IP=02D6   NV UP DI PL NZ NA PO NC           
176C:02D6 BA057A        MOV     DX,7A05                                         

AX=A57B  BX=0005  CX=0000  DX=7A05  SP=FFEE  BP=0000  SI=FFEE  DI=0000          
DS=176C  ES=176C  SS=176C  CS=176C  IP=02D9   NV UP DI PL NZ NA PO NC           
176C:02D9 BB057A        MOV     BX,7A05                                         

AX=A57B  BX=7A05  CX=0000  DX=7A05  SP=FFEE  BP=0000  SI=FFEE  DI=0000          
DS=176C  ES=176C  SS=176C  CS=176C  IP=02DC   NV UP DI PL NZ NA PO NC           
176C:02DC F7EB          IMUL    BX                                              

AX=D967  BX=7A05  CX=0000  DX=D4DA  SP=FFEE  BP=0000  SI=FFEE  DI=0000          
DS=176C  ES=176C  SS=176C  CS=176C  IP=02DE   OV UP DI NG NZ NA PO CY           
176C:02DE 55            PUSH    BP                                              

AX=D967  BX=7A05  CX=0000  DX=D4DA  SP=FFEC  BP=0000  SI=FFEE  DI=0000          
DS=176C  ES=176C  SS=176C  CS=176C  IP=02DF   OV UP DI NG NZ NA PO CY           
176C:02DF 55            PUSH    BP                                              

AX=D967  BX=7A05  CX=0000  DX=D4DA  SP=FFEA  BP=0000  SI=FFEE  DI=0000          
DS=176C  ES=176C  SS=176C  CS=176C  IP=02E0   OV UP DI NG NZ NA PO CY           
176C:02E0 9D            POPF                                                    

AX=D967  BX=7A05  CX=0000  DX=D4DA  SP=FFEC  BP=0000  SI=FFEE  DI=0000          
DS=176C  ES=176C  SS=176C  CS=176C  IP=02E1   NV UP DI PL NZ NA PO NC           
176C:02E1 89F4          MOV     SP,SI                                           

AX=D967  BX=7A05  CX=0000  DX=D4DA  SP=FFEE  BP=0000  SI=FFEE  DI=0000          
DS=176C  ES=176C  SS=176C  CS=176C  IP=02E3   NV UP DI PL NZ NA PO NC           
176C:02E3 B07B          MOV     AL,7B                                           

AX=D97B  BX=7A05  CX=0000  DX=D4DA  SP=FFEE  BP=0000  SI=FFEE  DI=0000          
DS=176C  ES=176C  SS=176C  CS=176C  IP=02E5   NV UP DI PL NZ NA PO NC           
176C:02E5 B205          MOV     DL,05                                           

AX=D97B  BX=7A05  CX=0000  DX=D405  SP=FFEE  BP=0000  SI=FFEE  DI=0000          
DS=176C  ES=176C  SS=176C  CS=176C  IP=02E7   NV UP DI PL NZ NA PO NC           
176C:02E7 B305          MOV     BL,05                                           

AX=D97B  BX=7A05  CX=0000  DX=D405  SP=FFEE  BP=0000  SI=FFEE  DI=0000          
DS=176C  ES=176C  SS=176C  CS=176C  IP=02E9   NV UP DI PL NZ NA PO NC           
176C:02E9 F6E8          IMUL    AL                                              

AX=3B19  BX=7A05  CX=0000  DX=D405  SP=FFEE  BP=0000  SI=FFEE  DI=0000          
DS=176C  ES=176C  SS=176C  CS=176C  IP=02EB   OV UP DI PL NZ NA PO CY           
176C:02EB 55            PUSH    BP                                              

AX=3B19  BX=7A05  CX=0000  DX=D405  SP=FFEC  BP=0000  SI=FFEE  DI=0000          
DS=176C  ES=176C  SS=176C  CS=176C  IP=02EC   OV UP DI PL NZ NA PO CY           
176C:02EC 55            PUSH    BP                                              

AX=3B19  BX=7A05  CX=0000  DX=D405  SP=FFEA  BP=0000  SI=FFEE  DI=0000          
DS=176C  ES=176C  SS=176C  CS=176C  IP=02ED   OV UP DI PL NZ NA PO CY           
176C:02ED 9D            POPF                                                    

AX=3B19  BX=7A05  CX=0000  DX=D405  SP=FFEC  BP=0000  SI=FFEE  DI=0000          
DS=176C  ES=176C  SS=176C  CS=176C  IP=02EE   NV UP DI PL NZ NA PO NC           
176C:02EE 89F4          MOV     SP,SI                                           

AX=3B19  BX=7A05  CX=0000  DX=D405  SP=FFEE  BP=0000  SI=FFEE  DI=0000          
DS=176C  ES=176C  SS=176C  CS=176C  IP=02F0   NV UP DI PL NZ NA PO NC           
176C:02F0 B87BA5        MOV     AX,A57B                                         

AX=A57B  BX=7A05  CX=0000  DX=D405  SP=FFEE  BP=0000  SI=FFEE  DI=0000          
DS=176C  ES=176C  SS=176C  CS=176C  IP=02F3   NV UP DI PL NZ NA PO NC           
176C:02F3 BA057A        MOV     DX,7A05                                         

AX=A57B  BX=7A05  CX=0000  DX=7A05  SP=FFEE  BP=0000  SI=FFEE  DI=0000          
DS=176C  ES=176C  SS=176C  CS=176C  IP=02F6   NV UP DI PL NZ NA PO NC           
176C:02F6 BB057A        MOV     BX,7A05                                         

AX=A57B  BX=7A05  CX=0000  DX=7A05  SP=FFEE  BP=0000  SI=FFEE  DI=0000          
DS=176C  ES=176C  SS=176C  CS=176C  IP=02F9   NV UP DI PL NZ NA PO NC           
176C:02F9 F7E8          IMUL    AX                                              

AX=C919  BX=7A05  CX=0000  DX=2001  SP=FFEE  BP=0000  SI=FFEE  DI=0000          
DS=176C  ES=176C  SS=176C  CS=176C  IP=02FB   OV UP DI NG NZ NA PO CY           
176C:02FB 55            PUSH    BP                                              

AX=C919  BX=7A05  CX=0000  DX=2001  SP=FFEC  BP=0000  SI=FFEE  DI=0000          
DS=176C  ES=176C  SS=176C  CS=176C  IP=02FC   OV UP DI NG NZ NA PO CY           
176C:02FC 55            PUSH    BP                                              

AX=C919  BX=7A05  CX=0000  DX=2001  SP=FFEA  BP=0000  SI=FFEE  DI=0000          
DS=176C  ES=176C  SS=176C  CS=176C  IP=02FD   OV UP DI NG NZ NA PO CY           
176C:02FD 9D            POPF                                                    

AX=C919  BX=7A05  CX=0000  DX=2001  SP=FFEC  BP=0000  SI=FFEE  DI=0000          
DS=176C  ES=176C  SS=176C  CS=176C  IP=02FE   NV UP DI PL NZ NA PO NC           
176C:02FE 89F4          MOV     SP,SI                                           

AX=C919  BX=7A05  CX=0000  DX=2001  SP=FFEE  BP=0000  SI=FFEE  DI=0000          
DS=176C  ES=176C  SS=176C  CS=176C  IP=0300   NV UP DI PL NZ NA PO NC           
176C:0300 B87BA5        MOV     AX,A57B                                         

AX=A57B  BX=7A05  CX=0000  DX=2001  SP=FFEE  BP=0000  SI=FFEE  DI=0000          
DS=176C  ES=176C  SS=176C  CS=176C  IP=0303   NV UP DI PL NZ NA PO NC           
176C:0303 BA0500        MOV     DX,0005                                         

AX=A57B  BX=7A05  CX=0000  DX=0005  SP=FFEE  BP=0000  SI=FFEE  DI=0000          
DS=176C  ES=176C  SS=176C  CS=176C  IP=0306   NV UP DI PL NZ NA PO NC           
176C:0306 BB0500        MOV     BX,0005                                         

AX=A57B  BX=0005  CX=0000  DX=0005  SP=FFEE  BP=0000  SI=FFEE  DI=0000          
DS=176C  ES=176C  SS=176C  CS=176C  IP=0309   NV UP DI PL NZ NA PO NC           
176C:0309 F7E8          IMUL    AX                                              

AX=C919  BX=0005  CX=0000  DX=2001  SP=FFEE  BP=0000  SI=FFEE  DI=0000          
DS=176C  ES=176C  SS=176C  CS=176C  IP=030B   OV UP DI NG NZ NA PO CY           
176C:030B 55            PUSH    BP                                              

AX=C919  BX=0005  CX=0000  DX=2001  SP=FFEC  BP=0000  SI=FFEE  DI=0000          
DS=176C  ES=176C  SS=176C  CS=176C  IP=030C   OV UP DI NG NZ NA PO CY           
176C:030C 55            PUSH    BP                                              

AX=C919  BX=0005  CX=0000  DX=2001  SP=FFEA  BP=0000  SI=FFEE  DI=0000          
DS=176C  ES=176C  SS=176C  CS=176C  IP=030D   OV UP DI NG NZ NA PO CY           
176C:030D 9D            POPF                                                    

AX=C919  BX=0005  CX=0000  DX=2001  SP=FFEC  BP=0000  SI=FFEE  DI=0000          
DS=176C  ES=176C  SS=176C  CS=176C  IP=030E   NV UP DI PL NZ NA PO NC           
176C:030E 89F4          MOV     SP,SI                                           

AX=C919  BX=0005  CX=0000  DX=2001  SP=FFEE  BP=0000  SI=FFEE  DI=0000          
DS=176C  ES=176C  SS=176C  CS=176C  IP=0310   NV UP DI PL NZ NA PO NC           
176C:0310 B0AC          MOV     AL,AC                                           

AX=C9AC  BX=0005  CX=0000  DX=2001  SP=FFEE  BP=0000  SI=FFEE  DI=0000          
DS=176C  ES=176C  SS=176C  CS=176C  IP=0312   NV UP DI PL NZ NA PO NC           
176C:0312 B250          MOV     DL,50                                           

AX=C9AC  BX=0005  CX=0000  DX=2050  SP=FFEE  BP=0000  SI=FFEE  DI=0000          
DS=176C  ES=176C  SS=176C  CS=176C  IP=0314   NV UP DI PL NZ NA PO NC           
176C:0314 B350          MOV     BL,50                                           

AX=C9AC  BX=0050  CX=0000  DX=2050  SP=FFEE  BP=0000  SI=FFEE  DI=0000          
DS=176C  ES=176C  SS=176C  CS=176C  IP=0316   NV UP DI PL NZ NA PO NC           
176C:0316 F6EB          IMUL    BL                                              

AX=E5C0  BX=0050  CX=0000  DX=2050  SP=FFEE  BP=0000  SI=FFEE  DI=0000          
DS=176C  ES=176C  SS=176C  CS=176C  IP=0318   OV UP DI NG NZ NA PE CY           
176C:0318 55            PUSH    BP                                              

AX=E5C0  BX=0050  CX=0000  DX=2050  SP=FFEC  BP=0000  SI=FFEE  DI=0000          
DS=176C  ES=176C  SS=176C  CS=176C  IP=0319   OV UP DI NG NZ NA PE CY           
176C:0319 55            PUSH    BP                                              

AX=E5C0  BX=0050  CX=0000  DX=2050  SP=FFEA  BP=0000  SI=FFEE  DI=0000          
DS=176C  ES=176C  SS=176C  CS=176C  IP=031A   OV UP DI NG NZ NA PE CY           
176C:031A 9D            POPF                                                    

AX=E5C0  BX=0050  CX=0000  DX=2050  SP=FFEC  BP=0000  SI=FFEE  DI=0000          
DS=176C  ES=176C  SS=176C  CS=176C  IP=031B   NV UP DI PL NZ NA PO NC           
176C:031B 89F4          MOV     SP,SI                                           

AX=E5C0  BX=0050  CX=0000  DX=2050  SP=FFEE  BP=0000  SI=FFEE  DI=0000          
DS=176C  ES=176C  SS=176C  CS=176C  IP=031D   NV UP DI PL NZ NA PO NC           
176C:031D B8ACAF        MOV     AX,AFAC                                         

AX=AFAC  BX=0050  CX=0000  DX=2050  SP=FFEE  BP=0000  SI=FFEE  DI=0000          
DS=176C  ES=176C  SS=176C  CS=176C  IP=0320   NV UP DI PL NZ NA PO NC           
176C:0320 BA5036        MOV     DX,3650                                         

AX=AFAC  BX=0050  CX=0000  DX=3650  SP=FFEE  BP=0000  SI=FFEE  DI=0000          
DS=176C  ES=176C  SS=176C  CS=176C  IP=0323   NV UP DI PL NZ NA PO NC           
176C:0323 BB5036        MOV     BX,3650                                         

AX=AFAC  BX=3650  CX=0000  DX=3650  SP=FFEE  BP=0000  SI=FFEE  DI=0000          
DS=176C  ES=176C  SS=176C  CS=176C  IP=0326   NV UP DI PL NZ NA PO NC           
176C:0326 F7EB          IMUL    BX                                              

AX=2DC0  BX=3650  CX=0000  DX=EEF5  SP=FFEE  BP=0000  SI=FFEE  DI=0000          
DS=176C  ES=176C  SS=176C  CS=176C  IP=0328   OV UP DI PL NZ NA PE CY           
176C:0328 55            PUSH    BP                                              

AX=2DC0  BX=3650  CX=0000  DX=EEF5  SP=FFEC  BP=0000  SI=FFEE  DI=0000          
DS=176C  ES=176C  SS=176C  CS=176C  IP=0329   OV UP DI PL NZ NA PE CY           
176C:0329 55            PUSH    BP                                              

AX=2DC0  BX=3650  CX=0000  DX=EEF5  SP=FFEA  BP=0000  SI=FFEE  DI=0000          
DS=176C  ES=176C  SS=176C  CS=176C  IP=032A   OV UP DI PL NZ NA PE CY           
176C:032A 9D            POPF                                                    

AX=2DC0  BX=3650  CX=0000  DX=EEF5  SP=FFEC  BP=0000  SI=FFEE  DI=0000          
DS=176C  ES=176C  SS=176C  CS=176C  IP=032B   NV UP DI PL NZ NA PO NC           
176C:032B 89F4          MOV     SP,SI                                           

AX=2DC0  BX=3650  CX=0000  DX=EEF5  SP=FFEE  BP=0000  SI=FFEE  DI=0000          
DS=176C  ES=176C  SS=176C  CS=176C  IP=032D   NV UP DI PL NZ NA PO NC           
176C:032D B0AC          MOV     AL,AC                                           

AX=2DAC  BX=3650  CX=0000  DX=EEF5  SP=FFEE  BP=0000  SI=FFEE  DI=0000          
DS=176C  ES=176C  SS=176C  CS=176C  IP=032F   NV UP DI PL NZ NA PO NC           
176C:032F B250          MOV     DL,50                                           

AX=2DAC  BX=3650  CX=0000  DX=EE50  SP=FFEE  BP=0000  SI=FFEE  DI=0000          
DS=176C  ES=176C  SS=176C  CS=176C  IP=0331   NV UP DI PL NZ NA PO NC           
176C:0331 B350          MOV     BL,50                                           

AX=2DAC  BX=3650  CX=0000  DX=EE50  SP=FFEE  BP=0000  SI=FFEE  DI=0000          
DS=176C  ES=176C  SS=176C  CS=176C  IP=0333   NV UP DI PL NZ NA PO NC           
176C:0333 F6E8          IMUL    AL                                              

AX=1B90  BX=3650  CX=0000  DX=EE50  SP=FFEE  BP=0000  SI=FFEE  DI=0000          
DS=176C  ES=176C  SS=176C  CS=176C  IP=0335   OV UP DI NG NZ NA PE CY           
176C:0335 55            PUSH    BP                                              

AX=1B90  BX=3650  CX=0000  DX=EE50  SP=FFEC  BP=0000  SI=FFEE  DI=0000          
DS=176C  ES=176C  SS=176C  CS=176C  IP=0336   OV UP DI NG NZ NA PE CY           
176C:0336 55            PUSH    BP                                              

AX=1B90  BX=3650  CX=0000  DX=EE50  SP=FFEA  BP=0000  SI=FFEE  DI=0000          
DS=176C  ES=176C  SS=176C  CS=176C  IP=0337   OV UP DI NG NZ NA PE CY           
176C:0337 9D            POPF                                                    

AX=1B90  BX=3650  CX=0000  DX=EE50  SP=FFEC  BP=0000  SI=FFEE  DI=0000          
DS=176C  ES=176C  SS=176C  CS=176C  IP=0338   NV UP DI PL NZ NA PO NC           
176C:0338 89F4          MOV     SP,SI                                           

AX=1B90  BX=3650  CX=0000  DX=EE50  SP=FFEE  BP=0000  SI=FFEE  DI=0000          
DS=176C  ES=176C  SS=176C  CS=176C  IP=033A   NV UP DI PL NZ NA PO NC           
176C:033A B8ACAF        MOV     AX,AFAC                                         

AX=AFAC  BX=3650  CX=0000  DX=EE50  SP=FFEE  BP=0000  SI=FFEE  DI=0000          
DS=176C  ES=176C  SS=176C  CS=176C  IP=033D   NV UP DI PL NZ NA PO NC           
176C:033D BA5036        MOV     DX,3650                                         

AX=AFAC  BX=3650  CX=0000  DX=3650  SP=FFEE  BP=0000  SI=FFEE  DI=0000          
DS=176C  ES=176C  SS=176C  CS=176C  IP=0340   NV UP DI PL NZ NA PO NC           
176C:0340 BB5036        MOV     BX,3650                                         

AX=AFAC  BX=3650  CX=0000  DX=3650  SP=FFEE  BP=0000  SI=FFEE  DI=0000          
DS=176C  ES=176C  SS=176C  CS=176C  IP=0343   NV UP DI PL NZ NA PO NC           
176C:0343 F7E8          IMUL    AX                                              

AX=9B90  BX=3650  CX=0000  DX=1934  SP=FFEE  BP=0000  SI=FFEE  DI=0000          
DS=176C  ES=176C  SS=176C  CS=176C  IP=0345   OV UP DI NG NZ NA PE CY           
176C:0345 55            PUSH    BP                                              

AX=9B90  BX=3650  CX=0000  DX=1934  SP=FFEC  BP=0000  SI=FFEE  DI=0000          
DS=176C  ES=176C  SS=176C  CS=176C  IP=0346   OV UP DI NG NZ NA PE CY           
176C:0346 55            PUSH    BP                                              

AX=9B90  BX=3650  CX=0000  DX=1934  SP=FFEA  BP=0000  SI=FFEE  DI=0000          
DS=176C  ES=176C  SS=176C  CS=176C  IP=0347   OV UP DI NG NZ NA PE CY           
176C:0347 9D            POPF                                                    

AX=9B90  BX=3650  CX=0000  DX=1934  SP=FFEC  BP=0000  SI=FFEE  DI=0000          
DS=176C  ES=176C  SS=176C  CS=176C  IP=0348   NV UP DI PL NZ NA PO NC           
176C:0348 89F4          MOV     SP,SI                                           

AX=9B90  BX=3650  CX=0000  DX=1934  SP=FFEE  BP=0000  SI=FFEE  DI=0000          
DS=176C  ES=176C  SS=176C  CS=176C  IP=034A   NV UP DI PL NZ NA PO NC           
176C:034A B8ACAF        MOV     AX,AFAC                                         

AX=AFAC  BX=3650  CX=0000  DX=1934  SP=FFEE  BP=0000  SI=FFEE  DI=0000          
DS=176C  ES=176C  SS=176C  CS=176C  IP=034D   NV UP DI PL NZ NA PO NC           
176C:034D BA5000        MOV     DX,0050                                         

AX=AFAC  BX=3650  CX=0000  DX=0050  SP=FFEE  BP=0000  SI=FFEE  DI=0000          
DS=176C  ES=176C  SS=176C  CS=176C  IP=0350   NV UP DI PL NZ NA PO NC           
176C:0350 BB5000        MOV     BX,0050                                         

AX=AFAC  BX=0050  CX=0000  DX=0050  SP=FFEE  BP=0000  SI=FFEE  DI=0000          
DS=176C  ES=176C  SS=176C  CS=176C  IP=0353   NV UP DI PL NZ NA PO NC           
176C:0353 F7E8          IMUL    AX                                              

AX=9B90  BX=0050  CX=0000  DX=1934  SP=FFEE  BP=0000  SI=FFEE  DI=0000          
DS=176C  ES=176C  SS=176C  CS=176C  IP=0355   OV UP DI NG NZ NA PE CY           
176C:0355 55            PUSH    BP                                              

AX=9B90  BX=0050  CX=0000  DX=1934  SP=FFEC  BP=0000  SI=FFEE  DI=0000          
DS=176C  ES=176C  SS=176C  CS=176C  IP=0356   OV UP DI NG NZ NA PE CY           
176C:0356 55            PUSH    BP                                              

AX=9B90  BX=0050  CX=0000  DX=1934  SP=FFEA  BP=0000  SI=FFEE  DI=0000          
DS=176C  ES=176C  SS=176C  CS=176C  IP=0357   OV UP DI NG NZ NA PE CY           
176C:0357 9D            POPF                                                    

AX=9B90  BX=0050  CX=0000  DX=1934  SP=FFEC  BP=0000  SI=FFEE  DI=0000          
DS=176C  ES=176C  SS=176C  CS=176C  IP=0358   NV UP DI PL NZ NA PO NC           
176C:0358 89F4          MOV     SP,SI                                           

AX=9B90  BX=0050  CX=0000  DX=1934  SP=FFEE  BP=0000  SI=FFEE  DI=0000          
DS=176C  ES=176C  SS=176C  CS=176C  IP=035A   NV UP DI PL NZ NA PO NC           
176C:035A B07F          MOV     AL,7F                                           

AX=9B7F  BX=0050  CX=0000  DX=1934  SP=FFEE  BP=0000  SI=FFEE  DI=0000          
DS=176C  ES=176C  SS=176C  CS=176C  IP=035C   NV UP DI PL NZ NA PO NC           
176C:035C B2BC          MOV     DL,BC                                           

AX=9B7F  BX=0050  CX=0000  DX=19BC  SP=FFEE  BP=0000  SI=FFEE  DI=0000          
DS=176C  ES=176C  SS=176C  CS=176C  IP=035E   NV UP DI PL NZ NA PO NC           
176C:035E B3BC          MOV     BL,BC                                           

AX=9B7F  BX=00BC  CX=0000  DX=19BC  SP=FFEE  BP=0000  SI=FFEE  DI=0000          
DS=176C  ES=176C  SS=176C  CS=176C  IP=0360   NV UP DI PL NZ NA PO NC           
176C:0360 F6EB          IMUL    BL                                              

AX=DE44  BX=00BC  CX=0000  DX=19BC  SP=FFEE  BP=0000  SI=FFEE  DI=0000          
DS=176C  ES=176C  SS=176C  CS=176C  IP=0362   OV UP DI PL NZ NA PE CY           
176C:0362 55            PUSH    BP                                              

AX=DE44  BX=00BC  CX=0000  DX=19BC  SP=FFEC  BP=0000  SI=FFEE  DI=0000          
DS=176C  ES=176C  SS=176C  CS=176C  IP=0363   OV UP DI PL NZ NA PE CY           
176C:0363 55            PUSH    BP                                              

AX=DE44  BX=00BC  CX=0000  DX=19BC  SP=FFEA  BP=0000  SI=FFEE  DI=0000          
DS=176C  ES=176C  SS=176C  CS=176C  IP=0364   OV UP DI PL NZ NA PE CY           
176C:0364 9D            POPF                                                    

AX=DE44  BX=00BC  CX=0000  DX=19BC  SP=FFEC  BP=0000  SI=FFEE  DI=0000          
DS=176C  ES=176C  SS=176C  CS=176C  IP=0365   NV UP DI PL NZ NA PO NC           
176C:0365 89F4          MOV     SP,SI                                           

AX=DE44  BX=00BC  CX=0000  DX=19BC  SP=FFEE  BP=0000  SI=FFEE  DI=0000          
DS=176C  ES=176C  SS=176C  CS=176C  IP=0367   NV UP DI PL NZ NA PO NC           
176C:0367 B87F34        MOV     AX,347F                                         

AX=347F  BX=00BC  CX=0000  DX=19BC  SP=FFEE  BP=0000  SI=FFEE  DI=0000          
DS=176C  ES=176C  SS=176C  CS=176C  IP=036A   NV UP DI PL NZ NA PO NC           
176C:036A BABC07        MOV     DX,07BC                                         

AX=347F  BX=00BC  CX=0000  DX=07BC  SP=FFEE  BP=0000  SI=FFEE  DI=0000          
DS=176C  ES=176C  SS=176C  CS=176C  IP=036D   NV UP DI PL NZ NA PO NC           
176C:036D BBBC07        MOV     BX,07BC                                         

AX=347F  BX=07BC  CX=0000  DX=07BC  SP=FFEE  BP=0000  SI=FFEE  DI=0000          
DS=176C  ES=176C  SS=176C  CS=176C  IP=0370   NV UP DI PL NZ NA PO NC           
176C:0370 F7EB          IMUL    BX                                              

AX=0644  BX=07BC  CX=0000  DX=0196  SP=FFEE  BP=0000  SI=FFEE  DI=0000          
DS=176C  ES=176C  SS=176C  CS=176C  IP=0372   OV UP DI PL NZ NA PE CY           
176C:0372 55            PUSH    BP                                              

AX=0644  BX=07BC  CX=0000  DX=0196  SP=FFEC  BP=0000  SI=FFEE  DI=0000          
DS=176C  ES=176C  SS=176C  CS=176C  IP=0373   OV UP DI PL NZ NA PE CY           
176C:0373 55            PUSH    BP                                              

AX=0644  BX=07BC  CX=0000  DX=0196  SP=FFEA  BP=0000  SI=FFEE  DI=0000          
DS=176C  ES=176C  SS=176C  CS=176C  IP=0374   OV UP DI PL NZ NA PE CY           
176C:0374 9D            POPF                                                    

AX=0644  BX=07BC  CX=0000  DX=0196  SP=FFEC  BP=0000  SI=FFEE  DI=0000          
DS=176C  ES=176C  SS=176C  CS=176C  IP=0375   NV UP DI PL NZ NA PO NC           
176C:0375 89F4          MOV     SP,SI                                           

AX=0644  BX=07BC  CX=0000  DX=0196  SP=FFEE  BP=0000  SI=FFEE  DI=0000          
DS=176C  ES=176C  SS=176C  CS=176C  IP=0377   NV UP DI PL NZ NA PO NC           
176C:0377 B07F          MOV     AL,7F                                           

AX=067F  BX=07BC  CX=0000  DX=0196  SP=FFEE  BP=0000  SI=FFEE  DI=0000          
DS=176C  ES=176C  SS=176C  CS=176C  IP=0379   NV UP DI PL NZ NA PO NC           
176C:0379 B2BC          MOV     DL,BC                                           

AX=067F  BX=07BC  CX=0000  DX=01BC  SP=FFEE  BP=0000  SI=FFEE  DI=0000          
DS=176C  ES=176C  SS=176C  CS=176C  IP=037B   NV UP DI PL NZ NA PO NC           
176C:037B B3BC          MOV     BL,BC                                           

AX=067F  BX=07BC  CX=0000  DX=01BC  SP=FFEE  BP=0000  SI=FFEE  DI=0000          
DS=176C  ES=176C  SS=176C  CS=176C  IP=037D   NV UP DI PL NZ NA PO NC           
176C:037D F6E8          IMUL    AL                                              

AX=3F01  BX=07BC  CX=0000  DX=01BC  SP=FFEE  BP=0000  SI=FFEE  DI=0000          
DS=176C  ES=176C  SS=176C  CS=176C  IP=037F   OV UP DI PL NZ NA PO CY           
176C:037F 55            PUSH    BP                                              

AX=3F01  BX=07BC  CX=0000  DX=01BC  SP=FFEC  BP=0000  SI=FFEE  DI=0000          
DS=176C  ES=176C  SS=176C  CS=176C  IP=0380   OV UP DI PL NZ NA PO CY           
176C:0380 55            PUSH    BP                                              

AX=3F01  BX=07BC  CX=0000  DX=01BC  SP=FFEA  BP=0000  SI=FFEE  DI=0000          
DS=176C  ES=176C  SS=176C  CS=176C  IP=0381   OV UP DI PL NZ NA PO CY           
176C:0381 9D            POPF                                                    

AX=3F01  BX=07BC  CX=0000  DX=01BC  SP=FFEC  BP=0000  SI=FFEE  DI=0000          
DS=176C  ES=176C  SS=176C  CS=176C  IP=0382   NV UP DI PL NZ NA PO NC           
176C:0382 89F4          MOV     SP,SI                                           

AX=3F01  BX=07BC  CX=0000  DX=01BC  SP=FFEE  BP=0000  SI=FFEE  DI=0000          
DS=176C  ES=176C  SS=176C  CS=176C  IP=0384   NV UP DI PL NZ NA PO NC           
176C:0384 B87F34        MOV     AX,347F                                         

AX=347F  BX=07BC  CX=0000  DX=01BC  SP=FFEE  BP=0000  SI=FFEE  DI=0000          
DS=176C  ES=176C  SS=176C  CS=176C  IP=0387   NV UP DI PL NZ NA PO NC           
176C:0387 BABC07        MOV     DX,07BC                                         

AX=347F  BX=07BC  CX=0000  DX=07BC  SP=FFEE  BP=0000  SI=FFEE  DI=0000          
DS=176C  ES=176C  SS=176C  CS=176C  IP=038A   NV UP DI PL NZ NA PO NC           
176C:038A BBBC07        MOV     BX,07BC                                         

AX=347F  BX=07BC  CX=0000  DX=07BC  SP=FFEE  BP=0000  SI=FFEE  DI=0000          
DS=176C  ES=176C  SS=176C  CS=176C  IP=038D   NV UP DI PL NZ NA PO NC           
176C:038D F7E8          IMUL    AX                                              

AX=D701  BX=07BC  CX=0000  DX=0AC3  SP=FFEE  BP=0000  SI=FFEE  DI=0000          
DS=176C  ES=176C  SS=176C  CS=176C  IP=038F   OV UP DI NG NZ NA PO CY           
176C:038F 55            PUSH    BP                                              

AX=D701  BX=07BC  CX=0000  DX=0AC3  SP=FFEC  BP=0000  SI=FFEE  DI=0000          
DS=176C  ES=176C  SS=176C  CS=176C  IP=0390   OV UP DI NG NZ NA PO CY           
176C:0390 55            PUSH    BP                                              

AX=D701  BX=07BC  CX=0000  DX=0AC3  SP=FFEA  BP=0000  SI=FFEE  DI=0000          
DS=176C  ES=176C  SS=176C  CS=176C  IP=0391   OV UP DI NG NZ NA PO CY           
176C:0391 9D            POPF                                                    

AX=D701  BX=07BC  CX=0000  DX=0AC3  SP=FFEC  BP=0000  SI=FFEE  DI=0000          
DS=176C  ES=176C  SS=176C  CS=176C  IP=0392   NV UP DI PL NZ NA PO NC           
176C:0392 89F4          MOV     SP,SI                                           

AX=D701  BX=07BC  CX=0000  DX=0AC3  SP=FFEE  BP=0000  SI=FFEE  DI=0000          
DS=176C  ES=176C  SS=176C  CS=176C  IP=0394   NV UP DI PL NZ NA PO NC           
176C:0394 B87F34        MOV     AX,347F                                         

AX=347F  BX=07BC  CX=0000  DX=0AC3  SP=FFEE  BP=0000  SI=FFEE  DI=0000          
DS=176C  ES=176C  SS=176C  CS=176C  IP=0397   NV UP DI PL NZ NA PO NC           
176C:0397 BABC00        MOV     DX,00BC                                         

AX=347F  BX=07BC  CX=0000  DX=00BC  SP=FFEE  BP=0000  SI=FFEE  DI=0000          
DS=176C  ES=176C  SS=176C  CS=176C  IP=039A   NV UP DI PL NZ NA PO NC           
176C:039A BBBC00        MOV     BX,00BC                                         

AX=347F  BX=00BC  CX=0000  DX=00BC  SP=FFEE  BP=0000  SI=FFEE  DI=0000          
DS=176C  ES=176C  SS=176C  CS=176C  IP=039D   NV UP DI PL NZ NA PO NC           
176C:039D F7E8          IMUL    AX                                              

AX=D701  BX=00BC  CX=0000  DX=0AC3  SP=FFEE  BP=0000  SI=FFEE  DI=0000          
DS=176C  ES=176C  SS=176C  CS=176C  IP=039F   OV UP DI NG NZ NA PO CY           
176C:039F 55            PUSH    BP                                              

AX=D701  BX=00BC  CX=0000  DX=0AC3  SP=FFEC  BP=0000  SI=FFEE  DI=0000          
DS=176C  ES=176C  SS=176C  CS=176C  IP=03A0   OV UP DI NG NZ NA PO CY           
176C:03A0 55            PUSH    BP                                              

AX=D701  BX=00BC  CX=0000  DX=0AC3  SP=FFEA  BP=0000  SI=FFEE  DI=0000          
DS=176C  ES=176C  SS=176C  CS=176C  IP=03A1   OV UP DI NG NZ NA PO CY           
176C:03A1 9D            POPF                                                    

AX=D701  BX=00BC  CX=0000  DX=0AC3  SP=FFEC  BP=0000  SI=FFEE  DI=0000          
DS=176C  ES=176C  SS=176C  CS=176C  IP=03A2   NV UP DI PL NZ NA PO NC           
176C:03A2 89F4          MOV     SP,SI                                           

AX=D701  BX=00BC  CX=0000  DX=0AC3  SP=FFEE  BP=0000  SI=FFEE  DI=0000          
DS=176C  ES=176C  SS=176C  CS=176C  IP=03A4   NV UP DI PL NZ NA PO NC           
176C:03A4 B02A          MOV     AL,2A                                           

AX=D72A  BX=00BC  CX=0000  DX=0AC3  SP=FFEE  BP=0000  SI=FFEE  DI=0000          
DS=176C  ES=176C  SS=176C  CS=176C  IP=03A6   NV UP DI PL NZ NA PO NC           
176C:03A6 B223          MOV     DL,23                                           

AX=D72A  BX=00BC  CX=0000  DX=0A23  SP=FFEE  BP=0000  SI=FFEE  DI=0000          
DS=176C  ES=176C  SS=176C  CS=176C  IP=03A8   NV UP DI PL NZ NA PO NC           
176C:03A8 B323          MOV     BL,23                                           

AX=D72A  BX=0023  CX=0000  DX=0A23  SP=FFEE  BP=0000  SI=FFEE  DI=0000          
DS=176C  ES=176C  SS=176C  CS=176C  IP=03AA   NV UP DI PL NZ NA PO NC           
176C:03AA F6EB          IMUL    BL                                              

AX=05BE  BX=0023  CX=0000  DX=0A23  SP=FFEE  BP=0000  SI=FFEE  DI=0000          
DS=176C  ES=176C  SS=176C  CS=176C  IP=03AC   OV UP DI NG NZ NA PE CY           
176C:03AC 55            PUSH    BP                                              

AX=05BE  BX=0023  CX=0000  DX=0A23  SP=FFEC  BP=0000  SI=FFEE  DI=0000          
DS=176C  ES=176C  SS=176C  CS=176C  IP=03AD   OV UP DI NG NZ NA PE CY           
176C:03AD 55            PUSH    BP                                              

AX=05BE  BX=0023  CX=0000  DX=0A23  SP=FFEA  BP=0000  SI=FFEE  DI=0000          
DS=176C  ES=176C  SS=176C  CS=176C  IP=03AE   OV UP DI NG NZ NA PE CY           
176C:03AE 9D            POPF                                                    

AX=05BE  BX=0023  CX=0000  DX=0A23  SP=FFEC  BP=0000  SI=FFEE  DI=0000          
DS=176C  ES=176C  SS=176C  CS=176C  IP=03AF   NV UP DI PL NZ NA PO NC           
176C:03AF 89F4          MOV     SP,SI                                           

AX=05BE  BX=0023  CX=0000  DX=0A23  SP=FFEE  BP=0000  SI=FFEE  DI=0000          
DS=176C  ES=176C  SS=176C  CS=176C  IP=03B1   NV UP DI PL NZ NA PO NC           
176C:03B1 B82A4B        MOV     AX,4B2A                                         

AX=4B2A  BX=0023  CX=0000  DX=0A23  SP=FFEE  BP=0000  SI=FFEE  DI=0000          
DS=176C  ES=176C  SS=176C  CS=176C  IP=03B4   NV UP DI PL NZ NA PO NC           
176C:03B4 BA2328        MOV     DX,2823                                         

AX=4B2A  BX=0023  CX=0000  DX=2823  SP=FFEE  BP=0000  SI=FFEE  DI=0000          
DS=176C  ES=176C  SS=176C  CS=176C  IP=03B7   NV UP DI PL NZ NA PO NC           
176C:03B7 BB2328        MOV     BX,2823                                         

AX=4B2A  BX=2823  CX=0000  DX=2823  SP=FFEE  BP=0000  SI=FFEE  DI=0000          
DS=176C  ES=176C  SS=176C  CS=176C  IP=03BA   NV UP DI PL NZ NA PO NC           
176C:03BA F7EB          IMUL    BX                                              

AX=D6BE  BX=2823  CX=0000  DX=0BC8  SP=FFEE  BP=0000  SI=FFEE  DI=0000          
DS=176C  ES=176C  SS=176C  CS=176C  IP=03BC   OV UP DI NG NZ NA PE CY           
176C:03BC 55            PUSH    BP                                              

AX=D6BE  BX=2823  CX=0000  DX=0BC8  SP=FFEC  BP=0000  SI=FFEE  DI=0000          
DS=176C  ES=176C  SS=176C  CS=176C  IP=03BD   OV UP DI NG NZ NA PE CY           
176C:03BD 55            PUSH    BP                                              

AX=D6BE  BX=2823  CX=0000  DX=0BC8  SP=FFEA  BP=0000  SI=FFEE  DI=0000          
DS=176C  ES=176C  SS=176C  CS=176C  IP=03BE   OV UP DI NG NZ NA PE CY           
176C:03BE 9D            POPF                                                    

AX=D6BE  BX=2823  CX=0000  DX=0BC8  SP=FFEC  BP=0000  SI=FFEE  DI=0000          
DS=176C  ES=176C  SS=176C  CS=176C  IP=03BF   NV UP DI PL NZ NA PO NC           
176C:03BF 89F4          MOV     SP,SI                                           

AX=D6BE  BX=2823  CX=0000  DX=0BC8  SP=FFEE  BP=0000  SI=FFEE  DI=0000          
DS=176C  ES=176C  SS=176C  CS=176C  IP=03C1   NV UP DI PL NZ NA PO NC           
176C:03C1 B02A          MOV     AL,2A                                           

AX=D62A  BX=2823  CX=0000  DX=0BC8  SP=FFEE  BP=0000  SI=FFEE  DI=0000          
DS=176C  ES=176C  SS=176C  CS=176C  IP=03C3   NV UP DI PL NZ NA PO NC           
176C:03C3 B223          MOV     DL,23                                           

AX=D62A  BX=2823  CX=0000  DX=0B23  SP=FFEE  BP=0000  SI=FFEE  DI=0000          
DS=176C  ES=176C  SS=176C  CS=176C  IP=03C5   NV UP DI PL NZ NA PO NC           
176C:03C5 B323          MOV     BL,23                                           

AX=D62A  BX=2823  CX=0000  DX=0B23  SP=FFEE  BP=0000  SI=FFEE  DI=0000          
DS=176C  ES=176C  SS=176C  CS=176C  IP=03C7   NV UP DI PL NZ NA PO NC           
176C:03C7 F6E8          IMUL    AL                                              

AX=06E4  BX=2823  CX=0000  DX=0B23  SP=FFEE  BP=0000  SI=FFEE  DI=0000          
DS=176C  ES=176C  SS=176C  CS=176C  IP=03C9   OV UP DI NG NZ NA PE CY           
176C:03C9 55            PUSH    BP                                              

AX=06E4  BX=2823  CX=0000  DX=0B23  SP=FFEC  BP=0000  SI=FFEE  DI=0000          
DS=176C  ES=176C  SS=176C  CS=176C  IP=03CA   OV UP DI NG NZ NA PE CY           
176C:03CA 55            PUSH    BP                                              

AX=06E4  BX=2823  CX=0000  DX=0B23  SP=FFEA  BP=0000  SI=FFEE  DI=0000          
DS=176C  ES=176C  SS=176C  CS=176C  IP=03CB   OV UP DI NG NZ NA PE CY           
176C:03CB 9D            POPF                                                    

AX=06E4  BX=2823  CX=0000  DX=0B23  SP=FFEC  BP=0000  SI=FFEE  DI=0000          
DS=176C  ES=176C  SS=176C  CS=176C  IP=03CC   NV UP DI PL NZ NA PO NC           
176C:03CC 89F4          MOV     SP,SI                                           

AX=06E4  BX=2823  CX=0000  DX=0B23  SP=FFEE  BP=0000  SI=FFEE  DI=0000          
DS=176C  ES=176C  SS=176C  CS=176C  IP=03CE   NV UP DI PL NZ NA PO NC           
176C:03CE B82A4B        MOV     AX,4B2A                                         

AX=4B2A  BX=2823  CX=0000  DX=0B23  SP=FFEE  BP=0000  SI=FFEE  DI=0000          
DS=176C  ES=176C  SS=176C  CS=176C  IP=03D1   NV UP DI PL NZ NA PO NC           
176C:03D1 BA2328        MOV     DX,2823                                         

AX=4B2A  BX=2823  CX=0000  DX=2823  SP=FFEE  BP=0000  SI=FFEE  DI=0000          
DS=176C  ES=176C  SS=176C  CS=176C  IP=03D4   NV UP DI PL NZ NA PO NC           
176C:03D4 BB2328        MOV     BX,2823                                         

AX=4B2A  BX=2823  CX=0000  DX=2823  SP=FFEE  BP=0000  SI=FFEE  DI=0000          
DS=176C  ES=176C  SS=176C  CS=176C  IP=03D7   NV UP DI PL NZ NA PO NC           
176C:03D7 F7E8          IMUL    AX                                              

AX=A2E4  BX=2823  CX=0000  DX=1611  SP=FFEE  BP=0000  SI=FFEE  DI=0000          
DS=176C  ES=176C  SS=176C  CS=176C  IP=03D9   OV UP DI NG NZ NA PE CY           
176C:03D9 55            PUSH    BP                                              

AX=A2E4  BX=2823  CX=0000  DX=1611  SP=FFEC  BP=0000  SI=FFEE  DI=0000          
DS=176C  ES=176C  SS=176C  CS=176C  IP=03DA   OV UP DI NG NZ NA PE CY           
176C:03DA 55            PUSH    BP                                              

AX=A2E4  BX=2823  CX=0000  DX=1611  SP=FFEA  BP=0000  SI=FFEE  DI=0000          
DS=176C  ES=176C  SS=176C  CS=176C  IP=03DB   OV UP DI NG NZ NA PE CY           
176C:03DB 9D            POPF                                                    

AX=A2E4  BX=2823  CX=0000  DX=1611  SP=FFEC  BP=0000  SI=FFEE  DI=0000          
DS=176C  ES=176C  SS=176C  CS=176C  IP=03DC   NV UP DI PL NZ NA PO NC           
176C:03DC 89F4          MOV     SP,SI                                           

AX=A2E4  BX=2823  CX=0000  DX=1611  SP=FFEE  BP=0000  SI=FFEE  DI=0000          
DS=176C  ES=176C  SS=176C  CS=176C  IP=03DE   NV UP DI PL NZ NA PO NC           
176C:03DE B82A4B        MOV     AX,4B2A                                         

AX=4B2A  BX=2823  CX=0000  DX=1611  SP=FFEE  BP=0000  SI=FFEE  DI=0000          
DS=176C  ES=176C  SS=176C  CS=176C  IP=03E1   NV UP DI PL NZ NA PO NC           
176C:03E1 BA2300        MOV     DX,0023                                         

AX=4B2A  BX=2823  CX=0000  DX=0023  SP=FFEE  BP=0000  SI=FFEE  DI=0000          
DS=176C  ES=176C  SS=176C  CS=176C  IP=03E4   NV UP DI PL NZ NA PO NC           
176C:03E4 BB2300        MOV     BX,0023                                         

AX=4B2A  BX=0023  CX=0000  DX=0023  SP=FFEE  BP=0000  SI=FFEE  DI=0000          
DS=176C  ES=176C  SS=176C  CS=176C  IP=03E7   NV UP DI PL NZ NA PO NC           
176C:03E7 F7E8          IMUL    AX                                              

AX=A2E4  BX=0023  CX=0000  DX=1611  SP=FFEE  BP=0000  SI=FFEE  DI=0000          
DS=176C  ES=176C  SS=176C  CS=176C  IP=03E9   OV UP DI NG NZ NA PE CY           
176C:03E9 55            PUSH    BP                                              

AX=A2E4  BX=0023  CX=0000  DX=1611  SP=FFEC  BP=0000  SI=FFEE  DI=0000          
DS=176C  ES=176C  SS=176C  CS=176C  IP=03EA   OV UP DI NG NZ NA PE CY           
176C:03EA 55            PUSH    BP                                              

AX=A2E4  BX=0023  CX=0000  DX=1611  SP=FFEA  BP=0000  SI=FFEE  DI=0000          
DS=176C  ES=176C  SS=176C  CS=176C  IP=03EB   OV UP DI NG NZ NA PE CY           
176C:03EB 9D            POPF                                                    

AX=A2E4  BX=0023  CX=0000  DX=1611  SP=FFEC  BP=0000  SI=FFEE  DI=0000          
DS=176C  ES=176C  SS=176C  CS=176C  IP=03EC   NV UP DI PL NZ NA PO NC           
176C:03EC 89F4          MOV     SP,SI                                           

AX=A2E4  BX=0023  CX=0000  DX=1611  SP=FFEE  BP=0000  SI=FFEE  DI=0000          
DS=176C  ES=176C  SS=176C  CS=176C  IP=03EE   NV UP DI PL NZ NA PO NC           
176C:03EE B000          MOV     AL,00                                           

AX=A200  BX=0023  CX=0000  DX=1611  SP=FFEE  BP=0000  SI=FFEE  DI=0000          
DS=176C  ES=176C  SS=176C  CS=176C  IP=03F0   NV UP DI PL NZ NA PO NC           
176C:03F0 B201          MOV     DL,01                                           

AX=A200  BX=0023  CX=0000  DX=1601  SP=FFEE  BP=0000  SI=FFEE  DI=0000          
DS=176C  ES=176C  SS=176C  CS=176C  IP=03F2   NV UP DI PL NZ NA PO NC           
176C:03F2 B301          MOV     BL,01                                           

AX=A200  BX=0001  CX=0000  DX=1601  SP=FFEE  BP=0000  SI=FFEE  DI=0000          
DS=176C  ES=176C  SS=176C  CS=176C  IP=03F4   NV UP DI PL NZ NA PO NC           
176C:03F4 F6EB          IMUL    BL                                              

AX=0000  BX=0001  CX=0000  DX=1601  SP=FFEE  BP=0000  SI=FFEE  DI=0000          
DS=176C  ES=176C  SS=176C  CS=176C  IP=03F6   NV UP DI PL ZR NA PE NC           
176C:03F6 55            PUSH    BP                                              

AX=0000  BX=0001  CX=0000  DX=1601  SP=FFEC  BP=0000  SI=FFEE  DI=0000          
DS=176C  ES=176C  SS=176C  CS=176C  IP=03F7   NV UP DI PL ZR NA PE NC           
176C:03F7 55            PUSH    BP                                              

AX=0000  BX=0001  CX=0000  DX=1601  SP=FFEA  BP=0000  SI=FFEE  DI=0000          
DS=176C  ES=176C  SS=176C  CS=176C  IP=03F8   NV UP DI PL ZR NA PE NC           
176C:03F8 9D            POPF                                                    

AX=0000  BX=0001  CX=0000  DX=1601  SP=FFEC  BP=0000  SI=FFEE  DI=0000          
DS=176C  ES=176C  SS=176C  CS=176C  IP=03F9   NV UP DI PL NZ NA PO NC           
176C:03F9 89F4          MOV     SP,SI                                           

AX=0000  BX=0001  CX=0000  DX=1601  SP=FFEE  BP=0000  SI=FFEE  DI=0000          
DS=176C  ES=176C  SS=176C  CS=176C  IP=03FB   NV UP DI PL NZ NA PO NC           
176C:03FB B80000        MOV     AX,0000                                         

AX=0000  BX=0001  CX=0000  DX=1601  SP=FFEE  BP=0000  SI=FFEE  DI=0000          
DS=176C  ES=176C  SS=176C  CS=176C  IP=03FE   NV UP DI PL NZ NA PO NC           
176C:03FE BA0100        MOV     DX,0001                                         

AX=0000  BX=0001  CX=0000  DX=0001  SP=FFEE  BP=0000  SI=FFEE  DI=0000          
DS=176C  ES=176C  SS=176C  CS=176C  IP=0401   NV UP DI PL NZ NA PO NC           
176C:0401 BB0100        MOV     BX,0001                                         

AX=0000  BX=0001  CX=0000  DX=0001  SP=FFEE  BP=0000  SI=FFEE  DI=0000          
DS=176C  ES=176C  SS=176C  CS=176C  IP=0404   NV UP DI PL NZ NA PO NC           
176C:0404 F7EB          IMUL    BX                                              

AX=0000  BX=0001  CX=0000  DX=0000  SP=FFEE  BP=0000  SI=FFEE  DI=0000          
DS=176C  ES=176C  SS=176C  CS=176C  IP=0406   NV UP DI PL ZR NA PE NC           
176C:0406 55            PUSH    BP                                              

AX=0000  BX=0001  CX=0000  DX=0000  SP=FFEC  BP=0000  SI=FFEE  DI=0000          
DS=176C  ES=176C  SS=176C  CS=176C  IP=0407   NV UP DI PL ZR NA PE NC           
176C:0407 55            PUSH    BP                                              

AX=0000  BX=0001  CX=0000  DX=0000  SP=FFEA  BP=0000  SI=FFEE  DI=0000          
DS=176C  ES=176C  SS=176C  CS=176C  IP=0408   NV UP DI PL ZR NA PE NC           
176C:0408 9D            POPF                                                    

AX=0000  BX=0001  CX=0000  DX=0000  SP=FFEC  BP=0000  SI=FFEE  DI=0000          
DS=176C  ES=176C  SS=176C  CS=176C  IP=0409   NV UP DI PL NZ NA PO NC           
176C:0409 89F4          MOV     SP,SI                                           

AX=0000  BX=0001  CX=0000  DX=0000  SP=FFEE  BP=0000  SI=FFEE  DI=0000          
DS=176C  ES=176C  SS=176C  CS=176C  IP=040B   NV UP DI PL NZ NA PO NC           
176C:040B B000          MOV     AL,00                                           

AX=0000  BX=0001  CX=0000  DX=0000  SP=FFEE  BP=0000  SI=FFEE  DI=0000          
DS=176C  ES=176C  SS=176C  CS=176C  IP=040D   NV UP DI PL NZ NA PO NC           
176C:040D B201          MOV     DL,01                                           

AX=0000  BX=0001  CX=0000  DX=0001  SP=FFEE  BP=0000  SI=FFEE  DI=0000          
DS=176C  ES=176C  SS=176C  CS=176C  IP=040F   NV UP DI PL NZ NA PO NC           
176C:040F B301          MOV     BL,01                                           

AX=0000  BX=0001  CX=0000  DX=0001  SP=FFEE  BP=0000  SI=FFEE  DI=0000          
DS=176C  ES=176C  SS=176C  CS=176C  IP=0411   NV UP DI PL NZ NA PO NC           
176C:0411 F6E8          IMUL    AL                                              

AX=0000  BX=0001  CX=0000  DX=0001  SP=FFEE  BP=0000  SI=FFEE  DI=0000          
DS=176C  ES=176C  SS=176C  CS=176C  IP=0413   NV UP DI PL ZR NA PE NC           
176C:0413 55            PUSH    BP                                              

AX=0000  BX=0001  CX=0000  DX=0001  SP=FFEC  BP=0000  SI=FFEE  DI=0000          
DS=176C  ES=176C  SS=176C  CS=176C  IP=0414   NV UP DI PL ZR NA PE NC           
176C:0414 55            PUSH    BP                                              

AX=0000  BX=0001  CX=0000  DX=0001  SP=FFEA  BP=0000  SI=FFEE  DI=0000          
DS=176C  ES=176C  SS=176C  CS=176C  IP=0415   NV UP DI PL ZR NA PE NC           
176C:0415 9D            POPF                                                    

AX=0000  BX=0001  CX=0000  DX=0001  SP=FFEC  BP=0000  SI=FFEE  DI=0000          
DS=176C  ES=176C  SS=176C  CS=176C  IP=0416   NV UP DI PL NZ NA PO NC           
176C:0416 89F4          MOV     SP,SI                                           

AX=0000  BX=0001  CX=0000  DX=0001  SP=FFEE  BP=0000  SI=FFEE  DI=0000          
DS=176C  ES=176C  SS=176C  CS=176C  IP=0418   NV UP DI PL NZ NA PO NC           
176C:0418 B80000        MOV     AX,0000                                         

AX=0000  BX=0001  CX=0000  DX=0001  SP=FFEE  BP=0000  SI=FFEE  DI=0000          
DS=176C  ES=176C  SS=176C  CS=176C  IP=041B   NV UP DI PL NZ NA PO NC           
176C:041B BA0100        MOV     DX,0001                                         

AX=0000  BX=0001  CX=0000  DX=0001  SP=FFEE  BP=0000  SI=FFEE  DI=0000          
DS=176C  ES=176C  SS=176C  CS=176C  IP=041E   NV UP DI PL NZ NA PO NC           
176C:041E BB0100        MOV     BX,0001                                         

AX=0000  BX=0001  CX=0000  DX=0001  SP=FFEE  BP=0000  SI=FFEE  DI=0000          
DS=176C  ES=176C  SS=176C  CS=176C  IP=0421   NV UP DI PL NZ NA PO NC           
176C:0421 F7E8          IMUL    AX                                              

AX=0000  BX=0001  CX=0000  DX=0000  SP=FFEE  BP=0000  SI=FFEE  DI=0000          
DS=176C  ES=176C  SS=176C  CS=176C  IP=0423   NV UP DI PL ZR NA PE NC           
176C:0423 55            PUSH    BP                                              

AX=0000  BX=0001  CX=0000  DX=0000  SP=FFEC  BP=0000  SI=FFEE  DI=0000          
DS=176C  ES=176C  SS=176C  CS=176C  IP=0424   NV UP DI PL ZR NA PE NC           
176C:0424 55            PUSH    BP                                              

AX=0000  BX=0001  CX=0000  DX=0000  SP=FFEA  BP=0000  SI=FFEE  DI=0000          
DS=176C  ES=176C  SS=176C  CS=176C  IP=0425   NV UP DI PL ZR NA PE NC           
176C:0425 9D            POPF                                                    

AX=0000  BX=0001  CX=0000  DX=0000  SP=FFEC  BP=0000  SI=FFEE  DI=0000          
DS=176C  ES=176C  SS=176C  CS=176C  IP=0426   NV UP DI PL NZ NA PO NC           
176C:0426 89F4          MOV     SP,SI                                           

AX=0000  BX=0001  CX=0000  DX=0000  SP=FFEE  BP=0000  SI=FFEE  DI=0000          
DS=176C  ES=176C  SS=176C  CS=176C  IP=0428   NV UP DI PL NZ NA PO NC           
176C:0428 B80000        MOV     AX,0000                                         

AX=0000  BX=0001  CX=0000  DX=0000  SP=FFEE  BP=0000  SI=FFEE  DI=0000          
DS=176C  ES=176C  SS=176C  CS=176C  IP=042B   NV UP DI PL NZ NA PO NC           
176C:042B BA0000        MOV     DX,0000                                         

AX=0000  BX=0001  CX=0000  DX=0000  SP=FFEE  BP=0000  SI=FFEE  DI=0000          
DS=176C  ES=176C  SS=176C  CS=176C  IP=042E   NV UP DI PL NZ NA PO NC           
176C:042E BB0000        MOV     BX,0000                                         

AX=0000  BX=0000  CX=0000  DX=0000  SP=FFEE  BP=0000  SI=FFEE  DI=0000          
DS=176C  ES=176C  SS=176C  CS=176C  IP=0431   NV UP DI PL NZ NA PO NC           
176C:0431 F7E8          IMUL    AX                                              

AX=0000  BX=0000  CX=0000  DX=0000  SP=FFEE  BP=0000  SI=FFEE  DI=0000          
DS=176C  ES=176C  SS=176C  CS=176C  IP=0433   NV UP DI PL ZR NA PE NC           
176C:0433 55            PUSH    BP                                              

AX=0000  BX=0000  CX=0000  DX=0000  SP=FFEC  BP=0000  SI=FFEE  DI=0000          
DS=176C  ES=176C  SS=176C  CS=176C  IP=0434   NV UP DI PL ZR NA PE NC           
176C:0434 55            PUSH    BP                                              

AX=0000  BX=0000  CX=0000  DX=0000  SP=FFEA  BP=0000  SI=FFEE  DI=0000          
DS=176C  ES=176C  SS=176C  CS=176C  IP=0435   NV UP DI PL ZR NA PE NC           
176C:0435 9D            POPF                                                    

AX=0000  BX=0000  CX=0000  DX=0000  SP=FFEC  BP=0000  SI=FFEE  DI=0000          
DS=176C  ES=176C  SS=176C  CS=176C  IP=0436   NV UP DI PL NZ NA PO NC           
176C:0436 89F4          MOV     SP,SI                                           

AX=0000  BX=0000  CX=0000  DX=0000  SP=FFEE  BP=0000  SI=FFEE  DI=0000          
DS=176C  ES=176C  SS=176C  CS=176C  IP=0438   NV UP DI PL NZ NA PO NC           
176C:0438 B000          MOV     AL,00                                           

AX=0000  BX=0000  CX=0000  DX=0000  SP=FFEE  BP=0000  SI=FFEE  DI=0000          
DS=176C  ES=176C  SS=176C  CS=176C  IP=043A   NV UP DI PL NZ NA PO NC           
176C:043A B201          MOV     DL,01                                           

AX=0000  BX=0000  CX=0000  DX=0001  SP=FFEE  BP=0000  SI=FFEE  DI=0000          
DS=176C  ES=176C  SS=176C  CS=176C  IP=043C   NV UP DI PL NZ NA PO NC           
176C:043C B301          MOV     BL,01                                           

AX=0000  BX=0001  CX=0000  DX=0001  SP=FFEE  BP=0000  SI=FFEE  DI=0000          
DS=176C  ES=176C  SS=176C  CS=176C  IP=043E   NV UP DI PL NZ NA PO NC           
176C:043E F6EB          IMUL    BL                                              

AX=0000  BX=0001  CX=0000  DX=0001  SP=FFEE  BP=0000  SI=FFEE  DI=0000          
DS=176C  ES=176C  SS=176C  CS=176C  IP=0440   NV UP DI PL ZR NA PE NC           
176C:0440 55            PUSH    BP                                              

AX=0000  BX=0001  CX=0000  DX=0001  SP=FFEC  BP=0000  SI=FFEE  DI=0000          
DS=176C  ES=176C  SS=176C  CS=176C  IP=0441   NV UP DI PL ZR NA PE NC           
176C:0441 55            PUSH    BP                                              

AX=0000  BX=0001  CX=0000  DX=0001  SP=FFEA  BP=0000  SI=FFEE  DI=0000          
DS=176C  ES=176C  SS=176C  CS=176C  IP=0442   NV UP DI PL ZR NA PE NC           
176C:0442 9D            POPF                                                    

AX=0000  BX=0001  CX=0000  DX=0001  SP=FFEC  BP=0000  SI=FFEE  DI=0000          
DS=176C  ES=176C  SS=176C  CS=176C  IP=0443   NV UP DI PL NZ NA PO NC           
176C:0443 89F4          MOV     SP,SI                                           

AX=0000  BX=0001  CX=0000  DX=0001  SP=FFEE  BP=0000  SI=FFEE  DI=0000          
DS=176C  ES=176C  SS=176C  CS=176C  IP=0445   NV UP DI PL NZ NA PO NC           
176C:0445 B80000        MOV     AX,0000                                         

AX=0000  BX=0001  CX=0000  DX=0001  SP=FFEE  BP=0000  SI=FFEE  DI=0000          
DS=176C  ES=176C  SS=176C  CS=176C  IP=0448   NV UP DI PL NZ NA PO NC           
176C:0448 BA0100        MOV     DX,0001                                         

AX=0000  BX=0001  CX=0000  DX=0001  SP=FFEE  BP=0000  SI=FFEE  DI=0000          
DS=176C  ES=176C  SS=176C  CS=176C  IP=044B   NV UP DI PL NZ NA PO NC           
176C:044B BB0100        MOV     BX,0001                                         

AX=0000  BX=0001  CX=0000  DX=0001  SP=FFEE  BP=0000  SI=FFEE  DI=0000          
DS=176C  ES=176C  SS=176C  CS=176C  IP=044E   NV UP DI PL NZ NA PO NC           
176C:044E F7EB          IMUL    BX                                              

AX=0000  BX=0001  CX=0000  DX=0000  SP=FFEE  BP=0000  SI=FFEE  DI=0000          
DS=176C  ES=176C  SS=176C  CS=176C  IP=0450   NV UP DI PL ZR NA PE NC           
176C:0450 55            PUSH    BP                                              

AX=0000  BX=0001  CX=0000  DX=0000  SP=FFEC  BP=0000  SI=FFEE  DI=0000          
DS=176C  ES=176C  SS=176C  CS=176C  IP=0451   NV UP DI PL ZR NA PE NC           
176C:0451 55            PUSH    BP                                              

AX=0000  BX=0001  CX=0000  DX=0000  SP=FFEA  BP=0000  SI=FFEE  DI=0000          
DS=176C  ES=176C  SS=176C  CS=176C  IP=0452   NV UP DI PL ZR NA PE NC           
176C:0452 9D            POPF                                                    

AX=0000  BX=0001  CX=0000  DX=0000  SP=FFEC  BP=0000  SI=FFEE  DI=0000          
DS=176C  ES=176C  SS=176C  CS=176C  IP=0453   NV UP DI PL NZ NA PO NC           
176C:0453 89F4          MOV     SP,SI                                           

AX=0000  BX=0001  CX=0000  DX=0000  SP=FFEE  BP=0000  SI=FFEE  DI=0000          
DS=176C  ES=176C  SS=176C  CS=176C  IP=0455   NV UP DI PL NZ NA PO NC           
176C:0455 B000          MOV     AL,00                                           

AX=0000  BX=0001  CX=0000  DX=0000  SP=FFEE  BP=0000  SI=FFEE  DI=0000          
DS=176C  ES=176C  SS=176C  CS=176C  IP=0457   NV UP DI PL NZ NA PO NC           
176C:0457 B201          MOV     DL,01                                           

AX=0000  BX=0001  CX=0000  DX=0001  SP=FFEE  BP=0000  SI=FFEE  DI=0000          
DS=176C  ES=176C  SS=176C  CS=176C  IP=0459   NV UP DI PL NZ NA PO NC           
176C:0459 B301          MOV     BL,01                                           

AX=0000  BX=0001  CX=0000  DX=0001  SP=FFEE  BP=0000  SI=FFEE  DI=0000          
DS=176C  ES=176C  SS=176C  CS=176C  IP=045B   NV UP DI PL NZ NA PO NC           
176C:045B F6E8          IMUL    AL                                              

AX=0000  BX=0001  CX=0000  DX=0001  SP=FFEE  BP=0000  SI=FFEE  DI=0000          
DS=176C  ES=176C  SS=176C  CS=176C  IP=045D   NV UP DI PL ZR NA PE NC           
176C:045D 55            PUSH    BP                                              

AX=0000  BX=0001  CX=0000  DX=0001  SP=FFEC  BP=0000  SI=FFEE  DI=0000          
DS=176C  ES=176C  SS=176C  CS=176C  IP=045E   NV UP DI PL ZR NA PE NC           
176C:045E 55            PUSH    BP                                              

AX=0000  BX=0001  CX=0000  DX=0001  SP=FFEA  BP=0000  SI=FFEE  DI=0000          
DS=176C  ES=176C  SS=176C  CS=176C  IP=045F   NV UP DI PL ZR NA PE NC           
176C:045F 9D            POPF                                                    

AX=0000  BX=0001  CX=0000  DX=0001  SP=FFEC  BP=0000  SI=FFEE  DI=0000          
DS=176C  ES=176C  SS=176C  CS=176C  IP=0460   NV UP DI PL NZ NA PO NC           
176C:0460 89F4          MOV     SP,SI                                           

AX=0000  BX=0001  CX=0000  DX=0001  SP=FFEE  BP=0000  SI=FFEE  DI=0000          
DS=176C  ES=176C  SS=176C  CS=176C  IP=0462   NV UP DI PL NZ NA PO NC           
176C:0462 B80000        MOV     AX,0000                                         

AX=0000  BX=0001  CX=0000  DX=0001  SP=FFEE  BP=0000  SI=FFEE  DI=0000          
DS=176C  ES=176C  SS=176C  CS=176C  IP=0465   NV UP DI PL NZ NA PO NC           
176C:0465 BA0100        MOV     DX,0001                                         

AX=0000  BX=0001  CX=0000  DX=0001  SP=FFEE  BP=0000  SI=FFEE  DI=0000          
DS=176C  ES=176C  SS=176C  CS=176C  IP=0468   NV UP DI PL NZ NA PO NC           
176C:0468 BB0100        MOV     BX,0001                                         

AX=0000  BX=0001  CX=0000  DX=0001  SP=FFEE  BP=0000  SI=FFEE  DI=0000          
DS=176C  ES=176C  SS=176C  CS=176C  IP=046B   NV UP DI PL NZ NA PO NC           
176C:046B F7E8          IMUL    AX                                              

AX=0000  BX=0001  CX=0000  DX=0000  SP=FFEE  BP=0000  SI=FFEE  DI=0000          
DS=176C  ES=176C  SS=176C  CS=176C  IP=046D   NV UP DI PL ZR NA PE NC           
176C:046D 55            PUSH    BP                                              

AX=0000  BX=0001  CX=0000  DX=0000  SP=FFEC  BP=0000  SI=FFEE  DI=0000          
DS=176C  ES=176C  SS=176C  CS=176C  IP=046E   NV UP DI PL ZR NA PE NC           
176C:046E 55            PUSH    BP                                              

AX=0000  BX=0001  CX=0000  DX=0000  SP=FFEA  BP=0000  SI=FFEE  DI=0000          
DS=176C  ES=176C  SS=176C  CS=176C  IP=046F   NV UP DI PL ZR NA PE NC           
176C:046F 9D            POPF                                                    

AX=0000  BX=0001  CX=0000  DX=0000  SP=FFEC  BP=0000  SI=FFEE  DI=0000          
DS=176C  ES=176C  SS=176C  CS=176C  IP=0470   NV UP DI PL NZ NA PO NC           
176C:0470 89F4          MOV     SP,SI                                           

AX=0000  BX=0001  CX=0000  DX=0000  SP=FFEE  BP=0000  SI=FFEE  DI=0000          
DS=176C  ES=176C  SS=176C  CS=176C  IP=0472   NV UP DI PL NZ NA PO NC           
176C:0472 B80000        MOV     AX,0000                                         

AX=0000  BX=0001  CX=0000  DX=0000  SP=FFEE  BP=0000  SI=FFEE  DI=0000          
DS=176C  ES=176C  SS=176C  CS=176C  IP=0475   NV UP DI PL NZ NA PO NC           
176C:0475 BA0100        MOV     DX,0001                                         

AX=0000  BX=0001  CX=0000  DX=0001  SP=FFEE  BP=0000  SI=FFEE  DI=0000          
DS=176C  ES=176C  SS=176C  CS=176C  IP=0478   NV UP DI PL NZ NA PO NC           
176C:0478 BB0100        MOV     BX,0001                                         

AX=0000  BX=0001  CX=0000  DX=0001  SP=FFEE  BP=0000  SI=FFEE  DI=0000          
DS=176C  ES=176C  SS=176C  CS=176C  IP=047B   NV UP DI PL NZ NA PO NC           
176C:047B F7E8          IMUL    AX                                              

AX=0000  BX=0001  CX=0000  DX=0000  SP=FFEE  BP=0000  SI=FFEE  DI=0000          
DS=176C  ES=176C  SS=176C  CS=176C  IP=047D   NV UP DI PL ZR NA PE NC           
176C:047D 55            PUSH    BP                                              

AX=0000  BX=0001  CX=0000  DX=0000  SP=FFEC  BP=0000  SI=FFEE  DI=0000          
DS=176C  ES=176C  SS=176C  CS=176C  IP=047E   NV UP DI PL ZR NA PE NC           
176C:047E 55            PUSH    BP                                              

AX=0000  BX=0001  CX=0000  DX=0000  SP=FFEA  BP=0000  SI=FFEE  DI=0000          
DS=176C  ES=176C  SS=176C  CS=176C  IP=047F   NV UP DI PL ZR NA PE NC           
176C:047F 9D            POPF                                                    

AX=0000  BX=0001  CX=0000  DX=0000  SP=FFEC  BP=0000  SI=FFEE  DI=0000          
DS=176C  ES=176C  SS=176C  CS=176C  IP=0480   NV UP DI PL NZ NA PO NC           
176C:0480 89F4          MOV     SP,SI                                           

AX=0000  BX=0001  CX=0000  DX=0000  SP=FFEE  BP=0000  SI=FFEE  DI=0000          
DS=176C  ES=176C  SS=176C  CS=176C  IP=0482   NV UP DI PL NZ NA PO NC           
176C:0482 B001          MOV     AL,01                                           

AX=0001  BX=0001  CX=0000  DX=0000  SP=FFEE  BP=0000  SI=FFEE  DI=0000          
DS=176C  ES=176C  SS=176C  CS=176C  IP=0484   NV UP DI PL NZ NA PO NC           
176C:0484 B200          MOV     DL,00                                           

AX=0001  BX=0001  CX=0000  DX=0000  SP=FFEE  BP=0000  SI=FFEE  DI=0000          
DS=176C  ES=176C  SS=176C  CS=176C  IP=0486   NV UP DI PL NZ NA PO NC           
176C:0486 B300          MOV     BL,00                                           

AX=0001  BX=0000  CX=0000  DX=0000  SP=FFEE  BP=0000  SI=FFEE  DI=0000          
DS=176C  ES=176C  SS=176C  CS=176C  IP=0488   NV UP DI PL NZ NA PO NC           
176C:0488 F6EB          IMUL    BL                                              

AX=0000  BX=0000  CX=0000  DX=0000  SP=FFEE  BP=0000  SI=FFEE  DI=0000          
DS=176C  ES=176C  SS=176C  CS=176C  IP=048A   NV UP DI PL ZR NA PE NC           
176C:048A 55            PUSH    BP                                              

AX=0000  BX=0000  CX=0000  DX=0000  SP=FFEC  BP=0000  SI=FFEE  DI=0000          
DS=176C  ES=176C  SS=176C  CS=176C  IP=048B   NV UP DI PL ZR NA PE NC           
176C:048B 55            PUSH    BP                                              

AX=0000  BX=0000  CX=0000  DX=0000  SP=FFEA  BP=0000  SI=FFEE  DI=0000          
DS=176C  ES=176C  SS=176C  CS=176C  IP=048C   NV UP DI PL ZR NA PE NC           
176C:048C 9D            POPF                                                    

AX=0000  BX=0000  CX=0000  DX=0000  SP=FFEC  BP=0000  SI=FFEE  DI=0000          
DS=176C  ES=176C  SS=176C  CS=176C  IP=048D   NV UP DI PL NZ NA PO NC           
176C:048D 89F4          MOV     SP,SI                                           

AX=0000  BX=0000  CX=0000  DX=0000  SP=FFEE  BP=0000  SI=FFEE  DI=0000          
DS=176C  ES=176C  SS=176C  CS=176C  IP=048F   NV UP DI PL NZ NA PO NC           
176C:048F B80100        MOV     AX,0001                                         

AX=0001  BX=0000  CX=0000  DX=0000  SP=FFEE  BP=0000  SI=FFEE  DI=0000          
DS=176C  ES=176C  SS=176C  CS=176C  IP=0492   NV UP DI PL NZ NA PO NC           
176C:0492 BA0100        MOV     DX,0001                                         

AX=0001  BX=0000  CX=0000  DX=0001  SP=FFEE  BP=0000  SI=FFEE  DI=0000          
DS=176C  ES=176C  SS=176C  CS=176C  IP=0495   NV UP DI PL NZ NA PO NC           
176C:0495 BB0100        MOV     BX,0001                                         

AX=0001  BX=0001  CX=0000  DX=0001  SP=FFEE  BP=0000  SI=FFEE  DI=0000          
DS=176C  ES=176C  SS=176C  CS=176C  IP=0498   NV UP DI PL NZ NA PO NC           
176C:0498 F7EB          IMUL    BX                                              

AX=0001  BX=0001  CX=0000  DX=0000  SP=FFEE  BP=0000  SI=FFEE  DI=0000          
DS=176C  ES=176C  SS=176C  CS=176C  IP=049A   NV UP DI PL NZ NA PO NC           
176C:049A 55            PUSH    BP                                              

AX=0001  BX=0001  CX=0000  DX=0000  SP=FFEC  BP=0000  SI=FFEE  DI=0000          
DS=176C  ES=176C  SS=176C  CS=176C  IP=049B   NV UP DI PL NZ NA PO NC           
176C:049B 55            PUSH    BP                                              

AX=0001  BX=0001  CX=0000  DX=0000  SP=FFEA  BP=0000  SI=FFEE  DI=0000          
DS=176C  ES=176C  SS=176C  CS=176C  IP=049C   NV UP DI PL NZ NA PO NC           
176C:049C 9D            POPF                                                    

AX=0001  BX=0001  CX=0000  DX=0000  SP=FFEC  BP=0000  SI=FFEE  DI=0000          
DS=176C  ES=176C  SS=176C  CS=176C  IP=049D   NV UP DI PL NZ NA PO NC           
176C:049D 89F4          MOV     SP,SI                                           

AX=0001  BX=0001  CX=0000  DX=0000  SP=FFEE  BP=0000  SI=FFEE  DI=0000          
DS=176C  ES=176C  SS=176C  CS=176C  IP=049F   NV UP DI PL NZ NA PO NC           
176C:049F B001          MOV     AL,01                                           

AX=0001  BX=0001  CX=0000  DX=0000  SP=FFEE  BP=0000  SI=FFEE  DI=0000          
DS=176C  ES=176C  SS=176C  CS=176C  IP=04A1   NV UP DI PL NZ NA PO NC           
176C:04A1 B200          MOV     DL,00                                           

AX=0001  BX=0001  CX=0000  DX=0000  SP=FFEE  BP=0000  SI=FFEE  DI=0000          
DS=176C  ES=176C  SS=176C  CS=176C  IP=04A3   NV UP DI PL NZ NA PO NC           
176C:04A3 B300          MOV     BL,00                                           

AX=0001  BX=0000  CX=0000  DX=0000  SP=FFEE  BP=0000  SI=FFEE  DI=0000          
DS=176C  ES=176C  SS=176C  CS=176C  IP=04A5   NV UP DI PL NZ NA PO NC           
176C:04A5 F6E8          IMUL    AL                                              

AX=0001  BX=0000  CX=0000  DX=0000  SP=FFEE  BP=0000  SI=FFEE  DI=0000          
DS=176C  ES=176C  SS=176C  CS=176C  IP=04A7   NV UP DI PL NZ NA PO NC           
176C:04A7 55            PUSH    BP                                              

AX=0001  BX=0000  CX=0000  DX=0000  SP=FFEC  BP=0000  SI=FFEE  DI=0000          
DS=176C  ES=176C  SS=176C  CS=176C  IP=04A8   NV UP DI PL NZ NA PO NC           
176C:04A8 55            PUSH    BP                                              

AX=0001  BX=0000  CX=0000  DX=0000  SP=FFEA  BP=0000  SI=FFEE  DI=0000          
DS=176C  ES=176C  SS=176C  CS=176C  IP=04A9   NV UP DI PL NZ NA PO NC           
176C:04A9 9D            POPF                                                    

AX=0001  BX=0000  CX=0000  DX=0000  SP=FFEC  BP=0000  SI=FFEE  DI=0000          
DS=176C  ES=176C  SS=176C  CS=176C  IP=04AA   NV UP DI PL NZ NA PO NC           
176C:04AA 89F4          MOV     SP,SI                                           

AX=0001  BX=0000  CX=0000  DX=0000  SP=FFEE  BP=0000  SI=FFEE  DI=0000          
DS=176C  ES=176C  SS=176C  CS=176C  IP=04AC   NV UP DI PL NZ NA PO NC           
176C:04AC B80100        MOV     AX,0001                                         

AX=0001  BX=0000  CX=0000  DX=0000  SP=FFEE  BP=0000  SI=FFEE  DI=0000          
DS=176C  ES=176C  SS=176C  CS=176C  IP=04AF   NV UP DI PL NZ NA PO NC           
176C:04AF BA0100        MOV     DX,0001                                         

AX=0001  BX=0000  CX=0000  DX=0001  SP=FFEE  BP=0000  SI=FFEE  DI=0000          
DS=176C  ES=176C  SS=176C  CS=176C  IP=04B2   NV UP DI PL NZ NA PO NC           
176C:04B2 BB0100        MOV     BX,0001                                         

AX=0001  BX=0001  CX=0000  DX=0001  SP=FFEE  BP=0000  SI=FFEE  DI=0000          
DS=176C  ES=176C  SS=176C  CS=176C  IP=04B5   NV UP DI PL NZ NA PO NC           
176C:04B5 F7E8          IMUL    AX                                              

AX=0001  BX=0001  CX=0000  DX=0000  SP=FFEE  BP=0000  SI=FFEE  DI=0000          
DS=176C  ES=176C  SS=176C  CS=176C  IP=04B7   NV UP DI PL NZ NA PO NC           
176C:04B7 55            PUSH    BP                                              

AX=0001  BX=0001  CX=0000  DX=0000  SP=FFEC  BP=0000  SI=FFEE  DI=0000          
DS=176C  ES=176C  SS=176C  CS=176C  IP=04B8   NV UP DI PL NZ NA PO NC           
176C:04B8 55            PUSH    BP                                              

AX=0001  BX=0001  CX=0000  DX=0000  SP=FFEA  BP=0000  SI=FFEE  DI=0000          
DS=176C  ES=176C  SS=176C  CS=176C  IP=04B9   NV UP DI PL NZ NA PO NC           
176C:04B9 9D            POPF                                                    

AX=0001  BX=0001  CX=0000  DX=0000  SP=FFEC  BP=0000  SI=FFEE  DI=0000          
DS=176C  ES=176C  SS=176C  CS=176C  IP=04BA   NV UP DI PL NZ NA PO NC           
176C:04BA 89F4          MOV     SP,SI                                           

AX=0001  BX=0001  CX=0000  DX=0000  SP=FFEE  BP=0000  SI=FFEE  DI=0000          
DS=176C  ES=176C  SS=176C  CS=176C  IP=04BC   NV UP DI PL NZ NA PO NC           
176C:04BC B80100        MOV     AX,0001                                         

AX=0001  BX=0001  CX=0000  DX=0000  SP=FFEE  BP=0000  SI=FFEE  DI=0000          
DS=176C  ES=176C  SS=176C  CS=176C  IP=04BF   NV UP DI PL NZ NA PO NC           
176C:04BF BA0000        MOV     DX,0000                                         

AX=0001  BX=0001  CX=0000  DX=0000  SP=FFEE  BP=0000  SI=FFEE  DI=0000          
DS=176C  ES=176C  SS=176C  CS=176C  IP=04C2   NV UP DI PL NZ NA PO NC           
176C:04C2 BB0000        MOV     BX,0000                                         

AX=0001  BX=0000  CX=0000  DX=0000  SP=FFEE  BP=0000  SI=FFEE  DI=0000          
DS=176C  ES=176C  SS=176C  CS=176C  IP=04C5   NV UP DI PL NZ NA PO NC           
176C:04C5 F7E8          IMUL    AX                                              

AX=0001  BX=0000  CX=0000  DX=0000  SP=FFEE  BP=0000  SI=FFEE  DI=0000          
DS=176C  ES=176C  SS=176C  CS=176C  IP=04C7   NV UP DI PL NZ NA PO NC           
176C:04C7 55            PUSH    BP                                              

AX=0001  BX=0000  CX=0000  DX=0000  SP=FFEC  BP=0000  SI=FFEE  DI=0000          
DS=176C  ES=176C  SS=176C  CS=176C  IP=04C8   NV UP DI PL NZ NA PO NC           
176C:04C8 55            PUSH    BP                                              

AX=0001  BX=0000  CX=0000  DX=0000  SP=FFEA  BP=0000  SI=FFEE  DI=0000          
DS=176C  ES=176C  SS=176C  CS=176C  IP=04C9   NV UP DI PL NZ NA PO NC           
176C:04C9 9D            POPF                                                    

AX=0001  BX=0000  CX=0000  DX=0000  SP=FFEC  BP=0000  SI=FFEE  DI=0000          
DS=176C  ES=176C  SS=176C  CS=176C  IP=04CA   NV UP DI PL NZ NA PO NC           
176C:04CA 89F4          MOV     SP,SI                                           

AX=0001  BX=0000  CX=0000  DX=0000  SP=FFEE  BP=0000  SI=FFEE  DI=0000          
DS=176C  ES=176C  SS=176C  CS=176C  IP=04CC   NV UP DI PL NZ NA PO NC           
176C:04CC B001          MOV     AL,01                                           

AX=0001  BX=0000  CX=0000  DX=0000  SP=FFEE  BP=0000  SI=FFEE  DI=0000          
DS=176C  ES=176C  SS=176C  CS=176C  IP=04CE   NV UP DI PL NZ NA PO NC           
176C:04CE B201          MOV     DL,01                                           

AX=0001  BX=0000  CX=0000  DX=0001  SP=FFEE  BP=0000  SI=FFEE  DI=0000          
DS=176C  ES=176C  SS=176C  CS=176C  IP=04D0   NV UP DI PL NZ NA PO NC           
176C:04D0 B301          MOV     BL,01                                           

AX=0001  BX=0001  CX=0000  DX=0001  SP=FFEE  BP=0000  SI=FFEE  DI=0000          
DS=176C  ES=176C  SS=176C  CS=176C  IP=04D2   NV UP DI PL NZ NA PO NC           
176C:04D2 F6EB          IMUL    BL                                              

AX=0001  BX=0001  CX=0000  DX=0001  SP=FFEE  BP=0000  SI=FFEE  DI=0000          
DS=176C  ES=176C  SS=176C  CS=176C  IP=04D4   NV UP DI PL NZ NA PO NC           
176C:04D4 55            PUSH    BP                                              

AX=0001  BX=0001  CX=0000  DX=0001  SP=FFEC  BP=0000  SI=FFEE  DI=0000          
DS=176C  ES=176C  SS=176C  CS=176C  IP=04D5   NV UP DI PL NZ NA PO NC           
176C:04D5 55            PUSH    BP                                              

AX=0001  BX=0001  CX=0000  DX=0001  SP=FFEA  BP=0000  SI=FFEE  DI=0000          
DS=176C  ES=176C  SS=176C  CS=176C  IP=04D6   NV UP DI PL NZ NA PO NC           
176C:04D6 9D            POPF                                                    

AX=0001  BX=0001  CX=0000  DX=0001  SP=FFEC  BP=0000  SI=FFEE  DI=0000          
DS=176C  ES=176C  SS=176C  CS=176C  IP=04D7   NV UP DI PL NZ NA PO NC           
176C:04D7 89F4          MOV     SP,SI                                           

AX=0001  BX=0001  CX=0000  DX=0001  SP=FFEE  BP=0000  SI=FFEE  DI=0000          
DS=176C  ES=176C  SS=176C  CS=176C  IP=04D9   NV UP DI PL NZ NA PO NC           
176C:04D9 B80100        MOV     AX,0001                                         

AX=0001  BX=0001  CX=0000  DX=0001  SP=FFEE  BP=0000  SI=FFEE  DI=0000          
DS=176C  ES=176C  SS=176C  CS=176C  IP=04DC   NV UP DI PL NZ NA PO NC           
176C:04DC BA0100        MOV     DX,0001                                         

AX=0001  BX=0001  CX=0000  DX=0001  SP=FFEE  BP=0000  SI=FFEE  DI=0000          
DS=176C  ES=176C  SS=176C  CS=176C  IP=04DF   NV UP DI PL NZ NA PO NC           
176C:04DF BB0100        MOV     BX,0001                                         

AX=0001  BX=0001  CX=0000  DX=0001  SP=FFEE  BP=0000  SI=FFEE  DI=0000          
DS=176C  ES=176C  SS=176C  CS=176C  IP=04E2   NV UP DI PL NZ NA PO NC           
176C:04E2 F7EB          IMUL    BX                                              

AX=0001  BX=0001  CX=0000  DX=0000  SP=FFEE  BP=0000  SI=FFEE  DI=0000          
DS=176C  ES=176C  SS=176C  CS=176C  IP=04E4   NV UP DI PL NZ NA PO NC           
176C:04E4 55            PUSH    BP                                              

AX=0001  BX=0001  CX=0000  DX=0000  SP=FFEC  BP=0000  SI=FFEE  DI=0000          
DS=176C  ES=176C  SS=176C  CS=176C  IP=04E5   NV UP DI PL NZ NA PO NC           
176C:04E5 55            PUSH    BP                                              

AX=0001  BX=0001  CX=0000  DX=0000  SP=FFEA  BP=0000  SI=FFEE  DI=0000          
DS=176C  ES=176C  SS=176C  CS=176C  IP=04E6   NV UP DI PL NZ NA PO NC           
176C:04E6 9D            POPF                                                    

AX=0001  BX=0001  CX=0000  DX=0000  SP=FFEC  BP=0000  SI=FFEE  DI=0000          
DS=176C  ES=176C  SS=176C  CS=176C  IP=04E7   NV UP DI PL NZ NA PO NC           
176C:04E7 89F4          MOV     SP,SI                                           

AX=0001  BX=0001  CX=0000  DX=0000  SP=FFEE  BP=0000  SI=FFEE  DI=0000          
DS=176C  ES=176C  SS=176C  CS=176C  IP=04E9   NV UP DI PL NZ NA PO NC           
176C:04E9 B001          MOV     AL,01                                           

AX=0001  BX=0001  CX=0000  DX=0000  SP=FFEE  BP=0000  SI=FFEE  DI=0000          
DS=176C  ES=176C  SS=176C  CS=176C  IP=04EB   NV UP DI PL NZ NA PO NC           
176C:04EB B201          MOV     DL,01                                           

AX=0001  BX=0001  CX=0000  DX=0001  SP=FFEE  BP=0000  SI=FFEE  DI=0000          
DS=176C  ES=176C  SS=176C  CS=176C  IP=04ED   NV UP DI PL NZ NA PO NC           
176C:04ED B301          MOV     BL,01                                           

AX=0001  BX=0001  CX=0000  DX=0001  SP=FFEE  BP=0000  SI=FFEE  DI=0000          
DS=176C  ES=176C  SS=176C  CS=176C  IP=04EF   NV UP DI PL NZ NA PO NC           
176C:04EF F6E8          IMUL    AL                                              

AX=0001  BX=0001  CX=0000  DX=0001  SP=FFEE  BP=0000  SI=FFEE  DI=0000          
DS=176C  ES=176C  SS=176C  CS=176C  IP=04F1   NV UP DI PL NZ NA PO NC           
176C:04F1 55            PUSH    BP                                              

AX=0001  BX=0001  CX=0000  DX=0001  SP=FFEC  BP=0000  SI=FFEE  DI=0000          
DS=176C  ES=176C  SS=176C  CS=176C  IP=04F2   NV UP DI PL NZ NA PO NC           
176C:04F2 55            PUSH    BP                                              

AX=0001  BX=0001  CX=0000  DX=0001  SP=FFEA  BP=0000  SI=FFEE  DI=0000          
DS=176C  ES=176C  SS=176C  CS=176C  IP=04F3   NV UP DI PL NZ NA PO NC           
176C:04F3 9D            POPF                                                    

AX=0001  BX=0001  CX=0000  DX=0001  SP=FFEC  BP=0000  SI=FFEE  DI=0000          
DS=176C  ES=176C  SS=176C  CS=176C  IP=04F4   NV UP DI PL NZ NA PO NC           
176C:04F4 89F4          MOV     SP,SI                                           

AX=0001  BX=0001  CX=0000  DX=0001  SP=FFEE  BP=0000  SI=FFEE  DI=0000          
DS=176C  ES=176C  SS=176C  CS=176C  IP=04F6   NV UP DI PL NZ NA PO NC           
176C:04F6 B80100        MOV     AX,0001                                         

AX=0001  BX=0001  CX=0000  DX=0001  SP=FFEE  BP=0000  SI=FFEE  DI=0000          
DS=176C  ES=176C  SS=176C  CS=176C  IP=04F9   NV UP DI PL NZ NA PO NC           
176C:04F9 BA0100        MOV     DX,0001                                         

AX=0001  BX=0001  CX=0000  DX=0001  SP=FFEE  BP=0000  SI=FFEE  DI=0000          
DS=176C  ES=176C  SS=176C  CS=176C  IP=04FC   NV UP DI PL NZ NA PO NC           
176C:04FC BB0100        MOV     BX,0001                                         

AX=0001  BX=0001  CX=0000  DX=0001  SP=FFEE  BP=0000  SI=FFEE  DI=0000          
DS=176C  ES=176C  SS=176C  CS=176C  IP=04FF   NV UP DI PL NZ NA PO NC           
176C:04FF F7E8          IMUL    AX                                              

AX=0001  BX=0001  CX=0000  DX=0000  SP=FFEE  BP=0000  SI=FFEE  DI=0000          
DS=176C  ES=176C  SS=176C  CS=176C  IP=0501   NV UP DI PL NZ NA PO NC           
176C:0501 55            PUSH    BP                                              

AX=0001  BX=0001  CX=0000  DX=0000  SP=FFEC  BP=0000  SI=FFEE  DI=0000          
DS=176C  ES=176C  SS=176C  CS=176C  IP=0502   NV UP DI PL NZ NA PO NC           
176C:0502 55            PUSH    BP                                              

AX=0001  BX=0001  CX=0000  DX=0000  SP=FFEA  BP=0000  SI=FFEE  DI=0000          
DS=176C  ES=176C  SS=176C  CS=176C  IP=0503   NV UP DI PL NZ NA PO NC           
176C:0503 9D            POPF                                                    

AX=0001  BX=0001  CX=0000  DX=0000  SP=FFEC  BP=0000  SI=FFEE  DI=0000          
DS=176C  ES=176C  SS=176C  CS=176C  IP=0504   NV UP DI PL NZ NA PO NC           
176C:0504 89F4          MOV     SP,SI                                           

AX=0001  BX=0001  CX=0000  DX=0000  SP=FFEE  BP=0000  SI=FFEE  DI=0000          
DS=176C  ES=176C  SS=176C  CS=176C  IP=0506   NV UP DI PL NZ NA PO NC           
176C:0506 B80100        MOV     AX,0001                                         

AX=0001  BX=0001  CX=0000  DX=0000  SP=FFEE  BP=0000  SI=FFEE  DI=0000          
DS=176C  ES=176C  SS=176C  CS=176C  IP=0509   NV UP DI PL NZ NA PO NC           
176C:0509 BA0100        MOV     DX,0001                                         

AX=0001  BX=0001  CX=0000  DX=0001  SP=FFEE  BP=0000  SI=FFEE  DI=0000          
DS=176C  ES=176C  SS=176C  CS=176C  IP=050C   NV UP DI PL NZ NA PO NC           
176C:050C BB0100        MOV     BX,0001                                         

AX=0001  BX=0001  CX=0000  DX=0001  SP=FFEE  BP=0000  SI=FFEE  DI=0000          
DS=176C  ES=176C  SS=176C  CS=176C  IP=050F   NV UP DI PL NZ NA PO NC           
176C:050F F7E8          IMUL    AX                                              

AX=0001  BX=0001  CX=0000  DX=0000  SP=FFEE  BP=0000  SI=FFEE  DI=0000          
DS=176C  ES=176C  SS=176C  CS=176C  IP=0511   NV UP DI PL NZ NA PO NC           
176C:0511 55            PUSH    BP                                              

AX=0001  BX=0001  CX=0000  DX=0000  SP=FFEC  BP=0000  SI=FFEE  DI=0000          
DS=176C  ES=176C  SS=176C  CS=176C  IP=0512   NV UP DI PL NZ NA PO NC           
176C:0512 55            PUSH    BP                                              

AX=0001  BX=0001  CX=0000  DX=0000  SP=FFEA  BP=0000  SI=FFEE  DI=0000          
DS=176C  ES=176C  SS=176C  CS=176C  IP=0513   NV UP DI PL NZ NA PO NC           
176C:0513 9D            POPF                                                    

AX=0001  BX=0001  CX=0000  DX=0000  SP=FFEC  BP=0000  SI=FFEE  DI=0000          
DS=176C  ES=176C  SS=176C  CS=176C  IP=0514   NV UP DI PL NZ NA PO NC           
176C:0514 89F4          MOV     SP,SI                                           

AX=0001  BX=0001  CX=0000  DX=0000  SP=FFEE  BP=0000  SI=FFEE  DI=0000          
DS=176C  ES=176C  SS=176C  CS=176C  IP=0516   NV UP DI PL NZ NA PO NC           
176C:0516 B0FF          MOV     AL,FF                                           

AX=00FF  BX=0001  CX=0000  DX=0000  SP=FFEE  BP=0000  SI=FFEE  DI=0000          
DS=176C  ES=176C  SS=176C  CS=176C  IP=0518   NV UP DI PL NZ NA PO NC           
176C:0518 B200          MOV     DL,00                                           

AX=00FF  BX=0001  CX=0000  DX=0000  SP=FFEE  BP=0000  SI=FFEE  DI=0000          
DS=176C  ES=176C  SS=176C  CS=176C  IP=051A   NV UP DI PL NZ NA PO NC           
176C:051A B300          MOV     BL,00                                           

AX=00FF  BX=0000  CX=0000  DX=0000  SP=FFEE  BP=0000  SI=FFEE  DI=0000          
DS=176C  ES=176C  SS=176C  CS=176C  IP=051C   NV UP DI PL NZ NA PO NC           
176C:051C F6EB          IMUL    BL                                              

AX=0000  BX=0000  CX=0000  DX=0000  SP=FFEE  BP=0000  SI=FFEE  DI=0000          
DS=176C  ES=176C  SS=176C  CS=176C  IP=051E   NV UP DI PL ZR NA PE NC           
176C:051E 55            PUSH    BP                                              

AX=0000  BX=0000  CX=0000  DX=0000  SP=FFEC  BP=0000  SI=FFEE  DI=0000          
DS=176C  ES=176C  SS=176C  CS=176C  IP=051F   NV UP DI PL ZR NA PE NC           
176C:051F 55            PUSH    BP                                              

AX=0000  BX=0000  CX=0000  DX=0000  SP=FFEA  BP=0000  SI=FFEE  DI=0000          
DS=176C  ES=176C  SS=176C  CS=176C  IP=0520   NV UP DI PL ZR NA PE NC           
176C:0520 9D            POPF                                                    

AX=0000  BX=0000  CX=0000  DX=0000  SP=FFEC  BP=0000  SI=FFEE  DI=0000          
DS=176C  ES=176C  SS=176C  CS=176C  IP=0521   NV UP DI PL NZ NA PO NC           
176C:0521 89F4          MOV     SP,SI                                           

AX=0000  BX=0000  CX=0000  DX=0000  SP=FFEE  BP=0000  SI=FFEE  DI=0000          
DS=176C  ES=176C  SS=176C  CS=176C  IP=0523   NV UP DI PL NZ NA PO NC           
176C:0523 B8FFFF        MOV     AX,FFFF                                         

AX=FFFF  BX=0000  CX=0000  DX=0000  SP=FFEE  BP=0000  SI=FFEE  DI=0000          
DS=176C  ES=176C  SS=176C  CS=176C  IP=0526   NV UP DI PL NZ NA PO NC           
176C:0526 BA0100        MOV     DX,0001                                         

AX=FFFF  BX=0000  CX=0000  DX=0001  SP=FFEE  BP=0000  SI=FFEE  DI=0000          
DS=176C  ES=176C  SS=176C  CS=176C  IP=0529   NV UP DI PL NZ NA PO NC           
176C:0529 BB0100        MOV     BX,0001                                         

AX=FFFF  BX=0001  CX=0000  DX=0001  SP=FFEE  BP=0000  SI=FFEE  DI=0000          
DS=176C  ES=176C  SS=176C  CS=176C  IP=052C   NV UP DI PL NZ NA PO NC           
176C:052C F7EB          IMUL    BX                                              

AX=FFFF  BX=0001  CX=0000  DX=FFFF  SP=FFEE  BP=0000  SI=FFEE  DI=0000          
DS=176C  ES=176C  SS=176C  CS=176C  IP=052E   NV UP DI NG NZ NA PE NC           
176C:052E 55            PUSH    BP                                              

AX=FFFF  BX=0001  CX=0000  DX=FFFF  SP=FFEC  BP=0000  SI=FFEE  DI=0000          
DS=176C  ES=176C  SS=176C  CS=176C  IP=052F   NV UP DI NG NZ NA PE NC           
176C:052F 55            PUSH    BP                                              

AX=FFFF  BX=0001  CX=0000  DX=FFFF  SP=FFEA  BP=0000  SI=FFEE  DI=0000          
DS=176C  ES=176C  SS=176C  CS=176C  IP=0530   NV UP DI NG NZ NA PE NC           
176C:0530 9D            POPF                                                    

AX=FFFF  BX=0001  CX=0000  DX=FFFF  SP=FFEC  BP=0000  SI=FFEE  DI=0000          
DS=176C  ES=176C  SS=176C  CS=176C  IP=0531   NV UP DI PL NZ NA PO NC           
176C:0531 89F4          MOV     SP,SI                                           

AX=FFFF  BX=0001  CX=0000  DX=FFFF  SP=FFEE  BP=0000  SI=FFEE  DI=0000          
DS=176C  ES=176C  SS=176C  CS=176C  IP=0533   NV UP DI PL NZ NA PO NC           
176C:0533 B0FF          MOV     AL,FF                                           

AX=FFFF  BX=0001  CX=0000  DX=FFFF  SP=FFEE  BP=0000  SI=FFEE  DI=0000          
DS=176C  ES=176C  SS=176C  CS=176C  IP=0535   NV UP DI PL NZ NA PO NC           
176C:0535 B200          MOV     DL,00                                           

AX=FFFF  BX=0001  CX=0000  DX=FF00  SP=FFEE  BP=0000  SI=FFEE  DI=0000          
DS=176C  ES=176C  SS=176C  CS=176C  IP=0537   NV UP DI PL NZ NA PO NC           
176C:0537 B300          MOV     BL,00                                           

AX=FFFF  BX=0000  CX=0000  DX=FF00  SP=FFEE  BP=0000  SI=FFEE  DI=0000          
DS=176C  ES=176C  SS=176C  CS=176C  IP=0539   NV UP DI PL NZ NA PO NC           
176C:0539 F6E8          IMUL    AL                                              

AX=0001  BX=0000  CX=0000  DX=FF00  SP=FFEE  BP=0000  SI=FFEE  DI=0000          
DS=176C  ES=176C  SS=176C  CS=176C  IP=053B   NV UP DI PL NZ NA PO NC           
176C:053B 55            PUSH    BP                                              

AX=0001  BX=0000  CX=0000  DX=FF00  SP=FFEC  BP=0000  SI=FFEE  DI=0000          
DS=176C  ES=176C  SS=176C  CS=176C  IP=053C   NV UP DI PL NZ NA PO NC           
176C:053C 55            PUSH    BP                                              

AX=0001  BX=0000  CX=0000  DX=FF00  SP=FFEA  BP=0000  SI=FFEE  DI=0000          
DS=176C  ES=176C  SS=176C  CS=176C  IP=053D   NV UP DI PL NZ NA PO NC           
176C:053D 9D            POPF                                                    

AX=0001  BX=0000  CX=0000  DX=FF00  SP=FFEC  BP=0000  SI=FFEE  DI=0000          
DS=176C  ES=176C  SS=176C  CS=176C  IP=053E   NV UP DI PL NZ NA PO NC           
176C:053E 89F4          MOV     SP,SI                                           

AX=0001  BX=0000  CX=0000  DX=FF00  SP=FFEE  BP=0000  SI=FFEE  DI=0000          
DS=176C  ES=176C  SS=176C  CS=176C  IP=0540   NV UP DI PL NZ NA PO NC           
176C:0540 B8FFFF        MOV     AX,FFFF                                         

AX=FFFF  BX=0000  CX=0000  DX=FF00  SP=FFEE  BP=0000  SI=FFEE  DI=0000          
DS=176C  ES=176C  SS=176C  CS=176C  IP=0543   NV UP DI PL NZ NA PO NC           
176C:0543 BA0100        MOV     DX,0001                                         

AX=FFFF  BX=0000  CX=0000  DX=0001  SP=FFEE  BP=0000  SI=FFEE  DI=0000          
DS=176C  ES=176C  SS=176C  CS=176C  IP=0546   NV UP DI PL NZ NA PO NC           
176C:0546 BB0100        MOV     BX,0001                                         

AX=FFFF  BX=0001  CX=0000  DX=0001  SP=FFEE  BP=0000  SI=FFEE  DI=0000          
DS=176C  ES=176C  SS=176C  CS=176C  IP=0549   NV UP DI PL NZ NA PO NC           
176C:0549 F7E8          IMUL    AX                                              

AX=0001  BX=0001  CX=0000  DX=0000  SP=FFEE  BP=0000  SI=FFEE  DI=0000          
DS=176C  ES=176C  SS=176C  CS=176C  IP=054B   NV UP DI PL NZ NA PO NC           
176C:054B 55            PUSH    BP                                              

AX=0001  BX=0001  CX=0000  DX=0000  SP=FFEC  BP=0000  SI=FFEE  DI=0000          
DS=176C  ES=176C  SS=176C  CS=176C  IP=054C   NV UP DI PL NZ NA PO NC           
176C:054C 55            PUSH    BP                                              

AX=0001  BX=0001  CX=0000  DX=0000  SP=FFEA  BP=0000  SI=FFEE  DI=0000          
DS=176C  ES=176C  SS=176C  CS=176C  IP=054D   NV UP DI PL NZ NA PO NC           
176C:054D 9D            POPF                                                    

AX=0001  BX=0001  CX=0000  DX=0000  SP=FFEC  BP=0000  SI=FFEE  DI=0000          
DS=176C  ES=176C  SS=176C  CS=176C  IP=054E   NV UP DI PL NZ NA PO NC           
176C:054E 89F4          MOV     SP,SI                                           

AX=0001  BX=0001  CX=0000  DX=0000  SP=FFEE  BP=0000  SI=FFEE  DI=0000          
DS=176C  ES=176C  SS=176C  CS=176C  IP=0550   NV UP DI PL NZ NA PO NC           
176C:0550 B8FFFF        MOV     AX,FFFF                                         

AX=FFFF  BX=0001  CX=0000  DX=0000  SP=FFEE  BP=0000  SI=FFEE  DI=0000          
DS=176C  ES=176C  SS=176C  CS=176C  IP=0553   NV UP DI PL NZ NA PO NC           
176C:0553 BA0000        MOV     DX,0000                                         

AX=FFFF  BX=0001  CX=0000  DX=0000  SP=FFEE  BP=0000  SI=FFEE  DI=0000          
DS=176C  ES=176C  SS=176C  CS=176C  IP=0556   NV UP DI PL NZ NA PO NC           
176C:0556 BB0000        MOV     BX,0000                                         

AX=FFFF  BX=0000  CX=0000  DX=0000  SP=FFEE  BP=0000  SI=FFEE  DI=0000          
DS=176C  ES=176C  SS=176C  CS=176C  IP=0559   NV UP DI PL NZ NA PO NC           
176C:0559 F7E8          IMUL    AX                                              

AX=0001  BX=0000  CX=0000  DX=0000  SP=FFEE  BP=0000  SI=FFEE  DI=0000          
DS=176C  ES=176C  SS=176C  CS=176C  IP=055B   NV UP DI PL NZ NA PO NC           
176C:055B 55            PUSH    BP                                              

AX=0001  BX=0000  CX=0000  DX=0000  SP=FFEC  BP=0000  SI=FFEE  DI=0000          
DS=176C  ES=176C  SS=176C  CS=176C  IP=055C   NV UP DI PL NZ NA PO NC           
176C:055C 55            PUSH    BP                                              

AX=0001  BX=0000  CX=0000  DX=0000  SP=FFEA  BP=0000  SI=FFEE  DI=0000          
DS=176C  ES=176C  SS=176C  CS=176C  IP=055D   NV UP DI PL NZ NA PO NC           
176C:055D 9D            POPF                                                    

AX=0001  BX=0000  CX=0000  DX=0000  SP=FFEC  BP=0000  SI=FFEE  DI=0000          
DS=176C  ES=176C  SS=176C  CS=176C  IP=055E   NV UP DI PL NZ NA PO NC           
176C:055E 89F4          MOV     SP,SI                                           

AX=0001  BX=0000  CX=0000  DX=0000  SP=FFEE  BP=0000  SI=FFEE  DI=0000          
DS=176C  ES=176C  SS=176C  CS=176C  IP=0560   NV UP DI PL NZ NA PO NC           
176C:0560 B0FF          MOV     AL,FF                                           

AX=00FF  BX=0000  CX=0000  DX=0000  SP=FFEE  BP=0000  SI=FFEE  DI=0000          
DS=176C  ES=176C  SS=176C  CS=176C  IP=0562   NV UP DI PL NZ NA PO NC           
176C:0562 B201          MOV     DL,01                                           

AX=00FF  BX=0000  CX=0000  DX=0001  SP=FFEE  BP=0000  SI=FFEE  DI=0000          
DS=176C  ES=176C  SS=176C  CS=176C  IP=0564   NV UP DI PL NZ NA PO NC           
176C:0564 B301          MOV     BL,01                                           

AX=00FF  BX=0001  CX=0000  DX=0001  SP=FFEE  BP=0000  SI=FFEE  DI=0000          
DS=176C  ES=176C  SS=176C  CS=176C  IP=0566   NV UP DI PL NZ NA PO NC           
176C:0566 F6EB          IMUL    BL                                              

AX=FFFF  BX=0001  CX=0000  DX=0001  SP=FFEE  BP=0000  SI=FFEE  DI=0000          
DS=176C  ES=176C  SS=176C  CS=176C  IP=0568   NV UP DI NG NZ NA PE NC           
176C:0568 55            PUSH    BP                                              

AX=FFFF  BX=0001  CX=0000  DX=0001  SP=FFEC  BP=0000  SI=FFEE  DI=0000          
DS=176C  ES=176C  SS=176C  CS=176C  IP=0569   NV UP DI NG NZ NA PE NC           
176C:0569 55            PUSH    BP                                              

AX=FFFF  BX=0001  CX=0000  DX=0001  SP=FFEA  BP=0000  SI=FFEE  DI=0000          
DS=176C  ES=176C  SS=176C  CS=176C  IP=056A   NV UP DI NG NZ NA PE NC           
176C:056A 9D            POPF                                                    

AX=FFFF  BX=0001  CX=0000  DX=0001  SP=FFEC  BP=0000  SI=FFEE  DI=0000          
DS=176C  ES=176C  SS=176C  CS=176C  IP=056B   NV UP DI PL NZ NA PO NC           
176C:056B 89F4          MOV     SP,SI                                           

AX=FFFF  BX=0001  CX=0000  DX=0001  SP=FFEE  BP=0000  SI=FFEE  DI=0000          
DS=176C  ES=176C  SS=176C  CS=176C  IP=056D   NV UP DI PL NZ NA PO NC           
176C:056D B8FFFF        MOV     AX,FFFF                                         

AX=FFFF  BX=0001  CX=0000  DX=0001  SP=FFEE  BP=0000  SI=FFEE  DI=0000          
DS=176C  ES=176C  SS=176C  CS=176C  IP=0570   NV UP DI PL NZ NA PO NC           
176C:0570 BA0100        MOV     DX,0001                                         

AX=FFFF  BX=0001  CX=0000  DX=0001  SP=FFEE  BP=0000  SI=FFEE  DI=0000          
DS=176C  ES=176C  SS=176C  CS=176C  IP=0573   NV UP DI PL NZ NA PO NC           
176C:0573 BB0100        MOV     BX,0001                                         

AX=FFFF  BX=0001  CX=0000  DX=0001  SP=FFEE  BP=0000  SI=FFEE  DI=0000          
DS=176C  ES=176C  SS=176C  CS=176C  IP=0576   NV UP DI PL NZ NA PO NC           
176C:0576 F7EB          IMUL    BX                                              

AX=FFFF  BX=0001  CX=0000  DX=FFFF  SP=FFEE  BP=0000  SI=FFEE  DI=0000          
DS=176C  ES=176C  SS=176C  CS=176C  IP=0578   NV UP DI NG NZ NA PE NC           
176C:0578 55            PUSH    BP                                              

AX=FFFF  BX=0001  CX=0000  DX=FFFF  SP=FFEC  BP=0000  SI=FFEE  DI=0000          
DS=176C  ES=176C  SS=176C  CS=176C  IP=0579   NV UP DI NG NZ NA PE NC           
176C:0579 55            PUSH    BP                                              

AX=FFFF  BX=0001  CX=0000  DX=FFFF  SP=FFEA  BP=0000  SI=FFEE  DI=0000          
DS=176C  ES=176C  SS=176C  CS=176C  IP=057A   NV UP DI NG NZ NA PE NC           
176C:057A 9D            POPF                                                    

AX=FFFF  BX=0001  CX=0000  DX=FFFF  SP=FFEC  BP=0000  SI=FFEE  DI=0000          
DS=176C  ES=176C  SS=176C  CS=176C  IP=057B   NV UP DI PL NZ NA PO NC           
176C:057B 89F4          MOV     SP,SI                                           

AX=FFFF  BX=0001  CX=0000  DX=FFFF  SP=FFEE  BP=0000  SI=FFEE  DI=0000          
DS=176C  ES=176C  SS=176C  CS=176C  IP=057D   NV UP DI PL NZ NA PO NC           
176C:057D B0FF          MOV     AL,FF                                           

AX=FFFF  BX=0001  CX=0000  DX=FFFF  SP=FFEE  BP=0000  SI=FFEE  DI=0000          
DS=176C  ES=176C  SS=176C  CS=176C  IP=057F   NV UP DI PL NZ NA PO NC           
176C:057F B201          MOV     DL,01                                           

AX=FFFF  BX=0001  CX=0000  DX=FF01  SP=FFEE  BP=0000  SI=FFEE  DI=0000          
DS=176C  ES=176C  SS=176C  CS=176C  IP=0581   NV UP DI PL NZ NA PO NC           
176C:0581 B301          MOV     BL,01                                           

AX=FFFF  BX=0001  CX=0000  DX=FF01  SP=FFEE  BP=0000  SI=FFEE  DI=0000          
DS=176C  ES=176C  SS=176C  CS=176C  IP=0583   NV UP DI PL NZ NA PO NC           
176C:0583 F6E8          IMUL    AL                                              

AX=0001  BX=0001  CX=0000  DX=FF01  SP=FFEE  BP=0000  SI=FFEE  DI=0000          
DS=176C  ES=176C  SS=176C  CS=176C  IP=0585   NV UP DI PL NZ NA PO NC           
176C:0585 55            PUSH    BP                                              

AX=0001  BX=0001  CX=0000  DX=FF01  SP=FFEC  BP=0000  SI=FFEE  DI=0000          
DS=176C  ES=176C  SS=176C  CS=176C  IP=0586   NV UP DI PL NZ NA PO NC           
176C:0586 55            PUSH    BP                                              

AX=0001  BX=0001  CX=0000  DX=FF01  SP=FFEA  BP=0000  SI=FFEE  DI=0000          
DS=176C  ES=176C  SS=176C  CS=176C  IP=0587   NV UP DI PL NZ NA PO NC           
176C:0587 9D            POPF                                                    

AX=0001  BX=0001  CX=0000  DX=FF01  SP=FFEC  BP=0000  SI=FFEE  DI=0000          
DS=176C  ES=176C  SS=176C  CS=176C  IP=0588   NV UP DI PL NZ NA PO NC           
176C:0588 89F4          MOV     SP,SI                                           

AX=0001  BX=0001  CX=0000  DX=FF01  SP=FFEE  BP=0000  SI=FFEE  DI=0000          
DS=176C  ES=176C  SS=176C  CS=176C  IP=058A   NV UP DI PL NZ NA PO NC           
176C:058A B8FFFF        MOV     AX,FFFF                                         

AX=FFFF  BX=0001  CX=0000  DX=FF01  SP=FFEE  BP=0000  SI=FFEE  DI=0000          
DS=176C  ES=176C  SS=176C  CS=176C  IP=058D   NV UP DI PL NZ NA PO NC           
176C:058D BA0100        MOV     DX,0001                                         

AX=FFFF  BX=0001  CX=0000  DX=0001  SP=FFEE  BP=0000  SI=FFEE  DI=0000          
DS=176C  ES=176C  SS=176C  CS=176C  IP=0590   NV UP DI PL NZ NA PO NC           
176C:0590 BB0100        MOV     BX,0001                                         

AX=FFFF  BX=0001  CX=0000  DX=0001  SP=FFEE  BP=0000  SI=FFEE  DI=0000          
DS=176C  ES=176C  SS=176C  CS=176C  IP=0593   NV UP DI PL NZ NA PO NC           
176C:0593 F7E8          IMUL    AX                                              

AX=0001  BX=0001  CX=0000  DX=0000  SP=FFEE  BP=0000  SI=FFEE  DI=0000          
DS=176C  ES=176C  SS=176C  CS=176C  IP=0595   NV UP DI PL NZ NA PO NC           
176C:0595 55            PUSH    BP                                              

AX=0001  BX=0001  CX=0000  DX=0000  SP=FFEC  BP=0000  SI=FFEE  DI=0000          
DS=176C  ES=176C  SS=176C  CS=176C  IP=0596   NV UP DI PL NZ NA PO NC           
176C:0596 55            PUSH    BP                                              

AX=0001  BX=0001  CX=0000  DX=0000  SP=FFEA  BP=0000  SI=FFEE  DI=0000          
DS=176C  ES=176C  SS=176C  CS=176C  IP=0597   NV UP DI PL NZ NA PO NC           
176C:0597 9D            POPF                                                    

AX=0001  BX=0001  CX=0000  DX=0000  SP=FFEC  BP=0000  SI=FFEE  DI=0000          
DS=176C  ES=176C  SS=176C  CS=176C  IP=0598   NV UP DI PL NZ NA PO NC           
176C:0598 89F4          MOV     SP,SI                                           

AX=0001  BX=0001  CX=0000  DX=0000  SP=FFEE  BP=0000  SI=FFEE  DI=0000          
DS=176C  ES=176C  SS=176C  CS=176C  IP=059A   NV UP DI PL NZ NA PO NC           
176C:059A B8FFFF        MOV     AX,FFFF                                         

AX=FFFF  BX=0001  CX=0000  DX=0000  SP=FFEE  BP=0000  SI=FFEE  DI=0000          
DS=176C  ES=176C  SS=176C  CS=176C  IP=059D   NV UP DI PL NZ NA PO NC           
176C:059D BA0100        MOV     DX,0001                                         

AX=FFFF  BX=0001  CX=0000  DX=0001  SP=FFEE  BP=0000  SI=FFEE  DI=0000          
DS=176C  ES=176C  SS=176C  CS=176C  IP=05A0   NV UP DI PL NZ NA PO NC           
176C:05A0 BB0100        MOV     BX,0001                                         

AX=FFFF  BX=0001  CX=0000  DX=0001  SP=FFEE  BP=0000  SI=FFEE  DI=0000          
DS=176C  ES=176C  SS=176C  CS=176C  IP=05A3   NV UP DI PL NZ NA PO NC           
176C:05A3 F7E8          IMUL    AX                                              

AX=0001  BX=0001  CX=0000  DX=0000  SP=FFEE  BP=0000  SI=FFEE  DI=0000          
DS=176C  ES=176C  SS=176C  CS=176C  IP=05A5   NV UP DI PL NZ NA PO NC           
176C:05A5 55            PUSH    BP                                              

AX=0001  BX=0001  CX=0000  DX=0000  SP=FFEC  BP=0000  SI=FFEE  DI=0000          
DS=176C  ES=176C  SS=176C  CS=176C  IP=05A6   NV UP DI PL NZ NA PO NC           
176C:05A6 55            PUSH    BP                                              

AX=0001  BX=0001  CX=0000  DX=0000  SP=FFEA  BP=0000  SI=FFEE  DI=0000          
DS=176C  ES=176C  SS=176C  CS=176C  IP=05A7   NV UP DI PL NZ NA PO NC           
176C:05A7 9D            POPF                                                    

AX=0001  BX=0001  CX=0000  DX=0000  SP=FFEC  BP=0000  SI=FFEE  DI=0000          
DS=176C  ES=176C  SS=176C  CS=176C  IP=05A8   NV UP DI PL NZ NA PO NC           
176C:05A8 89F4          MOV     SP,SI                                           

AX=0001  BX=0001  CX=0000  DX=0000  SP=FFEE  BP=0000  SI=FFEE  DI=0000          
DS=176C  ES=176C  SS=176C  CS=176C  IP=05AA   NV UP DI PL NZ NA PO NC           
176C:05AA B000          MOV     AL,00                                           

AX=0000  BX=0001  CX=0000  DX=0000  SP=FFEE  BP=0000  SI=FFEE  DI=0000          
DS=176C  ES=176C  SS=176C  CS=176C  IP=05AC   NV UP DI PL NZ NA PO NC           
176C:05AC B201          MOV     DL,01                                           

AX=0000  BX=0001  CX=0000  DX=0001  SP=FFEE  BP=0000  SI=FFEE  DI=0000          
DS=176C  ES=176C  SS=176C  CS=176C  IP=05AE   NV UP DI PL NZ NA PO NC           
176C:05AE B301          MOV     BL,01                                           

AX=0000  BX=0001  CX=0000  DX=0001  SP=FFEE  BP=0000  SI=FFEE  DI=0000          
DS=176C  ES=176C  SS=176C  CS=176C  IP=05B0   NV UP DI PL NZ NA PO NC           
176C:05B0 F6EB          IMUL    BL                                              

AX=0000  BX=0001  CX=0000  DX=0001  SP=FFEE  BP=0000  SI=FFEE  DI=0000          
DS=176C  ES=176C  SS=176C  CS=176C  IP=05B2   NV UP DI PL ZR NA PE NC           
176C:05B2 55            PUSH    BP                                              

AX=0000  BX=0001  CX=0000  DX=0001  SP=FFEC  BP=0000  SI=FFEE  DI=0000          
DS=176C  ES=176C  SS=176C  CS=176C  IP=05B3   NV UP DI PL ZR NA PE NC           
176C:05B3 55            PUSH    BP                                              

AX=0000  BX=0001  CX=0000  DX=0001  SP=FFEA  BP=0000  SI=FFEE  DI=0000          
DS=176C  ES=176C  SS=176C  CS=176C  IP=05B4   NV UP DI PL ZR NA PE NC           
176C:05B4 9D            POPF                                                    

AX=0000  BX=0001  CX=0000  DX=0001  SP=FFEC  BP=0000  SI=FFEE  DI=0000          
DS=176C  ES=176C  SS=176C  CS=176C  IP=05B5   NV UP DI PL NZ NA PO NC           
176C:05B5 89F4          MOV     SP,SI                                           

AX=0000  BX=0001  CX=0000  DX=0001  SP=FFEE  BP=0000  SI=FFEE  DI=0000          
DS=176C  ES=176C  SS=176C  CS=176C  IP=05B7   NV UP DI PL NZ NA PO NC           
176C:05B7 B80080        MOV     AX,8000                                         

AX=8000  BX=0001  CX=0000  DX=0001  SP=FFEE  BP=0000  SI=FFEE  DI=0000          
DS=176C  ES=176C  SS=176C  CS=176C  IP=05BA   NV UP DI PL NZ NA PO NC           
176C:05BA BA0100        MOV     DX,0001                                         

AX=8000  BX=0001  CX=0000  DX=0001  SP=FFEE  BP=0000  SI=FFEE  DI=0000          
DS=176C  ES=176C  SS=176C  CS=176C  IP=05BD   NV UP DI PL NZ NA PO NC           
176C:05BD BB0100        MOV     BX,0001                                         

AX=8000  BX=0001  CX=0000  DX=0001  SP=FFEE  BP=0000  SI=FFEE  DI=0000          
DS=176C  ES=176C  SS=176C  CS=176C  IP=05C0   NV UP DI PL NZ NA PO NC           
176C:05C0 F7EB          IMUL    BX                                              

AX=8000  BX=0001  CX=0000  DX=FFFF  SP=FFEE  BP=0000  SI=FFEE  DI=0000          
DS=176C  ES=176C  SS=176C  CS=176C  IP=05C2   NV UP DI NG NZ NA PE NC           
176C:05C2 55            PUSH    BP                                              

AX=8000  BX=0001  CX=0000  DX=FFFF  SP=FFEC  BP=0000  SI=FFEE  DI=0000          
DS=176C  ES=176C  SS=176C  CS=176C  IP=05C3   NV UP DI NG NZ NA PE NC           
176C:05C3 55            PUSH    BP                                              

AX=8000  BX=0001  CX=0000  DX=FFFF  SP=FFEA  BP=0000  SI=FFEE  DI=0000          
DS=176C  ES=176C  SS=176C  CS=176C  IP=05C4   NV UP DI NG NZ NA PE NC           
176C:05C4 9D            POPF                                                    

AX=8000  BX=0001  CX=0000  DX=FFFF  SP=FFEC  BP=0000  SI=FFEE  DI=0000          
DS=176C  ES=176C  SS=176C  CS=176C  IP=05C5   NV UP DI PL NZ NA PO NC           
176C:05C5 89F4          MOV     SP,SI                                           

AX=8000  BX=0001  CX=0000  DX=FFFF  SP=FFEE  BP=0000  SI=FFEE  DI=0000          
DS=176C  ES=176C  SS=176C  CS=176C  IP=05C7   NV UP DI PL NZ NA PO NC           
176C:05C7 B000          MOV     AL,00                                           

AX=8000  BX=0001  CX=0000  DX=FFFF  SP=FFEE  BP=0000  SI=FFEE  DI=0000          
DS=176C  ES=176C  SS=176C  CS=176C  IP=05C9   NV UP DI PL NZ NA PO NC           
176C:05C9 B201          MOV     DL,01                                           

AX=8000  BX=0001  CX=0000  DX=FF01  SP=FFEE  BP=0000  SI=FFEE  DI=0000          
DS=176C  ES=176C  SS=176C  CS=176C  IP=05CB   NV UP DI PL NZ NA PO NC           
176C:05CB B301          MOV     BL,01                                           

AX=8000  BX=0001  CX=0000  DX=FF01  SP=FFEE  BP=0000  SI=FFEE  DI=0000          
DS=176C  ES=176C  SS=176C  CS=176C  IP=05CD   NV UP DI PL NZ NA PO NC           
176C:05CD F6E8          IMUL    AL                                              

AX=0000  BX=0001  CX=0000  DX=FF01  SP=FFEE  BP=0000  SI=FFEE  DI=0000          
DS=176C  ES=176C  SS=176C  CS=176C  IP=05CF   NV UP DI PL ZR NA PE NC           
176C:05CF 55            PUSH    BP                                              

AX=0000  BX=0001  CX=0000  DX=FF01  SP=FFEC  BP=0000  SI=FFEE  DI=0000          
DS=176C  ES=176C  SS=176C  CS=176C  IP=05D0   NV UP DI PL ZR NA PE NC           
176C:05D0 55            PUSH    BP                                              

AX=0000  BX=0001  CX=0000  DX=FF01  SP=FFEA  BP=0000  SI=FFEE  DI=0000          
DS=176C  ES=176C  SS=176C  CS=176C  IP=05D1   NV UP DI PL ZR NA PE NC           
176C:05D1 9D            POPF                                                    

AX=0000  BX=0001  CX=0000  DX=FF01  SP=FFEC  BP=0000  SI=FFEE  DI=0000          
DS=176C  ES=176C  SS=176C  CS=176C  IP=05D2   NV UP DI PL NZ NA PO NC           
176C:05D2 89F4          MOV     SP,SI                                           

AX=0000  BX=0001  CX=0000  DX=FF01  SP=FFEE  BP=0000  SI=FFEE  DI=0000          
DS=176C  ES=176C  SS=176C  CS=176C  IP=05D4   NV UP DI PL NZ NA PO NC           
176C:05D4 B80080        MOV     AX,8000                                         

AX=8000  BX=0001  CX=0000  DX=FF01  SP=FFEE  BP=0000  SI=FFEE  DI=0000          
DS=176C  ES=176C  SS=176C  CS=176C  IP=05D7   NV UP DI PL NZ NA PO NC           
176C:05D7 BA0100        MOV     DX,0001                                         

AX=8000  BX=0001  CX=0000  DX=0001  SP=FFEE  BP=0000  SI=FFEE  DI=0000          
DS=176C  ES=176C  SS=176C  CS=176C  IP=05DA   NV UP DI PL NZ NA PO NC           
176C:05DA BB0100        MOV     BX,0001                                         

AX=8000  BX=0001  CX=0000  DX=0001  SP=FFEE  BP=0000  SI=FFEE  DI=0000          
DS=176C  ES=176C  SS=176C  CS=176C  IP=05DD   NV UP DI PL NZ NA PO NC           
176C:05DD F7E8          IMUL    AX                                              

AX=0000  BX=0001  CX=0000  DX=4000  SP=FFEE  BP=0000  SI=FFEE  DI=0000          
DS=176C  ES=176C  SS=176C  CS=176C  IP=05DF   OV UP DI PL ZR NA PE CY           
176C:05DF 55            PUSH    BP                                              

AX=0000  BX=0001  CX=0000  DX=4000  SP=FFEC  BP=0000  SI=FFEE  DI=0000          
DS=176C  ES=176C  SS=176C  CS=176C  IP=05E0   OV UP DI PL ZR NA PE CY           
176C:05E0 55            PUSH    BP                                              

AX=0000  BX=0001  CX=0000  DX=4000  SP=FFEA  BP=0000  SI=FFEE  DI=0000          
DS=176C  ES=176C  SS=176C  CS=176C  IP=05E1   OV UP DI PL ZR NA PE CY           
176C:05E1 9D            POPF                                                    

AX=0000  BX=0001  CX=0000  DX=4000  SP=FFEC  BP=0000  SI=FFEE  DI=0000          
DS=176C  ES=176C  SS=176C  CS=176C  IP=05E2   NV UP DI PL NZ NA PO NC           
176C:05E2 89F4          MOV     SP,SI                                           

AX=0000  BX=0001  CX=0000  DX=4000  SP=FFEE  BP=0000  SI=FFEE  DI=0000          
DS=176C  ES=176C  SS=176C  CS=176C  IP=05E4   NV UP DI PL NZ NA PO NC           
176C:05E4 B80080        MOV     AX,8000                                         

AX=8000  BX=0001  CX=0000  DX=4000  SP=FFEE  BP=0000  SI=FFEE  DI=0000          
DS=176C  ES=176C  SS=176C  CS=176C  IP=05E7   NV UP DI PL NZ NA PO NC           
176C:05E7 BA0000        MOV     DX,0000                                         

AX=8000  BX=0001  CX=0000  DX=0000  SP=FFEE  BP=0000  SI=FFEE  DI=0000          
DS=176C  ES=176C  SS=176C  CS=176C  IP=05EA   NV UP DI PL NZ NA PO NC           
176C:05EA BB0000        MOV     BX,0000                                         

AX=8000  BX=0000  CX=0000  DX=0000  SP=FFEE  BP=0000  SI=FFEE  DI=0000          
DS=176C  ES=176C  SS=176C  CS=176C  IP=05ED   NV UP DI PL NZ NA PO NC           
176C:05ED F7E8          IMUL    AX                                              

AX=0000  BX=0000  CX=0000  DX=4000  SP=FFEE  BP=0000  SI=FFEE  DI=0000          
DS=176C  ES=176C  SS=176C  CS=176C  IP=05EF   OV UP DI PL ZR NA PE CY           
176C:05EF 55            PUSH    BP                                              

AX=0000  BX=0000  CX=0000  DX=4000  SP=FFEC  BP=0000  SI=FFEE  DI=0000          
DS=176C  ES=176C  SS=176C  CS=176C  IP=05F0   OV UP DI PL ZR NA PE CY           
176C:05F0 55            PUSH    BP                                              

AX=0000  BX=0000  CX=0000  DX=4000  SP=FFEA  BP=0000  SI=FFEE  DI=0000          
DS=176C  ES=176C  SS=176C  CS=176C  IP=05F1   OV UP DI PL ZR NA PE CY           
176C:05F1 9D            POPF                                                    

AX=0000  BX=0000  CX=0000  DX=4000  SP=FFEC  BP=0000  SI=FFEE  DI=0000          
DS=176C  ES=176C  SS=176C  CS=176C  IP=05F2   NV UP DI PL NZ NA PO NC           
176C:05F2 89F4          MOV     SP,SI                                           

AX=0000  BX=0000  CX=0000  DX=4000  SP=FFEE  BP=0000  SI=FFEE  DI=0000          
DS=176C  ES=176C  SS=176C  CS=176C  IP=05F4   NV UP DI PL NZ NA PO NC           
176C:05F4 B000          MOV     AL,00                                           

AX=0000  BX=0000  CX=0000  DX=4000  SP=FFEE  BP=0000  SI=FFEE  DI=0000          
DS=176C  ES=176C  SS=176C  CS=176C  IP=05F6   NV UP DI PL NZ NA PO NC           
176C:05F6 B201          MOV     DL,01                                           

AX=0000  BX=0000  CX=0000  DX=4001  SP=FFEE  BP=0000  SI=FFEE  DI=0000          
DS=176C  ES=176C  SS=176C  CS=176C  IP=05F8   NV UP DI PL NZ NA PO NC           
176C:05F8 B301          MOV     BL,01                                           

AX=0000  BX=0001  CX=0000  DX=4001  SP=FFEE  BP=0000  SI=FFEE  DI=0000          
DS=176C  ES=176C  SS=176C  CS=176C  IP=05FA   NV UP DI PL NZ NA PO NC           
176C:05FA F6EB          IMUL    BL                                              

AX=0000  BX=0001  CX=0000  DX=4001  SP=FFEE  BP=0000  SI=FFEE  DI=0000          
DS=176C  ES=176C  SS=176C  CS=176C  IP=05FC   NV UP DI PL ZR NA PE NC           
176C:05FC 55            PUSH    BP                                              

AX=0000  BX=0001  CX=0000  DX=4001  SP=FFEC  BP=0000  SI=FFEE  DI=0000          
DS=176C  ES=176C  SS=176C  CS=176C  IP=05FD   NV UP DI PL ZR NA PE NC           
176C:05FD 55            PUSH    BP                                              

AX=0000  BX=0001  CX=0000  DX=4001  SP=FFEA  BP=0000  SI=FFEE  DI=0000          
DS=176C  ES=176C  SS=176C  CS=176C  IP=05FE   NV UP DI PL ZR NA PE NC           
176C:05FE 9D            POPF                                                    

AX=0000  BX=0001  CX=0000  DX=4001  SP=FFEC  BP=0000  SI=FFEE  DI=0000          
DS=176C  ES=176C  SS=176C  CS=176C  IP=05FF   NV UP DI PL NZ NA PO NC           
176C:05FF 89F4          MOV     SP,SI                                           

AX=0000  BX=0001  CX=0000  DX=4001  SP=FFEE  BP=0000  SI=FFEE  DI=0000          
DS=176C  ES=176C  SS=176C  CS=176C  IP=0601   NV UP DI PL NZ NA PO NC           
176C:0601 B80080        MOV     AX,8000                                         

AX=8000  BX=0001  CX=0000  DX=4001  SP=FFEE  BP=0000  SI=FFEE  DI=0000          
DS=176C  ES=176C  SS=176C  CS=176C  IP=0604   NV UP DI PL NZ NA PO NC           
176C:0604 BA0100        MOV     DX,0001                                         

AX=8000  BX=0001  CX=0000  DX=0001  SP=FFEE  BP=0000  SI=FFEE  DI=0000          
DS=176C  ES=176C  SS=176C  CS=176C  IP=0607   NV UP DI PL NZ NA PO NC           
176C:0607 BB0100        MOV     BX,0001                                         

AX=8000  BX=0001  CX=0000  DX=0001  SP=FFEE  BP=0000  SI=FFEE  DI=0000          
DS=176C  ES=176C  SS=176C  CS=176C  IP=060A   NV UP DI PL NZ NA PO NC           
176C:060A F7EB          IMUL    BX                                              

AX=8000  BX=0001  CX=0000  DX=FFFF  SP=FFEE  BP=0000  SI=FFEE  DI=0000          
DS=176C  ES=176C  SS=176C  CS=176C  IP=060C   NV UP DI NG NZ NA PE NC           
176C:060C 55            PUSH    BP                                              

AX=8000  BX=0001  CX=0000  DX=FFFF  SP=FFEC  BP=0000  SI=FFEE  DI=0000          
DS=176C  ES=176C  SS=176C  CS=176C  IP=060D   NV UP DI NG NZ NA PE NC           
176C:060D 55            PUSH    BP                                              

AX=8000  BX=0001  CX=0000  DX=FFFF  SP=FFEA  BP=0000  SI=FFEE  DI=0000          
DS=176C  ES=176C  SS=176C  CS=176C  IP=060E   NV UP DI NG NZ NA PE NC           
176C:060E 9D            POPF                                                    

AX=8000  BX=0001  CX=0000  DX=FFFF  SP=FFEC  BP=0000  SI=FFEE  DI=0000          
DS=176C  ES=176C  SS=176C  CS=176C  IP=060F   NV UP DI PL NZ NA PO NC           
176C:060F 89F4          MOV     SP,SI                                           

AX=8000  BX=0001  CX=0000  DX=FFFF  SP=FFEE  BP=0000  SI=FFEE  DI=0000          
DS=176C  ES=176C  SS=176C  CS=176C  IP=0611   NV UP DI PL NZ NA PO NC           
176C:0611 B000          MOV     AL,00                                           

AX=8000  BX=0001  CX=0000  DX=FFFF  SP=FFEE  BP=0000  SI=FFEE  DI=0000          
DS=176C  ES=176C  SS=176C  CS=176C  IP=0613   NV UP DI PL NZ NA PO NC           
176C:0613 B201          MOV     DL,01                                           

AX=8000  BX=0001  CX=0000  DX=FF01  SP=FFEE  BP=0000  SI=FFEE  DI=0000          
DS=176C  ES=176C  SS=176C  CS=176C  IP=0615   NV UP DI PL NZ NA PO NC           
176C:0615 B301          MOV     BL,01                                           

AX=8000  BX=0001  CX=0000  DX=FF01  SP=FFEE  BP=0000  SI=FFEE  DI=0000          
DS=176C  ES=176C  SS=176C  CS=176C  IP=0617   NV UP DI PL NZ NA PO NC           
176C:0617 F6E8          IMUL    AL                                              

AX=0000  BX=0001  CX=0000  DX=FF01  SP=FFEE  BP=0000  SI=FFEE  DI=0000          
DS=176C  ES=176C  SS=176C  CS=176C  IP=0619   NV UP DI PL ZR NA PE NC           
176C:0619 55            PUSH    BP                                              

AX=0000  BX=0001  CX=0000  DX=FF01  SP=FFEC  BP=0000  SI=FFEE  DI=0000          
DS=176C  ES=176C  SS=176C  CS=176C  IP=061A   NV UP DI PL ZR NA PE NC           
176C:061A 55            PUSH    BP                                              

AX=0000  BX=0001  CX=0000  DX=FF01  SP=FFEA  BP=0000  SI=FFEE  DI=0000          
DS=176C  ES=176C  SS=176C  CS=176C  IP=061B   NV UP DI PL ZR NA PE NC           
176C:061B 9D            POPF                                                    

AX=0000  BX=0001  CX=0000  DX=FF01  SP=FFEC  BP=0000  SI=FFEE  DI=0000          
DS=176C  ES=176C  SS=176C  CS=176C  IP=061C   NV UP DI PL NZ NA PO NC           
176C:061C 89F4          MOV     SP,SI                                           

AX=0000  BX=0001  CX=0000  DX=FF01  SP=FFEE  BP=0000  SI=FFEE  DI=0000          
DS=176C  ES=176C  SS=176C  CS=176C  IP=061E   NV UP DI PL NZ NA PO NC           
176C:061E B80080        MOV     AX,8000                                         

AX=8000  BX=0001  CX=0000  DX=FF01  SP=FFEE  BP=0000  SI=FFEE  DI=0000          
DS=176C  ES=176C  SS=176C  CS=176C  IP=0621   NV UP DI PL NZ NA PO NC           
176C:0621 BA0100        MOV     DX,0001                                         

AX=8000  BX=0001  CX=0000  DX=0001  SP=FFEE  BP=0000  SI=FFEE  DI=0000          
DS=176C  ES=176C  SS=176C  CS=176C  IP=0624   NV UP DI PL NZ NA PO NC           
176C:0624 BB0100        MOV     BX,0001                                         

AX=8000  BX=0001  CX=0000  DX=0001  SP=FFEE  BP=0000  SI=FFEE  DI=0000          
DS=176C  ES=176C  SS=176C  CS=176C  IP=0627   NV UP DI PL NZ NA PO NC           
176C:0627 F7E8          IMUL    AX                                              

AX=0000  BX=0001  CX=0000  DX=4000  SP=FFEE  BP=0000  SI=FFEE  DI=0000          
DS=176C  ES=176C  SS=176C  CS=176C  IP=0629   OV UP DI PL ZR NA PE CY           
176C:0629 55            PUSH    BP                                              

AX=0000  BX=0001  CX=0000  DX=4000  SP=FFEC  BP=0000  SI=FFEE  DI=0000          
DS=176C  ES=176C  SS=176C  CS=176C  IP=062A   OV UP DI PL ZR NA PE CY           
176C:062A 55            PUSH    BP                                              

AX=0000  BX=0001  CX=0000  DX=4000  SP=FFEA  BP=0000  SI=FFEE  DI=0000          
DS=176C  ES=176C  SS=176C  CS=176C  IP=062B   OV UP DI PL ZR NA PE CY           
176C:062B 9D            POPF                                                    

AX=0000  BX=0001  CX=0000  DX=4000  SP=FFEC  BP=0000  SI=FFEE  DI=0000          
DS=176C  ES=176C  SS=176C  CS=176C  IP=062C   NV UP DI PL NZ NA PO NC           
176C:062C 89F4          MOV     SP,SI                                           

AX=0000  BX=0001  CX=0000  DX=4000  SP=FFEE  BP=0000  SI=FFEE  DI=0000          
DS=176C  ES=176C  SS=176C  CS=176C  IP=062E   NV UP DI PL NZ NA PO NC           
176C:062E B80080        MOV     AX,8000                                         

AX=8000  BX=0001  CX=0000  DX=4000  SP=FFEE  BP=0000  SI=FFEE  DI=0000          
DS=176C  ES=176C  SS=176C  CS=176C  IP=0631   NV UP DI PL NZ NA PO NC           
176C:0631 BA0100        MOV     DX,0001                                         

AX=8000  BX=0001  CX=0000  DX=0001  SP=FFEE  BP=0000  SI=FFEE  DI=0000          
DS=176C  ES=176C  SS=176C  CS=176C  IP=0634   NV UP DI PL NZ NA PO NC           
176C:0634 BB0100        MOV     BX,0001                                         

AX=8000  BX=0001  CX=0000  DX=0001  SP=FFEE  BP=0000  SI=FFEE  DI=0000          
DS=176C  ES=176C  SS=176C  CS=176C  IP=0637   NV UP DI PL NZ NA PO NC           
176C:0637 F7E8          IMUL    AX                                              

AX=0000  BX=0001  CX=0000  DX=4000  SP=FFEE  BP=0000  SI=FFEE  DI=0000          
DS=176C  ES=176C  SS=176C  CS=176C  IP=0639   OV UP DI PL ZR NA PE CY           
176C:0639 55            PUSH    BP                                              

AX=0000  BX=0001  CX=0000  DX=4000  SP=FFEC  BP=0000  SI=FFEE  DI=0000          
DS=176C  ES=176C  SS=176C  CS=176C  IP=063A   OV UP DI PL ZR NA PE CY           
176C:063A 55            PUSH    BP                                              

AX=0000  BX=0001  CX=0000  DX=4000  SP=FFEA  BP=0000  SI=FFEE  DI=0000          
DS=176C  ES=176C  SS=176C  CS=176C  IP=063B   OV UP DI PL ZR NA PE CY           
176C:063B 9D            POPF                                                    

AX=0000  BX=0001  CX=0000  DX=4000  SP=FFEC  BP=0000  SI=FFEE  DI=0000          
DS=176C  ES=176C  SS=176C  CS=176C  IP=063C   NV UP DI PL NZ NA PO NC           
176C:063C 89F4          MOV     SP,SI                                           

AX=0000  BX=0001  CX=0000  DX=4000  SP=FFEE  BP=0000  SI=FFEE  DI=0000          
DS=176C  ES=176C  SS=176C  CS=176C  IP=063E   NV UP DI PL NZ NA PO NC           
176C:063E B0FF          MOV     AL,FF                                           

AX=00FF  BX=0001  CX=0000  DX=4000  SP=FFEE  BP=0000  SI=FFEE  DI=0000          
DS=176C  ES=176C  SS=176C  CS=176C  IP=0640   NV UP DI PL NZ NA PO NC           
176C:0640 B200          MOV     DL,00                                           

AX=00FF  BX=0001  CX=0000  DX=4000  SP=FFEE  BP=0000  SI=FFEE  DI=0000          
DS=176C  ES=176C  SS=176C  CS=176C  IP=0642   NV UP DI PL NZ NA PO NC           
176C:0642 B300          MOV     BL,00                                           

AX=00FF  BX=0000  CX=0000  DX=4000  SP=FFEE  BP=0000  SI=FFEE  DI=0000          
DS=176C  ES=176C  SS=176C  CS=176C  IP=0644   NV UP DI PL NZ NA PO NC           
176C:0644 F6EB          IMUL    BL                                              

AX=0000  BX=0000  CX=0000  DX=4000  SP=FFEE  BP=0000  SI=FFEE  DI=0000          
DS=176C  ES=176C  SS=176C  CS=176C  IP=0646   NV UP DI PL ZR NA PE NC           
176C:0646 55            PUSH    BP                                              

AX=0000  BX=0000  CX=0000  DX=4000  SP=FFEC  BP=0000  SI=FFEE  DI=0000          
DS=176C  ES=176C  SS=176C  CS=176C  IP=0647   NV UP DI PL ZR NA PE NC           
176C:0647 55            PUSH    BP                                              

AX=0000  BX=0000  CX=0000  DX=4000  SP=FFEA  BP=0000  SI=FFEE  DI=0000          
DS=176C  ES=176C  SS=176C  CS=176C  IP=0648   NV UP DI PL ZR NA PE NC           
176C:0648 9D            POPF                                                    

AX=0000  BX=0000  CX=0000  DX=4000  SP=FFEC  BP=0000  SI=FFEE  DI=0000          
DS=176C  ES=176C  SS=176C  CS=176C  IP=0649   NV UP DI PL NZ NA PO NC           
176C:0649 89F4          MOV     SP,SI                                           

AX=0000  BX=0000  CX=0000  DX=4000  SP=FFEE  BP=0000  SI=FFEE  DI=0000          
DS=176C  ES=176C  SS=176C  CS=176C  IP=064B   NV UP DI PL NZ NA PO NC           
176C:064B B8FF7F        MOV     AX,7FFF                                         

AX=7FFF  BX=0000  CX=0000  DX=4000  SP=FFEE  BP=0000  SI=FFEE  DI=0000          
DS=176C  ES=176C  SS=176C  CS=176C  IP=064E   NV UP DI PL NZ NA PO NC           
176C:064E BA0100        MOV     DX,0001                                         

AX=7FFF  BX=0000  CX=0000  DX=0001  SP=FFEE  BP=0000  SI=FFEE  DI=0000          
DS=176C  ES=176C  SS=176C  CS=176C  IP=0651   NV UP DI PL NZ NA PO NC           
176C:0651 BB0100        MOV     BX,0001                                         

AX=7FFF  BX=0001  CX=0000  DX=0001  SP=FFEE  BP=0000  SI=FFEE  DI=0000          
DS=176C  ES=176C  SS=176C  CS=176C  IP=0654   NV UP DI PL NZ NA PO NC           
176C:0654 F7EB          IMUL    BX                                              

AX=7FFF  BX=0001  CX=0000  DX=0000  SP=FFEE  BP=0000  SI=FFEE  DI=0000          
DS=176C  ES=176C  SS=176C  CS=176C  IP=0656   NV UP DI PL NZ NA PE NC           
176C:0656 55            PUSH    BP                                              

AX=7FFF  BX=0001  CX=0000  DX=0000  SP=FFEC  BP=0000  SI=FFEE  DI=0000          
DS=176C  ES=176C  SS=176C  CS=176C  IP=0657   NV UP DI PL NZ NA PE NC           
176C:0657 55            PUSH    BP                                              

AX=7FFF  BX=0001  CX=0000  DX=0000  SP=FFEA  BP=0000  SI=FFEE  DI=0000          
DS=176C  ES=176C  SS=176C  CS=176C  IP=0658   NV UP DI PL NZ NA PE NC           
176C:0658 9D            POPF                                                    

AX=7FFF  BX=0001  CX=0000  DX=0000  SP=FFEC  BP=0000  SI=FFEE  DI=0000          
DS=176C  ES=176C  SS=176C  CS=176C  IP=0659   NV UP DI PL NZ NA PO NC           
176C:0659 89F4          MOV     SP,SI                                           

AX=7FFF  BX=0001  CX=0000  DX=0000  SP=FFEE  BP=0000  SI=FFEE  DI=0000          
DS=176C  ES=176C  SS=176C  CS=176C  IP=065B   NV UP DI PL NZ NA PO NC           
176C:065B B0FF          MOV     AL,FF                                           

AX=7FFF  BX=0001  CX=0000  DX=0000  SP=FFEE  BP=0000  SI=FFEE  DI=0000          
DS=176C  ES=176C  SS=176C  CS=176C  IP=065D   NV UP DI PL NZ NA PO NC           
176C:065D B200          MOV     DL,00                                           

AX=7FFF  BX=0001  CX=0000  DX=0000  SP=FFEE  BP=0000  SI=FFEE  DI=0000          
DS=176C  ES=176C  SS=176C  CS=176C  IP=065F   NV UP DI PL NZ NA PO NC           
176C:065F B300          MOV     BL,00                                           

AX=7FFF  BX=0000  CX=0000  DX=0000  SP=FFEE  BP=0000  SI=FFEE  DI=0000          
DS=176C  ES=176C  SS=176C  CS=176C  IP=0661   NV UP DI PL NZ NA PO NC           
176C:0661 F6E8          IMUL    AL                                              

AX=0001  BX=0000  CX=0000  DX=0000  SP=FFEE  BP=0000  SI=FFEE  DI=0000          
DS=176C  ES=176C  SS=176C  CS=176C  IP=0663   NV UP DI PL NZ NA PO NC           
176C:0663 55            PUSH    BP                                              

AX=0001  BX=0000  CX=0000  DX=0000  SP=FFEC  BP=0000  SI=FFEE  DI=0000          
DS=176C  ES=176C  SS=176C  CS=176C  IP=0664   NV UP DI PL NZ NA PO NC           
176C:0664 55            PUSH    BP                                              

AX=0001  BX=0000  CX=0000  DX=0000  SP=FFEA  BP=0000  SI=FFEE  DI=0000          
DS=176C  ES=176C  SS=176C  CS=176C  IP=0665   NV UP DI PL NZ NA PO NC           
176C:0665 9D            POPF                                                    

AX=0001  BX=0000  CX=0000  DX=0000  SP=FFEC  BP=0000  SI=FFEE  DI=0000          
DS=176C  ES=176C  SS=176C  CS=176C  IP=0666   NV UP DI PL NZ NA PO NC           
176C:0666 89F4          MOV     SP,SI                                           

AX=0001  BX=0000  CX=0000  DX=0000  SP=FFEE  BP=0000  SI=FFEE  DI=0000          
DS=176C  ES=176C  SS=176C  CS=176C  IP=0668   NV UP DI PL NZ NA PO NC           
176C:0668 B8FF7F        MOV     AX,7FFF                                         

AX=7FFF  BX=0000  CX=0000  DX=0000  SP=FFEE  BP=0000  SI=FFEE  DI=0000          
DS=176C  ES=176C  SS=176C  CS=176C  IP=066B   NV UP DI PL NZ NA PO NC           
176C:066B BA0100        MOV     DX,0001                                         

AX=7FFF  BX=0000  CX=0000  DX=0001  SP=FFEE  BP=0000  SI=FFEE  DI=0000          
DS=176C  ES=176C  SS=176C  CS=176C  IP=066E   NV UP DI PL NZ NA PO NC           
176C:066E BB0100        MOV     BX,0001                                         

AX=7FFF  BX=0001  CX=0000  DX=0001  SP=FFEE  BP=0000  SI=FFEE  DI=0000          
DS=176C  ES=176C  SS=176C  CS=176C  IP=0671   NV UP DI PL NZ NA PO NC           
176C:0671 F7E8          IMUL    AX                                              

AX=0001  BX=0001  CX=0000  DX=3FFF  SP=FFEE  BP=0000  SI=FFEE  DI=0000          
DS=176C  ES=176C  SS=176C  CS=176C  IP=0673   OV UP DI PL NZ NA PO CY           
176C:0673 55            PUSH    BP                                              

AX=0001  BX=0001  CX=0000  DX=3FFF  SP=FFEC  BP=0000  SI=FFEE  DI=0000          
DS=176C  ES=176C  SS=176C  CS=176C  IP=0674   OV UP DI PL NZ NA PO CY           
176C:0674 55            PUSH    BP                                              

AX=0001  BX=0001  CX=0000  DX=3FFF  SP=FFEA  BP=0000  SI=FFEE  DI=0000          
DS=176C  ES=176C  SS=176C  CS=176C  IP=0675   OV UP DI PL NZ NA PO CY           
176C:0675 9D            POPF                                                    

AX=0001  BX=0001  CX=0000  DX=3FFF  SP=FFEC  BP=0000  SI=FFEE  DI=0000          
DS=176C  ES=176C  SS=176C  CS=176C  IP=0676   NV UP DI PL NZ NA PO NC           
176C:0676 89F4          MOV     SP,SI                                           

AX=0001  BX=0001  CX=0000  DX=3FFF  SP=FFEE  BP=0000  SI=FFEE  DI=0000          
DS=176C  ES=176C  SS=176C  CS=176C  IP=0678   NV UP DI PL NZ NA PO NC           
176C:0678 B8FF7F        MOV     AX,7FFF                                         

AX=7FFF  BX=0001  CX=0000  DX=3FFF  SP=FFEE  BP=0000  SI=FFEE  DI=0000          
DS=176C  ES=176C  SS=176C  CS=176C  IP=067B   NV UP DI PL NZ NA PO NC           
176C:067B BA0000        MOV     DX,0000                                         

AX=7FFF  BX=0001  CX=0000  DX=0000  SP=FFEE  BP=0000  SI=FFEE  DI=0000          
DS=176C  ES=176C  SS=176C  CS=176C  IP=067E   NV UP DI PL NZ NA PO NC           
176C:067E BB0000        MOV     BX,0000                                         

AX=7FFF  BX=0000  CX=0000  DX=0000  SP=FFEE  BP=0000  SI=FFEE  DI=0000          
DS=176C  ES=176C  SS=176C  CS=176C  IP=0681   NV UP DI PL NZ NA PO NC           
176C:0681 F7E8          IMUL    AX                                              

AX=0001  BX=0000  CX=0000  DX=3FFF  SP=FFEE  BP=0000  SI=FFEE  DI=0000          
DS=176C  ES=176C  SS=176C  CS=176C  IP=0683   OV UP DI PL NZ NA PO CY           
176C:0683 55            PUSH    BP                                              

AX=0001  BX=0000  CX=0000  DX=3FFF  SP=FFEC  BP=0000  SI=FFEE  DI=0000          
DS=176C  ES=176C  SS=176C  CS=176C  IP=0684   OV UP DI PL NZ NA PO CY           
176C:0684 55            PUSH    BP                                              

AX=0001  BX=0000  CX=0000  DX=3FFF  SP=FFEA  BP=0000  SI=FFEE  DI=0000          
DS=176C  ES=176C  SS=176C  CS=176C  IP=0685   OV UP DI PL NZ NA PO CY           
176C:0685 9D            POPF                                                    

AX=0001  BX=0000  CX=0000  DX=3FFF  SP=FFEC  BP=0000  SI=FFEE  DI=0000          
DS=176C  ES=176C  SS=176C  CS=176C  IP=0686   NV UP DI PL NZ NA PO NC           
176C:0686 89F4          MOV     SP,SI                                           

AX=0001  BX=0000  CX=0000  DX=3FFF  SP=FFEE  BP=0000  SI=FFEE  DI=0000          
DS=176C  ES=176C  SS=176C  CS=176C  IP=0688   NV UP DI PL NZ NA PO NC           
176C:0688 B0FF          MOV     AL,FF                                           

AX=00FF  BX=0000  CX=0000  DX=3FFF  SP=FFEE  BP=0000  SI=FFEE  DI=0000          
DS=176C  ES=176C  SS=176C  CS=176C  IP=068A   NV UP DI PL NZ NA PO NC           
176C:068A B201          MOV     DL,01                                           

AX=00FF  BX=0000  CX=0000  DX=3F01  SP=FFEE  BP=0000  SI=FFEE  DI=0000          
DS=176C  ES=176C  SS=176C  CS=176C  IP=068C   NV UP DI PL NZ NA PO NC           
176C:068C B301          MOV     BL,01                                           

AX=00FF  BX=0001  CX=0000  DX=3F01  SP=FFEE  BP=0000  SI=FFEE  DI=0000          
DS=176C  ES=176C  SS=176C  CS=176C  IP=068E   NV UP DI PL NZ NA PO NC           
176C:068E F6EB          IMUL    BL                                              

AX=FFFF  BX=0001  CX=0000  DX=3F01  SP=FFEE  BP=0000  SI=FFEE  DI=0000          
DS=176C  ES=176C  SS=176C  CS=176C  IP=0690   NV UP DI NG NZ NA PE NC           
176C:0690 55            PUSH    BP                                              

AX=FFFF  BX=0001  CX=0000  DX=3F01  SP=FFEC  BP=0000  SI=FFEE  DI=0000          
DS=176C  ES=176C  SS=176C  CS=176C  IP=0691   NV UP DI NG NZ NA PE NC           
176C:0691 55            PUSH    BP                                              

AX=FFFF  BX=0001  CX=0000  DX=3F01  SP=FFEA  BP=0000  SI=FFEE  DI=0000          
DS=176C  ES=176C  SS=176C  CS=176C  IP=0692   NV UP DI NG NZ NA PE NC           
176C:0692 9D            POPF                                                    

AX=FFFF  BX=0001  CX=0000  DX=3F01  SP=FFEC  BP=0000  SI=FFEE  DI=0000          
DS=176C  ES=176C  SS=176C  CS=176C  IP=0693   NV UP DI PL NZ NA PO NC           
176C:0693 89F4          MOV     SP,SI                                           

AX=FFFF  BX=0001  CX=0000  DX=3F01  SP=FFEE  BP=0000  SI=FFEE  DI=0000          
DS=176C  ES=176C  SS=176C  CS=176C  IP=0695   NV UP DI PL NZ NA PO NC           
176C:0695 B8FF7F        MOV     AX,7FFF                                         

AX=7FFF  BX=0001  CX=0000  DX=3F01  SP=FFEE  BP=0000  SI=FFEE  DI=0000          
DS=176C  ES=176C  SS=176C  CS=176C  IP=0698   NV UP DI PL NZ NA PO NC           
176C:0698 BA0100        MOV     DX,0001                                         

AX=7FFF  BX=0001  CX=0000  DX=0001  SP=FFEE  BP=0000  SI=FFEE  DI=0000          
DS=176C  ES=176C  SS=176C  CS=176C  IP=069B   NV UP DI PL NZ NA PO NC           
176C:069B BB0100        MOV     BX,0001                                         

AX=7FFF  BX=0001  CX=0000  DX=0001  SP=FFEE  BP=0000  SI=FFEE  DI=0000          
DS=176C  ES=176C  SS=176C  CS=176C  IP=069E   NV UP DI PL NZ NA PO NC           
176C:069E F7EB          IMUL    BX                                              

AX=7FFF  BX=0001  CX=0000  DX=0000  SP=FFEE  BP=0000  SI=FFEE  DI=0000          
DS=176C  ES=176C  SS=176C  CS=176C  IP=06A0   NV UP DI PL NZ NA PE NC           
176C:06A0 55            PUSH    BP                                              

AX=7FFF  BX=0001  CX=0000  DX=0000  SP=FFEC  BP=0000  SI=FFEE  DI=0000          
DS=176C  ES=176C  SS=176C  CS=176C  IP=06A1   NV UP DI PL NZ NA PE NC           
176C:06A1 55            PUSH    BP                                              

AX=7FFF  BX=0001  CX=0000  DX=0000  SP=FFEA  BP=0000  SI=FFEE  DI=0000          
DS=176C  ES=176C  SS=176C  CS=176C  IP=06A2   NV UP DI PL NZ NA PE NC           
176C:06A2 9D            POPF                                                    

AX=7FFF  BX=0001  CX=0000  DX=0000  SP=FFEC  BP=0000  SI=FFEE  DI=0000          
DS=176C  ES=176C  SS=176C  CS=176C  IP=06A3   NV UP DI PL NZ NA PO NC           
176C:06A3 89F4          MOV     SP,SI                                           

AX=7FFF  BX=0001  CX=0000  DX=0000  SP=FFEE  BP=0000  SI=FFEE  DI=0000          
DS=176C  ES=176C  SS=176C  CS=176C  IP=06A5   NV UP DI PL NZ NA PO NC           
176C:06A5 B0FF          MOV     AL,FF                                           

AX=7FFF  BX=0001  CX=0000  DX=0000  SP=FFEE  BP=0000  SI=FFEE  DI=0000          
DS=176C  ES=176C  SS=176C  CS=176C  IP=06A7   NV UP DI PL NZ NA PO NC           
176C:06A7 B201          MOV     DL,01                                           

AX=7FFF  BX=0001  CX=0000  DX=0001  SP=FFEE  BP=0000  SI=FFEE  DI=0000          
DS=176C  ES=176C  SS=176C  CS=176C  IP=06A9   NV UP DI PL NZ NA PO NC           
176C:06A9 B301          MOV     BL,01                                           

AX=7FFF  BX=0001  CX=0000  DX=0001  SP=FFEE  BP=0000  SI=FFEE  DI=0000          
DS=176C  ES=176C  SS=176C  CS=176C  IP=06AB   NV UP DI PL NZ NA PO NC           
176C:06AB F6E8          IMUL    AL                                              

AX=0001  BX=0001  CX=0000  DX=0001  SP=FFEE  BP=0000  SI=FFEE  DI=0000          
DS=176C  ES=176C  SS=176C  CS=176C  IP=06AD   NV UP DI PL NZ NA PO NC           
176C:06AD 55            PUSH    BP                                              

AX=0001  BX=0001  CX=0000  DX=0001  SP=FFEC  BP=0000  SI=FFEE  DI=0000          
DS=176C  ES=176C  SS=176C  CS=176C  IP=06AE   NV UP DI PL NZ NA PO NC           
176C:06AE 55            PUSH    BP                                              

AX=0001  BX=0001  CX=0000  DX=0001  SP=FFEA  BP=0000  SI=FFEE  DI=0000          
DS=176C  ES=176C  SS=176C  CS=176C  IP=06AF   NV UP DI PL NZ NA PO NC           
176C:06AF 9D            POPF                                                    

AX=0001  BX=0001  CX=0000  DX=0001  SP=FFEC  BP=0000  SI=FFEE  DI=0000          
DS=176C  ES=176C  SS=176C  CS=176C  IP=06B0   NV UP DI PL NZ NA PO NC           
176C:06B0 89F4          MOV     SP,SI                                           

AX=0001  BX=0001  CX=0000  DX=0001  SP=FFEE  BP=0000  SI=FFEE  DI=0000          
DS=176C  ES=176C  SS=176C  CS=176C  IP=06B2   NV UP DI PL NZ NA PO NC           
176C:06B2 B8FF7F        MOV     AX,7FFF                                         

AX=7FFF  BX=0001  CX=0000  DX=0001  SP=FFEE  BP=0000  SI=FFEE  DI=0000          
DS=176C  ES=176C  SS=176C  CS=176C  IP=06B5   NV UP DI PL NZ NA PO NC           
176C:06B5 BA0100        MOV     DX,0001                                         

AX=7FFF  BX=0001  CX=0000  DX=0001  SP=FFEE  BP=0000  SI=FFEE  DI=0000          
DS=176C  ES=176C  SS=176C  CS=176C  IP=06B8   NV UP DI PL NZ NA PO NC           
176C:06B8 BB0100        MOV     BX,0001                                         

AX=7FFF  BX=0001  CX=0000  DX=0001  SP=FFEE  BP=0000  SI=FFEE  DI=0000          
DS=176C  ES=176C  SS=176C  CS=176C  IP=06BB   NV UP DI PL NZ NA PO NC           
176C:06BB F7E8          IMUL    AX                                              

AX=0001  BX=0001  CX=0000  DX=3FFF  SP=FFEE  BP=0000  SI=FFEE  DI=0000          
DS=176C  ES=176C  SS=176C  CS=176C  IP=06BD   OV UP DI PL NZ NA PO CY           
176C:06BD 55            PUSH    BP                                              

AX=0001  BX=0001  CX=0000  DX=3FFF  SP=FFEC  BP=0000  SI=FFEE  DI=0000          
DS=176C  ES=176C  SS=176C  CS=176C  IP=06BE   OV UP DI PL NZ NA PO CY           
176C:06BE 55            PUSH    BP                                              

AX=0001  BX=0001  CX=0000  DX=3FFF  SP=FFEA  BP=0000  SI=FFEE  DI=0000          
DS=176C  ES=176C  SS=176C  CS=176C  IP=06BF   OV UP DI PL NZ NA PO CY           
176C:06BF 9D            POPF                                                    

AX=0001  BX=0001  CX=0000  DX=3FFF  SP=FFEC  BP=0000  SI=FFEE  DI=0000          
DS=176C  ES=176C  SS=176C  CS=176C  IP=06C0   NV UP DI PL NZ NA PO NC           
176C:06C0 89F4          MOV     SP,SI                                           

AX=0001  BX=0001  CX=0000  DX=3FFF  SP=FFEE  BP=0000  SI=FFEE  DI=0000          
DS=176C  ES=176C  SS=176C  CS=176C  IP=06C2   NV UP DI PL NZ NA PO NC           
176C:06C2 B8FF7F        MOV     AX,7FFF                                         

AX=7FFF  BX=0001  CX=0000  DX=3FFF  SP=FFEE  BP=0000  SI=FFEE  DI=0000          
DS=176C  ES=176C  SS=176C  CS=176C  IP=06C5   NV UP DI PL NZ NA PO NC           
176C:06C5 BA0100        MOV     DX,0001                                         

AX=7FFF  BX=0001  CX=0000  DX=0001  SP=FFEE  BP=0000  SI=FFEE  DI=0000          
DS=176C  ES=176C  SS=176C  CS=176C  IP=06C8   NV UP DI PL NZ NA PO NC           
176C:06C8 BB0100        MOV     BX,0001                                         

AX=7FFF  BX=0001  CX=0000  DX=0001  SP=FFEE  BP=0000  SI=FFEE  DI=0000          
DS=176C  ES=176C  SS=176C  CS=176C  IP=06CB   NV UP DI PL NZ NA PO NC           
176C:06CB F7E8          IMUL    AX                                              

AX=0001  BX=0001  CX=0000  DX=3FFF  SP=FFEE  BP=0000  SI=FFEE  DI=0000          
DS=176C  ES=176C  SS=176C  CS=176C  IP=06CD   OV UP DI PL NZ NA PO CY           
176C:06CD 55            PUSH    BP                                              

AX=0001  BX=0001  CX=0000  DX=3FFF  SP=FFEC  BP=0000  SI=FFEE  DI=0000          
DS=176C  ES=176C  SS=176C  CS=176C  IP=06CE   OV UP DI PL NZ NA PO CY           
176C:06CE 55            PUSH    BP                                              

AX=0001  BX=0001  CX=0000  DX=3FFF  SP=FFEA  BP=0000  SI=FFEE  DI=0000          
DS=176C  ES=176C  SS=176C  CS=176C  IP=06CF   OV UP DI PL NZ NA PO CY           
176C:06CF 9D            POPF                                                    

AX=0001  BX=0001  CX=0000  DX=3FFF  SP=FFEC  BP=0000  SI=FFEE  DI=0000          
DS=176C  ES=176C  SS=176C  CS=176C  IP=06D0   NV UP DI PL NZ NA PO NC           
176C:06D0 89F4          MOV     SP,SI                                           

AX=0001  BX=0001  CX=0000  DX=3FFF  SP=FFEE  BP=0000  SI=FFEE  DI=0000          
DS=176C  ES=176C  SS=176C  CS=176C  IP=06D2   NV UP DI PL NZ NA PO NC           
176C:06D2 B07F          MOV     AL,7F                                           

AX=007F  BX=0001  CX=0000  DX=3FFF  SP=FFEE  BP=0000  SI=FFEE  DI=0000          
DS=176C  ES=176C  SS=176C  CS=176C  IP=06D4   NV UP DI PL NZ NA PO NC           
176C:06D4 B200          MOV     DL,00                                           

AX=007F  BX=0001  CX=0000  DX=3F00  SP=FFEE  BP=0000  SI=FFEE  DI=0000          
DS=176C  ES=176C  SS=176C  CS=176C  IP=06D6   NV UP DI PL NZ NA PO NC           
176C:06D6 B300          MOV     BL,00                                           

AX=007F  BX=0000  CX=0000  DX=3F00  SP=FFEE  BP=0000  SI=FFEE  DI=0000          
DS=176C  ES=176C  SS=176C  CS=176C  IP=06D8   NV UP DI PL NZ NA PO NC           
176C:06D8 F6EB          IMUL    BL                                              

AX=0000  BX=0000  CX=0000  DX=3F00  SP=FFEE  BP=0000  SI=FFEE  DI=0000          
DS=176C  ES=176C  SS=176C  CS=176C  IP=06DA   NV UP DI PL ZR NA PE NC           
176C:06DA 55            PUSH    BP                                              

AX=0000  BX=0000  CX=0000  DX=3F00  SP=FFEC  BP=0000  SI=FFEE  DI=0000          
DS=176C  ES=176C  SS=176C  CS=176C  IP=06DB   NV UP DI PL ZR NA PE NC           
176C:06DB 55            PUSH    BP                                              

AX=0000  BX=0000  CX=0000  DX=3F00  SP=FFEA  BP=0000  SI=FFEE  DI=0000          
DS=176C  ES=176C  SS=176C  CS=176C  IP=06DC   NV UP DI PL ZR NA PE NC           
176C:06DC 9D            POPF                                                    

AX=0000  BX=0000  CX=0000  DX=3F00  SP=FFEC  BP=0000  SI=FFEE  DI=0000          
DS=176C  ES=176C  SS=176C  CS=176C  IP=06DD   NV UP DI PL NZ NA PO NC           
176C:06DD 89F4          MOV     SP,SI                                           

AX=0000  BX=0000  CX=0000  DX=3F00  SP=FFEE  BP=0000  SI=FFEE  DI=0000          
DS=176C  ES=176C  SS=176C  CS=176C  IP=06DF   NV UP DI PL NZ NA PO NC           
176C:06DF B87F00        MOV     AX,007F                                         

AX=007F  BX=0000  CX=0000  DX=3F00  SP=FFEE  BP=0000  SI=FFEE  DI=0000          
DS=176C  ES=176C  SS=176C  CS=176C  IP=06E2   NV UP DI PL NZ NA PO NC           
176C:06E2 BA0100        MOV     DX,0001                                         

AX=007F  BX=0000  CX=0000  DX=0001  SP=FFEE  BP=0000  SI=FFEE  DI=0000          
DS=176C  ES=176C  SS=176C  CS=176C  IP=06E5   NV UP DI PL NZ NA PO NC           
176C:06E5 BB0100        MOV     BX,0001                                         

AX=007F  BX=0001  CX=0000  DX=0001  SP=FFEE  BP=0000  SI=FFEE  DI=0000          
DS=176C  ES=176C  SS=176C  CS=176C  IP=06E8   NV UP DI PL NZ NA PO NC           
176C:06E8 F7EB          IMUL    BX                                              

AX=007F  BX=0001  CX=0000  DX=0000  SP=FFEE  BP=0000  SI=FFEE  DI=0000          
DS=176C  ES=176C  SS=176C  CS=176C  IP=06EA   NV UP DI PL NZ NA PO NC           
176C:06EA 55            PUSH    BP                                              

AX=007F  BX=0001  CX=0000  DX=0000  SP=FFEC  BP=0000  SI=FFEE  DI=0000          
DS=176C  ES=176C  SS=176C  CS=176C  IP=06EB   NV UP DI PL NZ NA PO NC           
176C:06EB 55            PUSH    BP                                              

AX=007F  BX=0001  CX=0000  DX=0000  SP=FFEA  BP=0000  SI=FFEE  DI=0000          
DS=176C  ES=176C  SS=176C  CS=176C  IP=06EC   NV UP DI PL NZ NA PO NC           
176C:06EC 9D            POPF                                                    

AX=007F  BX=0001  CX=0000  DX=0000  SP=FFEC  BP=0000  SI=FFEE  DI=0000          
DS=176C  ES=176C  SS=176C  CS=176C  IP=06ED   NV UP DI PL NZ NA PO NC           
176C:06ED 89F4          MOV     SP,SI                                           

AX=007F  BX=0001  CX=0000  DX=0000  SP=FFEE  BP=0000  SI=FFEE  DI=0000          
DS=176C  ES=176C  SS=176C  CS=176C  IP=06EF   NV UP DI PL NZ NA PO NC           
176C:06EF B07F          MOV     AL,7F                                           

AX=007F  BX=0001  CX=0000  DX=0000  SP=FFEE  BP=0000  SI=FFEE  DI=0000          
DS=176C  ES=176C  SS=176C  CS=176C  IP=06F1   NV UP DI PL NZ NA PO NC           
176C:06F1 B200          MOV     DL,00                                           

AX=007F  BX=0001  CX=0000  DX=0000  SP=FFEE  BP=0000  SI=FFEE  DI=0000          
DS=176C  ES=176C  SS=176C  CS=176C  IP=06F3   NV UP DI PL NZ NA PO NC           
176C:06F3 B300          MOV     BL,00                                           

AX=007F  BX=0000  CX=0000  DX=0000  SP=FFEE  BP=0000  SI=FFEE  DI=0000          
DS=176C  ES=176C  SS=176C  CS=176C  IP=06F5   NV UP DI PL NZ NA PO NC           
176C:06F5 F6E8          IMUL    AL                                              

AX=3F01  BX=0000  CX=0000  DX=0000  SP=FFEE  BP=0000  SI=FFEE  DI=0000          
DS=176C  ES=176C  SS=176C  CS=176C  IP=06F7   OV UP DI PL NZ NA PO CY           
176C:06F7 55            PUSH    BP                                              

AX=3F01  BX=0000  CX=0000  DX=0000  SP=FFEC  BP=0000  SI=FFEE  DI=0000          
DS=176C  ES=176C  SS=176C  CS=176C  IP=06F8   OV UP DI PL NZ NA PO CY           
176C:06F8 55            PUSH    BP                                              

AX=3F01  BX=0000  CX=0000  DX=0000  SP=FFEA  BP=0000  SI=FFEE  DI=0000          
DS=176C  ES=176C  SS=176C  CS=176C  IP=06F9   OV UP DI PL NZ NA PO CY           
176C:06F9 9D            POPF                                                    

AX=3F01  BX=0000  CX=0000  DX=0000  SP=FFEC  BP=0000  SI=FFEE  DI=0000          
DS=176C  ES=176C  SS=176C  CS=176C  IP=06FA   NV UP DI PL NZ NA PO NC           
176C:06FA 89F4          MOV     SP,SI                                           

AX=3F01  BX=0000  CX=0000  DX=0000  SP=FFEE  BP=0000  SI=FFEE  DI=0000          
DS=176C  ES=176C  SS=176C  CS=176C  IP=06FC   NV UP DI PL NZ NA PO NC           
176C:06FC B87F00        MOV     AX,007F                                         

AX=007F  BX=0000  CX=0000  DX=0000  SP=FFEE  BP=0000  SI=FFEE  DI=0000          
DS=176C  ES=176C  SS=176C  CS=176C  IP=06FF   NV UP DI PL NZ NA PO NC           
176C:06FF BA0100        MOV     DX,0001                                         

AX=007F  BX=0000  CX=0000  DX=0001  SP=FFEE  BP=0000  SI=FFEE  DI=0000          
DS=176C  ES=176C  SS=176C  CS=176C  IP=0702   NV UP DI PL NZ NA PO NC           
176C:0702 BB0100        MOV     BX,0001                                         

AX=007F  BX=0001  CX=0000  DX=0001  SP=FFEE  BP=0000  SI=FFEE  DI=0000          
DS=176C  ES=176C  SS=176C  CS=176C  IP=0705   NV UP DI PL NZ NA PO NC           
176C:0705 F7E8          IMUL    AX                                              

AX=3F01  BX=0001  CX=0000  DX=0000  SP=FFEE  BP=0000  SI=FFEE  DI=0000          
DS=176C  ES=176C  SS=176C  CS=176C  IP=0707   NV UP DI PL NZ NA PO NC           
176C:0707 55            PUSH    BP                                              

AX=3F01  BX=0001  CX=0000  DX=0000  SP=FFEC  BP=0000  SI=FFEE  DI=0000          
DS=176C  ES=176C  SS=176C  CS=176C  IP=0708   NV UP DI PL NZ NA PO NC           
176C:0708 55            PUSH    BP                                              

AX=3F01  BX=0001  CX=0000  DX=0000  SP=FFEA  BP=0000  SI=FFEE  DI=0000          
DS=176C  ES=176C  SS=176C  CS=176C  IP=0709   NV UP DI PL NZ NA PO NC           
176C:0709 9D            POPF                                                    

AX=3F01  BX=0001  CX=0000  DX=0000  SP=FFEC  BP=0000  SI=FFEE  DI=0000          
DS=176C  ES=176C  SS=176C  CS=176C  IP=070A   NV UP DI PL NZ NA PO NC           
176C:070A 89F4          MOV     SP,SI                                           

AX=3F01  BX=0001  CX=0000  DX=0000  SP=FFEE  BP=0000  SI=FFEE  DI=0000          
DS=176C  ES=176C  SS=176C  CS=176C  IP=070C   NV UP DI PL NZ NA PO NC           
176C:070C B87F00        MOV     AX,007F                                         

AX=007F  BX=0001  CX=0000  DX=0000  SP=FFEE  BP=0000  SI=FFEE  DI=0000          
DS=176C  ES=176C  SS=176C  CS=176C  IP=070F   NV UP DI PL NZ NA PO NC           
176C:070F BA0000        MOV     DX,0000                                         

AX=007F  BX=0001  CX=0000  DX=0000  SP=FFEE  BP=0000  SI=FFEE  DI=0000          
DS=176C  ES=176C  SS=176C  CS=176C  IP=0712   NV UP DI PL NZ NA PO NC           
176C:0712 BB0000        MOV     BX,0000                                         

AX=007F  BX=0000  CX=0000  DX=0000  SP=FFEE  BP=0000  SI=FFEE  DI=0000          
DS=176C  ES=176C  SS=176C  CS=176C  IP=0715   NV UP DI PL NZ NA PO NC           
176C:0715 F7E8          IMUL    AX                                              

AX=3F01  BX=0000  CX=0000  DX=0000  SP=FFEE  BP=0000  SI=FFEE  DI=0000          
DS=176C  ES=176C  SS=176C  CS=176C  IP=0717   NV UP DI PL NZ NA PO NC           
176C:0717 55            PUSH    BP                                              

AX=3F01  BX=0000  CX=0000  DX=0000  SP=FFEC  BP=0000  SI=FFEE  DI=0000          
DS=176C  ES=176C  SS=176C  CS=176C  IP=0718   NV UP DI PL NZ NA PO NC           
176C:0718 55            PUSH    BP                                              

AX=3F01  BX=0000  CX=0000  DX=0000  SP=FFEA  BP=0000  SI=FFEE  DI=0000          
DS=176C  ES=176C  SS=176C  CS=176C  IP=0719   NV UP DI PL NZ NA PO NC           
176C:0719 9D            POPF                                                    

AX=3F01  BX=0000  CX=0000  DX=0000  SP=FFEC  BP=0000  SI=FFEE  DI=0000          
DS=176C  ES=176C  SS=176C  CS=176C  IP=071A   NV UP DI PL NZ NA PO NC           
176C:071A 89F4          MOV     SP,SI                                           

AX=3F01  BX=0000  CX=0000  DX=0000  SP=FFEE  BP=0000  SI=FFEE  DI=0000          
DS=176C  ES=176C  SS=176C  CS=176C  IP=071C   NV UP DI PL NZ NA PO NC           
176C:071C B07F          MOV     AL,7F                                           

AX=3F7F  BX=0000  CX=0000  DX=0000  SP=FFEE  BP=0000  SI=FFEE  DI=0000          
DS=176C  ES=176C  SS=176C  CS=176C  IP=071E   NV UP DI PL NZ NA PO NC           
176C:071E B201          MOV     DL,01                                           

AX=3F7F  BX=0000  CX=0000  DX=0001  SP=FFEE  BP=0000  SI=FFEE  DI=0000          
DS=176C  ES=176C  SS=176C  CS=176C  IP=0720   NV UP DI PL NZ NA PO NC           
176C:0720 B301          MOV     BL,01                                           

AX=3F7F  BX=0001  CX=0000  DX=0001  SP=FFEE  BP=0000  SI=FFEE  DI=0000          
DS=176C  ES=176C  SS=176C  CS=176C  IP=0722   NV UP DI PL NZ NA PO NC           
176C:0722 F6EB          IMUL    BL                                              

AX=007F  BX=0001  CX=0000  DX=0001  SP=FFEE  BP=0000  SI=FFEE  DI=0000          
DS=176C  ES=176C  SS=176C  CS=176C  IP=0724   NV UP DI PL NZ NA PO NC           
176C:0724 55            PUSH    BP                                              

AX=007F  BX=0001  CX=0000  DX=0001  SP=FFEC  BP=0000  SI=FFEE  DI=0000          
DS=176C  ES=176C  SS=176C  CS=176C  IP=0725   NV UP DI PL NZ NA PO NC           
176C:0725 55            PUSH    BP                                              

AX=007F  BX=0001  CX=0000  DX=0001  SP=FFEA  BP=0000  SI=FFEE  DI=0000          
DS=176C  ES=176C  SS=176C  CS=176C  IP=0726   NV UP DI PL NZ NA PO NC           
176C:0726 9D            POPF                                                    

AX=007F  BX=0001  CX=0000  DX=0001  SP=FFEC  BP=0000  SI=FFEE  DI=0000          
DS=176C  ES=176C  SS=176C  CS=176C  IP=0727   NV UP DI PL NZ NA PO NC           
176C:0727 89F4          MOV     SP,SI                                           

AX=007F  BX=0001  CX=0000  DX=0001  SP=FFEE  BP=0000  SI=FFEE  DI=0000          
DS=176C  ES=176C  SS=176C  CS=176C  IP=0729   NV UP DI PL NZ NA PO NC           
176C:0729 B87F00        MOV     AX,007F                                         

AX=007F  BX=0001  CX=0000  DX=0001  SP=FFEE  BP=0000  SI=FFEE  DI=0000          
DS=176C  ES=176C  SS=176C  CS=176C  IP=072C   NV UP DI PL NZ NA PO NC           
176C:072C BA0100        MOV     DX,0001                                         

AX=007F  BX=0001  CX=0000  DX=0001  SP=FFEE  BP=0000  SI=FFEE  DI=0000          
DS=176C  ES=176C  SS=176C  CS=176C  IP=072F   NV UP DI PL NZ NA PO NC           
176C:072F BB0100        MOV     BX,0001                                         

AX=007F  BX=0001  CX=0000  DX=0001  SP=FFEE  BP=0000  SI=FFEE  DI=0000          
DS=176C  ES=176C  SS=176C  CS=176C  IP=0732   NV UP DI PL NZ NA PO NC           
176C:0732 F7EB          IMUL    BX                                              

AX=007F  BX=0001  CX=0000  DX=0000  SP=FFEE  BP=0000  SI=FFEE  DI=0000          
DS=176C  ES=176C  SS=176C  CS=176C  IP=0734   NV UP DI PL NZ NA PO NC           
176C:0734 55            PUSH    BP                                              

AX=007F  BX=0001  CX=0000  DX=0000  SP=FFEC  BP=0000  SI=FFEE  DI=0000          
DS=176C  ES=176C  SS=176C  CS=176C  IP=0735   NV UP DI PL NZ NA PO NC           
176C:0735 55            PUSH    BP                                              

AX=007F  BX=0001  CX=0000  DX=0000  SP=FFEA  BP=0000  SI=FFEE  DI=0000          
DS=176C  ES=176C  SS=176C  CS=176C  IP=0736   NV UP DI PL NZ NA PO NC           
176C:0736 9D            POPF                                                    

AX=007F  BX=0001  CX=0000  DX=0000  SP=FFEC  BP=0000  SI=FFEE  DI=0000          
DS=176C  ES=176C  SS=176C  CS=176C  IP=0737   NV UP DI PL NZ NA PO NC           
176C:0737 89F4          MOV     SP,SI                                           

AX=007F  BX=0001  CX=0000  DX=0000  SP=FFEE  BP=0000  SI=FFEE  DI=0000          
DS=176C  ES=176C  SS=176C  CS=176C  IP=0739   NV UP DI PL NZ NA PO NC           
176C:0739 B07F          MOV     AL,7F                                           

AX=007F  BX=0001  CX=0000  DX=0000  SP=FFEE  BP=0000  SI=FFEE  DI=0000          
DS=176C  ES=176C  SS=176C  CS=176C  IP=073B   NV UP DI PL NZ NA PO NC           
176C:073B B201          MOV     DL,01                                           

AX=007F  BX=0001  CX=0000  DX=0001  SP=FFEE  BP=0000  SI=FFEE  DI=0000          
DS=176C  ES=176C  SS=176C  CS=176C  IP=073D   NV UP DI PL NZ NA PO NC           
176C:073D B301          MOV     BL,01                                           

AX=007F  BX=0001  CX=0000  DX=0001  SP=FFEE  BP=0000  SI=FFEE  DI=0000          
DS=176C  ES=176C  SS=176C  CS=176C  IP=073F   NV UP DI PL NZ NA PO NC           
176C:073F F6E8          IMUL    AL                                              

AX=3F01  BX=0001  CX=0000  DX=0001  SP=FFEE  BP=0000  SI=FFEE  DI=0000          
DS=176C  ES=176C  SS=176C  CS=176C  IP=0741   OV UP DI PL NZ NA PO CY           
176C:0741 55            PUSH    BP                                              

AX=3F01  BX=0001  CX=0000  DX=0001  SP=FFEC  BP=0000  SI=FFEE  DI=0000          
DS=176C  ES=176C  SS=176C  CS=176C  IP=0742   OV UP DI PL NZ NA PO CY           
176C:0742 55            PUSH    BP                                              

AX=3F01  BX=0001  CX=0000  DX=0001  SP=FFEA  BP=0000  SI=FFEE  DI=0000          
DS=176C  ES=176C  SS=176C  CS=176C  IP=0743   OV UP DI PL NZ NA PO CY           
176C:0743 9D            POPF                                                    

AX=3F01  BX=0001  CX=0000  DX=0001  SP=FFEC  BP=0000  SI=FFEE  DI=0000          
DS=176C  ES=176C  SS=176C  CS=176C  IP=0744   NV UP DI PL NZ NA PO NC           
176C:0744 89F4          MOV     SP,SI                                           

AX=3F01  BX=0001  CX=0000  DX=0001  SP=FFEE  BP=0000  SI=FFEE  DI=0000          
DS=176C  ES=176C  SS=176C  CS=176C  IP=0746   NV UP DI PL NZ NA PO NC           
176C:0746 B87F00        MOV     AX,007F                                         

AX=007F  BX=0001  CX=0000  DX=0001  SP=FFEE  BP=0000  SI=FFEE  DI=0000          
DS=176C  ES=176C  SS=176C  CS=176C  IP=0749   NV UP DI PL NZ NA PO NC           
176C:0749 BA0100        MOV     DX,0001                                         

AX=007F  BX=0001  CX=0000  DX=0001  SP=FFEE  BP=0000  SI=FFEE  DI=0000          
DS=176C  ES=176C  SS=176C  CS=176C  IP=074C   NV UP DI PL NZ NA PO NC           
176C:074C BB0100        MOV     BX,0001                                         

AX=007F  BX=0001  CX=0000  DX=0001  SP=FFEE  BP=0000  SI=FFEE  DI=0000          
DS=176C  ES=176C  SS=176C  CS=176C  IP=074F   NV UP DI PL NZ NA PO NC           
176C:074F F7E8          IMUL    AX                                              

AX=3F01  BX=0001  CX=0000  DX=0000  SP=FFEE  BP=0000  SI=FFEE  DI=0000          
DS=176C  ES=176C  SS=176C  CS=176C  IP=0751   NV UP DI PL NZ NA PO NC           
176C:0751 55            PUSH    BP                                              

AX=3F01  BX=0001  CX=0000  DX=0000  SP=FFEC  BP=0000  SI=FFEE  DI=0000          
DS=176C  ES=176C  SS=176C  CS=176C  IP=0752   NV UP DI PL NZ NA PO NC           
176C:0752 55            PUSH    BP                                              

AX=3F01  BX=0001  CX=0000  DX=0000  SP=FFEA  BP=0000  SI=FFEE  DI=0000          
DS=176C  ES=176C  SS=176C  CS=176C  IP=0753   NV UP DI PL NZ NA PO NC           
176C:0753 9D            POPF                                                    

AX=3F01  BX=0001  CX=0000  DX=0000  SP=FFEC  BP=0000  SI=FFEE  DI=0000          
DS=176C  ES=176C  SS=176C  CS=176C  IP=0754   NV UP DI PL NZ NA PO NC           
176C:0754 89F4          MOV     SP,SI                                           

AX=3F01  BX=0001  CX=0000  DX=0000  SP=FFEE  BP=0000  SI=FFEE  DI=0000          
DS=176C  ES=176C  SS=176C  CS=176C  IP=0756   NV UP DI PL NZ NA PO NC           
176C:0756 B87F00        MOV     AX,007F                                         

AX=007F  BX=0001  CX=0000  DX=0000  SP=FFEE  BP=0000  SI=FFEE  DI=0000          
DS=176C  ES=176C  SS=176C  CS=176C  IP=0759   NV UP DI PL NZ NA PO NC           
176C:0759 BA0100        MOV     DX,0001                                         

AX=007F  BX=0001  CX=0000  DX=0001  SP=FFEE  BP=0000  SI=FFEE  DI=0000          
DS=176C  ES=176C  SS=176C  CS=176C  IP=075C   NV UP DI PL NZ NA PO NC           
176C:075C BB0100        MOV     BX,0001                                         

AX=007F  BX=0001  CX=0000  DX=0001  SP=FFEE  BP=0000  SI=FFEE  DI=0000          
DS=176C  ES=176C  SS=176C  CS=176C  IP=075F   NV UP DI PL NZ NA PO NC           
176C:075F F7E8          IMUL    AX                                              

AX=3F01  BX=0001  CX=0000  DX=0000  SP=FFEE  BP=0000  SI=FFEE  DI=0000          
DS=176C  ES=176C  SS=176C  CS=176C  IP=0761   NV UP DI PL NZ NA PO NC           
176C:0761 55            PUSH    BP                                              

AX=3F01  BX=0001  CX=0000  DX=0000  SP=FFEC  BP=0000  SI=FFEE  DI=0000          
DS=176C  ES=176C  SS=176C  CS=176C  IP=0762   NV UP DI PL NZ NA PO NC           
176C:0762 55            PUSH    BP                                              

AX=3F01  BX=0001  CX=0000  DX=0000  SP=FFEA  BP=0000  SI=FFEE  DI=0000          
DS=176C  ES=176C  SS=176C  CS=176C  IP=0763   NV UP DI PL NZ NA PO NC           
176C:0763 9D            POPF                                                    

AX=3F01  BX=0001  CX=0000  DX=0000  SP=FFEC  BP=0000  SI=FFEE  DI=0000          
DS=176C  ES=176C  SS=176C  CS=176C  IP=0764   NV UP DI PL NZ NA PO NC           
176C:0764 89F4          MOV     SP,SI                                           

AX=3F01  BX=0001  CX=0000  DX=0000  SP=FFEE  BP=0000  SI=FFEE  DI=0000          
DS=176C  ES=176C  SS=176C  CS=176C  IP=0766   NV UP DI PL NZ NA PO NC           
176C:0766 B080          MOV     AL,80                                           

AX=3F80  BX=0001  CX=0000  DX=0000  SP=FFEE  BP=0000  SI=FFEE  DI=0000          
DS=176C  ES=176C  SS=176C  CS=176C  IP=0768   NV UP DI PL NZ NA PO NC           
176C:0768 B200          MOV     DL,00                                           

AX=3F80  BX=0001  CX=0000  DX=0000  SP=FFEE  BP=0000  SI=FFEE  DI=0000          
DS=176C  ES=176C  SS=176C  CS=176C  IP=076A   NV UP DI PL NZ NA PO NC           
176C:076A B300          MOV     BL,00                                           

AX=3F80  BX=0000  CX=0000  DX=0000  SP=FFEE  BP=0000  SI=FFEE  DI=0000          
DS=176C  ES=176C  SS=176C  CS=176C  IP=076C   NV UP DI PL NZ NA PO NC           
176C:076C F6EB          IMUL    BL                                              

AX=0000  BX=0000  CX=0000  DX=0000  SP=FFEE  BP=0000  SI=FFEE  DI=0000          
DS=176C  ES=176C  SS=176C  CS=176C  IP=076E   NV UP DI PL ZR NA PE NC           
176C:076E 55            PUSH    BP                                              

AX=0000  BX=0000  CX=0000  DX=0000  SP=FFEC  BP=0000  SI=FFEE  DI=0000          
DS=176C  ES=176C  SS=176C  CS=176C  IP=076F   NV UP DI PL ZR NA PE NC           
176C:076F 55            PUSH    BP                                              

AX=0000  BX=0000  CX=0000  DX=0000  SP=FFEA  BP=0000  SI=FFEE  DI=0000          
DS=176C  ES=176C  SS=176C  CS=176C  IP=0770   NV UP DI PL ZR NA PE NC           
176C:0770 9D            POPF                                                    

AX=0000  BX=0000  CX=0000  DX=0000  SP=FFEC  BP=0000  SI=FFEE  DI=0000          
DS=176C  ES=176C  SS=176C  CS=176C  IP=0771   NV UP DI PL NZ NA PO NC           
176C:0771 89F4          MOV     SP,SI                                           

AX=0000  BX=0000  CX=0000  DX=0000  SP=FFEE  BP=0000  SI=FFEE  DI=0000          
DS=176C  ES=176C  SS=176C  CS=176C  IP=0773   NV UP DI PL NZ NA PO NC           
176C:0773 B88000        MOV     AX,0080                                         

AX=0080  BX=0000  CX=0000  DX=0000  SP=FFEE  BP=0000  SI=FFEE  DI=0000          
DS=176C  ES=176C  SS=176C  CS=176C  IP=0776   NV UP DI PL NZ NA PO NC           
176C:0776 BA0100        MOV     DX,0001                                         

AX=0080  BX=0000  CX=0000  DX=0001  SP=FFEE  BP=0000  SI=FFEE  DI=0000          
DS=176C  ES=176C  SS=176C  CS=176C  IP=0779   NV UP DI PL NZ NA PO NC           
176C:0779 BB0100        MOV     BX,0001                                         

AX=0080  BX=0001  CX=0000  DX=0001  SP=FFEE  BP=0000  SI=FFEE  DI=0000          
DS=176C  ES=176C  SS=176C  CS=176C  IP=077C   NV UP DI PL NZ NA PO NC           
176C:077C F7EB          IMUL    BX                                              

AX=0080  BX=0001  CX=0000  DX=0000  SP=FFEE  BP=0000  SI=FFEE  DI=0000          
DS=176C  ES=176C  SS=176C  CS=176C  IP=077E   NV UP DI PL NZ NA PO NC           
176C:077E 55            PUSH    BP                                              

AX=0080  BX=0001  CX=0000  DX=0000  SP=FFEC  BP=0000  SI=FFEE  DI=0000          
DS=176C  ES=176C  SS=176C  CS=176C  IP=077F   NV UP DI PL NZ NA PO NC           
176C:077F 55            PUSH    BP                                              

AX=0080  BX=0001  CX=0000  DX=0000  SP=FFEA  BP=0000  SI=FFEE  DI=0000          
DS=176C  ES=176C  SS=176C  CS=176C  IP=0780   NV UP DI PL NZ NA PO NC           
176C:0780 9D            POPF                                                    

AX=0080  BX=0001  CX=0000  DX=0000  SP=FFEC  BP=0000  SI=FFEE  DI=0000          
DS=176C  ES=176C  SS=176C  CS=176C  IP=0781   NV UP DI PL NZ NA PO NC           
176C:0781 89F4          MOV     SP,SI                                           

AX=0080  BX=0001  CX=0000  DX=0000  SP=FFEE  BP=0000  SI=FFEE  DI=0000          
DS=176C  ES=176C  SS=176C  CS=176C  IP=0783   NV UP DI PL NZ NA PO NC           
176C:0783 B080          MOV     AL,80                                           

AX=0080  BX=0001  CX=0000  DX=0000  SP=FFEE  BP=0000  SI=FFEE  DI=0000          
DS=176C  ES=176C  SS=176C  CS=176C  IP=0785   NV UP DI PL NZ NA PO NC           
176C:0785 B200          MOV     DL,00                                           

AX=0080  BX=0001  CX=0000  DX=0000  SP=FFEE  BP=0000  SI=FFEE  DI=0000          
DS=176C  ES=176C  SS=176C  CS=176C  IP=0787   NV UP DI PL NZ NA PO NC           
176C:0787 B300          MOV     BL,00                                           

AX=0080  BX=0000  CX=0000  DX=0000  SP=FFEE  BP=0000  SI=FFEE  DI=0000          
DS=176C  ES=176C  SS=176C  CS=176C  IP=0789   NV UP DI PL NZ NA PO NC           
176C:0789 F6E8          IMUL    AL                                              

AX=4000  BX=0000  CX=0000  DX=0000  SP=FFEE  BP=0000  SI=FFEE  DI=0000          
DS=176C  ES=176C  SS=176C  CS=176C  IP=078B   OV UP DI PL ZR NA PE CY           
176C:078B 55            PUSH    BP                                              

AX=4000  BX=0000  CX=0000  DX=0000  SP=FFEC  BP=0000  SI=FFEE  DI=0000          
DS=176C  ES=176C  SS=176C  CS=176C  IP=078C   OV UP DI PL ZR NA PE CY           
176C:078C 55            PUSH    BP                                              

AX=4000  BX=0000  CX=0000  DX=0000  SP=FFEA  BP=0000  SI=FFEE  DI=0000          
DS=176C  ES=176C  SS=176C  CS=176C  IP=078D   OV UP DI PL ZR NA PE CY           
176C:078D 9D            POPF                                                    

AX=4000  BX=0000  CX=0000  DX=0000  SP=FFEC  BP=0000  SI=FFEE  DI=0000          
DS=176C  ES=176C  SS=176C  CS=176C  IP=078E   NV UP DI PL NZ NA PO NC           
176C:078E 89F4          MOV     SP,SI                                           

AX=4000  BX=0000  CX=0000  DX=0000  SP=FFEE  BP=0000  SI=FFEE  DI=0000          
DS=176C  ES=176C  SS=176C  CS=176C  IP=0790   NV UP DI PL NZ NA PO NC           
176C:0790 B88000        MOV     AX,0080                                         

AX=0080  BX=0000  CX=0000  DX=0000  SP=FFEE  BP=0000  SI=FFEE  DI=0000          
DS=176C  ES=176C  SS=176C  CS=176C  IP=0793   NV UP DI PL NZ NA PO NC           
176C:0793 BA0100        MOV     DX,0001                                         

AX=0080  BX=0000  CX=0000  DX=0001  SP=FFEE  BP=0000  SI=FFEE  DI=0000          
DS=176C  ES=176C  SS=176C  CS=176C  IP=0796   NV UP DI PL NZ NA PO NC           
176C:0796 BB0100        MOV     BX,0001                                         

AX=0080  BX=0001  CX=0000  DX=0001  SP=FFEE  BP=0000  SI=FFEE  DI=0000          
DS=176C  ES=176C  SS=176C  CS=176C  IP=0799   NV UP DI PL NZ NA PO NC           
176C:0799 F7E8          IMUL    AX                                              

AX=4000  BX=0001  CX=0000  DX=0000  SP=FFEE  BP=0000  SI=FFEE  DI=0000          
DS=176C  ES=176C  SS=176C  CS=176C  IP=079B   NV UP DI PL NZ NA PE NC           
176C:079B 55            PUSH    BP                                              

AX=4000  BX=0001  CX=0000  DX=0000  SP=FFEC  BP=0000  SI=FFEE  DI=0000          
DS=176C  ES=176C  SS=176C  CS=176C  IP=079C   NV UP DI PL NZ NA PE NC           
176C:079C 55            PUSH    BP                                              

AX=4000  BX=0001  CX=0000  DX=0000  SP=FFEA  BP=0000  SI=FFEE  DI=0000          
DS=176C  ES=176C  SS=176C  CS=176C  IP=079D   NV UP DI PL NZ NA PE NC           
176C:079D 9D            POPF                                                    

AX=4000  BX=0001  CX=0000  DX=0000  SP=FFEC  BP=0000  SI=FFEE  DI=0000          
DS=176C  ES=176C  SS=176C  CS=176C  IP=079E   NV UP DI PL NZ NA PO NC           
176C:079E 89F4          MOV     SP,SI                                           

AX=4000  BX=0001  CX=0000  DX=0000  SP=FFEE  BP=0000  SI=FFEE  DI=0000          
DS=176C  ES=176C  SS=176C  CS=176C  IP=07A0   NV UP DI PL NZ NA PO NC           
176C:07A0 B88000        MOV     AX,0080                                         

AX=0080  BX=0001  CX=0000  DX=0000  SP=FFEE  BP=0000  SI=FFEE  DI=0000          
DS=176C  ES=176C  SS=176C  CS=176C  IP=07A3   NV UP DI PL NZ NA PO NC           
176C:07A3 BA0000        MOV     DX,0000                                         

AX=0080  BX=0001  CX=0000  DX=0000  SP=FFEE  BP=0000  SI=FFEE  DI=0000          
DS=176C  ES=176C  SS=176C  CS=176C  IP=07A6   NV UP DI PL NZ NA PO NC           
176C:07A6 BB0000        MOV     BX,0000                                         

AX=0080  BX=0000  CX=0000  DX=0000  SP=FFEE  BP=0000  SI=FFEE  DI=0000          
DS=176C  ES=176C  SS=176C  CS=176C  IP=07A9   NV UP DI PL NZ NA PO NC           
176C:07A9 F7E8          IMUL    AX                                              

AX=4000  BX=0000  CX=0000  DX=0000  SP=FFEE  BP=0000  SI=FFEE  DI=0000          
DS=176C  ES=176C  SS=176C  CS=176C  IP=07AB   NV UP DI PL NZ NA PE NC           
176C:07AB 55            PUSH    BP                                              

AX=4000  BX=0000  CX=0000  DX=0000  SP=FFEC  BP=0000  SI=FFEE  DI=0000          
DS=176C  ES=176C  SS=176C  CS=176C  IP=07AC   NV UP DI PL NZ NA PE NC           
176C:07AC 55            PUSH    BP                                              

AX=4000  BX=0000  CX=0000  DX=0000  SP=FFEA  BP=0000  SI=FFEE  DI=0000          
DS=176C  ES=176C  SS=176C  CS=176C  IP=07AD   NV UP DI PL NZ NA PE NC           
176C:07AD 9D            POPF                                                    

AX=4000  BX=0000  CX=0000  DX=0000  SP=FFEC  BP=0000  SI=FFEE  DI=0000          
DS=176C  ES=176C  SS=176C  CS=176C  IP=07AE   NV UP DI PL NZ NA PO NC           
176C:07AE 89F4          MOV     SP,SI                                           

AX=4000  BX=0000  CX=0000  DX=0000  SP=FFEE  BP=0000  SI=FFEE  DI=0000          
DS=176C  ES=176C  SS=176C  CS=176C  IP=07B0   NV UP DI PL NZ NA PO NC           
176C:07B0 B080          MOV     AL,80                                           

AX=4080  BX=0000  CX=0000  DX=0000  SP=FFEE  BP=0000  SI=FFEE  DI=0000          
DS=176C  ES=176C  SS=176C  CS=176C  IP=07B2   NV UP DI PL NZ NA PO NC           
176C:07B2 B201          MOV     DL,01                                           

AX=4080  BX=0000  CX=0000  DX=0001  SP=FFEE  BP=0000  SI=FFEE  DI=0000          
DS=176C  ES=176C  SS=176C  CS=176C  IP=07B4   NV UP DI PL NZ NA PO NC           
176C:07B4 B301          MOV     BL,01                                           

AX=4080  BX=0001  CX=0000  DX=0001  SP=FFEE  BP=0000  SI=FFEE  DI=0000          
DS=176C  ES=176C  SS=176C  CS=176C  IP=07B6   NV UP DI PL NZ NA PO NC           
176C:07B6 F6EB          IMUL    BL                                              

AX=FF80  BX=0001  CX=0000  DX=0001  SP=FFEE  BP=0000  SI=FFEE  DI=0000          
DS=176C  ES=176C  SS=176C  CS=176C  IP=07B8   NV UP DI NG NZ NA PO NC           
176C:07B8 55            PUSH    BP                                              

AX=FF80  BX=0001  CX=0000  DX=0001  SP=FFEC  BP=0000  SI=FFEE  DI=0000          
DS=176C  ES=176C  SS=176C  CS=176C  IP=07B9   NV UP DI NG NZ NA PO NC           
176C:07B9 55            PUSH    BP                                              

AX=FF80  BX=0001  CX=0000  DX=0001  SP=FFEA  BP=0000  SI=FFEE  DI=0000          
DS=176C  ES=176C  SS=176C  CS=176C  IP=07BA   NV UP DI NG NZ NA PO NC           
176C:07BA 9D            POPF                                                    

AX=FF80  BX=0001  CX=0000  DX=0001  SP=FFEC  BP=0000  SI=FFEE  DI=0000          
DS=176C  ES=176C  SS=176C  CS=176C  IP=07BB   NV UP DI PL NZ NA PO NC           
176C:07BB 89F4          MOV     SP,SI                                           

AX=FF80  BX=0001  CX=0000  DX=0001  SP=FFEE  BP=0000  SI=FFEE  DI=0000          
DS=176C  ES=176C  SS=176C  CS=176C  IP=07BD   NV UP DI PL NZ NA PO NC           
176C:07BD B88000        MOV     AX,0080                                         

AX=0080  BX=0001  CX=0000  DX=0001  SP=FFEE  BP=0000  SI=FFEE  DI=0000          
DS=176C  ES=176C  SS=176C  CS=176C  IP=07C0   NV UP DI PL NZ NA PO NC           
176C:07C0 BA0100        MOV     DX,0001                                         

AX=0080  BX=0001  CX=0000  DX=0001  SP=FFEE  BP=0000  SI=FFEE  DI=0000          
DS=176C  ES=176C  SS=176C  CS=176C  IP=07C3   NV UP DI PL NZ NA PO NC           
176C:07C3 BB0100        MOV     BX,0001                                         

AX=0080  BX=0001  CX=0000  DX=0001  SP=FFEE  BP=0000  SI=FFEE  DI=0000          
DS=176C  ES=176C  SS=176C  CS=176C  IP=07C6   NV UP DI PL NZ NA PO NC           
176C:07C6 F7EB          IMUL    BX                                              

AX=0080  BX=0001  CX=0000  DX=0000  SP=FFEE  BP=0000  SI=FFEE  DI=0000          
DS=176C  ES=176C  SS=176C  CS=176C  IP=07C8   NV UP DI PL NZ NA PO NC           
176C:07C8 55            PUSH    BP                                              

AX=0080  BX=0001  CX=0000  DX=0000  SP=FFEC  BP=0000  SI=FFEE  DI=0000          
DS=176C  ES=176C  SS=176C  CS=176C  IP=07C9   NV UP DI PL NZ NA PO NC           
176C:07C9 55            PUSH    BP                                              

AX=0080  BX=0001  CX=0000  DX=0000  SP=FFEA  BP=0000  SI=FFEE  DI=0000          
DS=176C  ES=176C  SS=176C  CS=176C  IP=07CA   NV UP DI PL NZ NA PO NC           
176C:07CA 9D            POPF                                                    

AX=0080  BX=0001  CX=0000  DX=0000  SP=FFEC  BP=0000  SI=FFEE  DI=0000          
DS=176C  ES=176C  SS=176C  CS=176C  IP=07CB   NV UP DI PL NZ NA PO NC           
176C:07CB 89F4          MOV     SP,SI                                           

AX=0080  BX=0001  CX=0000  DX=0000  SP=FFEE  BP=0000  SI=FFEE  DI=0000          
DS=176C  ES=176C  SS=176C  CS=176C  IP=07CD   NV UP DI PL NZ NA PO NC           
176C:07CD B080          MOV     AL,80                                           

AX=0080  BX=0001  CX=0000  DX=0000  SP=FFEE  BP=0000  SI=FFEE  DI=0000          
DS=176C  ES=176C  SS=176C  CS=176C  IP=07CF   NV UP DI PL NZ NA PO NC           
176C:07CF B201          MOV     DL,01                                           

AX=0080  BX=0001  CX=0000  DX=0001  SP=FFEE  BP=0000  SI=FFEE  DI=0000          
DS=176C  ES=176C  SS=176C  CS=176C  IP=07D1   NV UP DI PL NZ NA PO NC           
176C:07D1 B301          MOV     BL,01                                           

AX=0080  BX=0001  CX=0000  DX=0001  SP=FFEE  BP=0000  SI=FFEE  DI=0000          
DS=176C  ES=176C  SS=176C  CS=176C  IP=07D3   NV UP DI PL NZ NA PO NC           
176C:07D3 F6E8          IMUL    AL                                              

AX=4000  BX=0001  CX=0000  DX=0001  SP=FFEE  BP=0000  SI=FFEE  DI=0000          
DS=176C  ES=176C  SS=176C  CS=176C  IP=07D5   OV UP DI PL ZR NA PE CY           
176C:07D5 55            PUSH    BP                                              

AX=4000  BX=0001  CX=0000  DX=0001  SP=FFEC  BP=0000  SI=FFEE  DI=0000          
DS=176C  ES=176C  SS=176C  CS=176C  IP=07D6   OV UP DI PL ZR NA PE CY           
176C:07D6 55            PUSH    BP                                              

AX=4000  BX=0001  CX=0000  DX=0001  SP=FFEA  BP=0000  SI=FFEE  DI=0000          
DS=176C  ES=176C  SS=176C  CS=176C  IP=07D7   OV UP DI PL ZR NA PE CY           
176C:07D7 9D            POPF                                                    

AX=4000  BX=0001  CX=0000  DX=0001  SP=FFEC  BP=0000  SI=FFEE  DI=0000          
DS=176C  ES=176C  SS=176C  CS=176C  IP=07D8   NV UP DI PL NZ NA PO NC           
176C:07D8 89F4          MOV     SP,SI                                           

AX=4000  BX=0001  CX=0000  DX=0001  SP=FFEE  BP=0000  SI=FFEE  DI=0000          
DS=176C  ES=176C  SS=176C  CS=176C  IP=07DA   NV UP DI PL NZ NA PO NC           
176C:07DA B88000        MOV     AX,0080                                         

AX=0080  BX=0001  CX=0000  DX=0001  SP=FFEE  BP=0000  SI=FFEE  DI=0000          
DS=176C  ES=176C  SS=176C  CS=176C  IP=07DD   NV UP DI PL NZ NA PO NC           
176C:07DD BA0100        MOV     DX,0001                                         

AX=0080  BX=0001  CX=0000  DX=0001  SP=FFEE  BP=0000  SI=FFEE  DI=0000          
DS=176C  ES=176C  SS=176C  CS=176C  IP=07E0   NV UP DI PL NZ NA PO NC           
176C:07E0 BB0100        MOV     BX,0001                                         

AX=0080  BX=0001  CX=0000  DX=0001  SP=FFEE  BP=0000  SI=FFEE  DI=0000          
DS=176C  ES=176C  SS=176C  CS=176C  IP=07E3   NV UP DI PL NZ NA PO NC           
176C:07E3 F7E8          IMUL    AX                                              

AX=4000  BX=0001  CX=0000  DX=0000  SP=FFEE  BP=0000  SI=FFEE  DI=0000          
DS=176C  ES=176C  SS=176C  CS=176C  IP=07E5   NV UP DI PL NZ NA PE NC           
176C:07E5 55            PUSH    BP                                              

AX=4000  BX=0001  CX=0000  DX=0000  SP=FFEC  BP=0000  SI=FFEE  DI=0000          
DS=176C  ES=176C  SS=176C  CS=176C  IP=07E6   NV UP DI PL NZ NA PE NC           
176C:07E6 55            PUSH    BP                                              

AX=4000  BX=0001  CX=0000  DX=0000  SP=FFEA  BP=0000  SI=FFEE  DI=0000          
DS=176C  ES=176C  SS=176C  CS=176C  IP=07E7   NV UP DI PL NZ NA PE NC           
176C:07E7 9D            POPF                                                    

AX=4000  BX=0001  CX=0000  DX=0000  SP=FFEC  BP=0000  SI=FFEE  DI=0000          
DS=176C  ES=176C  SS=176C  CS=176C  IP=07E8   NV UP DI PL NZ NA PO NC           
176C:07E8 89F4          MOV     SP,SI                                           

AX=4000  BX=0001  CX=0000  DX=0000  SP=FFEE  BP=0000  SI=FFEE  DI=0000          
DS=176C  ES=176C  SS=176C  CS=176C  IP=07EA   NV UP DI PL NZ NA PO NC           
176C:07EA B88000        MOV     AX,0080                                         

AX=0080  BX=0001  CX=0000  DX=0000  SP=FFEE  BP=0000  SI=FFEE  DI=0000          
DS=176C  ES=176C  SS=176C  CS=176C  IP=07ED   NV UP DI PL NZ NA PO NC           
176C:07ED BA0100        MOV     DX,0001                                         

AX=0080  BX=0001  CX=0000  DX=0001  SP=FFEE  BP=0000  SI=FFEE  DI=0000          
DS=176C  ES=176C  SS=176C  CS=176C  IP=07F0   NV UP DI PL NZ NA PO NC           
176C:07F0 BB0100        MOV     BX,0001                                         

AX=0080  BX=0001  CX=0000  DX=0001  SP=FFEE  BP=0000  SI=FFEE  DI=0000          
DS=176C  ES=176C  SS=176C  CS=176C  IP=07F3   NV UP DI PL NZ NA PO NC           
176C:07F3 F7E8          IMUL    AX                                              

AX=4000  BX=0001  CX=0000  DX=0000  SP=FFEE  BP=0000  SI=FFEE  DI=0000          
DS=176C  ES=176C  SS=176C  CS=176C  IP=07F5   NV UP DI PL NZ NA PE NC           
176C:07F5 55            PUSH    BP                                              

AX=4000  BX=0001  CX=0000  DX=0000  SP=FFEC  BP=0000  SI=FFEE  DI=0000          
DS=176C  ES=176C  SS=176C  CS=176C  IP=07F6   NV UP DI PL NZ NA PE NC           
176C:07F6 55            PUSH    BP                                              

AX=4000  BX=0001  CX=0000  DX=0000  SP=FFEA  BP=0000  SI=FFEE  DI=0000          
DS=176C  ES=176C  SS=176C  CS=176C  IP=07F7   NV UP DI PL NZ NA PE NC           
176C:07F7 9D            POPF                                                    

AX=4000  BX=0001  CX=0000  DX=0000  SP=FFEC  BP=0000  SI=FFEE  DI=0000          
DS=176C  ES=176C  SS=176C  CS=176C  IP=07F8   NV UP DI PL NZ NA PO NC           
176C:07F8 89F4          MOV     SP,SI                                           

AX=4000  BX=0001  CX=0000  DX=0000  SP=FFEE  BP=0000  SI=FFEE  DI=0000          
DS=176C  ES=176C  SS=176C  CS=176C  IP=07FA   NV UP DI PL NZ NA PO NC           
176C:07FA B001          MOV     AL,01                                           

AX=4001  BX=0001  CX=0000  DX=0000  SP=FFEE  BP=0000  SI=FFEE  DI=0000          
DS=176C  ES=176C  SS=176C  CS=176C  IP=07FC   NV UP DI PL NZ NA PO NC           
176C:07FC B200          MOV     DL,00                                           

AX=4001  BX=0001  CX=0000  DX=0000  SP=FFEE  BP=0000  SI=FFEE  DI=0000          
DS=176C  ES=176C  SS=176C  CS=176C  IP=07FE   NV UP DI PL NZ NA PO NC           
176C:07FE B300          MOV     BL,00                                           

AX=4001  BX=0000  CX=0000  DX=0000  SP=FFEE  BP=0000  SI=FFEE  DI=0000          
DS=176C  ES=176C  SS=176C  CS=176C  IP=0800   NV UP DI PL NZ NA PO NC           
176C:0800 F6EB          IMUL    BL                                              

AX=0000  BX=0000  CX=0000  DX=0000  SP=FFEE  BP=0000  SI=FFEE  DI=0000          
DS=176C  ES=176C  SS=176C  CS=176C  IP=0802   NV UP DI PL ZR NA PE NC           
176C:0802 55            PUSH    BP                                              

AX=0000  BX=0000  CX=0000  DX=0000  SP=FFEC  BP=0000  SI=FFEE  DI=0000          
DS=176C  ES=176C  SS=176C  CS=176C  IP=0803   NV UP DI PL ZR NA PE NC           
176C:0803 55            PUSH    BP                                              

AX=0000  BX=0000  CX=0000  DX=0000  SP=FFEA  BP=0000  SI=FFEE  DI=0000          
DS=176C  ES=176C  SS=176C  CS=176C  IP=0804   NV UP DI PL ZR NA PE NC           
176C:0804 9D            POPF                                                    

AX=0000  BX=0000  CX=0000  DX=0000  SP=FFEC  BP=0000  SI=FFEE  DI=0000          
DS=176C  ES=176C  SS=176C  CS=176C  IP=0805   NV UP DI PL NZ NA PO NC           
176C:0805 89F4          MOV     SP,SI                                           

AX=0000  BX=0000  CX=0000  DX=0000  SP=FFEE  BP=0000  SI=FFEE  DI=0000          
DS=176C  ES=176C  SS=176C  CS=176C  IP=0807   NV UP DI PL NZ NA PO NC           
176C:0807 B80180        MOV     AX,8001                                         

AX=8001  BX=0000  CX=0000  DX=0000  SP=FFEE  BP=0000  SI=FFEE  DI=0000          
DS=176C  ES=176C  SS=176C  CS=176C  IP=080A   NV UP DI PL NZ NA PO NC           
176C:080A BA0100        MOV     DX,0001                                         

AX=8001  BX=0000  CX=0000  DX=0001  SP=FFEE  BP=0000  SI=FFEE  DI=0000          
DS=176C  ES=176C  SS=176C  CS=176C  IP=080D   NV UP DI PL NZ NA PO NC           
176C:080D BB0100        MOV     BX,0001                                         

AX=8001  BX=0001  CX=0000  DX=0001  SP=FFEE  BP=0000  SI=FFEE  DI=0000          
DS=176C  ES=176C  SS=176C  CS=176C  IP=0810   NV UP DI PL NZ NA PO NC           
176C:0810 F7EB          IMUL    BX                                              

AX=8001  BX=0001  CX=0000  DX=FFFF  SP=FFEE  BP=0000  SI=FFEE  DI=0000          
DS=176C  ES=176C  SS=176C  CS=176C  IP=0812   NV UP DI NG NZ NA PO NC           
176C:0812 55            PUSH    BP                                              

AX=8001  BX=0001  CX=0000  DX=FFFF  SP=FFEC  BP=0000  SI=FFEE  DI=0000          
DS=176C  ES=176C  SS=176C  CS=176C  IP=0813   NV UP DI NG NZ NA PO NC           
176C:0813 55            PUSH    BP                                              

AX=8001  BX=0001  CX=0000  DX=FFFF  SP=FFEA  BP=0000  SI=FFEE  DI=0000          
DS=176C  ES=176C  SS=176C  CS=176C  IP=0814   NV UP DI NG NZ NA PO NC           
176C:0814 9D            POPF                                                    

AX=8001  BX=0001  CX=0000  DX=FFFF  SP=FFEC  BP=0000  SI=FFEE  DI=0000          
DS=176C  ES=176C  SS=176C  CS=176C  IP=0815   NV UP DI PL NZ NA PO NC           
176C:0815 89F4          MOV     SP,SI                                           

AX=8001  BX=0001  CX=0000  DX=FFFF  SP=FFEE  BP=0000  SI=FFEE  DI=0000          
DS=176C  ES=176C  SS=176C  CS=176C  IP=0817   NV UP DI PL NZ NA PO NC           
176C:0817 B001          MOV     AL,01                                           

AX=8001  BX=0001  CX=0000  DX=FFFF  SP=FFEE  BP=0000  SI=FFEE  DI=0000          
DS=176C  ES=176C  SS=176C  CS=176C  IP=0819   NV UP DI PL NZ NA PO NC           
176C:0819 B200          MOV     DL,00                                           

AX=8001  BX=0001  CX=0000  DX=FF00  SP=FFEE  BP=0000  SI=FFEE  DI=0000          
DS=176C  ES=176C  SS=176C  CS=176C  IP=081B   NV UP DI PL NZ NA PO NC           
176C:081B B300          MOV     BL,00                                           

AX=8001  BX=0000  CX=0000  DX=FF00  SP=FFEE  BP=0000  SI=FFEE  DI=0000          
DS=176C  ES=176C  SS=176C  CS=176C  IP=081D   NV UP DI PL NZ NA PO NC           
176C:081D F6E8          IMUL    AL                                              

AX=0001  BX=0000  CX=0000  DX=FF00  SP=FFEE  BP=0000  SI=FFEE  DI=0000          
DS=176C  ES=176C  SS=176C  CS=176C  IP=081F   NV UP DI PL NZ NA PO NC           
176C:081F 55            PUSH    BP                                              

AX=0001  BX=0000  CX=0000  DX=FF00  SP=FFEC  BP=0000  SI=FFEE  DI=0000          
DS=176C  ES=176C  SS=176C  CS=176C  IP=0820   NV UP DI PL NZ NA PO NC           
176C:0820 55            PUSH    BP                                              

AX=0001  BX=0000  CX=0000  DX=FF00  SP=FFEA  BP=0000  SI=FFEE  DI=0000          
DS=176C  ES=176C  SS=176C  CS=176C  IP=0821   NV UP DI PL NZ NA PO NC           
176C:0821 9D            POPF                                                    

AX=0001  BX=0000  CX=0000  DX=FF00  SP=FFEC  BP=0000  SI=FFEE  DI=0000          
DS=176C  ES=176C  SS=176C  CS=176C  IP=0822   NV UP DI PL NZ NA PO NC           
176C:0822 89F4          MOV     SP,SI                                           

AX=0001  BX=0000  CX=0000  DX=FF00  SP=FFEE  BP=0000  SI=FFEE  DI=0000          
DS=176C  ES=176C  SS=176C  CS=176C  IP=0824   NV UP DI PL NZ NA PO NC           
176C:0824 B80180        MOV     AX,8001                                         

AX=8001  BX=0000  CX=0000  DX=FF00  SP=FFEE  BP=0000  SI=FFEE  DI=0000          
DS=176C  ES=176C  SS=176C  CS=176C  IP=0827   NV UP DI PL NZ NA PO NC           
176C:0827 BA0100        MOV     DX,0001                                         

AX=8001  BX=0000  CX=0000  DX=0001  SP=FFEE  BP=0000  SI=FFEE  DI=0000          
DS=176C  ES=176C  SS=176C  CS=176C  IP=082A   NV UP DI PL NZ NA PO NC           
176C:082A BB0100        MOV     BX,0001                                         

AX=8001  BX=0001  CX=0000  DX=0001  SP=FFEE  BP=0000  SI=FFEE  DI=0000          
DS=176C  ES=176C  SS=176C  CS=176C  IP=082D   NV UP DI PL NZ NA PO NC           
176C:082D F7E8          IMUL    AX                                              

AX=0001  BX=0001  CX=0000  DX=3FFF  SP=FFEE  BP=0000  SI=FFEE  DI=0000          
DS=176C  ES=176C  SS=176C  CS=176C  IP=082F   OV UP DI PL NZ NA PO CY           
176C:082F 55            PUSH    BP                                              

AX=0001  BX=0001  CX=0000  DX=3FFF  SP=FFEC  BP=0000  SI=FFEE  DI=0000          
DS=176C  ES=176C  SS=176C  CS=176C  IP=0830   OV UP DI PL NZ NA PO CY           
176C:0830 55            PUSH    BP                                              

AX=0001  BX=0001  CX=0000  DX=3FFF  SP=FFEA  BP=0000  SI=FFEE  DI=0000          
DS=176C  ES=176C  SS=176C  CS=176C  IP=0831   OV UP DI PL NZ NA PO CY           
176C:0831 9D            POPF                                                    

AX=0001  BX=0001  CX=0000  DX=3FFF  SP=FFEC  BP=0000  SI=FFEE  DI=0000          
DS=176C  ES=176C  SS=176C  CS=176C  IP=0832   NV UP DI PL NZ NA PO NC           
176C:0832 89F4          MOV     SP,SI                                           

AX=0001  BX=0001  CX=0000  DX=3FFF  SP=FFEE  BP=0000  SI=FFEE  DI=0000          
DS=176C  ES=176C  SS=176C  CS=176C  IP=0834   NV UP DI PL NZ NA PO NC           
176C:0834 B80180        MOV     AX,8001                                         

AX=8001  BX=0001  CX=0000  DX=3FFF  SP=FFEE  BP=0000  SI=FFEE  DI=0000          
DS=176C  ES=176C  SS=176C  CS=176C  IP=0837   NV UP DI PL NZ NA PO NC           
176C:0837 BA0000        MOV     DX,0000                                         

AX=8001  BX=0001  CX=0000  DX=0000  SP=FFEE  BP=0000  SI=FFEE  DI=0000          
DS=176C  ES=176C  SS=176C  CS=176C  IP=083A   NV UP DI PL NZ NA PO NC           
176C:083A BB0000        MOV     BX,0000                                         

AX=8001  BX=0000  CX=0000  DX=0000  SP=FFEE  BP=0000  SI=FFEE  DI=0000          
DS=176C  ES=176C  SS=176C  CS=176C  IP=083D   NV UP DI PL NZ NA PO NC           
176C:083D F7E8          IMUL    AX                                              

AX=0001  BX=0000  CX=0000  DX=3FFF  SP=FFEE  BP=0000  SI=FFEE  DI=0000          
DS=176C  ES=176C  SS=176C  CS=176C  IP=083F   OV UP DI PL NZ NA PO CY           
176C:083F 55            PUSH    BP                                              

AX=0001  BX=0000  CX=0000  DX=3FFF  SP=FFEC  BP=0000  SI=FFEE  DI=0000          
DS=176C  ES=176C  SS=176C  CS=176C  IP=0840   OV UP DI PL NZ NA PO CY           
176C:0840 55            PUSH    BP                                              

AX=0001  BX=0000  CX=0000  DX=3FFF  SP=FFEA  BP=0000  SI=FFEE  DI=0000          
DS=176C  ES=176C  SS=176C  CS=176C  IP=0841   OV UP DI PL NZ NA PO CY           
176C:0841 9D            POPF                                                    

AX=0001  BX=0000  CX=0000  DX=3FFF  SP=FFEC  BP=0000  SI=FFEE  DI=0000          
DS=176C  ES=176C  SS=176C  CS=176C  IP=0842   NV UP DI PL NZ NA PO NC           
176C:0842 89F4          MOV     SP,SI                                           

AX=0001  BX=0000  CX=0000  DX=3FFF  SP=FFEE  BP=0000  SI=FFEE  DI=0000          
DS=176C  ES=176C  SS=176C  CS=176C  IP=0844   NV UP DI PL NZ NA PO NC           
176C:0844 B001          MOV     AL,01                                           

AX=0001  BX=0000  CX=0000  DX=3FFF  SP=FFEE  BP=0000  SI=FFEE  DI=0000          
DS=176C  ES=176C  SS=176C  CS=176C  IP=0846   NV UP DI PL NZ NA PO NC           
176C:0846 B201          MOV     DL,01                                           

AX=0001  BX=0000  CX=0000  DX=3F01  SP=FFEE  BP=0000  SI=FFEE  DI=0000          
DS=176C  ES=176C  SS=176C  CS=176C  IP=0848   NV UP DI PL NZ NA PO NC           
176C:0848 B301          MOV     BL,01                                           

AX=0001  BX=0001  CX=0000  DX=3F01  SP=FFEE  BP=0000  SI=FFEE  DI=0000          
DS=176C  ES=176C  SS=176C  CS=176C  IP=084A   NV UP DI PL NZ NA PO NC           
176C:084A F6EB          IMUL    BL                                              

AX=0001  BX=0001  CX=0000  DX=3F01  SP=FFEE  BP=0000  SI=FFEE  DI=0000          
DS=176C  ES=176C  SS=176C  CS=176C  IP=084C   NV UP DI PL NZ NA PO NC           
176C:084C 55            PUSH    BP                                              

AX=0001  BX=0001  CX=0000  DX=3F01  SP=FFEC  BP=0000  SI=FFEE  DI=0000          
DS=176C  ES=176C  SS=176C  CS=176C  IP=084D   NV UP DI PL NZ NA PO NC           
176C:084D 55            PUSH    BP                                              

AX=0001  BX=0001  CX=0000  DX=3F01  SP=FFEA  BP=0000  SI=FFEE  DI=0000          
DS=176C  ES=176C  SS=176C  CS=176C  IP=084E   NV UP DI PL NZ NA PO NC           
176C:084E 9D            POPF                                                    

AX=0001  BX=0001  CX=0000  DX=3F01  SP=FFEC  BP=0000  SI=FFEE  DI=0000          
DS=176C  ES=176C  SS=176C  CS=176C  IP=084F   NV UP DI PL NZ NA PO NC           
176C:084F 89F4          MOV     SP,SI                                           

AX=0001  BX=0001  CX=0000  DX=3F01  SP=FFEE  BP=0000  SI=FFEE  DI=0000          
DS=176C  ES=176C  SS=176C  CS=176C  IP=0851   NV UP DI PL NZ NA PO NC           
176C:0851 B80180        MOV     AX,8001                                         

AX=8001  BX=0001  CX=0000  DX=3F01  SP=FFEE  BP=0000  SI=FFEE  DI=0000          
DS=176C  ES=176C  SS=176C  CS=176C  IP=0854   NV UP DI PL NZ NA PO NC           
176C:0854 BA0100        MOV     DX,0001                                         

AX=8001  BX=0001  CX=0000  DX=0001  SP=FFEE  BP=0000  SI=FFEE  DI=0000          
DS=176C  ES=176C  SS=176C  CS=176C  IP=0857   NV UP DI PL NZ NA PO NC           
176C:0857 BB0100        MOV     BX,0001                                         

AX=8001  BX=0001  CX=0000  DX=0001  SP=FFEE  BP=0000  SI=FFEE  DI=0000          
DS=176C  ES=176C  SS=176C  CS=176C  IP=085A   NV UP DI PL NZ NA PO NC           
176C:085A F7EB          IMUL    BX                                              

AX=8001  BX=0001  CX=0000  DX=FFFF  SP=FFEE  BP=0000  SI=FFEE  DI=0000          
DS=176C  ES=176C  SS=176C  CS=176C  IP=085C   NV UP DI NG NZ NA PO NC           
176C:085C 55            PUSH    BP                                              

AX=8001  BX=0001  CX=0000  DX=FFFF  SP=FFEC  BP=0000  SI=FFEE  DI=0000          
DS=176C  ES=176C  SS=176C  CS=176C  IP=085D   NV UP DI NG NZ NA PO NC           
176C:085D 55            PUSH    BP                                              

AX=8001  BX=0001  CX=0000  DX=FFFF  SP=FFEA  BP=0000  SI=FFEE  DI=0000          
DS=176C  ES=176C  SS=176C  CS=176C  IP=085E   NV UP DI NG NZ NA PO NC           
176C:085E 9D            POPF                                                    

AX=8001  BX=0001  CX=0000  DX=FFFF  SP=FFEC  BP=0000  SI=FFEE  DI=0000          
DS=176C  ES=176C  SS=176C  CS=176C  IP=085F   NV UP DI PL NZ NA PO NC           
176C:085F 89F4          MOV     SP,SI                                           

AX=8001  BX=0001  CX=0000  DX=FFFF  SP=FFEE  BP=0000  SI=FFEE  DI=0000          
DS=176C  ES=176C  SS=176C  CS=176C  IP=0861   NV UP DI PL NZ NA PO NC           
176C:0861 B001          MOV     AL,01                                           

AX=8001  BX=0001  CX=0000  DX=FFFF  SP=FFEE  BP=0000  SI=FFEE  DI=0000          
DS=176C  ES=176C  SS=176C  CS=176C  IP=0863   NV UP DI PL NZ NA PO NC           
176C:0863 B201          MOV     DL,01                                           

AX=8001  BX=0001  CX=0000  DX=FF01  SP=FFEE  BP=0000  SI=FFEE  DI=0000          
DS=176C  ES=176C  SS=176C  CS=176C  IP=0865   NV UP DI PL NZ NA PO NC           
176C:0865 B301          MOV     BL,01                                           

AX=8001  BX=0001  CX=0000  DX=FF01  SP=FFEE  BP=0000  SI=FFEE  DI=0000          
DS=176C  ES=176C  SS=176C  CS=176C  IP=0867   NV UP DI PL NZ NA PO NC           
176C:0867 F6E8          IMUL    AL                                              

AX=0001  BX=0001  CX=0000  DX=FF01  SP=FFEE  BP=0000  SI=FFEE  DI=0000          
DS=176C  ES=176C  SS=176C  CS=176C  IP=0869   NV UP DI PL NZ NA PO NC           
176C:0869 55            PUSH    BP                                              

AX=0001  BX=0001  CX=0000  DX=FF01  SP=FFEC  BP=0000  SI=FFEE  DI=0000          
DS=176C  ES=176C  SS=176C  CS=176C  IP=086A   NV UP DI PL NZ NA PO NC           
176C:086A 55            PUSH    BP                                              

AX=0001  BX=0001  CX=0000  DX=FF01  SP=FFEA  BP=0000  SI=FFEE  DI=0000          
DS=176C  ES=176C  SS=176C  CS=176C  IP=086B   NV UP DI PL NZ NA PO NC           
176C:086B 9D            POPF                                                    

AX=0001  BX=0001  CX=0000  DX=FF01  SP=FFEC  BP=0000  SI=FFEE  DI=0000          
DS=176C  ES=176C  SS=176C  CS=176C  IP=086C   NV UP DI PL NZ NA PO NC           
176C:086C 89F4          MOV     SP,SI                                           

AX=0001  BX=0001  CX=0000  DX=FF01  SP=FFEE  BP=0000  SI=FFEE  DI=0000          
DS=176C  ES=176C  SS=176C  CS=176C  IP=086E   NV UP DI PL NZ NA PO NC           
176C:086E B80180        MOV     AX,8001                                         

AX=8001  BX=0001  CX=0000  DX=FF01  SP=FFEE  BP=0000  SI=FFEE  DI=0000          
DS=176C  ES=176C  SS=176C  CS=176C  IP=0871   NV UP DI PL NZ NA PO NC           
176C:0871 BA0100        MOV     DX,0001                                         

AX=8001  BX=0001  CX=0000  DX=0001  SP=FFEE  BP=0000  SI=FFEE  DI=0000          
DS=176C  ES=176C  SS=176C  CS=176C  IP=0874   NV UP DI PL NZ NA PO NC           
176C:0874 BB0100        MOV     BX,0001                                         

AX=8001  BX=0001  CX=0000  DX=0001  SP=FFEE  BP=0000  SI=FFEE  DI=0000          
DS=176C  ES=176C  SS=176C  CS=176C  IP=0877   NV UP DI PL NZ NA PO NC           
176C:0877 F7E8          IMUL    AX                                              

AX=0001  BX=0001  CX=0000  DX=3FFF  SP=FFEE  BP=0000  SI=FFEE  DI=0000          
DS=176C  ES=176C  SS=176C  CS=176C  IP=0879   OV UP DI PL NZ NA PO CY           
176C:0879 55            PUSH    BP                                              

AX=0001  BX=0001  CX=0000  DX=3FFF  SP=FFEC  BP=0000  SI=FFEE  DI=0000          
DS=176C  ES=176C  SS=176C  CS=176C  IP=087A   OV UP DI PL NZ NA PO CY           
176C:087A 55            PUSH    BP                                              

AX=0001  BX=0001  CX=0000  DX=3FFF  SP=FFEA  BP=0000  SI=FFEE  DI=0000          
DS=176C  ES=176C  SS=176C  CS=176C  IP=087B   OV UP DI PL NZ NA PO CY           
176C:087B 9D            POPF                                                    

AX=0001  BX=0001  CX=0000  DX=3FFF  SP=FFEC  BP=0000  SI=FFEE  DI=0000          
DS=176C  ES=176C  SS=176C  CS=176C  IP=087C   NV UP DI PL NZ NA PO NC           
176C:087C 89F4          MOV     SP,SI                                           

AX=0001  BX=0001  CX=0000  DX=3FFF  SP=FFEE  BP=0000  SI=FFEE  DI=0000          
DS=176C  ES=176C  SS=176C  CS=176C  IP=087E   NV UP DI PL NZ NA PO NC           
176C:087E B80180        MOV     AX,8001                                         

AX=8001  BX=0001  CX=0000  DX=3FFF  SP=FFEE  BP=0000  SI=FFEE  DI=0000          
DS=176C  ES=176C  SS=176C  CS=176C  IP=0881   NV UP DI PL NZ NA PO NC           
176C:0881 BA0100        MOV     DX,0001                                         

AX=8001  BX=0001  CX=0000  DX=0001  SP=FFEE  BP=0000  SI=FFEE  DI=0000          
DS=176C  ES=176C  SS=176C  CS=176C  IP=0884   NV UP DI PL NZ NA PO NC           
176C:0884 BB0100        MOV     BX,0001                                         

AX=8001  BX=0001  CX=0000  DX=0001  SP=FFEE  BP=0000  SI=FFEE  DI=0000          
DS=176C  ES=176C  SS=176C  CS=176C  IP=0887   NV UP DI PL NZ NA PO NC           
176C:0887 F7E8          IMUL    AX                                              

AX=0001  BX=0001  CX=0000  DX=3FFF  SP=FFEE  BP=0000  SI=FFEE  DI=0000          
DS=176C  ES=176C  SS=176C  CS=176C  IP=0889   OV UP DI PL NZ NA PO CY           
176C:0889 55            PUSH    BP                                              

AX=0001  BX=0001  CX=0000  DX=3FFF  SP=FFEC  BP=0000  SI=FFEE  DI=0000          
DS=176C  ES=176C  SS=176C  CS=176C  IP=088A   OV UP DI PL NZ NA PO CY           
176C:088A 55            PUSH    BP                                              

AX=0001  BX=0001  CX=0000  DX=3FFF  SP=FFEA  BP=0000  SI=FFEE  DI=0000          
DS=176C  ES=176C  SS=176C  CS=176C  IP=088B   OV UP DI PL NZ NA PO CY           
176C:088B 9D            POPF                                                    

AX=0001  BX=0001  CX=0000  DX=3FFF  SP=FFEC  BP=0000  SI=FFEE  DI=0000          
DS=176C  ES=176C  SS=176C  CS=176C  IP=088C   NV UP DI PL NZ NA PO NC           
176C:088C 89F4          MOV     SP,SI                                           

AX=0001  BX=0001  CX=0000  DX=3FFF  SP=FFEE  BP=0000  SI=FFEE  DI=0000          
DS=176C  ES=176C  SS=176C  CS=176C  IP=088E   NV UP DI PL NZ NA PO NC           
176C:088E B0FE          MOV     AL,FE                                           

AX=00FE  BX=0001  CX=0000  DX=3FFF  SP=FFEE  BP=0000  SI=FFEE  DI=0000          
DS=176C  ES=176C  SS=176C  CS=176C  IP=0890   NV UP DI PL NZ NA PO NC           
176C:0890 B200          MOV     DL,00                                           

AX=00FE  BX=0001  CX=0000  DX=3F00  SP=FFEE  BP=0000  SI=FFEE  DI=0000          
DS=176C  ES=176C  SS=176C  CS=176C  IP=0892   NV UP DI PL NZ NA PO NC           
176C:0892 B300          MOV     BL,00                                           

AX=00FE  BX=0000  CX=0000  DX=3F00  SP=FFEE  BP=0000  SI=FFEE  DI=0000          
DS=176C  ES=176C  SS=176C  CS=176C  IP=0894   NV UP DI PL NZ NA PO NC           
176C:0894 F6EB          IMUL    BL                                              

AX=0000  BX=0000  CX=0000  DX=3F00  SP=FFEE  BP=0000  SI=FFEE  DI=0000          
DS=176C  ES=176C  SS=176C  CS=176C  IP=0896   NV UP DI PL ZR NA PE NC           
176C:0896 55            PUSH    BP                                              

AX=0000  BX=0000  CX=0000  DX=3F00  SP=FFEC  BP=0000  SI=FFEE  DI=0000          
DS=176C  ES=176C  SS=176C  CS=176C  IP=0897   NV UP DI PL ZR NA PE NC           
176C:0897 55            PUSH    BP                                              

AX=0000  BX=0000  CX=0000  DX=3F00  SP=FFEA  BP=0000  SI=FFEE  DI=0000          
DS=176C  ES=176C  SS=176C  CS=176C  IP=0898   NV UP DI PL ZR NA PE NC           
176C:0898 9D            POPF                                                    

AX=0000  BX=0000  CX=0000  DX=3F00  SP=FFEC  BP=0000  SI=FFEE  DI=0000          
DS=176C  ES=176C  SS=176C  CS=176C  IP=0899   NV UP DI PL NZ NA PO NC           
176C:0899 89F4          MOV     SP,SI                                           

AX=0000  BX=0000  CX=0000  DX=3F00  SP=FFEE  BP=0000  SI=FFEE  DI=0000          
DS=176C  ES=176C  SS=176C  CS=176C  IP=089B   NV UP DI PL NZ NA PO NC           
176C:089B B8FE7F        MOV     AX,7FFE                                         

AX=7FFE  BX=0000  CX=0000  DX=3F00  SP=FFEE  BP=0000  SI=FFEE  DI=0000          
DS=176C  ES=176C  SS=176C  CS=176C  IP=089E   NV UP DI PL NZ NA PO NC           
176C:089E BA0100        MOV     DX,0001                                         

AX=7FFE  BX=0000  CX=0000  DX=0001  SP=FFEE  BP=0000  SI=FFEE  DI=0000          
DS=176C  ES=176C  SS=176C  CS=176C  IP=08A1   NV UP DI PL NZ NA PO NC           
176C:08A1 BB0100        MOV     BX,0001                                         

AX=7FFE  BX=0001  CX=0000  DX=0001  SP=FFEE  BP=0000  SI=FFEE  DI=0000          
DS=176C  ES=176C  SS=176C  CS=176C  IP=08A4   NV UP DI PL NZ NA PO NC           
176C:08A4 F7EB          IMUL    BX                                              

AX=7FFE  BX=0001  CX=0000  DX=0000  SP=FFEE  BP=0000  SI=FFEE  DI=0000          
DS=176C  ES=176C  SS=176C  CS=176C  IP=08A6   NV UP DI PL NZ NA PO NC           
176C:08A6 55            PUSH    BP                                              

AX=7FFE  BX=0001  CX=0000  DX=0000  SP=FFEC  BP=0000  SI=FFEE  DI=0000          
DS=176C  ES=176C  SS=176C  CS=176C  IP=08A7   NV UP DI PL NZ NA PO NC           
176C:08A7 55            PUSH    BP                                              

AX=7FFE  BX=0001  CX=0000  DX=0000  SP=FFEA  BP=0000  SI=FFEE  DI=0000          
DS=176C  ES=176C  SS=176C  CS=176C  IP=08A8   NV UP DI PL NZ NA PO NC           
176C:08A8 9D            POPF                                                    

AX=7FFE  BX=0001  CX=0000  DX=0000  SP=FFEC  BP=0000  SI=FFEE  DI=0000          
DS=176C  ES=176C  SS=176C  CS=176C  IP=08A9   NV UP DI PL NZ NA PO NC           
176C:08A9 89F4          MOV     SP,SI                                           

AX=7FFE  BX=0001  CX=0000  DX=0000  SP=FFEE  BP=0000  SI=FFEE  DI=0000          
DS=176C  ES=176C  SS=176C  CS=176C  IP=08AB   NV UP DI PL NZ NA PO NC           
176C:08AB B0FE          MOV     AL,FE                                           

AX=7FFE  BX=0001  CX=0000  DX=0000  SP=FFEE  BP=0000  SI=FFEE  DI=0000          
DS=176C  ES=176C  SS=176C  CS=176C  IP=08AD   NV UP DI PL NZ NA PO NC           
176C:08AD B200          MOV     DL,00                                           

AX=7FFE  BX=0001  CX=0000  DX=0000  SP=FFEE  BP=0000  SI=FFEE  DI=0000          
DS=176C  ES=176C  SS=176C  CS=176C  IP=08AF   NV UP DI PL NZ NA PO NC           
176C:08AF B300          MOV     BL,00                                           

AX=7FFE  BX=0000  CX=0000  DX=0000  SP=FFEE  BP=0000  SI=FFEE  DI=0000          
DS=176C  ES=176C  SS=176C  CS=176C  IP=08B1   NV UP DI PL NZ NA PO NC           
176C:08B1 F6E8          IMUL    AL                                              

AX=0004  BX=0000  CX=0000  DX=0000  SP=FFEE  BP=0000  SI=FFEE  DI=0000          
DS=176C  ES=176C  SS=176C  CS=176C  IP=08B3   NV UP DI PL NZ NA PO NC           
176C:08B3 55            PUSH    BP                                              

AX=0004  BX=0000  CX=0000  DX=0000  SP=FFEC  BP=0000  SI=FFEE  DI=0000          
DS=176C  ES=176C  SS=176C  CS=176C  IP=08B4   NV UP DI PL NZ NA PO NC           
176C:08B4 55            PUSH    BP                                              

AX=0004  BX=0000  CX=0000  DX=0000  SP=FFEA  BP=0000  SI=FFEE  DI=0000          
DS=176C  ES=176C  SS=176C  CS=176C  IP=08B5   NV UP DI PL NZ NA PO NC           
176C:08B5 9D            POPF                                                    

AX=0004  BX=0000  CX=0000  DX=0000  SP=FFEC  BP=0000  SI=FFEE  DI=0000          
DS=176C  ES=176C  SS=176C  CS=176C  IP=08B6   NV UP DI PL NZ NA PO NC           
176C:08B6 89F4          MOV     SP,SI                                           

AX=0004  BX=0000  CX=0000  DX=0000  SP=FFEE  BP=0000  SI=FFEE  DI=0000          
DS=176C  ES=176C  SS=176C  CS=176C  IP=08B8   NV UP DI PL NZ NA PO NC           
176C:08B8 B8FE7F        MOV     AX,7FFE                                         

AX=7FFE  BX=0000  CX=0000  DX=0000  SP=FFEE  BP=0000  SI=FFEE  DI=0000          
DS=176C  ES=176C  SS=176C  CS=176C  IP=08BB   NV UP DI PL NZ NA PO NC           
176C:08BB BA0100        MOV     DX,0001                                         

AX=7FFE  BX=0000  CX=0000  DX=0001  SP=FFEE  BP=0000  SI=FFEE  DI=0000          
DS=176C  ES=176C  SS=176C  CS=176C  IP=08BE   NV UP DI PL NZ NA PO NC           
176C:08BE BB0100        MOV     BX,0001                                         

AX=7FFE  BX=0001  CX=0000  DX=0001  SP=FFEE  BP=0000  SI=FFEE  DI=0000          
DS=176C  ES=176C  SS=176C  CS=176C  IP=08C1   NV UP DI PL NZ NA PO NC           
176C:08C1 F7E8          IMUL    AX                                              

AX=0004  BX=0001  CX=0000  DX=3FFE  SP=FFEE  BP=0000  SI=FFEE  DI=0000          
DS=176C  ES=176C  SS=176C  CS=176C  IP=08C3   OV UP DI PL NZ NA PO CY           
176C:08C3 55            PUSH    BP                                              

AX=0004  BX=0001  CX=0000  DX=3FFE  SP=FFEC  BP=0000  SI=FFEE  DI=0000          
DS=176C  ES=176C  SS=176C  CS=176C  IP=08C4   OV UP DI PL NZ NA PO CY           
176C:08C4 55            PUSH    BP                                              

AX=0004  BX=0001  CX=0000  DX=3FFE  SP=FFEA  BP=0000  SI=FFEE  DI=0000          
DS=176C  ES=176C  SS=176C  CS=176C  IP=08C5   OV UP DI PL NZ NA PO CY           
176C:08C5 9D            POPF                                                    

AX=0004  BX=0001  CX=0000  DX=3FFE  SP=FFEC  BP=0000  SI=FFEE  DI=0000          
DS=176C  ES=176C  SS=176C  CS=176C  IP=08C6   NV UP DI PL NZ NA PO NC           
176C:08C6 89F4          MOV     SP,SI                                           

AX=0004  BX=0001  CX=0000  DX=3FFE  SP=FFEE  BP=0000  SI=FFEE  DI=0000          
DS=176C  ES=176C  SS=176C  CS=176C  IP=08C8   NV UP DI PL NZ NA PO NC           
176C:08C8 B8FE7F        MOV     AX,7FFE                                         

AX=7FFE  BX=0001  CX=0000  DX=3FFE  SP=FFEE  BP=0000  SI=FFEE  DI=0000          
DS=176C  ES=176C  SS=176C  CS=176C  IP=08CB   NV UP DI PL NZ NA PO NC           
176C:08CB BA0000        MOV     DX,0000                                         

AX=7FFE  BX=0001  CX=0000  DX=0000  SP=FFEE  BP=0000  SI=FFEE  DI=0000          
DS=176C  ES=176C  SS=176C  CS=176C  IP=08CE   NV UP DI PL NZ NA PO NC           
176C:08CE BB0000        MOV     BX,0000                                         

AX=7FFE  BX=0000  CX=0000  DX=0000  SP=FFEE  BP=0000  SI=FFEE  DI=0000          
DS=176C  ES=176C  SS=176C  CS=176C  IP=08D1   NV UP DI PL NZ NA PO NC           
176C:08D1 F7E8          IMUL    AX                                              

AX=0004  BX=0000  CX=0000  DX=3FFE  SP=FFEE  BP=0000  SI=FFEE  DI=0000          
DS=176C  ES=176C  SS=176C  CS=176C  IP=08D3   OV UP DI PL NZ NA PO CY           
176C:08D3 55            PUSH    BP                                              

AX=0004  BX=0000  CX=0000  DX=3FFE  SP=FFEC  BP=0000  SI=FFEE  DI=0000          
DS=176C  ES=176C  SS=176C  CS=176C  IP=08D4   OV UP DI PL NZ NA PO CY           
176C:08D4 55            PUSH    BP                                              

AX=0004  BX=0000  CX=0000  DX=3FFE  SP=FFEA  BP=0000  SI=FFEE  DI=0000          
DS=176C  ES=176C  SS=176C  CS=176C  IP=08D5   OV UP DI PL NZ NA PO CY           
176C:08D5 9D            POPF                                                    

AX=0004  BX=0000  CX=0000  DX=3FFE  SP=FFEC  BP=0000  SI=FFEE  DI=0000          
DS=176C  ES=176C  SS=176C  CS=176C  IP=08D6   NV UP DI PL NZ NA PO NC           
176C:08D6 89F4          MOV     SP,SI                                           

AX=0004  BX=0000  CX=0000  DX=3FFE  SP=FFEE  BP=0000  SI=FFEE  DI=0000          
DS=176C  ES=176C  SS=176C  CS=176C  IP=08D8   NV UP DI PL NZ NA PO NC           
176C:08D8 B0FE          MOV     AL,FE                                           

AX=00FE  BX=0000  CX=0000  DX=3FFE  SP=FFEE  BP=0000  SI=FFEE  DI=0000          
DS=176C  ES=176C  SS=176C  CS=176C  IP=08DA   NV UP DI PL NZ NA PO NC           
176C:08DA B201          MOV     DL,01                                           

AX=00FE  BX=0000  CX=0000  DX=3F01  SP=FFEE  BP=0000  SI=FFEE  DI=0000          
DS=176C  ES=176C  SS=176C  CS=176C  IP=08DC   NV UP DI PL NZ NA PO NC           
176C:08DC B301          MOV     BL,01                                           

AX=00FE  BX=0001  CX=0000  DX=3F01  SP=FFEE  BP=0000  SI=FFEE  DI=0000          
DS=176C  ES=176C  SS=176C  CS=176C  IP=08DE   NV UP DI PL NZ NA PO NC           
176C:08DE F6EB          IMUL    BL                                              

AX=FFFE  BX=0001  CX=0000  DX=3F01  SP=FFEE  BP=0000  SI=FFEE  DI=0000          
DS=176C  ES=176C  SS=176C  CS=176C  IP=08E0   NV UP DI NG NZ NA PO NC           
176C:08E0 55            PUSH    BP                                              

AX=FFFE  BX=0001  CX=0000  DX=3F01  SP=FFEC  BP=0000  SI=FFEE  DI=0000          
DS=176C  ES=176C  SS=176C  CS=176C  IP=08E1   NV UP DI NG NZ NA PO NC           
176C:08E1 55            PUSH    BP                                              

AX=FFFE  BX=0001  CX=0000  DX=3F01  SP=FFEA  BP=0000  SI=FFEE  DI=0000          
DS=176C  ES=176C  SS=176C  CS=176C  IP=08E2   NV UP DI NG NZ NA PO NC           
176C:08E2 9D            POPF                                                    

AX=FFFE  BX=0001  CX=0000  DX=3F01  SP=FFEC  BP=0000  SI=FFEE  DI=0000          
DS=176C  ES=176C  SS=176C  CS=176C  IP=08E3   NV UP DI PL NZ NA PO NC           
176C:08E3 89F4          MOV     SP,SI                                           

AX=FFFE  BX=0001  CX=0000  DX=3F01  SP=FFEE  BP=0000  SI=FFEE  DI=0000          
DS=176C  ES=176C  SS=176C  CS=176C  IP=08E5   NV UP DI PL NZ NA PO NC           
176C:08E5 B8FE7F        MOV     AX,7FFE                                         

AX=7FFE  BX=0001  CX=0000  DX=3F01  SP=FFEE  BP=0000  SI=FFEE  DI=0000          
DS=176C  ES=176C  SS=176C  CS=176C  IP=08E8   NV UP DI PL NZ NA PO NC           
176C:08E8 BA0100        MOV     DX,0001                                         

AX=7FFE  BX=0001  CX=0000  DX=0001  SP=FFEE  BP=0000  SI=FFEE  DI=0000          
DS=176C  ES=176C  SS=176C  CS=176C  IP=08EB   NV UP DI PL NZ NA PO NC           
176C:08EB BB0100        MOV     BX,0001                                         

AX=7FFE  BX=0001  CX=0000  DX=0001  SP=FFEE  BP=0000  SI=FFEE  DI=0000          
DS=176C  ES=176C  SS=176C  CS=176C  IP=08EE   NV UP DI PL NZ NA PO NC           
176C:08EE F7EB          IMUL    BX                                              

AX=7FFE  BX=0001  CX=0000  DX=0000  SP=FFEE  BP=0000  SI=FFEE  DI=0000          
DS=176C  ES=176C  SS=176C  CS=176C  IP=08F0   NV UP DI PL NZ NA PO NC           
176C:08F0 55            PUSH    BP                                              

AX=7FFE  BX=0001  CX=0000  DX=0000  SP=FFEC  BP=0000  SI=FFEE  DI=0000          
DS=176C  ES=176C  SS=176C  CS=176C  IP=08F1   NV UP DI PL NZ NA PO NC           
176C:08F1 55            PUSH    BP                                              

AX=7FFE  BX=0001  CX=0000  DX=0000  SP=FFEA  BP=0000  SI=FFEE  DI=0000          
DS=176C  ES=176C  SS=176C  CS=176C  IP=08F2   NV UP DI PL NZ NA PO NC           
176C:08F2 9D            POPF                                                    

AX=7FFE  BX=0001  CX=0000  DX=0000  SP=FFEC  BP=0000  SI=FFEE  DI=0000          
DS=176C  ES=176C  SS=176C  CS=176C  IP=08F3   NV UP DI PL NZ NA PO NC           
176C:08F3 89F4          MOV     SP,SI                                           

AX=7FFE  BX=0001  CX=0000  DX=0000  SP=FFEE  BP=0000  SI=FFEE  DI=0000          
DS=176C  ES=176C  SS=176C  CS=176C  IP=08F5   NV UP DI PL NZ NA PO NC           
176C:08F5 B0FE          MOV     AL,FE                                           

AX=7FFE  BX=0001  CX=0000  DX=0000  SP=FFEE  BP=0000  SI=FFEE  DI=0000          
DS=176C  ES=176C  SS=176C  CS=176C  IP=08F7   NV UP DI PL NZ NA PO NC           
176C:08F7 B201          MOV     DL,01                                           

AX=7FFE  BX=0001  CX=0000  DX=0001  SP=FFEE  BP=0000  SI=FFEE  DI=0000          
DS=176C  ES=176C  SS=176C  CS=176C  IP=08F9   NV UP DI PL NZ NA PO NC           
176C:08F9 B301          MOV     BL,01                                           

AX=7FFE  BX=0001  CX=0000  DX=0001  SP=FFEE  BP=0000  SI=FFEE  DI=0000          
DS=176C  ES=176C  SS=176C  CS=176C  IP=08FB   NV UP DI PL NZ NA PO NC           
176C:08FB F6E8          IMUL    AL                                              

AX=0004  BX=0001  CX=0000  DX=0001  SP=FFEE  BP=0000  SI=FFEE  DI=0000          
DS=176C  ES=176C  SS=176C  CS=176C  IP=08FD   NV UP DI PL NZ NA PO NC           
176C:08FD 55            PUSH    BP                                              

AX=0004  BX=0001  CX=0000  DX=0001  SP=FFEC  BP=0000  SI=FFEE  DI=0000          
DS=176C  ES=176C  SS=176C  CS=176C  IP=08FE   NV UP DI PL NZ NA PO NC           
176C:08FE 55            PUSH    BP                                              

AX=0004  BX=0001  CX=0000  DX=0001  SP=FFEA  BP=0000  SI=FFEE  DI=0000          
DS=176C  ES=176C  SS=176C  CS=176C  IP=08FF   NV UP DI PL NZ NA PO NC           
176C:08FF 9D            POPF                                                    

AX=0004  BX=0001  CX=0000  DX=0001  SP=FFEC  BP=0000  SI=FFEE  DI=0000          
DS=176C  ES=176C  SS=176C  CS=176C  IP=0900   NV UP DI PL NZ NA PO NC           
176C:0900 89F4          MOV     SP,SI                                           

AX=0004  BX=0001  CX=0000  DX=0001  SP=FFEE  BP=0000  SI=FFEE  DI=0000          
DS=176C  ES=176C  SS=176C  CS=176C  IP=0902   NV UP DI PL NZ NA PO NC           
176C:0902 B8FE7F        MOV     AX,7FFE                                         

AX=7FFE  BX=0001  CX=0000  DX=0001  SP=FFEE  BP=0000  SI=FFEE  DI=0000          
DS=176C  ES=176C  SS=176C  CS=176C  IP=0905   NV UP DI PL NZ NA PO NC           
176C:0905 BA0100        MOV     DX,0001                                         

AX=7FFE  BX=0001  CX=0000  DX=0001  SP=FFEE  BP=0000  SI=FFEE  DI=0000          
DS=176C  ES=176C  SS=176C  CS=176C  IP=0908   NV UP DI PL NZ NA PO NC           
176C:0908 BB0100        MOV     BX,0001                                         

AX=7FFE  BX=0001  CX=0000  DX=0001  SP=FFEE  BP=0000  SI=FFEE  DI=0000          
DS=176C  ES=176C  SS=176C  CS=176C  IP=090B   NV UP DI PL NZ NA PO NC           
176C:090B F7E8          IMUL    AX                                              

AX=0004  BX=0001  CX=0000  DX=3FFE  SP=FFEE  BP=0000  SI=FFEE  DI=0000          
DS=176C  ES=176C  SS=176C  CS=176C  IP=090D   OV UP DI PL NZ NA PO CY           
176C:090D 55            PUSH    BP                                              

AX=0004  BX=0001  CX=0000  DX=3FFE  SP=FFEC  BP=0000  SI=FFEE  DI=0000          
DS=176C  ES=176C  SS=176C  CS=176C  IP=090E   OV UP DI PL NZ NA PO CY           
176C:090E 55            PUSH    BP                                              

AX=0004  BX=0001  CX=0000  DX=3FFE  SP=FFEA  BP=0000  SI=FFEE  DI=0000          
DS=176C  ES=176C  SS=176C  CS=176C  IP=090F   OV UP DI PL NZ NA PO CY           
176C:090F 9D            POPF                                                    

AX=0004  BX=0001  CX=0000  DX=3FFE  SP=FFEC  BP=0000  SI=FFEE  DI=0000          
DS=176C  ES=176C  SS=176C  CS=176C  IP=0910   NV UP DI PL NZ NA PO NC           
176C:0910 89F4          MOV     SP,SI                                           

AX=0004  BX=0001  CX=0000  DX=3FFE  SP=FFEE  BP=0000  SI=FFEE  DI=0000          
DS=176C  ES=176C  SS=176C  CS=176C  IP=0912   NV UP DI PL NZ NA PO NC           
176C:0912 B8FE7F        MOV     AX,7FFE                                         

AX=7FFE  BX=0001  CX=0000  DX=3FFE  SP=FFEE  BP=0000  SI=FFEE  DI=0000          
DS=176C  ES=176C  SS=176C  CS=176C  IP=0915   NV UP DI PL NZ NA PO NC           
176C:0915 BA0100        MOV     DX,0001                                         

AX=7FFE  BX=0001  CX=0000  DX=0001  SP=FFEE  BP=0000  SI=FFEE  DI=0000          
DS=176C  ES=176C  SS=176C  CS=176C  IP=0918   NV UP DI PL NZ NA PO NC           
176C:0918 BB0100        MOV     BX,0001                                         

AX=7FFE  BX=0001  CX=0000  DX=0001  SP=FFEE  BP=0000  SI=FFEE  DI=0000          
DS=176C  ES=176C  SS=176C  CS=176C  IP=091B   NV UP DI PL NZ NA PO NC           
176C:091B F7E8          IMUL    AX                                              

AX=0004  BX=0001  CX=0000  DX=3FFE  SP=FFEE  BP=0000  SI=FFEE  DI=0000          
DS=176C  ES=176C  SS=176C  CS=176C  IP=091D   OV UP DI PL NZ NA PO CY           
176C:091D 55            PUSH    BP                                              

AX=0004  BX=0001  CX=0000  DX=3FFE  SP=FFEC  BP=0000  SI=FFEE  DI=0000          
DS=176C  ES=176C  SS=176C  CS=176C  IP=091E   OV UP DI PL NZ NA PO CY           
176C:091E 55            PUSH    BP                                              

AX=0004  BX=0001  CX=0000  DX=3FFE  SP=FFEA  BP=0000  SI=FFEE  DI=0000          
DS=176C  ES=176C  SS=176C  CS=176C  IP=091F   OV UP DI PL NZ NA PO CY           
176C:091F 9D            POPF                                                    

AX=0004  BX=0001  CX=0000  DX=3FFE  SP=FFEC  BP=0000  SI=FFEE  DI=0000          
DS=176C  ES=176C  SS=176C  CS=176C  IP=0920   NV UP DI PL NZ NA PO NC           
176C:0920 89F4          MOV     SP,SI                                           

AX=0004  BX=0001  CX=0000  DX=3FFE  SP=FFEE  BP=0000  SI=FFEE  DI=0000          
DS=176C  ES=176C  SS=176C  CS=176C  IP=0922   NV UP DI PL NZ NA PO NC           
176C:0922 B07E          MOV     AL,7E                                           

AX=007E  BX=0001  CX=0000  DX=3FFE  SP=FFEE  BP=0000  SI=FFEE  DI=0000          
DS=176C  ES=176C  SS=176C  CS=176C  IP=0924   NV UP DI PL NZ NA PO NC           
176C:0924 B200          MOV     DL,00                                           

AX=007E  BX=0001  CX=0000  DX=3F00  SP=FFEE  BP=0000  SI=FFEE  DI=0000          
DS=176C  ES=176C  SS=176C  CS=176C  IP=0926   NV UP DI PL NZ NA PO NC           
176C:0926 B300          MOV     BL,00                                           

AX=007E  BX=0000  CX=0000  DX=3F00  SP=FFEE  BP=0000  SI=FFEE  DI=0000          
DS=176C  ES=176C  SS=176C  CS=176C  IP=0928   NV UP DI PL NZ NA PO NC           
176C:0928 F6EB          IMUL    BL                                              

AX=0000  BX=0000  CX=0000  DX=3F00  SP=FFEE  BP=0000  SI=FFEE  DI=0000          
DS=176C  ES=176C  SS=176C  CS=176C  IP=092A   NV UP DI PL ZR NA PE NC           
176C:092A 55            PUSH    BP                                              

AX=0000  BX=0000  CX=0000  DX=3F00  SP=FFEC  BP=0000  SI=FFEE  DI=0000          
DS=176C  ES=176C  SS=176C  CS=176C  IP=092B   NV UP DI PL ZR NA PE NC           
176C:092B 55            PUSH    BP                                              

AX=0000  BX=0000  CX=0000  DX=3F00  SP=FFEA  BP=0000  SI=FFEE  DI=0000          
DS=176C  ES=176C  SS=176C  CS=176C  IP=092C   NV UP DI PL ZR NA PE NC           
176C:092C 9D            POPF                                                    

AX=0000  BX=0000  CX=0000  DX=3F00  SP=FFEC  BP=0000  SI=FFEE  DI=0000          
DS=176C  ES=176C  SS=176C  CS=176C  IP=092D   NV UP DI PL NZ NA PO NC           
176C:092D 89F4          MOV     SP,SI                                           

AX=0000  BX=0000  CX=0000  DX=3F00  SP=FFEE  BP=0000  SI=FFEE  DI=0000          
DS=176C  ES=176C  SS=176C  CS=176C  IP=092F   NV UP DI PL NZ NA PO NC           
176C:092F B87E00        MOV     AX,007E                                         

AX=007E  BX=0000  CX=0000  DX=3F00  SP=FFEE  BP=0000  SI=FFEE  DI=0000          
DS=176C  ES=176C  SS=176C  CS=176C  IP=0932   NV UP DI PL NZ NA PO NC           
176C:0932 BA0100        MOV     DX,0001                                         

AX=007E  BX=0000  CX=0000  DX=0001  SP=FFEE  BP=0000  SI=FFEE  DI=0000          
DS=176C  ES=176C  SS=176C  CS=176C  IP=0935   NV UP DI PL NZ NA PO NC           
176C:0935 BB0100        MOV     BX,0001                                         

AX=007E  BX=0001  CX=0000  DX=0001  SP=FFEE  BP=0000  SI=FFEE  DI=0000          
DS=176C  ES=176C  SS=176C  CS=176C  IP=0938   NV UP DI PL NZ NA PO NC           
176C:0938 F7EB          IMUL    BX                                              

AX=007E  BX=0001  CX=0000  DX=0000  SP=FFEE  BP=0000  SI=FFEE  DI=0000          
DS=176C  ES=176C  SS=176C  CS=176C  IP=093A   NV UP DI PL NZ NA PE NC           
176C:093A 55            PUSH    BP                                              

AX=007E  BX=0001  CX=0000  DX=0000  SP=FFEC  BP=0000  SI=FFEE  DI=0000          
DS=176C  ES=176C  SS=176C  CS=176C  IP=093B   NV UP DI PL NZ NA PE NC           
176C:093B 55            PUSH    BP                                              

AX=007E  BX=0001  CX=0000  DX=0000  SP=FFEA  BP=0000  SI=FFEE  DI=0000          
DS=176C  ES=176C  SS=176C  CS=176C  IP=093C   NV UP DI PL NZ NA PE NC           
176C:093C 9D            POPF                                                    

AX=007E  BX=0001  CX=0000  DX=0000  SP=FFEC  BP=0000  SI=FFEE  DI=0000          
DS=176C  ES=176C  SS=176C  CS=176C  IP=093D   NV UP DI PL NZ NA PO NC           
176C:093D 89F4          MOV     SP,SI                                           

AX=007E  BX=0001  CX=0000  DX=0000  SP=FFEE  BP=0000  SI=FFEE  DI=0000          
DS=176C  ES=176C  SS=176C  CS=176C  IP=093F   NV UP DI PL NZ NA PO NC           
176C:093F B07E          MOV     AL,7E                                           

AX=007E  BX=0001  CX=0000  DX=0000  SP=FFEE  BP=0000  SI=FFEE  DI=0000          
DS=176C  ES=176C  SS=176C  CS=176C  IP=0941   NV UP DI PL NZ NA PO NC           
176C:0941 B200          MOV     DL,00                                           

AX=007E  BX=0001  CX=0000  DX=0000  SP=FFEE  BP=0000  SI=FFEE  DI=0000          
DS=176C  ES=176C  SS=176C  CS=176C  IP=0943   NV UP DI PL NZ NA PO NC           
176C:0943 B300          MOV     BL,00                                           

AX=007E  BX=0000  CX=0000  DX=0000  SP=FFEE  BP=0000  SI=FFEE  DI=0000          
DS=176C  ES=176C  SS=176C  CS=176C  IP=0945   NV UP DI PL NZ NA PO NC           
176C:0945 F6E8          IMUL    AL                                              

AX=3E04  BX=0000  CX=0000  DX=0000  SP=FFEE  BP=0000  SI=FFEE  DI=0000          
DS=176C  ES=176C  SS=176C  CS=176C  IP=0947   OV UP DI PL NZ NA PO CY           
176C:0947 55            PUSH    BP                                              

AX=3E04  BX=0000  CX=0000  DX=0000  SP=FFEC  BP=0000  SI=FFEE  DI=0000          
DS=176C  ES=176C  SS=176C  CS=176C  IP=0948   OV UP DI PL NZ NA PO CY           
176C:0948 55            PUSH    BP                                              

AX=3E04  BX=0000  CX=0000  DX=0000  SP=FFEA  BP=0000  SI=FFEE  DI=0000          
DS=176C  ES=176C  SS=176C  CS=176C  IP=0949   OV UP DI PL NZ NA PO CY           
176C:0949 9D            POPF                                                    

AX=3E04  BX=0000  CX=0000  DX=0000  SP=FFEC  BP=0000  SI=FFEE  DI=0000          
DS=176C  ES=176C  SS=176C  CS=176C  IP=094A   NV UP DI PL NZ NA PO NC           
176C:094A 89F4          MOV     SP,SI                                           

AX=3E04  BX=0000  CX=0000  DX=0000  SP=FFEE  BP=0000  SI=FFEE  DI=0000          
DS=176C  ES=176C  SS=176C  CS=176C  IP=094C   NV UP DI PL NZ NA PO NC           
176C:094C B87E00        MOV     AX,007E                                         

AX=007E  BX=0000  CX=0000  DX=0000  SP=FFEE  BP=0000  SI=FFEE  DI=0000          
DS=176C  ES=176C  SS=176C  CS=176C  IP=094F   NV UP DI PL NZ NA PO NC           
176C:094F BA0100        MOV     DX,0001                                         

AX=007E  BX=0000  CX=0000  DX=0001  SP=FFEE  BP=0000  SI=FFEE  DI=0000          
DS=176C  ES=176C  SS=176C  CS=176C  IP=0952   NV UP DI PL NZ NA PO NC           
176C:0952 BB0100        MOV     BX,0001                                         

AX=007E  BX=0001  CX=0000  DX=0001  SP=FFEE  BP=0000  SI=FFEE  DI=0000          
DS=176C  ES=176C  SS=176C  CS=176C  IP=0955   NV UP DI PL NZ NA PO NC           
176C:0955 F7E8          IMUL    AX                                              

AX=3E04  BX=0001  CX=0000  DX=0000  SP=FFEE  BP=0000  SI=FFEE  DI=0000          
DS=176C  ES=176C  SS=176C  CS=176C  IP=0957   NV UP DI PL NZ NA PO NC           
176C:0957 55            PUSH    BP                                              

AX=3E04  BX=0001  CX=0000  DX=0000  SP=FFEC  BP=0000  SI=FFEE  DI=0000          
DS=176C  ES=176C  SS=176C  CS=176C  IP=0958   NV UP DI PL NZ NA PO NC           
176C:0958 55            PUSH    BP                                              

AX=3E04  BX=0001  CX=0000  DX=0000  SP=FFEA  BP=0000  SI=FFEE  DI=0000          
DS=176C  ES=176C  SS=176C  CS=176C  IP=0959   NV UP DI PL NZ NA PO NC           
176C:0959 9D            POPF                                                    

AX=3E04  BX=0001  CX=0000  DX=0000  SP=FFEC  BP=0000  SI=FFEE  DI=0000          
DS=176C  ES=176C  SS=176C  CS=176C  IP=095A   NV UP DI PL NZ NA PO NC           
176C:095A 89F4          MOV     SP,SI                                           

AX=3E04  BX=0001  CX=0000  DX=0000  SP=FFEE  BP=0000  SI=FFEE  DI=0000          
DS=176C  ES=176C  SS=176C  CS=176C  IP=095C   NV UP DI PL NZ NA PO NC           
176C:095C B87E00        MOV     AX,007E                                         

AX=007E  BX=0001  CX=0000  DX=0000  SP=FFEE  BP=0000  SI=FFEE  DI=0000          
DS=176C  ES=176C  SS=176C  CS=176C  IP=095F   NV UP DI PL NZ NA PO NC           
176C:095F BA0000        MOV     DX,0000                                         

AX=007E  BX=0001  CX=0000  DX=0000  SP=FFEE  BP=0000  SI=FFEE  DI=0000          
DS=176C  ES=176C  SS=176C  CS=176C  IP=0962   NV UP DI PL NZ NA PO NC           
176C:0962 BB0000        MOV     BX,0000                                         

AX=007E  BX=0000  CX=0000  DX=0000  SP=FFEE  BP=0000  SI=FFEE  DI=0000          
DS=176C  ES=176C  SS=176C  CS=176C  IP=0965   NV UP DI PL NZ NA PO NC           
176C:0965 F7E8          IMUL    AX                                              

AX=3E04  BX=0000  CX=0000  DX=0000  SP=FFEE  BP=0000  SI=FFEE  DI=0000          
DS=176C  ES=176C  SS=176C  CS=176C  IP=0967   NV UP DI PL NZ NA PO NC           
176C:0967 55            PUSH    BP                                              

AX=3E04  BX=0000  CX=0000  DX=0000  SP=FFEC  BP=0000  SI=FFEE  DI=0000          
DS=176C  ES=176C  SS=176C  CS=176C  IP=0968   NV UP DI PL NZ NA PO NC           
176C:0968 55            PUSH    BP                                              

AX=3E04  BX=0000  CX=0000  DX=0000  SP=FFEA  BP=0000  SI=FFEE  DI=0000          
DS=176C  ES=176C  SS=176C  CS=176C  IP=0969   NV UP DI PL NZ NA PO NC           
176C:0969 9D            POPF                                                    

AX=3E04  BX=0000  CX=0000  DX=0000  SP=FFEC  BP=0000  SI=FFEE  DI=0000          
DS=176C  ES=176C  SS=176C  CS=176C  IP=096A   NV UP DI PL NZ NA PO NC           
176C:096A 89F4          MOV     SP,SI                                           

AX=3E04  BX=0000  CX=0000  DX=0000  SP=FFEE  BP=0000  SI=FFEE  DI=0000          
DS=176C  ES=176C  SS=176C  CS=176C  IP=096C   NV UP DI PL NZ NA PO NC           
176C:096C B07E          MOV     AL,7E                                           

AX=3E7E  BX=0000  CX=0000  DX=0000  SP=FFEE  BP=0000  SI=FFEE  DI=0000          
DS=176C  ES=176C  SS=176C  CS=176C  IP=096E   NV UP DI PL NZ NA PO NC           
176C:096E B201          MOV     DL,01                                           

AX=3E7E  BX=0000  CX=0000  DX=0001  SP=FFEE  BP=0000  SI=FFEE  DI=0000          
DS=176C  ES=176C  SS=176C  CS=176C  IP=0970   NV UP DI PL NZ NA PO NC           
176C:0970 B301          MOV     BL,01                                           

AX=3E7E  BX=0001  CX=0000  DX=0001  SP=FFEE  BP=0000  SI=FFEE  DI=0000          
DS=176C  ES=176C  SS=176C  CS=176C  IP=0972   NV UP DI PL NZ NA PO NC           
176C:0972 F6EB          IMUL    BL                                              

AX=007E  BX=0001  CX=0000  DX=0001  SP=FFEE  BP=0000  SI=FFEE  DI=0000          
DS=176C  ES=176C  SS=176C  CS=176C  IP=0974   NV UP DI PL NZ NA PE NC           
176C:0974 55            PUSH    BP                                              

AX=007E  BX=0001  CX=0000  DX=0001  SP=FFEC  BP=0000  SI=FFEE  DI=0000          
DS=176C  ES=176C  SS=176C  CS=176C  IP=0975   NV UP DI PL NZ NA PE NC           
176C:0975 55            PUSH    BP                                              

AX=007E  BX=0001  CX=0000  DX=0001  SP=FFEA  BP=0000  SI=FFEE  DI=0000          
DS=176C  ES=176C  SS=176C  CS=176C  IP=0976   NV UP DI PL NZ NA PE NC           
176C:0976 9D            POPF                                                    

AX=007E  BX=0001  CX=0000  DX=0001  SP=FFEC  BP=0000  SI=FFEE  DI=0000          
DS=176C  ES=176C  SS=176C  CS=176C  IP=0977   NV UP DI PL NZ NA PO NC           
176C:0977 89F4          MOV     SP,SI                                           

AX=007E  BX=0001  CX=0000  DX=0001  SP=FFEE  BP=0000  SI=FFEE  DI=0000          
DS=176C  ES=176C  SS=176C  CS=176C  IP=0979   NV UP DI PL NZ NA PO NC           
176C:0979 B87E00        MOV     AX,007E                                         

AX=007E  BX=0001  CX=0000  DX=0001  SP=FFEE  BP=0000  SI=FFEE  DI=0000          
DS=176C  ES=176C  SS=176C  CS=176C  IP=097C   NV UP DI PL NZ NA PO NC           
176C:097C BA0100        MOV     DX,0001                                         

AX=007E  BX=0001  CX=0000  DX=0001  SP=FFEE  BP=0000  SI=FFEE  DI=0000          
DS=176C  ES=176C  SS=176C  CS=176C  IP=097F   NV UP DI PL NZ NA PO NC           
176C:097F BB0100        MOV     BX,0001                                         

AX=007E  BX=0001  CX=0000  DX=0001  SP=FFEE  BP=0000  SI=FFEE  DI=0000          
DS=176C  ES=176C  SS=176C  CS=176C  IP=0982   NV UP DI PL NZ NA PO NC           
176C:0982 F7EB          IMUL    BX                                              

AX=007E  BX=0001  CX=0000  DX=0000  SP=FFEE  BP=0000  SI=FFEE  DI=0000          
DS=176C  ES=176C  SS=176C  CS=176C  IP=0984   NV UP DI PL NZ NA PE NC           
176C:0984 55            PUSH    BP                                              

AX=007E  BX=0001  CX=0000  DX=0000  SP=FFEC  BP=0000  SI=FFEE  DI=0000          
DS=176C  ES=176C  SS=176C  CS=176C  IP=0985   NV UP DI PL NZ NA PE NC           
176C:0985 55            PUSH    BP                                              

AX=007E  BX=0001  CX=0000  DX=0000  SP=FFEA  BP=0000  SI=FFEE  DI=0000          
DS=176C  ES=176C  SS=176C  CS=176C  IP=0986   NV UP DI PL NZ NA PE NC           
176C:0986 9D            POPF                                                    

AX=007E  BX=0001  CX=0000  DX=0000  SP=FFEC  BP=0000  SI=FFEE  DI=0000          
DS=176C  ES=176C  SS=176C  CS=176C  IP=0987   NV UP DI PL NZ NA PO NC           
176C:0987 89F4          MOV     SP,SI                                           

AX=007E  BX=0001  CX=0000  DX=0000  SP=FFEE  BP=0000  SI=FFEE  DI=0000          
DS=176C  ES=176C  SS=176C  CS=176C  IP=0989   NV UP DI PL NZ NA PO NC           
176C:0989 B07E          MOV     AL,7E                                           

AX=007E  BX=0001  CX=0000  DX=0000  SP=FFEE  BP=0000  SI=FFEE  DI=0000          
DS=176C  ES=176C  SS=176C  CS=176C  IP=098B   NV UP DI PL NZ NA PO NC           
176C:098B B201          MOV     DL,01                                           

AX=007E  BX=0001  CX=0000  DX=0001  SP=FFEE  BP=0000  SI=FFEE  DI=0000          
DS=176C  ES=176C  SS=176C  CS=176C  IP=098D   NV UP DI PL NZ NA PO NC           
176C:098D B301          MOV     BL,01                                           

AX=007E  BX=0001  CX=0000  DX=0001  SP=FFEE  BP=0000  SI=FFEE  DI=0000          
DS=176C  ES=176C  SS=176C  CS=176C  IP=098F   NV UP DI PL NZ NA PO NC           
176C:098F F6E8          IMUL    AL                                              

AX=3E04  BX=0001  CX=0000  DX=0001  SP=FFEE  BP=0000  SI=FFEE  DI=0000          
DS=176C  ES=176C  SS=176C  CS=176C  IP=0991   OV UP DI PL NZ NA PO CY           
176C:0991 55            PUSH    BP                                              

AX=3E04  BX=0001  CX=0000  DX=0001  SP=FFEC  BP=0000  SI=FFEE  DI=0000          
DS=176C  ES=176C  SS=176C  CS=176C  IP=0992   OV UP DI PL NZ NA PO CY           
176C:0992 55            PUSH    BP                                              

AX=3E04  BX=0001  CX=0000  DX=0001  SP=FFEA  BP=0000  SI=FFEE  DI=0000          
DS=176C  ES=176C  SS=176C  CS=176C  IP=0993   OV UP DI PL NZ NA PO CY           
176C:0993 9D            POPF                                                    

AX=3E04  BX=0001  CX=0000  DX=0001  SP=FFEC  BP=0000  SI=FFEE  DI=0000          
DS=176C  ES=176C  SS=176C  CS=176C  IP=0994   NV UP DI PL NZ NA PO NC           
176C:0994 89F4          MOV     SP,SI                                           

AX=3E04  BX=0001  CX=0000  DX=0001  SP=FFEE  BP=0000  SI=FFEE  DI=0000          
DS=176C  ES=176C  SS=176C  CS=176C  IP=0996   NV UP DI PL NZ NA PO NC           
176C:0996 B87E00        MOV     AX,007E                                         

AX=007E  BX=0001  CX=0000  DX=0001  SP=FFEE  BP=0000  SI=FFEE  DI=0000          
DS=176C  ES=176C  SS=176C  CS=176C  IP=0999   NV UP DI PL NZ NA PO NC           
176C:0999 BA0100        MOV     DX,0001                                         

AX=007E  BX=0001  CX=0000  DX=0001  SP=FFEE  BP=0000  SI=FFEE  DI=0000          
DS=176C  ES=176C  SS=176C  CS=176C  IP=099C   NV UP DI PL NZ NA PO NC           
176C:099C BB0100        MOV     BX,0001                                         

AX=007E  BX=0001  CX=0000  DX=0001  SP=FFEE  BP=0000  SI=FFEE  DI=0000          
DS=176C  ES=176C  SS=176C  CS=176C  IP=099F   NV UP DI PL NZ NA PO NC           
176C:099F F7E8          IMUL    AX                                              

AX=3E04  BX=0001  CX=0000  DX=0000  SP=FFEE  BP=0000  SI=FFEE  DI=0000          
DS=176C  ES=176C  SS=176C  CS=176C  IP=09A1   NV UP DI PL NZ NA PO NC           
176C:09A1 55            PUSH    BP                                              

AX=3E04  BX=0001  CX=0000  DX=0000  SP=FFEC  BP=0000  SI=FFEE  DI=0000          
DS=176C  ES=176C  SS=176C  CS=176C  IP=09A2   NV UP DI PL NZ NA PO NC           
176C:09A2 55            PUSH    BP                                              

AX=3E04  BX=0001  CX=0000  DX=0000  SP=FFEA  BP=0000  SI=FFEE  DI=0000          
DS=176C  ES=176C  SS=176C  CS=176C  IP=09A3   NV UP DI PL NZ NA PO NC           
176C:09A3 9D            POPF                                                    

AX=3E04  BX=0001  CX=0000  DX=0000  SP=FFEC  BP=0000  SI=FFEE  DI=0000          
DS=176C  ES=176C  SS=176C  CS=176C  IP=09A4   NV UP DI PL NZ NA PO NC           
176C:09A4 89F4          MOV     SP,SI                                           

AX=3E04  BX=0001  CX=0000  DX=0000  SP=FFEE  BP=0000  SI=FFEE  DI=0000          
DS=176C  ES=176C  SS=176C  CS=176C  IP=09A6   NV UP DI PL NZ NA PO NC           
176C:09A6 B87E00        MOV     AX,007E                                         

AX=007E  BX=0001  CX=0000  DX=0000  SP=FFEE  BP=0000  SI=FFEE  DI=0000          
DS=176C  ES=176C  SS=176C  CS=176C  IP=09A9   NV UP DI PL NZ NA PO NC           
176C:09A9 BA0100        MOV     DX,0001                                         

AX=007E  BX=0001  CX=0000  DX=0001  SP=FFEE  BP=0000  SI=FFEE  DI=0000          
DS=176C  ES=176C  SS=176C  CS=176C  IP=09AC   NV UP DI PL NZ NA PO NC           
176C:09AC BB0100        MOV     BX,0001                                         

AX=007E  BX=0001  CX=0000  DX=0001  SP=FFEE  BP=0000  SI=FFEE  DI=0000          
DS=176C  ES=176C  SS=176C  CS=176C  IP=09AF   NV UP DI PL NZ NA PO NC           
176C:09AF F7E8          IMUL    AX                                              

AX=3E04  BX=0001  CX=0000  DX=0000  SP=FFEE  BP=0000  SI=FFEE  DI=0000          
DS=176C  ES=176C  SS=176C  CS=176C  IP=09B1   NV UP DI PL NZ NA PO NC           
176C:09B1 55            PUSH    BP                                              

AX=3E04  BX=0001  CX=0000  DX=0000  SP=FFEC  BP=0000  SI=FFEE  DI=0000          
DS=176C  ES=176C  SS=176C  CS=176C  IP=09B2   NV UP DI PL NZ NA PO NC           
176C:09B2 55            PUSH    BP                                              

AX=3E04  BX=0001  CX=0000  DX=0000  SP=FFEA  BP=0000  SI=FFEE  DI=0000          
DS=176C  ES=176C  SS=176C  CS=176C  IP=09B3   NV UP DI PL NZ NA PO NC           
176C:09B3 9D            POPF                                                    

AX=3E04  BX=0001  CX=0000  DX=0000  SP=FFEC  BP=0000  SI=FFEE  DI=0000          
DS=176C  ES=176C  SS=176C  CS=176C  IP=09B4   NV UP DI PL NZ NA PO NC           
176C:09B4 89F4          MOV     SP,SI                                           

AX=3E04  BX=0001  CX=0000  DX=0000  SP=FFEE  BP=0000  SI=FFEE  DI=0000          
DS=176C  ES=176C  SS=176C  CS=176C  IP=09B6   NV UP DI PL NZ NA PO NC           
176C:09B6 B081          MOV     AL,81                                           

AX=3E81  BX=0001  CX=0000  DX=0000  SP=FFEE  BP=0000  SI=FFEE  DI=0000          
DS=176C  ES=176C  SS=176C  CS=176C  IP=09B8   NV UP DI PL NZ NA PO NC           
176C:09B8 B200          MOV     DL,00                                           

AX=3E81  BX=0001  CX=0000  DX=0000  SP=FFEE  BP=0000  SI=FFEE  DI=0000          
DS=176C  ES=176C  SS=176C  CS=176C  IP=09BA   NV UP DI PL NZ NA PO NC           
176C:09BA B300          MOV     BL,00                                           

AX=3E81  BX=0000  CX=0000  DX=0000  SP=FFEE  BP=0000  SI=FFEE  DI=0000          
DS=176C  ES=176C  SS=176C  CS=176C  IP=09BC   NV UP DI PL NZ NA PO NC           
176C:09BC F6EB          IMUL    BL                                              

AX=0000  BX=0000  CX=0000  DX=0000  SP=FFEE  BP=0000  SI=FFEE  DI=0000          
DS=176C  ES=176C  SS=176C  CS=176C  IP=09BE   NV UP DI PL ZR NA PE NC           
176C:09BE 55            PUSH    BP                                              

AX=0000  BX=0000  CX=0000  DX=0000  SP=FFEC  BP=0000  SI=FFEE  DI=0000          
DS=176C  ES=176C  SS=176C  CS=176C  IP=09BF   NV UP DI PL ZR NA PE NC           
176C:09BF 55            PUSH    BP                                              

AX=0000  BX=0000  CX=0000  DX=0000  SP=FFEA  BP=0000  SI=FFEE  DI=0000          
DS=176C  ES=176C  SS=176C  CS=176C  IP=09C0   NV UP DI PL ZR NA PE NC           
176C:09C0 9D            POPF                                                    

AX=0000  BX=0000  CX=0000  DX=0000  SP=FFEC  BP=0000  SI=FFEE  DI=0000          
DS=176C  ES=176C  SS=176C  CS=176C  IP=09C1   NV UP DI PL NZ NA PO NC           
176C:09C1 89F4          MOV     SP,SI                                           

AX=0000  BX=0000  CX=0000  DX=0000  SP=FFEE  BP=0000  SI=FFEE  DI=0000          
DS=176C  ES=176C  SS=176C  CS=176C  IP=09C3   NV UP DI PL NZ NA PO NC           
176C:09C3 B88100        MOV     AX,0081                                         

AX=0081  BX=0000  CX=0000  DX=0000  SP=FFEE  BP=0000  SI=FFEE  DI=0000          
DS=176C  ES=176C  SS=176C  CS=176C  IP=09C6   NV UP DI PL NZ NA PO NC           
176C:09C6 BA0100        MOV     DX,0001                                         

AX=0081  BX=0000  CX=0000  DX=0001  SP=FFEE  BP=0000  SI=FFEE  DI=0000          
DS=176C  ES=176C  SS=176C  CS=176C  IP=09C9   NV UP DI PL NZ NA PO NC           
176C:09C9 BB0100        MOV     BX,0001                                         

AX=0081  BX=0001  CX=0000  DX=0001  SP=FFEE  BP=0000  SI=FFEE  DI=0000          
DS=176C  ES=176C  SS=176C  CS=176C  IP=09CC   NV UP DI PL NZ NA PO NC           
176C:09CC F7EB          IMUL    BX                                              

AX=0081  BX=0001  CX=0000  DX=0000  SP=FFEE  BP=0000  SI=FFEE  DI=0000          
DS=176C  ES=176C  SS=176C  CS=176C  IP=09CE   NV UP DI PL NZ NA PE NC           
176C:09CE 55            PUSH    BP                                              

AX=0081  BX=0001  CX=0000  DX=0000  SP=FFEC  BP=0000  SI=FFEE  DI=0000          
DS=176C  ES=176C  SS=176C  CS=176C  IP=09CF   NV UP DI PL NZ NA PE NC           
176C:09CF 55            PUSH    BP                                              

AX=0081  BX=0001  CX=0000  DX=0000  SP=FFEA  BP=0000  SI=FFEE  DI=0000          
DS=176C  ES=176C  SS=176C  CS=176C  IP=09D0   NV UP DI PL NZ NA PE NC           
176C:09D0 9D            POPF                                                    

AX=0081  BX=0001  CX=0000  DX=0000  SP=FFEC  BP=0000  SI=FFEE  DI=0000          
DS=176C  ES=176C  SS=176C  CS=176C  IP=09D1   NV UP DI PL NZ NA PO NC           
176C:09D1 89F4          MOV     SP,SI                                           

AX=0081  BX=0001  CX=0000  DX=0000  SP=FFEE  BP=0000  SI=FFEE  DI=0000          
DS=176C  ES=176C  SS=176C  CS=176C  IP=09D3   NV UP DI PL NZ NA PO NC           
176C:09D3 B081          MOV     AL,81                                           

AX=0081  BX=0001  CX=0000  DX=0000  SP=FFEE  BP=0000  SI=FFEE  DI=0000          
DS=176C  ES=176C  SS=176C  CS=176C  IP=09D5   NV UP DI PL NZ NA PO NC           
176C:09D5 B200          MOV     DL,00                                           

AX=0081  BX=0001  CX=0000  DX=0000  SP=FFEE  BP=0000  SI=FFEE  DI=0000          
DS=176C  ES=176C  SS=176C  CS=176C  IP=09D7   NV UP DI PL NZ NA PO NC           
176C:09D7 B300          MOV     BL,00                                           

AX=0081  BX=0000  CX=0000  DX=0000  SP=FFEE  BP=0000  SI=FFEE  DI=0000          
DS=176C  ES=176C  SS=176C  CS=176C  IP=09D9   NV UP DI PL NZ NA PO NC           
176C:09D9 F6E8          IMUL    AL                                              

AX=3F01  BX=0000  CX=0000  DX=0000  SP=FFEE  BP=0000  SI=FFEE  DI=0000          
DS=176C  ES=176C  SS=176C  CS=176C  IP=09DB   OV UP DI PL NZ NA PO CY           
176C:09DB 55            PUSH    BP                                              

AX=3F01  BX=0000  CX=0000  DX=0000  SP=FFEC  BP=0000  SI=FFEE  DI=0000          
DS=176C  ES=176C  SS=176C  CS=176C  IP=09DC   OV UP DI PL NZ NA PO CY           
176C:09DC 55            PUSH    BP                                              

AX=3F01  BX=0000  CX=0000  DX=0000  SP=FFEA  BP=0000  SI=FFEE  DI=0000          
DS=176C  ES=176C  SS=176C  CS=176C  IP=09DD   OV UP DI PL NZ NA PO CY           
176C:09DD 9D            POPF                                                    

AX=3F01  BX=0000  CX=0000  DX=0000  SP=FFEC  BP=0000  SI=FFEE  DI=0000          
DS=176C  ES=176C  SS=176C  CS=176C  IP=09DE   NV UP DI PL NZ NA PO NC           
176C:09DE 89F4          MOV     SP,SI                                           

AX=3F01  BX=0000  CX=0000  DX=0000  SP=FFEE  BP=0000  SI=FFEE  DI=0000          
DS=176C  ES=176C  SS=176C  CS=176C  IP=09E0   NV UP DI PL NZ NA PO NC           
176C:09E0 B88100        MOV     AX,0081                                         

AX=0081  BX=0000  CX=0000  DX=0000  SP=FFEE  BP=0000  SI=FFEE  DI=0000          
DS=176C  ES=176C  SS=176C  CS=176C  IP=09E3   NV UP DI PL NZ NA PO NC           
176C:09E3 BA0100        MOV     DX,0001                                         

AX=0081  BX=0000  CX=0000  DX=0001  SP=FFEE  BP=0000  SI=FFEE  DI=0000          
DS=176C  ES=176C  SS=176C  CS=176C  IP=09E6   NV UP DI PL NZ NA PO NC           
176C:09E6 BB0100        MOV     BX,0001                                         

AX=0081  BX=0001  CX=0000  DX=0001  SP=FFEE  BP=0000  SI=FFEE  DI=0000          
DS=176C  ES=176C  SS=176C  CS=176C  IP=09E9   NV UP DI PL NZ NA PO NC           
176C:09E9 F7E8          IMUL    AX                                              

AX=4101  BX=0001  CX=0000  DX=0000  SP=FFEE  BP=0000  SI=FFEE  DI=0000          
DS=176C  ES=176C  SS=176C  CS=176C  IP=09EB   NV UP DI PL NZ NA PO NC           
176C:09EB 55            PUSH    BP                                              

AX=4101  BX=0001  CX=0000  DX=0000  SP=FFEC  BP=0000  SI=FFEE  DI=0000          
DS=176C  ES=176C  SS=176C  CS=176C  IP=09EC   NV UP DI PL NZ NA PO NC           
176C:09EC 55            PUSH    BP                                              

AX=4101  BX=0001  CX=0000  DX=0000  SP=FFEA  BP=0000  SI=FFEE  DI=0000          
DS=176C  ES=176C  SS=176C  CS=176C  IP=09ED   NV UP DI PL NZ NA PO NC           
176C:09ED 9D            POPF                                                    

AX=4101  BX=0001  CX=0000  DX=0000  SP=FFEC  BP=0000  SI=FFEE  DI=0000          
DS=176C  ES=176C  SS=176C  CS=176C  IP=09EE   NV UP DI PL NZ NA PO NC           
176C:09EE 89F4          MOV     SP,SI                                           

AX=4101  BX=0001  CX=0000  DX=0000  SP=FFEE  BP=0000  SI=FFEE  DI=0000          
DS=176C  ES=176C  SS=176C  CS=176C  IP=09F0   NV UP DI PL NZ NA PO NC           
176C:09F0 B88100        MOV     AX,0081                                         

AX=0081  BX=0001  CX=0000  DX=0000  SP=FFEE  BP=0000  SI=FFEE  DI=0000          
DS=176C  ES=176C  SS=176C  CS=176C  IP=09F3   NV UP DI PL NZ NA PO NC           
176C:09F3 BA0000        MOV     DX,0000                                         

AX=0081  BX=0001  CX=0000  DX=0000  SP=FFEE  BP=0000  SI=FFEE  DI=0000          
DS=176C  ES=176C  SS=176C  CS=176C  IP=09F6   NV UP DI PL NZ NA PO NC           
176C:09F6 BB0000        MOV     BX,0000                                         

AX=0081  BX=0000  CX=0000  DX=0000  SP=FFEE  BP=0000  SI=FFEE  DI=0000          
DS=176C  ES=176C  SS=176C  CS=176C  IP=09F9   NV UP DI PL NZ NA PO NC           
176C:09F9 F7E8          IMUL    AX                                              

AX=4101  BX=0000  CX=0000  DX=0000  SP=FFEE  BP=0000  SI=FFEE  DI=0000          
DS=176C  ES=176C  SS=176C  CS=176C  IP=09FB   NV UP DI PL NZ NA PO NC           
176C:09FB 55            PUSH    BP                                              

AX=4101  BX=0000  CX=0000  DX=0000  SP=FFEC  BP=0000  SI=FFEE  DI=0000          
DS=176C  ES=176C  SS=176C  CS=176C  IP=09FC   NV UP DI PL NZ NA PO NC           
176C:09FC 55            PUSH    BP                                              

AX=4101  BX=0000  CX=0000  DX=0000  SP=FFEA  BP=0000  SI=FFEE  DI=0000          
DS=176C  ES=176C  SS=176C  CS=176C  IP=09FD   NV UP DI PL NZ NA PO NC           
176C:09FD 9D            POPF                                                    

AX=4101  BX=0000  CX=0000  DX=0000  SP=FFEC  BP=0000  SI=FFEE  DI=0000          
DS=176C  ES=176C  SS=176C  CS=176C  IP=09FE   NV UP DI PL NZ NA PO NC           
176C:09FE 89F4          MOV     SP,SI                                           

AX=4101  BX=0000  CX=0000  DX=0000  SP=FFEE  BP=0000  SI=FFEE  DI=0000          
DS=176C  ES=176C  SS=176C  CS=176C  IP=0A00   NV UP DI PL NZ NA PO NC           
176C:0A00 B081          MOV     AL,81                                           

AX=4181  BX=0000  CX=0000  DX=0000  SP=FFEE  BP=0000  SI=FFEE  DI=0000          
DS=176C  ES=176C  SS=176C  CS=176C  IP=0A02   NV UP DI PL NZ NA PO NC           
176C:0A02 B201          MOV     DL,01                                           

AX=4181  BX=0000  CX=0000  DX=0001  SP=FFEE  BP=0000  SI=FFEE  DI=0000          
DS=176C  ES=176C  SS=176C  CS=176C  IP=0A04   NV UP DI PL NZ NA PO NC           
176C:0A04 B301          MOV     BL,01                                           

AX=4181  BX=0001  CX=0000  DX=0001  SP=FFEE  BP=0000  SI=FFEE  DI=0000          
DS=176C  ES=176C  SS=176C  CS=176C  IP=0A06   NV UP DI PL NZ NA PO NC           
176C:0A06 F6EB          IMUL    BL                                              

AX=FF81  BX=0001  CX=0000  DX=0001  SP=FFEE  BP=0000  SI=FFEE  DI=0000          
DS=176C  ES=176C  SS=176C  CS=176C  IP=0A08   NV UP DI NG NZ NA PE NC           
176C:0A08 55            PUSH    BP                                              

AX=FF81  BX=0001  CX=0000  DX=0001  SP=FFEC  BP=0000  SI=FFEE  DI=0000          
DS=176C  ES=176C  SS=176C  CS=176C  IP=0A09   NV UP DI NG NZ NA PE NC           
176C:0A09 55            PUSH    BP                                              

AX=FF81  BX=0001  CX=0000  DX=0001  SP=FFEA  BP=0000  SI=FFEE  DI=0000          
DS=176C  ES=176C  SS=176C  CS=176C  IP=0A0A   NV UP DI NG NZ NA PE NC           
176C:0A0A 9D            POPF                                                    

AX=FF81  BX=0001  CX=0000  DX=0001  SP=FFEC  BP=0000  SI=FFEE  DI=0000          
DS=176C  ES=176C  SS=176C  CS=176C  IP=0A0B   NV UP DI PL NZ NA PO NC           
176C:0A0B 89F4          MOV     SP,SI                                           

AX=FF81  BX=0001  CX=0000  DX=0001  SP=FFEE  BP=0000  SI=FFEE  DI=0000          
DS=176C  ES=176C  SS=176C  CS=176C  IP=0A0D   NV UP DI PL NZ NA PO NC           
176C:0A0D B88100        MOV     AX,0081                                         

AX=0081  BX=0001  CX=0000  DX=0001  SP=FFEE  BP=0000  SI=FFEE  DI=0000          
DS=176C  ES=176C  SS=176C  CS=176C  IP=0A10   NV UP DI PL NZ NA PO NC           
176C:0A10 BA0100        MOV     DX,0001                                         

AX=0081  BX=0001  CX=0000  DX=0001  SP=FFEE  BP=0000  SI=FFEE  DI=0000          
DS=176C  ES=176C  SS=176C  CS=176C  IP=0A13   NV UP DI PL NZ NA PO NC           
176C:0A13 BB0100        MOV     BX,0001                                         

AX=0081  BX=0001  CX=0000  DX=0001  SP=FFEE  BP=0000  SI=FFEE  DI=0000          
DS=176C  ES=176C  SS=176C  CS=176C  IP=0A16   NV UP DI PL NZ NA PO NC           
176C:0A16 F7EB          IMUL    BX                                              

AX=0081  BX=0001  CX=0000  DX=0000  SP=FFEE  BP=0000  SI=FFEE  DI=0000          
DS=176C  ES=176C  SS=176C  CS=176C  IP=0A18   NV UP DI PL NZ NA PE NC           
176C:0A18 55            PUSH    BP                                              

AX=0081  BX=0001  CX=0000  DX=0000  SP=FFEC  BP=0000  SI=FFEE  DI=0000          
DS=176C  ES=176C  SS=176C  CS=176C  IP=0A19   NV UP DI PL NZ NA PE NC           
176C:0A19 55            PUSH    BP                                              

AX=0081  BX=0001  CX=0000  DX=0000  SP=FFEA  BP=0000  SI=FFEE  DI=0000          
DS=176C  ES=176C  SS=176C  CS=176C  IP=0A1A   NV UP DI PL NZ NA PE NC           
176C:0A1A 9D            POPF                                                    

AX=0081  BX=0001  CX=0000  DX=0000  SP=FFEC  BP=0000  SI=FFEE  DI=0000          
DS=176C  ES=176C  SS=176C  CS=176C  IP=0A1B   NV UP DI PL NZ NA PO NC           
176C:0A1B 89F4          MOV     SP,SI                                           

AX=0081  BX=0001  CX=0000  DX=0000  SP=FFEE  BP=0000  SI=FFEE  DI=0000          
DS=176C  ES=176C  SS=176C  CS=176C  IP=0A1D   NV UP DI PL NZ NA PO NC           
176C:0A1D B081          MOV     AL,81                                           

AX=0081  BX=0001  CX=0000  DX=0000  SP=FFEE  BP=0000  SI=FFEE  DI=0000          
DS=176C  ES=176C  SS=176C  CS=176C  IP=0A1F   NV UP DI PL NZ NA PO NC           
176C:0A1F B201          MOV     DL,01                                           

AX=0081  BX=0001  CX=0000  DX=0001  SP=FFEE  BP=0000  SI=FFEE  DI=0000          
DS=176C  ES=176C  SS=176C  CS=176C  IP=0A21   NV UP DI PL NZ NA PO NC           
176C:0A21 B301          MOV     BL,01                                           

AX=0081  BX=0001  CX=0000  DX=0001  SP=FFEE  BP=0000  SI=FFEE  DI=0000          
DS=176C  ES=176C  SS=176C  CS=176C  IP=0A23   NV UP DI PL NZ NA PO NC           
176C:0A23 F6E8          IMUL    AL                                              

AX=3F01  BX=0001  CX=0000  DX=0001  SP=FFEE  BP=0000  SI=FFEE  DI=0000          
DS=176C  ES=176C  SS=176C  CS=176C  IP=0A25   OV UP DI PL NZ NA PO CY           
176C:0A25 55            PUSH    BP                                              

AX=3F01  BX=0001  CX=0000  DX=0001  SP=FFEC  BP=0000  SI=FFEE  DI=0000          
DS=176C  ES=176C  SS=176C  CS=176C  IP=0A26   OV UP DI PL NZ NA PO CY           
176C:0A26 55            PUSH    BP                                              

AX=3F01  BX=0001  CX=0000  DX=0001  SP=FFEA  BP=0000  SI=FFEE  DI=0000          
DS=176C  ES=176C  SS=176C  CS=176C  IP=0A27   OV UP DI PL NZ NA PO CY           
176C:0A27 9D            POPF                                                    

AX=3F01  BX=0001  CX=0000  DX=0001  SP=FFEC  BP=0000  SI=FFEE  DI=0000          
DS=176C  ES=176C  SS=176C  CS=176C  IP=0A28   NV UP DI PL NZ NA PO NC           
176C:0A28 89F4          MOV     SP,SI                                           

AX=3F01  BX=0001  CX=0000  DX=0001  SP=FFEE  BP=0000  SI=FFEE  DI=0000          
DS=176C  ES=176C  SS=176C  CS=176C  IP=0A2A   NV UP DI PL NZ NA PO NC           
176C:0A2A B88100        MOV     AX,0081                                         

AX=0081  BX=0001  CX=0000  DX=0001  SP=FFEE  BP=0000  SI=FFEE  DI=0000          
DS=176C  ES=176C  SS=176C  CS=176C  IP=0A2D   NV UP DI PL NZ NA PO NC           
176C:0A2D BA0100        MOV     DX,0001                                         

AX=0081  BX=0001  CX=0000  DX=0001  SP=FFEE  BP=0000  SI=FFEE  DI=0000          
DS=176C  ES=176C  SS=176C  CS=176C  IP=0A30   NV UP DI PL NZ NA PO NC           
176C:0A30 BB0100        MOV     BX,0001                                         

AX=0081  BX=0001  CX=0000  DX=0001  SP=FFEE  BP=0000  SI=FFEE  DI=0000          
DS=176C  ES=176C  SS=176C  CS=176C  IP=0A33   NV UP DI PL NZ NA PO NC           
176C:0A33 F7E8          IMUL    AX                                              

AX=4101  BX=0001  CX=0000  DX=0000  SP=FFEE  BP=0000  SI=FFEE  DI=0000          
DS=176C  ES=176C  SS=176C  CS=176C  IP=0A35   NV UP DI PL NZ NA PO NC           
176C:0A35 55            PUSH    BP                                              

AX=4101  BX=0001  CX=0000  DX=0000  SP=FFEC  BP=0000  SI=FFEE  DI=0000          
DS=176C  ES=176C  SS=176C  CS=176C  IP=0A36   NV UP DI PL NZ NA PO NC           
176C:0A36 55            PUSH    BP                                              

AX=4101  BX=0001  CX=0000  DX=0000  SP=FFEA  BP=0000  SI=FFEE  DI=0000          
DS=176C  ES=176C  SS=176C  CS=176C  IP=0A37   NV UP DI PL NZ NA PO NC           
176C:0A37 9D            POPF                                                    

AX=4101  BX=0001  CX=0000  DX=0000  SP=FFEC  BP=0000  SI=FFEE  DI=0000          
DS=176C  ES=176C  SS=176C  CS=176C  IP=0A38   NV UP DI PL NZ NA PO NC           
176C:0A38 89F4          MOV     SP,SI                                           

AX=4101  BX=0001  CX=0000  DX=0000  SP=FFEE  BP=0000  SI=FFEE  DI=0000          
DS=176C  ES=176C  SS=176C  CS=176C  IP=0A3A   NV UP DI PL NZ NA PO NC           
176C:0A3A B88100        MOV     AX,0081                                         

AX=0081  BX=0001  CX=0000  DX=0000  SP=FFEE  BP=0000  SI=FFEE  DI=0000          
DS=176C  ES=176C  SS=176C  CS=176C  IP=0A3D   NV UP DI PL NZ NA PO NC           
176C:0A3D BA0100        MOV     DX,0001                                         

AX=0081  BX=0001  CX=0000  DX=0001  SP=FFEE  BP=0000  SI=FFEE  DI=0000          
DS=176C  ES=176C  SS=176C  CS=176C  IP=0A40   NV UP DI PL NZ NA PO NC           
176C:0A40 BB0100        MOV     BX,0001                                         

AX=0081  BX=0001  CX=0000  DX=0001  SP=FFEE  BP=0000  SI=FFEE  DI=0000          
DS=176C  ES=176C  SS=176C  CS=176C  IP=0A43   NV UP DI PL NZ NA PO NC           
176C:0A43 F7E8          IMUL    AX                                              

AX=4101  BX=0001  CX=0000  DX=0000  SP=FFEE  BP=0000  SI=FFEE  DI=0000          
DS=176C  ES=176C  SS=176C  CS=176C  IP=0A45   NV UP DI PL NZ NA PO NC           
176C:0A45 CD20          INT     20                                              

