AX=0000  BX=0000  CX=0000  DX=0000  SP=FFEE  BP=0000  SI=0000  DI=0000          
DS=176C  ES=176C  SS=176C  CS=176C  IP=0100   NV UP EI PL NZ NA PO NC           
176C:0100 89E6          MOV     SI,SP                                           

AX=0000  BX=0000  CX=0000  DX=0000  SP=FFEE  BP=0000  SI=FFEE  DI=0000          
DS=176C  ES=176C  SS=176C  CS=176C  IP=0102   NV UP EI PL NZ NA PO NC           
176C:0102 BDFFFF        MOV     BP,FFFF                                         

AX=0000  BX=0000  CX=0000  DX=0000  SP=FFEE  BP=FFFF  SI=FFEE  DI=0000          
DS=176C  ES=176C  SS=176C  CS=176C  IP=0105   NV UP EI PL NZ NA PO NC           
176C:0105 55            PUSH    BP                                              

AX=0000  BX=0000  CX=0000  DX=0000  SP=FFEC  BP=FFFF  SI=FFEE  DI=0000          
DS=176C  ES=176C  SS=176C  CS=176C  IP=0106   NV UP EI PL NZ NA PO NC           
176C:0106 55            PUSH    BP                                              

AX=0000  BX=0000  CX=0000  DX=0000  SP=FFEA  BP=FFFF  SI=FFEE  DI=0000          
DS=176C  ES=176C  SS=176C  CS=176C  IP=0107   NV UP EI PL NZ NA PO NC           
176C:0107 9D            POPF                                                    

AX=0000  BX=0000  CX=0000  DX=0000  SP=FFEC  BP=FFFF  SI=FFEE  DI=0000          
DS=176C  ES=176C  SS=176C  CS=176C  IP=0108   OV DN EI NG ZR AC PE CY           
176C:0108 89F4          MOV     SP,SI                                           

AX=0000  BX=0000  CX=0000  DX=0000  SP=FFEE  BP=FFFF  SI=FFEE  DI=0000          
DS=176C  ES=176C  SS=176C  CS=176C  IP=010A   OV DN EI NG ZR AC PE CY           
176C:010A B822F2        MOV     AX,F222                                         

AX=F222  BX=0000  CX=0000  DX=0000  SP=FFEE  BP=FFFF  SI=FFEE  DI=0000          
DS=176C  ES=176C  SS=176C  CS=176C  IP=010D   OV DN EI NG ZR AC PE CY           
176C:010D B1CA          MOV     CL,CA                                           

AX=F222  BX=0000  CX=00CA  DX=0000  SP=FFEE  BP=FFFF  SI=FFEE  DI=0000          
DS=176C  ES=176C  SS=176C  CS=176C  IP=010F   OV DN EI NG ZR AC PE CY           
176C:010F D3F8          SAR     AX,CL                                           

AX=FFFC  BX=0000  CX=00CA  DX=0000  SP=FFEE  BP=FFFF  SI=FFEE  DI=0000          
DS=176C  ES=176C  SS=176C  CS=176C  IP=0111   NV DN EI NG NZ NA PE CY           
176C:0111 55            PUSH    BP                                              

AX=FFFC  BX=0000  CX=00CA  DX=0000  SP=FFEC  BP=FFFF  SI=FFEE  DI=0000          
DS=176C  ES=176C  SS=176C  CS=176C  IP=0112   NV DN EI NG NZ NA PE CY           
176C:0112 55            PUSH    BP                                              

AX=FFFC  BX=0000  CX=00CA  DX=0000  SP=FFEA  BP=FFFF  SI=FFEE  DI=0000          
DS=176C  ES=176C  SS=176C  CS=176C  IP=0113   NV DN EI NG NZ NA PE CY           
176C:0113 9D            POPF                                                    

AX=FFFC  BX=0000  CX=00CA  DX=0000  SP=FFEC  BP=FFFF  SI=FFEE  DI=0000          
DS=176C  ES=176C  SS=176C  CS=176C  IP=0114   OV DN EI NG ZR AC PE CY           
176C:0114 89F4          MOV     SP,SI                                           

AX=FFFC  BX=0000  CX=00CA  DX=0000  SP=FFEE  BP=FFFF  SI=FFEE  DI=0000          
DS=176C  ES=176C  SS=176C  CS=176C  IP=0116   OV DN EI NG ZR AC PE CY           
176C:0116 B422          MOV     AH,22                                           

AX=22FC  BX=0000  CX=00CA  DX=0000  SP=FFEE  BP=FFFF  SI=FFEE  DI=0000          
DS=176C  ES=176C  SS=176C  CS=176C  IP=0118   OV DN EI NG ZR AC PE CY           
176C:0118 B1CA          MOV     CL,CA                                           

AX=22FC  BX=0000  CX=00CA  DX=0000  SP=FFEE  BP=FFFF  SI=FFEE  DI=0000          
DS=176C  ES=176C  SS=176C  CS=176C  IP=011A   OV DN EI NG ZR AC PE CY           
176C:011A D2F8          SAR     AL,CL                                           

AX=22FF  BX=0000  CX=00CA  DX=0000  SP=FFEE  BP=FFFF  SI=FFEE  DI=0000          
DS=176C  ES=176C  SS=176C  CS=176C  IP=011C   NV DN EI NG NZ NA PE CY           
176C:011C 55            PUSH    BP                                              

AX=22FF  BX=0000  CX=00CA  DX=0000  SP=FFEC  BP=FFFF  SI=FFEE  DI=0000          
DS=176C  ES=176C  SS=176C  CS=176C  IP=011D   NV DN EI NG NZ NA PE CY           
176C:011D 55            PUSH    BP                                              

AX=22FF  BX=0000  CX=00CA  DX=0000  SP=FFEA  BP=FFFF  SI=FFEE  DI=0000          
DS=176C  ES=176C  SS=176C  CS=176C  IP=011E   NV DN EI NG NZ NA PE CY           
176C:011E 9D            POPF                                                    

AX=22FF  BX=0000  CX=00CA  DX=0000  SP=FFEC  BP=FFFF  SI=FFEE  DI=0000          
DS=176C  ES=176C  SS=176C  CS=176C  IP=011F   OV DN EI NG ZR AC PE CY           
176C:011F 89F4          MOV     SP,SI                                           

AX=22FF  BX=0000  CX=00CA  DX=0000  SP=FFEE  BP=FFFF  SI=FFEE  DI=0000          
DS=176C  ES=176C  SS=176C  CS=176C  IP=0121   OV DN EI NG ZR AC PE CY           
176C:0121 B822F2        MOV     AX,F222                                         

AX=F222  BX=0000  CX=00CA  DX=0000  SP=FFEE  BP=FFFF  SI=FFEE  DI=0000          
DS=176C  ES=176C  SS=176C  CS=176C  IP=0124   OV DN EI NG ZR AC PE CY           
176C:0124 55            PUSH    BP                                              

AX=F222  BX=0000  CX=00CA  DX=0000  SP=FFEC  BP=FFFF  SI=FFEE  DI=0000          
DS=176C  ES=176C  SS=176C  CS=176C  IP=0125   OV DN EI NG ZR AC PE CY           
176C:0125 55            PUSH    BP                                              

AX=F222  BX=0000  CX=00CA  DX=0000  SP=FFEA  BP=FFFF  SI=FFEE  DI=0000          
DS=176C  ES=176C  SS=176C  CS=176C  IP=0126   OV DN EI NG ZR AC PE CY           
176C:0126 9D            POPF                                                    

AX=F222  BX=0000  CX=00CA  DX=0000  SP=FFEC  BP=FFFF  SI=FFEE  DI=0000          
DS=176C  ES=176C  SS=176C  CS=176C  IP=0127   OV DN EI NG ZR AC PE CY           
176C:0127 89F4          MOV     SP,SI                                           

AX=F222  BX=0000  CX=00CA  DX=0000  SP=FFEE  BP=FFFF  SI=FFEE  DI=0000          
DS=176C  ES=176C  SS=176C  CS=176C  IP=0129   OV DN EI NG ZR AC PE CY           
176C:0129 B422          MOV     AH,22                                           

AX=2222  BX=0000  CX=00CA  DX=0000  SP=FFEE  BP=FFFF  SI=FFEE  DI=0000          
DS=176C  ES=176C  SS=176C  CS=176C  IP=012B   OV DN EI NG ZR AC PE CY           
176C:012B 55            PUSH    BP                                              

AX=2222  BX=0000  CX=00CA  DX=0000  SP=FFEC  BP=FFFF  SI=FFEE  DI=0000          
DS=176C  ES=176C  SS=176C  CS=176C  IP=012C   OV DN EI NG ZR AC PE CY           
176C:012C 55            PUSH    BP                                              

AX=2222  BX=0000  CX=00CA  DX=0000  SP=FFEA  BP=FFFF  SI=FFEE  DI=0000          
DS=176C  ES=176C  SS=176C  CS=176C  IP=012D   OV DN EI NG ZR AC PE CY           
176C:012D 9D            POPF                                                    

AX=2222  BX=0000  CX=00CA  DX=0000  SP=FFEC  BP=FFFF  SI=FFEE  DI=0000          
DS=176C  ES=176C  SS=176C  CS=176C  IP=012E   OV DN EI NG ZR AC PE CY           
176C:012E 89F4          MOV     SP,SI                                           

AX=2222  BX=0000  CX=00CA  DX=0000  SP=FFEE  BP=FFFF  SI=FFEE  DI=0000          
DS=176C  ES=176C  SS=176C  CS=176C  IP=0130   OV DN EI NG ZR AC PE CY           
176C:0130 B822F2        MOV     AX,F222                                         

AX=F222  BX=0000  CX=00CA  DX=0000  SP=FFEE  BP=FFFF  SI=FFEE  DI=0000          
DS=176C  ES=176C  SS=176C  CS=176C  IP=0133   OV DN EI NG ZR AC PE CY           
176C:0133 55            PUSH    BP                                              

AX=F222  BX=0000  CX=00CA  DX=0000  SP=FFEC  BP=FFFF  SI=FFEE  DI=0000          
DS=176C  ES=176C  SS=176C  CS=176C  IP=0134   OV DN EI NG ZR AC PE CY           
176C:0134 55            PUSH    BP                                              

AX=F222  BX=0000  CX=00CA  DX=0000  SP=FFEA  BP=FFFF  SI=FFEE  DI=0000          
DS=176C  ES=176C  SS=176C  CS=176C  IP=0135   OV DN EI NG ZR AC PE CY           
176C:0135 9D            POPF                                                    

AX=F222  BX=0000  CX=00CA  DX=0000  SP=FFEC  BP=FFFF  SI=FFEE  DI=0000          
DS=176C  ES=176C  SS=176C  CS=176C  IP=0136   OV DN EI NG ZR AC PE CY           
176C:0136 89F4          MOV     SP,SI                                           

AX=F222  BX=0000  CX=00CA  DX=0000  SP=FFEE  BP=FFFF  SI=FFEE  DI=0000          
DS=176C  ES=176C  SS=176C  CS=176C  IP=0138   OV DN EI NG ZR AC PE CY           
176C:0138 B8B454        MOV     AX,54B4                                         

AX=54B4  BX=0000  CX=00CA  DX=0000  SP=FFEE  BP=FFFF  SI=FFEE  DI=0000          
DS=176C  ES=176C  SS=176C  CS=176C  IP=013B   OV DN EI NG ZR AC PE CY           
176C:013B B101          MOV     CL,01                                           

AX=54B4  BX=0000  CX=0001  DX=0000  SP=FFEE  BP=FFFF  SI=FFEE  DI=0000          
DS=176C  ES=176C  SS=176C  CS=176C  IP=013D   OV DN EI NG ZR AC PE CY           
176C:013D D3F8          SAR     AX,CL                                           

AX=2A5A  BX=0000  CX=0001  DX=0000  SP=FFEE  BP=FFFF  SI=FFEE  DI=0000          
DS=176C  ES=176C  SS=176C  CS=176C  IP=013F   NV DN EI PL NZ NA PE NC           
176C:013F 55            PUSH    BP                                              

AX=2A5A  BX=0000  CX=0001  DX=0000  SP=FFEC  BP=FFFF  SI=FFEE  DI=0000          
DS=176C  ES=176C  SS=176C  CS=176C  IP=0140   NV DN EI PL NZ NA PE NC           
176C:0140 55            PUSH    BP                                              

AX=2A5A  BX=0000  CX=0001  DX=0000  SP=FFEA  BP=FFFF  SI=FFEE  DI=0000          
DS=176C  ES=176C  SS=176C  CS=176C  IP=0141   NV DN EI PL NZ NA PE NC           
176C:0141 9D            POPF                                                    

AX=2A5A  BX=0000  CX=0001  DX=0000  SP=FFEC  BP=FFFF  SI=FFEE  DI=0000          
DS=176C  ES=176C  SS=176C  CS=176C  IP=0142   OV DN EI NG ZR AC PE CY           
176C:0142 89F4          MOV     SP,SI                                           

AX=2A5A  BX=0000  CX=0001  DX=0000  SP=FFEE  BP=FFFF  SI=FFEE  DI=0000          
DS=176C  ES=176C  SS=176C  CS=176C  IP=0144   OV DN EI NG ZR AC PE CY           
176C:0144 B4B4          MOV     AH,B4                                           

AX=B45A  BX=0000  CX=0001  DX=0000  SP=FFEE  BP=FFFF  SI=FFEE  DI=0000          
DS=176C  ES=176C  SS=176C  CS=176C  IP=0146   OV DN EI NG ZR AC PE CY           
176C:0146 B101          MOV     CL,01                                           

AX=B45A  BX=0000  CX=0001  DX=0000  SP=FFEE  BP=FFFF  SI=FFEE  DI=0000          
DS=176C  ES=176C  SS=176C  CS=176C  IP=0148   OV DN EI NG ZR AC PE CY           
176C:0148 D2F8          SAR     AL,CL                                           

AX=B42D  BX=0000  CX=0001  DX=0000  SP=FFEE  BP=FFFF  SI=FFEE  DI=0000          
DS=176C  ES=176C  SS=176C  CS=176C  IP=014A   NV DN EI PL NZ NA PE NC           
176C:014A 55            PUSH    BP                                              

AX=B42D  BX=0000  CX=0001  DX=0000  SP=FFEC  BP=FFFF  SI=FFEE  DI=0000          
DS=176C  ES=176C  SS=176C  CS=176C  IP=014B   NV DN EI PL NZ NA PE NC           
176C:014B 55            PUSH    BP                                              

AX=B42D  BX=0000  CX=0001  DX=0000  SP=FFEA  BP=FFFF  SI=FFEE  DI=0000          
DS=176C  ES=176C  SS=176C  CS=176C  IP=014C   NV DN EI PL NZ NA PE NC           
176C:014C 9D            POPF                                                    

AX=B42D  BX=0000  CX=0001  DX=0000  SP=FFEC  BP=FFFF  SI=FFEE  DI=0000          
DS=176C  ES=176C  SS=176C  CS=176C  IP=014D   OV DN EI NG ZR AC PE CY           
176C:014D 89F4          MOV     SP,SI                                           

AX=B42D  BX=0000  CX=0001  DX=0000  SP=FFEE  BP=FFFF  SI=FFEE  DI=0000          
DS=176C  ES=176C  SS=176C  CS=176C  IP=014F   OV DN EI NG ZR AC PE CY           
176C:014F B8B454        MOV     AX,54B4                                         

AX=54B4  BX=0000  CX=0001  DX=0000  SP=FFEE  BP=FFFF  SI=FFEE  DI=0000          
DS=176C  ES=176C  SS=176C  CS=176C  IP=0152   OV DN EI NG ZR AC PE CY           
176C:0152 55            PUSH    BP                                              

AX=54B4  BX=0000  CX=0001  DX=0000  SP=FFEC  BP=FFFF  SI=FFEE  DI=0000          
DS=176C  ES=176C  SS=176C  CS=176C  IP=0153   OV DN EI NG ZR AC PE CY           
176C:0153 55            PUSH    BP                                              

AX=54B4  BX=0000  CX=0001  DX=0000  SP=FFEA  BP=FFFF  SI=FFEE  DI=0000          
DS=176C  ES=176C  SS=176C  CS=176C  IP=0154   OV DN EI NG ZR AC PE CY           
176C:0154 9D            POPF                                                    

AX=54B4  BX=0000  CX=0001  DX=0000  SP=FFEC  BP=FFFF  SI=FFEE  DI=0000          
DS=176C  ES=176C  SS=176C  CS=176C  IP=0155   OV DN EI NG ZR AC PE CY           
176C:0155 89F4          MOV     SP,SI                                           

AX=54B4  BX=0000  CX=0001  DX=0000  SP=FFEE  BP=FFFF  SI=FFEE  DI=0000          
DS=176C  ES=176C  SS=176C  CS=176C  IP=0157   OV DN EI NG ZR AC PE CY           
176C:0157 B4B4          MOV     AH,B4                                           

AX=B4B4  BX=0000  CX=0001  DX=0000  SP=FFEE  BP=FFFF  SI=FFEE  DI=0000          
DS=176C  ES=176C  SS=176C  CS=176C  IP=0159   OV DN EI NG ZR AC PE CY           
176C:0159 55            PUSH    BP                                              

AX=B4B4  BX=0000  CX=0001  DX=0000  SP=FFEC  BP=FFFF  SI=FFEE  DI=0000          
DS=176C  ES=176C  SS=176C  CS=176C  IP=015A   OV DN EI NG ZR AC PE CY           
176C:015A 55            PUSH    BP                                              

AX=B4B4  BX=0000  CX=0001  DX=0000  SP=FFEA  BP=FFFF  SI=FFEE  DI=0000          
DS=176C  ES=176C  SS=176C  CS=176C  IP=015B   OV DN EI NG ZR AC PE CY           
176C:015B 9D            POPF                                                    

AX=B4B4  BX=0000  CX=0001  DX=0000  SP=FFEC  BP=FFFF  SI=FFEE  DI=0000          
DS=176C  ES=176C  SS=176C  CS=176C  IP=015C   OV DN EI NG ZR AC PE CY           
176C:015C 89F4          MOV     SP,SI                                           

AX=B4B4  BX=0000  CX=0001  DX=0000  SP=FFEE  BP=FFFF  SI=FFEE  DI=0000          
DS=176C  ES=176C  SS=176C  CS=176C  IP=015E   OV DN EI NG ZR AC PE CY           
176C:015E B8B454        MOV     AX,54B4                                         

AX=54B4  BX=0000  CX=0001  DX=0000  SP=FFEE  BP=FFFF  SI=FFEE  DI=0000          
DS=176C  ES=176C  SS=176C  CS=176C  IP=0161   OV DN EI NG ZR AC PE CY           
176C:0161 55            PUSH    BP                                              

AX=54B4  BX=0000  CX=0001  DX=0000  SP=FFEC  BP=FFFF  SI=FFEE  DI=0000          
DS=176C  ES=176C  SS=176C  CS=176C  IP=0162   OV DN EI NG ZR AC PE CY           
176C:0162 55            PUSH    BP                                              

AX=54B4  BX=0000  CX=0001  DX=0000  SP=FFEA  BP=FFFF  SI=FFEE  DI=0000          
DS=176C  ES=176C  SS=176C  CS=176C  IP=0163   OV DN EI NG ZR AC PE CY           
176C:0163 9D            POPF                                                    

AX=54B4  BX=0000  CX=0001  DX=0000  SP=FFEC  BP=FFFF  SI=FFEE  DI=0000          
DS=176C  ES=176C  SS=176C  CS=176C  IP=0164   OV DN EI NG ZR AC PE CY           
176C:0164 89F4          MOV     SP,SI                                           

AX=54B4  BX=0000  CX=0001  DX=0000  SP=FFEE  BP=FFFF  SI=FFEE  DI=0000          
DS=176C  ES=176C  SS=176C  CS=176C  IP=0166   OV DN EI NG ZR AC PE CY           
176C:0166 B865A9        MOV     AX,A965                                         

AX=A965  BX=0000  CX=0001  DX=0000  SP=FFEE  BP=FFFF  SI=FFEE  DI=0000          
DS=176C  ES=176C  SS=176C  CS=176C  IP=0169   OV DN EI NG ZR AC PE CY           
176C:0169 B12D          MOV     CL,2D                                           

AX=A965  BX=0000  CX=002D  DX=0000  SP=FFEE  BP=FFFF  SI=FFEE  DI=0000          
DS=176C  ES=176C  SS=176C  CS=176C  IP=016B   OV DN EI NG ZR AC PE CY           
176C:016B D3F8          SAR     AX,CL                                           

AX=FFFD  BX=0000  CX=002D  DX=0000  SP=FFEE  BP=FFFF  SI=FFEE  DI=0000          
DS=176C  ES=176C  SS=176C  CS=176C  IP=016D   NV DN EI NG NZ NA PO NC           
176C:016D 55            PUSH    BP                                              

AX=FFFD  BX=0000  CX=002D  DX=0000  SP=FFEC  BP=FFFF  SI=FFEE  DI=0000          
DS=176C  ES=176C  SS=176C  CS=176C  IP=016E   NV DN EI NG NZ NA PO NC           
176C:016E 55            PUSH    BP                                              

AX=FFFD  BX=0000  CX=002D  DX=0000  SP=FFEA  BP=FFFF  SI=FFEE  DI=0000          
DS=176C  ES=176C  SS=176C  CS=176C  IP=016F   NV DN EI NG NZ NA PO NC           
176C:016F 9D            POPF                                                    

AX=FFFD  BX=0000  CX=002D  DX=0000  SP=FFEC  BP=FFFF  SI=FFEE  DI=0000          
DS=176C  ES=176C  SS=176C  CS=176C  IP=0170   OV DN EI NG ZR AC PE CY           
176C:0170 89F4          MOV     SP,SI                                           

AX=FFFD  BX=0000  CX=002D  DX=0000  SP=FFEE  BP=FFFF  SI=FFEE  DI=0000          
DS=176C  ES=176C  SS=176C  CS=176C  IP=0172   OV DN EI NG ZR AC PE CY           
176C:0172 B465          MOV     AH,65                                           

AX=65FD  BX=0000  CX=002D  DX=0000  SP=FFEE  BP=FFFF  SI=FFEE  DI=0000          
DS=176C  ES=176C  SS=176C  CS=176C  IP=0174   OV DN EI NG ZR AC PE CY           
176C:0174 B12D          MOV     CL,2D                                           

AX=65FD  BX=0000  CX=002D  DX=0000  SP=FFEE  BP=FFFF  SI=FFEE  DI=0000          
DS=176C  ES=176C  SS=176C  CS=176C  IP=0176   OV DN EI NG ZR AC PE CY           
176C:0176 D2F8          SAR     AL,CL                                           

AX=65FF  BX=0000  CX=002D  DX=0000  SP=FFEE  BP=FFFF  SI=FFEE  DI=0000          
DS=176C  ES=176C  SS=176C  CS=176C  IP=0178   NV DN EI NG NZ NA PE CY           
176C:0178 55            PUSH    BP                                              

AX=65FF  BX=0000  CX=002D  DX=0000  SP=FFEC  BP=FFFF  SI=FFEE  DI=0000          
DS=176C  ES=176C  SS=176C  CS=176C  IP=0179   NV DN EI NG NZ NA PE CY           
176C:0179 55            PUSH    BP                                              

AX=65FF  BX=0000  CX=002D  DX=0000  SP=FFEA  BP=FFFF  SI=FFEE  DI=0000          
DS=176C  ES=176C  SS=176C  CS=176C  IP=017A   NV DN EI NG NZ NA PE CY           
176C:017A 9D            POPF                                                    

AX=65FF  BX=0000  CX=002D  DX=0000  SP=FFEC  BP=FFFF  SI=FFEE  DI=0000          
DS=176C  ES=176C  SS=176C  CS=176C  IP=017B   OV DN EI NG ZR AC PE CY           
176C:017B 89F4          MOV     SP,SI                                           

AX=65FF  BX=0000  CX=002D  DX=0000  SP=FFEE  BP=FFFF  SI=FFEE  DI=0000          
DS=176C  ES=176C  SS=176C  CS=176C  IP=017D   OV DN EI NG ZR AC PE CY           
176C:017D B865A9        MOV     AX,A965                                         

AX=A965  BX=0000  CX=002D  DX=0000  SP=FFEE  BP=FFFF  SI=FFEE  DI=0000          
DS=176C  ES=176C  SS=176C  CS=176C  IP=0180   OV DN EI NG ZR AC PE CY           
176C:0180 55            PUSH    BP                                              

AX=A965  BX=0000  CX=002D  DX=0000  SP=FFEC  BP=FFFF  SI=FFEE  DI=0000          
DS=176C  ES=176C  SS=176C  CS=176C  IP=0181   OV DN EI NG ZR AC PE CY           
176C:0181 55            PUSH    BP                                              

AX=A965  BX=0000  CX=002D  DX=0000  SP=FFEA  BP=FFFF  SI=FFEE  DI=0000          
DS=176C  ES=176C  SS=176C  CS=176C  IP=0182   OV DN EI NG ZR AC PE CY           
176C:0182 9D            POPF                                                    

AX=A965  BX=0000  CX=002D  DX=0000  SP=FFEC  BP=FFFF  SI=FFEE  DI=0000          
DS=176C  ES=176C  SS=176C  CS=176C  IP=0183   OV DN EI NG ZR AC PE CY           
176C:0183 89F4          MOV     SP,SI                                           

AX=A965  BX=0000  CX=002D  DX=0000  SP=FFEE  BP=FFFF  SI=FFEE  DI=0000          
DS=176C  ES=176C  SS=176C  CS=176C  IP=0185   OV DN EI NG ZR AC PE CY           
176C:0185 B465          MOV     AH,65                                           

AX=6565  BX=0000  CX=002D  DX=0000  SP=FFEE  BP=FFFF  SI=FFEE  DI=0000          
DS=176C  ES=176C  SS=176C  CS=176C  IP=0187   OV DN EI NG ZR AC PE CY           
176C:0187 55            PUSH    BP                                              

AX=6565  BX=0000  CX=002D  DX=0000  SP=FFEC  BP=FFFF  SI=FFEE  DI=0000          
DS=176C  ES=176C  SS=176C  CS=176C  IP=0188   OV DN EI NG ZR AC PE CY           
176C:0188 55            PUSH    BP                                              

AX=6565  BX=0000  CX=002D  DX=0000  SP=FFEA  BP=FFFF  SI=FFEE  DI=0000          
DS=176C  ES=176C  SS=176C  CS=176C  IP=0189   OV DN EI NG ZR AC PE CY           
176C:0189 9D            POPF                                                    

AX=6565  BX=0000  CX=002D  DX=0000  SP=FFEC  BP=FFFF  SI=FFEE  DI=0000          
DS=176C  ES=176C  SS=176C  CS=176C  IP=018A   OV DN EI NG ZR AC PE CY           
176C:018A 89F4          MOV     SP,SI                                           

AX=6565  BX=0000  CX=002D  DX=0000  SP=FFEE  BP=FFFF  SI=FFEE  DI=0000          
DS=176C  ES=176C  SS=176C  CS=176C  IP=018C   OV DN EI NG ZR AC PE CY           
176C:018C B865A9        MOV     AX,A965                                         

AX=A965  BX=0000  CX=002D  DX=0000  SP=FFEE  BP=FFFF  SI=FFEE  DI=0000          
DS=176C  ES=176C  SS=176C  CS=176C  IP=018F   OV DN EI NG ZR AC PE CY           
176C:018F 55            PUSH    BP                                              

AX=A965  BX=0000  CX=002D  DX=0000  SP=FFEC  BP=FFFF  SI=FFEE  DI=0000          
DS=176C  ES=176C  SS=176C  CS=176C  IP=0190   OV DN EI NG ZR AC PE CY           
176C:0190 55            PUSH    BP                                              

AX=A965  BX=0000  CX=002D  DX=0000  SP=FFEA  BP=FFFF  SI=FFEE  DI=0000          
DS=176C  ES=176C  SS=176C  CS=176C  IP=0191   OV DN EI NG ZR AC PE CY           
176C:0191 9D            POPF                                                    

AX=A965  BX=0000  CX=002D  DX=0000  SP=FFEC  BP=FFFF  SI=FFEE  DI=0000          
DS=176C  ES=176C  SS=176C  CS=176C  IP=0192   OV DN EI NG ZR AC PE CY           
176C:0192 89F4          MOV     SP,SI                                           

AX=A965  BX=0000  CX=002D  DX=0000  SP=FFEE  BP=FFFF  SI=FFEE  DI=0000          
DS=176C  ES=176C  SS=176C  CS=176C  IP=0194   OV DN EI NG ZR AC PE CY           
176C:0194 B815E1        MOV     AX,E115                                         

AX=E115  BX=0000  CX=002D  DX=0000  SP=FFEE  BP=FFFF  SI=FFEE  DI=0000          
DS=176C  ES=176C  SS=176C  CS=176C  IP=0197   OV DN EI NG ZR AC PE CY           
176C:0197 B176          MOV     CL,76                                           

AX=E115  BX=0000  CX=0076  DX=0000  SP=FFEE  BP=FFFF  SI=FFEE  DI=0000          
DS=176C  ES=176C  SS=176C  CS=176C  IP=0199   OV DN EI NG ZR AC PE CY           
176C:0199 D3F8          SAR     AX,CL                                           

AX=FFFF  BX=0000  CX=0076  DX=0000  SP=FFEE  BP=FFFF  SI=FFEE  DI=0000          
DS=176C  ES=176C  SS=176C  CS=176C  IP=019B   NV DN EI NG NZ NA PE CY           
176C:019B 55            PUSH    BP                                              

AX=FFFF  BX=0000  CX=0076  DX=0000  SP=FFEC  BP=FFFF  SI=FFEE  DI=0000          
DS=176C  ES=176C  SS=176C  CS=176C  IP=019C   NV DN EI NG NZ NA PE CY           
176C:019C 55            PUSH    BP                                              

AX=FFFF  BX=0000  CX=0076  DX=0000  SP=FFEA  BP=FFFF  SI=FFEE  DI=0000          
DS=176C  ES=176C  SS=176C  CS=176C  IP=019D   NV DN EI NG NZ NA PE CY           
176C:019D 9D            POPF                                                    

AX=FFFF  BX=0000  CX=0076  DX=0000  SP=FFEC  BP=FFFF  SI=FFEE  DI=0000          
DS=176C  ES=176C  SS=176C  CS=176C  IP=019E   OV DN EI NG ZR AC PE CY           
176C:019E 89F4          MOV     SP,SI                                           

AX=FFFF  BX=0000  CX=0076  DX=0000  SP=FFEE  BP=FFFF  SI=FFEE  DI=0000          
DS=176C  ES=176C  SS=176C  CS=176C  IP=01A0   OV DN EI NG ZR AC PE CY           
176C:01A0 B415          MOV     AH,15                                           

AX=15FF  BX=0000  CX=0076  DX=0000  SP=FFEE  BP=FFFF  SI=FFEE  DI=0000          
DS=176C  ES=176C  SS=176C  CS=176C  IP=01A2   OV DN EI NG ZR AC PE CY           
176C:01A2 B176          MOV     CL,76                                           

AX=15FF  BX=0000  CX=0076  DX=0000  SP=FFEE  BP=FFFF  SI=FFEE  DI=0000          
DS=176C  ES=176C  SS=176C  CS=176C  IP=01A4   OV DN EI NG ZR AC PE CY           
176C:01A4 D2F8          SAR     AL,CL                                           

AX=15FF  BX=0000  CX=0076  DX=0000  SP=FFEE  BP=FFFF  SI=FFEE  DI=0000          
DS=176C  ES=176C  SS=176C  CS=176C  IP=01A6   NV DN EI NG NZ NA PE CY           
176C:01A6 55            PUSH    BP                                              

AX=15FF  BX=0000  CX=0076  DX=0000  SP=FFEC  BP=FFFF  SI=FFEE  DI=0000          
DS=176C  ES=176C  SS=176C  CS=176C  IP=01A7   NV DN EI NG NZ NA PE CY           
176C:01A7 55            PUSH    BP                                              

AX=15FF  BX=0000  CX=0076  DX=0000  SP=FFEA  BP=FFFF  SI=FFEE  DI=0000          
DS=176C  ES=176C  SS=176C  CS=176C  IP=01A8   NV DN EI NG NZ NA PE CY           
176C:01A8 9D            POPF                                                    

AX=15FF  BX=0000  CX=0076  DX=0000  SP=FFEC  BP=FFFF  SI=FFEE  DI=0000          
DS=176C  ES=176C  SS=176C  CS=176C  IP=01A9   OV DN EI NG ZR AC PE CY           
176C:01A9 89F4          MOV     SP,SI                                           

AX=15FF  BX=0000  CX=0076  DX=0000  SP=FFEE  BP=FFFF  SI=FFEE  DI=0000          
DS=176C  ES=176C  SS=176C  CS=176C  IP=01AB   OV DN EI NG ZR AC PE CY           
176C:01AB B815E1        MOV     AX,E115                                         

AX=E115  BX=0000  CX=0076  DX=0000  SP=FFEE  BP=FFFF  SI=FFEE  DI=0000          
DS=176C  ES=176C  SS=176C  CS=176C  IP=01AE   OV DN EI NG ZR AC PE CY           
176C:01AE 55            PUSH    BP                                              

AX=E115  BX=0000  CX=0076  DX=0000  SP=FFEC  BP=FFFF  SI=FFEE  DI=0000          
DS=176C  ES=176C  SS=176C  CS=176C  IP=01AF   OV DN EI NG ZR AC PE CY           
176C:01AF 55            PUSH    BP                                              

AX=E115  BX=0000  CX=0076  DX=0000  SP=FFEA  BP=FFFF  SI=FFEE  DI=0000          
DS=176C  ES=176C  SS=176C  CS=176C  IP=01B0   OV DN EI NG ZR AC PE CY           
176C:01B0 9D            POPF                                                    

AX=E115  BX=0000  CX=0076  DX=0000  SP=FFEC  BP=FFFF  SI=FFEE  DI=0000          
DS=176C  ES=176C  SS=176C  CS=176C  IP=01B1   OV DN EI NG ZR AC PE CY           
176C:01B1 89F4          MOV     SP,SI                                           

AX=E115  BX=0000  CX=0076  DX=0000  SP=FFEE  BP=FFFF  SI=FFEE  DI=0000          
DS=176C  ES=176C  SS=176C  CS=176C  IP=01B3   OV DN EI NG ZR AC PE CY           
176C:01B3 B415          MOV     AH,15                                           

AX=1515  BX=0000  CX=0076  DX=0000  SP=FFEE  BP=FFFF  SI=FFEE  DI=0000          
DS=176C  ES=176C  SS=176C  CS=176C  IP=01B5   OV DN EI NG ZR AC PE CY           
176C:01B5 55            PUSH    BP                                              

AX=1515  BX=0000  CX=0076  DX=0000  SP=FFEC  BP=FFFF  SI=FFEE  DI=0000          
DS=176C  ES=176C  SS=176C  CS=176C  IP=01B6   OV DN EI NG ZR AC PE CY           
176C:01B6 55            PUSH    BP                                              

AX=1515  BX=0000  CX=0076  DX=0000  SP=FFEA  BP=FFFF  SI=FFEE  DI=0000          
DS=176C  ES=176C  SS=176C  CS=176C  IP=01B7   OV DN EI NG ZR AC PE CY           
176C:01B7 9D            POPF                                                    

AX=1515  BX=0000  CX=0076  DX=0000  SP=FFEC  BP=FFFF  SI=FFEE  DI=0000          
DS=176C  ES=176C  SS=176C  CS=176C  IP=01B8   OV DN EI NG ZR AC PE CY           
176C:01B8 89F4          MOV     SP,SI                                           

AX=1515  BX=0000  CX=0076  DX=0000  SP=FFEE  BP=FFFF  SI=FFEE  DI=0000          
DS=176C  ES=176C  SS=176C  CS=176C  IP=01BA   OV DN EI NG ZR AC PE CY           
176C:01BA B815E1        MOV     AX,E115                                         

AX=E115  BX=0000  CX=0076  DX=0000  SP=FFEE  BP=FFFF  SI=FFEE  DI=0000          
DS=176C  ES=176C  SS=176C  CS=176C  IP=01BD   OV DN EI NG ZR AC PE CY           
176C:01BD 55            PUSH    BP                                              

AX=E115  BX=0000  CX=0076  DX=0000  SP=FFEC  BP=FFFF  SI=FFEE  DI=0000          
DS=176C  ES=176C  SS=176C  CS=176C  IP=01BE   OV DN EI NG ZR AC PE CY           
176C:01BE 55            PUSH    BP                                              

AX=E115  BX=0000  CX=0076  DX=0000  SP=FFEA  BP=FFFF  SI=FFEE  DI=0000          
DS=176C  ES=176C  SS=176C  CS=176C  IP=01BF   OV DN EI NG ZR AC PE CY           
176C:01BF 9D            POPF                                                    

AX=E115  BX=0000  CX=0076  DX=0000  SP=FFEC  BP=FFFF  SI=FFEE  DI=0000          
DS=176C  ES=176C  SS=176C  CS=176C  IP=01C0   OV DN EI NG ZR AC PE CY           
176C:01C0 89F4          MOV     SP,SI                                           

AX=E115  BX=0000  CX=0076  DX=0000  SP=FFEE  BP=FFFF  SI=FFEE  DI=0000          
DS=176C  ES=176C  SS=176C  CS=176C  IP=01C2   OV DN EI NG ZR AC PE CY           
176C:01C2 B815E7        MOV     AX,E715                                         

AX=E715  BX=0000  CX=0076  DX=0000  SP=FFEE  BP=FFFF  SI=FFEE  DI=0000          
DS=176C  ES=176C  SS=176C  CS=176C  IP=01C5   OV DN EI NG ZR AC PE CY           
176C:01C5 B157          MOV     CL,57                                           

AX=E715  BX=0000  CX=0057  DX=0000  SP=FFEE  BP=FFFF  SI=FFEE  DI=0000          
DS=176C  ES=176C  SS=176C  CS=176C  IP=01C7   OV DN EI NG ZR AC PE CY           
176C:01C7 D3F8          SAR     AX,CL                                           

AX=FFFF  BX=0000  CX=0057  DX=0000  SP=FFEE  BP=FFFF  SI=FFEE  DI=0000          
DS=176C  ES=176C  SS=176C  CS=176C  IP=01C9   NV DN EI NG NZ NA PE CY           
176C:01C9 55            PUSH    BP                                              

AX=FFFF  BX=0000  CX=0057  DX=0000  SP=FFEC  BP=FFFF  SI=FFEE  DI=0000          
DS=176C  ES=176C  SS=176C  CS=176C  IP=01CA   NV DN EI NG NZ NA PE CY           
176C:01CA 55            PUSH    BP                                              

AX=FFFF  BX=0000  CX=0057  DX=0000  SP=FFEA  BP=FFFF  SI=FFEE  DI=0000          
DS=176C  ES=176C  SS=176C  CS=176C  IP=01CB   NV DN EI NG NZ NA PE CY           
176C:01CB 9D            POPF                                                    

AX=FFFF  BX=0000  CX=0057  DX=0000  SP=FFEC  BP=FFFF  SI=FFEE  DI=0000          
DS=176C  ES=176C  SS=176C  CS=176C  IP=01CC   OV DN EI NG ZR AC PE CY           
176C:01CC 89F4          MOV     SP,SI                                           

AX=FFFF  BX=0000  CX=0057  DX=0000  SP=FFEE  BP=FFFF  SI=FFEE  DI=0000          
DS=176C  ES=176C  SS=176C  CS=176C  IP=01CE   OV DN EI NG ZR AC PE CY           
176C:01CE B415          MOV     AH,15                                           

AX=15FF  BX=0000  CX=0057  DX=0000  SP=FFEE  BP=FFFF  SI=FFEE  DI=0000          
DS=176C  ES=176C  SS=176C  CS=176C  IP=01D0   OV DN EI NG ZR AC PE CY           
176C:01D0 B157          MOV     CL,57                                           

AX=15FF  BX=0000  CX=0057  DX=0000  SP=FFEE  BP=FFFF  SI=FFEE  DI=0000          
DS=176C  ES=176C  SS=176C  CS=176C  IP=01D2   OV DN EI NG ZR AC PE CY           
176C:01D2 D2F8          SAR     AL,CL                                           

AX=15FF  BX=0000  CX=0057  DX=0000  SP=FFEE  BP=FFFF  SI=FFEE  DI=0000          
DS=176C  ES=176C  SS=176C  CS=176C  IP=01D4   NV DN EI NG NZ NA PE CY           
176C:01D4 55            PUSH    BP                                              

AX=15FF  BX=0000  CX=0057  DX=0000  SP=FFEC  BP=FFFF  SI=FFEE  DI=0000          
DS=176C  ES=176C  SS=176C  CS=176C  IP=01D5   NV DN EI NG NZ NA PE CY           
176C:01D5 55            PUSH    BP                                              

AX=15FF  BX=0000  CX=0057  DX=0000  SP=FFEA  BP=FFFF  SI=FFEE  DI=0000          
DS=176C  ES=176C  SS=176C  CS=176C  IP=01D6   NV DN EI NG NZ NA PE CY           
176C:01D6 9D            POPF                                                    

AX=15FF  BX=0000  CX=0057  DX=0000  SP=FFEC  BP=FFFF  SI=FFEE  DI=0000          
DS=176C  ES=176C  SS=176C  CS=176C  IP=01D7   OV DN EI NG ZR AC PE CY           
176C:01D7 89F4          MOV     SP,SI                                           

AX=15FF  BX=0000  CX=0057  DX=0000  SP=FFEE  BP=FFFF  SI=FFEE  DI=0000          
DS=176C  ES=176C  SS=176C  CS=176C  IP=01D9   OV DN EI NG ZR AC PE CY           
176C:01D9 B815E7        MOV     AX,E715                                         

AX=E715  BX=0000  CX=0057  DX=0000  SP=FFEE  BP=FFFF  SI=FFEE  DI=0000          
DS=176C  ES=176C  SS=176C  CS=176C  IP=01DC   OV DN EI NG ZR AC PE CY           
176C:01DC 55            PUSH    BP                                              

AX=E715  BX=0000  CX=0057  DX=0000  SP=FFEC  BP=FFFF  SI=FFEE  DI=0000          
DS=176C  ES=176C  SS=176C  CS=176C  IP=01DD   OV DN EI NG ZR AC PE CY           
176C:01DD 55            PUSH    BP                                              

AX=E715  BX=0000  CX=0057  DX=0000  SP=FFEA  BP=FFFF  SI=FFEE  DI=0000          
DS=176C  ES=176C  SS=176C  CS=176C  IP=01DE   OV DN EI NG ZR AC PE CY           
176C:01DE 9D            POPF                                                    

AX=E715  BX=0000  CX=0057  DX=0000  SP=FFEC  BP=FFFF  SI=FFEE  DI=0000          
DS=176C  ES=176C  SS=176C  CS=176C  IP=01DF   OV DN EI NG ZR AC PE CY           
176C:01DF 89F4          MOV     SP,SI                                           

AX=E715  BX=0000  CX=0057  DX=0000  SP=FFEE  BP=FFFF  SI=FFEE  DI=0000          
DS=176C  ES=176C  SS=176C  CS=176C  IP=01E1   OV DN EI NG ZR AC PE CY           
176C:01E1 B415          MOV     AH,15                                           

AX=1515  BX=0000  CX=0057  DX=0000  SP=FFEE  BP=FFFF  SI=FFEE  DI=0000          
DS=176C  ES=176C  SS=176C  CS=176C  IP=01E3   OV DN EI NG ZR AC PE CY           
176C:01E3 55            PUSH    BP                                              

AX=1515  BX=0000  CX=0057  DX=0000  SP=FFEC  BP=FFFF  SI=FFEE  DI=0000          
DS=176C  ES=176C  SS=176C  CS=176C  IP=01E4   OV DN EI NG ZR AC PE CY           
176C:01E4 55            PUSH    BP                                              

AX=1515  BX=0000  CX=0057  DX=0000  SP=FFEA  BP=FFFF  SI=FFEE  DI=0000          
DS=176C  ES=176C  SS=176C  CS=176C  IP=01E5   OV DN EI NG ZR AC PE CY           
176C:01E5 9D            POPF                                                    

AX=1515  BX=0000  CX=0057  DX=0000  SP=FFEC  BP=FFFF  SI=FFEE  DI=0000          
DS=176C  ES=176C  SS=176C  CS=176C  IP=01E6   OV DN EI NG ZR AC PE CY           
176C:01E6 89F4          MOV     SP,SI                                           

AX=1515  BX=0000  CX=0057  DX=0000  SP=FFEE  BP=FFFF  SI=FFEE  DI=0000          
DS=176C  ES=176C  SS=176C  CS=176C  IP=01E8   OV DN EI NG ZR AC PE CY           
176C:01E8 B815E7        MOV     AX,E715                                         

AX=E715  BX=0000  CX=0057  DX=0000  SP=FFEE  BP=FFFF  SI=FFEE  DI=0000          
DS=176C  ES=176C  SS=176C  CS=176C  IP=01EB   OV DN EI NG ZR AC PE CY           
176C:01EB 55            PUSH    BP                                              

AX=E715  BX=0000  CX=0057  DX=0000  SP=FFEC  BP=FFFF  SI=FFEE  DI=0000          
DS=176C  ES=176C  SS=176C  CS=176C  IP=01EC   OV DN EI NG ZR AC PE CY           
176C:01EC 55            PUSH    BP                                              

AX=E715  BX=0000  CX=0057  DX=0000  SP=FFEA  BP=FFFF  SI=FFEE  DI=0000          
DS=176C  ES=176C  SS=176C  CS=176C  IP=01ED   OV DN EI NG ZR AC PE CY           
176C:01ED 9D            POPF                                                    

AX=E715  BX=0000  CX=0057  DX=0000  SP=FFEC  BP=FFFF  SI=FFEE  DI=0000          
DS=176C  ES=176C  SS=176C  CS=176C  IP=01EE   OV DN EI NG ZR AC PE CY           
176C:01EE 89F4          MOV     SP,SI                                           

AX=E715  BX=0000  CX=0057  DX=0000  SP=FFEE  BP=FFFF  SI=FFEE  DI=0000          
DS=176C  ES=176C  SS=176C  CS=176C  IP=01F0   OV DN EI NG ZR AC PE CY           
176C:01F0 B80000        MOV     AX,0000                                         

AX=0000  BX=0000  CX=0057  DX=0000  SP=FFEE  BP=FFFF  SI=FFEE  DI=0000          
DS=176C  ES=176C  SS=176C  CS=176C  IP=01F3   OV DN EI NG ZR AC PE CY           
176C:01F3 B100          MOV     CL,00                                           

AX=0000  BX=0000  CX=0000  DX=0000  SP=FFEE  BP=FFFF  SI=FFEE  DI=0000          
DS=176C  ES=176C  SS=176C  CS=176C  IP=01F5   OV DN EI NG ZR AC PE CY           
176C:01F5 D3F8          SAR     AX,CL                                           

AX=0000  BX=0000  CX=0000  DX=0000  SP=FFEE  BP=FFFF  SI=FFEE  DI=0000          
DS=176C  ES=176C  SS=176C  CS=176C  IP=01F7   OV DN EI NG ZR AC PE CY           
176C:01F7 55            PUSH    BP                                              

AX=0000  BX=0000  CX=0000  DX=0000  SP=FFEC  BP=FFFF  SI=FFEE  DI=0000          
DS=176C  ES=176C  SS=176C  CS=176C  IP=01F8   OV DN EI NG ZR AC PE CY           
176C:01F8 55            PUSH    BP                                              

AX=0000  BX=0000  CX=0000  DX=0000  SP=FFEA  BP=FFFF  SI=FFEE  DI=0000          
DS=176C  ES=176C  SS=176C  CS=176C  IP=01F9   OV DN EI NG ZR AC PE CY           
176C:01F9 9D            POPF                                                    

AX=0000  BX=0000  CX=0000  DX=0000  SP=FFEC  BP=FFFF  SI=FFEE  DI=0000          
DS=176C  ES=176C  SS=176C  CS=176C  IP=01FA   OV DN EI NG ZR AC PE CY           
176C:01FA 89F4          MOV     SP,SI                                           

AX=0000  BX=0000  CX=0000  DX=0000  SP=FFEE  BP=FFFF  SI=FFEE  DI=0000          
DS=176C  ES=176C  SS=176C  CS=176C  IP=01FC   OV DN EI NG ZR AC PE CY           
176C:01FC B400          MOV     AH,00                                           

AX=0000  BX=0000  CX=0000  DX=0000  SP=FFEE  BP=FFFF  SI=FFEE  DI=0000          
DS=176C  ES=176C  SS=176C  CS=176C  IP=01FE   OV DN EI NG ZR AC PE CY           
176C:01FE B100          MOV     CL,00                                           

AX=0000  BX=0000  CX=0000  DX=0000  SP=FFEE  BP=FFFF  SI=FFEE  DI=0000          
DS=176C  ES=176C  SS=176C  CS=176C  IP=0200   OV DN EI NG ZR AC PE CY           
176C:0200 D2F8          SAR     AL,CL                                           

AX=0000  BX=0000  CX=0000  DX=0000  SP=FFEE  BP=FFFF  SI=FFEE  DI=0000          
DS=176C  ES=176C  SS=176C  CS=176C  IP=0202   OV DN EI NG ZR AC PE CY           
176C:0202 55            PUSH    BP                                              

AX=0000  BX=0000  CX=0000  DX=0000  SP=FFEC  BP=FFFF  SI=FFEE  DI=0000          
DS=176C  ES=176C  SS=176C  CS=176C  IP=0203   OV DN EI NG ZR AC PE CY           
176C:0203 55            PUSH    BP                                              

AX=0000  BX=0000  CX=0000  DX=0000  SP=FFEA  BP=FFFF  SI=FFEE  DI=0000          
DS=176C  ES=176C  SS=176C  CS=176C  IP=0204   OV DN EI NG ZR AC PE CY           
176C:0204 9D            POPF                                                    

AX=0000  BX=0000  CX=0000  DX=0000  SP=FFEC  BP=FFFF  SI=FFEE  DI=0000          
DS=176C  ES=176C  SS=176C  CS=176C  IP=0205   OV DN EI NG ZR AC PE CY           
176C:0205 89F4          MOV     SP,SI                                           

AX=0000  BX=0000  CX=0000  DX=0000  SP=FFEE  BP=FFFF  SI=FFEE  DI=0000          
DS=176C  ES=176C  SS=176C  CS=176C  IP=0207   OV DN EI NG ZR AC PE CY           
176C:0207 B80000        MOV     AX,0000                                         

AX=0000  BX=0000  CX=0000  DX=0000  SP=FFEE  BP=FFFF  SI=FFEE  DI=0000          
DS=176C  ES=176C  SS=176C  CS=176C  IP=020A   OV DN EI NG ZR AC PE CY           
176C:020A 55            PUSH    BP                                              

AX=0000  BX=0000  CX=0000  DX=0000  SP=FFEC  BP=FFFF  SI=FFEE  DI=0000          
DS=176C  ES=176C  SS=176C  CS=176C  IP=020B   OV DN EI NG ZR AC PE CY           
176C:020B 55            PUSH    BP                                              

AX=0000  BX=0000  CX=0000  DX=0000  SP=FFEA  BP=FFFF  SI=FFEE  DI=0000          
DS=176C  ES=176C  SS=176C  CS=176C  IP=020C   OV DN EI NG ZR AC PE CY           
176C:020C 9D            POPF                                                    

AX=0000  BX=0000  CX=0000  DX=0000  SP=FFEC  BP=FFFF  SI=FFEE  DI=0000          
DS=176C  ES=176C  SS=176C  CS=176C  IP=020D   OV DN EI NG ZR AC PE CY           
176C:020D 89F4          MOV     SP,SI                                           

AX=0000  BX=0000  CX=0000  DX=0000  SP=FFEE  BP=FFFF  SI=FFEE  DI=0000          
DS=176C  ES=176C  SS=176C  CS=176C  IP=020F   OV DN EI NG ZR AC PE CY           
176C:020F B400          MOV     AH,00                                           

AX=0000  BX=0000  CX=0000  DX=0000  SP=FFEE  BP=FFFF  SI=FFEE  DI=0000          
DS=176C  ES=176C  SS=176C  CS=176C  IP=0211   OV DN EI NG ZR AC PE CY           
176C:0211 55            PUSH    BP                                              

AX=0000  BX=0000  CX=0000  DX=0000  SP=FFEC  BP=FFFF  SI=FFEE  DI=0000          
DS=176C  ES=176C  SS=176C  CS=176C  IP=0212   OV DN EI NG ZR AC PE CY           
176C:0212 55            PUSH    BP                                              

AX=0000  BX=0000  CX=0000  DX=0000  SP=FFEA  BP=FFFF  SI=FFEE  DI=0000          
DS=176C  ES=176C  SS=176C  CS=176C  IP=0213   OV DN EI NG ZR AC PE CY           
176C:0213 9D            POPF                                                    

AX=0000  BX=0000  CX=0000  DX=0000  SP=FFEC  BP=FFFF  SI=FFEE  DI=0000          
DS=176C  ES=176C  SS=176C  CS=176C  IP=0214   OV DN EI NG ZR AC PE CY           
176C:0214 89F4          MOV     SP,SI                                           

AX=0000  BX=0000  CX=0000  DX=0000  SP=FFEE  BP=FFFF  SI=FFEE  DI=0000          
DS=176C  ES=176C  SS=176C  CS=176C  IP=0216   OV DN EI NG ZR AC PE CY           
176C:0216 B80000        MOV     AX,0000                                         

AX=0000  BX=0000  CX=0000  DX=0000  SP=FFEE  BP=FFFF  SI=FFEE  DI=0000          
DS=176C  ES=176C  SS=176C  CS=176C  IP=0219   OV DN EI NG ZR AC PE CY           
176C:0219 55            PUSH    BP                                              

AX=0000  BX=0000  CX=0000  DX=0000  SP=FFEC  BP=FFFF  SI=FFEE  DI=0000          
DS=176C  ES=176C  SS=176C  CS=176C  IP=021A   OV DN EI NG ZR AC PE CY           
176C:021A 55            PUSH    BP                                              

AX=0000  BX=0000  CX=0000  DX=0000  SP=FFEA  BP=FFFF  SI=FFEE  DI=0000          
DS=176C  ES=176C  SS=176C  CS=176C  IP=021B   OV DN EI NG ZR AC PE CY           
176C:021B 9D            POPF                                                    

AX=0000  BX=0000  CX=0000  DX=0000  SP=FFEC  BP=FFFF  SI=FFEE  DI=0000          
DS=176C  ES=176C  SS=176C  CS=176C  IP=021C   OV DN EI NG ZR AC PE CY           
176C:021C 89F4          MOV     SP,SI                                           

AX=0000  BX=0000  CX=0000  DX=0000  SP=FFEE  BP=FFFF  SI=FFEE  DI=0000          
DS=176C  ES=176C  SS=176C  CS=176C  IP=021E   OV DN EI NG ZR AC PE CY           
176C:021E B80000        MOV     AX,0000                                         

AX=0000  BX=0000  CX=0000  DX=0000  SP=FFEE  BP=FFFF  SI=FFEE  DI=0000          
DS=176C  ES=176C  SS=176C  CS=176C  IP=0221   OV DN EI NG ZR AC PE CY           
176C:0221 B101          MOV     CL,01                                           

AX=0000  BX=0000  CX=0001  DX=0000  SP=FFEE  BP=FFFF  SI=FFEE  DI=0000          
DS=176C  ES=176C  SS=176C  CS=176C  IP=0223   OV DN EI NG ZR AC PE CY           
176C:0223 D3F8          SAR     AX,CL                                           

AX=0000  BX=0000  CX=0001  DX=0000  SP=FFEE  BP=FFFF  SI=FFEE  DI=0000          
DS=176C  ES=176C  SS=176C  CS=176C  IP=0225   NV DN EI PL ZR NA PE NC           
176C:0225 55            PUSH    BP                                              

AX=0000  BX=0000  CX=0001  DX=0000  SP=FFEC  BP=FFFF  SI=FFEE  DI=0000          
DS=176C  ES=176C  SS=176C  CS=176C  IP=0226   NV DN EI PL ZR NA PE NC           
176C:0226 55            PUSH    BP                                              

AX=0000  BX=0000  CX=0001  DX=0000  SP=FFEA  BP=FFFF  SI=FFEE  DI=0000          
DS=176C  ES=176C  SS=176C  CS=176C  IP=0227   NV DN EI PL ZR NA PE NC           
176C:0227 9D            POPF                                                    

AX=0000  BX=0000  CX=0001  DX=0000  SP=FFEC  BP=FFFF  SI=FFEE  DI=0000          
DS=176C  ES=176C  SS=176C  CS=176C  IP=0228   OV DN EI NG ZR AC PE CY           
176C:0228 89F4          MOV     SP,SI                                           

AX=0000  BX=0000  CX=0001  DX=0000  SP=FFEE  BP=FFFF  SI=FFEE  DI=0000          
DS=176C  ES=176C  SS=176C  CS=176C  IP=022A   OV DN EI NG ZR AC PE CY           
176C:022A B400          MOV     AH,00                                           

AX=0000  BX=0000  CX=0001  DX=0000  SP=FFEE  BP=FFFF  SI=FFEE  DI=0000          
DS=176C  ES=176C  SS=176C  CS=176C  IP=022C   OV DN EI NG ZR AC PE CY           
176C:022C B101          MOV     CL,01                                           

AX=0000  BX=0000  CX=0001  DX=0000  SP=FFEE  BP=FFFF  SI=FFEE  DI=0000          
DS=176C  ES=176C  SS=176C  CS=176C  IP=022E   OV DN EI NG ZR AC PE CY           
176C:022E D2F8          SAR     AL,CL                                           

AX=0000  BX=0000  CX=0001  DX=0000  SP=FFEE  BP=FFFF  SI=FFEE  DI=0000          
DS=176C  ES=176C  SS=176C  CS=176C  IP=0230   NV DN EI PL ZR NA PE NC           
176C:0230 55            PUSH    BP                                              

AX=0000  BX=0000  CX=0001  DX=0000  SP=FFEC  BP=FFFF  SI=FFEE  DI=0000          
DS=176C  ES=176C  SS=176C  CS=176C  IP=0231   NV DN EI PL ZR NA PE NC           
176C:0231 55            PUSH    BP                                              

AX=0000  BX=0000  CX=0001  DX=0000  SP=FFEA  BP=FFFF  SI=FFEE  DI=0000          
DS=176C  ES=176C  SS=176C  CS=176C  IP=0232   NV DN EI PL ZR NA PE NC           
176C:0232 9D            POPF                                                    

AX=0000  BX=0000  CX=0001  DX=0000  SP=FFEC  BP=FFFF  SI=FFEE  DI=0000          
DS=176C  ES=176C  SS=176C  CS=176C  IP=0233   OV DN EI NG ZR AC PE CY           
176C:0233 89F4          MOV     SP,SI                                           

AX=0000  BX=0000  CX=0001  DX=0000  SP=FFEE  BP=FFFF  SI=FFEE  DI=0000          
DS=176C  ES=176C  SS=176C  CS=176C  IP=0235   OV DN EI NG ZR AC PE CY           
176C:0235 B80000        MOV     AX,0000                                         

AX=0000  BX=0000  CX=0001  DX=0000  SP=FFEE  BP=FFFF  SI=FFEE  DI=0000          
DS=176C  ES=176C  SS=176C  CS=176C  IP=0238   OV DN EI NG ZR AC PE CY           
176C:0238 55            PUSH    BP                                              

AX=0000  BX=0000  CX=0001  DX=0000  SP=FFEC  BP=FFFF  SI=FFEE  DI=0000          
DS=176C  ES=176C  SS=176C  CS=176C  IP=0239   OV DN EI NG ZR AC PE CY           
176C:0239 55            PUSH    BP                                              

AX=0000  BX=0000  CX=0001  DX=0000  SP=FFEA  BP=FFFF  SI=FFEE  DI=0000          
DS=176C  ES=176C  SS=176C  CS=176C  IP=023A   OV DN EI NG ZR AC PE CY           
176C:023A 9D            POPF                                                    

AX=0000  BX=0000  CX=0001  DX=0000  SP=FFEC  BP=FFFF  SI=FFEE  DI=0000          
DS=176C  ES=176C  SS=176C  CS=176C  IP=023B   OV DN EI NG ZR AC PE CY           
176C:023B 89F4          MOV     SP,SI                                           

AX=0000  BX=0000  CX=0001  DX=0000  SP=FFEE  BP=FFFF  SI=FFEE  DI=0000          
DS=176C  ES=176C  SS=176C  CS=176C  IP=023D   OV DN EI NG ZR AC PE CY           
176C:023D B400          MOV     AH,00                                           

AX=0000  BX=0000  CX=0001  DX=0000  SP=FFEE  BP=FFFF  SI=FFEE  DI=0000          
DS=176C  ES=176C  SS=176C  CS=176C  IP=023F   OV DN EI NG ZR AC PE CY           
176C:023F 55            PUSH    BP                                              

AX=0000  BX=0000  CX=0001  DX=0000  SP=FFEC  BP=FFFF  SI=FFEE  DI=0000          
DS=176C  ES=176C  SS=176C  CS=176C  IP=0240   OV DN EI NG ZR AC PE CY           
176C:0240 55            PUSH    BP                                              

AX=0000  BX=0000  CX=0001  DX=0000  SP=FFEA  BP=FFFF  SI=FFEE  DI=0000          
DS=176C  ES=176C  SS=176C  CS=176C  IP=0241   OV DN EI NG ZR AC PE CY           
176C:0241 9D            POPF                                                    

AX=0000  BX=0000  CX=0001  DX=0000  SP=FFEC  BP=FFFF  SI=FFEE  DI=0000          
DS=176C  ES=176C  SS=176C  CS=176C  IP=0242   OV DN EI NG ZR AC PE CY           
176C:0242 89F4          MOV     SP,SI                                           

AX=0000  BX=0000  CX=0001  DX=0000  SP=FFEE  BP=FFFF  SI=FFEE  DI=0000          
DS=176C  ES=176C  SS=176C  CS=176C  IP=0244   OV DN EI NG ZR AC PE CY           
176C:0244 B80000        MOV     AX,0000                                         

AX=0000  BX=0000  CX=0001  DX=0000  SP=FFEE  BP=FFFF  SI=FFEE  DI=0000          
DS=176C  ES=176C  SS=176C  CS=176C  IP=0247   OV DN EI NG ZR AC PE CY           
176C:0247 55            PUSH    BP                                              

AX=0000  BX=0000  CX=0001  DX=0000  SP=FFEC  BP=FFFF  SI=FFEE  DI=0000          
DS=176C  ES=176C  SS=176C  CS=176C  IP=0248   OV DN EI NG ZR AC PE CY           
176C:0248 55            PUSH    BP                                              

AX=0000  BX=0000  CX=0001  DX=0000  SP=FFEA  BP=FFFF  SI=FFEE  DI=0000          
DS=176C  ES=176C  SS=176C  CS=176C  IP=0249   OV DN EI NG ZR AC PE CY           
176C:0249 9D            POPF                                                    

AX=0000  BX=0000  CX=0001  DX=0000  SP=FFEC  BP=FFFF  SI=FFEE  DI=0000          
DS=176C  ES=176C  SS=176C  CS=176C  IP=024A   OV DN EI NG ZR AC PE CY           
176C:024A 89F4          MOV     SP,SI                                           

AX=0000  BX=0000  CX=0001  DX=0000  SP=FFEE  BP=FFFF  SI=FFEE  DI=0000          
DS=176C  ES=176C  SS=176C  CS=176C  IP=024C   OV DN EI NG ZR AC PE CY           
176C:024C B80100        MOV     AX,0001                                         

AX=0001  BX=0000  CX=0001  DX=0000  SP=FFEE  BP=FFFF  SI=FFEE  DI=0000          
DS=176C  ES=176C  SS=176C  CS=176C  IP=024F   OV DN EI NG ZR AC PE CY           
176C:024F B100          MOV     CL,00                                           

AX=0001  BX=0000  CX=0000  DX=0000  SP=FFEE  BP=FFFF  SI=FFEE  DI=0000          
DS=176C  ES=176C  SS=176C  CS=176C  IP=0251   OV DN EI NG ZR AC PE CY           
176C:0251 D3F8          SAR     AX,CL                                           

AX=0001  BX=0000  CX=0000  DX=0000  SP=FFEE  BP=FFFF  SI=FFEE  DI=0000          
DS=176C  ES=176C  SS=176C  CS=176C  IP=0253   OV DN EI NG ZR AC PE CY           
176C:0253 55            PUSH    BP                                              

AX=0001  BX=0000  CX=0000  DX=0000  SP=FFEC  BP=FFFF  SI=FFEE  DI=0000          
DS=176C  ES=176C  SS=176C  CS=176C  IP=0254   OV DN EI NG ZR AC PE CY           
176C:0254 55            PUSH    BP                                              

AX=0001  BX=0000  CX=0000  DX=0000  SP=FFEA  BP=FFFF  SI=FFEE  DI=0000          
DS=176C  ES=176C  SS=176C  CS=176C  IP=0255   OV DN EI NG ZR AC PE CY           
176C:0255 9D            POPF                                                    

AX=0001  BX=0000  CX=0000  DX=0000  SP=FFEC  BP=FFFF  SI=FFEE  DI=0000          
DS=176C  ES=176C  SS=176C  CS=176C  IP=0256   OV DN EI NG ZR AC PE CY           
176C:0256 89F4          MOV     SP,SI                                           

AX=0001  BX=0000  CX=0000  DX=0000  SP=FFEE  BP=FFFF  SI=FFEE  DI=0000          
DS=176C  ES=176C  SS=176C  CS=176C  IP=0258   OV DN EI NG ZR AC PE CY           
176C:0258 B401          MOV     AH,01                                           

AX=0101  BX=0000  CX=0000  DX=0000  SP=FFEE  BP=FFFF  SI=FFEE  DI=0000          
DS=176C  ES=176C  SS=176C  CS=176C  IP=025A   OV DN EI NG ZR AC PE CY           
176C:025A B100          MOV     CL,00                                           

AX=0101  BX=0000  CX=0000  DX=0000  SP=FFEE  BP=FFFF  SI=FFEE  DI=0000          
DS=176C  ES=176C  SS=176C  CS=176C  IP=025C   OV DN EI NG ZR AC PE CY           
176C:025C D2F8          SAR     AL,CL                                           

AX=0101  BX=0000  CX=0000  DX=0000  SP=FFEE  BP=FFFF  SI=FFEE  DI=0000          
DS=176C  ES=176C  SS=176C  CS=176C  IP=025E   OV DN EI NG ZR AC PE CY           
176C:025E 55            PUSH    BP                                              

AX=0101  BX=0000  CX=0000  DX=0000  SP=FFEC  BP=FFFF  SI=FFEE  DI=0000          
DS=176C  ES=176C  SS=176C  CS=176C  IP=025F   OV DN EI NG ZR AC PE CY           
176C:025F 55            PUSH    BP                                              

AX=0101  BX=0000  CX=0000  DX=0000  SP=FFEA  BP=FFFF  SI=FFEE  DI=0000          
DS=176C  ES=176C  SS=176C  CS=176C  IP=0260   OV DN EI NG ZR AC PE CY           
176C:0260 9D            POPF                                                    

AX=0101  BX=0000  CX=0000  DX=0000  SP=FFEC  BP=FFFF  SI=FFEE  DI=0000          
DS=176C  ES=176C  SS=176C  CS=176C  IP=0261   OV DN EI NG ZR AC PE CY           
176C:0261 89F4          MOV     SP,SI                                           

AX=0101  BX=0000  CX=0000  DX=0000  SP=FFEE  BP=FFFF  SI=FFEE  DI=0000          
DS=176C  ES=176C  SS=176C  CS=176C  IP=0263   OV DN EI NG ZR AC PE CY           
176C:0263 B80100        MOV     AX,0001                                         

AX=0001  BX=0000  CX=0000  DX=0000  SP=FFEE  BP=FFFF  SI=FFEE  DI=0000          
DS=176C  ES=176C  SS=176C  CS=176C  IP=0266   OV DN EI NG ZR AC PE CY           
176C:0266 55            PUSH    BP                                              

AX=0001  BX=0000  CX=0000  DX=0000  SP=FFEC  BP=FFFF  SI=FFEE  DI=0000          
DS=176C  ES=176C  SS=176C  CS=176C  IP=0267   OV DN EI NG ZR AC PE CY           
176C:0267 55            PUSH    BP                                              

AX=0001  BX=0000  CX=0000  DX=0000  SP=FFEA  BP=FFFF  SI=FFEE  DI=0000          
DS=176C  ES=176C  SS=176C  CS=176C  IP=0268   OV DN EI NG ZR AC PE CY           
176C:0268 9D            POPF                                                    

AX=0001  BX=0000  CX=0000  DX=0000  SP=FFEC  BP=FFFF  SI=FFEE  DI=0000          
DS=176C  ES=176C  SS=176C  CS=176C  IP=0269   OV DN EI NG ZR AC PE CY           
176C:0269 89F4          MOV     SP,SI                                           

AX=0001  BX=0000  CX=0000  DX=0000  SP=FFEE  BP=FFFF  SI=FFEE  DI=0000          
DS=176C  ES=176C  SS=176C  CS=176C  IP=026B   OV DN EI NG ZR AC PE CY           
176C:026B B401          MOV     AH,01                                           

AX=0101  BX=0000  CX=0000  DX=0000  SP=FFEE  BP=FFFF  SI=FFEE  DI=0000          
DS=176C  ES=176C  SS=176C  CS=176C  IP=026D   OV DN EI NG ZR AC PE CY           
176C:026D 55            PUSH    BP                                              

AX=0101  BX=0000  CX=0000  DX=0000  SP=FFEC  BP=FFFF  SI=FFEE  DI=0000          
DS=176C  ES=176C  SS=176C  CS=176C  IP=026E   OV DN EI NG ZR AC PE CY           
176C:026E 55            PUSH    BP                                              

AX=0101  BX=0000  CX=0000  DX=0000  SP=FFEA  BP=FFFF  SI=FFEE  DI=0000          
DS=176C  ES=176C  SS=176C  CS=176C  IP=026F   OV DN EI NG ZR AC PE CY           
176C:026F 9D            POPF                                                    

AX=0101  BX=0000  CX=0000  DX=0000  SP=FFEC  BP=FFFF  SI=FFEE  DI=0000          
DS=176C  ES=176C  SS=176C  CS=176C  IP=0270   OV DN EI NG ZR AC PE CY           
176C:0270 89F4          MOV     SP,SI                                           

AX=0101  BX=0000  CX=0000  DX=0000  SP=FFEE  BP=FFFF  SI=FFEE  DI=0000          
DS=176C  ES=176C  SS=176C  CS=176C  IP=0272   OV DN EI NG ZR AC PE CY           
176C:0272 B80100        MOV     AX,0001                                         

AX=0001  BX=0000  CX=0000  DX=0000  SP=FFEE  BP=FFFF  SI=FFEE  DI=0000          
DS=176C  ES=176C  SS=176C  CS=176C  IP=0275   OV DN EI NG ZR AC PE CY           
176C:0275 55            PUSH    BP                                              

AX=0001  BX=0000  CX=0000  DX=0000  SP=FFEC  BP=FFFF  SI=FFEE  DI=0000          
DS=176C  ES=176C  SS=176C  CS=176C  IP=0276   OV DN EI NG ZR AC PE CY           
176C:0276 55            PUSH    BP                                              

AX=0001  BX=0000  CX=0000  DX=0000  SP=FFEA  BP=FFFF  SI=FFEE  DI=0000          
DS=176C  ES=176C  SS=176C  CS=176C  IP=0277   OV DN EI NG ZR AC PE CY           
176C:0277 9D            POPF                                                    

AX=0001  BX=0000  CX=0000  DX=0000  SP=FFEC  BP=FFFF  SI=FFEE  DI=0000          
DS=176C  ES=176C  SS=176C  CS=176C  IP=0278   OV DN EI NG ZR AC PE CY           
176C:0278 89F4          MOV     SP,SI                                           

AX=0001  BX=0000  CX=0000  DX=0000  SP=FFEE  BP=FFFF  SI=FFEE  DI=0000          
DS=176C  ES=176C  SS=176C  CS=176C  IP=027A   OV DN EI NG ZR AC PE CY           
176C:027A B80100        MOV     AX,0001                                         

AX=0001  BX=0000  CX=0000  DX=0000  SP=FFEE  BP=FFFF  SI=FFEE  DI=0000          
DS=176C  ES=176C  SS=176C  CS=176C  IP=027D   OV DN EI NG ZR AC PE CY           
176C:027D B101          MOV     CL,01                                           

AX=0001  BX=0000  CX=0001  DX=0000  SP=FFEE  BP=FFFF  SI=FFEE  DI=0000          
DS=176C  ES=176C  SS=176C  CS=176C  IP=027F   OV DN EI NG ZR AC PE CY           
176C:027F D3F8          SAR     AX,CL                                           

AX=0000  BX=0000  CX=0001  DX=0000  SP=FFEE  BP=FFFF  SI=FFEE  DI=0000          
DS=176C  ES=176C  SS=176C  CS=176C  IP=0281   NV DN EI PL ZR NA PE CY           
176C:0281 55            PUSH    BP                                              

AX=0000  BX=0000  CX=0001  DX=0000  SP=FFEC  BP=FFFF  SI=FFEE  DI=0000          
DS=176C  ES=176C  SS=176C  CS=176C  IP=0282   NV DN EI PL ZR NA PE CY           
176C:0282 55            PUSH    BP                                              

AX=0000  BX=0000  CX=0001  DX=0000  SP=FFEA  BP=FFFF  SI=FFEE  DI=0000          
DS=176C  ES=176C  SS=176C  CS=176C  IP=0283   NV DN EI PL ZR NA PE CY           
176C:0283 9D            POPF                                                    

AX=0000  BX=0000  CX=0001  DX=0000  SP=FFEC  BP=FFFF  SI=FFEE  DI=0000          
DS=176C  ES=176C  SS=176C  CS=176C  IP=0284   OV DN EI NG ZR AC PE CY           
176C:0284 89F4          MOV     SP,SI                                           

AX=0000  BX=0000  CX=0001  DX=0000  SP=FFEE  BP=FFFF  SI=FFEE  DI=0000          
DS=176C  ES=176C  SS=176C  CS=176C  IP=0286   OV DN EI NG ZR AC PE CY           
176C:0286 B401          MOV     AH,01                                           

AX=0100  BX=0000  CX=0001  DX=0000  SP=FFEE  BP=FFFF  SI=FFEE  DI=0000          
DS=176C  ES=176C  SS=176C  CS=176C  IP=0288   OV DN EI NG ZR AC PE CY           
176C:0288 B101          MOV     CL,01                                           

AX=0100  BX=0000  CX=0001  DX=0000  SP=FFEE  BP=FFFF  SI=FFEE  DI=0000          
DS=176C  ES=176C  SS=176C  CS=176C  IP=028A   OV DN EI NG ZR AC PE CY           
176C:028A D2F8          SAR     AL,CL                                           

AX=0100  BX=0000  CX=0001  DX=0000  SP=FFEE  BP=FFFF  SI=FFEE  DI=0000          
DS=176C  ES=176C  SS=176C  CS=176C  IP=028C   NV DN EI PL ZR NA PE NC           
176C:028C 55            PUSH    BP                                              

AX=0100  BX=0000  CX=0001  DX=0000  SP=FFEC  BP=FFFF  SI=FFEE  DI=0000          
DS=176C  ES=176C  SS=176C  CS=176C  IP=028D   NV DN EI PL ZR NA PE NC           
176C:028D 55            PUSH    BP                                              

AX=0100  BX=0000  CX=0001  DX=0000  SP=FFEA  BP=FFFF  SI=FFEE  DI=0000          
DS=176C  ES=176C  SS=176C  CS=176C  IP=028E   NV DN EI PL ZR NA PE NC           
176C:028E 9D            POPF                                                    

AX=0100  BX=0000  CX=0001  DX=0000  SP=FFEC  BP=FFFF  SI=FFEE  DI=0000          
DS=176C  ES=176C  SS=176C  CS=176C  IP=028F   OV DN EI NG ZR AC PE CY           
176C:028F 89F4          MOV     SP,SI                                           

AX=0100  BX=0000  CX=0001  DX=0000  SP=FFEE  BP=FFFF  SI=FFEE  DI=0000          
DS=176C  ES=176C  SS=176C  CS=176C  IP=0291   OV DN EI NG ZR AC PE CY           
176C:0291 B80100        MOV     AX,0001                                         

AX=0001  BX=0000  CX=0001  DX=0000  SP=FFEE  BP=FFFF  SI=FFEE  DI=0000          
DS=176C  ES=176C  SS=176C  CS=176C  IP=0294   OV DN EI NG ZR AC PE CY           
176C:0294 55            PUSH    BP                                              

AX=0001  BX=0000  CX=0001  DX=0000  SP=FFEC  BP=FFFF  SI=FFEE  DI=0000          
DS=176C  ES=176C  SS=176C  CS=176C  IP=0295   OV DN EI NG ZR AC PE CY           
176C:0295 55            PUSH    BP                                              

AX=0001  BX=0000  CX=0001  DX=0000  SP=FFEA  BP=FFFF  SI=FFEE  DI=0000          
DS=176C  ES=176C  SS=176C  CS=176C  IP=0296   OV DN EI NG ZR AC PE CY           
176C:0296 9D            POPF                                                    

AX=0001  BX=0000  CX=0001  DX=0000  SP=FFEC  BP=FFFF  SI=FFEE  DI=0000          
DS=176C  ES=176C  SS=176C  CS=176C  IP=0297   OV DN EI NG ZR AC PE CY           
176C:0297 89F4          MOV     SP,SI                                           

AX=0001  BX=0000  CX=0001  DX=0000  SP=FFEE  BP=FFFF  SI=FFEE  DI=0000          
DS=176C  ES=176C  SS=176C  CS=176C  IP=0299   OV DN EI NG ZR AC PE CY           
176C:0299 B401          MOV     AH,01                                           

AX=0101  BX=0000  CX=0001  DX=0000  SP=FFEE  BP=FFFF  SI=FFEE  DI=0000          
DS=176C  ES=176C  SS=176C  CS=176C  IP=029B   OV DN EI NG ZR AC PE CY           
176C:029B 55            PUSH    BP                                              

AX=0101  BX=0000  CX=0001  DX=0000  SP=FFEC  BP=FFFF  SI=FFEE  DI=0000          
DS=176C  ES=176C  SS=176C  CS=176C  IP=029C   OV DN EI NG ZR AC PE CY           
176C:029C 55            PUSH    BP                                              

AX=0101  BX=0000  CX=0001  DX=0000  SP=FFEA  BP=FFFF  SI=FFEE  DI=0000          
DS=176C  ES=176C  SS=176C  CS=176C  IP=029D   OV DN EI NG ZR AC PE CY           
176C:029D 9D            POPF                                                    

AX=0101  BX=0000  CX=0001  DX=0000  SP=FFEC  BP=FFFF  SI=FFEE  DI=0000          
DS=176C  ES=176C  SS=176C  CS=176C  IP=029E   OV DN EI NG ZR AC PE CY           
176C:029E 89F4          MOV     SP,SI                                           

AX=0101  BX=0000  CX=0001  DX=0000  SP=FFEE  BP=FFFF  SI=FFEE  DI=0000          
DS=176C  ES=176C  SS=176C  CS=176C  IP=02A0   OV DN EI NG ZR AC PE CY           
176C:02A0 B80100        MOV     AX,0001                                         

AX=0001  BX=0000  CX=0001  DX=0000  SP=FFEE  BP=FFFF  SI=FFEE  DI=0000          
DS=176C  ES=176C  SS=176C  CS=176C  IP=02A3   OV DN EI NG ZR AC PE CY           
176C:02A3 55            PUSH    BP                                              

AX=0001  BX=0000  CX=0001  DX=0000  SP=FFEC  BP=FFFF  SI=FFEE  DI=0000          
DS=176C  ES=176C  SS=176C  CS=176C  IP=02A4   OV DN EI NG ZR AC PE CY           
176C:02A4 55            PUSH    BP                                              

AX=0001  BX=0000  CX=0001  DX=0000  SP=FFEA  BP=FFFF  SI=FFEE  DI=0000          
DS=176C  ES=176C  SS=176C  CS=176C  IP=02A5   OV DN EI NG ZR AC PE CY           
176C:02A5 9D            POPF                                                    

AX=0001  BX=0000  CX=0001  DX=0000  SP=FFEC  BP=FFFF  SI=FFEE  DI=0000          
DS=176C  ES=176C  SS=176C  CS=176C  IP=02A6   OV DN EI NG ZR AC PE CY           
176C:02A6 89F4          MOV     SP,SI                                           

AX=0001  BX=0000  CX=0001  DX=0000  SP=FFEE  BP=FFFF  SI=FFEE  DI=0000          
DS=176C  ES=176C  SS=176C  CS=176C  IP=02A8   OV DN EI NG ZR AC PE CY           
176C:02A8 B8FFFF        MOV     AX,FFFF                                         

AX=FFFF  BX=0000  CX=0001  DX=0000  SP=FFEE  BP=FFFF  SI=FFEE  DI=0000          
DS=176C  ES=176C  SS=176C  CS=176C  IP=02AB   OV DN EI NG ZR AC PE CY           
176C:02AB B100          MOV     CL,00                                           

AX=FFFF  BX=0000  CX=0000  DX=0000  SP=FFEE  BP=FFFF  SI=FFEE  DI=0000          
DS=176C  ES=176C  SS=176C  CS=176C  IP=02AD   OV DN EI NG ZR AC PE CY           
176C:02AD D3F8          SAR     AX,CL                                           

AX=FFFF  BX=0000  CX=0000  DX=0000  SP=FFEE  BP=FFFF  SI=FFEE  DI=0000          
DS=176C  ES=176C  SS=176C  CS=176C  IP=02AF   OV DN EI NG ZR AC PE CY           
176C:02AF 55            PUSH    BP                                              

AX=FFFF  BX=0000  CX=0000  DX=0000  SP=FFEC  BP=FFFF  SI=FFEE  DI=0000          
DS=176C  ES=176C  SS=176C  CS=176C  IP=02B0   OV DN EI NG ZR AC PE CY           
176C:02B0 55            PUSH    BP                                              

AX=FFFF  BX=0000  CX=0000  DX=0000  SP=FFEA  BP=FFFF  SI=FFEE  DI=0000          
DS=176C  ES=176C  SS=176C  CS=176C  IP=02B1   OV DN EI NG ZR AC PE CY           
176C:02B1 9D            POPF                                                    

AX=FFFF  BX=0000  CX=0000  DX=0000  SP=FFEC  BP=FFFF  SI=FFEE  DI=0000          
DS=176C  ES=176C  SS=176C  CS=176C  IP=02B2   OV DN EI NG ZR AC PE CY           
176C:02B2 89F4          MOV     SP,SI                                           

AX=FFFF  BX=0000  CX=0000  DX=0000  SP=FFEE  BP=FFFF  SI=FFEE  DI=0000          
DS=176C  ES=176C  SS=176C  CS=176C  IP=02B4   OV DN EI NG ZR AC PE CY           
176C:02B4 B4FF          MOV     AH,FF                                           

AX=FFFF  BX=0000  CX=0000  DX=0000  SP=FFEE  BP=FFFF  SI=FFEE  DI=0000          
DS=176C  ES=176C  SS=176C  CS=176C  IP=02B6   OV DN EI NG ZR AC PE CY           
176C:02B6 B100          MOV     CL,00                                           

AX=FFFF  BX=0000  CX=0000  DX=0000  SP=FFEE  BP=FFFF  SI=FFEE  DI=0000          
DS=176C  ES=176C  SS=176C  CS=176C  IP=02B8   OV DN EI NG ZR AC PE CY           
176C:02B8 D2F8          SAR     AL,CL                                           

AX=FFFF  BX=0000  CX=0000  DX=0000  SP=FFEE  BP=FFFF  SI=FFEE  DI=0000          
DS=176C  ES=176C  SS=176C  CS=176C  IP=02BA   OV DN EI NG ZR AC PE CY           
176C:02BA 55            PUSH    BP                                              

AX=FFFF  BX=0000  CX=0000  DX=0000  SP=FFEC  BP=FFFF  SI=FFEE  DI=0000          
DS=176C  ES=176C  SS=176C  CS=176C  IP=02BB   OV DN EI NG ZR AC PE CY           
176C:02BB 55            PUSH    BP                                              

AX=FFFF  BX=0000  CX=0000  DX=0000  SP=FFEA  BP=FFFF  SI=FFEE  DI=0000          
DS=176C  ES=176C  SS=176C  CS=176C  IP=02BC   OV DN EI NG ZR AC PE CY           
176C:02BC 9D            POPF                                                    

AX=FFFF  BX=0000  CX=0000  DX=0000  SP=FFEC  BP=FFFF  SI=FFEE  DI=0000          
DS=176C  ES=176C  SS=176C  CS=176C  IP=02BD   OV DN EI NG ZR AC PE CY           
176C:02BD 89F4          MOV     SP,SI                                           

AX=FFFF  BX=0000  CX=0000  DX=0000  SP=FFEE  BP=FFFF  SI=FFEE  DI=0000          
DS=176C  ES=176C  SS=176C  CS=176C  IP=02BF   OV DN EI NG ZR AC PE CY           
176C:02BF B8FFFF        MOV     AX,FFFF                                         

AX=FFFF  BX=0000  CX=0000  DX=0000  SP=FFEE  BP=FFFF  SI=FFEE  DI=0000          
DS=176C  ES=176C  SS=176C  CS=176C  IP=02C2   OV DN EI NG ZR AC PE CY           
176C:02C2 55            PUSH    BP                                              

AX=FFFF  BX=0000  CX=0000  DX=0000  SP=FFEC  BP=FFFF  SI=FFEE  DI=0000          
DS=176C  ES=176C  SS=176C  CS=176C  IP=02C3   OV DN EI NG ZR AC PE CY           
176C:02C3 55            PUSH    BP                                              

AX=FFFF  BX=0000  CX=0000  DX=0000  SP=FFEA  BP=FFFF  SI=FFEE  DI=0000          
DS=176C  ES=176C  SS=176C  CS=176C  IP=02C4   OV DN EI NG ZR AC PE CY           
176C:02C4 9D            POPF                                                    

AX=FFFF  BX=0000  CX=0000  DX=0000  SP=FFEC  BP=FFFF  SI=FFEE  DI=0000          
DS=176C  ES=176C  SS=176C  CS=176C  IP=02C5   OV DN EI NG ZR AC PE CY           
176C:02C5 89F4          MOV     SP,SI                                           

AX=FFFF  BX=0000  CX=0000  DX=0000  SP=FFEE  BP=FFFF  SI=FFEE  DI=0000          
DS=176C  ES=176C  SS=176C  CS=176C  IP=02C7   OV DN EI NG ZR AC PE CY           
176C:02C7 B4FF          MOV     AH,FF                                           

AX=FFFF  BX=0000  CX=0000  DX=0000  SP=FFEE  BP=FFFF  SI=FFEE  DI=0000          
DS=176C  ES=176C  SS=176C  CS=176C  IP=02C9   OV DN EI NG ZR AC PE CY           
176C:02C9 55            PUSH    BP                                              

AX=FFFF  BX=0000  CX=0000  DX=0000  SP=FFEC  BP=FFFF  SI=FFEE  DI=0000          
DS=176C  ES=176C  SS=176C  CS=176C  IP=02CA   OV DN EI NG ZR AC PE CY           
176C:02CA 55            PUSH    BP                                              

AX=FFFF  BX=0000  CX=0000  DX=0000  SP=FFEA  BP=FFFF  SI=FFEE  DI=0000          
DS=176C  ES=176C  SS=176C  CS=176C  IP=02CB   OV DN EI NG ZR AC PE CY           
176C:02CB 9D            POPF                                                    

AX=FFFF  BX=0000  CX=0000  DX=0000  SP=FFEC  BP=FFFF  SI=FFEE  DI=0000          
DS=176C  ES=176C  SS=176C  CS=176C  IP=02CC   OV DN EI NG ZR AC PE CY           
176C:02CC 89F4          MOV     SP,SI                                           

AX=FFFF  BX=0000  CX=0000  DX=0000  SP=FFEE  BP=FFFF  SI=FFEE  DI=0000          
DS=176C  ES=176C  SS=176C  CS=176C  IP=02CE   OV DN EI NG ZR AC PE CY           
176C:02CE B8FFFF        MOV     AX,FFFF                                         

AX=FFFF  BX=0000  CX=0000  DX=0000  SP=FFEE  BP=FFFF  SI=FFEE  DI=0000          
DS=176C  ES=176C  SS=176C  CS=176C  IP=02D1   OV DN EI NG ZR AC PE CY           
176C:02D1 55            PUSH    BP                                              

AX=FFFF  BX=0000  CX=0000  DX=0000  SP=FFEC  BP=FFFF  SI=FFEE  DI=0000          
DS=176C  ES=176C  SS=176C  CS=176C  IP=02D2   OV DN EI NG ZR AC PE CY           
176C:02D2 55            PUSH    BP                                              

AX=FFFF  BX=0000  CX=0000  DX=0000  SP=FFEA  BP=FFFF  SI=FFEE  DI=0000          
DS=176C  ES=176C  SS=176C  CS=176C  IP=02D3   OV DN EI NG ZR AC PE CY           
176C:02D3 9D            POPF                                                    

AX=FFFF  BX=0000  CX=0000  DX=0000  SP=FFEC  BP=FFFF  SI=FFEE  DI=0000          
DS=176C  ES=176C  SS=176C  CS=176C  IP=02D4   OV DN EI NG ZR AC PE CY           
176C:02D4 89F4          MOV     SP,SI                                           

AX=FFFF  BX=0000  CX=0000  DX=0000  SP=FFEE  BP=FFFF  SI=FFEE  DI=0000          
DS=176C  ES=176C  SS=176C  CS=176C  IP=02D6   OV DN EI NG ZR AC PE CY           
176C:02D6 B8FFFF        MOV     AX,FFFF                                         

AX=FFFF  BX=0000  CX=0000  DX=0000  SP=FFEE  BP=FFFF  SI=FFEE  DI=0000          
DS=176C  ES=176C  SS=176C  CS=176C  IP=02D9   OV DN EI NG ZR AC PE CY           
176C:02D9 B101          MOV     CL,01                                           

AX=FFFF  BX=0000  CX=0001  DX=0000  SP=FFEE  BP=FFFF  SI=FFEE  DI=0000          
DS=176C  ES=176C  SS=176C  CS=176C  IP=02DB   OV DN EI NG ZR AC PE CY           
176C:02DB D3F8          SAR     AX,CL                                           

AX=FFFF  BX=0000  CX=0001  DX=0000  SP=FFEE  BP=FFFF  SI=FFEE  DI=0000          
DS=176C  ES=176C  SS=176C  CS=176C  IP=02DD   NV DN EI NG NZ NA PE CY           
176C:02DD 55            PUSH    BP                                              

AX=FFFF  BX=0000  CX=0001  DX=0000  SP=FFEC  BP=FFFF  SI=FFEE  DI=0000          
DS=176C  ES=176C  SS=176C  CS=176C  IP=02DE   NV DN EI NG NZ NA PE CY           
176C:02DE 55            PUSH    BP                                              

AX=FFFF  BX=0000  CX=0001  DX=0000  SP=FFEA  BP=FFFF  SI=FFEE  DI=0000          
DS=176C  ES=176C  SS=176C  CS=176C  IP=02DF   NV DN EI NG NZ NA PE CY           
176C:02DF 9D            POPF                                                    

AX=FFFF  BX=0000  CX=0001  DX=0000  SP=FFEC  BP=FFFF  SI=FFEE  DI=0000          
DS=176C  ES=176C  SS=176C  CS=176C  IP=02E0   OV DN EI NG ZR AC PE CY           
176C:02E0 89F4          MOV     SP,SI                                           

AX=FFFF  BX=0000  CX=0001  DX=0000  SP=FFEE  BP=FFFF  SI=FFEE  DI=0000          
DS=176C  ES=176C  SS=176C  CS=176C  IP=02E2   OV DN EI NG ZR AC PE CY           
176C:02E2 B4FF          MOV     AH,FF                                           

AX=FFFF  BX=0000  CX=0001  DX=0000  SP=FFEE  BP=FFFF  SI=FFEE  DI=0000          
DS=176C  ES=176C  SS=176C  CS=176C  IP=02E4   OV DN EI NG ZR AC PE CY           
176C:02E4 B101          MOV     CL,01                                           

AX=FFFF  BX=0000  CX=0001  DX=0000  SP=FFEE  BP=FFFF  SI=FFEE  DI=0000          
DS=176C  ES=176C  SS=176C  CS=176C  IP=02E6   OV DN EI NG ZR AC PE CY           
176C:02E6 D2F8          SAR     AL,CL                                           

AX=FFFF  BX=0000  CX=0001  DX=0000  SP=FFEE  BP=FFFF  SI=FFEE  DI=0000          
DS=176C  ES=176C  SS=176C  CS=176C  IP=02E8   NV DN EI NG NZ NA PE CY           
176C:02E8 55            PUSH    BP                                              

AX=FFFF  BX=0000  CX=0001  DX=0000  SP=FFEC  BP=FFFF  SI=FFEE  DI=0000          
DS=176C  ES=176C  SS=176C  CS=176C  IP=02E9   NV DN EI NG NZ NA PE CY           
176C:02E9 55            PUSH    BP                                              

AX=FFFF  BX=0000  CX=0001  DX=0000  SP=FFEA  BP=FFFF  SI=FFEE  DI=0000          
DS=176C  ES=176C  SS=176C  CS=176C  IP=02EA   NV DN EI NG NZ NA PE CY           
176C:02EA 9D            POPF                                                    

AX=FFFF  BX=0000  CX=0001  DX=0000  SP=FFEC  BP=FFFF  SI=FFEE  DI=0000          
DS=176C  ES=176C  SS=176C  CS=176C  IP=02EB   OV DN EI NG ZR AC PE CY           
176C:02EB 89F4          MOV     SP,SI                                           

AX=FFFF  BX=0000  CX=0001  DX=0000  SP=FFEE  BP=FFFF  SI=FFEE  DI=0000          
DS=176C  ES=176C  SS=176C  CS=176C  IP=02ED   OV DN EI NG ZR AC PE CY           
176C:02ED B8FFFF        MOV     AX,FFFF                                         

AX=FFFF  BX=0000  CX=0001  DX=0000  SP=FFEE  BP=FFFF  SI=FFEE  DI=0000          
DS=176C  ES=176C  SS=176C  CS=176C  IP=02F0   OV DN EI NG ZR AC PE CY           
176C:02F0 55            PUSH    BP                                              

AX=FFFF  BX=0000  CX=0001  DX=0000  SP=FFEC  BP=FFFF  SI=FFEE  DI=0000          
DS=176C  ES=176C  SS=176C  CS=176C  IP=02F1   OV DN EI NG ZR AC PE CY           
176C:02F1 55            PUSH    BP                                              

AX=FFFF  BX=0000  CX=0001  DX=0000  SP=FFEA  BP=FFFF  SI=FFEE  DI=0000          
DS=176C  ES=176C  SS=176C  CS=176C  IP=02F2   OV DN EI NG ZR AC PE CY           
176C:02F2 9D            POPF                                                    

AX=FFFF  BX=0000  CX=0001  DX=0000  SP=FFEC  BP=FFFF  SI=FFEE  DI=0000          
DS=176C  ES=176C  SS=176C  CS=176C  IP=02F3   OV DN EI NG ZR AC PE CY           
176C:02F3 89F4          MOV     SP,SI                                           

AX=FFFF  BX=0000  CX=0001  DX=0000  SP=FFEE  BP=FFFF  SI=FFEE  DI=0000          
DS=176C  ES=176C  SS=176C  CS=176C  IP=02F5   OV DN EI NG ZR AC PE CY           
176C:02F5 B4FF          MOV     AH,FF                                           

AX=FFFF  BX=0000  CX=0001  DX=0000  SP=FFEE  BP=FFFF  SI=FFEE  DI=0000          
DS=176C  ES=176C  SS=176C  CS=176C  IP=02F7   OV DN EI NG ZR AC PE CY           
176C:02F7 55            PUSH    BP                                              

AX=FFFF  BX=0000  CX=0001  DX=0000  SP=FFEC  BP=FFFF  SI=FFEE  DI=0000          
DS=176C  ES=176C  SS=176C  CS=176C  IP=02F8   OV DN EI NG ZR AC PE CY           
176C:02F8 55            PUSH    BP                                              

AX=FFFF  BX=0000  CX=0001  DX=0000  SP=FFEA  BP=FFFF  SI=FFEE  DI=0000          
DS=176C  ES=176C  SS=176C  CS=176C  IP=02F9   OV DN EI NG ZR AC PE CY           
176C:02F9 9D            POPF                                                    

AX=FFFF  BX=0000  CX=0001  DX=0000  SP=FFEC  BP=FFFF  SI=FFEE  DI=0000          
DS=176C  ES=176C  SS=176C  CS=176C  IP=02FA   OV DN EI NG ZR AC PE CY           
176C:02FA 89F4          MOV     SP,SI                                           

AX=FFFF  BX=0000  CX=0001  DX=0000  SP=FFEE  BP=FFFF  SI=FFEE  DI=0000          
DS=176C  ES=176C  SS=176C  CS=176C  IP=02FC   OV DN EI NG ZR AC PE CY           
176C:02FC B8FFFF        MOV     AX,FFFF                                         

AX=FFFF  BX=0000  CX=0001  DX=0000  SP=FFEE  BP=FFFF  SI=FFEE  DI=0000          
DS=176C  ES=176C  SS=176C  CS=176C  IP=02FF   OV DN EI NG ZR AC PE CY           
176C:02FF 55            PUSH    BP                                              

AX=FFFF  BX=0000  CX=0001  DX=0000  SP=FFEC  BP=FFFF  SI=FFEE  DI=0000          
DS=176C  ES=176C  SS=176C  CS=176C  IP=0300   OV DN EI NG ZR AC PE CY           
176C:0300 55            PUSH    BP                                              

AX=FFFF  BX=0000  CX=0001  DX=0000  SP=FFEA  BP=FFFF  SI=FFEE  DI=0000          
DS=176C  ES=176C  SS=176C  CS=176C  IP=0301   OV DN EI NG ZR AC PE CY           
176C:0301 9D            POPF                                                    

AX=FFFF  BX=0000  CX=0001  DX=0000  SP=FFEC  BP=FFFF  SI=FFEE  DI=0000          
DS=176C  ES=176C  SS=176C  CS=176C  IP=0302   OV DN EI NG ZR AC PE CY           
176C:0302 89F4          MOV     SP,SI                                           

AX=FFFF  BX=0000  CX=0001  DX=0000  SP=FFEE  BP=FFFF  SI=FFEE  DI=0000          
DS=176C  ES=176C  SS=176C  CS=176C  IP=0304   OV DN EI NG ZR AC PE CY           
176C:0304 B80080        MOV     AX,8000                                         

AX=8000  BX=0000  CX=0001  DX=0000  SP=FFEE  BP=FFFF  SI=FFEE  DI=0000          
DS=176C  ES=176C  SS=176C  CS=176C  IP=0307   OV DN EI NG ZR AC PE CY           
176C:0307 B100          MOV     CL,00                                           

AX=8000  BX=0000  CX=0000  DX=0000  SP=FFEE  BP=FFFF  SI=FFEE  DI=0000          
DS=176C  ES=176C  SS=176C  CS=176C  IP=0309   OV DN EI NG ZR AC PE CY           
176C:0309 D3F8          SAR     AX,CL                                           

AX=8000  BX=0000  CX=0000  DX=0000  SP=FFEE  BP=FFFF  SI=FFEE  DI=0000          
DS=176C  ES=176C  SS=176C  CS=176C  IP=030B   OV DN EI NG ZR AC PE CY           
176C:030B 55            PUSH    BP                                              

AX=8000  BX=0000  CX=0000  DX=0000  SP=FFEC  BP=FFFF  SI=FFEE  DI=0000          
DS=176C  ES=176C  SS=176C  CS=176C  IP=030C   OV DN EI NG ZR AC PE CY           
176C:030C 55            PUSH    BP                                              

AX=8000  BX=0000  CX=0000  DX=0000  SP=FFEA  BP=FFFF  SI=FFEE  DI=0000          
DS=176C  ES=176C  SS=176C  CS=176C  IP=030D   OV DN EI NG ZR AC PE CY           
176C:030D 9D            POPF                                                    

AX=8000  BX=0000  CX=0000  DX=0000  SP=FFEC  BP=FFFF  SI=FFEE  DI=0000          
DS=176C  ES=176C  SS=176C  CS=176C  IP=030E   OV DN EI NG ZR AC PE CY           
176C:030E 89F4          MOV     SP,SI                                           

AX=8000  BX=0000  CX=0000  DX=0000  SP=FFEE  BP=FFFF  SI=FFEE  DI=0000          
DS=176C  ES=176C  SS=176C  CS=176C  IP=0310   OV DN EI NG ZR AC PE CY           
176C:0310 B400          MOV     AH,00                                           

AX=0000  BX=0000  CX=0000  DX=0000  SP=FFEE  BP=FFFF  SI=FFEE  DI=0000          
DS=176C  ES=176C  SS=176C  CS=176C  IP=0312   OV DN EI NG ZR AC PE CY           
176C:0312 B100          MOV     CL,00                                           

AX=0000  BX=0000  CX=0000  DX=0000  SP=FFEE  BP=FFFF  SI=FFEE  DI=0000          
DS=176C  ES=176C  SS=176C  CS=176C  IP=0314   OV DN EI NG ZR AC PE CY           
176C:0314 D2F8          SAR     AL,CL                                           

AX=0000  BX=0000  CX=0000  DX=0000  SP=FFEE  BP=FFFF  SI=FFEE  DI=0000          
DS=176C  ES=176C  SS=176C  CS=176C  IP=0316   OV DN EI NG ZR AC PE CY           
176C:0316 55            PUSH    BP                                              

AX=0000  BX=0000  CX=0000  DX=0000  SP=FFEC  BP=FFFF  SI=FFEE  DI=0000          
DS=176C  ES=176C  SS=176C  CS=176C  IP=0317   OV DN EI NG ZR AC PE CY           
176C:0317 55            PUSH    BP                                              

AX=0000  BX=0000  CX=0000  DX=0000  SP=FFEA  BP=FFFF  SI=FFEE  DI=0000          
DS=176C  ES=176C  SS=176C  CS=176C  IP=0318   OV DN EI NG ZR AC PE CY           
176C:0318 9D            POPF                                                    

AX=0000  BX=0000  CX=0000  DX=0000  SP=FFEC  BP=FFFF  SI=FFEE  DI=0000          
DS=176C  ES=176C  SS=176C  CS=176C  IP=0319   OV DN EI NG ZR AC PE CY           
176C:0319 89F4          MOV     SP,SI                                           

AX=0000  BX=0000  CX=0000  DX=0000  SP=FFEE  BP=FFFF  SI=FFEE  DI=0000          
DS=176C  ES=176C  SS=176C  CS=176C  IP=031B   OV DN EI NG ZR AC PE CY           
176C:031B B80080        MOV     AX,8000                                         

AX=8000  BX=0000  CX=0000  DX=0000  SP=FFEE  BP=FFFF  SI=FFEE  DI=0000          
DS=176C  ES=176C  SS=176C  CS=176C  IP=031E   OV DN EI NG ZR AC PE CY           
176C:031E 55            PUSH    BP                                              

AX=8000  BX=0000  CX=0000  DX=0000  SP=FFEC  BP=FFFF  SI=FFEE  DI=0000          
DS=176C  ES=176C  SS=176C  CS=176C  IP=031F   OV DN EI NG ZR AC PE CY           
176C:031F 55            PUSH    BP                                              

AX=8000  BX=0000  CX=0000  DX=0000  SP=FFEA  BP=FFFF  SI=FFEE  DI=0000          
DS=176C  ES=176C  SS=176C  CS=176C  IP=0320   OV DN EI NG ZR AC PE CY           
176C:0320 9D            POPF                                                    

AX=8000  BX=0000  CX=0000  DX=0000  SP=FFEC  BP=FFFF  SI=FFEE  DI=0000          
DS=176C  ES=176C  SS=176C  CS=176C  IP=0321   OV DN EI NG ZR AC PE CY           
176C:0321 89F4          MOV     SP,SI                                           

AX=8000  BX=0000  CX=0000  DX=0000  SP=FFEE  BP=FFFF  SI=FFEE  DI=0000          
DS=176C  ES=176C  SS=176C  CS=176C  IP=0323   OV DN EI NG ZR AC PE CY           
176C:0323 B400          MOV     AH,00                                           

AX=0000  BX=0000  CX=0000  DX=0000  SP=FFEE  BP=FFFF  SI=FFEE  DI=0000          
DS=176C  ES=176C  SS=176C  CS=176C  IP=0325   OV DN EI NG ZR AC PE CY           
176C:0325 55            PUSH    BP                                              

AX=0000  BX=0000  CX=0000  DX=0000  SP=FFEC  BP=FFFF  SI=FFEE  DI=0000          
DS=176C  ES=176C  SS=176C  CS=176C  IP=0326   OV DN EI NG ZR AC PE CY           
176C:0326 55            PUSH    BP                                              

AX=0000  BX=0000  CX=0000  DX=0000  SP=FFEA  BP=FFFF  SI=FFEE  DI=0000          
DS=176C  ES=176C  SS=176C  CS=176C  IP=0327   OV DN EI NG ZR AC PE CY           
176C:0327 9D            POPF                                                    

AX=0000  BX=0000  CX=0000  DX=0000  SP=FFEC  BP=FFFF  SI=FFEE  DI=0000          
DS=176C  ES=176C  SS=176C  CS=176C  IP=0328   OV DN EI NG ZR AC PE CY           
176C:0328 89F4          MOV     SP,SI                                           

AX=0000  BX=0000  CX=0000  DX=0000  SP=FFEE  BP=FFFF  SI=FFEE  DI=0000          
DS=176C  ES=176C  SS=176C  CS=176C  IP=032A   OV DN EI NG ZR AC PE CY           
176C:032A B80080        MOV     AX,8000                                         

AX=8000  BX=0000  CX=0000  DX=0000  SP=FFEE  BP=FFFF  SI=FFEE  DI=0000          
DS=176C  ES=176C  SS=176C  CS=176C  IP=032D   OV DN EI NG ZR AC PE CY           
176C:032D 55            PUSH    BP                                              

AX=8000  BX=0000  CX=0000  DX=0000  SP=FFEC  BP=FFFF  SI=FFEE  DI=0000          
DS=176C  ES=176C  SS=176C  CS=176C  IP=032E   OV DN EI NG ZR AC PE CY           
176C:032E 55            PUSH    BP                                              

AX=8000  BX=0000  CX=0000  DX=0000  SP=FFEA  BP=FFFF  SI=FFEE  DI=0000          
DS=176C  ES=176C  SS=176C  CS=176C  IP=032F   OV DN EI NG ZR AC PE CY           
176C:032F 9D            POPF                                                    

AX=8000  BX=0000  CX=0000  DX=0000  SP=FFEC  BP=FFFF  SI=FFEE  DI=0000          
DS=176C  ES=176C  SS=176C  CS=176C  IP=0330   OV DN EI NG ZR AC PE CY           
176C:0330 89F4          MOV     SP,SI                                           

AX=8000  BX=0000  CX=0000  DX=0000  SP=FFEE  BP=FFFF  SI=FFEE  DI=0000          
DS=176C  ES=176C  SS=176C  CS=176C  IP=0332   OV DN EI NG ZR AC PE CY           
176C:0332 B80080        MOV     AX,8000                                         

AX=8000  BX=0000  CX=0000  DX=0000  SP=FFEE  BP=FFFF  SI=FFEE  DI=0000          
DS=176C  ES=176C  SS=176C  CS=176C  IP=0335   OV DN EI NG ZR AC PE CY           
176C:0335 B101          MOV     CL,01                                           

AX=8000  BX=0000  CX=0001  DX=0000  SP=FFEE  BP=FFFF  SI=FFEE  DI=0000          
DS=176C  ES=176C  SS=176C  CS=176C  IP=0337   OV DN EI NG ZR AC PE CY           
176C:0337 D3F8          SAR     AX,CL                                           

AX=C000  BX=0000  CX=0001  DX=0000  SP=FFEE  BP=FFFF  SI=FFEE  DI=0000          
DS=176C  ES=176C  SS=176C  CS=176C  IP=0339   NV DN EI NG NZ NA PE NC           
176C:0339 55            PUSH    BP                                              

AX=C000  BX=0000  CX=0001  DX=0000  SP=FFEC  BP=FFFF  SI=FFEE  DI=0000          
DS=176C  ES=176C  SS=176C  CS=176C  IP=033A   NV DN EI NG NZ NA PE NC           
176C:033A 55            PUSH    BP                                              

AX=C000  BX=0000  CX=0001  DX=0000  SP=FFEA  BP=FFFF  SI=FFEE  DI=0000          
DS=176C  ES=176C  SS=176C  CS=176C  IP=033B   NV DN EI NG NZ NA PE NC           
176C:033B 9D            POPF                                                    

AX=C000  BX=0000  CX=0001  DX=0000  SP=FFEC  BP=FFFF  SI=FFEE  DI=0000          
DS=176C  ES=176C  SS=176C  CS=176C  IP=033C   OV DN EI NG ZR AC PE CY           
176C:033C 89F4          MOV     SP,SI                                           

AX=C000  BX=0000  CX=0001  DX=0000  SP=FFEE  BP=FFFF  SI=FFEE  DI=0000          
DS=176C  ES=176C  SS=176C  CS=176C  IP=033E   OV DN EI NG ZR AC PE CY           
176C:033E B400          MOV     AH,00                                           

AX=0000  BX=0000  CX=0001  DX=0000  SP=FFEE  BP=FFFF  SI=FFEE  DI=0000          
DS=176C  ES=176C  SS=176C  CS=176C  IP=0340   OV DN EI NG ZR AC PE CY           
176C:0340 B101          MOV     CL,01                                           

AX=0000  BX=0000  CX=0001  DX=0000  SP=FFEE  BP=FFFF  SI=FFEE  DI=0000          
DS=176C  ES=176C  SS=176C  CS=176C  IP=0342   OV DN EI NG ZR AC PE CY           
176C:0342 D2F8          SAR     AL,CL                                           

AX=0000  BX=0000  CX=0001  DX=0000  SP=FFEE  BP=FFFF  SI=FFEE  DI=0000          
DS=176C  ES=176C  SS=176C  CS=176C  IP=0344   NV DN EI PL ZR NA PE NC           
176C:0344 55            PUSH    BP                                              

AX=0000  BX=0000  CX=0001  DX=0000  SP=FFEC  BP=FFFF  SI=FFEE  DI=0000          
DS=176C  ES=176C  SS=176C  CS=176C  IP=0345   NV DN EI PL ZR NA PE NC           
176C:0345 55            PUSH    BP                                              

AX=0000  BX=0000  CX=0001  DX=0000  SP=FFEA  BP=FFFF  SI=FFEE  DI=0000          
DS=176C  ES=176C  SS=176C  CS=176C  IP=0346   NV DN EI PL ZR NA PE NC           
176C:0346 9D            POPF                                                    

AX=0000  BX=0000  CX=0001  DX=0000  SP=FFEC  BP=FFFF  SI=FFEE  DI=0000          
DS=176C  ES=176C  SS=176C  CS=176C  IP=0347   OV DN EI NG ZR AC PE CY           
176C:0347 89F4          MOV     SP,SI                                           

AX=0000  BX=0000  CX=0001  DX=0000  SP=FFEE  BP=FFFF  SI=FFEE  DI=0000          
DS=176C  ES=176C  SS=176C  CS=176C  IP=0349   OV DN EI NG ZR AC PE CY           
176C:0349 B80080        MOV     AX,8000                                         

AX=8000  BX=0000  CX=0001  DX=0000  SP=FFEE  BP=FFFF  SI=FFEE  DI=0000          
DS=176C  ES=176C  SS=176C  CS=176C  IP=034C   OV DN EI NG ZR AC PE CY           
176C:034C 55            PUSH    BP                                              

AX=8000  BX=0000  CX=0001  DX=0000  SP=FFEC  BP=FFFF  SI=FFEE  DI=0000          
DS=176C  ES=176C  SS=176C  CS=176C  IP=034D   OV DN EI NG ZR AC PE CY           
176C:034D 55            PUSH    BP                                              

AX=8000  BX=0000  CX=0001  DX=0000  SP=FFEA  BP=FFFF  SI=FFEE  DI=0000          
DS=176C  ES=176C  SS=176C  CS=176C  IP=034E   OV DN EI NG ZR AC PE CY           
176C:034E 9D            POPF                                                    

AX=8000  BX=0000  CX=0001  DX=0000  SP=FFEC  BP=FFFF  SI=FFEE  DI=0000          
DS=176C  ES=176C  SS=176C  CS=176C  IP=034F   OV DN EI NG ZR AC PE CY           
176C:034F 89F4          MOV     SP,SI                                           

AX=8000  BX=0000  CX=0001  DX=0000  SP=FFEE  BP=FFFF  SI=FFEE  DI=0000          
DS=176C  ES=176C  SS=176C  CS=176C  IP=0351   OV DN EI NG ZR AC PE CY           
176C:0351 B400          MOV     AH,00                                           

AX=0000  BX=0000  CX=0001  DX=0000  SP=FFEE  BP=FFFF  SI=FFEE  DI=0000          
DS=176C  ES=176C  SS=176C  CS=176C  IP=0353   OV DN EI NG ZR AC PE CY           
176C:0353 55            PUSH    BP                                              

AX=0000  BX=0000  CX=0001  DX=0000  SP=FFEC  BP=FFFF  SI=FFEE  DI=0000          
DS=176C  ES=176C  SS=176C  CS=176C  IP=0354   OV DN EI NG ZR AC PE CY           
176C:0354 55            PUSH    BP                                              

AX=0000  BX=0000  CX=0001  DX=0000  SP=FFEA  BP=FFFF  SI=FFEE  DI=0000          
DS=176C  ES=176C  SS=176C  CS=176C  IP=0355   OV DN EI NG ZR AC PE CY           
176C:0355 9D            POPF                                                    

AX=0000  BX=0000  CX=0001  DX=0000  SP=FFEC  BP=FFFF  SI=FFEE  DI=0000          
DS=176C  ES=176C  SS=176C  CS=176C  IP=0356   OV DN EI NG ZR AC PE CY           
176C:0356 89F4          MOV     SP,SI                                           

AX=0000  BX=0000  CX=0001  DX=0000  SP=FFEE  BP=FFFF  SI=FFEE  DI=0000          
DS=176C  ES=176C  SS=176C  CS=176C  IP=0358   OV DN EI NG ZR AC PE CY           
176C:0358 B80080        MOV     AX,8000                                         

AX=8000  BX=0000  CX=0001  DX=0000  SP=FFEE  BP=FFFF  SI=FFEE  DI=0000          
DS=176C  ES=176C  SS=176C  CS=176C  IP=035B   OV DN EI NG ZR AC PE CY           
176C:035B 55            PUSH    BP                                              

AX=8000  BX=0000  CX=0001  DX=0000  SP=FFEC  BP=FFFF  SI=FFEE  DI=0000          
DS=176C  ES=176C  SS=176C  CS=176C  IP=035C   OV DN EI NG ZR AC PE CY           
176C:035C 55            PUSH    BP                                              

AX=8000  BX=0000  CX=0001  DX=0000  SP=FFEA  BP=FFFF  SI=FFEE  DI=0000          
DS=176C  ES=176C  SS=176C  CS=176C  IP=035D   OV DN EI NG ZR AC PE CY           
176C:035D 9D            POPF                                                    

AX=8000  BX=0000  CX=0001  DX=0000  SP=FFEC  BP=FFFF  SI=FFEE  DI=0000          
DS=176C  ES=176C  SS=176C  CS=176C  IP=035E   OV DN EI NG ZR AC PE CY           
176C:035E 89F4          MOV     SP,SI                                           

AX=8000  BX=0000  CX=0001  DX=0000  SP=FFEE  BP=FFFF  SI=FFEE  DI=0000          
DS=176C  ES=176C  SS=176C  CS=176C  IP=0360   OV DN EI NG ZR AC PE CY           
176C:0360 B8FF7F        MOV     AX,7FFF                                         

AX=7FFF  BX=0000  CX=0001  DX=0000  SP=FFEE  BP=FFFF  SI=FFEE  DI=0000          
DS=176C  ES=176C  SS=176C  CS=176C  IP=0363   OV DN EI NG ZR AC PE CY           
176C:0363 B100          MOV     CL,00                                           

AX=7FFF  BX=0000  CX=0000  DX=0000  SP=FFEE  BP=FFFF  SI=FFEE  DI=0000          
DS=176C  ES=176C  SS=176C  CS=176C  IP=0365   OV DN EI NG ZR AC PE CY           
176C:0365 D3F8          SAR     AX,CL                                           

AX=7FFF  BX=0000  CX=0000  DX=0000  SP=FFEE  BP=FFFF  SI=FFEE  DI=0000          
DS=176C  ES=176C  SS=176C  CS=176C  IP=0367   OV DN EI NG ZR AC PE CY           
176C:0367 55            PUSH    BP                                              

AX=7FFF  BX=0000  CX=0000  DX=0000  SP=FFEC  BP=FFFF  SI=FFEE  DI=0000          
DS=176C  ES=176C  SS=176C  CS=176C  IP=0368   OV DN EI NG ZR AC PE CY           
176C:0368 55            PUSH    BP                                              

AX=7FFF  BX=0000  CX=0000  DX=0000  SP=FFEA  BP=FFFF  SI=FFEE  DI=0000          
DS=176C  ES=176C  SS=176C  CS=176C  IP=0369   OV DN EI NG ZR AC PE CY           
176C:0369 9D            POPF                                                    

AX=7FFF  BX=0000  CX=0000  DX=0000  SP=FFEC  BP=FFFF  SI=FFEE  DI=0000          
DS=176C  ES=176C  SS=176C  CS=176C  IP=036A   OV DN EI NG ZR AC PE CY           
176C:036A 89F4          MOV     SP,SI                                           

AX=7FFF  BX=0000  CX=0000  DX=0000  SP=FFEE  BP=FFFF  SI=FFEE  DI=0000          
DS=176C  ES=176C  SS=176C  CS=176C  IP=036C   OV DN EI NG ZR AC PE CY           
176C:036C B4FF          MOV     AH,FF                                           

AX=FFFF  BX=0000  CX=0000  DX=0000  SP=FFEE  BP=FFFF  SI=FFEE  DI=0000          
DS=176C  ES=176C  SS=176C  CS=176C  IP=036E   OV DN EI NG ZR AC PE CY           
176C:036E B100          MOV     CL,00                                           

AX=FFFF  BX=0000  CX=0000  DX=0000  SP=FFEE  BP=FFFF  SI=FFEE  DI=0000          
DS=176C  ES=176C  SS=176C  CS=176C  IP=0370   OV DN EI NG ZR AC PE CY           
176C:0370 D2F8          SAR     AL,CL                                           

AX=FFFF  BX=0000  CX=0000  DX=0000  SP=FFEE  BP=FFFF  SI=FFEE  DI=0000          
DS=176C  ES=176C  SS=176C  CS=176C  IP=0372   OV DN EI NG ZR AC PE CY           
176C:0372 55            PUSH    BP                                              

AX=FFFF  BX=0000  CX=0000  DX=0000  SP=FFEC  BP=FFFF  SI=FFEE  DI=0000          
DS=176C  ES=176C  SS=176C  CS=176C  IP=0373   OV DN EI NG ZR AC PE CY           
176C:0373 55            PUSH    BP                                              

AX=FFFF  BX=0000  CX=0000  DX=0000  SP=FFEA  BP=FFFF  SI=FFEE  DI=0000          
DS=176C  ES=176C  SS=176C  CS=176C  IP=0374   OV DN EI NG ZR AC PE CY           
176C:0374 9D            POPF                                                    

AX=FFFF  BX=0000  CX=0000  DX=0000  SP=FFEC  BP=FFFF  SI=FFEE  DI=0000          
DS=176C  ES=176C  SS=176C  CS=176C  IP=0375   OV DN EI NG ZR AC PE CY           
176C:0375 89F4          MOV     SP,SI                                           

AX=FFFF  BX=0000  CX=0000  DX=0000  SP=FFEE  BP=FFFF  SI=FFEE  DI=0000          
DS=176C  ES=176C  SS=176C  CS=176C  IP=0377   OV DN EI NG ZR AC PE CY           
176C:0377 B8FF7F        MOV     AX,7FFF                                         

AX=7FFF  BX=0000  CX=0000  DX=0000  SP=FFEE  BP=FFFF  SI=FFEE  DI=0000          
DS=176C  ES=176C  SS=176C  CS=176C  IP=037A   OV DN EI NG ZR AC PE CY           
176C:037A 55            PUSH    BP                                              

AX=7FFF  BX=0000  CX=0000  DX=0000  SP=FFEC  BP=FFFF  SI=FFEE  DI=0000          
DS=176C  ES=176C  SS=176C  CS=176C  IP=037B   OV DN EI NG ZR AC PE CY           
176C:037B 55            PUSH    BP                                              

AX=7FFF  BX=0000  CX=0000  DX=0000  SP=FFEA  BP=FFFF  SI=FFEE  DI=0000          
DS=176C  ES=176C  SS=176C  CS=176C  IP=037C   OV DN EI NG ZR AC PE CY           
176C:037C 9D            POPF                                                    

AX=7FFF  BX=0000  CX=0000  DX=0000  SP=FFEC  BP=FFFF  SI=FFEE  DI=0000          
DS=176C  ES=176C  SS=176C  CS=176C  IP=037D   OV DN EI NG ZR AC PE CY           
176C:037D 89F4          MOV     SP,SI                                           

AX=7FFF  BX=0000  CX=0000  DX=0000  SP=FFEE  BP=FFFF  SI=FFEE  DI=0000          
DS=176C  ES=176C  SS=176C  CS=176C  IP=037F   OV DN EI NG ZR AC PE CY           
176C:037F B4FF          MOV     AH,FF                                           

AX=FFFF  BX=0000  CX=0000  DX=0000  SP=FFEE  BP=FFFF  SI=FFEE  DI=0000          
DS=176C  ES=176C  SS=176C  CS=176C  IP=0381   OV DN EI NG ZR AC PE CY           
176C:0381 55            PUSH    BP                                              

AX=FFFF  BX=0000  CX=0000  DX=0000  SP=FFEC  BP=FFFF  SI=FFEE  DI=0000          
DS=176C  ES=176C  SS=176C  CS=176C  IP=0382   OV DN EI NG ZR AC PE CY           
176C:0382 55            PUSH    BP                                              

AX=FFFF  BX=0000  CX=0000  DX=0000  SP=FFEA  BP=FFFF  SI=FFEE  DI=0000          
DS=176C  ES=176C  SS=176C  CS=176C  IP=0383   OV DN EI NG ZR AC PE CY           
176C:0383 9D            POPF                                                    

AX=FFFF  BX=0000  CX=0000  DX=0000  SP=FFEC  BP=FFFF  SI=FFEE  DI=0000          
DS=176C  ES=176C  SS=176C  CS=176C  IP=0384   OV DN EI NG ZR AC PE CY           
176C:0384 89F4          MOV     SP,SI                                           

AX=FFFF  BX=0000  CX=0000  DX=0000  SP=FFEE  BP=FFFF  SI=FFEE  DI=0000          
DS=176C  ES=176C  SS=176C  CS=176C  IP=0386   OV DN EI NG ZR AC PE CY           
176C:0386 B8FF7F        MOV     AX,7FFF                                         

AX=7FFF  BX=0000  CX=0000  DX=0000  SP=FFEE  BP=FFFF  SI=FFEE  DI=0000          
DS=176C  ES=176C  SS=176C  CS=176C  IP=0389   OV DN EI NG ZR AC PE CY           
176C:0389 55            PUSH    BP                                              

AX=7FFF  BX=0000  CX=0000  DX=0000  SP=FFEC  BP=FFFF  SI=FFEE  DI=0000          
DS=176C  ES=176C  SS=176C  CS=176C  IP=038A   OV DN EI NG ZR AC PE CY           
176C:038A 55            PUSH    BP                                              

AX=7FFF  BX=0000  CX=0000  DX=0000  SP=FFEA  BP=FFFF  SI=FFEE  DI=0000          
DS=176C  ES=176C  SS=176C  CS=176C  IP=038B   OV DN EI NG ZR AC PE CY           
176C:038B 9D            POPF                                                    

AX=7FFF  BX=0000  CX=0000  DX=0000  SP=FFEC  BP=FFFF  SI=FFEE  DI=0000          
DS=176C  ES=176C  SS=176C  CS=176C  IP=038C   OV DN EI NG ZR AC PE CY           
176C:038C 89F4          MOV     SP,SI                                           

AX=7FFF  BX=0000  CX=0000  DX=0000  SP=FFEE  BP=FFFF  SI=FFEE  DI=0000          
DS=176C  ES=176C  SS=176C  CS=176C  IP=038E   OV DN EI NG ZR AC PE CY           
176C:038E B8FF7F        MOV     AX,7FFF                                         

AX=7FFF  BX=0000  CX=0000  DX=0000  SP=FFEE  BP=FFFF  SI=FFEE  DI=0000          
DS=176C  ES=176C  SS=176C  CS=176C  IP=0391   OV DN EI NG ZR AC PE CY           
176C:0391 B101          MOV     CL,01                                           

AX=7FFF  BX=0000  CX=0001  DX=0000  SP=FFEE  BP=FFFF  SI=FFEE  DI=0000          
DS=176C  ES=176C  SS=176C  CS=176C  IP=0393   OV DN EI NG ZR AC PE CY           
176C:0393 D3F8          SAR     AX,CL                                           

AX=3FFF  BX=0000  CX=0001  DX=0000  SP=FFEE  BP=FFFF  SI=FFEE  DI=0000          
DS=176C  ES=176C  SS=176C  CS=176C  IP=0395   NV DN EI PL NZ NA PE CY           
176C:0395 55            PUSH    BP                                              

AX=3FFF  BX=0000  CX=0001  DX=0000  SP=FFEC  BP=FFFF  SI=FFEE  DI=0000          
DS=176C  ES=176C  SS=176C  CS=176C  IP=0396   NV DN EI PL NZ NA PE CY           
176C:0396 55            PUSH    BP                                              

AX=3FFF  BX=0000  CX=0001  DX=0000  SP=FFEA  BP=FFFF  SI=FFEE  DI=0000          
DS=176C  ES=176C  SS=176C  CS=176C  IP=0397   NV DN EI PL NZ NA PE CY           
176C:0397 9D            POPF                                                    

AX=3FFF  BX=0000  CX=0001  DX=0000  SP=FFEC  BP=FFFF  SI=FFEE  DI=0000          
DS=176C  ES=176C  SS=176C  CS=176C  IP=0398   OV DN EI NG ZR AC PE CY           
176C:0398 89F4          MOV     SP,SI                                           

AX=3FFF  BX=0000  CX=0001  DX=0000  SP=FFEE  BP=FFFF  SI=FFEE  DI=0000          
DS=176C  ES=176C  SS=176C  CS=176C  IP=039A   OV DN EI NG ZR AC PE CY           
176C:039A B4FF          MOV     AH,FF                                           

AX=FFFF  BX=0000  CX=0001  DX=0000  SP=FFEE  BP=FFFF  SI=FFEE  DI=0000          
DS=176C  ES=176C  SS=176C  CS=176C  IP=039C   OV DN EI NG ZR AC PE CY           
176C:039C B101          MOV     CL,01                                           

AX=FFFF  BX=0000  CX=0001  DX=0000  SP=FFEE  BP=FFFF  SI=FFEE  DI=0000          
DS=176C  ES=176C  SS=176C  CS=176C  IP=039E   OV DN EI NG ZR AC PE CY           
176C:039E D2F8          SAR     AL,CL                                           

AX=FFFF  BX=0000  CX=0001  DX=0000  SP=FFEE  BP=FFFF  SI=FFEE  DI=0000          
DS=176C  ES=176C  SS=176C  CS=176C  IP=03A0   NV DN EI NG NZ NA PE CY           
176C:03A0 55            PUSH    BP                                              

AX=FFFF  BX=0000  CX=0001  DX=0000  SP=FFEC  BP=FFFF  SI=FFEE  DI=0000          
DS=176C  ES=176C  SS=176C  CS=176C  IP=03A1   NV DN EI NG NZ NA PE CY           
176C:03A1 55            PUSH    BP                                              

AX=FFFF  BX=0000  CX=0001  DX=0000  SP=FFEA  BP=FFFF  SI=FFEE  DI=0000          
DS=176C  ES=176C  SS=176C  CS=176C  IP=03A2   NV DN EI NG NZ NA PE CY           
176C:03A2 9D            POPF                                                    

AX=FFFF  BX=0000  CX=0001  DX=0000  SP=FFEC  BP=FFFF  SI=FFEE  DI=0000          
DS=176C  ES=176C  SS=176C  CS=176C  IP=03A3   OV DN EI NG ZR AC PE CY           
176C:03A3 89F4          MOV     SP,SI                                           

AX=FFFF  BX=0000  CX=0001  DX=0000  SP=FFEE  BP=FFFF  SI=FFEE  DI=0000          
DS=176C  ES=176C  SS=176C  CS=176C  IP=03A5   OV DN EI NG ZR AC PE CY           
176C:03A5 B8FF7F        MOV     AX,7FFF                                         

AX=7FFF  BX=0000  CX=0001  DX=0000  SP=FFEE  BP=FFFF  SI=FFEE  DI=0000          
DS=176C  ES=176C  SS=176C  CS=176C  IP=03A8   OV DN EI NG ZR AC PE CY           
176C:03A8 55            PUSH    BP                                              

AX=7FFF  BX=0000  CX=0001  DX=0000  SP=FFEC  BP=FFFF  SI=FFEE  DI=0000          
DS=176C  ES=176C  SS=176C  CS=176C  IP=03A9   OV DN EI NG ZR AC PE CY           
176C:03A9 55            PUSH    BP                                              

AX=7FFF  BX=0000  CX=0001  DX=0000  SP=FFEA  BP=FFFF  SI=FFEE  DI=0000          
DS=176C  ES=176C  SS=176C  CS=176C  IP=03AA   OV DN EI NG ZR AC PE CY           
176C:03AA 9D            POPF                                                    

AX=7FFF  BX=0000  CX=0001  DX=0000  SP=FFEC  BP=FFFF  SI=FFEE  DI=0000          
DS=176C  ES=176C  SS=176C  CS=176C  IP=03AB   OV DN EI NG ZR AC PE CY           
176C:03AB 89F4          MOV     SP,SI                                           

AX=7FFF  BX=0000  CX=0001  DX=0000  SP=FFEE  BP=FFFF  SI=FFEE  DI=0000          
DS=176C  ES=176C  SS=176C  CS=176C  IP=03AD   OV DN EI NG ZR AC PE CY           
176C:03AD B4FF          MOV     AH,FF                                           

AX=FFFF  BX=0000  CX=0001  DX=0000  SP=FFEE  BP=FFFF  SI=FFEE  DI=0000          
DS=176C  ES=176C  SS=176C  CS=176C  IP=03AF   OV DN EI NG ZR AC PE CY           
176C:03AF 55            PUSH    BP                                              

AX=FFFF  BX=0000  CX=0001  DX=0000  SP=FFEC  BP=FFFF  SI=FFEE  DI=0000          
DS=176C  ES=176C  SS=176C  CS=176C  IP=03B0   OV DN EI NG ZR AC PE CY           
176C:03B0 55            PUSH    BP                                              

AX=FFFF  BX=0000  CX=0001  DX=0000  SP=FFEA  BP=FFFF  SI=FFEE  DI=0000          
DS=176C  ES=176C  SS=176C  CS=176C  IP=03B1   OV DN EI NG ZR AC PE CY           
176C:03B1 9D            POPF                                                    

AX=FFFF  BX=0000  CX=0001  DX=0000  SP=FFEC  BP=FFFF  SI=FFEE  DI=0000          
DS=176C  ES=176C  SS=176C  CS=176C  IP=03B2   OV DN EI NG ZR AC PE CY           
176C:03B2 89F4          MOV     SP,SI                                           

AX=FFFF  BX=0000  CX=0001  DX=0000  SP=FFEE  BP=FFFF  SI=FFEE  DI=0000          
DS=176C  ES=176C  SS=176C  CS=176C  IP=03B4   OV DN EI NG ZR AC PE CY           
176C:03B4 B8FF7F        MOV     AX,7FFF                                         

AX=7FFF  BX=0000  CX=0001  DX=0000  SP=FFEE  BP=FFFF  SI=FFEE  DI=0000          
DS=176C  ES=176C  SS=176C  CS=176C  IP=03B7   OV DN EI NG ZR AC PE CY           
176C:03B7 55            PUSH    BP                                              

AX=7FFF  BX=0000  CX=0001  DX=0000  SP=FFEC  BP=FFFF  SI=FFEE  DI=0000          
DS=176C  ES=176C  SS=176C  CS=176C  IP=03B8   OV DN EI NG ZR AC PE CY           
176C:03B8 55            PUSH    BP                                              

AX=7FFF  BX=0000  CX=0001  DX=0000  SP=FFEA  BP=FFFF  SI=FFEE  DI=0000          
DS=176C  ES=176C  SS=176C  CS=176C  IP=03B9   OV DN EI NG ZR AC PE CY           
176C:03B9 9D            POPF                                                    

AX=7FFF  BX=0000  CX=0001  DX=0000  SP=FFEC  BP=FFFF  SI=FFEE  DI=0000          
DS=176C  ES=176C  SS=176C  CS=176C  IP=03BA   OV DN EI NG ZR AC PE CY           
176C:03BA 89F4          MOV     SP,SI                                           

AX=7FFF  BX=0000  CX=0001  DX=0000  SP=FFEE  BP=FFFF  SI=FFEE  DI=0000          
DS=176C  ES=176C  SS=176C  CS=176C  IP=03BC   OV DN EI NG ZR AC PE CY           
176C:03BC B87F00        MOV     AX,007F                                         

AX=007F  BX=0000  CX=0001  DX=0000  SP=FFEE  BP=FFFF  SI=FFEE  DI=0000          
DS=176C  ES=176C  SS=176C  CS=176C  IP=03BF   OV DN EI NG ZR AC PE CY           
176C:03BF B100          MOV     CL,00                                           

AX=007F  BX=0000  CX=0000  DX=0000  SP=FFEE  BP=FFFF  SI=FFEE  DI=0000          
DS=176C  ES=176C  SS=176C  CS=176C  IP=03C1   OV DN EI NG ZR AC PE CY           
176C:03C1 D3F8          SAR     AX,CL                                           

AX=007F  BX=0000  CX=0000  DX=0000  SP=FFEE  BP=FFFF  SI=FFEE  DI=0000          
DS=176C  ES=176C  SS=176C  CS=176C  IP=03C3   OV DN EI NG ZR AC PE CY           
176C:03C3 55            PUSH    BP                                              

AX=007F  BX=0000  CX=0000  DX=0000  SP=FFEC  BP=FFFF  SI=FFEE  DI=0000          
DS=176C  ES=176C  SS=176C  CS=176C  IP=03C4   OV DN EI NG ZR AC PE CY           
176C:03C4 55            PUSH    BP                                              

AX=007F  BX=0000  CX=0000  DX=0000  SP=FFEA  BP=FFFF  SI=FFEE  DI=0000          
DS=176C  ES=176C  SS=176C  CS=176C  IP=03C5   OV DN EI NG ZR AC PE CY           
176C:03C5 9D            POPF                                                    

AX=007F  BX=0000  CX=0000  DX=0000  SP=FFEC  BP=FFFF  SI=FFEE  DI=0000          
DS=176C  ES=176C  SS=176C  CS=176C  IP=03C6   OV DN EI NG ZR AC PE CY           
176C:03C6 89F4          MOV     SP,SI                                           

AX=007F  BX=0000  CX=0000  DX=0000  SP=FFEE  BP=FFFF  SI=FFEE  DI=0000          
DS=176C  ES=176C  SS=176C  CS=176C  IP=03C8   OV DN EI NG ZR AC PE CY           
176C:03C8 B47F          MOV     AH,7F                                           

AX=7F7F  BX=0000  CX=0000  DX=0000  SP=FFEE  BP=FFFF  SI=FFEE  DI=0000          
DS=176C  ES=176C  SS=176C  CS=176C  IP=03CA   OV DN EI NG ZR AC PE CY           
176C:03CA B100          MOV     CL,00                                           

AX=7F7F  BX=0000  CX=0000  DX=0000  SP=FFEE  BP=FFFF  SI=FFEE  DI=0000          
DS=176C  ES=176C  SS=176C  CS=176C  IP=03CC   OV DN EI NG ZR AC PE CY           
176C:03CC D2F8          SAR     AL,CL                                           

AX=7F7F  BX=0000  CX=0000  DX=0000  SP=FFEE  BP=FFFF  SI=FFEE  DI=0000          
DS=176C  ES=176C  SS=176C  CS=176C  IP=03CE   OV DN EI NG ZR AC PE CY           
176C:03CE 55            PUSH    BP                                              

AX=7F7F  BX=0000  CX=0000  DX=0000  SP=FFEC  BP=FFFF  SI=FFEE  DI=0000          
DS=176C  ES=176C  SS=176C  CS=176C  IP=03CF   OV DN EI NG ZR AC PE CY           
176C:03CF 55            PUSH    BP                                              

AX=7F7F  BX=0000  CX=0000  DX=0000  SP=FFEA  BP=FFFF  SI=FFEE  DI=0000          
DS=176C  ES=176C  SS=176C  CS=176C  IP=03D0   OV DN EI NG ZR AC PE CY           
176C:03D0 9D            POPF                                                    

AX=7F7F  BX=0000  CX=0000  DX=0000  SP=FFEC  BP=FFFF  SI=FFEE  DI=0000          
DS=176C  ES=176C  SS=176C  CS=176C  IP=03D1   OV DN EI NG ZR AC PE CY           
176C:03D1 89F4          MOV     SP,SI                                           

AX=7F7F  BX=0000  CX=0000  DX=0000  SP=FFEE  BP=FFFF  SI=FFEE  DI=0000          
DS=176C  ES=176C  SS=176C  CS=176C  IP=03D3   OV DN EI NG ZR AC PE CY           
176C:03D3 B87F00        MOV     AX,007F                                         

AX=007F  BX=0000  CX=0000  DX=0000  SP=FFEE  BP=FFFF  SI=FFEE  DI=0000          
DS=176C  ES=176C  SS=176C  CS=176C  IP=03D6   OV DN EI NG ZR AC PE CY           
176C:03D6 55            PUSH    BP                                              

AX=007F  BX=0000  CX=0000  DX=0000  SP=FFEC  BP=FFFF  SI=FFEE  DI=0000          
DS=176C  ES=176C  SS=176C  CS=176C  IP=03D7   OV DN EI NG ZR AC PE CY           
176C:03D7 55            PUSH    BP                                              

AX=007F  BX=0000  CX=0000  DX=0000  SP=FFEA  BP=FFFF  SI=FFEE  DI=0000          
DS=176C  ES=176C  SS=176C  CS=176C  IP=03D8   OV DN EI NG ZR AC PE CY           
176C:03D8 9D            POPF                                                    

AX=007F  BX=0000  CX=0000  DX=0000  SP=FFEC  BP=FFFF  SI=FFEE  DI=0000          
DS=176C  ES=176C  SS=176C  CS=176C  IP=03D9   OV DN EI NG ZR AC PE CY           
176C:03D9 89F4          MOV     SP,SI                                           

AX=007F  BX=0000  CX=0000  DX=0000  SP=FFEE  BP=FFFF  SI=FFEE  DI=0000          
DS=176C  ES=176C  SS=176C  CS=176C  IP=03DB   OV DN EI NG ZR AC PE CY           
176C:03DB B47F          MOV     AH,7F                                           

AX=7F7F  BX=0000  CX=0000  DX=0000  SP=FFEE  BP=FFFF  SI=FFEE  DI=0000          
DS=176C  ES=176C  SS=176C  CS=176C  IP=03DD   OV DN EI NG ZR AC PE CY           
176C:03DD 55            PUSH    BP                                              

AX=7F7F  BX=0000  CX=0000  DX=0000  SP=FFEC  BP=FFFF  SI=FFEE  DI=0000          
DS=176C  ES=176C  SS=176C  CS=176C  IP=03DE   OV DN EI NG ZR AC PE CY           
176C:03DE 55            PUSH    BP                                              

AX=7F7F  BX=0000  CX=0000  DX=0000  SP=FFEA  BP=FFFF  SI=FFEE  DI=0000          
DS=176C  ES=176C  SS=176C  CS=176C  IP=03DF   OV DN EI NG ZR AC PE CY           
176C:03DF 9D            POPF                                                    

AX=7F7F  BX=0000  CX=0000  DX=0000  SP=FFEC  BP=FFFF  SI=FFEE  DI=0000          
DS=176C  ES=176C  SS=176C  CS=176C  IP=03E0   OV DN EI NG ZR AC PE CY           
176C:03E0 89F4          MOV     SP,SI                                           

AX=7F7F  BX=0000  CX=0000  DX=0000  SP=FFEE  BP=FFFF  SI=FFEE  DI=0000          
DS=176C  ES=176C  SS=176C  CS=176C  IP=03E2   OV DN EI NG ZR AC PE CY           
176C:03E2 B87F00        MOV     AX,007F                                         

AX=007F  BX=0000  CX=0000  DX=0000  SP=FFEE  BP=FFFF  SI=FFEE  DI=0000          
DS=176C  ES=176C  SS=176C  CS=176C  IP=03E5   OV DN EI NG ZR AC PE CY           
176C:03E5 55            PUSH    BP                                              

AX=007F  BX=0000  CX=0000  DX=0000  SP=FFEC  BP=FFFF  SI=FFEE  DI=0000          
DS=176C  ES=176C  SS=176C  CS=176C  IP=03E6   OV DN EI NG ZR AC PE CY           
176C:03E6 55            PUSH    BP                                              

AX=007F  BX=0000  CX=0000  DX=0000  SP=FFEA  BP=FFFF  SI=FFEE  DI=0000          
DS=176C  ES=176C  SS=176C  CS=176C  IP=03E7   OV DN EI NG ZR AC PE CY           
176C:03E7 9D            POPF                                                    

AX=007F  BX=0000  CX=0000  DX=0000  SP=FFEC  BP=FFFF  SI=FFEE  DI=0000          
DS=176C  ES=176C  SS=176C  CS=176C  IP=03E8   OV DN EI NG ZR AC PE CY           
176C:03E8 89F4          MOV     SP,SI                                           

AX=007F  BX=0000  CX=0000  DX=0000  SP=FFEE  BP=FFFF  SI=FFEE  DI=0000          
DS=176C  ES=176C  SS=176C  CS=176C  IP=03EA   OV DN EI NG ZR AC PE CY           
176C:03EA B87F00        MOV     AX,007F                                         

AX=007F  BX=0000  CX=0000  DX=0000  SP=FFEE  BP=FFFF  SI=FFEE  DI=0000          
DS=176C  ES=176C  SS=176C  CS=176C  IP=03ED   OV DN EI NG ZR AC PE CY           
176C:03ED B101          MOV     CL,01                                           

AX=007F  BX=0000  CX=0001  DX=0000  SP=FFEE  BP=FFFF  SI=FFEE  DI=0000          
DS=176C  ES=176C  SS=176C  CS=176C  IP=03EF   OV DN EI NG ZR AC PE CY           
176C:03EF D3F8          SAR     AX,CL                                           

AX=003F  BX=0000  CX=0001  DX=0000  SP=FFEE  BP=FFFF  SI=FFEE  DI=0000          
DS=176C  ES=176C  SS=176C  CS=176C  IP=03F1   NV DN EI PL NZ NA PE CY           
176C:03F1 55            PUSH    BP                                              

AX=003F  BX=0000  CX=0001  DX=0000  SP=FFEC  BP=FFFF  SI=FFEE  DI=0000          
DS=176C  ES=176C  SS=176C  CS=176C  IP=03F2   NV DN EI PL NZ NA PE CY           
176C:03F2 55            PUSH    BP                                              

AX=003F  BX=0000  CX=0001  DX=0000  SP=FFEA  BP=FFFF  SI=FFEE  DI=0000          
DS=176C  ES=176C  SS=176C  CS=176C  IP=03F3   NV DN EI PL NZ NA PE CY           
176C:03F3 9D            POPF                                                    

AX=003F  BX=0000  CX=0001  DX=0000  SP=FFEC  BP=FFFF  SI=FFEE  DI=0000          
DS=176C  ES=176C  SS=176C  CS=176C  IP=03F4   OV DN EI NG ZR AC PE CY           
176C:03F4 89F4          MOV     SP,SI                                           

AX=003F  BX=0000  CX=0001  DX=0000  SP=FFEE  BP=FFFF  SI=FFEE  DI=0000          
DS=176C  ES=176C  SS=176C  CS=176C  IP=03F6   OV DN EI NG ZR AC PE CY           
176C:03F6 B47F          MOV     AH,7F                                           

AX=7F3F  BX=0000  CX=0001  DX=0000  SP=FFEE  BP=FFFF  SI=FFEE  DI=0000          
DS=176C  ES=176C  SS=176C  CS=176C  IP=03F8   OV DN EI NG ZR AC PE CY           
176C:03F8 B101          MOV     CL,01                                           

AX=7F3F  BX=0000  CX=0001  DX=0000  SP=FFEE  BP=FFFF  SI=FFEE  DI=0000          
DS=176C  ES=176C  SS=176C  CS=176C  IP=03FA   OV DN EI NG ZR AC PE CY           
176C:03FA D2F8          SAR     AL,CL                                           

AX=7F1F  BX=0000  CX=0001  DX=0000  SP=FFEE  BP=FFFF  SI=FFEE  DI=0000          
DS=176C  ES=176C  SS=176C  CS=176C  IP=03FC   NV DN EI PL NZ NA PO CY           
176C:03FC 55            PUSH    BP                                              

AX=7F1F  BX=0000  CX=0001  DX=0000  SP=FFEC  BP=FFFF  SI=FFEE  DI=0000          
DS=176C  ES=176C  SS=176C  CS=176C  IP=03FD   NV DN EI PL NZ NA PO CY           
176C:03FD 55            PUSH    BP                                              

AX=7F1F  BX=0000  CX=0001  DX=0000  SP=FFEA  BP=FFFF  SI=FFEE  DI=0000          
DS=176C  ES=176C  SS=176C  CS=176C  IP=03FE   NV DN EI PL NZ NA PO CY           
176C:03FE 9D            POPF                                                    

AX=7F1F  BX=0000  CX=0001  DX=0000  SP=FFEC  BP=FFFF  SI=FFEE  DI=0000          
DS=176C  ES=176C  SS=176C  CS=176C  IP=03FF   OV DN EI NG ZR AC PE CY           
176C:03FF 89F4          MOV     SP,SI                                           

AX=7F1F  BX=0000  CX=0001  DX=0000  SP=FFEE  BP=FFFF  SI=FFEE  DI=0000          
DS=176C  ES=176C  SS=176C  CS=176C  IP=0401   OV DN EI NG ZR AC PE CY           
176C:0401 B87F00        MOV     AX,007F                                         

AX=007F  BX=0000  CX=0001  DX=0000  SP=FFEE  BP=FFFF  SI=FFEE  DI=0000          
DS=176C  ES=176C  SS=176C  CS=176C  IP=0404   OV DN EI NG ZR AC PE CY           
176C:0404 55            PUSH    BP                                              

AX=007F  BX=0000  CX=0001  DX=0000  SP=FFEC  BP=FFFF  SI=FFEE  DI=0000          
DS=176C  ES=176C  SS=176C  CS=176C  IP=0405   OV DN EI NG ZR AC PE CY           
176C:0405 55            PUSH    BP                                              

AX=007F  BX=0000  CX=0001  DX=0000  SP=FFEA  BP=FFFF  SI=FFEE  DI=0000          
DS=176C  ES=176C  SS=176C  CS=176C  IP=0406   OV DN EI NG ZR AC PE CY           
176C:0406 9D            POPF                                                    

AX=007F  BX=0000  CX=0001  DX=0000  SP=FFEC  BP=FFFF  SI=FFEE  DI=0000          
DS=176C  ES=176C  SS=176C  CS=176C  IP=0407   OV DN EI NG ZR AC PE CY           
176C:0407 89F4          MOV     SP,SI                                           

AX=007F  BX=0000  CX=0001  DX=0000  SP=FFEE  BP=FFFF  SI=FFEE  DI=0000          
DS=176C  ES=176C  SS=176C  CS=176C  IP=0409   OV DN EI NG ZR AC PE CY           
176C:0409 B47F          MOV     AH,7F                                           

AX=7F7F  BX=0000  CX=0001  DX=0000  SP=FFEE  BP=FFFF  SI=FFEE  DI=0000          
DS=176C  ES=176C  SS=176C  CS=176C  IP=040B   OV DN EI NG ZR AC PE CY           
176C:040B 55            PUSH    BP                                              

AX=7F7F  BX=0000  CX=0001  DX=0000  SP=FFEC  BP=FFFF  SI=FFEE  DI=0000          
DS=176C  ES=176C  SS=176C  CS=176C  IP=040C   OV DN EI NG ZR AC PE CY           
176C:040C 55            PUSH    BP                                              

AX=7F7F  BX=0000  CX=0001  DX=0000  SP=FFEA  BP=FFFF  SI=FFEE  DI=0000          
DS=176C  ES=176C  SS=176C  CS=176C  IP=040D   OV DN EI NG ZR AC PE CY           
176C:040D 9D            POPF                                                    

AX=7F7F  BX=0000  CX=0001  DX=0000  SP=FFEC  BP=FFFF  SI=FFEE  DI=0000          
DS=176C  ES=176C  SS=176C  CS=176C  IP=040E   OV DN EI NG ZR AC PE CY           
176C:040E 89F4          MOV     SP,SI                                           

AX=7F7F  BX=0000  CX=0001  DX=0000  SP=FFEE  BP=FFFF  SI=FFEE  DI=0000          
DS=176C  ES=176C  SS=176C  CS=176C  IP=0410   OV DN EI NG ZR AC PE CY           
176C:0410 B87F00        MOV     AX,007F                                         

AX=007F  BX=0000  CX=0001  DX=0000  SP=FFEE  BP=FFFF  SI=FFEE  DI=0000          
DS=176C  ES=176C  SS=176C  CS=176C  IP=0413   OV DN EI NG ZR AC PE CY           
176C:0413 55            PUSH    BP                                              

AX=007F  BX=0000  CX=0001  DX=0000  SP=FFEC  BP=FFFF  SI=FFEE  DI=0000          
DS=176C  ES=176C  SS=176C  CS=176C  IP=0414   OV DN EI NG ZR AC PE CY           
176C:0414 55            PUSH    BP                                              

AX=007F  BX=0000  CX=0001  DX=0000  SP=FFEA  BP=FFFF  SI=FFEE  DI=0000          
DS=176C  ES=176C  SS=176C  CS=176C  IP=0415   OV DN EI NG ZR AC PE CY           
176C:0415 9D            POPF                                                    

AX=007F  BX=0000  CX=0001  DX=0000  SP=FFEC  BP=FFFF  SI=FFEE  DI=0000          
DS=176C  ES=176C  SS=176C  CS=176C  IP=0416   OV DN EI NG ZR AC PE CY           
176C:0416 89F4          MOV     SP,SI                                           

AX=007F  BX=0000  CX=0001  DX=0000  SP=FFEE  BP=FFFF  SI=FFEE  DI=0000          
DS=176C  ES=176C  SS=176C  CS=176C  IP=0418   OV DN EI NG ZR AC PE CY           
176C:0418 B88000        MOV     AX,0080                                         

AX=0080  BX=0000  CX=0001  DX=0000  SP=FFEE  BP=FFFF  SI=FFEE  DI=0000          
DS=176C  ES=176C  SS=176C  CS=176C  IP=041B   OV DN EI NG ZR AC PE CY           
176C:041B B100          MOV     CL,00                                           

AX=0080  BX=0000  CX=0000  DX=0000  SP=FFEE  BP=FFFF  SI=FFEE  DI=0000          
DS=176C  ES=176C  SS=176C  CS=176C  IP=041D   OV DN EI NG ZR AC PE CY           
176C:041D D3F8          SAR     AX,CL                                           

AX=0080  BX=0000  CX=0000  DX=0000  SP=FFEE  BP=FFFF  SI=FFEE  DI=0000          
DS=176C  ES=176C  SS=176C  CS=176C  IP=041F   OV DN EI NG ZR AC PE CY           
176C:041F 55            PUSH    BP                                              

AX=0080  BX=0000  CX=0000  DX=0000  SP=FFEC  BP=FFFF  SI=FFEE  DI=0000          
DS=176C  ES=176C  SS=176C  CS=176C  IP=0420   OV DN EI NG ZR AC PE CY           
176C:0420 55            PUSH    BP                                              

AX=0080  BX=0000  CX=0000  DX=0000  SP=FFEA  BP=FFFF  SI=FFEE  DI=0000          
DS=176C  ES=176C  SS=176C  CS=176C  IP=0421   OV DN EI NG ZR AC PE CY           
176C:0421 9D            POPF                                                    

AX=0080  BX=0000  CX=0000  DX=0000  SP=FFEC  BP=FFFF  SI=FFEE  DI=0000          
DS=176C  ES=176C  SS=176C  CS=176C  IP=0422   OV DN EI NG ZR AC PE CY           
176C:0422 89F4          MOV     SP,SI                                           

AX=0080  BX=0000  CX=0000  DX=0000  SP=FFEE  BP=FFFF  SI=FFEE  DI=0000          
DS=176C  ES=176C  SS=176C  CS=176C  IP=0424   OV DN EI NG ZR AC PE CY           
176C:0424 B480          MOV     AH,80                                           

AX=8080  BX=0000  CX=0000  DX=0000  SP=FFEE  BP=FFFF  SI=FFEE  DI=0000          
DS=176C  ES=176C  SS=176C  CS=176C  IP=0426   OV DN EI NG ZR AC PE CY           
176C:0426 B100          MOV     CL,00                                           

AX=8080  BX=0000  CX=0000  DX=0000  SP=FFEE  BP=FFFF  SI=FFEE  DI=0000          
DS=176C  ES=176C  SS=176C  CS=176C  IP=0428   OV DN EI NG ZR AC PE CY           
176C:0428 D2F8          SAR     AL,CL                                           

AX=8080  BX=0000  CX=0000  DX=0000  SP=FFEE  BP=FFFF  SI=FFEE  DI=0000          
DS=176C  ES=176C  SS=176C  CS=176C  IP=042A   OV DN EI NG ZR AC PE CY           
176C:042A 55            PUSH    BP                                              

AX=8080  BX=0000  CX=0000  DX=0000  SP=FFEC  BP=FFFF  SI=FFEE  DI=0000          
DS=176C  ES=176C  SS=176C  CS=176C  IP=042B   OV DN EI NG ZR AC PE CY           
176C:042B 55            PUSH    BP                                              

AX=8080  BX=0000  CX=0000  DX=0000  SP=FFEA  BP=FFFF  SI=FFEE  DI=0000          
DS=176C  ES=176C  SS=176C  CS=176C  IP=042C   OV DN EI NG ZR AC PE CY           
176C:042C 9D            POPF                                                    

AX=8080  BX=0000  CX=0000  DX=0000  SP=FFEC  BP=FFFF  SI=FFEE  DI=0000          
DS=176C  ES=176C  SS=176C  CS=176C  IP=042D   OV DN EI NG ZR AC PE CY           
176C:042D 89F4          MOV     SP,SI                                           

AX=8080  BX=0000  CX=0000  DX=0000  SP=FFEE  BP=FFFF  SI=FFEE  DI=0000          
DS=176C  ES=176C  SS=176C  CS=176C  IP=042F   OV DN EI NG ZR AC PE CY           
176C:042F B88000        MOV     AX,0080                                         

AX=0080  BX=0000  CX=0000  DX=0000  SP=FFEE  BP=FFFF  SI=FFEE  DI=0000          
DS=176C  ES=176C  SS=176C  CS=176C  IP=0432   OV DN EI NG ZR AC PE CY           
176C:0432 55            PUSH    BP                                              

AX=0080  BX=0000  CX=0000  DX=0000  SP=FFEC  BP=FFFF  SI=FFEE  DI=0000          
DS=176C  ES=176C  SS=176C  CS=176C  IP=0433   OV DN EI NG ZR AC PE CY           
176C:0433 55            PUSH    BP                                              

AX=0080  BX=0000  CX=0000  DX=0000  SP=FFEA  BP=FFFF  SI=FFEE  DI=0000          
DS=176C  ES=176C  SS=176C  CS=176C  IP=0434   OV DN EI NG ZR AC PE CY           
176C:0434 9D            POPF                                                    

AX=0080  BX=0000  CX=0000  DX=0000  SP=FFEC  BP=FFFF  SI=FFEE  DI=0000          
DS=176C  ES=176C  SS=176C  CS=176C  IP=0435   OV DN EI NG ZR AC PE CY           
176C:0435 89F4          MOV     SP,SI                                           

AX=0080  BX=0000  CX=0000  DX=0000  SP=FFEE  BP=FFFF  SI=FFEE  DI=0000          
DS=176C  ES=176C  SS=176C  CS=176C  IP=0437   OV DN EI NG ZR AC PE CY           
176C:0437 B480          MOV     AH,80                                           

AX=8080  BX=0000  CX=0000  DX=0000  SP=FFEE  BP=FFFF  SI=FFEE  DI=0000          
DS=176C  ES=176C  SS=176C  CS=176C  IP=0439   OV DN EI NG ZR AC PE CY           
176C:0439 55            PUSH    BP                                              

AX=8080  BX=0000  CX=0000  DX=0000  SP=FFEC  BP=FFFF  SI=FFEE  DI=0000          
DS=176C  ES=176C  SS=176C  CS=176C  IP=043A   OV DN EI NG ZR AC PE CY           
176C:043A 55            PUSH    BP                                              

AX=8080  BX=0000  CX=0000  DX=0000  SP=FFEA  BP=FFFF  SI=FFEE  DI=0000          
DS=176C  ES=176C  SS=176C  CS=176C  IP=043B   OV DN EI NG ZR AC PE CY           
176C:043B 9D            POPF                                                    

AX=8080  BX=0000  CX=0000  DX=0000  SP=FFEC  BP=FFFF  SI=FFEE  DI=0000          
DS=176C  ES=176C  SS=176C  CS=176C  IP=043C   OV DN EI NG ZR AC PE CY           
176C:043C 89F4          MOV     SP,SI                                           

AX=8080  BX=0000  CX=0000  DX=0000  SP=FFEE  BP=FFFF  SI=FFEE  DI=0000          
DS=176C  ES=176C  SS=176C  CS=176C  IP=043E   OV DN EI NG ZR AC PE CY           
176C:043E B88000        MOV     AX,0080                                         

AX=0080  BX=0000  CX=0000  DX=0000  SP=FFEE  BP=FFFF  SI=FFEE  DI=0000          
DS=176C  ES=176C  SS=176C  CS=176C  IP=0441   OV DN EI NG ZR AC PE CY           
176C:0441 55            PUSH    BP                                              

AX=0080  BX=0000  CX=0000  DX=0000  SP=FFEC  BP=FFFF  SI=FFEE  DI=0000          
DS=176C  ES=176C  SS=176C  CS=176C  IP=0442   OV DN EI NG ZR AC PE CY           
176C:0442 55            PUSH    BP                                              

AX=0080  BX=0000  CX=0000  DX=0000  SP=FFEA  BP=FFFF  SI=FFEE  DI=0000          
DS=176C  ES=176C  SS=176C  CS=176C  IP=0443   OV DN EI NG ZR AC PE CY           
176C:0443 9D            POPF                                                    

AX=0080  BX=0000  CX=0000  DX=0000  SP=FFEC  BP=FFFF  SI=FFEE  DI=0000          
DS=176C  ES=176C  SS=176C  CS=176C  IP=0444   OV DN EI NG ZR AC PE CY           
176C:0444 89F4          MOV     SP,SI                                           

AX=0080  BX=0000  CX=0000  DX=0000  SP=FFEE  BP=FFFF  SI=FFEE  DI=0000          
DS=176C  ES=176C  SS=176C  CS=176C  IP=0446   OV DN EI NG ZR AC PE CY           
176C:0446 B88000        MOV     AX,0080                                         

AX=0080  BX=0000  CX=0000  DX=0000  SP=FFEE  BP=FFFF  SI=FFEE  DI=0000          
DS=176C  ES=176C  SS=176C  CS=176C  IP=0449   OV DN EI NG ZR AC PE CY           
176C:0449 B101          MOV     CL,01                                           

AX=0080  BX=0000  CX=0001  DX=0000  SP=FFEE  BP=FFFF  SI=FFEE  DI=0000          
DS=176C  ES=176C  SS=176C  CS=176C  IP=044B   OV DN EI NG ZR AC PE CY           
176C:044B D3F8          SAR     AX,CL                                           

AX=0040  BX=0000  CX=0001  DX=0000  SP=FFEE  BP=FFFF  SI=FFEE  DI=0000          
DS=176C  ES=176C  SS=176C  CS=176C  IP=044D   NV DN EI PL NZ NA PO NC           
176C:044D 55            PUSH    BP                                              

AX=0040  BX=0000  CX=0001  DX=0000  SP=FFEC  BP=FFFF  SI=FFEE  DI=0000          
DS=176C  ES=176C  SS=176C  CS=176C  IP=044E   NV DN EI PL NZ NA PO NC           
176C:044E 55            PUSH    BP                                              

AX=0040  BX=0000  CX=0001  DX=0000  SP=FFEA  BP=FFFF  SI=FFEE  DI=0000          
DS=176C  ES=176C  SS=176C  CS=176C  IP=044F   NV DN EI PL NZ NA PO NC           
176C:044F 9D            POPF                                                    

AX=0040  BX=0000  CX=0001  DX=0000  SP=FFEC  BP=FFFF  SI=FFEE  DI=0000          
DS=176C  ES=176C  SS=176C  CS=176C  IP=0450   OV DN EI NG ZR AC PE CY           
176C:0450 89F4          MOV     SP,SI                                           

AX=0040  BX=0000  CX=0001  DX=0000  SP=FFEE  BP=FFFF  SI=FFEE  DI=0000          
DS=176C  ES=176C  SS=176C  CS=176C  IP=0452   OV DN EI NG ZR AC PE CY           
176C:0452 B480          MOV     AH,80                                           

AX=8040  BX=0000  CX=0001  DX=0000  SP=FFEE  BP=FFFF  SI=FFEE  DI=0000          
DS=176C  ES=176C  SS=176C  CS=176C  IP=0454   OV DN EI NG ZR AC PE CY           
176C:0454 B101          MOV     CL,01                                           

AX=8040  BX=0000  CX=0001  DX=0000  SP=FFEE  BP=FFFF  SI=FFEE  DI=0000          
DS=176C  ES=176C  SS=176C  CS=176C  IP=0456   OV DN EI NG ZR AC PE CY           
176C:0456 D2F8          SAR     AL,CL                                           

AX=8020  BX=0000  CX=0001  DX=0000  SP=FFEE  BP=FFFF  SI=FFEE  DI=0000          
DS=176C  ES=176C  SS=176C  CS=176C  IP=0458   NV DN EI PL NZ NA PO NC           
176C:0458 55            PUSH    BP                                              

AX=8020  BX=0000  CX=0001  DX=0000  SP=FFEC  BP=FFFF  SI=FFEE  DI=0000          
DS=176C  ES=176C  SS=176C  CS=176C  IP=0459   NV DN EI PL NZ NA PO NC           
176C:0459 55            PUSH    BP                                              

AX=8020  BX=0000  CX=0001  DX=0000  SP=FFEA  BP=FFFF  SI=FFEE  DI=0000          
DS=176C  ES=176C  SS=176C  CS=176C  IP=045A   NV DN EI PL NZ NA PO NC           
176C:045A 9D            POPF                                                    

AX=8020  BX=0000  CX=0001  DX=0000  SP=FFEC  BP=FFFF  SI=FFEE  DI=0000          
DS=176C  ES=176C  SS=176C  CS=176C  IP=045B   OV DN EI NG ZR AC PE CY           
176C:045B 89F4          MOV     SP,SI                                           

AX=8020  BX=0000  CX=0001  DX=0000  SP=FFEE  BP=FFFF  SI=FFEE  DI=0000          
DS=176C  ES=176C  SS=176C  CS=176C  IP=045D   OV DN EI NG ZR AC PE CY           
176C:045D B88000        MOV     AX,0080                                         

AX=0080  BX=0000  CX=0001  DX=0000  SP=FFEE  BP=FFFF  SI=FFEE  DI=0000          
DS=176C  ES=176C  SS=176C  CS=176C  IP=0460   OV DN EI NG ZR AC PE CY           
176C:0460 55            PUSH    BP                                              

AX=0080  BX=0000  CX=0001  DX=0000  SP=FFEC  BP=FFFF  SI=FFEE  DI=0000          
DS=176C  ES=176C  SS=176C  CS=176C  IP=0461   OV DN EI NG ZR AC PE CY           
176C:0461 55            PUSH    BP                                              

AX=0080  BX=0000  CX=0001  DX=0000  SP=FFEA  BP=FFFF  SI=FFEE  DI=0000          
DS=176C  ES=176C  SS=176C  CS=176C  IP=0462   OV DN EI NG ZR AC PE CY           
176C:0462 9D            POPF                                                    

AX=0080  BX=0000  CX=0001  DX=0000  SP=FFEC  BP=FFFF  SI=FFEE  DI=0000          
DS=176C  ES=176C  SS=176C  CS=176C  IP=0463   OV DN EI NG ZR AC PE CY           
176C:0463 89F4          MOV     SP,SI                                           

AX=0080  BX=0000  CX=0001  DX=0000  SP=FFEE  BP=FFFF  SI=FFEE  DI=0000          
DS=176C  ES=176C  SS=176C  CS=176C  IP=0465   OV DN EI NG ZR AC PE CY           
176C:0465 B480          MOV     AH,80                                           

AX=8080  BX=0000  CX=0001  DX=0000  SP=FFEE  BP=FFFF  SI=FFEE  DI=0000          
DS=176C  ES=176C  SS=176C  CS=176C  IP=0467   OV DN EI NG ZR AC PE CY           
176C:0467 55            PUSH    BP                                              

AX=8080  BX=0000  CX=0001  DX=0000  SP=FFEC  BP=FFFF  SI=FFEE  DI=0000          
DS=176C  ES=176C  SS=176C  CS=176C  IP=0468   OV DN EI NG ZR AC PE CY           
176C:0468 55            PUSH    BP                                              

AX=8080  BX=0000  CX=0001  DX=0000  SP=FFEA  BP=FFFF  SI=FFEE  DI=0000          
DS=176C  ES=176C  SS=176C  CS=176C  IP=0469   OV DN EI NG ZR AC PE CY           
176C:0469 9D            POPF                                                    

AX=8080  BX=0000  CX=0001  DX=0000  SP=FFEC  BP=FFFF  SI=FFEE  DI=0000          
DS=176C  ES=176C  SS=176C  CS=176C  IP=046A   OV DN EI NG ZR AC PE CY           
176C:046A 89F4          MOV     SP,SI                                           

AX=8080  BX=0000  CX=0001  DX=0000  SP=FFEE  BP=FFFF  SI=FFEE  DI=0000          
DS=176C  ES=176C  SS=176C  CS=176C  IP=046C   OV DN EI NG ZR AC PE CY           
176C:046C B88000        MOV     AX,0080                                         

AX=0080  BX=0000  CX=0001  DX=0000  SP=FFEE  BP=FFFF  SI=FFEE  DI=0000          
DS=176C  ES=176C  SS=176C  CS=176C  IP=046F   OV DN EI NG ZR AC PE CY           
176C:046F 55            PUSH    BP                                              

AX=0080  BX=0000  CX=0001  DX=0000  SP=FFEC  BP=FFFF  SI=FFEE  DI=0000          
DS=176C  ES=176C  SS=176C  CS=176C  IP=0470   OV DN EI NG ZR AC PE CY           
176C:0470 55            PUSH    BP                                              

AX=0080  BX=0000  CX=0001  DX=0000  SP=FFEA  BP=FFFF  SI=FFEE  DI=0000          
DS=176C  ES=176C  SS=176C  CS=176C  IP=0471   OV DN EI NG ZR AC PE CY           
176C:0471 9D            POPF                                                    

AX=0080  BX=0000  CX=0001  DX=0000  SP=FFEC  BP=FFFF  SI=FFEE  DI=0000          
DS=176C  ES=176C  SS=176C  CS=176C  IP=0472   OV DN EI NG ZR AC PE CY           
176C:0472 89F4          MOV     SP,SI                                           

AX=0080  BX=0000  CX=0001  DX=0000  SP=FFEE  BP=FFFF  SI=FFEE  DI=0000          
DS=176C  ES=176C  SS=176C  CS=176C  IP=0474   OV DN EI NG ZR AC PE CY           
176C:0474 B80180        MOV     AX,8001                                         

AX=8001  BX=0000  CX=0001  DX=0000  SP=FFEE  BP=FFFF  SI=FFEE  DI=0000          
DS=176C  ES=176C  SS=176C  CS=176C  IP=0477   OV DN EI NG ZR AC PE CY           
176C:0477 B100          MOV     CL,00                                           

AX=8001  BX=0000  CX=0000  DX=0000  SP=FFEE  BP=FFFF  SI=FFEE  DI=0000          
DS=176C  ES=176C  SS=176C  CS=176C  IP=0479   OV DN EI NG ZR AC PE CY           
176C:0479 D3F8          SAR     AX,CL                                           

AX=8001  BX=0000  CX=0000  DX=0000  SP=FFEE  BP=FFFF  SI=FFEE  DI=0000          
DS=176C  ES=176C  SS=176C  CS=176C  IP=047B   OV DN EI NG ZR AC PE CY           
176C:047B 55            PUSH    BP                                              

AX=8001  BX=0000  CX=0000  DX=0000  SP=FFEC  BP=FFFF  SI=FFEE  DI=0000          
DS=176C  ES=176C  SS=176C  CS=176C  IP=047C   OV DN EI NG ZR AC PE CY           
176C:047C 55            PUSH    BP                                              

AX=8001  BX=0000  CX=0000  DX=0000  SP=FFEA  BP=FFFF  SI=FFEE  DI=0000          
DS=176C  ES=176C  SS=176C  CS=176C  IP=047D   OV DN EI NG ZR AC PE CY           
176C:047D 9D            POPF                                                    

AX=8001  BX=0000  CX=0000  DX=0000  SP=FFEC  BP=FFFF  SI=FFEE  DI=0000          
DS=176C  ES=176C  SS=176C  CS=176C  IP=047E   OV DN EI NG ZR AC PE CY           
176C:047E 89F4          MOV     SP,SI                                           

AX=8001  BX=0000  CX=0000  DX=0000  SP=FFEE  BP=FFFF  SI=FFEE  DI=0000          
DS=176C  ES=176C  SS=176C  CS=176C  IP=0480   OV DN EI NG ZR AC PE CY           
176C:0480 B401          MOV     AH,01                                           

AX=0101  BX=0000  CX=0000  DX=0000  SP=FFEE  BP=FFFF  SI=FFEE  DI=0000          
DS=176C  ES=176C  SS=176C  CS=176C  IP=0482   OV DN EI NG ZR AC PE CY           
176C:0482 B100          MOV     CL,00                                           

AX=0101  BX=0000  CX=0000  DX=0000  SP=FFEE  BP=FFFF  SI=FFEE  DI=0000          
DS=176C  ES=176C  SS=176C  CS=176C  IP=0484   OV DN EI NG ZR AC PE CY           
176C:0484 D2F8          SAR     AL,CL                                           

AX=0101  BX=0000  CX=0000  DX=0000  SP=FFEE  BP=FFFF  SI=FFEE  DI=0000          
DS=176C  ES=176C  SS=176C  CS=176C  IP=0486   OV DN EI NG ZR AC PE CY           
176C:0486 55            PUSH    BP                                              

AX=0101  BX=0000  CX=0000  DX=0000  SP=FFEC  BP=FFFF  SI=FFEE  DI=0000          
DS=176C  ES=176C  SS=176C  CS=176C  IP=0487   OV DN EI NG ZR AC PE CY           
176C:0487 55            PUSH    BP                                              

AX=0101  BX=0000  CX=0000  DX=0000  SP=FFEA  BP=FFFF  SI=FFEE  DI=0000          
DS=176C  ES=176C  SS=176C  CS=176C  IP=0488   OV DN EI NG ZR AC PE CY           
176C:0488 9D            POPF                                                    

AX=0101  BX=0000  CX=0000  DX=0000  SP=FFEC  BP=FFFF  SI=FFEE  DI=0000          
DS=176C  ES=176C  SS=176C  CS=176C  IP=0489   OV DN EI NG ZR AC PE CY           
176C:0489 89F4          MOV     SP,SI                                           

AX=0101  BX=0000  CX=0000  DX=0000  SP=FFEE  BP=FFFF  SI=FFEE  DI=0000          
DS=176C  ES=176C  SS=176C  CS=176C  IP=048B   OV DN EI NG ZR AC PE CY           
176C:048B B80180        MOV     AX,8001                                         

AX=8001  BX=0000  CX=0000  DX=0000  SP=FFEE  BP=FFFF  SI=FFEE  DI=0000          
DS=176C  ES=176C  SS=176C  CS=176C  IP=048E   OV DN EI NG ZR AC PE CY           
176C:048E 55            PUSH    BP                                              

AX=8001  BX=0000  CX=0000  DX=0000  SP=FFEC  BP=FFFF  SI=FFEE  DI=0000          
DS=176C  ES=176C  SS=176C  CS=176C  IP=048F   OV DN EI NG ZR AC PE CY           
176C:048F 55            PUSH    BP                                              

AX=8001  BX=0000  CX=0000  DX=0000  SP=FFEA  BP=FFFF  SI=FFEE  DI=0000          
DS=176C  ES=176C  SS=176C  CS=176C  IP=0490   OV DN EI NG ZR AC PE CY           
176C:0490 9D            POPF                                                    

AX=8001  BX=0000  CX=0000  DX=0000  SP=FFEC  BP=FFFF  SI=FFEE  DI=0000          
DS=176C  ES=176C  SS=176C  CS=176C  IP=0491   OV DN EI NG ZR AC PE CY           
176C:0491 89F4          MOV     SP,SI                                           

AX=8001  BX=0000  CX=0000  DX=0000  SP=FFEE  BP=FFFF  SI=FFEE  DI=0000          
DS=176C  ES=176C  SS=176C  CS=176C  IP=0493   OV DN EI NG ZR AC PE CY           
176C:0493 B401          MOV     AH,01                                           

AX=0101  BX=0000  CX=0000  DX=0000  SP=FFEE  BP=FFFF  SI=FFEE  DI=0000          
DS=176C  ES=176C  SS=176C  CS=176C  IP=0495   OV DN EI NG ZR AC PE CY           
176C:0495 55            PUSH    BP                                              

AX=0101  BX=0000  CX=0000  DX=0000  SP=FFEC  BP=FFFF  SI=FFEE  DI=0000          
DS=176C  ES=176C  SS=176C  CS=176C  IP=0496   OV DN EI NG ZR AC PE CY           
176C:0496 55            PUSH    BP                                              

AX=0101  BX=0000  CX=0000  DX=0000  SP=FFEA  BP=FFFF  SI=FFEE  DI=0000          
DS=176C  ES=176C  SS=176C  CS=176C  IP=0497   OV DN EI NG ZR AC PE CY           
176C:0497 9D            POPF                                                    

AX=0101  BX=0000  CX=0000  DX=0000  SP=FFEC  BP=FFFF  SI=FFEE  DI=0000          
DS=176C  ES=176C  SS=176C  CS=176C  IP=0498   OV DN EI NG ZR AC PE CY           
176C:0498 89F4          MOV     SP,SI                                           

AX=0101  BX=0000  CX=0000  DX=0000  SP=FFEE  BP=FFFF  SI=FFEE  DI=0000          
DS=176C  ES=176C  SS=176C  CS=176C  IP=049A   OV DN EI NG ZR AC PE CY           
176C:049A B80180        MOV     AX,8001                                         

AX=8001  BX=0000  CX=0000  DX=0000  SP=FFEE  BP=FFFF  SI=FFEE  DI=0000          
DS=176C  ES=176C  SS=176C  CS=176C  IP=049D   OV DN EI NG ZR AC PE CY           
176C:049D 55            PUSH    BP                                              

AX=8001  BX=0000  CX=0000  DX=0000  SP=FFEC  BP=FFFF  SI=FFEE  DI=0000          
DS=176C  ES=176C  SS=176C  CS=176C  IP=049E   OV DN EI NG ZR AC PE CY           
176C:049E 55            PUSH    BP                                              

AX=8001  BX=0000  CX=0000  DX=0000  SP=FFEA  BP=FFFF  SI=FFEE  DI=0000          
DS=176C  ES=176C  SS=176C  CS=176C  IP=049F   OV DN EI NG ZR AC PE CY           
176C:049F 9D            POPF                                                    

AX=8001  BX=0000  CX=0000  DX=0000  SP=FFEC  BP=FFFF  SI=FFEE  DI=0000          
DS=176C  ES=176C  SS=176C  CS=176C  IP=04A0   OV DN EI NG ZR AC PE CY           
176C:04A0 89F4          MOV     SP,SI                                           

AX=8001  BX=0000  CX=0000  DX=0000  SP=FFEE  BP=FFFF  SI=FFEE  DI=0000          
DS=176C  ES=176C  SS=176C  CS=176C  IP=04A2   OV DN EI NG ZR AC PE CY           
176C:04A2 B80180        MOV     AX,8001                                         

AX=8001  BX=0000  CX=0000  DX=0000  SP=FFEE  BP=FFFF  SI=FFEE  DI=0000          
DS=176C  ES=176C  SS=176C  CS=176C  IP=04A5   OV DN EI NG ZR AC PE CY           
176C:04A5 B101          MOV     CL,01                                           

AX=8001  BX=0000  CX=0001  DX=0000  SP=FFEE  BP=FFFF  SI=FFEE  DI=0000          
DS=176C  ES=176C  SS=176C  CS=176C  IP=04A7   OV DN EI NG ZR AC PE CY           
176C:04A7 D3F8          SAR     AX,CL                                           

AX=C000  BX=0000  CX=0001  DX=0000  SP=FFEE  BP=FFFF  SI=FFEE  DI=0000          
DS=176C  ES=176C  SS=176C  CS=176C  IP=04A9   NV DN EI NG NZ NA PE CY           
176C:04A9 55            PUSH    BP                                              

AX=C000  BX=0000  CX=0001  DX=0000  SP=FFEC  BP=FFFF  SI=FFEE  DI=0000          
DS=176C  ES=176C  SS=176C  CS=176C  IP=04AA   NV DN EI NG NZ NA PE CY           
176C:04AA 55            PUSH    BP                                              

AX=C000  BX=0000  CX=0001  DX=0000  SP=FFEA  BP=FFFF  SI=FFEE  DI=0000          
DS=176C  ES=176C  SS=176C  CS=176C  IP=04AB   NV DN EI NG NZ NA PE CY           
176C:04AB 9D            POPF                                                    

AX=C000  BX=0000  CX=0001  DX=0000  SP=FFEC  BP=FFFF  SI=FFEE  DI=0000          
DS=176C  ES=176C  SS=176C  CS=176C  IP=04AC   OV DN EI NG ZR AC PE CY           
176C:04AC 89F4          MOV     SP,SI                                           

AX=C000  BX=0000  CX=0001  DX=0000  SP=FFEE  BP=FFFF  SI=FFEE  DI=0000          
DS=176C  ES=176C  SS=176C  CS=176C  IP=04AE   OV DN EI NG ZR AC PE CY           
176C:04AE B401          MOV     AH,01                                           

AX=0100  BX=0000  CX=0001  DX=0000  SP=FFEE  BP=FFFF  SI=FFEE  DI=0000          
DS=176C  ES=176C  SS=176C  CS=176C  IP=04B0   OV DN EI NG ZR AC PE CY           
176C:04B0 B101          MOV     CL,01                                           

AX=0100  BX=0000  CX=0001  DX=0000  SP=FFEE  BP=FFFF  SI=FFEE  DI=0000          
DS=176C  ES=176C  SS=176C  CS=176C  IP=04B2   OV DN EI NG ZR AC PE CY           
176C:04B2 D2F8          SAR     AL,CL                                           

AX=0100  BX=0000  CX=0001  DX=0000  SP=FFEE  BP=FFFF  SI=FFEE  DI=0000          
DS=176C  ES=176C  SS=176C  CS=176C  IP=04B4   NV DN EI PL ZR NA PE NC           
176C:04B4 55            PUSH    BP                                              

AX=0100  BX=0000  CX=0001  DX=0000  SP=FFEC  BP=FFFF  SI=FFEE  DI=0000          
DS=176C  ES=176C  SS=176C  CS=176C  IP=04B5   NV DN EI PL ZR NA PE NC           
176C:04B5 55            PUSH    BP                                              

AX=0100  BX=0000  CX=0001  DX=0000  SP=FFEA  BP=FFFF  SI=FFEE  DI=0000          
DS=176C  ES=176C  SS=176C  CS=176C  IP=04B6   NV DN EI PL ZR NA PE NC           
176C:04B6 9D            POPF                                                    

AX=0100  BX=0000  CX=0001  DX=0000  SP=FFEC  BP=FFFF  SI=FFEE  DI=0000          
DS=176C  ES=176C  SS=176C  CS=176C  IP=04B7   OV DN EI NG ZR AC PE CY           
176C:04B7 89F4          MOV     SP,SI                                           

AX=0100  BX=0000  CX=0001  DX=0000  SP=FFEE  BP=FFFF  SI=FFEE  DI=0000          
DS=176C  ES=176C  SS=176C  CS=176C  IP=04B9   OV DN EI NG ZR AC PE CY           
176C:04B9 B80180        MOV     AX,8001                                         

AX=8001  BX=0000  CX=0001  DX=0000  SP=FFEE  BP=FFFF  SI=FFEE  DI=0000          
DS=176C  ES=176C  SS=176C  CS=176C  IP=04BC   OV DN EI NG ZR AC PE CY           
176C:04BC 55            PUSH    BP                                              

AX=8001  BX=0000  CX=0001  DX=0000  SP=FFEC  BP=FFFF  SI=FFEE  DI=0000          
DS=176C  ES=176C  SS=176C  CS=176C  IP=04BD   OV DN EI NG ZR AC PE CY           
176C:04BD 55            PUSH    BP                                              

AX=8001  BX=0000  CX=0001  DX=0000  SP=FFEA  BP=FFFF  SI=FFEE  DI=0000          
DS=176C  ES=176C  SS=176C  CS=176C  IP=04BE   OV DN EI NG ZR AC PE CY           
176C:04BE 9D            POPF                                                    

AX=8001  BX=0000  CX=0001  DX=0000  SP=FFEC  BP=FFFF  SI=FFEE  DI=0000          
DS=176C  ES=176C  SS=176C  CS=176C  IP=04BF   OV DN EI NG ZR AC PE CY           
176C:04BF 89F4          MOV     SP,SI                                           

AX=8001  BX=0000  CX=0001  DX=0000  SP=FFEE  BP=FFFF  SI=FFEE  DI=0000          
DS=176C  ES=176C  SS=176C  CS=176C  IP=04C1   OV DN EI NG ZR AC PE CY           
176C:04C1 B401          MOV     AH,01                                           

AX=0101  BX=0000  CX=0001  DX=0000  SP=FFEE  BP=FFFF  SI=FFEE  DI=0000          
DS=176C  ES=176C  SS=176C  CS=176C  IP=04C3   OV DN EI NG ZR AC PE CY           
176C:04C3 55            PUSH    BP                                              

AX=0101  BX=0000  CX=0001  DX=0000  SP=FFEC  BP=FFFF  SI=FFEE  DI=0000          
DS=176C  ES=176C  SS=176C  CS=176C  IP=04C4   OV DN EI NG ZR AC PE CY           
176C:04C4 55            PUSH    BP                                              

AX=0101  BX=0000  CX=0001  DX=0000  SP=FFEA  BP=FFFF  SI=FFEE  DI=0000          
DS=176C  ES=176C  SS=176C  CS=176C  IP=04C5   OV DN EI NG ZR AC PE CY           
176C:04C5 9D            POPF                                                    

AX=0101  BX=0000  CX=0001  DX=0000  SP=FFEC  BP=FFFF  SI=FFEE  DI=0000          
DS=176C  ES=176C  SS=176C  CS=176C  IP=04C6   OV DN EI NG ZR AC PE CY           
176C:04C6 89F4          MOV     SP,SI                                           

AX=0101  BX=0000  CX=0001  DX=0000  SP=FFEE  BP=FFFF  SI=FFEE  DI=0000          
DS=176C  ES=176C  SS=176C  CS=176C  IP=04C8   OV DN EI NG ZR AC PE CY           
176C:04C8 B80180        MOV     AX,8001                                         

AX=8001  BX=0000  CX=0001  DX=0000  SP=FFEE  BP=FFFF  SI=FFEE  DI=0000          
DS=176C  ES=176C  SS=176C  CS=176C  IP=04CB   OV DN EI NG ZR AC PE CY           
176C:04CB 55            PUSH    BP                                              

AX=8001  BX=0000  CX=0001  DX=0000  SP=FFEC  BP=FFFF  SI=FFEE  DI=0000          
DS=176C  ES=176C  SS=176C  CS=176C  IP=04CC   OV DN EI NG ZR AC PE CY           
176C:04CC 55            PUSH    BP                                              

AX=8001  BX=0000  CX=0001  DX=0000  SP=FFEA  BP=FFFF  SI=FFEE  DI=0000          
DS=176C  ES=176C  SS=176C  CS=176C  IP=04CD   OV DN EI NG ZR AC PE CY           
176C:04CD 9D            POPF                                                    

AX=8001  BX=0000  CX=0001  DX=0000  SP=FFEC  BP=FFFF  SI=FFEE  DI=0000          
DS=176C  ES=176C  SS=176C  CS=176C  IP=04CE   OV DN EI NG ZR AC PE CY           
176C:04CE 89F4          MOV     SP,SI                                           

AX=8001  BX=0000  CX=0001  DX=0000  SP=FFEE  BP=FFFF  SI=FFEE  DI=0000          
DS=176C  ES=176C  SS=176C  CS=176C  IP=04D0   OV DN EI NG ZR AC PE CY           
176C:04D0 B8FE7F        MOV     AX,7FFE                                         

AX=7FFE  BX=0000  CX=0001  DX=0000  SP=FFEE  BP=FFFF  SI=FFEE  DI=0000          
DS=176C  ES=176C  SS=176C  CS=176C  IP=04D3   OV DN EI NG ZR AC PE CY           
176C:04D3 B100          MOV     CL,00                                           

AX=7FFE  BX=0000  CX=0000  DX=0000  SP=FFEE  BP=FFFF  SI=FFEE  DI=0000          
DS=176C  ES=176C  SS=176C  CS=176C  IP=04D5   OV DN EI NG ZR AC PE CY           
176C:04D5 D3F8          SAR     AX,CL                                           

AX=7FFE  BX=0000  CX=0000  DX=0000  SP=FFEE  BP=FFFF  SI=FFEE  DI=0000          
DS=176C  ES=176C  SS=176C  CS=176C  IP=04D7   OV DN EI NG ZR AC PE CY           
176C:04D7 55            PUSH    BP                                              

AX=7FFE  BX=0000  CX=0000  DX=0000  SP=FFEC  BP=FFFF  SI=FFEE  DI=0000          
DS=176C  ES=176C  SS=176C  CS=176C  IP=04D8   OV DN EI NG ZR AC PE CY           
176C:04D8 55            PUSH    BP                                              

AX=7FFE  BX=0000  CX=0000  DX=0000  SP=FFEA  BP=FFFF  SI=FFEE  DI=0000          
DS=176C  ES=176C  SS=176C  CS=176C  IP=04D9   OV DN EI NG ZR AC PE CY           
176C:04D9 9D            POPF                                                    

AX=7FFE  BX=0000  CX=0000  DX=0000  SP=FFEC  BP=FFFF  SI=FFEE  DI=0000          
DS=176C  ES=176C  SS=176C  CS=176C  IP=04DA   OV DN EI NG ZR AC PE CY           
176C:04DA 89F4          MOV     SP,SI                                           

AX=7FFE  BX=0000  CX=0000  DX=0000  SP=FFEE  BP=FFFF  SI=FFEE  DI=0000          
DS=176C  ES=176C  SS=176C  CS=176C  IP=04DC   OV DN EI NG ZR AC PE CY           
176C:04DC B4FE          MOV     AH,FE                                           

AX=FEFE  BX=0000  CX=0000  DX=0000  SP=FFEE  BP=FFFF  SI=FFEE  DI=0000          
DS=176C  ES=176C  SS=176C  CS=176C  IP=04DE   OV DN EI NG ZR AC PE CY           
176C:04DE B100          MOV     CL,00                                           

AX=FEFE  BX=0000  CX=0000  DX=0000  SP=FFEE  BP=FFFF  SI=FFEE  DI=0000          
DS=176C  ES=176C  SS=176C  CS=176C  IP=04E0   OV DN EI NG ZR AC PE CY           
176C:04E0 D2F8          SAR     AL,CL                                           

AX=FEFE  BX=0000  CX=0000  DX=0000  SP=FFEE  BP=FFFF  SI=FFEE  DI=0000          
DS=176C  ES=176C  SS=176C  CS=176C  IP=04E2   OV DN EI NG ZR AC PE CY           
176C:04E2 55            PUSH    BP                                              

AX=FEFE  BX=0000  CX=0000  DX=0000  SP=FFEC  BP=FFFF  SI=FFEE  DI=0000          
DS=176C  ES=176C  SS=176C  CS=176C  IP=04E3   OV DN EI NG ZR AC PE CY           
176C:04E3 55            PUSH    BP                                              

AX=FEFE  BX=0000  CX=0000  DX=0000  SP=FFEA  BP=FFFF  SI=FFEE  DI=0000          
DS=176C  ES=176C  SS=176C  CS=176C  IP=04E4   OV DN EI NG ZR AC PE CY           
176C:04E4 9D            POPF                                                    

AX=FEFE  BX=0000  CX=0000  DX=0000  SP=FFEC  BP=FFFF  SI=FFEE  DI=0000          
DS=176C  ES=176C  SS=176C  CS=176C  IP=04E5   OV DN EI NG ZR AC PE CY           
176C:04E5 89F4          MOV     SP,SI                                           

AX=FEFE  BX=0000  CX=0000  DX=0000  SP=FFEE  BP=FFFF  SI=FFEE  DI=0000          
DS=176C  ES=176C  SS=176C  CS=176C  IP=04E7   OV DN EI NG ZR AC PE CY           
176C:04E7 B8FE7F        MOV     AX,7FFE                                         

AX=7FFE  BX=0000  CX=0000  DX=0000  SP=FFEE  BP=FFFF  SI=FFEE  DI=0000          
DS=176C  ES=176C  SS=176C  CS=176C  IP=04EA   OV DN EI NG ZR AC PE CY           
176C:04EA 55            PUSH    BP                                              

AX=7FFE  BX=0000  CX=0000  DX=0000  SP=FFEC  BP=FFFF  SI=FFEE  DI=0000          
DS=176C  ES=176C  SS=176C  CS=176C  IP=04EB   OV DN EI NG ZR AC PE CY           
176C:04EB 55            PUSH    BP                                              

AX=7FFE  BX=0000  CX=0000  DX=0000  SP=FFEA  BP=FFFF  SI=FFEE  DI=0000          
DS=176C  ES=176C  SS=176C  CS=176C  IP=04EC   OV DN EI NG ZR AC PE CY           
176C:04EC 9D            POPF                                                    

AX=7FFE  BX=0000  CX=0000  DX=0000  SP=FFEC  BP=FFFF  SI=FFEE  DI=0000          
DS=176C  ES=176C  SS=176C  CS=176C  IP=04ED   OV DN EI NG ZR AC PE CY           
176C:04ED 89F4          MOV     SP,SI                                           

AX=7FFE  BX=0000  CX=0000  DX=0000  SP=FFEE  BP=FFFF  SI=FFEE  DI=0000          
DS=176C  ES=176C  SS=176C  CS=176C  IP=04EF   OV DN EI NG ZR AC PE CY           
176C:04EF B4FE          MOV     AH,FE                                           

AX=FEFE  BX=0000  CX=0000  DX=0000  SP=FFEE  BP=FFFF  SI=FFEE  DI=0000          
DS=176C  ES=176C  SS=176C  CS=176C  IP=04F1   OV DN EI NG ZR AC PE CY           
176C:04F1 55            PUSH    BP                                              

AX=FEFE  BX=0000  CX=0000  DX=0000  SP=FFEC  BP=FFFF  SI=FFEE  DI=0000          
DS=176C  ES=176C  SS=176C  CS=176C  IP=04F2   OV DN EI NG ZR AC PE CY           
176C:04F2 55            PUSH    BP                                              

AX=FEFE  BX=0000  CX=0000  DX=0000  SP=FFEA  BP=FFFF  SI=FFEE  DI=0000          
DS=176C  ES=176C  SS=176C  CS=176C  IP=04F3   OV DN EI NG ZR AC PE CY           
176C:04F3 9D            POPF                                                    

AX=FEFE  BX=0000  CX=0000  DX=0000  SP=FFEC  BP=FFFF  SI=FFEE  DI=0000          
DS=176C  ES=176C  SS=176C  CS=176C  IP=04F4   OV DN EI NG ZR AC PE CY           
176C:04F4 89F4          MOV     SP,SI                                           

AX=FEFE  BX=0000  CX=0000  DX=0000  SP=FFEE  BP=FFFF  SI=FFEE  DI=0000          
DS=176C  ES=176C  SS=176C  CS=176C  IP=04F6   OV DN EI NG ZR AC PE CY           
176C:04F6 B8FE7F        MOV     AX,7FFE                                         

AX=7FFE  BX=0000  CX=0000  DX=0000  SP=FFEE  BP=FFFF  SI=FFEE  DI=0000          
DS=176C  ES=176C  SS=176C  CS=176C  IP=04F9   OV DN EI NG ZR AC PE CY           
176C:04F9 55            PUSH    BP                                              

AX=7FFE  BX=0000  CX=0000  DX=0000  SP=FFEC  BP=FFFF  SI=FFEE  DI=0000          
DS=176C  ES=176C  SS=176C  CS=176C  IP=04FA   OV DN EI NG ZR AC PE CY           
176C:04FA 55            PUSH    BP                                              

AX=7FFE  BX=0000  CX=0000  DX=0000  SP=FFEA  BP=FFFF  SI=FFEE  DI=0000          
DS=176C  ES=176C  SS=176C  CS=176C  IP=04FB   OV DN EI NG ZR AC PE CY           
176C:04FB 9D            POPF                                                    

AX=7FFE  BX=0000  CX=0000  DX=0000  SP=FFEC  BP=FFFF  SI=FFEE  DI=0000          
DS=176C  ES=176C  SS=176C  CS=176C  IP=04FC   OV DN EI NG ZR AC PE CY           
176C:04FC 89F4          MOV     SP,SI                                           

AX=7FFE  BX=0000  CX=0000  DX=0000  SP=FFEE  BP=FFFF  SI=FFEE  DI=0000          
DS=176C  ES=176C  SS=176C  CS=176C  IP=04FE   OV DN EI NG ZR AC PE CY           
176C:04FE B8FE7F        MOV     AX,7FFE                                         

AX=7FFE  BX=0000  CX=0000  DX=0000  SP=FFEE  BP=FFFF  SI=FFEE  DI=0000          
DS=176C  ES=176C  SS=176C  CS=176C  IP=0501   OV DN EI NG ZR AC PE CY           
176C:0501 B101          MOV     CL,01                                           

AX=7FFE  BX=0000  CX=0001  DX=0000  SP=FFEE  BP=FFFF  SI=FFEE  DI=0000          
DS=176C  ES=176C  SS=176C  CS=176C  IP=0503   OV DN EI NG ZR AC PE CY           
176C:0503 D3F8          SAR     AX,CL                                           

AX=3FFF  BX=0000  CX=0001  DX=0000  SP=FFEE  BP=FFFF  SI=FFEE  DI=0000          
DS=176C  ES=176C  SS=176C  CS=176C  IP=0505   NV DN EI PL NZ NA PE NC           
176C:0505 55            PUSH    BP                                              

AX=3FFF  BX=0000  CX=0001  DX=0000  SP=FFEC  BP=FFFF  SI=FFEE  DI=0000          
DS=176C  ES=176C  SS=176C  CS=176C  IP=0506   NV DN EI PL NZ NA PE NC           
176C:0506 55            PUSH    BP                                              

AX=3FFF  BX=0000  CX=0001  DX=0000  SP=FFEA  BP=FFFF  SI=FFEE  DI=0000          
DS=176C  ES=176C  SS=176C  CS=176C  IP=0507   NV DN EI PL NZ NA PE NC           
176C:0507 9D            POPF                                                    

AX=3FFF  BX=0000  CX=0001  DX=0000  SP=FFEC  BP=FFFF  SI=FFEE  DI=0000          
DS=176C  ES=176C  SS=176C  CS=176C  IP=0508   OV DN EI NG ZR AC PE CY           
176C:0508 89F4          MOV     SP,SI                                           

AX=3FFF  BX=0000  CX=0001  DX=0000  SP=FFEE  BP=FFFF  SI=FFEE  DI=0000          
DS=176C  ES=176C  SS=176C  CS=176C  IP=050A   OV DN EI NG ZR AC PE CY           
176C:050A B4FE          MOV     AH,FE                                           

AX=FEFF  BX=0000  CX=0001  DX=0000  SP=FFEE  BP=FFFF  SI=FFEE  DI=0000          
DS=176C  ES=176C  SS=176C  CS=176C  IP=050C   OV DN EI NG ZR AC PE CY           
176C:050C B101          MOV     CL,01                                           

AX=FEFF  BX=0000  CX=0001  DX=0000  SP=FFEE  BP=FFFF  SI=FFEE  DI=0000          
DS=176C  ES=176C  SS=176C  CS=176C  IP=050E   OV DN EI NG ZR AC PE CY           
176C:050E D2F8          SAR     AL,CL                                           

AX=FEFF  BX=0000  CX=0001  DX=0000  SP=FFEE  BP=FFFF  SI=FFEE  DI=0000          
DS=176C  ES=176C  SS=176C  CS=176C  IP=0510   NV DN EI NG NZ NA PE CY           
176C:0510 55            PUSH    BP                                              

AX=FEFF  BX=0000  CX=0001  DX=0000  SP=FFEC  BP=FFFF  SI=FFEE  DI=0000          
DS=176C  ES=176C  SS=176C  CS=176C  IP=0511   NV DN EI NG NZ NA PE CY           
176C:0511 55            PUSH    BP                                              

AX=FEFF  BX=0000  CX=0001  DX=0000  SP=FFEA  BP=FFFF  SI=FFEE  DI=0000          
DS=176C  ES=176C  SS=176C  CS=176C  IP=0512   NV DN EI NG NZ NA PE CY           
176C:0512 9D            POPF                                                    

AX=FEFF  BX=0000  CX=0001  DX=0000  SP=FFEC  BP=FFFF  SI=FFEE  DI=0000          
DS=176C  ES=176C  SS=176C  CS=176C  IP=0513   OV DN EI NG ZR AC PE CY           
176C:0513 89F4          MOV     SP,SI                                           

AX=FEFF  BX=0000  CX=0001  DX=0000  SP=FFEE  BP=FFFF  SI=FFEE  DI=0000          
DS=176C  ES=176C  SS=176C  CS=176C  IP=0515   OV DN EI NG ZR AC PE CY           
176C:0515 B8FE7F        MOV     AX,7FFE                                         

AX=7FFE  BX=0000  CX=0001  DX=0000  SP=FFEE  BP=FFFF  SI=FFEE  DI=0000          
DS=176C  ES=176C  SS=176C  CS=176C  IP=0518   OV DN EI NG ZR AC PE CY           
176C:0518 55            PUSH    BP                                              

AX=7FFE  BX=0000  CX=0001  DX=0000  SP=FFEC  BP=FFFF  SI=FFEE  DI=0000          
DS=176C  ES=176C  SS=176C  CS=176C  IP=0519   OV DN EI NG ZR AC PE CY           
176C:0519 55            PUSH    BP                                              

AX=7FFE  BX=0000  CX=0001  DX=0000  SP=FFEA  BP=FFFF  SI=FFEE  DI=0000          
DS=176C  ES=176C  SS=176C  CS=176C  IP=051A   OV DN EI NG ZR AC PE CY           
176C:051A 9D            POPF                                                    

AX=7FFE  BX=0000  CX=0001  DX=0000  SP=FFEC  BP=FFFF  SI=FFEE  DI=0000          
DS=176C  ES=176C  SS=176C  CS=176C  IP=051B   OV DN EI NG ZR AC PE CY           
176C:051B 89F4          MOV     SP,SI                                           

AX=7FFE  BX=0000  CX=0001  DX=0000  SP=FFEE  BP=FFFF  SI=FFEE  DI=0000          
DS=176C  ES=176C  SS=176C  CS=176C  IP=051D   OV DN EI NG ZR AC PE CY           
176C:051D B4FE          MOV     AH,FE                                           

AX=FEFE  BX=0000  CX=0001  DX=0000  SP=FFEE  BP=FFFF  SI=FFEE  DI=0000          
DS=176C  ES=176C  SS=176C  CS=176C  IP=051F   OV DN EI NG ZR AC PE CY           
176C:051F 55            PUSH    BP                                              

AX=FEFE  BX=0000  CX=0001  DX=0000  SP=FFEC  BP=FFFF  SI=FFEE  DI=0000          
DS=176C  ES=176C  SS=176C  CS=176C  IP=0520   OV DN EI NG ZR AC PE CY           
176C:0520 55            PUSH    BP                                              

AX=FEFE  BX=0000  CX=0001  DX=0000  SP=FFEA  BP=FFFF  SI=FFEE  DI=0000          
DS=176C  ES=176C  SS=176C  CS=176C  IP=0521   OV DN EI NG ZR AC PE CY           
176C:0521 9D            POPF                                                    

AX=FEFE  BX=0000  CX=0001  DX=0000  SP=FFEC  BP=FFFF  SI=FFEE  DI=0000          
DS=176C  ES=176C  SS=176C  CS=176C  IP=0522   OV DN EI NG ZR AC PE CY           
176C:0522 89F4          MOV     SP,SI                                           

AX=FEFE  BX=0000  CX=0001  DX=0000  SP=FFEE  BP=FFFF  SI=FFEE  DI=0000          
DS=176C  ES=176C  SS=176C  CS=176C  IP=0524   OV DN EI NG ZR AC PE CY           
176C:0524 B8FE7F        MOV     AX,7FFE                                         

AX=7FFE  BX=0000  CX=0001  DX=0000  SP=FFEE  BP=FFFF  SI=FFEE  DI=0000          
DS=176C  ES=176C  SS=176C  CS=176C  IP=0527   OV DN EI NG ZR AC PE CY           
176C:0527 55            PUSH    BP                                              

AX=7FFE  BX=0000  CX=0001  DX=0000  SP=FFEC  BP=FFFF  SI=FFEE  DI=0000          
DS=176C  ES=176C  SS=176C  CS=176C  IP=0528   OV DN EI NG ZR AC PE CY           
176C:0528 55            PUSH    BP                                              

AX=7FFE  BX=0000  CX=0001  DX=0000  SP=FFEA  BP=FFFF  SI=FFEE  DI=0000          
DS=176C  ES=176C  SS=176C  CS=176C  IP=0529   OV DN EI NG ZR AC PE CY           
176C:0529 9D            POPF                                                    

AX=7FFE  BX=0000  CX=0001  DX=0000  SP=FFEC  BP=FFFF  SI=FFEE  DI=0000          
DS=176C  ES=176C  SS=176C  CS=176C  IP=052A   OV DN EI NG ZR AC PE CY           
176C:052A 89F4          MOV     SP,SI                                           

AX=7FFE  BX=0000  CX=0001  DX=0000  SP=FFEE  BP=FFFF  SI=FFEE  DI=0000          
DS=176C  ES=176C  SS=176C  CS=176C  IP=052C   OV DN EI NG ZR AC PE CY           
176C:052C B87E00        MOV     AX,007E                                         

AX=007E  BX=0000  CX=0001  DX=0000  SP=FFEE  BP=FFFF  SI=FFEE  DI=0000          
DS=176C  ES=176C  SS=176C  CS=176C  IP=052F   OV DN EI NG ZR AC PE CY           
176C:052F B100          MOV     CL,00                                           

AX=007E  BX=0000  CX=0000  DX=0000  SP=FFEE  BP=FFFF  SI=FFEE  DI=0000          
DS=176C  ES=176C  SS=176C  CS=176C  IP=0531   OV DN EI NG ZR AC PE CY           
176C:0531 D3F8          SAR     AX,CL                                           

AX=007E  BX=0000  CX=0000  DX=0000  SP=FFEE  BP=FFFF  SI=FFEE  DI=0000          
DS=176C  ES=176C  SS=176C  CS=176C  IP=0533   OV DN EI NG ZR AC PE CY           
176C:0533 55            PUSH    BP                                              

AX=007E  BX=0000  CX=0000  DX=0000  SP=FFEC  BP=FFFF  SI=FFEE  DI=0000          
DS=176C  ES=176C  SS=176C  CS=176C  IP=0534   OV DN EI NG ZR AC PE CY           
176C:0534 55            PUSH    BP                                              

AX=007E  BX=0000  CX=0000  DX=0000  SP=FFEA  BP=FFFF  SI=FFEE  DI=0000          
DS=176C  ES=176C  SS=176C  CS=176C  IP=0535   OV DN EI NG ZR AC PE CY           
176C:0535 9D            POPF                                                    

AX=007E  BX=0000  CX=0000  DX=0000  SP=FFEC  BP=FFFF  SI=FFEE  DI=0000          
DS=176C  ES=176C  SS=176C  CS=176C  IP=0536   OV DN EI NG ZR AC PE CY           
176C:0536 89F4          MOV     SP,SI                                           

AX=007E  BX=0000  CX=0000  DX=0000  SP=FFEE  BP=FFFF  SI=FFEE  DI=0000          
DS=176C  ES=176C  SS=176C  CS=176C  IP=0538   OV DN EI NG ZR AC PE CY           
176C:0538 B47E          MOV     AH,7E                                           

AX=7E7E  BX=0000  CX=0000  DX=0000  SP=FFEE  BP=FFFF  SI=FFEE  DI=0000          
DS=176C  ES=176C  SS=176C  CS=176C  IP=053A   OV DN EI NG ZR AC PE CY           
176C:053A B100          MOV     CL,00                                           

AX=7E7E  BX=0000  CX=0000  DX=0000  SP=FFEE  BP=FFFF  SI=FFEE  DI=0000          
DS=176C  ES=176C  SS=176C  CS=176C  IP=053C   OV DN EI NG ZR AC PE CY           
176C:053C D2F8          SAR     AL,CL                                           

AX=7E7E  BX=0000  CX=0000  DX=0000  SP=FFEE  BP=FFFF  SI=FFEE  DI=0000          
DS=176C  ES=176C  SS=176C  CS=176C  IP=053E   OV DN EI NG ZR AC PE CY           
176C:053E 55            PUSH    BP                                              

AX=7E7E  BX=0000  CX=0000  DX=0000  SP=FFEC  BP=FFFF  SI=FFEE  DI=0000          
DS=176C  ES=176C  SS=176C  CS=176C  IP=053F   OV DN EI NG ZR AC PE CY           
176C:053F 55            PUSH    BP                                              

AX=7E7E  BX=0000  CX=0000  DX=0000  SP=FFEA  BP=FFFF  SI=FFEE  DI=0000          
DS=176C  ES=176C  SS=176C  CS=176C  IP=0540   OV DN EI NG ZR AC PE CY           
176C:0540 9D            POPF                                                    

AX=7E7E  BX=0000  CX=0000  DX=0000  SP=FFEC  BP=FFFF  SI=FFEE  DI=0000          
DS=176C  ES=176C  SS=176C  CS=176C  IP=0541   OV DN EI NG ZR AC PE CY           
176C:0541 89F4          MOV     SP,SI                                           

AX=7E7E  BX=0000  CX=0000  DX=0000  SP=FFEE  BP=FFFF  SI=FFEE  DI=0000          
DS=176C  ES=176C  SS=176C  CS=176C  IP=0543   OV DN EI NG ZR AC PE CY           
176C:0543 B87E00        MOV     AX,007E                                         

AX=007E  BX=0000  CX=0000  DX=0000  SP=FFEE  BP=FFFF  SI=FFEE  DI=0000          
DS=176C  ES=176C  SS=176C  CS=176C  IP=0546   OV DN EI NG ZR AC PE CY           
176C:0546 55            PUSH    BP                                              

AX=007E  BX=0000  CX=0000  DX=0000  SP=FFEC  BP=FFFF  SI=FFEE  DI=0000          
DS=176C  ES=176C  SS=176C  CS=176C  IP=0547   OV DN EI NG ZR AC PE CY           
176C:0547 55            PUSH    BP                                              

AX=007E  BX=0000  CX=0000  DX=0000  SP=FFEA  BP=FFFF  SI=FFEE  DI=0000          
DS=176C  ES=176C  SS=176C  CS=176C  IP=0548   OV DN EI NG ZR AC PE CY           
176C:0548 9D            POPF                                                    

AX=007E  BX=0000  CX=0000  DX=0000  SP=FFEC  BP=FFFF  SI=FFEE  DI=0000          
DS=176C  ES=176C  SS=176C  CS=176C  IP=0549   OV DN EI NG ZR AC PE CY           
176C:0549 89F4          MOV     SP,SI                                           

AX=007E  BX=0000  CX=0000  DX=0000  SP=FFEE  BP=FFFF  SI=FFEE  DI=0000          
DS=176C  ES=176C  SS=176C  CS=176C  IP=054B   OV DN EI NG ZR AC PE CY           
176C:054B B47E          MOV     AH,7E                                           

AX=7E7E  BX=0000  CX=0000  DX=0000  SP=FFEE  BP=FFFF  SI=FFEE  DI=0000          
DS=176C  ES=176C  SS=176C  CS=176C  IP=054D   OV DN EI NG ZR AC PE CY           
176C:054D 55            PUSH    BP                                              

AX=7E7E  BX=0000  CX=0000  DX=0000  SP=FFEC  BP=FFFF  SI=FFEE  DI=0000          
DS=176C  ES=176C  SS=176C  CS=176C  IP=054E   OV DN EI NG ZR AC PE CY           
176C:054E 55            PUSH    BP                                              

AX=7E7E  BX=0000  CX=0000  DX=0000  SP=FFEA  BP=FFFF  SI=FFEE  DI=0000          
DS=176C  ES=176C  SS=176C  CS=176C  IP=054F   OV DN EI NG ZR AC PE CY           
176C:054F 9D            POPF                                                    

AX=7E7E  BX=0000  CX=0000  DX=0000  SP=FFEC  BP=FFFF  SI=FFEE  DI=0000          
DS=176C  ES=176C  SS=176C  CS=176C  IP=0550   OV DN EI NG ZR AC PE CY           
176C:0550 89F4          MOV     SP,SI                                           

AX=7E7E  BX=0000  CX=0000  DX=0000  SP=FFEE  BP=FFFF  SI=FFEE  DI=0000          
DS=176C  ES=176C  SS=176C  CS=176C  IP=0552   OV DN EI NG ZR AC PE CY           
176C:0552 B87E00        MOV     AX,007E                                         

AX=007E  BX=0000  CX=0000  DX=0000  SP=FFEE  BP=FFFF  SI=FFEE  DI=0000          
DS=176C  ES=176C  SS=176C  CS=176C  IP=0555   OV DN EI NG ZR AC PE CY           
176C:0555 55            PUSH    BP                                              

AX=007E  BX=0000  CX=0000  DX=0000  SP=FFEC  BP=FFFF  SI=FFEE  DI=0000          
DS=176C  ES=176C  SS=176C  CS=176C  IP=0556   OV DN EI NG ZR AC PE CY           
176C:0556 55            PUSH    BP                                              

AX=007E  BX=0000  CX=0000  DX=0000  SP=FFEA  BP=FFFF  SI=FFEE  DI=0000          
DS=176C  ES=176C  SS=176C  CS=176C  IP=0557   OV DN EI NG ZR AC PE CY           
176C:0557 9D            POPF                                                    

AX=007E  BX=0000  CX=0000  DX=0000  SP=FFEC  BP=FFFF  SI=FFEE  DI=0000          
DS=176C  ES=176C  SS=176C  CS=176C  IP=0558   OV DN EI NG ZR AC PE CY           
176C:0558 89F4          MOV     SP,SI                                           

AX=007E  BX=0000  CX=0000  DX=0000  SP=FFEE  BP=FFFF  SI=FFEE  DI=0000          
DS=176C  ES=176C  SS=176C  CS=176C  IP=055A   OV DN EI NG ZR AC PE CY           
176C:055A B87E00        MOV     AX,007E                                         

AX=007E  BX=0000  CX=0000  DX=0000  SP=FFEE  BP=FFFF  SI=FFEE  DI=0000          
DS=176C  ES=176C  SS=176C  CS=176C  IP=055D   OV DN EI NG ZR AC PE CY           
176C:055D B101          MOV     CL,01                                           

AX=007E  BX=0000  CX=0001  DX=0000  SP=FFEE  BP=FFFF  SI=FFEE  DI=0000          
DS=176C  ES=176C  SS=176C  CS=176C  IP=055F   OV DN EI NG ZR AC PE CY           
176C:055F D3F8          SAR     AX,CL                                           

AX=003F  BX=0000  CX=0001  DX=0000  SP=FFEE  BP=FFFF  SI=FFEE  DI=0000          
DS=176C  ES=176C  SS=176C  CS=176C  IP=0561   NV DN EI PL NZ NA PE NC           
176C:0561 55            PUSH    BP                                              

AX=003F  BX=0000  CX=0001  DX=0000  SP=FFEC  BP=FFFF  SI=FFEE  DI=0000          
DS=176C  ES=176C  SS=176C  CS=176C  IP=0562   NV DN EI PL NZ NA PE NC           
176C:0562 55            PUSH    BP                                              

AX=003F  BX=0000  CX=0001  DX=0000  SP=FFEA  BP=FFFF  SI=FFEE  DI=0000          
DS=176C  ES=176C  SS=176C  CS=176C  IP=0563   NV DN EI PL NZ NA PE NC           
176C:0563 9D            POPF                                                    

AX=003F  BX=0000  CX=0001  DX=0000  SP=FFEC  BP=FFFF  SI=FFEE  DI=0000          
DS=176C  ES=176C  SS=176C  CS=176C  IP=0564   OV DN EI NG ZR AC PE CY           
176C:0564 89F4          MOV     SP,SI                                           

AX=003F  BX=0000  CX=0001  DX=0000  SP=FFEE  BP=FFFF  SI=FFEE  DI=0000          
DS=176C  ES=176C  SS=176C  CS=176C  IP=0566   OV DN EI NG ZR AC PE CY           
176C:0566 B47E          MOV     AH,7E                                           

AX=7E3F  BX=0000  CX=0001  DX=0000  SP=FFEE  BP=FFFF  SI=FFEE  DI=0000          
DS=176C  ES=176C  SS=176C  CS=176C  IP=0568   OV DN EI NG ZR AC PE CY           
176C:0568 B101          MOV     CL,01                                           

AX=7E3F  BX=0000  CX=0001  DX=0000  SP=FFEE  BP=FFFF  SI=FFEE  DI=0000          
DS=176C  ES=176C  SS=176C  CS=176C  IP=056A   OV DN EI NG ZR AC PE CY           
176C:056A D2F8          SAR     AL,CL                                           

AX=7E1F  BX=0000  CX=0001  DX=0000  SP=FFEE  BP=FFFF  SI=FFEE  DI=0000          
DS=176C  ES=176C  SS=176C  CS=176C  IP=056C   NV DN EI PL NZ NA PO CY           
176C:056C 55            PUSH    BP                                              

AX=7E1F  BX=0000  CX=0001  DX=0000  SP=FFEC  BP=FFFF  SI=FFEE  DI=0000          
DS=176C  ES=176C  SS=176C  CS=176C  IP=056D   NV DN EI PL NZ NA PO CY           
176C:056D 55            PUSH    BP                                              

AX=7E1F  BX=0000  CX=0001  DX=0000  SP=FFEA  BP=FFFF  SI=FFEE  DI=0000          
DS=176C  ES=176C  SS=176C  CS=176C  IP=056E   NV DN EI PL NZ NA PO CY           
176C:056E 9D            POPF                                                    

AX=7E1F  BX=0000  CX=0001  DX=0000  SP=FFEC  BP=FFFF  SI=FFEE  DI=0000          
DS=176C  ES=176C  SS=176C  CS=176C  IP=056F   OV DN EI NG ZR AC PE CY           
176C:056F 89F4          MOV     SP,SI                                           

AX=7E1F  BX=0000  CX=0001  DX=0000  SP=FFEE  BP=FFFF  SI=FFEE  DI=0000          
DS=176C  ES=176C  SS=176C  CS=176C  IP=0571   OV DN EI NG ZR AC PE CY           
176C:0571 B87E00        MOV     AX,007E                                         

AX=007E  BX=0000  CX=0001  DX=0000  SP=FFEE  BP=FFFF  SI=FFEE  DI=0000          
DS=176C  ES=176C  SS=176C  CS=176C  IP=0574   OV DN EI NG ZR AC PE CY           
176C:0574 55            PUSH    BP                                              

AX=007E  BX=0000  CX=0001  DX=0000  SP=FFEC  BP=FFFF  SI=FFEE  DI=0000          
DS=176C  ES=176C  SS=176C  CS=176C  IP=0575   OV DN EI NG ZR AC PE CY           
176C:0575 55            PUSH    BP                                              

AX=007E  BX=0000  CX=0001  DX=0000  SP=FFEA  BP=FFFF  SI=FFEE  DI=0000          
DS=176C  ES=176C  SS=176C  CS=176C  IP=0576   OV DN EI NG ZR AC PE CY           
176C:0576 9D            POPF                                                    

AX=007E  BX=0000  CX=0001  DX=0000  SP=FFEC  BP=FFFF  SI=FFEE  DI=0000          
DS=176C  ES=176C  SS=176C  CS=176C  IP=0577   OV DN EI NG ZR AC PE CY           
176C:0577 89F4          MOV     SP,SI                                           

AX=007E  BX=0000  CX=0001  DX=0000  SP=FFEE  BP=FFFF  SI=FFEE  DI=0000          
DS=176C  ES=176C  SS=176C  CS=176C  IP=0579   OV DN EI NG ZR AC PE CY           
176C:0579 B47E          MOV     AH,7E                                           

AX=7E7E  BX=0000  CX=0001  DX=0000  SP=FFEE  BP=FFFF  SI=FFEE  DI=0000          
DS=176C  ES=176C  SS=176C  CS=176C  IP=057B   OV DN EI NG ZR AC PE CY           
176C:057B 55            PUSH    BP                                              

AX=7E7E  BX=0000  CX=0001  DX=0000  SP=FFEC  BP=FFFF  SI=FFEE  DI=0000          
DS=176C  ES=176C  SS=176C  CS=176C  IP=057C   OV DN EI NG ZR AC PE CY           
176C:057C 55            PUSH    BP                                              

AX=7E7E  BX=0000  CX=0001  DX=0000  SP=FFEA  BP=FFFF  SI=FFEE  DI=0000          
DS=176C  ES=176C  SS=176C  CS=176C  IP=057D   OV DN EI NG ZR AC PE CY           
176C:057D 9D            POPF                                                    

AX=7E7E  BX=0000  CX=0001  DX=0000  SP=FFEC  BP=FFFF  SI=FFEE  DI=0000          
DS=176C  ES=176C  SS=176C  CS=176C  IP=057E   OV DN EI NG ZR AC PE CY           
176C:057E 89F4          MOV     SP,SI                                           

AX=7E7E  BX=0000  CX=0001  DX=0000  SP=FFEE  BP=FFFF  SI=FFEE  DI=0000          
DS=176C  ES=176C  SS=176C  CS=176C  IP=0580   OV DN EI NG ZR AC PE CY           
176C:0580 B87E00        MOV     AX,007E                                         

AX=007E  BX=0000  CX=0001  DX=0000  SP=FFEE  BP=FFFF  SI=FFEE  DI=0000          
DS=176C  ES=176C  SS=176C  CS=176C  IP=0583   OV DN EI NG ZR AC PE CY           
176C:0583 55            PUSH    BP                                              

AX=007E  BX=0000  CX=0001  DX=0000  SP=FFEC  BP=FFFF  SI=FFEE  DI=0000          
DS=176C  ES=176C  SS=176C  CS=176C  IP=0584   OV DN EI NG ZR AC PE CY           
176C:0584 55            PUSH    BP                                              

AX=007E  BX=0000  CX=0001  DX=0000  SP=FFEA  BP=FFFF  SI=FFEE  DI=0000          
DS=176C  ES=176C  SS=176C  CS=176C  IP=0585   OV DN EI NG ZR AC PE CY           
176C:0585 9D            POPF                                                    

AX=007E  BX=0000  CX=0001  DX=0000  SP=FFEC  BP=FFFF  SI=FFEE  DI=0000          
DS=176C  ES=176C  SS=176C  CS=176C  IP=0586   OV DN EI NG ZR AC PE CY           
176C:0586 89F4          MOV     SP,SI                                           

AX=007E  BX=0000  CX=0001  DX=0000  SP=FFEE  BP=FFFF  SI=FFEE  DI=0000          
DS=176C  ES=176C  SS=176C  CS=176C  IP=0588   OV DN EI NG ZR AC PE CY           
176C:0588 B88100        MOV     AX,0081                                         

AX=0081  BX=0000  CX=0001  DX=0000  SP=FFEE  BP=FFFF  SI=FFEE  DI=0000          
DS=176C  ES=176C  SS=176C  CS=176C  IP=058B   OV DN EI NG ZR AC PE CY           
176C:058B B100          MOV     CL,00                                           

AX=0081  BX=0000  CX=0000  DX=0000  SP=FFEE  BP=FFFF  SI=FFEE  DI=0000          
DS=176C  ES=176C  SS=176C  CS=176C  IP=058D   OV DN EI NG ZR AC PE CY           
176C:058D D3F8          SAR     AX,CL                                           

AX=0081  BX=0000  CX=0000  DX=0000  SP=FFEE  BP=FFFF  SI=FFEE  DI=0000          
DS=176C  ES=176C  SS=176C  CS=176C  IP=058F   OV DN EI NG ZR AC PE CY           
176C:058F 55            PUSH    BP                                              

AX=0081  BX=0000  CX=0000  DX=0000  SP=FFEC  BP=FFFF  SI=FFEE  DI=0000          
DS=176C  ES=176C  SS=176C  CS=176C  IP=0590   OV DN EI NG ZR AC PE CY           
176C:0590 55            PUSH    BP                                              

AX=0081  BX=0000  CX=0000  DX=0000  SP=FFEA  BP=FFFF  SI=FFEE  DI=0000          
DS=176C  ES=176C  SS=176C  CS=176C  IP=0591   OV DN EI NG ZR AC PE CY           
176C:0591 9D            POPF                                                    

AX=0081  BX=0000  CX=0000  DX=0000  SP=FFEC  BP=FFFF  SI=FFEE  DI=0000          
DS=176C  ES=176C  SS=176C  CS=176C  IP=0592   OV DN EI NG ZR AC PE CY           
176C:0592 89F4          MOV     SP,SI                                           

AX=0081  BX=0000  CX=0000  DX=0000  SP=FFEE  BP=FFFF  SI=FFEE  DI=0000          
DS=176C  ES=176C  SS=176C  CS=176C  IP=0594   OV DN EI NG ZR AC PE CY           
176C:0594 B481          MOV     AH,81                                           

AX=8181  BX=0000  CX=0000  DX=0000  SP=FFEE  BP=FFFF  SI=FFEE  DI=0000          
DS=176C  ES=176C  SS=176C  CS=176C  IP=0596   OV DN EI NG ZR AC PE CY           
176C:0596 B100          MOV     CL,00                                           

AX=8181  BX=0000  CX=0000  DX=0000  SP=FFEE  BP=FFFF  SI=FFEE  DI=0000          
DS=176C  ES=176C  SS=176C  CS=176C  IP=0598   OV DN EI NG ZR AC PE CY           
176C:0598 D2F8          SAR     AL,CL                                           

AX=8181  BX=0000  CX=0000  DX=0000  SP=FFEE  BP=FFFF  SI=FFEE  DI=0000          
DS=176C  ES=176C  SS=176C  CS=176C  IP=059A   OV DN EI NG ZR AC PE CY           
176C:059A 55            PUSH    BP                                              

AX=8181  BX=0000  CX=0000  DX=0000  SP=FFEC  BP=FFFF  SI=FFEE  DI=0000          
DS=176C  ES=176C  SS=176C  CS=176C  IP=059B   OV DN EI NG ZR AC PE CY           
176C:059B 55            PUSH    BP                                              

AX=8181  BX=0000  CX=0000  DX=0000  SP=FFEA  BP=FFFF  SI=FFEE  DI=0000          
DS=176C  ES=176C  SS=176C  CS=176C  IP=059C   OV DN EI NG ZR AC PE CY           
176C:059C 9D            POPF                                                    

AX=8181  BX=0000  CX=0000  DX=0000  SP=FFEC  BP=FFFF  SI=FFEE  DI=0000          
DS=176C  ES=176C  SS=176C  CS=176C  IP=059D   OV DN EI NG ZR AC PE CY           
176C:059D 89F4          MOV     SP,SI                                           

AX=8181  BX=0000  CX=0000  DX=0000  SP=FFEE  BP=FFFF  SI=FFEE  DI=0000          
DS=176C  ES=176C  SS=176C  CS=176C  IP=059F   OV DN EI NG ZR AC PE CY           
176C:059F B88100        MOV     AX,0081                                         

AX=0081  BX=0000  CX=0000  DX=0000  SP=FFEE  BP=FFFF  SI=FFEE  DI=0000          
DS=176C  ES=176C  SS=176C  CS=176C  IP=05A2   OV DN EI NG ZR AC PE CY           
176C:05A2 55            PUSH    BP                                              

AX=0081  BX=0000  CX=0000  DX=0000  SP=FFEC  BP=FFFF  SI=FFEE  DI=0000          
DS=176C  ES=176C  SS=176C  CS=176C  IP=05A3   OV DN EI NG ZR AC PE CY           
176C:05A3 55            PUSH    BP                                              

AX=0081  BX=0000  CX=0000  DX=0000  SP=FFEA  BP=FFFF  SI=FFEE  DI=0000          
DS=176C  ES=176C  SS=176C  CS=176C  IP=05A4   OV DN EI NG ZR AC PE CY           
176C:05A4 9D            POPF                                                    

AX=0081  BX=0000  CX=0000  DX=0000  SP=FFEC  BP=FFFF  SI=FFEE  DI=0000          
DS=176C  ES=176C  SS=176C  CS=176C  IP=05A5   OV DN EI NG ZR AC PE CY           
176C:05A5 89F4          MOV     SP,SI                                           

AX=0081  BX=0000  CX=0000  DX=0000  SP=FFEE  BP=FFFF  SI=FFEE  DI=0000          
DS=176C  ES=176C  SS=176C  CS=176C  IP=05A7   OV DN EI NG ZR AC PE CY           
176C:05A7 B481          MOV     AH,81                                           

AX=8181  BX=0000  CX=0000  DX=0000  SP=FFEE  BP=FFFF  SI=FFEE  DI=0000          
DS=176C  ES=176C  SS=176C  CS=176C  IP=05A9   OV DN EI NG ZR AC PE CY           
176C:05A9 55            PUSH    BP                                              

AX=8181  BX=0000  CX=0000  DX=0000  SP=FFEC  BP=FFFF  SI=FFEE  DI=0000          
DS=176C  ES=176C  SS=176C  CS=176C  IP=05AA   OV DN EI NG ZR AC PE CY           
176C:05AA 55            PUSH    BP                                              

AX=8181  BX=0000  CX=0000  DX=0000  SP=FFEA  BP=FFFF  SI=FFEE  DI=0000          
DS=176C  ES=176C  SS=176C  CS=176C  IP=05AB   OV DN EI NG ZR AC PE CY           
176C:05AB 9D            POPF                                                    

AX=8181  BX=0000  CX=0000  DX=0000  SP=FFEC  BP=FFFF  SI=FFEE  DI=0000          
DS=176C  ES=176C  SS=176C  CS=176C  IP=05AC   OV DN EI NG ZR AC PE CY           
176C:05AC 89F4          MOV     SP,SI                                           

AX=8181  BX=0000  CX=0000  DX=0000  SP=FFEE  BP=FFFF  SI=FFEE  DI=0000          
DS=176C  ES=176C  SS=176C  CS=176C  IP=05AE   OV DN EI NG ZR AC PE CY           
176C:05AE B88100        MOV     AX,0081                                         

AX=0081  BX=0000  CX=0000  DX=0000  SP=FFEE  BP=FFFF  SI=FFEE  DI=0000          
DS=176C  ES=176C  SS=176C  CS=176C  IP=05B1   OV DN EI NG ZR AC PE CY           
176C:05B1 55            PUSH    BP                                              

AX=0081  BX=0000  CX=0000  DX=0000  SP=FFEC  BP=FFFF  SI=FFEE  DI=0000          
DS=176C  ES=176C  SS=176C  CS=176C  IP=05B2   OV DN EI NG ZR AC PE CY           
176C:05B2 55            PUSH    BP                                              

AX=0081  BX=0000  CX=0000  DX=0000  SP=FFEA  BP=FFFF  SI=FFEE  DI=0000          
DS=176C  ES=176C  SS=176C  CS=176C  IP=05B3   OV DN EI NG ZR AC PE CY           
176C:05B3 9D            POPF                                                    

AX=0081  BX=0000  CX=0000  DX=0000  SP=FFEC  BP=FFFF  SI=FFEE  DI=0000          
DS=176C  ES=176C  SS=176C  CS=176C  IP=05B4   OV DN EI NG ZR AC PE CY           
176C:05B4 89F4          MOV     SP,SI                                           

AX=0081  BX=0000  CX=0000  DX=0000  SP=FFEE  BP=FFFF  SI=FFEE  DI=0000          
DS=176C  ES=176C  SS=176C  CS=176C  IP=05B6   OV DN EI NG ZR AC PE CY           
176C:05B6 B88100        MOV     AX,0081                                         

AX=0081  BX=0000  CX=0000  DX=0000  SP=FFEE  BP=FFFF  SI=FFEE  DI=0000          
DS=176C  ES=176C  SS=176C  CS=176C  IP=05B9   OV DN EI NG ZR AC PE CY           
176C:05B9 B101          MOV     CL,01                                           

AX=0081  BX=0000  CX=0001  DX=0000  SP=FFEE  BP=FFFF  SI=FFEE  DI=0000          
DS=176C  ES=176C  SS=176C  CS=176C  IP=05BB   OV DN EI NG ZR AC PE CY           
176C:05BB D3F8          SAR     AX,CL                                           

AX=0040  BX=0000  CX=0001  DX=0000  SP=FFEE  BP=FFFF  SI=FFEE  DI=0000          
DS=176C  ES=176C  SS=176C  CS=176C  IP=05BD   NV DN EI PL NZ NA PO CY           
176C:05BD 55            PUSH    BP                                              

AX=0040  BX=0000  CX=0001  DX=0000  SP=FFEC  BP=FFFF  SI=FFEE  DI=0000          
DS=176C  ES=176C  SS=176C  CS=176C  IP=05BE   NV DN EI PL NZ NA PO CY           
176C:05BE 55            PUSH    BP                                              

AX=0040  BX=0000  CX=0001  DX=0000  SP=FFEA  BP=FFFF  SI=FFEE  DI=0000          
DS=176C  ES=176C  SS=176C  CS=176C  IP=05BF   NV DN EI PL NZ NA PO CY           
176C:05BF 9D            POPF                                                    

AX=0040  BX=0000  CX=0001  DX=0000  SP=FFEC  BP=FFFF  SI=FFEE  DI=0000          
DS=176C  ES=176C  SS=176C  CS=176C  IP=05C0   OV DN EI NG ZR AC PE CY           
176C:05C0 89F4          MOV     SP,SI                                           

AX=0040  BX=0000  CX=0001  DX=0000  SP=FFEE  BP=FFFF  SI=FFEE  DI=0000          
DS=176C  ES=176C  SS=176C  CS=176C  IP=05C2   OV DN EI NG ZR AC PE CY           
176C:05C2 B481          MOV     AH,81                                           

AX=8140  BX=0000  CX=0001  DX=0000  SP=FFEE  BP=FFFF  SI=FFEE  DI=0000          
DS=176C  ES=176C  SS=176C  CS=176C  IP=05C4   OV DN EI NG ZR AC PE CY           
176C:05C4 B101          MOV     CL,01                                           

AX=8140  BX=0000  CX=0001  DX=0000  SP=FFEE  BP=FFFF  SI=FFEE  DI=0000          
DS=176C  ES=176C  SS=176C  CS=176C  IP=05C6   OV DN EI NG ZR AC PE CY           
176C:05C6 D2F8          SAR     AL,CL                                           

AX=8120  BX=0000  CX=0001  DX=0000  SP=FFEE  BP=FFFF  SI=FFEE  DI=0000          
DS=176C  ES=176C  SS=176C  CS=176C  IP=05C8   NV DN EI PL NZ NA PO NC           
176C:05C8 55            PUSH    BP                                              

AX=8120  BX=0000  CX=0001  DX=0000  SP=FFEC  BP=FFFF  SI=FFEE  DI=0000          
DS=176C  ES=176C  SS=176C  CS=176C  IP=05C9   NV DN EI PL NZ NA PO NC           
176C:05C9 55            PUSH    BP                                              

AX=8120  BX=0000  CX=0001  DX=0000  SP=FFEA  BP=FFFF  SI=FFEE  DI=0000          
DS=176C  ES=176C  SS=176C  CS=176C  IP=05CA   NV DN EI PL NZ NA PO NC           
176C:05CA 9D            POPF                                                    

AX=8120  BX=0000  CX=0001  DX=0000  SP=FFEC  BP=FFFF  SI=FFEE  DI=0000          
DS=176C  ES=176C  SS=176C  CS=176C  IP=05CB   OV DN EI NG ZR AC PE CY           
176C:05CB 89F4          MOV     SP,SI                                           

AX=8120  BX=0000  CX=0001  DX=0000  SP=FFEE  BP=FFFF  SI=FFEE  DI=0000          
DS=176C  ES=176C  SS=176C  CS=176C  IP=05CD   OV DN EI NG ZR AC PE CY           
176C:05CD B88100        MOV     AX,0081                                         

AX=0081  BX=0000  CX=0001  DX=0000  SP=FFEE  BP=FFFF  SI=FFEE  DI=0000          
DS=176C  ES=176C  SS=176C  CS=176C  IP=05D0   OV DN EI NG ZR AC PE CY           
176C:05D0 55            PUSH    BP                                              

AX=0081  BX=0000  CX=0001  DX=0000  SP=FFEC  BP=FFFF  SI=FFEE  DI=0000          
DS=176C  ES=176C  SS=176C  CS=176C  IP=05D1   OV DN EI NG ZR AC PE CY           
176C:05D1 55            PUSH    BP                                              

AX=0081  BX=0000  CX=0001  DX=0000  SP=FFEA  BP=FFFF  SI=FFEE  DI=0000          
DS=176C  ES=176C  SS=176C  CS=176C  IP=05D2   OV DN EI NG ZR AC PE CY           
176C:05D2 9D            POPF                                                    

AX=0081  BX=0000  CX=0001  DX=0000  SP=FFEC  BP=FFFF  SI=FFEE  DI=0000          
DS=176C  ES=176C  SS=176C  CS=176C  IP=05D3   OV DN EI NG ZR AC PE CY           
176C:05D3 89F4          MOV     SP,SI                                           

AX=0081  BX=0000  CX=0001  DX=0000  SP=FFEE  BP=FFFF  SI=FFEE  DI=0000          
DS=176C  ES=176C  SS=176C  CS=176C  IP=05D5   OV DN EI NG ZR AC PE CY           
176C:05D5 B481          MOV     AH,81                                           

AX=8181  BX=0000  CX=0001  DX=0000  SP=FFEE  BP=FFFF  SI=FFEE  DI=0000          
DS=176C  ES=176C  SS=176C  CS=176C  IP=05D7   OV DN EI NG ZR AC PE CY           
176C:05D7 55            PUSH    BP                                              

AX=8181  BX=0000  CX=0001  DX=0000  SP=FFEC  BP=FFFF  SI=FFEE  DI=0000          
DS=176C  ES=176C  SS=176C  CS=176C  IP=05D8   OV DN EI NG ZR AC PE CY           
176C:05D8 55            PUSH    BP                                              

AX=8181  BX=0000  CX=0001  DX=0000  SP=FFEA  BP=FFFF  SI=FFEE  DI=0000          
DS=176C  ES=176C  SS=176C  CS=176C  IP=05D9   OV DN EI NG ZR AC PE CY           
176C:05D9 9D            POPF                                                    

AX=8181  BX=0000  CX=0001  DX=0000  SP=FFEC  BP=FFFF  SI=FFEE  DI=0000          
DS=176C  ES=176C  SS=176C  CS=176C  IP=05DA   OV DN EI NG ZR AC PE CY           
176C:05DA 89F4          MOV     SP,SI                                           

AX=8181  BX=0000  CX=0001  DX=0000  SP=FFEE  BP=FFFF  SI=FFEE  DI=0000          
DS=176C  ES=176C  SS=176C  CS=176C  IP=05DC   OV DN EI NG ZR AC PE CY           
176C:05DC B88100        MOV     AX,0081                                         

AX=0081  BX=0000  CX=0001  DX=0000  SP=FFEE  BP=FFFF  SI=FFEE  DI=0000          
DS=176C  ES=176C  SS=176C  CS=176C  IP=05DF   OV DN EI NG ZR AC PE CY           
176C:05DF 55            PUSH    BP                                              

AX=0081  BX=0000  CX=0001  DX=0000  SP=FFEC  BP=FFFF  SI=FFEE  DI=0000          
DS=176C  ES=176C  SS=176C  CS=176C  IP=05E0   OV DN EI NG ZR AC PE CY           
176C:05E0 55            PUSH    BP                                              

AX=0081  BX=0000  CX=0001  DX=0000  SP=FFEA  BP=FFFF  SI=FFEE  DI=0000          
DS=176C  ES=176C  SS=176C  CS=176C  IP=05E1   OV DN EI NG ZR AC PE CY           
176C:05E1 9D            POPF                                                    

AX=0081  BX=0000  CX=0001  DX=0000  SP=FFEC  BP=FFFF  SI=FFEE  DI=0000          
DS=176C  ES=176C  SS=176C  CS=176C  IP=05E2   OV DN EI NG ZR AC PE CY           
176C:05E2 89F4          MOV     SP,SI                                           

AX=0081  BX=0000  CX=0001  DX=0000  SP=FFEE  BP=FFFF  SI=FFEE  DI=0000          
DS=176C  ES=176C  SS=176C  CS=176C  IP=05E4   OV DN EI NG ZR AC PE CY           
176C:05E4 B81000        MOV     AX,0010                                         

AX=0010  BX=0000  CX=0001  DX=0000  SP=FFEE  BP=FFFF  SI=FFEE  DI=0000          
DS=176C  ES=176C  SS=176C  CS=176C  IP=05E7   OV DN EI NG ZR AC PE CY           
176C:05E7 B100          MOV     CL,00                                           

AX=0010  BX=0000  CX=0000  DX=0000  SP=FFEE  BP=FFFF  SI=FFEE  DI=0000          
DS=176C  ES=176C  SS=176C  CS=176C  IP=05E9   OV DN EI NG ZR AC PE CY           
176C:05E9 D3F8          SAR     AX,CL                                           

AX=0010  BX=0000  CX=0000  DX=0000  SP=FFEE  BP=FFFF  SI=FFEE  DI=0000          
DS=176C  ES=176C  SS=176C  CS=176C  IP=05EB   OV DN EI NG ZR AC PE CY           
176C:05EB 55            PUSH    BP                                              

AX=0010  BX=0000  CX=0000  DX=0000  SP=FFEC  BP=FFFF  SI=FFEE  DI=0000          
DS=176C  ES=176C  SS=176C  CS=176C  IP=05EC   OV DN EI NG ZR AC PE CY           
176C:05EC 55            PUSH    BP                                              

AX=0010  BX=0000  CX=0000  DX=0000  SP=FFEA  BP=FFFF  SI=FFEE  DI=0000          
DS=176C  ES=176C  SS=176C  CS=176C  IP=05ED   OV DN EI NG ZR AC PE CY           
176C:05ED 9D            POPF                                                    

AX=0010  BX=0000  CX=0000  DX=0000  SP=FFEC  BP=FFFF  SI=FFEE  DI=0000          
DS=176C  ES=176C  SS=176C  CS=176C  IP=05EE   OV DN EI NG ZR AC PE CY           
176C:05EE 89F4          MOV     SP,SI                                           

AX=0010  BX=0000  CX=0000  DX=0000  SP=FFEE  BP=FFFF  SI=FFEE  DI=0000          
DS=176C  ES=176C  SS=176C  CS=176C  IP=05F0   OV DN EI NG ZR AC PE CY           
176C:05F0 B410          MOV     AH,10                                           

AX=1010  BX=0000  CX=0000  DX=0000  SP=FFEE  BP=FFFF  SI=FFEE  DI=0000          
DS=176C  ES=176C  SS=176C  CS=176C  IP=05F2   OV DN EI NG ZR AC PE CY           
176C:05F2 B100          MOV     CL,00                                           

AX=1010  BX=0000  CX=0000  DX=0000  SP=FFEE  BP=FFFF  SI=FFEE  DI=0000          
DS=176C  ES=176C  SS=176C  CS=176C  IP=05F4   OV DN EI NG ZR AC PE CY           
176C:05F4 D2F8          SAR     AL,CL                                           

AX=1010  BX=0000  CX=0000  DX=0000  SP=FFEE  BP=FFFF  SI=FFEE  DI=0000          
DS=176C  ES=176C  SS=176C  CS=176C  IP=05F6   OV DN EI NG ZR AC PE CY           
176C:05F6 55            PUSH    BP                                              

AX=1010  BX=0000  CX=0000  DX=0000  SP=FFEC  BP=FFFF  SI=FFEE  DI=0000          
DS=176C  ES=176C  SS=176C  CS=176C  IP=05F7   OV DN EI NG ZR AC PE CY           
176C:05F7 55            PUSH    BP                                              

AX=1010  BX=0000  CX=0000  DX=0000  SP=FFEA  BP=FFFF  SI=FFEE  DI=0000          
DS=176C  ES=176C  SS=176C  CS=176C  IP=05F8   OV DN EI NG ZR AC PE CY           
176C:05F8 9D            POPF                                                    

AX=1010  BX=0000  CX=0000  DX=0000  SP=FFEC  BP=FFFF  SI=FFEE  DI=0000          
DS=176C  ES=176C  SS=176C  CS=176C  IP=05F9   OV DN EI NG ZR AC PE CY           
176C:05F9 89F4          MOV     SP,SI                                           

AX=1010  BX=0000  CX=0000  DX=0000  SP=FFEE  BP=FFFF  SI=FFEE  DI=0000          
DS=176C  ES=176C  SS=176C  CS=176C  IP=05FB   OV DN EI NG ZR AC PE CY           
176C:05FB B81000        MOV     AX,0010                                         

AX=0010  BX=0000  CX=0000  DX=0000  SP=FFEE  BP=FFFF  SI=FFEE  DI=0000          
DS=176C  ES=176C  SS=176C  CS=176C  IP=05FE   OV DN EI NG ZR AC PE CY           
176C:05FE 55            PUSH    BP                                              

AX=0010  BX=0000  CX=0000  DX=0000  SP=FFEC  BP=FFFF  SI=FFEE  DI=0000          
DS=176C  ES=176C  SS=176C  CS=176C  IP=05FF   OV DN EI NG ZR AC PE CY           
176C:05FF 55            PUSH    BP                                              

AX=0010  BX=0000  CX=0000  DX=0000  SP=FFEA  BP=FFFF  SI=FFEE  DI=0000          
DS=176C  ES=176C  SS=176C  CS=176C  IP=0600   OV DN EI NG ZR AC PE CY           
176C:0600 9D            POPF                                                    

AX=0010  BX=0000  CX=0000  DX=0000  SP=FFEC  BP=FFFF  SI=FFEE  DI=0000          
DS=176C  ES=176C  SS=176C  CS=176C  IP=0601   OV DN EI NG ZR AC PE CY           
176C:0601 89F4          MOV     SP,SI                                           

AX=0010  BX=0000  CX=0000  DX=0000  SP=FFEE  BP=FFFF  SI=FFEE  DI=0000          
DS=176C  ES=176C  SS=176C  CS=176C  IP=0603   OV DN EI NG ZR AC PE CY           
176C:0603 B410          MOV     AH,10                                           

AX=1010  BX=0000  CX=0000  DX=0000  SP=FFEE  BP=FFFF  SI=FFEE  DI=0000          
DS=176C  ES=176C  SS=176C  CS=176C  IP=0605   OV DN EI NG ZR AC PE CY           
176C:0605 55            PUSH    BP                                              

AX=1010  BX=0000  CX=0000  DX=0000  SP=FFEC  BP=FFFF  SI=FFEE  DI=0000          
DS=176C  ES=176C  SS=176C  CS=176C  IP=0606   OV DN EI NG ZR AC PE CY           
176C:0606 55            PUSH    BP                                              

AX=1010  BX=0000  CX=0000  DX=0000  SP=FFEA  BP=FFFF  SI=FFEE  DI=0000          
DS=176C  ES=176C  SS=176C  CS=176C  IP=0607   OV DN EI NG ZR AC PE CY           
176C:0607 9D            POPF                                                    

AX=1010  BX=0000  CX=0000  DX=0000  SP=FFEC  BP=FFFF  SI=FFEE  DI=0000          
DS=176C  ES=176C  SS=176C  CS=176C  IP=0608   OV DN EI NG ZR AC PE CY           
176C:0608 89F4          MOV     SP,SI                                           

AX=1010  BX=0000  CX=0000  DX=0000  SP=FFEE  BP=FFFF  SI=FFEE  DI=0000          
DS=176C  ES=176C  SS=176C  CS=176C  IP=060A   OV DN EI NG ZR AC PE CY           
176C:060A B81000        MOV     AX,0010                                         

AX=0010  BX=0000  CX=0000  DX=0000  SP=FFEE  BP=FFFF  SI=FFEE  DI=0000          
DS=176C  ES=176C  SS=176C  CS=176C  IP=060D   OV DN EI NG ZR AC PE CY           
176C:060D 55            PUSH    BP                                              

AX=0010  BX=0000  CX=0000  DX=0000  SP=FFEC  BP=FFFF  SI=FFEE  DI=0000          
DS=176C  ES=176C  SS=176C  CS=176C  IP=060E   OV DN EI NG ZR AC PE CY           
176C:060E 55            PUSH    BP                                              

AX=0010  BX=0000  CX=0000  DX=0000  SP=FFEA  BP=FFFF  SI=FFEE  DI=0000          
DS=176C  ES=176C  SS=176C  CS=176C  IP=060F   OV DN EI NG ZR AC PE CY           
176C:060F 9D            POPF                                                    

AX=0010  BX=0000  CX=0000  DX=0000  SP=FFEC  BP=FFFF  SI=FFEE  DI=0000          
DS=176C  ES=176C  SS=176C  CS=176C  IP=0610   OV DN EI NG ZR AC PE CY           
176C:0610 89F4          MOV     SP,SI                                           

AX=0010  BX=0000  CX=0000  DX=0000  SP=FFEE  BP=FFFF  SI=FFEE  DI=0000          
DS=176C  ES=176C  SS=176C  CS=176C  IP=0612   OV DN EI NG ZR AC PE CY           
176C:0612 B81000        MOV     AX,0010                                         

AX=0010  BX=0000  CX=0000  DX=0000  SP=FFEE  BP=FFFF  SI=FFEE  DI=0000          
DS=176C  ES=176C  SS=176C  CS=176C  IP=0615   OV DN EI NG ZR AC PE CY           
176C:0615 B101          MOV     CL,01                                           

AX=0010  BX=0000  CX=0001  DX=0000  SP=FFEE  BP=FFFF  SI=FFEE  DI=0000          
DS=176C  ES=176C  SS=176C  CS=176C  IP=0617   OV DN EI NG ZR AC PE CY           
176C:0617 D3F8          SAR     AX,CL                                           

AX=0008  BX=0000  CX=0001  DX=0000  SP=FFEE  BP=FFFF  SI=FFEE  DI=0000          
DS=176C  ES=176C  SS=176C  CS=176C  IP=0619   NV DN EI PL NZ NA PO NC           
176C:0619 55            PUSH    BP                                              

AX=0008  BX=0000  CX=0001  DX=0000  SP=FFEC  BP=FFFF  SI=FFEE  DI=0000          
DS=176C  ES=176C  SS=176C  CS=176C  IP=061A   NV DN EI PL NZ NA PO NC           
176C:061A 55            PUSH    BP                                              

AX=0008  BX=0000  CX=0001  DX=0000  SP=FFEA  BP=FFFF  SI=FFEE  DI=0000          
DS=176C  ES=176C  SS=176C  CS=176C  IP=061B   NV DN EI PL NZ NA PO NC           
176C:061B 9D            POPF                                                    

AX=0008  BX=0000  CX=0001  DX=0000  SP=FFEC  BP=FFFF  SI=FFEE  DI=0000          
DS=176C  ES=176C  SS=176C  CS=176C  IP=061C   OV DN EI NG ZR AC PE CY           
176C:061C 89F4          MOV     SP,SI                                           

AX=0008  BX=0000  CX=0001  DX=0000  SP=FFEE  BP=FFFF  SI=FFEE  DI=0000          
DS=176C  ES=176C  SS=176C  CS=176C  IP=061E   OV DN EI NG ZR AC PE CY           
176C:061E B410          MOV     AH,10                                           

AX=1008  BX=0000  CX=0001  DX=0000  SP=FFEE  BP=FFFF  SI=FFEE  DI=0000          
DS=176C  ES=176C  SS=176C  CS=176C  IP=0620   OV DN EI NG ZR AC PE CY           
176C:0620 B101          MOV     CL,01                                           

AX=1008  BX=0000  CX=0001  DX=0000  SP=FFEE  BP=FFFF  SI=FFEE  DI=0000          
DS=176C  ES=176C  SS=176C  CS=176C  IP=0622   OV DN EI NG ZR AC PE CY           
176C:0622 D2F8          SAR     AL,CL                                           

AX=1004  BX=0000  CX=0001  DX=0000  SP=FFEE  BP=FFFF  SI=FFEE  DI=0000          
DS=176C  ES=176C  SS=176C  CS=176C  IP=0624   NV DN EI PL NZ NA PO NC           
176C:0624 55            PUSH    BP                                              

AX=1004  BX=0000  CX=0001  DX=0000  SP=FFEC  BP=FFFF  SI=FFEE  DI=0000          
DS=176C  ES=176C  SS=176C  CS=176C  IP=0625   NV DN EI PL NZ NA PO NC           
176C:0625 55            PUSH    BP                                              

AX=1004  BX=0000  CX=0001  DX=0000  SP=FFEA  BP=FFFF  SI=FFEE  DI=0000          
DS=176C  ES=176C  SS=176C  CS=176C  IP=0626   NV DN EI PL NZ NA PO NC           
176C:0626 9D            POPF                                                    

AX=1004  BX=0000  CX=0001  DX=0000  SP=FFEC  BP=FFFF  SI=FFEE  DI=0000          
DS=176C  ES=176C  SS=176C  CS=176C  IP=0627   OV DN EI NG ZR AC PE CY           
176C:0627 89F4          MOV     SP,SI                                           

AX=1004  BX=0000  CX=0001  DX=0000  SP=FFEE  BP=FFFF  SI=FFEE  DI=0000          
DS=176C  ES=176C  SS=176C  CS=176C  IP=0629   OV DN EI NG ZR AC PE CY           
176C:0629 B81000        MOV     AX,0010                                         

AX=0010  BX=0000  CX=0001  DX=0000  SP=FFEE  BP=FFFF  SI=FFEE  DI=0000          
DS=176C  ES=176C  SS=176C  CS=176C  IP=062C   OV DN EI NG ZR AC PE CY           
176C:062C 55            PUSH    BP                                              

AX=0010  BX=0000  CX=0001  DX=0000  SP=FFEC  BP=FFFF  SI=FFEE  DI=0000          
DS=176C  ES=176C  SS=176C  CS=176C  IP=062D   OV DN EI NG ZR AC PE CY           
176C:062D 55            PUSH    BP                                              

AX=0010  BX=0000  CX=0001  DX=0000  SP=FFEA  BP=FFFF  SI=FFEE  DI=0000          
DS=176C  ES=176C  SS=176C  CS=176C  IP=062E   OV DN EI NG ZR AC PE CY           
176C:062E 9D            POPF                                                    

AX=0010  BX=0000  CX=0001  DX=0000  SP=FFEC  BP=FFFF  SI=FFEE  DI=0000          
DS=176C  ES=176C  SS=176C  CS=176C  IP=062F   OV DN EI NG ZR AC PE CY           
176C:062F 89F4          MOV     SP,SI                                           

AX=0010  BX=0000  CX=0001  DX=0000  SP=FFEE  BP=FFFF  SI=FFEE  DI=0000          
DS=176C  ES=176C  SS=176C  CS=176C  IP=0631   OV DN EI NG ZR AC PE CY           
176C:0631 B410          MOV     AH,10                                           

AX=1010  BX=0000  CX=0001  DX=0000  SP=FFEE  BP=FFFF  SI=FFEE  DI=0000          
DS=176C  ES=176C  SS=176C  CS=176C  IP=0633   OV DN EI NG ZR AC PE CY           
176C:0633 55            PUSH    BP                                              

AX=1010  BX=0000  CX=0001  DX=0000  SP=FFEC  BP=FFFF  SI=FFEE  DI=0000          
DS=176C  ES=176C  SS=176C  CS=176C  IP=0634   OV DN EI NG ZR AC PE CY           
176C:0634 55            PUSH    BP                                              

AX=1010  BX=0000  CX=0001  DX=0000  SP=FFEA  BP=FFFF  SI=FFEE  DI=0000          
DS=176C  ES=176C  SS=176C  CS=176C  IP=0635   OV DN EI NG ZR AC PE CY           
176C:0635 9D            POPF                                                    

AX=1010  BX=0000  CX=0001  DX=0000  SP=FFEC  BP=FFFF  SI=FFEE  DI=0000          
DS=176C  ES=176C  SS=176C  CS=176C  IP=0636   OV DN EI NG ZR AC PE CY           
176C:0636 89F4          MOV     SP,SI                                           

AX=1010  BX=0000  CX=0001  DX=0000  SP=FFEE  BP=FFFF  SI=FFEE  DI=0000          
DS=176C  ES=176C  SS=176C  CS=176C  IP=0638   OV DN EI NG ZR AC PE CY           
176C:0638 B81000        MOV     AX,0010                                         

AX=0010  BX=0000  CX=0001  DX=0000  SP=FFEE  BP=FFFF  SI=FFEE  DI=0000          
DS=176C  ES=176C  SS=176C  CS=176C  IP=063B   OV DN EI NG ZR AC PE CY           
176C:063B 55            PUSH    BP                                              

AX=0010  BX=0000  CX=0001  DX=0000  SP=FFEC  BP=FFFF  SI=FFEE  DI=0000          
DS=176C  ES=176C  SS=176C  CS=176C  IP=063C   OV DN EI NG ZR AC PE CY           
176C:063C 55            PUSH    BP                                              

AX=0010  BX=0000  CX=0001  DX=0000  SP=FFEA  BP=FFFF  SI=FFEE  DI=0000          
DS=176C  ES=176C  SS=176C  CS=176C  IP=063D   OV DN EI NG ZR AC PE CY           
176C:063D 9D            POPF                                                    

AX=0010  BX=0000  CX=0001  DX=0000  SP=FFEC  BP=FFFF  SI=FFEE  DI=0000          
DS=176C  ES=176C  SS=176C  CS=176C  IP=063E   OV DN EI NG ZR AC PE CY           
176C:063E 89F4          MOV     SP,SI                                           

AX=0010  BX=0000  CX=0001  DX=0000  SP=FFEE  BP=FFFF  SI=FFEE  DI=0000          
DS=176C  ES=176C  SS=176C  CS=176C  IP=0640   OV DN EI NG ZR AC PE CY           
176C:0640 B80800        MOV     AX,0008                                         

AX=0008  BX=0000  CX=0001  DX=0000  SP=FFEE  BP=FFFF  SI=FFEE  DI=0000          
DS=176C  ES=176C  SS=176C  CS=176C  IP=0643   OV DN EI NG ZR AC PE CY           
176C:0643 B100          MOV     CL,00                                           

AX=0008  BX=0000  CX=0000  DX=0000  SP=FFEE  BP=FFFF  SI=FFEE  DI=0000          
DS=176C  ES=176C  SS=176C  CS=176C  IP=0645   OV DN EI NG ZR AC PE CY           
176C:0645 D3F8          SAR     AX,CL                                           

AX=0008  BX=0000  CX=0000  DX=0000  SP=FFEE  BP=FFFF  SI=FFEE  DI=0000          
DS=176C  ES=176C  SS=176C  CS=176C  IP=0647   OV DN EI NG ZR AC PE CY           
176C:0647 55            PUSH    BP                                              

AX=0008  BX=0000  CX=0000  DX=0000  SP=FFEC  BP=FFFF  SI=FFEE  DI=0000          
DS=176C  ES=176C  SS=176C  CS=176C  IP=0648   OV DN EI NG ZR AC PE CY           
176C:0648 55            PUSH    BP                                              

AX=0008  BX=0000  CX=0000  DX=0000  SP=FFEA  BP=FFFF  SI=FFEE  DI=0000          
DS=176C  ES=176C  SS=176C  CS=176C  IP=0649   OV DN EI NG ZR AC PE CY           
176C:0649 9D            POPF                                                    

AX=0008  BX=0000  CX=0000  DX=0000  SP=FFEC  BP=FFFF  SI=FFEE  DI=0000          
DS=176C  ES=176C  SS=176C  CS=176C  IP=064A   OV DN EI NG ZR AC PE CY           
176C:064A 89F4          MOV     SP,SI                                           

AX=0008  BX=0000  CX=0000  DX=0000  SP=FFEE  BP=FFFF  SI=FFEE  DI=0000          
DS=176C  ES=176C  SS=176C  CS=176C  IP=064C   OV DN EI NG ZR AC PE CY           
176C:064C B408          MOV     AH,08                                           

AX=0808  BX=0000  CX=0000  DX=0000  SP=FFEE  BP=FFFF  SI=FFEE  DI=0000          
DS=176C  ES=176C  SS=176C  CS=176C  IP=064E   OV DN EI NG ZR AC PE CY           
176C:064E B100          MOV     CL,00                                           

AX=0808  BX=0000  CX=0000  DX=0000  SP=FFEE  BP=FFFF  SI=FFEE  DI=0000          
DS=176C  ES=176C  SS=176C  CS=176C  IP=0650   OV DN EI NG ZR AC PE CY           
176C:0650 D2F8          SAR     AL,CL                                           

AX=0808  BX=0000  CX=0000  DX=0000  SP=FFEE  BP=FFFF  SI=FFEE  DI=0000          
DS=176C  ES=176C  SS=176C  CS=176C  IP=0652   OV DN EI NG ZR AC PE CY           
176C:0652 55            PUSH    BP                                              

AX=0808  BX=0000  CX=0000  DX=0000  SP=FFEC  BP=FFFF  SI=FFEE  DI=0000          
DS=176C  ES=176C  SS=176C  CS=176C  IP=0653   OV DN EI NG ZR AC PE CY           
176C:0653 55            PUSH    BP                                              

AX=0808  BX=0000  CX=0000  DX=0000  SP=FFEA  BP=FFFF  SI=FFEE  DI=0000          
DS=176C  ES=176C  SS=176C  CS=176C  IP=0654   OV DN EI NG ZR AC PE CY           
176C:0654 9D            POPF                                                    

AX=0808  BX=0000  CX=0000  DX=0000  SP=FFEC  BP=FFFF  SI=FFEE  DI=0000          
DS=176C  ES=176C  SS=176C  CS=176C  IP=0655   OV DN EI NG ZR AC PE CY           
176C:0655 89F4          MOV     SP,SI                                           

AX=0808  BX=0000  CX=0000  DX=0000  SP=FFEE  BP=FFFF  SI=FFEE  DI=0000          
DS=176C  ES=176C  SS=176C  CS=176C  IP=0657   OV DN EI NG ZR AC PE CY           
176C:0657 B80800        MOV     AX,0008                                         

AX=0008  BX=0000  CX=0000  DX=0000  SP=FFEE  BP=FFFF  SI=FFEE  DI=0000          
DS=176C  ES=176C  SS=176C  CS=176C  IP=065A   OV DN EI NG ZR AC PE CY           
176C:065A 55            PUSH    BP                                              

AX=0008  BX=0000  CX=0000  DX=0000  SP=FFEC  BP=FFFF  SI=FFEE  DI=0000          
DS=176C  ES=176C  SS=176C  CS=176C  IP=065B   OV DN EI NG ZR AC PE CY           
176C:065B 55            PUSH    BP                                              

AX=0008  BX=0000  CX=0000  DX=0000  SP=FFEA  BP=FFFF  SI=FFEE  DI=0000          
DS=176C  ES=176C  SS=176C  CS=176C  IP=065C   OV DN EI NG ZR AC PE CY           
176C:065C 9D            POPF                                                    

AX=0008  BX=0000  CX=0000  DX=0000  SP=FFEC  BP=FFFF  SI=FFEE  DI=0000          
DS=176C  ES=176C  SS=176C  CS=176C  IP=065D   OV DN EI NG ZR AC PE CY           
176C:065D 89F4          MOV     SP,SI                                           

AX=0008  BX=0000  CX=0000  DX=0000  SP=FFEE  BP=FFFF  SI=FFEE  DI=0000          
DS=176C  ES=176C  SS=176C  CS=176C  IP=065F   OV DN EI NG ZR AC PE CY           
176C:065F B408          MOV     AH,08                                           

AX=0808  BX=0000  CX=0000  DX=0000  SP=FFEE  BP=FFFF  SI=FFEE  DI=0000          
DS=176C  ES=176C  SS=176C  CS=176C  IP=0661   OV DN EI NG ZR AC PE CY           
176C:0661 55            PUSH    BP                                              

AX=0808  BX=0000  CX=0000  DX=0000  SP=FFEC  BP=FFFF  SI=FFEE  DI=0000          
DS=176C  ES=176C  SS=176C  CS=176C  IP=0662   OV DN EI NG ZR AC PE CY           
176C:0662 55            PUSH    BP                                              

AX=0808  BX=0000  CX=0000  DX=0000  SP=FFEA  BP=FFFF  SI=FFEE  DI=0000          
DS=176C  ES=176C  SS=176C  CS=176C  IP=0663   OV DN EI NG ZR AC PE CY           
176C:0663 9D            POPF                                                    

AX=0808  BX=0000  CX=0000  DX=0000  SP=FFEC  BP=FFFF  SI=FFEE  DI=0000          
DS=176C  ES=176C  SS=176C  CS=176C  IP=0664   OV DN EI NG ZR AC PE CY           
176C:0664 89F4          MOV     SP,SI                                           

AX=0808  BX=0000  CX=0000  DX=0000  SP=FFEE  BP=FFFF  SI=FFEE  DI=0000          
DS=176C  ES=176C  SS=176C  CS=176C  IP=0666   OV DN EI NG ZR AC PE CY           
176C:0666 B80800        MOV     AX,0008                                         

AX=0008  BX=0000  CX=0000  DX=0000  SP=FFEE  BP=FFFF  SI=FFEE  DI=0000          
DS=176C  ES=176C  SS=176C  CS=176C  IP=0669   OV DN EI NG ZR AC PE CY           
176C:0669 55            PUSH    BP                                              

AX=0008  BX=0000  CX=0000  DX=0000  SP=FFEC  BP=FFFF  SI=FFEE  DI=0000          
DS=176C  ES=176C  SS=176C  CS=176C  IP=066A   OV DN EI NG ZR AC PE CY           
176C:066A 55            PUSH    BP                                              

AX=0008  BX=0000  CX=0000  DX=0000  SP=FFEA  BP=FFFF  SI=FFEE  DI=0000          
DS=176C  ES=176C  SS=176C  CS=176C  IP=066B   OV DN EI NG ZR AC PE CY           
176C:066B 9D            POPF                                                    

AX=0008  BX=0000  CX=0000  DX=0000  SP=FFEC  BP=FFFF  SI=FFEE  DI=0000          
DS=176C  ES=176C  SS=176C  CS=176C  IP=066C   OV DN EI NG ZR AC PE CY           
176C:066C 89F4          MOV     SP,SI                                           

AX=0008  BX=0000  CX=0000  DX=0000  SP=FFEE  BP=FFFF  SI=FFEE  DI=0000          
DS=176C  ES=176C  SS=176C  CS=176C  IP=066E   OV DN EI NG ZR AC PE CY           
176C:066E B80800        MOV     AX,0008                                         

AX=0008  BX=0000  CX=0000  DX=0000  SP=FFEE  BP=FFFF  SI=FFEE  DI=0000          
DS=176C  ES=176C  SS=176C  CS=176C  IP=0671   OV DN EI NG ZR AC PE CY           
176C:0671 B101          MOV     CL,01                                           

AX=0008  BX=0000  CX=0001  DX=0000  SP=FFEE  BP=FFFF  SI=FFEE  DI=0000          
DS=176C  ES=176C  SS=176C  CS=176C  IP=0673   OV DN EI NG ZR AC PE CY           
176C:0673 D3F8          SAR     AX,CL                                           

AX=0004  BX=0000  CX=0001  DX=0000  SP=FFEE  BP=FFFF  SI=FFEE  DI=0000          
DS=176C  ES=176C  SS=176C  CS=176C  IP=0675   NV DN EI PL NZ NA PO NC           
176C:0675 55            PUSH    BP                                              

AX=0004  BX=0000  CX=0001  DX=0000  SP=FFEC  BP=FFFF  SI=FFEE  DI=0000          
DS=176C  ES=176C  SS=176C  CS=176C  IP=0676   NV DN EI PL NZ NA PO NC           
176C:0676 55            PUSH    BP                                              

AX=0004  BX=0000  CX=0001  DX=0000  SP=FFEA  BP=FFFF  SI=FFEE  DI=0000          
DS=176C  ES=176C  SS=176C  CS=176C  IP=0677   NV DN EI PL NZ NA PO NC           
176C:0677 9D            POPF                                                    

AX=0004  BX=0000  CX=0001  DX=0000  SP=FFEC  BP=FFFF  SI=FFEE  DI=0000          
DS=176C  ES=176C  SS=176C  CS=176C  IP=0678   OV DN EI NG ZR AC PE CY           
176C:0678 89F4          MOV     SP,SI                                           

AX=0004  BX=0000  CX=0001  DX=0000  SP=FFEE  BP=FFFF  SI=FFEE  DI=0000          
DS=176C  ES=176C  SS=176C  CS=176C  IP=067A   OV DN EI NG ZR AC PE CY           
176C:067A B408          MOV     AH,08                                           

AX=0804  BX=0000  CX=0001  DX=0000  SP=FFEE  BP=FFFF  SI=FFEE  DI=0000          
DS=176C  ES=176C  SS=176C  CS=176C  IP=067C   OV DN EI NG ZR AC PE CY           
176C:067C B101          MOV     CL,01                                           

AX=0804  BX=0000  CX=0001  DX=0000  SP=FFEE  BP=FFFF  SI=FFEE  DI=0000          
DS=176C  ES=176C  SS=176C  CS=176C  IP=067E   OV DN EI NG ZR AC PE CY           
176C:067E D2F8          SAR     AL,CL                                           

AX=0802  BX=0000  CX=0001  DX=0000  SP=FFEE  BP=FFFF  SI=FFEE  DI=0000          
DS=176C  ES=176C  SS=176C  CS=176C  IP=0680   NV DN EI PL NZ NA PO NC           
176C:0680 55            PUSH    BP                                              

AX=0802  BX=0000  CX=0001  DX=0000  SP=FFEC  BP=FFFF  SI=FFEE  DI=0000          
DS=176C  ES=176C  SS=176C  CS=176C  IP=0681   NV DN EI PL NZ NA PO NC           
176C:0681 55            PUSH    BP                                              

AX=0802  BX=0000  CX=0001  DX=0000  SP=FFEA  BP=FFFF  SI=FFEE  DI=0000          
DS=176C  ES=176C  SS=176C  CS=176C  IP=0682   NV DN EI PL NZ NA PO NC           
176C:0682 9D            POPF                                                    

AX=0802  BX=0000  CX=0001  DX=0000  SP=FFEC  BP=FFFF  SI=FFEE  DI=0000          
DS=176C  ES=176C  SS=176C  CS=176C  IP=0683   OV DN EI NG ZR AC PE CY           
176C:0683 89F4          MOV     SP,SI                                           

AX=0802  BX=0000  CX=0001  DX=0000  SP=FFEE  BP=FFFF  SI=FFEE  DI=0000          
DS=176C  ES=176C  SS=176C  CS=176C  IP=0685   OV DN EI NG ZR AC PE CY           
176C:0685 B80800        MOV     AX,0008                                         

AX=0008  BX=0000  CX=0001  DX=0000  SP=FFEE  BP=FFFF  SI=FFEE  DI=0000          
DS=176C  ES=176C  SS=176C  CS=176C  IP=0688   OV DN EI NG ZR AC PE CY           
176C:0688 55            PUSH    BP                                              

AX=0008  BX=0000  CX=0001  DX=0000  SP=FFEC  BP=FFFF  SI=FFEE  DI=0000          
DS=176C  ES=176C  SS=176C  CS=176C  IP=0689   OV DN EI NG ZR AC PE CY           
176C:0689 55            PUSH    BP                                              

AX=0008  BX=0000  CX=0001  DX=0000  SP=FFEA  BP=FFFF  SI=FFEE  DI=0000          
DS=176C  ES=176C  SS=176C  CS=176C  IP=068A   OV DN EI NG ZR AC PE CY           
176C:068A 9D            POPF                                                    

AX=0008  BX=0000  CX=0001  DX=0000  SP=FFEC  BP=FFFF  SI=FFEE  DI=0000          
DS=176C  ES=176C  SS=176C  CS=176C  IP=068B   OV DN EI NG ZR AC PE CY           
176C:068B 89F4          MOV     SP,SI                                           

AX=0008  BX=0000  CX=0001  DX=0000  SP=FFEE  BP=FFFF  SI=FFEE  DI=0000          
DS=176C  ES=176C  SS=176C  CS=176C  IP=068D   OV DN EI NG ZR AC PE CY           
176C:068D B408          MOV     AH,08                                           

AX=0808  BX=0000  CX=0001  DX=0000  SP=FFEE  BP=FFFF  SI=FFEE  DI=0000          
DS=176C  ES=176C  SS=176C  CS=176C  IP=068F   OV DN EI NG ZR AC PE CY           
176C:068F 55            PUSH    BP                                              

AX=0808  BX=0000  CX=0001  DX=0000  SP=FFEC  BP=FFFF  SI=FFEE  DI=0000          
DS=176C  ES=176C  SS=176C  CS=176C  IP=0690   OV DN EI NG ZR AC PE CY           
176C:0690 55            PUSH    BP                                              

AX=0808  BX=0000  CX=0001  DX=0000  SP=FFEA  BP=FFFF  SI=FFEE  DI=0000          
DS=176C  ES=176C  SS=176C  CS=176C  IP=0691   OV DN EI NG ZR AC PE CY           
176C:0691 9D            POPF                                                    

AX=0808  BX=0000  CX=0001  DX=0000  SP=FFEC  BP=FFFF  SI=FFEE  DI=0000          
DS=176C  ES=176C  SS=176C  CS=176C  IP=0692   OV DN EI NG ZR AC PE CY           
176C:0692 89F4          MOV     SP,SI                                           

AX=0808  BX=0000  CX=0001  DX=0000  SP=FFEE  BP=FFFF  SI=FFEE  DI=0000          
DS=176C  ES=176C  SS=176C  CS=176C  IP=0694   OV DN EI NG ZR AC PE CY           
176C:0694 B80800        MOV     AX,0008                                         

AX=0008  BX=0000  CX=0001  DX=0000  SP=FFEE  BP=FFFF  SI=FFEE  DI=0000          
DS=176C  ES=176C  SS=176C  CS=176C  IP=0697   OV DN EI NG ZR AC PE CY           
176C:0697 55            PUSH    BP                                              

AX=0008  BX=0000  CX=0001  DX=0000  SP=FFEC  BP=FFFF  SI=FFEE  DI=0000          
DS=176C  ES=176C  SS=176C  CS=176C  IP=0698   OV DN EI NG ZR AC PE CY           
176C:0698 55            PUSH    BP                                              

AX=0008  BX=0000  CX=0001  DX=0000  SP=FFEA  BP=FFFF  SI=FFEE  DI=0000          
DS=176C  ES=176C  SS=176C  CS=176C  IP=0699   OV DN EI NG ZR AC PE CY           
176C:0699 9D            POPF                                                    

AX=0008  BX=0000  CX=0001  DX=0000  SP=FFEC  BP=FFFF  SI=FFEE  DI=0000          
DS=176C  ES=176C  SS=176C  CS=176C  IP=069A   OV DN EI NG ZR AC PE CY           
176C:069A 89F4          MOV     SP,SI                                           

AX=0008  BX=0000  CX=0001  DX=0000  SP=FFEE  BP=FFFF  SI=FFEE  DI=0000          
DS=176C  ES=176C  SS=176C  CS=176C  IP=069C   OV DN EI NG ZR AC PE CY           
176C:069C B81100        MOV     AX,0011                                         

AX=0011  BX=0000  CX=0001  DX=0000  SP=FFEE  BP=FFFF  SI=FFEE  DI=0000          
DS=176C  ES=176C  SS=176C  CS=176C  IP=069F   OV DN EI NG ZR AC PE CY           
176C:069F B100          MOV     CL,00                                           

AX=0011  BX=0000  CX=0000  DX=0000  SP=FFEE  BP=FFFF  SI=FFEE  DI=0000          
DS=176C  ES=176C  SS=176C  CS=176C  IP=06A1   OV DN EI NG ZR AC PE CY           
176C:06A1 D3F8          SAR     AX,CL                                           

AX=0011  BX=0000  CX=0000  DX=0000  SP=FFEE  BP=FFFF  SI=FFEE  DI=0000          
DS=176C  ES=176C  SS=176C  CS=176C  IP=06A3   OV DN EI NG ZR AC PE CY           
176C:06A3 55            PUSH    BP                                              

AX=0011  BX=0000  CX=0000  DX=0000  SP=FFEC  BP=FFFF  SI=FFEE  DI=0000          
DS=176C  ES=176C  SS=176C  CS=176C  IP=06A4   OV DN EI NG ZR AC PE CY           
176C:06A4 55            PUSH    BP                                              

AX=0011  BX=0000  CX=0000  DX=0000  SP=FFEA  BP=FFFF  SI=FFEE  DI=0000          
DS=176C  ES=176C  SS=176C  CS=176C  IP=06A5   OV DN EI NG ZR AC PE CY           
176C:06A5 9D            POPF                                                    

AX=0011  BX=0000  CX=0000  DX=0000  SP=FFEC  BP=FFFF  SI=FFEE  DI=0000          
DS=176C  ES=176C  SS=176C  CS=176C  IP=06A6   OV DN EI NG ZR AC PE CY           
176C:06A6 89F4          MOV     SP,SI                                           

AX=0011  BX=0000  CX=0000  DX=0000  SP=FFEE  BP=FFFF  SI=FFEE  DI=0000          
DS=176C  ES=176C  SS=176C  CS=176C  IP=06A8   OV DN EI NG ZR AC PE CY           
176C:06A8 B411          MOV     AH,11                                           

AX=1111  BX=0000  CX=0000  DX=0000  SP=FFEE  BP=FFFF  SI=FFEE  DI=0000          
DS=176C  ES=176C  SS=176C  CS=176C  IP=06AA   OV DN EI NG ZR AC PE CY           
176C:06AA B100          MOV     CL,00                                           

AX=1111  BX=0000  CX=0000  DX=0000  SP=FFEE  BP=FFFF  SI=FFEE  DI=0000          
DS=176C  ES=176C  SS=176C  CS=176C  IP=06AC   OV DN EI NG ZR AC PE CY           
176C:06AC D2F8          SAR     AL,CL                                           

AX=1111  BX=0000  CX=0000  DX=0000  SP=FFEE  BP=FFFF  SI=FFEE  DI=0000          
DS=176C  ES=176C  SS=176C  CS=176C  IP=06AE   OV DN EI NG ZR AC PE CY           
176C:06AE 55            PUSH    BP                                              

AX=1111  BX=0000  CX=0000  DX=0000  SP=FFEC  BP=FFFF  SI=FFEE  DI=0000          
DS=176C  ES=176C  SS=176C  CS=176C  IP=06AF   OV DN EI NG ZR AC PE CY           
176C:06AF 55            PUSH    BP                                              

AX=1111  BX=0000  CX=0000  DX=0000  SP=FFEA  BP=FFFF  SI=FFEE  DI=0000          
DS=176C  ES=176C  SS=176C  CS=176C  IP=06B0   OV DN EI NG ZR AC PE CY           
176C:06B0 9D            POPF                                                    

AX=1111  BX=0000  CX=0000  DX=0000  SP=FFEC  BP=FFFF  SI=FFEE  DI=0000          
DS=176C  ES=176C  SS=176C  CS=176C  IP=06B1   OV DN EI NG ZR AC PE CY           
176C:06B1 89F4          MOV     SP,SI                                           

AX=1111  BX=0000  CX=0000  DX=0000  SP=FFEE  BP=FFFF  SI=FFEE  DI=0000          
DS=176C  ES=176C  SS=176C  CS=176C  IP=06B3   OV DN EI NG ZR AC PE CY           
176C:06B3 B81100        MOV     AX,0011                                         

AX=0011  BX=0000  CX=0000  DX=0000  SP=FFEE  BP=FFFF  SI=FFEE  DI=0000          
DS=176C  ES=176C  SS=176C  CS=176C  IP=06B6   OV DN EI NG ZR AC PE CY           
176C:06B6 55            PUSH    BP                                              

AX=0011  BX=0000  CX=0000  DX=0000  SP=FFEC  BP=FFFF  SI=FFEE  DI=0000          
DS=176C  ES=176C  SS=176C  CS=176C  IP=06B7   OV DN EI NG ZR AC PE CY           
176C:06B7 55            PUSH    BP                                              

AX=0011  BX=0000  CX=0000  DX=0000  SP=FFEA  BP=FFFF  SI=FFEE  DI=0000          
DS=176C  ES=176C  SS=176C  CS=176C  IP=06B8   OV DN EI NG ZR AC PE CY           
176C:06B8 9D            POPF                                                    

AX=0011  BX=0000  CX=0000  DX=0000  SP=FFEC  BP=FFFF  SI=FFEE  DI=0000          
DS=176C  ES=176C  SS=176C  CS=176C  IP=06B9   OV DN EI NG ZR AC PE CY           
176C:06B9 89F4          MOV     SP,SI                                           

AX=0011  BX=0000  CX=0000  DX=0000  SP=FFEE  BP=FFFF  SI=FFEE  DI=0000          
DS=176C  ES=176C  SS=176C  CS=176C  IP=06BB   OV DN EI NG ZR AC PE CY           
176C:06BB B411          MOV     AH,11                                           

AX=1111  BX=0000  CX=0000  DX=0000  SP=FFEE  BP=FFFF  SI=FFEE  DI=0000          
DS=176C  ES=176C  SS=176C  CS=176C  IP=06BD   OV DN EI NG ZR AC PE CY           
176C:06BD 55            PUSH    BP                                              

AX=1111  BX=0000  CX=0000  DX=0000  SP=FFEC  BP=FFFF  SI=FFEE  DI=0000          
DS=176C  ES=176C  SS=176C  CS=176C  IP=06BE   OV DN EI NG ZR AC PE CY           
176C:06BE 55            PUSH    BP                                              

AX=1111  BX=0000  CX=0000  DX=0000  SP=FFEA  BP=FFFF  SI=FFEE  DI=0000          
DS=176C  ES=176C  SS=176C  CS=176C  IP=06BF   OV DN EI NG ZR AC PE CY           
176C:06BF 9D            POPF                                                    

AX=1111  BX=0000  CX=0000  DX=0000  SP=FFEC  BP=FFFF  SI=FFEE  DI=0000          
DS=176C  ES=176C  SS=176C  CS=176C  IP=06C0   OV DN EI NG ZR AC PE CY           
176C:06C0 89F4          MOV     SP,SI                                           

AX=1111  BX=0000  CX=0000  DX=0000  SP=FFEE  BP=FFFF  SI=FFEE  DI=0000          
DS=176C  ES=176C  SS=176C  CS=176C  IP=06C2   OV DN EI NG ZR AC PE CY           
176C:06C2 B81100        MOV     AX,0011                                         

AX=0011  BX=0000  CX=0000  DX=0000  SP=FFEE  BP=FFFF  SI=FFEE  DI=0000          
DS=176C  ES=176C  SS=176C  CS=176C  IP=06C5   OV DN EI NG ZR AC PE CY           
176C:06C5 55            PUSH    BP                                              

AX=0011  BX=0000  CX=0000  DX=0000  SP=FFEC  BP=FFFF  SI=FFEE  DI=0000          
DS=176C  ES=176C  SS=176C  CS=176C  IP=06C6   OV DN EI NG ZR AC PE CY           
176C:06C6 55            PUSH    BP                                              

AX=0011  BX=0000  CX=0000  DX=0000  SP=FFEA  BP=FFFF  SI=FFEE  DI=0000          
DS=176C  ES=176C  SS=176C  CS=176C  IP=06C7   OV DN EI NG ZR AC PE CY           
176C:06C7 9D            POPF                                                    

AX=0011  BX=0000  CX=0000  DX=0000  SP=FFEC  BP=FFFF  SI=FFEE  DI=0000          
DS=176C  ES=176C  SS=176C  CS=176C  IP=06C8   OV DN EI NG ZR AC PE CY           
176C:06C8 89F4          MOV     SP,SI                                           

AX=0011  BX=0000  CX=0000  DX=0000  SP=FFEE  BP=FFFF  SI=FFEE  DI=0000          
DS=176C  ES=176C  SS=176C  CS=176C  IP=06CA   OV DN EI NG ZR AC PE CY           
176C:06CA B81100        MOV     AX,0011                                         

AX=0011  BX=0000  CX=0000  DX=0000  SP=FFEE  BP=FFFF  SI=FFEE  DI=0000          
DS=176C  ES=176C  SS=176C  CS=176C  IP=06CD   OV DN EI NG ZR AC PE CY           
176C:06CD B101          MOV     CL,01                                           

AX=0011  BX=0000  CX=0001  DX=0000  SP=FFEE  BP=FFFF  SI=FFEE  DI=0000          
DS=176C  ES=176C  SS=176C  CS=176C  IP=06CF   OV DN EI NG ZR AC PE CY           
176C:06CF D3F8          SAR     AX,CL                                           

AX=0008  BX=0000  CX=0001  DX=0000  SP=FFEE  BP=FFFF  SI=FFEE  DI=0000          
DS=176C  ES=176C  SS=176C  CS=176C  IP=06D1   NV DN EI PL NZ NA PO CY           
176C:06D1 55            PUSH    BP                                              

AX=0008  BX=0000  CX=0001  DX=0000  SP=FFEC  BP=FFFF  SI=FFEE  DI=0000          
DS=176C  ES=176C  SS=176C  CS=176C  IP=06D2   NV DN EI PL NZ NA PO CY           
176C:06D2 55            PUSH    BP                                              

AX=0008  BX=0000  CX=0001  DX=0000  SP=FFEA  BP=FFFF  SI=FFEE  DI=0000          
DS=176C  ES=176C  SS=176C  CS=176C  IP=06D3   NV DN EI PL NZ NA PO CY           
176C:06D3 9D            POPF                                                    

AX=0008  BX=0000  CX=0001  DX=0000  SP=FFEC  BP=FFFF  SI=FFEE  DI=0000          
DS=176C  ES=176C  SS=176C  CS=176C  IP=06D4   OV DN EI NG ZR AC PE CY           
176C:06D4 89F4          MOV     SP,SI                                           

AX=0008  BX=0000  CX=0001  DX=0000  SP=FFEE  BP=FFFF  SI=FFEE  DI=0000          
DS=176C  ES=176C  SS=176C  CS=176C  IP=06D6   OV DN EI NG ZR AC PE CY           
176C:06D6 B411          MOV     AH,11                                           

AX=1108  BX=0000  CX=0001  DX=0000  SP=FFEE  BP=FFFF  SI=FFEE  DI=0000          
DS=176C  ES=176C  SS=176C  CS=176C  IP=06D8   OV DN EI NG ZR AC PE CY           
176C:06D8 B101          MOV     CL,01                                           

AX=1108  BX=0000  CX=0001  DX=0000  SP=FFEE  BP=FFFF  SI=FFEE  DI=0000          
DS=176C  ES=176C  SS=176C  CS=176C  IP=06DA   OV DN EI NG ZR AC PE CY           
176C:06DA D2F8          SAR     AL,CL                                           

AX=1104  BX=0000  CX=0001  DX=0000  SP=FFEE  BP=FFFF  SI=FFEE  DI=0000          
DS=176C  ES=176C  SS=176C  CS=176C  IP=06DC   NV DN EI PL NZ NA PO NC           
176C:06DC 55            PUSH    BP                                              

AX=1104  BX=0000  CX=0001  DX=0000  SP=FFEC  BP=FFFF  SI=FFEE  DI=0000          
DS=176C  ES=176C  SS=176C  CS=176C  IP=06DD   NV DN EI PL NZ NA PO NC           
176C:06DD 55            PUSH    BP                                              

AX=1104  BX=0000  CX=0001  DX=0000  SP=FFEA  BP=FFFF  SI=FFEE  DI=0000          
DS=176C  ES=176C  SS=176C  CS=176C  IP=06DE   NV DN EI PL NZ NA PO NC           
176C:06DE 9D            POPF                                                    

AX=1104  BX=0000  CX=0001  DX=0000  SP=FFEC  BP=FFFF  SI=FFEE  DI=0000          
DS=176C  ES=176C  SS=176C  CS=176C  IP=06DF   OV DN EI NG ZR AC PE CY           
176C:06DF 89F4          MOV     SP,SI                                           

AX=1104  BX=0000  CX=0001  DX=0000  SP=FFEE  BP=FFFF  SI=FFEE  DI=0000          
DS=176C  ES=176C  SS=176C  CS=176C  IP=06E1   OV DN EI NG ZR AC PE CY           
176C:06E1 B81100        MOV     AX,0011                                         

AX=0011  BX=0000  CX=0001  DX=0000  SP=FFEE  BP=FFFF  SI=FFEE  DI=0000          
DS=176C  ES=176C  SS=176C  CS=176C  IP=06E4   OV DN EI NG ZR AC PE CY           
176C:06E4 55            PUSH    BP                                              

AX=0011  BX=0000  CX=0001  DX=0000  SP=FFEC  BP=FFFF  SI=FFEE  DI=0000          
DS=176C  ES=176C  SS=176C  CS=176C  IP=06E5   OV DN EI NG ZR AC PE CY           
176C:06E5 55            PUSH    BP                                              

AX=0011  BX=0000  CX=0001  DX=0000  SP=FFEA  BP=FFFF  SI=FFEE  DI=0000          
DS=176C  ES=176C  SS=176C  CS=176C  IP=06E6   OV DN EI NG ZR AC PE CY           
176C:06E6 9D            POPF                                                    

AX=0011  BX=0000  CX=0001  DX=0000  SP=FFEC  BP=FFFF  SI=FFEE  DI=0000          
DS=176C  ES=176C  SS=176C  CS=176C  IP=06E7   OV DN EI NG ZR AC PE CY           
176C:06E7 89F4          MOV     SP,SI                                           

AX=0011  BX=0000  CX=0001  DX=0000  SP=FFEE  BP=FFFF  SI=FFEE  DI=0000          
DS=176C  ES=176C  SS=176C  CS=176C  IP=06E9   OV DN EI NG ZR AC PE CY           
176C:06E9 B411          MOV     AH,11                                           

AX=1111  BX=0000  CX=0001  DX=0000  SP=FFEE  BP=FFFF  SI=FFEE  DI=0000          
DS=176C  ES=176C  SS=176C  CS=176C  IP=06EB   OV DN EI NG ZR AC PE CY           
176C:06EB 55            PUSH    BP                                              

AX=1111  BX=0000  CX=0001  DX=0000  SP=FFEC  BP=FFFF  SI=FFEE  DI=0000          
DS=176C  ES=176C  SS=176C  CS=176C  IP=06EC   OV DN EI NG ZR AC PE CY           
176C:06EC 55            PUSH    BP                                              

AX=1111  BX=0000  CX=0001  DX=0000  SP=FFEA  BP=FFFF  SI=FFEE  DI=0000          
DS=176C  ES=176C  SS=176C  CS=176C  IP=06ED   OV DN EI NG ZR AC PE CY           
176C:06ED 9D            POPF                                                    

AX=1111  BX=0000  CX=0001  DX=0000  SP=FFEC  BP=FFFF  SI=FFEE  DI=0000          
DS=176C  ES=176C  SS=176C  CS=176C  IP=06EE   OV DN EI NG ZR AC PE CY           
176C:06EE 89F4          MOV     SP,SI                                           

AX=1111  BX=0000  CX=0001  DX=0000  SP=FFEE  BP=FFFF  SI=FFEE  DI=0000          
DS=176C  ES=176C  SS=176C  CS=176C  IP=06F0   OV DN EI NG ZR AC PE CY           
176C:06F0 B81100        MOV     AX,0011                                         

AX=0011  BX=0000  CX=0001  DX=0000  SP=FFEE  BP=FFFF  SI=FFEE  DI=0000          
DS=176C  ES=176C  SS=176C  CS=176C  IP=06F3   OV DN EI NG ZR AC PE CY           
176C:06F3 55            PUSH    BP                                              

AX=0011  BX=0000  CX=0001  DX=0000  SP=FFEC  BP=FFFF  SI=FFEE  DI=0000          
DS=176C  ES=176C  SS=176C  CS=176C  IP=06F4   OV DN EI NG ZR AC PE CY           
176C:06F4 55            PUSH    BP                                              

AX=0011  BX=0000  CX=0001  DX=0000  SP=FFEA  BP=FFFF  SI=FFEE  DI=0000          
DS=176C  ES=176C  SS=176C  CS=176C  IP=06F5   OV DN EI NG ZR AC PE CY           
176C:06F5 9D            POPF                                                    

AX=0011  BX=0000  CX=0001  DX=0000  SP=FFEC  BP=FFFF  SI=FFEE  DI=0000          
DS=176C  ES=176C  SS=176C  CS=176C  IP=06F6   OV DN EI NG ZR AC PE CY           
176C:06F6 89F4          MOV     SP,SI                                           

AX=0011  BX=0000  CX=0001  DX=0000  SP=FFEE  BP=FFFF  SI=FFEE  DI=0000          
DS=176C  ES=176C  SS=176C  CS=176C  IP=06F8   OV DN EI NG ZR AC PE CY           
176C:06F8 B80900        MOV     AX,0009                                         

AX=0009  BX=0000  CX=0001  DX=0000  SP=FFEE  BP=FFFF  SI=FFEE  DI=0000          
DS=176C  ES=176C  SS=176C  CS=176C  IP=06FB   OV DN EI NG ZR AC PE CY           
176C:06FB B100          MOV     CL,00                                           

AX=0009  BX=0000  CX=0000  DX=0000  SP=FFEE  BP=FFFF  SI=FFEE  DI=0000          
DS=176C  ES=176C  SS=176C  CS=176C  IP=06FD   OV DN EI NG ZR AC PE CY           
176C:06FD D3F8          SAR     AX,CL                                           

AX=0009  BX=0000  CX=0000  DX=0000  SP=FFEE  BP=FFFF  SI=FFEE  DI=0000          
DS=176C  ES=176C  SS=176C  CS=176C  IP=06FF   OV DN EI NG ZR AC PE CY           
176C:06FF 55            PUSH    BP                                              

AX=0009  BX=0000  CX=0000  DX=0000  SP=FFEC  BP=FFFF  SI=FFEE  DI=0000          
DS=176C  ES=176C  SS=176C  CS=176C  IP=0700   OV DN EI NG ZR AC PE CY           
176C:0700 55            PUSH    BP                                              

AX=0009  BX=0000  CX=0000  DX=0000  SP=FFEA  BP=FFFF  SI=FFEE  DI=0000          
DS=176C  ES=176C  SS=176C  CS=176C  IP=0701   OV DN EI NG ZR AC PE CY           
176C:0701 9D            POPF                                                    

AX=0009  BX=0000  CX=0000  DX=0000  SP=FFEC  BP=FFFF  SI=FFEE  DI=0000          
DS=176C  ES=176C  SS=176C  CS=176C  IP=0702   OV DN EI NG ZR AC PE CY           
176C:0702 89F4          MOV     SP,SI                                           

AX=0009  BX=0000  CX=0000  DX=0000  SP=FFEE  BP=FFFF  SI=FFEE  DI=0000          
DS=176C  ES=176C  SS=176C  CS=176C  IP=0704   OV DN EI NG ZR AC PE CY           
176C:0704 B409          MOV     AH,09                                           

AX=0909  BX=0000  CX=0000  DX=0000  SP=FFEE  BP=FFFF  SI=FFEE  DI=0000          
DS=176C  ES=176C  SS=176C  CS=176C  IP=0706   OV DN EI NG ZR AC PE CY           
176C:0706 B100          MOV     CL,00                                           

AX=0909  BX=0000  CX=0000  DX=0000  SP=FFEE  BP=FFFF  SI=FFEE  DI=0000          
DS=176C  ES=176C  SS=176C  CS=176C  IP=0708   OV DN EI NG ZR AC PE CY           
176C:0708 D2F8          SAR     AL,CL                                           

AX=0909  BX=0000  CX=0000  DX=0000  SP=FFEE  BP=FFFF  SI=FFEE  DI=0000          
DS=176C  ES=176C  SS=176C  CS=176C  IP=070A   OV DN EI NG ZR AC PE CY           
176C:070A 55            PUSH    BP                                              

AX=0909  BX=0000  CX=0000  DX=0000  SP=FFEC  BP=FFFF  SI=FFEE  DI=0000          
DS=176C  ES=176C  SS=176C  CS=176C  IP=070B   OV DN EI NG ZR AC PE CY           
176C:070B 55            PUSH    BP                                              

AX=0909  BX=0000  CX=0000  DX=0000  SP=FFEA  BP=FFFF  SI=FFEE  DI=0000          
DS=176C  ES=176C  SS=176C  CS=176C  IP=070C   OV DN EI NG ZR AC PE CY           
176C:070C 9D            POPF                                                    

AX=0909  BX=0000  CX=0000  DX=0000  SP=FFEC  BP=FFFF  SI=FFEE  DI=0000          
DS=176C  ES=176C  SS=176C  CS=176C  IP=070D   OV DN EI NG ZR AC PE CY           
176C:070D 89F4          MOV     SP,SI                                           

AX=0909  BX=0000  CX=0000  DX=0000  SP=FFEE  BP=FFFF  SI=FFEE  DI=0000          
DS=176C  ES=176C  SS=176C  CS=176C  IP=070F   OV DN EI NG ZR AC PE CY           
176C:070F B80900        MOV     AX,0009                                         

AX=0009  BX=0000  CX=0000  DX=0000  SP=FFEE  BP=FFFF  SI=FFEE  DI=0000          
DS=176C  ES=176C  SS=176C  CS=176C  IP=0712   OV DN EI NG ZR AC PE CY           
176C:0712 55            PUSH    BP                                              

AX=0009  BX=0000  CX=0000  DX=0000  SP=FFEC  BP=FFFF  SI=FFEE  DI=0000          
DS=176C  ES=176C  SS=176C  CS=176C  IP=0713   OV DN EI NG ZR AC PE CY           
176C:0713 55            PUSH    BP                                              

AX=0009  BX=0000  CX=0000  DX=0000  SP=FFEA  BP=FFFF  SI=FFEE  DI=0000          
DS=176C  ES=176C  SS=176C  CS=176C  IP=0714   OV DN EI NG ZR AC PE CY           
176C:0714 9D            POPF                                                    

AX=0009  BX=0000  CX=0000  DX=0000  SP=FFEC  BP=FFFF  SI=FFEE  DI=0000          
DS=176C  ES=176C  SS=176C  CS=176C  IP=0715   OV DN EI NG ZR AC PE CY           
176C:0715 89F4          MOV     SP,SI                                           

AX=0009  BX=0000  CX=0000  DX=0000  SP=FFEE  BP=FFFF  SI=FFEE  DI=0000          
DS=176C  ES=176C  SS=176C  CS=176C  IP=0717   OV DN EI NG ZR AC PE CY           
176C:0717 B409          MOV     AH,09                                           

AX=0909  BX=0000  CX=0000  DX=0000  SP=FFEE  BP=FFFF  SI=FFEE  DI=0000          
DS=176C  ES=176C  SS=176C  CS=176C  IP=0719   OV DN EI NG ZR AC PE CY           
176C:0719 55            PUSH    BP                                              

AX=0909  BX=0000  CX=0000  DX=0000  SP=FFEC  BP=FFFF  SI=FFEE  DI=0000          
DS=176C  ES=176C  SS=176C  CS=176C  IP=071A   OV DN EI NG ZR AC PE CY           
176C:071A 55            PUSH    BP                                              

AX=0909  BX=0000  CX=0000  DX=0000  SP=FFEA  BP=FFFF  SI=FFEE  DI=0000          
DS=176C  ES=176C  SS=176C  CS=176C  IP=071B   OV DN EI NG ZR AC PE CY           
176C:071B 9D            POPF                                                    

AX=0909  BX=0000  CX=0000  DX=0000  SP=FFEC  BP=FFFF  SI=FFEE  DI=0000          
DS=176C  ES=176C  SS=176C  CS=176C  IP=071C   OV DN EI NG ZR AC PE CY           
176C:071C 89F4          MOV     SP,SI                                           

AX=0909  BX=0000  CX=0000  DX=0000  SP=FFEE  BP=FFFF  SI=FFEE  DI=0000          
DS=176C  ES=176C  SS=176C  CS=176C  IP=071E   OV DN EI NG ZR AC PE CY           
176C:071E B80900        MOV     AX,0009                                         

AX=0009  BX=0000  CX=0000  DX=0000  SP=FFEE  BP=FFFF  SI=FFEE  DI=0000          
DS=176C  ES=176C  SS=176C  CS=176C  IP=0721   OV DN EI NG ZR AC PE CY           
176C:0721 55            PUSH    BP                                              

AX=0009  BX=0000  CX=0000  DX=0000  SP=FFEC  BP=FFFF  SI=FFEE  DI=0000          
DS=176C  ES=176C  SS=176C  CS=176C  IP=0722   OV DN EI NG ZR AC PE CY           
176C:0722 55            PUSH    BP                                              

AX=0009  BX=0000  CX=0000  DX=0000  SP=FFEA  BP=FFFF  SI=FFEE  DI=0000          
DS=176C  ES=176C  SS=176C  CS=176C  IP=0723   OV DN EI NG ZR AC PE CY           
176C:0723 9D            POPF                                                    

AX=0009  BX=0000  CX=0000  DX=0000  SP=FFEC  BP=FFFF  SI=FFEE  DI=0000          
DS=176C  ES=176C  SS=176C  CS=176C  IP=0724   OV DN EI NG ZR AC PE CY           
176C:0724 89F4          MOV     SP,SI                                           

AX=0009  BX=0000  CX=0000  DX=0000  SP=FFEE  BP=FFFF  SI=FFEE  DI=0000          
DS=176C  ES=176C  SS=176C  CS=176C  IP=0726   OV DN EI NG ZR AC PE CY           
176C:0726 B80900        MOV     AX,0009                                         

AX=0009  BX=0000  CX=0000  DX=0000  SP=FFEE  BP=FFFF  SI=FFEE  DI=0000          
DS=176C  ES=176C  SS=176C  CS=176C  IP=0729   OV DN EI NG ZR AC PE CY           
176C:0729 B101          MOV     CL,01                                           

AX=0009  BX=0000  CX=0001  DX=0000  SP=FFEE  BP=FFFF  SI=FFEE  DI=0000          
DS=176C  ES=176C  SS=176C  CS=176C  IP=072B   OV DN EI NG ZR AC PE CY           
176C:072B D3F8          SAR     AX,CL                                           

AX=0004  BX=0000  CX=0001  DX=0000  SP=FFEE  BP=FFFF  SI=FFEE  DI=0000          
DS=176C  ES=176C  SS=176C  CS=176C  IP=072D   NV DN EI PL NZ NA PO CY           
176C:072D 55            PUSH    BP                                              

AX=0004  BX=0000  CX=0001  DX=0000  SP=FFEC  BP=FFFF  SI=FFEE  DI=0000          
DS=176C  ES=176C  SS=176C  CS=176C  IP=072E   NV DN EI PL NZ NA PO CY           
176C:072E 55            PUSH    BP                                              

AX=0004  BX=0000  CX=0001  DX=0000  SP=FFEA  BP=FFFF  SI=FFEE  DI=0000          
DS=176C  ES=176C  SS=176C  CS=176C  IP=072F   NV DN EI PL NZ NA PO CY           
176C:072F 9D            POPF                                                    

AX=0004  BX=0000  CX=0001  DX=0000  SP=FFEC  BP=FFFF  SI=FFEE  DI=0000          
DS=176C  ES=176C  SS=176C  CS=176C  IP=0730   OV DN EI NG ZR AC PE CY           
176C:0730 89F4          MOV     SP,SI                                           

AX=0004  BX=0000  CX=0001  DX=0000  SP=FFEE  BP=FFFF  SI=FFEE  DI=0000          
DS=176C  ES=176C  SS=176C  CS=176C  IP=0732   OV DN EI NG ZR AC PE CY           
176C:0732 B409          MOV     AH,09                                           

AX=0904  BX=0000  CX=0001  DX=0000  SP=FFEE  BP=FFFF  SI=FFEE  DI=0000          
DS=176C  ES=176C  SS=176C  CS=176C  IP=0734   OV DN EI NG ZR AC PE CY           
176C:0734 B101          MOV     CL,01                                           

AX=0904  BX=0000  CX=0001  DX=0000  SP=FFEE  BP=FFFF  SI=FFEE  DI=0000          
DS=176C  ES=176C  SS=176C  CS=176C  IP=0736   OV DN EI NG ZR AC PE CY           
176C:0736 D2F8          SAR     AL,CL                                           

AX=0902  BX=0000  CX=0001  DX=0000  SP=FFEE  BP=FFFF  SI=FFEE  DI=0000          
DS=176C  ES=176C  SS=176C  CS=176C  IP=0738   NV DN EI PL NZ NA PO NC           
176C:0738 55            PUSH    BP                                              

AX=0902  BX=0000  CX=0001  DX=0000  SP=FFEC  BP=FFFF  SI=FFEE  DI=0000          
DS=176C  ES=176C  SS=176C  CS=176C  IP=0739   NV DN EI PL NZ NA PO NC           
176C:0739 55            PUSH    BP                                              

AX=0902  BX=0000  CX=0001  DX=0000  SP=FFEA  BP=FFFF  SI=FFEE  DI=0000          
DS=176C  ES=176C  SS=176C  CS=176C  IP=073A   NV DN EI PL NZ NA PO NC           
176C:073A 9D            POPF                                                    

AX=0902  BX=0000  CX=0001  DX=0000  SP=FFEC  BP=FFFF  SI=FFEE  DI=0000          
DS=176C  ES=176C  SS=176C  CS=176C  IP=073B   OV DN EI NG ZR AC PE CY           
176C:073B 89F4          MOV     SP,SI                                           

AX=0902  BX=0000  CX=0001  DX=0000  SP=FFEE  BP=FFFF  SI=FFEE  DI=0000          
DS=176C  ES=176C  SS=176C  CS=176C  IP=073D   OV DN EI NG ZR AC PE CY           
176C:073D B80900        MOV     AX,0009                                         

AX=0009  BX=0000  CX=0001  DX=0000  SP=FFEE  BP=FFFF  SI=FFEE  DI=0000          
DS=176C  ES=176C  SS=176C  CS=176C  IP=0740   OV DN EI NG ZR AC PE CY           
176C:0740 55            PUSH    BP                                              

AX=0009  BX=0000  CX=0001  DX=0000  SP=FFEC  BP=FFFF  SI=FFEE  DI=0000          
DS=176C  ES=176C  SS=176C  CS=176C  IP=0741   OV DN EI NG ZR AC PE CY           
176C:0741 55            PUSH    BP                                              

AX=0009  BX=0000  CX=0001  DX=0000  SP=FFEA  BP=FFFF  SI=FFEE  DI=0000          
DS=176C  ES=176C  SS=176C  CS=176C  IP=0742   OV DN EI NG ZR AC PE CY           
176C:0742 9D            POPF                                                    

AX=0009  BX=0000  CX=0001  DX=0000  SP=FFEC  BP=FFFF  SI=FFEE  DI=0000          
DS=176C  ES=176C  SS=176C  CS=176C  IP=0743   OV DN EI NG ZR AC PE CY           
176C:0743 89F4          MOV     SP,SI                                           

AX=0009  BX=0000  CX=0001  DX=0000  SP=FFEE  BP=FFFF  SI=FFEE  DI=0000          
DS=176C  ES=176C  SS=176C  CS=176C  IP=0745   OV DN EI NG ZR AC PE CY           
176C:0745 B409          MOV     AH,09                                           

AX=0909  BX=0000  CX=0001  DX=0000  SP=FFEE  BP=FFFF  SI=FFEE  DI=0000          
DS=176C  ES=176C  SS=176C  CS=176C  IP=0747   OV DN EI NG ZR AC PE CY           
176C:0747 55            PUSH    BP                                              

AX=0909  BX=0000  CX=0001  DX=0000  SP=FFEC  BP=FFFF  SI=FFEE  DI=0000          
DS=176C  ES=176C  SS=176C  CS=176C  IP=0748   OV DN EI NG ZR AC PE CY           
176C:0748 55            PUSH    BP                                              

AX=0909  BX=0000  CX=0001  DX=0000  SP=FFEA  BP=FFFF  SI=FFEE  DI=0000          
DS=176C  ES=176C  SS=176C  CS=176C  IP=0749   OV DN EI NG ZR AC PE CY           
176C:0749 9D            POPF                                                    

AX=0909  BX=0000  CX=0001  DX=0000  SP=FFEC  BP=FFFF  SI=FFEE  DI=0000          
DS=176C  ES=176C  SS=176C  CS=176C  IP=074A   OV DN EI NG ZR AC PE CY           
176C:074A 89F4          MOV     SP,SI                                           

AX=0909  BX=0000  CX=0001  DX=0000  SP=FFEE  BP=FFFF  SI=FFEE  DI=0000          
DS=176C  ES=176C  SS=176C  CS=176C  IP=074C   OV DN EI NG ZR AC PE CY           
176C:074C B80900        MOV     AX,0009                                         

AX=0009  BX=0000  CX=0001  DX=0000  SP=FFEE  BP=FFFF  SI=FFEE  DI=0000          
DS=176C  ES=176C  SS=176C  CS=176C  IP=074F   OV DN EI NG ZR AC PE CY           
176C:074F CD20          INT     20                                              

