AX=0000  BX=0000  CX=0000  DX=0000  SP=FFEE  BP=0000  SI=0000  DI=0000          
DS=176C  ES=176C  SS=176C  CS=176C  IP=0100   NV UP EI PL NZ NA PO NC           
176C:0100 89E6          MOV     SI,SP                                           

AX=0000  BX=0000  CX=0000  DX=0000  SP=FFEE  BP=0000  SI=FFEE  DI=0000          
DS=176C  ES=176C  SS=176C  CS=176C  IP=0102   NV UP EI PL NZ NA PO NC           
176C:0102 BD0000        MOV     BP,0000                                         

AX=0000  BX=0000  CX=0000  DX=0000  SP=FFEE  BP=0000  SI=FFEE  DI=0000          
DS=176C  ES=176C  SS=176C  CS=176C  IP=0105   NV UP EI PL NZ NA PO NC           
176C:0105 55            PUSH    BP                                              

AX=0000  BX=0000  CX=0000  DX=0000  SP=FFEC  BP=0000  SI=FFEE  DI=0000          
DS=176C  ES=176C  SS=176C  CS=176C  IP=0106   NV UP EI PL NZ NA PO NC           
176C:0106 55            PUSH    BP                                              

AX=0000  BX=0000  CX=0000  DX=0000  SP=FFEA  BP=0000  SI=FFEE  DI=0000          
DS=176C  ES=176C  SS=176C  CS=176C  IP=0107   NV UP EI PL NZ NA PO NC           
176C:0107 9D            POPF                                                    

AX=0000  BX=0000  CX=0000  DX=0000  SP=FFEC  BP=0000  SI=FFEE  DI=0000          
DS=176C  ES=176C  SS=176C  CS=176C  IP=0108   NV UP DI PL NZ NA PO NC           
176C:0108 89F4          MOV     SP,SI                                           

AX=0000  BX=0000  CX=0000  DX=0000  SP=FFEE  BP=0000  SI=FFEE  DI=0000          
DS=176C  ES=176C  SS=176C  CS=176C  IP=010A   NV UP DI PL NZ NA PO NC           
176C:010A B8EE51        MOV     AX,51EE                                         

AX=51EE  BX=0000  CX=0000  DX=0000  SP=FFEE  BP=0000  SI=FFEE  DI=0000          
DS=176C  ES=176C  SS=176C  CS=176C  IP=010D   NV UP DI PL NZ NA PO NC           
176C:010D B146          MOV     CL,46                                           

AX=51EE  BX=0000  CX=0046  DX=0000  SP=FFEE  BP=0000  SI=FFEE  DI=0000          
DS=176C  ES=176C  SS=176C  CS=176C  IP=010F   NV UP DI PL NZ NA PO NC           
176C:010F D3E0          SHL     AX,CL                                           

AX=7B80  BX=0000  CX=0046  DX=0000  SP=FFEE  BP=0000  SI=FFEE  DI=0000          
DS=176C  ES=176C  SS=176C  CS=176C  IP=0111   NV UP DI PL NZ NA PO NC           
176C:0111 55            PUSH    BP                                              

AX=7B80  BX=0000  CX=0046  DX=0000  SP=FFEC  BP=0000  SI=FFEE  DI=0000          
DS=176C  ES=176C  SS=176C  CS=176C  IP=0112   NV UP DI PL NZ NA PO NC           
176C:0112 55            PUSH    BP                                              

AX=7B80  BX=0000  CX=0046  DX=0000  SP=FFEA  BP=0000  SI=FFEE  DI=0000          
DS=176C  ES=176C  SS=176C  CS=176C  IP=0113   NV UP DI PL NZ NA PO NC           
176C:0113 9D            POPF                                                    

AX=7B80  BX=0000  CX=0046  DX=0000  SP=FFEC  BP=0000  SI=FFEE  DI=0000          
DS=176C  ES=176C  SS=176C  CS=176C  IP=0114   NV UP DI PL NZ NA PO NC           
176C:0114 89F4          MOV     SP,SI                                           

AX=7B80  BX=0000  CX=0046  DX=0000  SP=FFEE  BP=0000  SI=FFEE  DI=0000          
DS=176C  ES=176C  SS=176C  CS=176C  IP=0116   NV UP DI PL NZ NA PO NC           
176C:0116 B4EE          MOV     AH,EE                                           

AX=EE80  BX=0000  CX=0046  DX=0000  SP=FFEE  BP=0000  SI=FFEE  DI=0000          
DS=176C  ES=176C  SS=176C  CS=176C  IP=0118   NV UP DI PL NZ NA PO NC           
176C:0118 B146          MOV     CL,46                                           

AX=EE80  BX=0000  CX=0046  DX=0000  SP=FFEE  BP=0000  SI=FFEE  DI=0000          
DS=176C  ES=176C  SS=176C  CS=176C  IP=011A   NV UP DI PL NZ NA PO NC           
176C:011A D2E0          SHL     AL,CL                                           

AX=EE00  BX=0000  CX=0046  DX=0000  SP=FFEE  BP=0000  SI=FFEE  DI=0000          
DS=176C  ES=176C  SS=176C  CS=176C  IP=011C   NV UP DI PL ZR NA PE NC           
176C:011C 55            PUSH    BP                                              

AX=EE00  BX=0000  CX=0046  DX=0000  SP=FFEC  BP=0000  SI=FFEE  DI=0000          
DS=176C  ES=176C  SS=176C  CS=176C  IP=011D   NV UP DI PL ZR NA PE NC           
176C:011D 55            PUSH    BP                                              

AX=EE00  BX=0000  CX=0046  DX=0000  SP=FFEA  BP=0000  SI=FFEE  DI=0000          
DS=176C  ES=176C  SS=176C  CS=176C  IP=011E   NV UP DI PL ZR NA PE NC           
176C:011E 9D            POPF                                                    

AX=EE00  BX=0000  CX=0046  DX=0000  SP=FFEC  BP=0000  SI=FFEE  DI=0000          
DS=176C  ES=176C  SS=176C  CS=176C  IP=011F   NV UP DI PL NZ NA PO NC           
176C:011F 89F4          MOV     SP,SI                                           

AX=EE00  BX=0000  CX=0046  DX=0000  SP=FFEE  BP=0000  SI=FFEE  DI=0000          
DS=176C  ES=176C  SS=176C  CS=176C  IP=0121   NV UP DI PL NZ NA PO NC           
176C:0121 B8EE51        MOV     AX,51EE                                         

AX=51EE  BX=0000  CX=0046  DX=0000  SP=FFEE  BP=0000  SI=FFEE  DI=0000          
DS=176C  ES=176C  SS=176C  CS=176C  IP=0124   NV UP DI PL NZ NA PO NC           
176C:0124 55            PUSH    BP                                              

AX=51EE  BX=0000  CX=0046  DX=0000  SP=FFEC  BP=0000  SI=FFEE  DI=0000          
DS=176C  ES=176C  SS=176C  CS=176C  IP=0125   NV UP DI PL NZ NA PO NC           
176C:0125 55            PUSH    BP                                              

AX=51EE  BX=0000  CX=0046  DX=0000  SP=FFEA  BP=0000  SI=FFEE  DI=0000          
DS=176C  ES=176C  SS=176C  CS=176C  IP=0126   NV UP DI PL NZ NA PO NC           
176C:0126 9D            POPF                                                    

AX=51EE  BX=0000  CX=0046  DX=0000  SP=FFEC  BP=0000  SI=FFEE  DI=0000          
DS=176C  ES=176C  SS=176C  CS=176C  IP=0127   NV UP DI PL NZ NA PO NC           
176C:0127 89F4          MOV     SP,SI                                           

AX=51EE  BX=0000  CX=0046  DX=0000  SP=FFEE  BP=0000  SI=FFEE  DI=0000          
DS=176C  ES=176C  SS=176C  CS=176C  IP=0129   NV UP DI PL NZ NA PO NC           
176C:0129 B4EE          MOV     AH,EE                                           

AX=EEEE  BX=0000  CX=0046  DX=0000  SP=FFEE  BP=0000  SI=FFEE  DI=0000          
DS=176C  ES=176C  SS=176C  CS=176C  IP=012B   NV UP DI PL NZ NA PO NC           
176C:012B 55            PUSH    BP                                              

AX=EEEE  BX=0000  CX=0046  DX=0000  SP=FFEC  BP=0000  SI=FFEE  DI=0000          
DS=176C  ES=176C  SS=176C  CS=176C  IP=012C   NV UP DI PL NZ NA PO NC           
176C:012C 55            PUSH    BP                                              

AX=EEEE  BX=0000  CX=0046  DX=0000  SP=FFEA  BP=0000  SI=FFEE  DI=0000          
DS=176C  ES=176C  SS=176C  CS=176C  IP=012D   NV UP DI PL NZ NA PO NC           
176C:012D 9D            POPF                                                    

AX=EEEE  BX=0000  CX=0046  DX=0000  SP=FFEC  BP=0000  SI=FFEE  DI=0000          
DS=176C  ES=176C  SS=176C  CS=176C  IP=012E   NV UP DI PL NZ NA PO NC           
176C:012E 89F4          MOV     SP,SI                                           

AX=EEEE  BX=0000  CX=0046  DX=0000  SP=FFEE  BP=0000  SI=FFEE  DI=0000          
DS=176C  ES=176C  SS=176C  CS=176C  IP=0130   NV UP DI PL NZ NA PO NC           
176C:0130 B8EE51        MOV     AX,51EE                                         

AX=51EE  BX=0000  CX=0046  DX=0000  SP=FFEE  BP=0000  SI=FFEE  DI=0000          
DS=176C  ES=176C  SS=176C  CS=176C  IP=0133   NV UP DI PL NZ NA PO NC           
176C:0133 55            PUSH    BP                                              

AX=51EE  BX=0000  CX=0046  DX=0000  SP=FFEC  BP=0000  SI=FFEE  DI=0000          
DS=176C  ES=176C  SS=176C  CS=176C  IP=0134   NV UP DI PL NZ NA PO NC           
176C:0134 55            PUSH    BP                                              

AX=51EE  BX=0000  CX=0046  DX=0000  SP=FFEA  BP=0000  SI=FFEE  DI=0000          
DS=176C  ES=176C  SS=176C  CS=176C  IP=0135   NV UP DI PL NZ NA PO NC           
176C:0135 9D            POPF                                                    

AX=51EE  BX=0000  CX=0046  DX=0000  SP=FFEC  BP=0000  SI=FFEE  DI=0000          
DS=176C  ES=176C  SS=176C  CS=176C  IP=0136   NV UP DI PL NZ NA PO NC           
176C:0136 89F4          MOV     SP,SI                                           

AX=51EE  BX=0000  CX=0046  DX=0000  SP=FFEE  BP=0000  SI=FFEE  DI=0000          
DS=176C  ES=176C  SS=176C  CS=176C  IP=0138   NV UP DI PL NZ NA PO NC           
176C:0138 B8645D        MOV     AX,5D64                                         

AX=5D64  BX=0000  CX=0046  DX=0000  SP=FFEE  BP=0000  SI=FFEE  DI=0000          
DS=176C  ES=176C  SS=176C  CS=176C  IP=013B   NV UP DI PL NZ NA PO NC           
176C:013B B17C          MOV     CL,7C                                           

AX=5D64  BX=0000  CX=007C  DX=0000  SP=FFEE  BP=0000  SI=FFEE  DI=0000          
DS=176C  ES=176C  SS=176C  CS=176C  IP=013D   NV UP DI PL NZ NA PO NC           
176C:013D D3E0          SHL     AX,CL                                           

AX=0000  BX=0000  CX=007C  DX=0000  SP=FFEE  BP=0000  SI=FFEE  DI=0000          
DS=176C  ES=176C  SS=176C  CS=176C  IP=013F   NV UP DI PL ZR NA PE NC           
176C:013F 55            PUSH    BP                                              

AX=0000  BX=0000  CX=007C  DX=0000  SP=FFEC  BP=0000  SI=FFEE  DI=0000          
DS=176C  ES=176C  SS=176C  CS=176C  IP=0140   NV UP DI PL ZR NA PE NC           
176C:0140 55            PUSH    BP                                              

AX=0000  BX=0000  CX=007C  DX=0000  SP=FFEA  BP=0000  SI=FFEE  DI=0000          
DS=176C  ES=176C  SS=176C  CS=176C  IP=0141   NV UP DI PL ZR NA PE NC           
176C:0141 9D            POPF                                                    

AX=0000  BX=0000  CX=007C  DX=0000  SP=FFEC  BP=0000  SI=FFEE  DI=0000          
DS=176C  ES=176C  SS=176C  CS=176C  IP=0142   NV UP DI PL NZ NA PO NC           
176C:0142 89F4          MOV     SP,SI                                           

AX=0000  BX=0000  CX=007C  DX=0000  SP=FFEE  BP=0000  SI=FFEE  DI=0000          
DS=176C  ES=176C  SS=176C  CS=176C  IP=0144   NV UP DI PL NZ NA PO NC           
176C:0144 B464          MOV     AH,64                                           

AX=6400  BX=0000  CX=007C  DX=0000  SP=FFEE  BP=0000  SI=FFEE  DI=0000          
DS=176C  ES=176C  SS=176C  CS=176C  IP=0146   NV UP DI PL NZ NA PO NC           
176C:0146 B17C          MOV     CL,7C                                           

AX=6400  BX=0000  CX=007C  DX=0000  SP=FFEE  BP=0000  SI=FFEE  DI=0000          
DS=176C  ES=176C  SS=176C  CS=176C  IP=0148   NV UP DI PL NZ NA PO NC           
176C:0148 D2E0          SHL     AL,CL                                           

AX=6400  BX=0000  CX=007C  DX=0000  SP=FFEE  BP=0000  SI=FFEE  DI=0000          
DS=176C  ES=176C  SS=176C  CS=176C  IP=014A   NV UP DI PL ZR NA PE NC           
176C:014A 55            PUSH    BP                                              

AX=6400  BX=0000  CX=007C  DX=0000  SP=FFEC  BP=0000  SI=FFEE  DI=0000          
DS=176C  ES=176C  SS=176C  CS=176C  IP=014B   NV UP DI PL ZR NA PE NC           
176C:014B 55            PUSH    BP                                              

AX=6400  BX=0000  CX=007C  DX=0000  SP=FFEA  BP=0000  SI=FFEE  DI=0000          
DS=176C  ES=176C  SS=176C  CS=176C  IP=014C   NV UP DI PL ZR NA PE NC           
176C:014C 9D            POPF                                                    

AX=6400  BX=0000  CX=007C  DX=0000  SP=FFEC  BP=0000  SI=FFEE  DI=0000          
DS=176C  ES=176C  SS=176C  CS=176C  IP=014D   NV UP DI PL NZ NA PO NC           
176C:014D 89F4          MOV     SP,SI                                           

AX=6400  BX=0000  CX=007C  DX=0000  SP=FFEE  BP=0000  SI=FFEE  DI=0000          
DS=176C  ES=176C  SS=176C  CS=176C  IP=014F   NV UP DI PL NZ NA PO NC           
176C:014F B8645D        MOV     AX,5D64                                         

AX=5D64  BX=0000  CX=007C  DX=0000  SP=FFEE  BP=0000  SI=FFEE  DI=0000          
DS=176C  ES=176C  SS=176C  CS=176C  IP=0152   NV UP DI PL NZ NA PO NC           
176C:0152 55            PUSH    BP                                              

AX=5D64  BX=0000  CX=007C  DX=0000  SP=FFEC  BP=0000  SI=FFEE  DI=0000          
DS=176C  ES=176C  SS=176C  CS=176C  IP=0153   NV UP DI PL NZ NA PO NC           
176C:0153 55            PUSH    BP                                              

AX=5D64  BX=0000  CX=007C  DX=0000  SP=FFEA  BP=0000  SI=FFEE  DI=0000          
DS=176C  ES=176C  SS=176C  CS=176C  IP=0154   NV UP DI PL NZ NA PO NC           
176C:0154 9D            POPF                                                    

AX=5D64  BX=0000  CX=007C  DX=0000  SP=FFEC  BP=0000  SI=FFEE  DI=0000          
DS=176C  ES=176C  SS=176C  CS=176C  IP=0155   NV UP DI PL NZ NA PO NC           
176C:0155 89F4          MOV     SP,SI                                           

AX=5D64  BX=0000  CX=007C  DX=0000  SP=FFEE  BP=0000  SI=FFEE  DI=0000          
DS=176C  ES=176C  SS=176C  CS=176C  IP=0157   NV UP DI PL NZ NA PO NC           
176C:0157 B464          MOV     AH,64                                           

AX=6464  BX=0000  CX=007C  DX=0000  SP=FFEE  BP=0000  SI=FFEE  DI=0000          
DS=176C  ES=176C  SS=176C  CS=176C  IP=0159   NV UP DI PL NZ NA PO NC           
176C:0159 55            PUSH    BP                                              

AX=6464  BX=0000  CX=007C  DX=0000  SP=FFEC  BP=0000  SI=FFEE  DI=0000          
DS=176C  ES=176C  SS=176C  CS=176C  IP=015A   NV UP DI PL NZ NA PO NC           
176C:015A 55            PUSH    BP                                              

AX=6464  BX=0000  CX=007C  DX=0000  SP=FFEA  BP=0000  SI=FFEE  DI=0000          
DS=176C  ES=176C  SS=176C  CS=176C  IP=015B   NV UP DI PL NZ NA PO NC           
176C:015B 9D            POPF                                                    

AX=6464  BX=0000  CX=007C  DX=0000  SP=FFEC  BP=0000  SI=FFEE  DI=0000          
DS=176C  ES=176C  SS=176C  CS=176C  IP=015C   NV UP DI PL NZ NA PO NC           
176C:015C 89F4          MOV     SP,SI                                           

AX=6464  BX=0000  CX=007C  DX=0000  SP=FFEE  BP=0000  SI=FFEE  DI=0000          
DS=176C  ES=176C  SS=176C  CS=176C  IP=015E   NV UP DI PL NZ NA PO NC           
176C:015E B8645D        MOV     AX,5D64                                         

AX=5D64  BX=0000  CX=007C  DX=0000  SP=FFEE  BP=0000  SI=FFEE  DI=0000          
DS=176C  ES=176C  SS=176C  CS=176C  IP=0161   NV UP DI PL NZ NA PO NC           
176C:0161 55            PUSH    BP                                              

AX=5D64  BX=0000  CX=007C  DX=0000  SP=FFEC  BP=0000  SI=FFEE  DI=0000          
DS=176C  ES=176C  SS=176C  CS=176C  IP=0162   NV UP DI PL NZ NA PO NC           
176C:0162 55            PUSH    BP                                              

AX=5D64  BX=0000  CX=007C  DX=0000  SP=FFEA  BP=0000  SI=FFEE  DI=0000          
DS=176C  ES=176C  SS=176C  CS=176C  IP=0163   NV UP DI PL NZ NA PO NC           
176C:0163 9D            POPF                                                    

AX=5D64  BX=0000  CX=007C  DX=0000  SP=FFEC  BP=0000  SI=FFEE  DI=0000          
DS=176C  ES=176C  SS=176C  CS=176C  IP=0164   NV UP DI PL NZ NA PO NC           
176C:0164 89F4          MOV     SP,SI                                           

AX=5D64  BX=0000  CX=007C  DX=0000  SP=FFEE  BP=0000  SI=FFEE  DI=0000          
DS=176C  ES=176C  SS=176C  CS=176C  IP=0166   NV UP DI PL NZ NA PO NC           
176C:0166 B859C4        MOV     AX,C459                                         

AX=C459  BX=0000  CX=007C  DX=0000  SP=FFEE  BP=0000  SI=FFEE  DI=0000          
DS=176C  ES=176C  SS=176C  CS=176C  IP=0169   NV UP DI PL NZ NA PO NC           
176C:0169 B14F          MOV     CL,4F                                           

AX=C459  BX=0000  CX=004F  DX=0000  SP=FFEE  BP=0000  SI=FFEE  DI=0000          
DS=176C  ES=176C  SS=176C  CS=176C  IP=016B   NV UP DI PL NZ NA PO NC           
176C:016B D3E0          SHL     AX,CL                                           

AX=8000  BX=0000  CX=004F  DX=0000  SP=FFEE  BP=0000  SI=FFEE  DI=0000          
DS=176C  ES=176C  SS=176C  CS=176C  IP=016D   OV UP DI NG NZ NA PE NC           
176C:016D 55            PUSH    BP                                              

AX=8000  BX=0000  CX=004F  DX=0000  SP=FFEC  BP=0000  SI=FFEE  DI=0000          
DS=176C  ES=176C  SS=176C  CS=176C  IP=016E   OV UP DI NG NZ NA PE NC           
176C:016E 55            PUSH    BP                                              

AX=8000  BX=0000  CX=004F  DX=0000  SP=FFEA  BP=0000  SI=FFEE  DI=0000          
DS=176C  ES=176C  SS=176C  CS=176C  IP=016F   OV UP DI NG NZ NA PE NC           
176C:016F 9D            POPF                                                    

AX=8000  BX=0000  CX=004F  DX=0000  SP=FFEC  BP=0000  SI=FFEE  DI=0000          
DS=176C  ES=176C  SS=176C  CS=176C  IP=0170   NV UP DI PL NZ NA PO NC           
176C:0170 89F4          MOV     SP,SI                                           

AX=8000  BX=0000  CX=004F  DX=0000  SP=FFEE  BP=0000  SI=FFEE  DI=0000          
DS=176C  ES=176C  SS=176C  CS=176C  IP=0172   NV UP DI PL NZ NA PO NC           
176C:0172 B459          MOV     AH,59                                           

AX=5900  BX=0000  CX=004F  DX=0000  SP=FFEE  BP=0000  SI=FFEE  DI=0000          
DS=176C  ES=176C  SS=176C  CS=176C  IP=0174   NV UP DI PL NZ NA PO NC           
176C:0174 B14F          MOV     CL,4F                                           

AX=5900  BX=0000  CX=004F  DX=0000  SP=FFEE  BP=0000  SI=FFEE  DI=0000          
DS=176C  ES=176C  SS=176C  CS=176C  IP=0176   NV UP DI PL NZ NA PO NC           
176C:0176 D2E0          SHL     AL,CL                                           

AX=5900  BX=0000  CX=004F  DX=0000  SP=FFEE  BP=0000  SI=FFEE  DI=0000          
DS=176C  ES=176C  SS=176C  CS=176C  IP=0178   NV UP DI PL ZR NA PE NC           
176C:0178 55            PUSH    BP                                              

AX=5900  BX=0000  CX=004F  DX=0000  SP=FFEC  BP=0000  SI=FFEE  DI=0000          
DS=176C  ES=176C  SS=176C  CS=176C  IP=0179   NV UP DI PL ZR NA PE NC           
176C:0179 55            PUSH    BP                                              

AX=5900  BX=0000  CX=004F  DX=0000  SP=FFEA  BP=0000  SI=FFEE  DI=0000          
DS=176C  ES=176C  SS=176C  CS=176C  IP=017A   NV UP DI PL ZR NA PE NC           
176C:017A 9D            POPF                                                    

AX=5900  BX=0000  CX=004F  DX=0000  SP=FFEC  BP=0000  SI=FFEE  DI=0000          
DS=176C  ES=176C  SS=176C  CS=176C  IP=017B   NV UP DI PL NZ NA PO NC           
176C:017B 89F4          MOV     SP,SI                                           

AX=5900  BX=0000  CX=004F  DX=0000  SP=FFEE  BP=0000  SI=FFEE  DI=0000          
DS=176C  ES=176C  SS=176C  CS=176C  IP=017D   NV UP DI PL NZ NA PO NC           
176C:017D B859C4        MOV     AX,C459                                         

AX=C459  BX=0000  CX=004F  DX=0000  SP=FFEE  BP=0000  SI=FFEE  DI=0000          
DS=176C  ES=176C  SS=176C  CS=176C  IP=0180   NV UP DI PL NZ NA PO NC           
176C:0180 55            PUSH    BP                                              

AX=C459  BX=0000  CX=004F  DX=0000  SP=FFEC  BP=0000  SI=FFEE  DI=0000          
DS=176C  ES=176C  SS=176C  CS=176C  IP=0181   NV UP DI PL NZ NA PO NC           
176C:0181 55            PUSH    BP                                              

AX=C459  BX=0000  CX=004F  DX=0000  SP=FFEA  BP=0000  SI=FFEE  DI=0000          
DS=176C  ES=176C  SS=176C  CS=176C  IP=0182   NV UP DI PL NZ NA PO NC           
176C:0182 9D            POPF                                                    

AX=C459  BX=0000  CX=004F  DX=0000  SP=FFEC  BP=0000  SI=FFEE  DI=0000          
DS=176C  ES=176C  SS=176C  CS=176C  IP=0183   NV UP DI PL NZ NA PO NC           
176C:0183 89F4          MOV     SP,SI                                           

AX=C459  BX=0000  CX=004F  DX=0000  SP=FFEE  BP=0000  SI=FFEE  DI=0000          
DS=176C  ES=176C  SS=176C  CS=176C  IP=0185   NV UP DI PL NZ NA PO NC           
176C:0185 B459          MOV     AH,59                                           

AX=5959  BX=0000  CX=004F  DX=0000  SP=FFEE  BP=0000  SI=FFEE  DI=0000          
DS=176C  ES=176C  SS=176C  CS=176C  IP=0187   NV UP DI PL NZ NA PO NC           
176C:0187 55            PUSH    BP                                              

AX=5959  BX=0000  CX=004F  DX=0000  SP=FFEC  BP=0000  SI=FFEE  DI=0000          
DS=176C  ES=176C  SS=176C  CS=176C  IP=0188   NV UP DI PL NZ NA PO NC           
176C:0188 55            PUSH    BP                                              

AX=5959  BX=0000  CX=004F  DX=0000  SP=FFEA  BP=0000  SI=FFEE  DI=0000          
DS=176C  ES=176C  SS=176C  CS=176C  IP=0189   NV UP DI PL NZ NA PO NC           
176C:0189 9D            POPF                                                    

AX=5959  BX=0000  CX=004F  DX=0000  SP=FFEC  BP=0000  SI=FFEE  DI=0000          
DS=176C  ES=176C  SS=176C  CS=176C  IP=018A   NV UP DI PL NZ NA PO NC           
176C:018A 89F4          MOV     SP,SI                                           

AX=5959  BX=0000  CX=004F  DX=0000  SP=FFEE  BP=0000  SI=FFEE  DI=0000          
DS=176C  ES=176C  SS=176C  CS=176C  IP=018C   NV UP DI PL NZ NA PO NC           
176C:018C B859C4        MOV     AX,C459                                         

AX=C459  BX=0000  CX=004F  DX=0000  SP=FFEE  BP=0000  SI=FFEE  DI=0000          
DS=176C  ES=176C  SS=176C  CS=176C  IP=018F   NV UP DI PL NZ NA PO NC           
176C:018F 55            PUSH    BP                                              

AX=C459  BX=0000  CX=004F  DX=0000  SP=FFEC  BP=0000  SI=FFEE  DI=0000          
DS=176C  ES=176C  SS=176C  CS=176C  IP=0190   NV UP DI PL NZ NA PO NC           
176C:0190 55            PUSH    BP                                              

AX=C459  BX=0000  CX=004F  DX=0000  SP=FFEA  BP=0000  SI=FFEE  DI=0000          
DS=176C  ES=176C  SS=176C  CS=176C  IP=0191   NV UP DI PL NZ NA PO NC           
176C:0191 9D            POPF                                                    

AX=C459  BX=0000  CX=004F  DX=0000  SP=FFEC  BP=0000  SI=FFEE  DI=0000          
DS=176C  ES=176C  SS=176C  CS=176C  IP=0192   NV UP DI PL NZ NA PO NC           
176C:0192 89F4          MOV     SP,SI                                           

AX=C459  BX=0000  CX=004F  DX=0000  SP=FFEE  BP=0000  SI=FFEE  DI=0000          
DS=176C  ES=176C  SS=176C  CS=176C  IP=0194   NV UP DI PL NZ NA PO NC           
176C:0194 B85486        MOV     AX,8654                                         

AX=8654  BX=0000  CX=004F  DX=0000  SP=FFEE  BP=0000  SI=FFEE  DI=0000          
DS=176C  ES=176C  SS=176C  CS=176C  IP=0197   NV UP DI PL NZ NA PO NC           
176C:0197 B1FE          MOV     CL,FE                                           

AX=8654  BX=0000  CX=00FE  DX=0000  SP=FFEE  BP=0000  SI=FFEE  DI=0000          
DS=176C  ES=176C  SS=176C  CS=176C  IP=0199   NV UP DI PL NZ NA PO NC           
176C:0199 D3E0          SHL     AX,CL                                           

AX=0000  BX=0000  CX=00FE  DX=0000  SP=FFEE  BP=0000  SI=FFEE  DI=0000          
DS=176C  ES=176C  SS=176C  CS=176C  IP=019B   NV UP DI PL ZR NA PE NC           
176C:019B 55            PUSH    BP                                              

AX=0000  BX=0000  CX=00FE  DX=0000  SP=FFEC  BP=0000  SI=FFEE  DI=0000          
DS=176C  ES=176C  SS=176C  CS=176C  IP=019C   NV UP DI PL ZR NA PE NC           
176C:019C 55            PUSH    BP                                              

AX=0000  BX=0000  CX=00FE  DX=0000  SP=FFEA  BP=0000  SI=FFEE  DI=0000          
DS=176C  ES=176C  SS=176C  CS=176C  IP=019D   NV UP DI PL ZR NA PE NC           
176C:019D 9D            POPF                                                    

AX=0000  BX=0000  CX=00FE  DX=0000  SP=FFEC  BP=0000  SI=FFEE  DI=0000          
DS=176C  ES=176C  SS=176C  CS=176C  IP=019E   NV UP DI PL NZ NA PO NC           
176C:019E 89F4          MOV     SP,SI                                           

AX=0000  BX=0000  CX=00FE  DX=0000  SP=FFEE  BP=0000  SI=FFEE  DI=0000          
DS=176C  ES=176C  SS=176C  CS=176C  IP=01A0   NV UP DI PL NZ NA PO NC           
176C:01A0 B454          MOV     AH,54                                           

AX=5400  BX=0000  CX=00FE  DX=0000  SP=FFEE  BP=0000  SI=FFEE  DI=0000          
DS=176C  ES=176C  SS=176C  CS=176C  IP=01A2   NV UP DI PL NZ NA PO NC           
176C:01A2 B1FE          MOV     CL,FE                                           

AX=5400  BX=0000  CX=00FE  DX=0000  SP=FFEE  BP=0000  SI=FFEE  DI=0000          
DS=176C  ES=176C  SS=176C  CS=176C  IP=01A4   NV UP DI PL NZ NA PO NC           
176C:01A4 D2E0          SHL     AL,CL                                           

AX=5400  BX=0000  CX=00FE  DX=0000  SP=FFEE  BP=0000  SI=FFEE  DI=0000          
DS=176C  ES=176C  SS=176C  CS=176C  IP=01A6   NV UP DI PL ZR NA PE NC           
176C:01A6 55            PUSH    BP                                              

AX=5400  BX=0000  CX=00FE  DX=0000  SP=FFEC  BP=0000  SI=FFEE  DI=0000          
DS=176C  ES=176C  SS=176C  CS=176C  IP=01A7   NV UP DI PL ZR NA PE NC           
176C:01A7 55            PUSH    BP                                              

AX=5400  BX=0000  CX=00FE  DX=0000  SP=FFEA  BP=0000  SI=FFEE  DI=0000          
DS=176C  ES=176C  SS=176C  CS=176C  IP=01A8   NV UP DI PL ZR NA PE NC           
176C:01A8 9D            POPF                                                    

AX=5400  BX=0000  CX=00FE  DX=0000  SP=FFEC  BP=0000  SI=FFEE  DI=0000          
DS=176C  ES=176C  SS=176C  CS=176C  IP=01A9   NV UP DI PL NZ NA PO NC           
176C:01A9 89F4          MOV     SP,SI                                           

AX=5400  BX=0000  CX=00FE  DX=0000  SP=FFEE  BP=0000  SI=FFEE  DI=0000          
DS=176C  ES=176C  SS=176C  CS=176C  IP=01AB   NV UP DI PL NZ NA PO NC           
176C:01AB B85486        MOV     AX,8654                                         

AX=8654  BX=0000  CX=00FE  DX=0000  SP=FFEE  BP=0000  SI=FFEE  DI=0000          
DS=176C  ES=176C  SS=176C  CS=176C  IP=01AE   NV UP DI PL NZ NA PO NC           
176C:01AE D1E0          SHL     AX,1                                            

AX=0CA8  BX=0000  CX=00FE  DX=0000  SP=FFEE  BP=0000  SI=FFEE  DI=0000          
DS=176C  ES=176C  SS=176C  CS=176C  IP=01B0   OV UP DI PL NZ NA PO CY           
176C:01B0 55            PUSH    BP                                              

AX=0CA8  BX=0000  CX=00FE  DX=0000  SP=FFEC  BP=0000  SI=FFEE  DI=0000          
DS=176C  ES=176C  SS=176C  CS=176C  IP=01B1   OV UP DI PL NZ NA PO CY           
176C:01B1 55            PUSH    BP                                              

AX=0CA8  BX=0000  CX=00FE  DX=0000  SP=FFEA  BP=0000  SI=FFEE  DI=0000          
DS=176C  ES=176C  SS=176C  CS=176C  IP=01B2   OV UP DI PL NZ NA PO CY           
176C:01B2 9D            POPF                                                    

AX=0CA8  BX=0000  CX=00FE  DX=0000  SP=FFEC  BP=0000  SI=FFEE  DI=0000          
DS=176C  ES=176C  SS=176C  CS=176C  IP=01B3   NV UP DI PL NZ NA PO NC           
176C:01B3 89F4          MOV     SP,SI                                           

AX=0CA8  BX=0000  CX=00FE  DX=0000  SP=FFEE  BP=0000  SI=FFEE  DI=0000          
DS=176C  ES=176C  SS=176C  CS=176C  IP=01B5   NV UP DI PL NZ NA PO NC           
176C:01B5 B454          MOV     AH,54                                           

AX=54A8  BX=0000  CX=00FE  DX=0000  SP=FFEE  BP=0000  SI=FFEE  DI=0000          
DS=176C  ES=176C  SS=176C  CS=176C  IP=01B7   NV UP DI PL NZ NA PO NC           
176C:01B7 55            PUSH    BP                                              

AX=54A8  BX=0000  CX=00FE  DX=0000  SP=FFEC  BP=0000  SI=FFEE  DI=0000          
DS=176C  ES=176C  SS=176C  CS=176C  IP=01B8   NV UP DI PL NZ NA PO NC           
176C:01B8 55            PUSH    BP                                              

AX=54A8  BX=0000  CX=00FE  DX=0000  SP=FFEA  BP=0000  SI=FFEE  DI=0000          
DS=176C  ES=176C  SS=176C  CS=176C  IP=01B9   NV UP DI PL NZ NA PO NC           
176C:01B9 9D            POPF                                                    

AX=54A8  BX=0000  CX=00FE  DX=0000  SP=FFEC  BP=0000  SI=FFEE  DI=0000          
DS=176C  ES=176C  SS=176C  CS=176C  IP=01BA   NV UP DI PL NZ NA PO NC           
176C:01BA 89F4          MOV     SP,SI                                           

AX=54A8  BX=0000  CX=00FE  DX=0000  SP=FFEE  BP=0000  SI=FFEE  DI=0000          
DS=176C  ES=176C  SS=176C  CS=176C  IP=01BC   NV UP DI PL NZ NA PO NC           
176C:01BC B85486        MOV     AX,8654                                         

AX=8654  BX=0000  CX=00FE  DX=0000  SP=FFEE  BP=0000  SI=FFEE  DI=0000          
DS=176C  ES=176C  SS=176C  CS=176C  IP=01BF   NV UP DI PL NZ NA PO NC           
176C:01BF 55            PUSH    BP                                              

AX=8654  BX=0000  CX=00FE  DX=0000  SP=FFEC  BP=0000  SI=FFEE  DI=0000          
DS=176C  ES=176C  SS=176C  CS=176C  IP=01C0   NV UP DI PL NZ NA PO NC           
176C:01C0 55            PUSH    BP                                              

AX=8654  BX=0000  CX=00FE  DX=0000  SP=FFEA  BP=0000  SI=FFEE  DI=0000          
DS=176C  ES=176C  SS=176C  CS=176C  IP=01C1   NV UP DI PL NZ NA PO NC           
176C:01C1 9D            POPF                                                    

AX=8654  BX=0000  CX=00FE  DX=0000  SP=FFEC  BP=0000  SI=FFEE  DI=0000          
DS=176C  ES=176C  SS=176C  CS=176C  IP=01C2   NV UP DI PL NZ NA PO NC           
176C:01C2 89F4          MOV     SP,SI                                           

AX=8654  BX=0000  CX=00FE  DX=0000  SP=FFEE  BP=0000  SI=FFEE  DI=0000          
DS=176C  ES=176C  SS=176C  CS=176C  IP=01C4   NV UP DI PL NZ NA PO NC           
176C:01C4 B837FC        MOV     AX,FC37                                         

AX=FC37  BX=0000  CX=00FE  DX=0000  SP=FFEE  BP=0000  SI=FFEE  DI=0000          
DS=176C  ES=176C  SS=176C  CS=176C  IP=01C7   NV UP DI PL NZ NA PO NC           
176C:01C7 B1CC          MOV     CL,CC                                           

AX=FC37  BX=0000  CX=00CC  DX=0000  SP=FFEE  BP=0000  SI=FFEE  DI=0000          
DS=176C  ES=176C  SS=176C  CS=176C  IP=01C9   NV UP DI PL NZ NA PO NC           
176C:01C9 D3E0          SHL     AX,CL                                           

AX=7000  BX=0000  CX=00CC  DX=0000  SP=FFEE  BP=0000  SI=FFEE  DI=0000          
DS=176C  ES=176C  SS=176C  CS=176C  IP=01CB   OV UP DI PL NZ NA PE CY           
176C:01CB 55            PUSH    BP                                              

AX=7000  BX=0000  CX=00CC  DX=0000  SP=FFEC  BP=0000  SI=FFEE  DI=0000          
DS=176C  ES=176C  SS=176C  CS=176C  IP=01CC   OV UP DI PL NZ NA PE CY           
176C:01CC 55            PUSH    BP                                              

AX=7000  BX=0000  CX=00CC  DX=0000  SP=FFEA  BP=0000  SI=FFEE  DI=0000          
DS=176C  ES=176C  SS=176C  CS=176C  IP=01CD   OV UP DI PL NZ NA PE CY           
176C:01CD 9D            POPF                                                    

AX=7000  BX=0000  CX=00CC  DX=0000  SP=FFEC  BP=0000  SI=FFEE  DI=0000          
DS=176C  ES=176C  SS=176C  CS=176C  IP=01CE   NV UP DI PL NZ NA PO NC           
176C:01CE 89F4          MOV     SP,SI                                           

AX=7000  BX=0000  CX=00CC  DX=0000  SP=FFEE  BP=0000  SI=FFEE  DI=0000          
DS=176C  ES=176C  SS=176C  CS=176C  IP=01D0   NV UP DI PL NZ NA PO NC           
176C:01D0 B437          MOV     AH,37                                           

AX=3700  BX=0000  CX=00CC  DX=0000  SP=FFEE  BP=0000  SI=FFEE  DI=0000          
DS=176C  ES=176C  SS=176C  CS=176C  IP=01D2   NV UP DI PL NZ NA PO NC           
176C:01D2 B1CC          MOV     CL,CC                                           

AX=3700  BX=0000  CX=00CC  DX=0000  SP=FFEE  BP=0000  SI=FFEE  DI=0000          
DS=176C  ES=176C  SS=176C  CS=176C  IP=01D4   NV UP DI PL NZ NA PO NC           
176C:01D4 D2E0          SHL     AL,CL                                           

AX=3700  BX=0000  CX=00CC  DX=0000  SP=FFEE  BP=0000  SI=FFEE  DI=0000          
DS=176C  ES=176C  SS=176C  CS=176C  IP=01D6   NV UP DI PL ZR NA PE NC           
176C:01D6 55            PUSH    BP                                              

AX=3700  BX=0000  CX=00CC  DX=0000  SP=FFEC  BP=0000  SI=FFEE  DI=0000          
DS=176C  ES=176C  SS=176C  CS=176C  IP=01D7   NV UP DI PL ZR NA PE NC           
176C:01D7 55            PUSH    BP                                              

AX=3700  BX=0000  CX=00CC  DX=0000  SP=FFEA  BP=0000  SI=FFEE  DI=0000          
DS=176C  ES=176C  SS=176C  CS=176C  IP=01D8   NV UP DI PL ZR NA PE NC           
176C:01D8 9D            POPF                                                    

AX=3700  BX=0000  CX=00CC  DX=0000  SP=FFEC  BP=0000  SI=FFEE  DI=0000          
DS=176C  ES=176C  SS=176C  CS=176C  IP=01D9   NV UP DI PL NZ NA PO NC           
176C:01D9 89F4          MOV     SP,SI                                           

AX=3700  BX=0000  CX=00CC  DX=0000  SP=FFEE  BP=0000  SI=FFEE  DI=0000          
DS=176C  ES=176C  SS=176C  CS=176C  IP=01DB   NV UP DI PL NZ NA PO NC           
176C:01DB B837FC        MOV     AX,FC37                                         

AX=FC37  BX=0000  CX=00CC  DX=0000  SP=FFEE  BP=0000  SI=FFEE  DI=0000          
DS=176C  ES=176C  SS=176C  CS=176C  IP=01DE   NV UP DI PL NZ NA PO NC           
176C:01DE 55            PUSH    BP                                              

AX=FC37  BX=0000  CX=00CC  DX=0000  SP=FFEC  BP=0000  SI=FFEE  DI=0000          
DS=176C  ES=176C  SS=176C  CS=176C  IP=01DF   NV UP DI PL NZ NA PO NC           
176C:01DF 55            PUSH    BP                                              

AX=FC37  BX=0000  CX=00CC  DX=0000  SP=FFEA  BP=0000  SI=FFEE  DI=0000          
DS=176C  ES=176C  SS=176C  CS=176C  IP=01E0   NV UP DI PL NZ NA PO NC           
176C:01E0 9D            POPF                                                    

AX=FC37  BX=0000  CX=00CC  DX=0000  SP=FFEC  BP=0000  SI=FFEE  DI=0000          
DS=176C  ES=176C  SS=176C  CS=176C  IP=01E1   NV UP DI PL NZ NA PO NC           
176C:01E1 89F4          MOV     SP,SI                                           

AX=FC37  BX=0000  CX=00CC  DX=0000  SP=FFEE  BP=0000  SI=FFEE  DI=0000          
DS=176C  ES=176C  SS=176C  CS=176C  IP=01E3   NV UP DI PL NZ NA PO NC           
176C:01E3 B437          MOV     AH,37                                           

AX=3737  BX=0000  CX=00CC  DX=0000  SP=FFEE  BP=0000  SI=FFEE  DI=0000          
DS=176C  ES=176C  SS=176C  CS=176C  IP=01E5   NV UP DI PL NZ NA PO NC           
176C:01E5 55            PUSH    BP                                              

AX=3737  BX=0000  CX=00CC  DX=0000  SP=FFEC  BP=0000  SI=FFEE  DI=0000          
DS=176C  ES=176C  SS=176C  CS=176C  IP=01E6   NV UP DI PL NZ NA PO NC           
176C:01E6 55            PUSH    BP                                              

AX=3737  BX=0000  CX=00CC  DX=0000  SP=FFEA  BP=0000  SI=FFEE  DI=0000          
DS=176C  ES=176C  SS=176C  CS=176C  IP=01E7   NV UP DI PL NZ NA PO NC           
176C:01E7 9D            POPF                                                    

AX=3737  BX=0000  CX=00CC  DX=0000  SP=FFEC  BP=0000  SI=FFEE  DI=0000          
DS=176C  ES=176C  SS=176C  CS=176C  IP=01E8   NV UP DI PL NZ NA PO NC           
176C:01E8 89F4          MOV     SP,SI                                           

AX=3737  BX=0000  CX=00CC  DX=0000  SP=FFEE  BP=0000  SI=FFEE  DI=0000          
DS=176C  ES=176C  SS=176C  CS=176C  IP=01EA   NV UP DI PL NZ NA PO NC           
176C:01EA B837FC        MOV     AX,FC37                                         

AX=FC37  BX=0000  CX=00CC  DX=0000  SP=FFEE  BP=0000  SI=FFEE  DI=0000          
DS=176C  ES=176C  SS=176C  CS=176C  IP=01ED   NV UP DI PL NZ NA PO NC           
176C:01ED 55            PUSH    BP                                              

AX=FC37  BX=0000  CX=00CC  DX=0000  SP=FFEC  BP=0000  SI=FFEE  DI=0000          
DS=176C  ES=176C  SS=176C  CS=176C  IP=01EE   NV UP DI PL NZ NA PO NC           
176C:01EE 55            PUSH    BP                                              

AX=FC37  BX=0000  CX=00CC  DX=0000  SP=FFEA  BP=0000  SI=FFEE  DI=0000          
DS=176C  ES=176C  SS=176C  CS=176C  IP=01EF   NV UP DI PL NZ NA PO NC           
176C:01EF 9D            POPF                                                    

AX=FC37  BX=0000  CX=00CC  DX=0000  SP=FFEC  BP=0000  SI=FFEE  DI=0000          
DS=176C  ES=176C  SS=176C  CS=176C  IP=01F0   NV UP DI PL NZ NA PO NC           
176C:01F0 89F4          MOV     SP,SI                                           

AX=FC37  BX=0000  CX=00CC  DX=0000  SP=FFEE  BP=0000  SI=FFEE  DI=0000          
DS=176C  ES=176C  SS=176C  CS=176C  IP=01F2   NV UP DI PL NZ NA PO NC           
176C:01F2 B80000        MOV     AX,0000                                         

AX=0000  BX=0000  CX=00CC  DX=0000  SP=FFEE  BP=0000  SI=FFEE  DI=0000          
DS=176C  ES=176C  SS=176C  CS=176C  IP=01F5   NV UP DI PL NZ NA PO NC           
176C:01F5 B100          MOV     CL,00                                           

AX=0000  BX=0000  CX=0000  DX=0000  SP=FFEE  BP=0000  SI=FFEE  DI=0000          
DS=176C  ES=176C  SS=176C  CS=176C  IP=01F7   NV UP DI PL NZ NA PO NC           
176C:01F7 D3E0          SHL     AX,CL                                           

AX=0000  BX=0000  CX=0000  DX=0000  SP=FFEE  BP=0000  SI=FFEE  DI=0000          
DS=176C  ES=176C  SS=176C  CS=176C  IP=01F9   NV UP DI PL NZ NA PO NC           
176C:01F9 55            PUSH    BP                                              

AX=0000  BX=0000  CX=0000  DX=0000  SP=FFEC  BP=0000  SI=FFEE  DI=0000          
DS=176C  ES=176C  SS=176C  CS=176C  IP=01FA   NV UP DI PL NZ NA PO NC           
176C:01FA 55            PUSH    BP                                              

AX=0000  BX=0000  CX=0000  DX=0000  SP=FFEA  BP=0000  SI=FFEE  DI=0000          
DS=176C  ES=176C  SS=176C  CS=176C  IP=01FB   NV UP DI PL NZ NA PO NC           
176C:01FB 9D            POPF                                                    

AX=0000  BX=0000  CX=0000  DX=0000  SP=FFEC  BP=0000  SI=FFEE  DI=0000          
DS=176C  ES=176C  SS=176C  CS=176C  IP=01FC   NV UP DI PL NZ NA PO NC           
176C:01FC 89F4          MOV     SP,SI                                           

AX=0000  BX=0000  CX=0000  DX=0000  SP=FFEE  BP=0000  SI=FFEE  DI=0000          
DS=176C  ES=176C  SS=176C  CS=176C  IP=01FE   NV UP DI PL NZ NA PO NC           
176C:01FE B400          MOV     AH,00                                           

AX=0000  BX=0000  CX=0000  DX=0000  SP=FFEE  BP=0000  SI=FFEE  DI=0000          
DS=176C  ES=176C  SS=176C  CS=176C  IP=0200   NV UP DI PL NZ NA PO NC           
176C:0200 B100          MOV     CL,00                                           

AX=0000  BX=0000  CX=0000  DX=0000  SP=FFEE  BP=0000  SI=FFEE  DI=0000          
DS=176C  ES=176C  SS=176C  CS=176C  IP=0202   NV UP DI PL NZ NA PO NC           
176C:0202 D2E0          SHL     AL,CL                                           

AX=0000  BX=0000  CX=0000  DX=0000  SP=FFEE  BP=0000  SI=FFEE  DI=0000          
DS=176C  ES=176C  SS=176C  CS=176C  IP=0204   NV UP DI PL NZ NA PO NC           
176C:0204 55            PUSH    BP                                              

AX=0000  BX=0000  CX=0000  DX=0000  SP=FFEC  BP=0000  SI=FFEE  DI=0000          
DS=176C  ES=176C  SS=176C  CS=176C  IP=0205   NV UP DI PL NZ NA PO NC           
176C:0205 55            PUSH    BP                                              

AX=0000  BX=0000  CX=0000  DX=0000  SP=FFEA  BP=0000  SI=FFEE  DI=0000          
DS=176C  ES=176C  SS=176C  CS=176C  IP=0206   NV UP DI PL NZ NA PO NC           
176C:0206 9D            POPF                                                    

AX=0000  BX=0000  CX=0000  DX=0000  SP=FFEC  BP=0000  SI=FFEE  DI=0000          
DS=176C  ES=176C  SS=176C  CS=176C  IP=0207   NV UP DI PL NZ NA PO NC           
176C:0207 89F4          MOV     SP,SI                                           

AX=0000  BX=0000  CX=0000  DX=0000  SP=FFEE  BP=0000  SI=FFEE  DI=0000          
DS=176C  ES=176C  SS=176C  CS=176C  IP=0209   NV UP DI PL NZ NA PO NC           
176C:0209 B80000        MOV     AX,0000                                         

AX=0000  BX=0000  CX=0000  DX=0000  SP=FFEE  BP=0000  SI=FFEE  DI=0000          
DS=176C  ES=176C  SS=176C  CS=176C  IP=020C   NV UP DI PL NZ NA PO NC           
176C:020C 55            PUSH    BP                                              

AX=0000  BX=0000  CX=0000  DX=0000  SP=FFEC  BP=0000  SI=FFEE  DI=0000          
DS=176C  ES=176C  SS=176C  CS=176C  IP=020D   NV UP DI PL NZ NA PO NC           
176C:020D 55            PUSH    BP                                              

AX=0000  BX=0000  CX=0000  DX=0000  SP=FFEA  BP=0000  SI=FFEE  DI=0000          
DS=176C  ES=176C  SS=176C  CS=176C  IP=020E   NV UP DI PL NZ NA PO NC           
176C:020E 9D            POPF                                                    

AX=0000  BX=0000  CX=0000  DX=0000  SP=FFEC  BP=0000  SI=FFEE  DI=0000          
DS=176C  ES=176C  SS=176C  CS=176C  IP=020F   NV UP DI PL NZ NA PO NC           
176C:020F 89F4          MOV     SP,SI                                           

AX=0000  BX=0000  CX=0000  DX=0000  SP=FFEE  BP=0000  SI=FFEE  DI=0000          
DS=176C  ES=176C  SS=176C  CS=176C  IP=0211   NV UP DI PL NZ NA PO NC           
176C:0211 B400          MOV     AH,00                                           

AX=0000  BX=0000  CX=0000  DX=0000  SP=FFEE  BP=0000  SI=FFEE  DI=0000          
DS=176C  ES=176C  SS=176C  CS=176C  IP=0213   NV UP DI PL NZ NA PO NC           
176C:0213 55            PUSH    BP                                              

AX=0000  BX=0000  CX=0000  DX=0000  SP=FFEC  BP=0000  SI=FFEE  DI=0000          
DS=176C  ES=176C  SS=176C  CS=176C  IP=0214   NV UP DI PL NZ NA PO NC           
176C:0214 55            PUSH    BP                                              

AX=0000  BX=0000  CX=0000  DX=0000  SP=FFEA  BP=0000  SI=FFEE  DI=0000          
DS=176C  ES=176C  SS=176C  CS=176C  IP=0215   NV UP DI PL NZ NA PO NC           
176C:0215 9D            POPF                                                    

AX=0000  BX=0000  CX=0000  DX=0000  SP=FFEC  BP=0000  SI=FFEE  DI=0000          
DS=176C  ES=176C  SS=176C  CS=176C  IP=0216   NV UP DI PL NZ NA PO NC           
176C:0216 89F4          MOV     SP,SI                                           

AX=0000  BX=0000  CX=0000  DX=0000  SP=FFEE  BP=0000  SI=FFEE  DI=0000          
DS=176C  ES=176C  SS=176C  CS=176C  IP=0218   NV UP DI PL NZ NA PO NC           
176C:0218 B80000        MOV     AX,0000                                         

AX=0000  BX=0000  CX=0000  DX=0000  SP=FFEE  BP=0000  SI=FFEE  DI=0000          
DS=176C  ES=176C  SS=176C  CS=176C  IP=021B   NV UP DI PL NZ NA PO NC           
176C:021B 55            PUSH    BP                                              

AX=0000  BX=0000  CX=0000  DX=0000  SP=FFEC  BP=0000  SI=FFEE  DI=0000          
DS=176C  ES=176C  SS=176C  CS=176C  IP=021C   NV UP DI PL NZ NA PO NC           
176C:021C 55            PUSH    BP                                              

AX=0000  BX=0000  CX=0000  DX=0000  SP=FFEA  BP=0000  SI=FFEE  DI=0000          
DS=176C  ES=176C  SS=176C  CS=176C  IP=021D   NV UP DI PL NZ NA PO NC           
176C:021D 9D            POPF                                                    

AX=0000  BX=0000  CX=0000  DX=0000  SP=FFEC  BP=0000  SI=FFEE  DI=0000          
DS=176C  ES=176C  SS=176C  CS=176C  IP=021E   NV UP DI PL NZ NA PO NC           
176C:021E 89F4          MOV     SP,SI                                           

AX=0000  BX=0000  CX=0000  DX=0000  SP=FFEE  BP=0000  SI=FFEE  DI=0000          
DS=176C  ES=176C  SS=176C  CS=176C  IP=0220   NV UP DI PL NZ NA PO NC           
176C:0220 B80000        MOV     AX,0000                                         

AX=0000  BX=0000  CX=0000  DX=0000  SP=FFEE  BP=0000  SI=FFEE  DI=0000          
DS=176C  ES=176C  SS=176C  CS=176C  IP=0223   NV UP DI PL NZ NA PO NC           
176C:0223 B101          MOV     CL,01                                           

AX=0000  BX=0000  CX=0001  DX=0000  SP=FFEE  BP=0000  SI=FFEE  DI=0000          
DS=176C  ES=176C  SS=176C  CS=176C  IP=0225   NV UP DI PL NZ NA PO NC           
176C:0225 D3E0          SHL     AX,CL                                           

AX=0000  BX=0000  CX=0001  DX=0000  SP=FFEE  BP=0000  SI=FFEE  DI=0000          
DS=176C  ES=176C  SS=176C  CS=176C  IP=0227   NV UP DI PL ZR NA PE NC           
176C:0227 55            PUSH    BP                                              

AX=0000  BX=0000  CX=0001  DX=0000  SP=FFEC  BP=0000  SI=FFEE  DI=0000          
DS=176C  ES=176C  SS=176C  CS=176C  IP=0228   NV UP DI PL ZR NA PE NC           
176C:0228 55            PUSH    BP                                              

AX=0000  BX=0000  CX=0001  DX=0000  SP=FFEA  BP=0000  SI=FFEE  DI=0000          
DS=176C  ES=176C  SS=176C  CS=176C  IP=0229   NV UP DI PL ZR NA PE NC           
176C:0229 9D            POPF                                                    

AX=0000  BX=0000  CX=0001  DX=0000  SP=FFEC  BP=0000  SI=FFEE  DI=0000          
DS=176C  ES=176C  SS=176C  CS=176C  IP=022A   NV UP DI PL NZ NA PO NC           
176C:022A 89F4          MOV     SP,SI                                           

AX=0000  BX=0000  CX=0001  DX=0000  SP=FFEE  BP=0000  SI=FFEE  DI=0000          
DS=176C  ES=176C  SS=176C  CS=176C  IP=022C   NV UP DI PL NZ NA PO NC           
176C:022C B400          MOV     AH,00                                           

AX=0000  BX=0000  CX=0001  DX=0000  SP=FFEE  BP=0000  SI=FFEE  DI=0000          
DS=176C  ES=176C  SS=176C  CS=176C  IP=022E   NV UP DI PL NZ NA PO NC           
176C:022E B101          MOV     CL,01                                           

AX=0000  BX=0000  CX=0001  DX=0000  SP=FFEE  BP=0000  SI=FFEE  DI=0000          
DS=176C  ES=176C  SS=176C  CS=176C  IP=0230   NV UP DI PL NZ NA PO NC           
176C:0230 D2E0          SHL     AL,CL                                           

AX=0000  BX=0000  CX=0001  DX=0000  SP=FFEE  BP=0000  SI=FFEE  DI=0000          
DS=176C  ES=176C  SS=176C  CS=176C  IP=0232   NV UP DI PL ZR NA PE NC           
176C:0232 55            PUSH    BP                                              

AX=0000  BX=0000  CX=0001  DX=0000  SP=FFEC  BP=0000  SI=FFEE  DI=0000          
DS=176C  ES=176C  SS=176C  CS=176C  IP=0233   NV UP DI PL ZR NA PE NC           
176C:0233 55            PUSH    BP                                              

AX=0000  BX=0000  CX=0001  DX=0000  SP=FFEA  BP=0000  SI=FFEE  DI=0000          
DS=176C  ES=176C  SS=176C  CS=176C  IP=0234   NV UP DI PL ZR NA PE NC           
176C:0234 9D            POPF                                                    

AX=0000  BX=0000  CX=0001  DX=0000  SP=FFEC  BP=0000  SI=FFEE  DI=0000          
DS=176C  ES=176C  SS=176C  CS=176C  IP=0235   NV UP DI PL NZ NA PO NC           
176C:0235 89F4          MOV     SP,SI                                           

AX=0000  BX=0000  CX=0001  DX=0000  SP=FFEE  BP=0000  SI=FFEE  DI=0000          
DS=176C  ES=176C  SS=176C  CS=176C  IP=0237   NV UP DI PL NZ NA PO NC           
176C:0237 B80000        MOV     AX,0000                                         

AX=0000  BX=0000  CX=0001  DX=0000  SP=FFEE  BP=0000  SI=FFEE  DI=0000          
DS=176C  ES=176C  SS=176C  CS=176C  IP=023A   NV UP DI PL NZ NA PO NC           
176C:023A 55            PUSH    BP                                              

AX=0000  BX=0000  CX=0001  DX=0000  SP=FFEC  BP=0000  SI=FFEE  DI=0000          
DS=176C  ES=176C  SS=176C  CS=176C  IP=023B   NV UP DI PL NZ NA PO NC           
176C:023B 55            PUSH    BP                                              

AX=0000  BX=0000  CX=0001  DX=0000  SP=FFEA  BP=0000  SI=FFEE  DI=0000          
DS=176C  ES=176C  SS=176C  CS=176C  IP=023C   NV UP DI PL NZ NA PO NC           
176C:023C 9D            POPF                                                    

AX=0000  BX=0000  CX=0001  DX=0000  SP=FFEC  BP=0000  SI=FFEE  DI=0000          
DS=176C  ES=176C  SS=176C  CS=176C  IP=023D   NV UP DI PL NZ NA PO NC           
176C:023D 89F4          MOV     SP,SI                                           

AX=0000  BX=0000  CX=0001  DX=0000  SP=FFEE  BP=0000  SI=FFEE  DI=0000          
DS=176C  ES=176C  SS=176C  CS=176C  IP=023F   NV UP DI PL NZ NA PO NC           
176C:023F B400          MOV     AH,00                                           

AX=0000  BX=0000  CX=0001  DX=0000  SP=FFEE  BP=0000  SI=FFEE  DI=0000          
DS=176C  ES=176C  SS=176C  CS=176C  IP=0241   NV UP DI PL NZ NA PO NC           
176C:0241 55            PUSH    BP                                              

AX=0000  BX=0000  CX=0001  DX=0000  SP=FFEC  BP=0000  SI=FFEE  DI=0000          
DS=176C  ES=176C  SS=176C  CS=176C  IP=0242   NV UP DI PL NZ NA PO NC           
176C:0242 55            PUSH    BP                                              

AX=0000  BX=0000  CX=0001  DX=0000  SP=FFEA  BP=0000  SI=FFEE  DI=0000          
DS=176C  ES=176C  SS=176C  CS=176C  IP=0243   NV UP DI PL NZ NA PO NC           
176C:0243 9D            POPF                                                    

AX=0000  BX=0000  CX=0001  DX=0000  SP=FFEC  BP=0000  SI=FFEE  DI=0000          
DS=176C  ES=176C  SS=176C  CS=176C  IP=0244   NV UP DI PL NZ NA PO NC           
176C:0244 89F4          MOV     SP,SI                                           

AX=0000  BX=0000  CX=0001  DX=0000  SP=FFEE  BP=0000  SI=FFEE  DI=0000          
DS=176C  ES=176C  SS=176C  CS=176C  IP=0246   NV UP DI PL NZ NA PO NC           
176C:0246 B80000        MOV     AX,0000                                         

AX=0000  BX=0000  CX=0001  DX=0000  SP=FFEE  BP=0000  SI=FFEE  DI=0000          
DS=176C  ES=176C  SS=176C  CS=176C  IP=0249   NV UP DI PL NZ NA PO NC           
176C:0249 55            PUSH    BP                                              

AX=0000  BX=0000  CX=0001  DX=0000  SP=FFEC  BP=0000  SI=FFEE  DI=0000          
DS=176C  ES=176C  SS=176C  CS=176C  IP=024A   NV UP DI PL NZ NA PO NC           
176C:024A 55            PUSH    BP                                              

AX=0000  BX=0000  CX=0001  DX=0000  SP=FFEA  BP=0000  SI=FFEE  DI=0000          
DS=176C  ES=176C  SS=176C  CS=176C  IP=024B   NV UP DI PL NZ NA PO NC           
176C:024B 9D            POPF                                                    

AX=0000  BX=0000  CX=0001  DX=0000  SP=FFEC  BP=0000  SI=FFEE  DI=0000          
DS=176C  ES=176C  SS=176C  CS=176C  IP=024C   NV UP DI PL NZ NA PO NC           
176C:024C 89F4          MOV     SP,SI                                           

AX=0000  BX=0000  CX=0001  DX=0000  SP=FFEE  BP=0000  SI=FFEE  DI=0000          
DS=176C  ES=176C  SS=176C  CS=176C  IP=024E   NV UP DI PL NZ NA PO NC           
176C:024E B80100        MOV     AX,0001                                         

AX=0001  BX=0000  CX=0001  DX=0000  SP=FFEE  BP=0000  SI=FFEE  DI=0000          
DS=176C  ES=176C  SS=176C  CS=176C  IP=0251   NV UP DI PL NZ NA PO NC           
176C:0251 B100          MOV     CL,00                                           

AX=0001  BX=0000  CX=0000  DX=0000  SP=FFEE  BP=0000  SI=FFEE  DI=0000          
DS=176C  ES=176C  SS=176C  CS=176C  IP=0253   NV UP DI PL NZ NA PO NC           
176C:0253 D3E0          SHL     AX,CL                                           

AX=0001  BX=0000  CX=0000  DX=0000  SP=FFEE  BP=0000  SI=FFEE  DI=0000          
DS=176C  ES=176C  SS=176C  CS=176C  IP=0255   NV UP DI PL NZ NA PO NC           
176C:0255 55            PUSH    BP                                              

AX=0001  BX=0000  CX=0000  DX=0000  SP=FFEC  BP=0000  SI=FFEE  DI=0000          
DS=176C  ES=176C  SS=176C  CS=176C  IP=0256   NV UP DI PL NZ NA PO NC           
176C:0256 55            PUSH    BP                                              

AX=0001  BX=0000  CX=0000  DX=0000  SP=FFEA  BP=0000  SI=FFEE  DI=0000          
DS=176C  ES=176C  SS=176C  CS=176C  IP=0257   NV UP DI PL NZ NA PO NC           
176C:0257 9D            POPF                                                    

AX=0001  BX=0000  CX=0000  DX=0000  SP=FFEC  BP=0000  SI=FFEE  DI=0000          
DS=176C  ES=176C  SS=176C  CS=176C  IP=0258   NV UP DI PL NZ NA PO NC           
176C:0258 89F4          MOV     SP,SI                                           

AX=0001  BX=0000  CX=0000  DX=0000  SP=FFEE  BP=0000  SI=FFEE  DI=0000          
DS=176C  ES=176C  SS=176C  CS=176C  IP=025A   NV UP DI PL NZ NA PO NC           
176C:025A B401          MOV     AH,01                                           

AX=0101  BX=0000  CX=0000  DX=0000  SP=FFEE  BP=0000  SI=FFEE  DI=0000          
DS=176C  ES=176C  SS=176C  CS=176C  IP=025C   NV UP DI PL NZ NA PO NC           
176C:025C B100          MOV     CL,00                                           

AX=0101  BX=0000  CX=0000  DX=0000  SP=FFEE  BP=0000  SI=FFEE  DI=0000          
DS=176C  ES=176C  SS=176C  CS=176C  IP=025E   NV UP DI PL NZ NA PO NC           
176C:025E D2E0          SHL     AL,CL                                           

AX=0101  BX=0000  CX=0000  DX=0000  SP=FFEE  BP=0000  SI=FFEE  DI=0000          
DS=176C  ES=176C  SS=176C  CS=176C  IP=0260   NV UP DI PL NZ NA PO NC           
176C:0260 55            PUSH    BP                                              

AX=0101  BX=0000  CX=0000  DX=0000  SP=FFEC  BP=0000  SI=FFEE  DI=0000          
DS=176C  ES=176C  SS=176C  CS=176C  IP=0261   NV UP DI PL NZ NA PO NC           
176C:0261 55            PUSH    BP                                              

AX=0101  BX=0000  CX=0000  DX=0000  SP=FFEA  BP=0000  SI=FFEE  DI=0000          
DS=176C  ES=176C  SS=176C  CS=176C  IP=0262   NV UP DI PL NZ NA PO NC           
176C:0262 9D            POPF                                                    

AX=0101  BX=0000  CX=0000  DX=0000  SP=FFEC  BP=0000  SI=FFEE  DI=0000          
DS=176C  ES=176C  SS=176C  CS=176C  IP=0263   NV UP DI PL NZ NA PO NC           
176C:0263 89F4          MOV     SP,SI                                           

AX=0101  BX=0000  CX=0000  DX=0000  SP=FFEE  BP=0000  SI=FFEE  DI=0000          
DS=176C  ES=176C  SS=176C  CS=176C  IP=0265   NV UP DI PL NZ NA PO NC           
176C:0265 B80100        MOV     AX,0001                                         

AX=0001  BX=0000  CX=0000  DX=0000  SP=FFEE  BP=0000  SI=FFEE  DI=0000          
DS=176C  ES=176C  SS=176C  CS=176C  IP=0268   NV UP DI PL NZ NA PO NC           
176C:0268 55            PUSH    BP                                              

AX=0001  BX=0000  CX=0000  DX=0000  SP=FFEC  BP=0000  SI=FFEE  DI=0000          
DS=176C  ES=176C  SS=176C  CS=176C  IP=0269   NV UP DI PL NZ NA PO NC           
176C:0269 55            PUSH    BP                                              

AX=0001  BX=0000  CX=0000  DX=0000  SP=FFEA  BP=0000  SI=FFEE  DI=0000          
DS=176C  ES=176C  SS=176C  CS=176C  IP=026A   NV UP DI PL NZ NA PO NC           
176C:026A 9D            POPF                                                    

AX=0001  BX=0000  CX=0000  DX=0000  SP=FFEC  BP=0000  SI=FFEE  DI=0000          
DS=176C  ES=176C  SS=176C  CS=176C  IP=026B   NV UP DI PL NZ NA PO NC           
176C:026B 89F4          MOV     SP,SI                                           

AX=0001  BX=0000  CX=0000  DX=0000  SP=FFEE  BP=0000  SI=FFEE  DI=0000          
DS=176C  ES=176C  SS=176C  CS=176C  IP=026D   NV UP DI PL NZ NA PO NC           
176C:026D B401          MOV     AH,01                                           

AX=0101  BX=0000  CX=0000  DX=0000  SP=FFEE  BP=0000  SI=FFEE  DI=0000          
DS=176C  ES=176C  SS=176C  CS=176C  IP=026F   NV UP DI PL NZ NA PO NC           
176C:026F 55            PUSH    BP                                              

AX=0101  BX=0000  CX=0000  DX=0000  SP=FFEC  BP=0000  SI=FFEE  DI=0000          
DS=176C  ES=176C  SS=176C  CS=176C  IP=0270   NV UP DI PL NZ NA PO NC           
176C:0270 55            PUSH    BP                                              

AX=0101  BX=0000  CX=0000  DX=0000  SP=FFEA  BP=0000  SI=FFEE  DI=0000          
DS=176C  ES=176C  SS=176C  CS=176C  IP=0271   NV UP DI PL NZ NA PO NC           
176C:0271 9D            POPF                                                    

AX=0101  BX=0000  CX=0000  DX=0000  SP=FFEC  BP=0000  SI=FFEE  DI=0000          
DS=176C  ES=176C  SS=176C  CS=176C  IP=0272   NV UP DI PL NZ NA PO NC           
176C:0272 89F4          MOV     SP,SI                                           

AX=0101  BX=0000  CX=0000  DX=0000  SP=FFEE  BP=0000  SI=FFEE  DI=0000          
DS=176C  ES=176C  SS=176C  CS=176C  IP=0274   NV UP DI PL NZ NA PO NC           
176C:0274 B80100        MOV     AX,0001                                         

AX=0001  BX=0000  CX=0000  DX=0000  SP=FFEE  BP=0000  SI=FFEE  DI=0000          
DS=176C  ES=176C  SS=176C  CS=176C  IP=0277   NV UP DI PL NZ NA PO NC           
176C:0277 55            PUSH    BP                                              

AX=0001  BX=0000  CX=0000  DX=0000  SP=FFEC  BP=0000  SI=FFEE  DI=0000          
DS=176C  ES=176C  SS=176C  CS=176C  IP=0278   NV UP DI PL NZ NA PO NC           
176C:0278 55            PUSH    BP                                              

AX=0001  BX=0000  CX=0000  DX=0000  SP=FFEA  BP=0000  SI=FFEE  DI=0000          
DS=176C  ES=176C  SS=176C  CS=176C  IP=0279   NV UP DI PL NZ NA PO NC           
176C:0279 9D            POPF                                                    

AX=0001  BX=0000  CX=0000  DX=0000  SP=FFEC  BP=0000  SI=FFEE  DI=0000          
DS=176C  ES=176C  SS=176C  CS=176C  IP=027A   NV UP DI PL NZ NA PO NC           
176C:027A 89F4          MOV     SP,SI                                           

AX=0001  BX=0000  CX=0000  DX=0000  SP=FFEE  BP=0000  SI=FFEE  DI=0000          
DS=176C  ES=176C  SS=176C  CS=176C  IP=027C   NV UP DI PL NZ NA PO NC           
176C:027C B80100        MOV     AX,0001                                         

AX=0001  BX=0000  CX=0000  DX=0000  SP=FFEE  BP=0000  SI=FFEE  DI=0000          
DS=176C  ES=176C  SS=176C  CS=176C  IP=027F   NV UP DI PL NZ NA PO NC           
176C:027F B101          MOV     CL,01                                           

AX=0001  BX=0000  CX=0001  DX=0000  SP=FFEE  BP=0000  SI=FFEE  DI=0000          
DS=176C  ES=176C  SS=176C  CS=176C  IP=0281   NV UP DI PL NZ NA PO NC           
176C:0281 D3E0          SHL     AX,CL                                           

AX=0002  BX=0000  CX=0001  DX=0000  SP=FFEE  BP=0000  SI=FFEE  DI=0000          
DS=176C  ES=176C  SS=176C  CS=176C  IP=0283   NV UP DI PL NZ NA PO NC           
176C:0283 55            PUSH    BP                                              

AX=0002  BX=0000  CX=0001  DX=0000  SP=FFEC  BP=0000  SI=FFEE  DI=0000          
DS=176C  ES=176C  SS=176C  CS=176C  IP=0284   NV UP DI PL NZ NA PO NC           
176C:0284 55            PUSH    BP                                              

AX=0002  BX=0000  CX=0001  DX=0000  SP=FFEA  BP=0000  SI=FFEE  DI=0000          
DS=176C  ES=176C  SS=176C  CS=176C  IP=0285   NV UP DI PL NZ NA PO NC           
176C:0285 9D            POPF                                                    

AX=0002  BX=0000  CX=0001  DX=0000  SP=FFEC  BP=0000  SI=FFEE  DI=0000          
DS=176C  ES=176C  SS=176C  CS=176C  IP=0286   NV UP DI PL NZ NA PO NC           
176C:0286 89F4          MOV     SP,SI                                           

AX=0002  BX=0000  CX=0001  DX=0000  SP=FFEE  BP=0000  SI=FFEE  DI=0000          
DS=176C  ES=176C  SS=176C  CS=176C  IP=0288   NV UP DI PL NZ NA PO NC           
176C:0288 B401          MOV     AH,01                                           

AX=0102  BX=0000  CX=0001  DX=0000  SP=FFEE  BP=0000  SI=FFEE  DI=0000          
DS=176C  ES=176C  SS=176C  CS=176C  IP=028A   NV UP DI PL NZ NA PO NC           
176C:028A B101          MOV     CL,01                                           

AX=0102  BX=0000  CX=0001  DX=0000  SP=FFEE  BP=0000  SI=FFEE  DI=0000          
DS=176C  ES=176C  SS=176C  CS=176C  IP=028C   NV UP DI PL NZ NA PO NC           
176C:028C D2E0          SHL     AL,CL                                           

AX=0104  BX=0000  CX=0001  DX=0000  SP=FFEE  BP=0000  SI=FFEE  DI=0000          
DS=176C  ES=176C  SS=176C  CS=176C  IP=028E   NV UP DI PL NZ NA PO NC           
176C:028E 55            PUSH    BP                                              

AX=0104  BX=0000  CX=0001  DX=0000  SP=FFEC  BP=0000  SI=FFEE  DI=0000          
DS=176C  ES=176C  SS=176C  CS=176C  IP=028F   NV UP DI PL NZ NA PO NC           
176C:028F 55            PUSH    BP                                              

AX=0104  BX=0000  CX=0001  DX=0000  SP=FFEA  BP=0000  SI=FFEE  DI=0000          
DS=176C  ES=176C  SS=176C  CS=176C  IP=0290   NV UP DI PL NZ NA PO NC           
176C:0290 9D            POPF                                                    

AX=0104  BX=0000  CX=0001  DX=0000  SP=FFEC  BP=0000  SI=FFEE  DI=0000          
DS=176C  ES=176C  SS=176C  CS=176C  IP=0291   NV UP DI PL NZ NA PO NC           
176C:0291 89F4          MOV     SP,SI                                           

AX=0104  BX=0000  CX=0001  DX=0000  SP=FFEE  BP=0000  SI=FFEE  DI=0000          
DS=176C  ES=176C  SS=176C  CS=176C  IP=0293   NV UP DI PL NZ NA PO NC           
176C:0293 B80100        MOV     AX,0001                                         

AX=0001  BX=0000  CX=0001  DX=0000  SP=FFEE  BP=0000  SI=FFEE  DI=0000          
DS=176C  ES=176C  SS=176C  CS=176C  IP=0296   NV UP DI PL NZ NA PO NC           
176C:0296 55            PUSH    BP                                              

AX=0001  BX=0000  CX=0001  DX=0000  SP=FFEC  BP=0000  SI=FFEE  DI=0000          
DS=176C  ES=176C  SS=176C  CS=176C  IP=0297   NV UP DI PL NZ NA PO NC           
176C:0297 55            PUSH    BP                                              

AX=0001  BX=0000  CX=0001  DX=0000  SP=FFEA  BP=0000  SI=FFEE  DI=0000          
DS=176C  ES=176C  SS=176C  CS=176C  IP=0298   NV UP DI PL NZ NA PO NC           
176C:0298 9D            POPF                                                    

AX=0001  BX=0000  CX=0001  DX=0000  SP=FFEC  BP=0000  SI=FFEE  DI=0000          
DS=176C  ES=176C  SS=176C  CS=176C  IP=0299   NV UP DI PL NZ NA PO NC           
176C:0299 89F4          MOV     SP,SI                                           

AX=0001  BX=0000  CX=0001  DX=0000  SP=FFEE  BP=0000  SI=FFEE  DI=0000          
DS=176C  ES=176C  SS=176C  CS=176C  IP=029B   NV UP DI PL NZ NA PO NC           
176C:029B B401          MOV     AH,01                                           

AX=0101  BX=0000  CX=0001  DX=0000  SP=FFEE  BP=0000  SI=FFEE  DI=0000          
DS=176C  ES=176C  SS=176C  CS=176C  IP=029D   NV UP DI PL NZ NA PO NC           
176C:029D 55            PUSH    BP                                              

AX=0101  BX=0000  CX=0001  DX=0000  SP=FFEC  BP=0000  SI=FFEE  DI=0000          
DS=176C  ES=176C  SS=176C  CS=176C  IP=029E   NV UP DI PL NZ NA PO NC           
176C:029E 55            PUSH    BP                                              

AX=0101  BX=0000  CX=0001  DX=0000  SP=FFEA  BP=0000  SI=FFEE  DI=0000          
DS=176C  ES=176C  SS=176C  CS=176C  IP=029F   NV UP DI PL NZ NA PO NC           
176C:029F 9D            POPF                                                    

AX=0101  BX=0000  CX=0001  DX=0000  SP=FFEC  BP=0000  SI=FFEE  DI=0000          
DS=176C  ES=176C  SS=176C  CS=176C  IP=02A0   NV UP DI PL NZ NA PO NC           
176C:02A0 89F4          MOV     SP,SI                                           

AX=0101  BX=0000  CX=0001  DX=0000  SP=FFEE  BP=0000  SI=FFEE  DI=0000          
DS=176C  ES=176C  SS=176C  CS=176C  IP=02A2   NV UP DI PL NZ NA PO NC           
176C:02A2 B80100        MOV     AX,0001                                         

AX=0001  BX=0000  CX=0001  DX=0000  SP=FFEE  BP=0000  SI=FFEE  DI=0000          
DS=176C  ES=176C  SS=176C  CS=176C  IP=02A5   NV UP DI PL NZ NA PO NC           
176C:02A5 55            PUSH    BP                                              

AX=0001  BX=0000  CX=0001  DX=0000  SP=FFEC  BP=0000  SI=FFEE  DI=0000          
DS=176C  ES=176C  SS=176C  CS=176C  IP=02A6   NV UP DI PL NZ NA PO NC           
176C:02A6 55            PUSH    BP                                              

AX=0001  BX=0000  CX=0001  DX=0000  SP=FFEA  BP=0000  SI=FFEE  DI=0000          
DS=176C  ES=176C  SS=176C  CS=176C  IP=02A7   NV UP DI PL NZ NA PO NC           
176C:02A7 9D            POPF                                                    

AX=0001  BX=0000  CX=0001  DX=0000  SP=FFEC  BP=0000  SI=FFEE  DI=0000          
DS=176C  ES=176C  SS=176C  CS=176C  IP=02A8   NV UP DI PL NZ NA PO NC           
176C:02A8 89F4          MOV     SP,SI                                           

AX=0001  BX=0000  CX=0001  DX=0000  SP=FFEE  BP=0000  SI=FFEE  DI=0000          
DS=176C  ES=176C  SS=176C  CS=176C  IP=02AA   NV UP DI PL NZ NA PO NC           
176C:02AA B8FFFF        MOV     AX,FFFF                                         

AX=FFFF  BX=0000  CX=0001  DX=0000  SP=FFEE  BP=0000  SI=FFEE  DI=0000          
DS=176C  ES=176C  SS=176C  CS=176C  IP=02AD   NV UP DI PL NZ NA PO NC           
176C:02AD B100          MOV     CL,00                                           

AX=FFFF  BX=0000  CX=0000  DX=0000  SP=FFEE  BP=0000  SI=FFEE  DI=0000          
DS=176C  ES=176C  SS=176C  CS=176C  IP=02AF   NV UP DI PL NZ NA PO NC           
176C:02AF D3E0          SHL     AX,CL                                           

AX=FFFF  BX=0000  CX=0000  DX=0000  SP=FFEE  BP=0000  SI=FFEE  DI=0000          
DS=176C  ES=176C  SS=176C  CS=176C  IP=02B1   NV UP DI PL NZ NA PO NC           
176C:02B1 55            PUSH    BP                                              

AX=FFFF  BX=0000  CX=0000  DX=0000  SP=FFEC  BP=0000  SI=FFEE  DI=0000          
DS=176C  ES=176C  SS=176C  CS=176C  IP=02B2   NV UP DI PL NZ NA PO NC           
176C:02B2 55            PUSH    BP                                              

AX=FFFF  BX=0000  CX=0000  DX=0000  SP=FFEA  BP=0000  SI=FFEE  DI=0000          
DS=176C  ES=176C  SS=176C  CS=176C  IP=02B3   NV UP DI PL NZ NA PO NC           
176C:02B3 9D            POPF                                                    

AX=FFFF  BX=0000  CX=0000  DX=0000  SP=FFEC  BP=0000  SI=FFEE  DI=0000          
DS=176C  ES=176C  SS=176C  CS=176C  IP=02B4   NV UP DI PL NZ NA PO NC           
176C:02B4 89F4          MOV     SP,SI                                           

AX=FFFF  BX=0000  CX=0000  DX=0000  SP=FFEE  BP=0000  SI=FFEE  DI=0000          
DS=176C  ES=176C  SS=176C  CS=176C  IP=02B6   NV UP DI PL NZ NA PO NC           
176C:02B6 B4FF          MOV     AH,FF                                           

AX=FFFF  BX=0000  CX=0000  DX=0000  SP=FFEE  BP=0000  SI=FFEE  DI=0000          
DS=176C  ES=176C  SS=176C  CS=176C  IP=02B8   NV UP DI PL NZ NA PO NC           
176C:02B8 B100          MOV     CL,00                                           

AX=FFFF  BX=0000  CX=0000  DX=0000  SP=FFEE  BP=0000  SI=FFEE  DI=0000          
DS=176C  ES=176C  SS=176C  CS=176C  IP=02BA   NV UP DI PL NZ NA PO NC           
176C:02BA D2E0          SHL     AL,CL                                           

AX=FFFF  BX=0000  CX=0000  DX=0000  SP=FFEE  BP=0000  SI=FFEE  DI=0000          
DS=176C  ES=176C  SS=176C  CS=176C  IP=02BC   NV UP DI PL NZ NA PO NC           
176C:02BC 55            PUSH    BP                                              

AX=FFFF  BX=0000  CX=0000  DX=0000  SP=FFEC  BP=0000  SI=FFEE  DI=0000          
DS=176C  ES=176C  SS=176C  CS=176C  IP=02BD   NV UP DI PL NZ NA PO NC           
176C:02BD 55            PUSH    BP                                              

AX=FFFF  BX=0000  CX=0000  DX=0000  SP=FFEA  BP=0000  SI=FFEE  DI=0000          
DS=176C  ES=176C  SS=176C  CS=176C  IP=02BE   NV UP DI PL NZ NA PO NC           
176C:02BE 9D            POPF                                                    

AX=FFFF  BX=0000  CX=0000  DX=0000  SP=FFEC  BP=0000  SI=FFEE  DI=0000          
DS=176C  ES=176C  SS=176C  CS=176C  IP=02BF   NV UP DI PL NZ NA PO NC           
176C:02BF 89F4          MOV     SP,SI                                           

AX=FFFF  BX=0000  CX=0000  DX=0000  SP=FFEE  BP=0000  SI=FFEE  DI=0000          
DS=176C  ES=176C  SS=176C  CS=176C  IP=02C1   NV UP DI PL NZ NA PO NC           
176C:02C1 B8FFFF        MOV     AX,FFFF                                         

AX=FFFF  BX=0000  CX=0000  DX=0000  SP=FFEE  BP=0000  SI=FFEE  DI=0000          
DS=176C  ES=176C  SS=176C  CS=176C  IP=02C4   NV UP DI PL NZ NA PO NC           
176C:02C4 55            PUSH    BP                                              

AX=FFFF  BX=0000  CX=0000  DX=0000  SP=FFEC  BP=0000  SI=FFEE  DI=0000          
DS=176C  ES=176C  SS=176C  CS=176C  IP=02C5   NV UP DI PL NZ NA PO NC           
176C:02C5 55            PUSH    BP                                              

AX=FFFF  BX=0000  CX=0000  DX=0000  SP=FFEA  BP=0000  SI=FFEE  DI=0000          
DS=176C  ES=176C  SS=176C  CS=176C  IP=02C6   NV UP DI PL NZ NA PO NC           
176C:02C6 9D            POPF                                                    

AX=FFFF  BX=0000  CX=0000  DX=0000  SP=FFEC  BP=0000  SI=FFEE  DI=0000          
DS=176C  ES=176C  SS=176C  CS=176C  IP=02C7   NV UP DI PL NZ NA PO NC           
176C:02C7 89F4          MOV     SP,SI                                           

AX=FFFF  BX=0000  CX=0000  DX=0000  SP=FFEE  BP=0000  SI=FFEE  DI=0000          
DS=176C  ES=176C  SS=176C  CS=176C  IP=02C9   NV UP DI PL NZ NA PO NC           
176C:02C9 B4FF          MOV     AH,FF                                           

AX=FFFF  BX=0000  CX=0000  DX=0000  SP=FFEE  BP=0000  SI=FFEE  DI=0000          
DS=176C  ES=176C  SS=176C  CS=176C  IP=02CB   NV UP DI PL NZ NA PO NC           
176C:02CB 55            PUSH    BP                                              

AX=FFFF  BX=0000  CX=0000  DX=0000  SP=FFEC  BP=0000  SI=FFEE  DI=0000          
DS=176C  ES=176C  SS=176C  CS=176C  IP=02CC   NV UP DI PL NZ NA PO NC           
176C:02CC 55            PUSH    BP                                              

AX=FFFF  BX=0000  CX=0000  DX=0000  SP=FFEA  BP=0000  SI=FFEE  DI=0000          
DS=176C  ES=176C  SS=176C  CS=176C  IP=02CD   NV UP DI PL NZ NA PO NC           
176C:02CD 9D            POPF                                                    

AX=FFFF  BX=0000  CX=0000  DX=0000  SP=FFEC  BP=0000  SI=FFEE  DI=0000          
DS=176C  ES=176C  SS=176C  CS=176C  IP=02CE   NV UP DI PL NZ NA PO NC           
176C:02CE 89F4          MOV     SP,SI                                           

AX=FFFF  BX=0000  CX=0000  DX=0000  SP=FFEE  BP=0000  SI=FFEE  DI=0000          
DS=176C  ES=176C  SS=176C  CS=176C  IP=02D0   NV UP DI PL NZ NA PO NC           
176C:02D0 B8FFFF        MOV     AX,FFFF                                         

AX=FFFF  BX=0000  CX=0000  DX=0000  SP=FFEE  BP=0000  SI=FFEE  DI=0000          
DS=176C  ES=176C  SS=176C  CS=176C  IP=02D3   NV UP DI PL NZ NA PO NC           
176C:02D3 55            PUSH    BP                                              

AX=FFFF  BX=0000  CX=0000  DX=0000  SP=FFEC  BP=0000  SI=FFEE  DI=0000          
DS=176C  ES=176C  SS=176C  CS=176C  IP=02D4   NV UP DI PL NZ NA PO NC           
176C:02D4 55            PUSH    BP                                              

AX=FFFF  BX=0000  CX=0000  DX=0000  SP=FFEA  BP=0000  SI=FFEE  DI=0000          
DS=176C  ES=176C  SS=176C  CS=176C  IP=02D5   NV UP DI PL NZ NA PO NC           
176C:02D5 9D            POPF                                                    

AX=FFFF  BX=0000  CX=0000  DX=0000  SP=FFEC  BP=0000  SI=FFEE  DI=0000          
DS=176C  ES=176C  SS=176C  CS=176C  IP=02D6   NV UP DI PL NZ NA PO NC           
176C:02D6 89F4          MOV     SP,SI                                           

AX=FFFF  BX=0000  CX=0000  DX=0000  SP=FFEE  BP=0000  SI=FFEE  DI=0000          
DS=176C  ES=176C  SS=176C  CS=176C  IP=02D8   NV UP DI PL NZ NA PO NC           
176C:02D8 B8FFFF        MOV     AX,FFFF                                         

AX=FFFF  BX=0000  CX=0000  DX=0000  SP=FFEE  BP=0000  SI=FFEE  DI=0000          
DS=176C  ES=176C  SS=176C  CS=176C  IP=02DB   NV UP DI PL NZ NA PO NC           
176C:02DB B101          MOV     CL,01                                           

AX=FFFF  BX=0000  CX=0001  DX=0000  SP=FFEE  BP=0000  SI=FFEE  DI=0000          
DS=176C  ES=176C  SS=176C  CS=176C  IP=02DD   NV UP DI PL NZ NA PO NC           
176C:02DD D3E0          SHL     AX,CL                                           

AX=FFFE  BX=0000  CX=0001  DX=0000  SP=FFEE  BP=0000  SI=FFEE  DI=0000          
DS=176C  ES=176C  SS=176C  CS=176C  IP=02DF   NV UP DI NG NZ NA PO CY           
176C:02DF 55            PUSH    BP                                              

AX=FFFE  BX=0000  CX=0001  DX=0000  SP=FFEC  BP=0000  SI=FFEE  DI=0000          
DS=176C  ES=176C  SS=176C  CS=176C  IP=02E0   NV UP DI NG NZ NA PO CY           
176C:02E0 55            PUSH    BP                                              

AX=FFFE  BX=0000  CX=0001  DX=0000  SP=FFEA  BP=0000  SI=FFEE  DI=0000          
DS=176C  ES=176C  SS=176C  CS=176C  IP=02E1   NV UP DI NG NZ NA PO CY           
176C:02E1 9D            POPF                                                    

AX=FFFE  BX=0000  CX=0001  DX=0000  SP=FFEC  BP=0000  SI=FFEE  DI=0000          
DS=176C  ES=176C  SS=176C  CS=176C  IP=02E2   NV UP DI PL NZ NA PO NC           
176C:02E2 89F4          MOV     SP,SI                                           

AX=FFFE  BX=0000  CX=0001  DX=0000  SP=FFEE  BP=0000  SI=FFEE  DI=0000          
DS=176C  ES=176C  SS=176C  CS=176C  IP=02E4   NV UP DI PL NZ NA PO NC           
176C:02E4 B4FF          MOV     AH,FF                                           

AX=FFFE  BX=0000  CX=0001  DX=0000  SP=FFEE  BP=0000  SI=FFEE  DI=0000          
DS=176C  ES=176C  SS=176C  CS=176C  IP=02E6   NV UP DI PL NZ NA PO NC           
176C:02E6 B101          MOV     CL,01                                           

AX=FFFE  BX=0000  CX=0001  DX=0000  SP=FFEE  BP=0000  SI=FFEE  DI=0000          
DS=176C  ES=176C  SS=176C  CS=176C  IP=02E8   NV UP DI PL NZ NA PO NC           
176C:02E8 D2E0          SHL     AL,CL                                           

AX=FFFC  BX=0000  CX=0001  DX=0000  SP=FFEE  BP=0000  SI=FFEE  DI=0000          
DS=176C  ES=176C  SS=176C  CS=176C  IP=02EA   NV UP DI NG NZ NA PE CY           
176C:02EA 55            PUSH    BP                                              

AX=FFFC  BX=0000  CX=0001  DX=0000  SP=FFEC  BP=0000  SI=FFEE  DI=0000          
DS=176C  ES=176C  SS=176C  CS=176C  IP=02EB   NV UP DI NG NZ NA PE CY           
176C:02EB 55            PUSH    BP                                              

AX=FFFC  BX=0000  CX=0001  DX=0000  SP=FFEA  BP=0000  SI=FFEE  DI=0000          
DS=176C  ES=176C  SS=176C  CS=176C  IP=02EC   NV UP DI NG NZ NA PE CY           
176C:02EC 9D            POPF                                                    

AX=FFFC  BX=0000  CX=0001  DX=0000  SP=FFEC  BP=0000  SI=FFEE  DI=0000          
DS=176C  ES=176C  SS=176C  CS=176C  IP=02ED   NV UP DI PL NZ NA PO NC           
176C:02ED 89F4          MOV     SP,SI                                           

AX=FFFC  BX=0000  CX=0001  DX=0000  SP=FFEE  BP=0000  SI=FFEE  DI=0000          
DS=176C  ES=176C  SS=176C  CS=176C  IP=02EF   NV UP DI PL NZ NA PO NC           
176C:02EF B8FFFF        MOV     AX,FFFF                                         

AX=FFFF  BX=0000  CX=0001  DX=0000  SP=FFEE  BP=0000  SI=FFEE  DI=0000          
DS=176C  ES=176C  SS=176C  CS=176C  IP=02F2   NV UP DI PL NZ NA PO NC           
176C:02F2 55            PUSH    BP                                              

AX=FFFF  BX=0000  CX=0001  DX=0000  SP=FFEC  BP=0000  SI=FFEE  DI=0000          
DS=176C  ES=176C  SS=176C  CS=176C  IP=02F3   NV UP DI PL NZ NA PO NC           
176C:02F3 55            PUSH    BP                                              

AX=FFFF  BX=0000  CX=0001  DX=0000  SP=FFEA  BP=0000  SI=FFEE  DI=0000          
DS=176C  ES=176C  SS=176C  CS=176C  IP=02F4   NV UP DI PL NZ NA PO NC           
176C:02F4 9D            POPF                                                    

AX=FFFF  BX=0000  CX=0001  DX=0000  SP=FFEC  BP=0000  SI=FFEE  DI=0000          
DS=176C  ES=176C  SS=176C  CS=176C  IP=02F5   NV UP DI PL NZ NA PO NC           
176C:02F5 89F4          MOV     SP,SI                                           

AX=FFFF  BX=0000  CX=0001  DX=0000  SP=FFEE  BP=0000  SI=FFEE  DI=0000          
DS=176C  ES=176C  SS=176C  CS=176C  IP=02F7   NV UP DI PL NZ NA PO NC           
176C:02F7 B4FF          MOV     AH,FF                                           

AX=FFFF  BX=0000  CX=0001  DX=0000  SP=FFEE  BP=0000  SI=FFEE  DI=0000          
DS=176C  ES=176C  SS=176C  CS=176C  IP=02F9   NV UP DI PL NZ NA PO NC           
176C:02F9 55            PUSH    BP                                              

AX=FFFF  BX=0000  CX=0001  DX=0000  SP=FFEC  BP=0000  SI=FFEE  DI=0000          
DS=176C  ES=176C  SS=176C  CS=176C  IP=02FA   NV UP DI PL NZ NA PO NC           
176C:02FA 55            PUSH    BP                                              

AX=FFFF  BX=0000  CX=0001  DX=0000  SP=FFEA  BP=0000  SI=FFEE  DI=0000          
DS=176C  ES=176C  SS=176C  CS=176C  IP=02FB   NV UP DI PL NZ NA PO NC           
176C:02FB 9D            POPF                                                    

AX=FFFF  BX=0000  CX=0001  DX=0000  SP=FFEC  BP=0000  SI=FFEE  DI=0000          
DS=176C  ES=176C  SS=176C  CS=176C  IP=02FC   NV UP DI PL NZ NA PO NC           
176C:02FC 89F4          MOV     SP,SI                                           

AX=FFFF  BX=0000  CX=0001  DX=0000  SP=FFEE  BP=0000  SI=FFEE  DI=0000          
DS=176C  ES=176C  SS=176C  CS=176C  IP=02FE   NV UP DI PL NZ NA PO NC           
176C:02FE B8FFFF        MOV     AX,FFFF                                         

AX=FFFF  BX=0000  CX=0001  DX=0000  SP=FFEE  BP=0000  SI=FFEE  DI=0000          
DS=176C  ES=176C  SS=176C  CS=176C  IP=0301   NV UP DI PL NZ NA PO NC           
176C:0301 55            PUSH    BP                                              

AX=FFFF  BX=0000  CX=0001  DX=0000  SP=FFEC  BP=0000  SI=FFEE  DI=0000          
DS=176C  ES=176C  SS=176C  CS=176C  IP=0302   NV UP DI PL NZ NA PO NC           
176C:0302 55            PUSH    BP                                              

AX=FFFF  BX=0000  CX=0001  DX=0000  SP=FFEA  BP=0000  SI=FFEE  DI=0000          
DS=176C  ES=176C  SS=176C  CS=176C  IP=0303   NV UP DI PL NZ NA PO NC           
176C:0303 9D            POPF                                                    

AX=FFFF  BX=0000  CX=0001  DX=0000  SP=FFEC  BP=0000  SI=FFEE  DI=0000          
DS=176C  ES=176C  SS=176C  CS=176C  IP=0304   NV UP DI PL NZ NA PO NC           
176C:0304 89F4          MOV     SP,SI                                           

AX=FFFF  BX=0000  CX=0001  DX=0000  SP=FFEE  BP=0000  SI=FFEE  DI=0000          
DS=176C  ES=176C  SS=176C  CS=176C  IP=0306   NV UP DI PL NZ NA PO NC           
176C:0306 B80080        MOV     AX,8000                                         

AX=8000  BX=0000  CX=0001  DX=0000  SP=FFEE  BP=0000  SI=FFEE  DI=0000          
DS=176C  ES=176C  SS=176C  CS=176C  IP=0309   NV UP DI PL NZ NA PO NC           
176C:0309 B100          MOV     CL,00                                           

AX=8000  BX=0000  CX=0000  DX=0000  SP=FFEE  BP=0000  SI=FFEE  DI=0000          
DS=176C  ES=176C  SS=176C  CS=176C  IP=030B   NV UP DI PL NZ NA PO NC           
176C:030B D3E0          SHL     AX,CL                                           

AX=8000  BX=0000  CX=0000  DX=0000  SP=FFEE  BP=0000  SI=FFEE  DI=0000          
DS=176C  ES=176C  SS=176C  CS=176C  IP=030D   NV UP DI PL NZ NA PO NC           
176C:030D 55            PUSH    BP                                              

AX=8000  BX=0000  CX=0000  DX=0000  SP=FFEC  BP=0000  SI=FFEE  DI=0000          
DS=176C  ES=176C  SS=176C  CS=176C  IP=030E   NV UP DI PL NZ NA PO NC           
176C:030E 55            PUSH    BP                                              

AX=8000  BX=0000  CX=0000  DX=0000  SP=FFEA  BP=0000  SI=FFEE  DI=0000          
DS=176C  ES=176C  SS=176C  CS=176C  IP=030F   NV UP DI PL NZ NA PO NC           
176C:030F 9D            POPF                                                    

AX=8000  BX=0000  CX=0000  DX=0000  SP=FFEC  BP=0000  SI=FFEE  DI=0000          
DS=176C  ES=176C  SS=176C  CS=176C  IP=0310   NV UP DI PL NZ NA PO NC           
176C:0310 89F4          MOV     SP,SI                                           

AX=8000  BX=0000  CX=0000  DX=0000  SP=FFEE  BP=0000  SI=FFEE  DI=0000          
DS=176C  ES=176C  SS=176C  CS=176C  IP=0312   NV UP DI PL NZ NA PO NC           
176C:0312 B400          MOV     AH,00                                           

AX=0000  BX=0000  CX=0000  DX=0000  SP=FFEE  BP=0000  SI=FFEE  DI=0000          
DS=176C  ES=176C  SS=176C  CS=176C  IP=0314   NV UP DI PL NZ NA PO NC           
176C:0314 B100          MOV     CL,00                                           

AX=0000  BX=0000  CX=0000  DX=0000  SP=FFEE  BP=0000  SI=FFEE  DI=0000          
DS=176C  ES=176C  SS=176C  CS=176C  IP=0316   NV UP DI PL NZ NA PO NC           
176C:0316 D2E0          SHL     AL,CL                                           

AX=0000  BX=0000  CX=0000  DX=0000  SP=FFEE  BP=0000  SI=FFEE  DI=0000          
DS=176C  ES=176C  SS=176C  CS=176C  IP=0318   NV UP DI PL NZ NA PO NC           
176C:0318 55            PUSH    BP                                              

AX=0000  BX=0000  CX=0000  DX=0000  SP=FFEC  BP=0000  SI=FFEE  DI=0000          
DS=176C  ES=176C  SS=176C  CS=176C  IP=0319   NV UP DI PL NZ NA PO NC           
176C:0319 55            PUSH    BP                                              

AX=0000  BX=0000  CX=0000  DX=0000  SP=FFEA  BP=0000  SI=FFEE  DI=0000          
DS=176C  ES=176C  SS=176C  CS=176C  IP=031A   NV UP DI PL NZ NA PO NC           
176C:031A 9D            POPF                                                    

AX=0000  BX=0000  CX=0000  DX=0000  SP=FFEC  BP=0000  SI=FFEE  DI=0000          
DS=176C  ES=176C  SS=176C  CS=176C  IP=031B   NV UP DI PL NZ NA PO NC           
176C:031B 89F4          MOV     SP,SI                                           

AX=0000  BX=0000  CX=0000  DX=0000  SP=FFEE  BP=0000  SI=FFEE  DI=0000          
DS=176C  ES=176C  SS=176C  CS=176C  IP=031D   NV UP DI PL NZ NA PO NC           
176C:031D B80080        MOV     AX,8000                                         

AX=8000  BX=0000  CX=0000  DX=0000  SP=FFEE  BP=0000  SI=FFEE  DI=0000          
DS=176C  ES=176C  SS=176C  CS=176C  IP=0320   NV UP DI PL NZ NA PO NC           
176C:0320 55            PUSH    BP                                              

AX=8000  BX=0000  CX=0000  DX=0000  SP=FFEC  BP=0000  SI=FFEE  DI=0000          
DS=176C  ES=176C  SS=176C  CS=176C  IP=0321   NV UP DI PL NZ NA PO NC           
176C:0321 55            PUSH    BP                                              

AX=8000  BX=0000  CX=0000  DX=0000  SP=FFEA  BP=0000  SI=FFEE  DI=0000          
DS=176C  ES=176C  SS=176C  CS=176C  IP=0322   NV UP DI PL NZ NA PO NC           
176C:0322 9D            POPF                                                    

AX=8000  BX=0000  CX=0000  DX=0000  SP=FFEC  BP=0000  SI=FFEE  DI=0000          
DS=176C  ES=176C  SS=176C  CS=176C  IP=0323   NV UP DI PL NZ NA PO NC           
176C:0323 89F4          MOV     SP,SI                                           

AX=8000  BX=0000  CX=0000  DX=0000  SP=FFEE  BP=0000  SI=FFEE  DI=0000          
DS=176C  ES=176C  SS=176C  CS=176C  IP=0325   NV UP DI PL NZ NA PO NC           
176C:0325 B400          MOV     AH,00                                           

AX=0000  BX=0000  CX=0000  DX=0000  SP=FFEE  BP=0000  SI=FFEE  DI=0000          
DS=176C  ES=176C  SS=176C  CS=176C  IP=0327   NV UP DI PL NZ NA PO NC           
176C:0327 55            PUSH    BP                                              

AX=0000  BX=0000  CX=0000  DX=0000  SP=FFEC  BP=0000  SI=FFEE  DI=0000          
DS=176C  ES=176C  SS=176C  CS=176C  IP=0328   NV UP DI PL NZ NA PO NC           
176C:0328 55            PUSH    BP                                              

AX=0000  BX=0000  CX=0000  DX=0000  SP=FFEA  BP=0000  SI=FFEE  DI=0000          
DS=176C  ES=176C  SS=176C  CS=176C  IP=0329   NV UP DI PL NZ NA PO NC           
176C:0329 9D            POPF                                                    

AX=0000  BX=0000  CX=0000  DX=0000  SP=FFEC  BP=0000  SI=FFEE  DI=0000          
DS=176C  ES=176C  SS=176C  CS=176C  IP=032A   NV UP DI PL NZ NA PO NC           
176C:032A 89F4          MOV     SP,SI                                           

AX=0000  BX=0000  CX=0000  DX=0000  SP=FFEE  BP=0000  SI=FFEE  DI=0000          
DS=176C  ES=176C  SS=176C  CS=176C  IP=032C   NV UP DI PL NZ NA PO NC           
176C:032C B80080        MOV     AX,8000                                         

AX=8000  BX=0000  CX=0000  DX=0000  SP=FFEE  BP=0000  SI=FFEE  DI=0000          
DS=176C  ES=176C  SS=176C  CS=176C  IP=032F   NV UP DI PL NZ NA PO NC           
176C:032F 55            PUSH    BP                                              

AX=8000  BX=0000  CX=0000  DX=0000  SP=FFEC  BP=0000  SI=FFEE  DI=0000          
DS=176C  ES=176C  SS=176C  CS=176C  IP=0330   NV UP DI PL NZ NA PO NC           
176C:0330 55            PUSH    BP                                              

AX=8000  BX=0000  CX=0000  DX=0000  SP=FFEA  BP=0000  SI=FFEE  DI=0000          
DS=176C  ES=176C  SS=176C  CS=176C  IP=0331   NV UP DI PL NZ NA PO NC           
176C:0331 9D            POPF                                                    

AX=8000  BX=0000  CX=0000  DX=0000  SP=FFEC  BP=0000  SI=FFEE  DI=0000          
DS=176C  ES=176C  SS=176C  CS=176C  IP=0332   NV UP DI PL NZ NA PO NC           
176C:0332 89F4          MOV     SP,SI                                           

AX=8000  BX=0000  CX=0000  DX=0000  SP=FFEE  BP=0000  SI=FFEE  DI=0000          
DS=176C  ES=176C  SS=176C  CS=176C  IP=0334   NV UP DI PL NZ NA PO NC           
176C:0334 B80080        MOV     AX,8000                                         

AX=8000  BX=0000  CX=0000  DX=0000  SP=FFEE  BP=0000  SI=FFEE  DI=0000          
DS=176C  ES=176C  SS=176C  CS=176C  IP=0337   NV UP DI PL NZ NA PO NC           
176C:0337 B101          MOV     CL,01                                           

AX=8000  BX=0000  CX=0001  DX=0000  SP=FFEE  BP=0000  SI=FFEE  DI=0000          
DS=176C  ES=176C  SS=176C  CS=176C  IP=0339   NV UP DI PL NZ NA PO NC           
176C:0339 D3E0          SHL     AX,CL                                           

AX=0000  BX=0000  CX=0001  DX=0000  SP=FFEE  BP=0000  SI=FFEE  DI=0000          
DS=176C  ES=176C  SS=176C  CS=176C  IP=033B   OV UP DI PL ZR NA PE CY           
176C:033B 55            PUSH    BP                                              

AX=0000  BX=0000  CX=0001  DX=0000  SP=FFEC  BP=0000  SI=FFEE  DI=0000          
DS=176C  ES=176C  SS=176C  CS=176C  IP=033C   OV UP DI PL ZR NA PE CY           
176C:033C 55            PUSH    BP                                              

AX=0000  BX=0000  CX=0001  DX=0000  SP=FFEA  BP=0000  SI=FFEE  DI=0000          
DS=176C  ES=176C  SS=176C  CS=176C  IP=033D   OV UP DI PL ZR NA PE CY           
176C:033D 9D            POPF                                                    

AX=0000  BX=0000  CX=0001  DX=0000  SP=FFEC  BP=0000  SI=FFEE  DI=0000          
DS=176C  ES=176C  SS=176C  CS=176C  IP=033E   NV UP DI PL NZ NA PO NC           
176C:033E 89F4          MOV     SP,SI                                           

AX=0000  BX=0000  CX=0001  DX=0000  SP=FFEE  BP=0000  SI=FFEE  DI=0000          
DS=176C  ES=176C  SS=176C  CS=176C  IP=0340   NV UP DI PL NZ NA PO NC           
176C:0340 B400          MOV     AH,00                                           

AX=0000  BX=0000  CX=0001  DX=0000  SP=FFEE  BP=0000  SI=FFEE  DI=0000          
DS=176C  ES=176C  SS=176C  CS=176C  IP=0342   NV UP DI PL NZ NA PO NC           
176C:0342 B101          MOV     CL,01                                           

AX=0000  BX=0000  CX=0001  DX=0000  SP=FFEE  BP=0000  SI=FFEE  DI=0000          
DS=176C  ES=176C  SS=176C  CS=176C  IP=0344   NV UP DI PL NZ NA PO NC           
176C:0344 D2E0          SHL     AL,CL                                           

AX=0000  BX=0000  CX=0001  DX=0000  SP=FFEE  BP=0000  SI=FFEE  DI=0000          
DS=176C  ES=176C  SS=176C  CS=176C  IP=0346   NV UP DI PL ZR NA PE NC           
176C:0346 55            PUSH    BP                                              

AX=0000  BX=0000  CX=0001  DX=0000  SP=FFEC  BP=0000  SI=FFEE  DI=0000          
DS=176C  ES=176C  SS=176C  CS=176C  IP=0347   NV UP DI PL ZR NA PE NC           
176C:0347 55            PUSH    BP                                              

AX=0000  BX=0000  CX=0001  DX=0000  SP=FFEA  BP=0000  SI=FFEE  DI=0000          
DS=176C  ES=176C  SS=176C  CS=176C  IP=0348   NV UP DI PL ZR NA PE NC           
176C:0348 9D            POPF                                                    

AX=0000  BX=0000  CX=0001  DX=0000  SP=FFEC  BP=0000  SI=FFEE  DI=0000          
DS=176C  ES=176C  SS=176C  CS=176C  IP=0349   NV UP DI PL NZ NA PO NC           
176C:0349 89F4          MOV     SP,SI                                           

AX=0000  BX=0000  CX=0001  DX=0000  SP=FFEE  BP=0000  SI=FFEE  DI=0000          
DS=176C  ES=176C  SS=176C  CS=176C  IP=034B   NV UP DI PL NZ NA PO NC           
176C:034B B80080        MOV     AX,8000                                         

AX=8000  BX=0000  CX=0001  DX=0000  SP=FFEE  BP=0000  SI=FFEE  DI=0000          
DS=176C  ES=176C  SS=176C  CS=176C  IP=034E   NV UP DI PL NZ NA PO NC           
176C:034E 55            PUSH    BP                                              

AX=8000  BX=0000  CX=0001  DX=0000  SP=FFEC  BP=0000  SI=FFEE  DI=0000          
DS=176C  ES=176C  SS=176C  CS=176C  IP=034F   NV UP DI PL NZ NA PO NC           
176C:034F 55            PUSH    BP                                              

AX=8000  BX=0000  CX=0001  DX=0000  SP=FFEA  BP=0000  SI=FFEE  DI=0000          
DS=176C  ES=176C  SS=176C  CS=176C  IP=0350   NV UP DI PL NZ NA PO NC           
176C:0350 9D            POPF                                                    

AX=8000  BX=0000  CX=0001  DX=0000  SP=FFEC  BP=0000  SI=FFEE  DI=0000          
DS=176C  ES=176C  SS=176C  CS=176C  IP=0351   NV UP DI PL NZ NA PO NC           
176C:0351 89F4          MOV     SP,SI                                           

AX=8000  BX=0000  CX=0001  DX=0000  SP=FFEE  BP=0000  SI=FFEE  DI=0000          
DS=176C  ES=176C  SS=176C  CS=176C  IP=0353   NV UP DI PL NZ NA PO NC           
176C:0353 B400          MOV     AH,00                                           

AX=0000  BX=0000  CX=0001  DX=0000  SP=FFEE  BP=0000  SI=FFEE  DI=0000          
DS=176C  ES=176C  SS=176C  CS=176C  IP=0355   NV UP DI PL NZ NA PO NC           
176C:0355 55            PUSH    BP                                              

AX=0000  BX=0000  CX=0001  DX=0000  SP=FFEC  BP=0000  SI=FFEE  DI=0000          
DS=176C  ES=176C  SS=176C  CS=176C  IP=0356   NV UP DI PL NZ NA PO NC           
176C:0356 55            PUSH    BP                                              

AX=0000  BX=0000  CX=0001  DX=0000  SP=FFEA  BP=0000  SI=FFEE  DI=0000          
DS=176C  ES=176C  SS=176C  CS=176C  IP=0357   NV UP DI PL NZ NA PO NC           
176C:0357 9D            POPF                                                    

AX=0000  BX=0000  CX=0001  DX=0000  SP=FFEC  BP=0000  SI=FFEE  DI=0000          
DS=176C  ES=176C  SS=176C  CS=176C  IP=0358   NV UP DI PL NZ NA PO NC           
176C:0358 89F4          MOV     SP,SI                                           

AX=0000  BX=0000  CX=0001  DX=0000  SP=FFEE  BP=0000  SI=FFEE  DI=0000          
DS=176C  ES=176C  SS=176C  CS=176C  IP=035A   NV UP DI PL NZ NA PO NC           
176C:035A B80080        MOV     AX,8000                                         

AX=8000  BX=0000  CX=0001  DX=0000  SP=FFEE  BP=0000  SI=FFEE  DI=0000          
DS=176C  ES=176C  SS=176C  CS=176C  IP=035D   NV UP DI PL NZ NA PO NC           
176C:035D 55            PUSH    BP                                              

AX=8000  BX=0000  CX=0001  DX=0000  SP=FFEC  BP=0000  SI=FFEE  DI=0000          
DS=176C  ES=176C  SS=176C  CS=176C  IP=035E   NV UP DI PL NZ NA PO NC           
176C:035E 55            PUSH    BP                                              

AX=8000  BX=0000  CX=0001  DX=0000  SP=FFEA  BP=0000  SI=FFEE  DI=0000          
DS=176C  ES=176C  SS=176C  CS=176C  IP=035F   NV UP DI PL NZ NA PO NC           
176C:035F 9D            POPF                                                    

AX=8000  BX=0000  CX=0001  DX=0000  SP=FFEC  BP=0000  SI=FFEE  DI=0000          
DS=176C  ES=176C  SS=176C  CS=176C  IP=0360   NV UP DI PL NZ NA PO NC           
176C:0360 89F4          MOV     SP,SI                                           

AX=8000  BX=0000  CX=0001  DX=0000  SP=FFEE  BP=0000  SI=FFEE  DI=0000          
DS=176C  ES=176C  SS=176C  CS=176C  IP=0362   NV UP DI PL NZ NA PO NC           
176C:0362 B8FF7F        MOV     AX,7FFF                                         

AX=7FFF  BX=0000  CX=0001  DX=0000  SP=FFEE  BP=0000  SI=FFEE  DI=0000          
DS=176C  ES=176C  SS=176C  CS=176C  IP=0365   NV UP DI PL NZ NA PO NC           
176C:0365 B100          MOV     CL,00                                           

AX=7FFF  BX=0000  CX=0000  DX=0000  SP=FFEE  BP=0000  SI=FFEE  DI=0000          
DS=176C  ES=176C  SS=176C  CS=176C  IP=0367   NV UP DI PL NZ NA PO NC           
176C:0367 D3E0          SHL     AX,CL                                           

AX=7FFF  BX=0000  CX=0000  DX=0000  SP=FFEE  BP=0000  SI=FFEE  DI=0000          
DS=176C  ES=176C  SS=176C  CS=176C  IP=0369   NV UP DI PL NZ NA PO NC           
176C:0369 55            PUSH    BP                                              

AX=7FFF  BX=0000  CX=0000  DX=0000  SP=FFEC  BP=0000  SI=FFEE  DI=0000          
DS=176C  ES=176C  SS=176C  CS=176C  IP=036A   NV UP DI PL NZ NA PO NC           
176C:036A 55            PUSH    BP                                              

AX=7FFF  BX=0000  CX=0000  DX=0000  SP=FFEA  BP=0000  SI=FFEE  DI=0000          
DS=176C  ES=176C  SS=176C  CS=176C  IP=036B   NV UP DI PL NZ NA PO NC           
176C:036B 9D            POPF                                                    

AX=7FFF  BX=0000  CX=0000  DX=0000  SP=FFEC  BP=0000  SI=FFEE  DI=0000          
DS=176C  ES=176C  SS=176C  CS=176C  IP=036C   NV UP DI PL NZ NA PO NC           
176C:036C 89F4          MOV     SP,SI                                           

AX=7FFF  BX=0000  CX=0000  DX=0000  SP=FFEE  BP=0000  SI=FFEE  DI=0000          
DS=176C  ES=176C  SS=176C  CS=176C  IP=036E   NV UP DI PL NZ NA PO NC           
176C:036E B4FF          MOV     AH,FF                                           

AX=FFFF  BX=0000  CX=0000  DX=0000  SP=FFEE  BP=0000  SI=FFEE  DI=0000          
DS=176C  ES=176C  SS=176C  CS=176C  IP=0370   NV UP DI PL NZ NA PO NC           
176C:0370 B100          MOV     CL,00                                           

AX=FFFF  BX=0000  CX=0000  DX=0000  SP=FFEE  BP=0000  SI=FFEE  DI=0000          
DS=176C  ES=176C  SS=176C  CS=176C  IP=0372   NV UP DI PL NZ NA PO NC           
176C:0372 D2E0          SHL     AL,CL                                           

AX=FFFF  BX=0000  CX=0000  DX=0000  SP=FFEE  BP=0000  SI=FFEE  DI=0000          
DS=176C  ES=176C  SS=176C  CS=176C  IP=0374   NV UP DI PL NZ NA PO NC           
176C:0374 55            PUSH    BP                                              

AX=FFFF  BX=0000  CX=0000  DX=0000  SP=FFEC  BP=0000  SI=FFEE  DI=0000          
DS=176C  ES=176C  SS=176C  CS=176C  IP=0375   NV UP DI PL NZ NA PO NC           
176C:0375 55            PUSH    BP                                              

AX=FFFF  BX=0000  CX=0000  DX=0000  SP=FFEA  BP=0000  SI=FFEE  DI=0000          
DS=176C  ES=176C  SS=176C  CS=176C  IP=0376   NV UP DI PL NZ NA PO NC           
176C:0376 9D            POPF                                                    

AX=FFFF  BX=0000  CX=0000  DX=0000  SP=FFEC  BP=0000  SI=FFEE  DI=0000          
DS=176C  ES=176C  SS=176C  CS=176C  IP=0377   NV UP DI PL NZ NA PO NC           
176C:0377 89F4          MOV     SP,SI                                           

AX=FFFF  BX=0000  CX=0000  DX=0000  SP=FFEE  BP=0000  SI=FFEE  DI=0000          
DS=176C  ES=176C  SS=176C  CS=176C  IP=0379   NV UP DI PL NZ NA PO NC           
176C:0379 B8FF7F        MOV     AX,7FFF                                         

AX=7FFF  BX=0000  CX=0000  DX=0000  SP=FFEE  BP=0000  SI=FFEE  DI=0000          
DS=176C  ES=176C  SS=176C  CS=176C  IP=037C   NV UP DI PL NZ NA PO NC           
176C:037C 55            PUSH    BP                                              

AX=7FFF  BX=0000  CX=0000  DX=0000  SP=FFEC  BP=0000  SI=FFEE  DI=0000          
DS=176C  ES=176C  SS=176C  CS=176C  IP=037D   NV UP DI PL NZ NA PO NC           
176C:037D 55            PUSH    BP                                              

AX=7FFF  BX=0000  CX=0000  DX=0000  SP=FFEA  BP=0000  SI=FFEE  DI=0000          
DS=176C  ES=176C  SS=176C  CS=176C  IP=037E   NV UP DI PL NZ NA PO NC           
176C:037E 9D            POPF                                                    

AX=7FFF  BX=0000  CX=0000  DX=0000  SP=FFEC  BP=0000  SI=FFEE  DI=0000          
DS=176C  ES=176C  SS=176C  CS=176C  IP=037F   NV UP DI PL NZ NA PO NC           
176C:037F 89F4          MOV     SP,SI                                           

AX=7FFF  BX=0000  CX=0000  DX=0000  SP=FFEE  BP=0000  SI=FFEE  DI=0000          
DS=176C  ES=176C  SS=176C  CS=176C  IP=0381   NV UP DI PL NZ NA PO NC           
176C:0381 B4FF          MOV     AH,FF                                           

AX=FFFF  BX=0000  CX=0000  DX=0000  SP=FFEE  BP=0000  SI=FFEE  DI=0000          
DS=176C  ES=176C  SS=176C  CS=176C  IP=0383   NV UP DI PL NZ NA PO NC           
176C:0383 55            PUSH    BP                                              

AX=FFFF  BX=0000  CX=0000  DX=0000  SP=FFEC  BP=0000  SI=FFEE  DI=0000          
DS=176C  ES=176C  SS=176C  CS=176C  IP=0384   NV UP DI PL NZ NA PO NC           
176C:0384 55            PUSH    BP                                              

AX=FFFF  BX=0000  CX=0000  DX=0000  SP=FFEA  BP=0000  SI=FFEE  DI=0000          
DS=176C  ES=176C  SS=176C  CS=176C  IP=0385   NV UP DI PL NZ NA PO NC           
176C:0385 9D            POPF                                                    

AX=FFFF  BX=0000  CX=0000  DX=0000  SP=FFEC  BP=0000  SI=FFEE  DI=0000          
DS=176C  ES=176C  SS=176C  CS=176C  IP=0386   NV UP DI PL NZ NA PO NC           
176C:0386 89F4          MOV     SP,SI                                           

AX=FFFF  BX=0000  CX=0000  DX=0000  SP=FFEE  BP=0000  SI=FFEE  DI=0000          
DS=176C  ES=176C  SS=176C  CS=176C  IP=0388   NV UP DI PL NZ NA PO NC           
176C:0388 B8FF7F        MOV     AX,7FFF                                         

AX=7FFF  BX=0000  CX=0000  DX=0000  SP=FFEE  BP=0000  SI=FFEE  DI=0000          
DS=176C  ES=176C  SS=176C  CS=176C  IP=038B   NV UP DI PL NZ NA PO NC           
176C:038B 55            PUSH    BP                                              

AX=7FFF  BX=0000  CX=0000  DX=0000  SP=FFEC  BP=0000  SI=FFEE  DI=0000          
DS=176C  ES=176C  SS=176C  CS=176C  IP=038C   NV UP DI PL NZ NA PO NC           
176C:038C 55            PUSH    BP                                              

AX=7FFF  BX=0000  CX=0000  DX=0000  SP=FFEA  BP=0000  SI=FFEE  DI=0000          
DS=176C  ES=176C  SS=176C  CS=176C  IP=038D   NV UP DI PL NZ NA PO NC           
176C:038D 9D            POPF                                                    

AX=7FFF  BX=0000  CX=0000  DX=0000  SP=FFEC  BP=0000  SI=FFEE  DI=0000          
DS=176C  ES=176C  SS=176C  CS=176C  IP=038E   NV UP DI PL NZ NA PO NC           
176C:038E 89F4          MOV     SP,SI                                           

AX=7FFF  BX=0000  CX=0000  DX=0000  SP=FFEE  BP=0000  SI=FFEE  DI=0000          
DS=176C  ES=176C  SS=176C  CS=176C  IP=0390   NV UP DI PL NZ NA PO NC           
176C:0390 B8FF7F        MOV     AX,7FFF                                         

AX=7FFF  BX=0000  CX=0000  DX=0000  SP=FFEE  BP=0000  SI=FFEE  DI=0000          
DS=176C  ES=176C  SS=176C  CS=176C  IP=0393   NV UP DI PL NZ NA PO NC           
176C:0393 B101          MOV     CL,01                                           

AX=7FFF  BX=0000  CX=0001  DX=0000  SP=FFEE  BP=0000  SI=FFEE  DI=0000          
DS=176C  ES=176C  SS=176C  CS=176C  IP=0395   NV UP DI PL NZ NA PO NC           
176C:0395 D3E0          SHL     AX,CL                                           

AX=FFFE  BX=0000  CX=0001  DX=0000  SP=FFEE  BP=0000  SI=FFEE  DI=0000          
DS=176C  ES=176C  SS=176C  CS=176C  IP=0397   OV UP DI NG NZ NA PO NC           
176C:0397 55            PUSH    BP                                              

AX=FFFE  BX=0000  CX=0001  DX=0000  SP=FFEC  BP=0000  SI=FFEE  DI=0000          
DS=176C  ES=176C  SS=176C  CS=176C  IP=0398   OV UP DI NG NZ NA PO NC           
176C:0398 55            PUSH    BP                                              

AX=FFFE  BX=0000  CX=0001  DX=0000  SP=FFEA  BP=0000  SI=FFEE  DI=0000          
DS=176C  ES=176C  SS=176C  CS=176C  IP=0399   OV UP DI NG NZ NA PO NC           
176C:0399 9D            POPF                                                    

AX=FFFE  BX=0000  CX=0001  DX=0000  SP=FFEC  BP=0000  SI=FFEE  DI=0000          
DS=176C  ES=176C  SS=176C  CS=176C  IP=039A   NV UP DI PL NZ NA PO NC           
176C:039A 89F4          MOV     SP,SI                                           

AX=FFFE  BX=0000  CX=0001  DX=0000  SP=FFEE  BP=0000  SI=FFEE  DI=0000          
DS=176C  ES=176C  SS=176C  CS=176C  IP=039C   NV UP DI PL NZ NA PO NC           
176C:039C B4FF          MOV     AH,FF                                           

AX=FFFE  BX=0000  CX=0001  DX=0000  SP=FFEE  BP=0000  SI=FFEE  DI=0000          
DS=176C  ES=176C  SS=176C  CS=176C  IP=039E   NV UP DI PL NZ NA PO NC           
176C:039E B101          MOV     CL,01                                           

AX=FFFE  BX=0000  CX=0001  DX=0000  SP=FFEE  BP=0000  SI=FFEE  DI=0000          
DS=176C  ES=176C  SS=176C  CS=176C  IP=03A0   NV UP DI PL NZ NA PO NC           
176C:03A0 D2E0          SHL     AL,CL                                           

AX=FFFC  BX=0000  CX=0001  DX=0000  SP=FFEE  BP=0000  SI=FFEE  DI=0000          
DS=176C  ES=176C  SS=176C  CS=176C  IP=03A2   NV UP DI NG NZ NA PE CY           
176C:03A2 55            PUSH    BP                                              

AX=FFFC  BX=0000  CX=0001  DX=0000  SP=FFEC  BP=0000  SI=FFEE  DI=0000          
DS=176C  ES=176C  SS=176C  CS=176C  IP=03A3   NV UP DI NG NZ NA PE CY           
176C:03A3 55            PUSH    BP                                              

AX=FFFC  BX=0000  CX=0001  DX=0000  SP=FFEA  BP=0000  SI=FFEE  DI=0000          
DS=176C  ES=176C  SS=176C  CS=176C  IP=03A4   NV UP DI NG NZ NA PE CY           
176C:03A4 9D            POPF                                                    

AX=FFFC  BX=0000  CX=0001  DX=0000  SP=FFEC  BP=0000  SI=FFEE  DI=0000          
DS=176C  ES=176C  SS=176C  CS=176C  IP=03A5   NV UP DI PL NZ NA PO NC           
176C:03A5 89F4          MOV     SP,SI                                           

AX=FFFC  BX=0000  CX=0001  DX=0000  SP=FFEE  BP=0000  SI=FFEE  DI=0000          
DS=176C  ES=176C  SS=176C  CS=176C  IP=03A7   NV UP DI PL NZ NA PO NC           
176C:03A7 B8FF7F        MOV     AX,7FFF                                         

AX=7FFF  BX=0000  CX=0001  DX=0000  SP=FFEE  BP=0000  SI=FFEE  DI=0000          
DS=176C  ES=176C  SS=176C  CS=176C  IP=03AA   NV UP DI PL NZ NA PO NC           
176C:03AA 55            PUSH    BP                                              

AX=7FFF  BX=0000  CX=0001  DX=0000  SP=FFEC  BP=0000  SI=FFEE  DI=0000          
DS=176C  ES=176C  SS=176C  CS=176C  IP=03AB   NV UP DI PL NZ NA PO NC           
176C:03AB 55            PUSH    BP                                              

AX=7FFF  BX=0000  CX=0001  DX=0000  SP=FFEA  BP=0000  SI=FFEE  DI=0000          
DS=176C  ES=176C  SS=176C  CS=176C  IP=03AC   NV UP DI PL NZ NA PO NC           
176C:03AC 9D            POPF                                                    

AX=7FFF  BX=0000  CX=0001  DX=0000  SP=FFEC  BP=0000  SI=FFEE  DI=0000          
DS=176C  ES=176C  SS=176C  CS=176C  IP=03AD   NV UP DI PL NZ NA PO NC           
176C:03AD 89F4          MOV     SP,SI                                           

AX=7FFF  BX=0000  CX=0001  DX=0000  SP=FFEE  BP=0000  SI=FFEE  DI=0000          
DS=176C  ES=176C  SS=176C  CS=176C  IP=03AF   NV UP DI PL NZ NA PO NC           
176C:03AF B4FF          MOV     AH,FF                                           

AX=FFFF  BX=0000  CX=0001  DX=0000  SP=FFEE  BP=0000  SI=FFEE  DI=0000          
DS=176C  ES=176C  SS=176C  CS=176C  IP=03B1   NV UP DI PL NZ NA PO NC           
176C:03B1 55            PUSH    BP                                              

AX=FFFF  BX=0000  CX=0001  DX=0000  SP=FFEC  BP=0000  SI=FFEE  DI=0000          
DS=176C  ES=176C  SS=176C  CS=176C  IP=03B2   NV UP DI PL NZ NA PO NC           
176C:03B2 55            PUSH    BP                                              

AX=FFFF  BX=0000  CX=0001  DX=0000  SP=FFEA  BP=0000  SI=FFEE  DI=0000          
DS=176C  ES=176C  SS=176C  CS=176C  IP=03B3   NV UP DI PL NZ NA PO NC           
176C:03B3 9D            POPF                                                    

AX=FFFF  BX=0000  CX=0001  DX=0000  SP=FFEC  BP=0000  SI=FFEE  DI=0000          
DS=176C  ES=176C  SS=176C  CS=176C  IP=03B4   NV UP DI PL NZ NA PO NC           
176C:03B4 89F4          MOV     SP,SI                                           

AX=FFFF  BX=0000  CX=0001  DX=0000  SP=FFEE  BP=0000  SI=FFEE  DI=0000          
DS=176C  ES=176C  SS=176C  CS=176C  IP=03B6   NV UP DI PL NZ NA PO NC           
176C:03B6 B8FF7F        MOV     AX,7FFF                                         

AX=7FFF  BX=0000  CX=0001  DX=0000  SP=FFEE  BP=0000  SI=FFEE  DI=0000          
DS=176C  ES=176C  SS=176C  CS=176C  IP=03B9   NV UP DI PL NZ NA PO NC           
176C:03B9 55            PUSH    BP                                              

AX=7FFF  BX=0000  CX=0001  DX=0000  SP=FFEC  BP=0000  SI=FFEE  DI=0000          
DS=176C  ES=176C  SS=176C  CS=176C  IP=03BA   NV UP DI PL NZ NA PO NC           
176C:03BA 55            PUSH    BP                                              

AX=7FFF  BX=0000  CX=0001  DX=0000  SP=FFEA  BP=0000  SI=FFEE  DI=0000          
DS=176C  ES=176C  SS=176C  CS=176C  IP=03BB   NV UP DI PL NZ NA PO NC           
176C:03BB 9D            POPF                                                    

AX=7FFF  BX=0000  CX=0001  DX=0000  SP=FFEC  BP=0000  SI=FFEE  DI=0000          
DS=176C  ES=176C  SS=176C  CS=176C  IP=03BC   NV UP DI PL NZ NA PO NC           
176C:03BC 89F4          MOV     SP,SI                                           

AX=7FFF  BX=0000  CX=0001  DX=0000  SP=FFEE  BP=0000  SI=FFEE  DI=0000          
DS=176C  ES=176C  SS=176C  CS=176C  IP=03BE   NV UP DI PL NZ NA PO NC           
176C:03BE B87F00        MOV     AX,007F                                         

AX=007F  BX=0000  CX=0001  DX=0000  SP=FFEE  BP=0000  SI=FFEE  DI=0000          
DS=176C  ES=176C  SS=176C  CS=176C  IP=03C1   NV UP DI PL NZ NA PO NC           
176C:03C1 B100          MOV     CL,00                                           

AX=007F  BX=0000  CX=0000  DX=0000  SP=FFEE  BP=0000  SI=FFEE  DI=0000          
DS=176C  ES=176C  SS=176C  CS=176C  IP=03C3   NV UP DI PL NZ NA PO NC           
176C:03C3 D3E0          SHL     AX,CL                                           

AX=007F  BX=0000  CX=0000  DX=0000  SP=FFEE  BP=0000  SI=FFEE  DI=0000          
DS=176C  ES=176C  SS=176C  CS=176C  IP=03C5   NV UP DI PL NZ NA PO NC           
176C:03C5 55            PUSH    BP                                              

AX=007F  BX=0000  CX=0000  DX=0000  SP=FFEC  BP=0000  SI=FFEE  DI=0000          
DS=176C  ES=176C  SS=176C  CS=176C  IP=03C6   NV UP DI PL NZ NA PO NC           
176C:03C6 55            PUSH    BP                                              

AX=007F  BX=0000  CX=0000  DX=0000  SP=FFEA  BP=0000  SI=FFEE  DI=0000          
DS=176C  ES=176C  SS=176C  CS=176C  IP=03C7   NV UP DI PL NZ NA PO NC           
176C:03C7 9D            POPF                                                    

AX=007F  BX=0000  CX=0000  DX=0000  SP=FFEC  BP=0000  SI=FFEE  DI=0000          
DS=176C  ES=176C  SS=176C  CS=176C  IP=03C8   NV UP DI PL NZ NA PO NC           
176C:03C8 89F4          MOV     SP,SI                                           

AX=007F  BX=0000  CX=0000  DX=0000  SP=FFEE  BP=0000  SI=FFEE  DI=0000          
DS=176C  ES=176C  SS=176C  CS=176C  IP=03CA   NV UP DI PL NZ NA PO NC           
176C:03CA B47F          MOV     AH,7F                                           

AX=7F7F  BX=0000  CX=0000  DX=0000  SP=FFEE  BP=0000  SI=FFEE  DI=0000          
DS=176C  ES=176C  SS=176C  CS=176C  IP=03CC   NV UP DI PL NZ NA PO NC           
176C:03CC B100          MOV     CL,00                                           

AX=7F7F  BX=0000  CX=0000  DX=0000  SP=FFEE  BP=0000  SI=FFEE  DI=0000          
DS=176C  ES=176C  SS=176C  CS=176C  IP=03CE   NV UP DI PL NZ NA PO NC           
176C:03CE D2E0          SHL     AL,CL                                           

AX=7F7F  BX=0000  CX=0000  DX=0000  SP=FFEE  BP=0000  SI=FFEE  DI=0000          
DS=176C  ES=176C  SS=176C  CS=176C  IP=03D0   NV UP DI PL NZ NA PO NC           
176C:03D0 55            PUSH    BP                                              

AX=7F7F  BX=0000  CX=0000  DX=0000  SP=FFEC  BP=0000  SI=FFEE  DI=0000          
DS=176C  ES=176C  SS=176C  CS=176C  IP=03D1   NV UP DI PL NZ NA PO NC           
176C:03D1 55            PUSH    BP                                              

AX=7F7F  BX=0000  CX=0000  DX=0000  SP=FFEA  BP=0000  SI=FFEE  DI=0000          
DS=176C  ES=176C  SS=176C  CS=176C  IP=03D2   NV UP DI PL NZ NA PO NC           
176C:03D2 9D            POPF                                                    

AX=7F7F  BX=0000  CX=0000  DX=0000  SP=FFEC  BP=0000  SI=FFEE  DI=0000          
DS=176C  ES=176C  SS=176C  CS=176C  IP=03D3   NV UP DI PL NZ NA PO NC           
176C:03D3 89F4          MOV     SP,SI                                           

AX=7F7F  BX=0000  CX=0000  DX=0000  SP=FFEE  BP=0000  SI=FFEE  DI=0000          
DS=176C  ES=176C  SS=176C  CS=176C  IP=03D5   NV UP DI PL NZ NA PO NC           
176C:03D5 B87F00        MOV     AX,007F                                         

AX=007F  BX=0000  CX=0000  DX=0000  SP=FFEE  BP=0000  SI=FFEE  DI=0000          
DS=176C  ES=176C  SS=176C  CS=176C  IP=03D8   NV UP DI PL NZ NA PO NC           
176C:03D8 55            PUSH    BP                                              

AX=007F  BX=0000  CX=0000  DX=0000  SP=FFEC  BP=0000  SI=FFEE  DI=0000          
DS=176C  ES=176C  SS=176C  CS=176C  IP=03D9   NV UP DI PL NZ NA PO NC           
176C:03D9 55            PUSH    BP                                              

AX=007F  BX=0000  CX=0000  DX=0000  SP=FFEA  BP=0000  SI=FFEE  DI=0000          
DS=176C  ES=176C  SS=176C  CS=176C  IP=03DA   NV UP DI PL NZ NA PO NC           
176C:03DA 9D            POPF                                                    

AX=007F  BX=0000  CX=0000  DX=0000  SP=FFEC  BP=0000  SI=FFEE  DI=0000          
DS=176C  ES=176C  SS=176C  CS=176C  IP=03DB   NV UP DI PL NZ NA PO NC           
176C:03DB 89F4          MOV     SP,SI                                           

AX=007F  BX=0000  CX=0000  DX=0000  SP=FFEE  BP=0000  SI=FFEE  DI=0000          
DS=176C  ES=176C  SS=176C  CS=176C  IP=03DD   NV UP DI PL NZ NA PO NC           
176C:03DD B47F          MOV     AH,7F                                           

AX=7F7F  BX=0000  CX=0000  DX=0000  SP=FFEE  BP=0000  SI=FFEE  DI=0000          
DS=176C  ES=176C  SS=176C  CS=176C  IP=03DF   NV UP DI PL NZ NA PO NC           
176C:03DF 55            PUSH    BP                                              

AX=7F7F  BX=0000  CX=0000  DX=0000  SP=FFEC  BP=0000  SI=FFEE  DI=0000          
DS=176C  ES=176C  SS=176C  CS=176C  IP=03E0   NV UP DI PL NZ NA PO NC           
176C:03E0 55            PUSH    BP                                              

AX=7F7F  BX=0000  CX=0000  DX=0000  SP=FFEA  BP=0000  SI=FFEE  DI=0000          
DS=176C  ES=176C  SS=176C  CS=176C  IP=03E1   NV UP DI PL NZ NA PO NC           
176C:03E1 9D            POPF                                                    

AX=7F7F  BX=0000  CX=0000  DX=0000  SP=FFEC  BP=0000  SI=FFEE  DI=0000          
DS=176C  ES=176C  SS=176C  CS=176C  IP=03E2   NV UP DI PL NZ NA PO NC           
176C:03E2 89F4          MOV     SP,SI                                           

AX=7F7F  BX=0000  CX=0000  DX=0000  SP=FFEE  BP=0000  SI=FFEE  DI=0000          
DS=176C  ES=176C  SS=176C  CS=176C  IP=03E4   NV UP DI PL NZ NA PO NC           
176C:03E4 B87F00        MOV     AX,007F                                         

AX=007F  BX=0000  CX=0000  DX=0000  SP=FFEE  BP=0000  SI=FFEE  DI=0000          
DS=176C  ES=176C  SS=176C  CS=176C  IP=03E7   NV UP DI PL NZ NA PO NC           
176C:03E7 55            PUSH    BP                                              

AX=007F  BX=0000  CX=0000  DX=0000  SP=FFEC  BP=0000  SI=FFEE  DI=0000          
DS=176C  ES=176C  SS=176C  CS=176C  IP=03E8   NV UP DI PL NZ NA PO NC           
176C:03E8 55            PUSH    BP                                              

AX=007F  BX=0000  CX=0000  DX=0000  SP=FFEA  BP=0000  SI=FFEE  DI=0000          
DS=176C  ES=176C  SS=176C  CS=176C  IP=03E9   NV UP DI PL NZ NA PO NC           
176C:03E9 9D            POPF                                                    

AX=007F  BX=0000  CX=0000  DX=0000  SP=FFEC  BP=0000  SI=FFEE  DI=0000          
DS=176C  ES=176C  SS=176C  CS=176C  IP=03EA   NV UP DI PL NZ NA PO NC           
176C:03EA 89F4          MOV     SP,SI                                           

AX=007F  BX=0000  CX=0000  DX=0000  SP=FFEE  BP=0000  SI=FFEE  DI=0000          
DS=176C  ES=176C  SS=176C  CS=176C  IP=03EC   NV UP DI PL NZ NA PO NC           
176C:03EC B87F00        MOV     AX,007F                                         

AX=007F  BX=0000  CX=0000  DX=0000  SP=FFEE  BP=0000  SI=FFEE  DI=0000          
DS=176C  ES=176C  SS=176C  CS=176C  IP=03EF   NV UP DI PL NZ NA PO NC           
176C:03EF B101          MOV     CL,01                                           

AX=007F  BX=0000  CX=0001  DX=0000  SP=FFEE  BP=0000  SI=FFEE  DI=0000          
DS=176C  ES=176C  SS=176C  CS=176C  IP=03F1   NV UP DI PL NZ NA PO NC           
176C:03F1 D3E0          SHL     AX,CL                                           

AX=00FE  BX=0000  CX=0001  DX=0000  SP=FFEE  BP=0000  SI=FFEE  DI=0000          
DS=176C  ES=176C  SS=176C  CS=176C  IP=03F3   NV UP DI PL NZ NA PO NC           
176C:03F3 55            PUSH    BP                                              

AX=00FE  BX=0000  CX=0001  DX=0000  SP=FFEC  BP=0000  SI=FFEE  DI=0000          
DS=176C  ES=176C  SS=176C  CS=176C  IP=03F4   NV UP DI PL NZ NA PO NC           
176C:03F4 55            PUSH    BP                                              

AX=00FE  BX=0000  CX=0001  DX=0000  SP=FFEA  BP=0000  SI=FFEE  DI=0000          
DS=176C  ES=176C  SS=176C  CS=176C  IP=03F5   NV UP DI PL NZ NA PO NC           
176C:03F5 9D            POPF                                                    

AX=00FE  BX=0000  CX=0001  DX=0000  SP=FFEC  BP=0000  SI=FFEE  DI=0000          
DS=176C  ES=176C  SS=176C  CS=176C  IP=03F6   NV UP DI PL NZ NA PO NC           
176C:03F6 89F4          MOV     SP,SI                                           

AX=00FE  BX=0000  CX=0001  DX=0000  SP=FFEE  BP=0000  SI=FFEE  DI=0000          
DS=176C  ES=176C  SS=176C  CS=176C  IP=03F8   NV UP DI PL NZ NA PO NC           
176C:03F8 B47F          MOV     AH,7F                                           

AX=7FFE  BX=0000  CX=0001  DX=0000  SP=FFEE  BP=0000  SI=FFEE  DI=0000          
DS=176C  ES=176C  SS=176C  CS=176C  IP=03FA   NV UP DI PL NZ NA PO NC           
176C:03FA B101          MOV     CL,01                                           

AX=7FFE  BX=0000  CX=0001  DX=0000  SP=FFEE  BP=0000  SI=FFEE  DI=0000          
DS=176C  ES=176C  SS=176C  CS=176C  IP=03FC   NV UP DI PL NZ NA PO NC           
176C:03FC D2E0          SHL     AL,CL                                           

AX=7FFC  BX=0000  CX=0001  DX=0000  SP=FFEE  BP=0000  SI=FFEE  DI=0000          
DS=176C  ES=176C  SS=176C  CS=176C  IP=03FE   NV UP DI NG NZ NA PE CY           
176C:03FE 55            PUSH    BP                                              

AX=7FFC  BX=0000  CX=0001  DX=0000  SP=FFEC  BP=0000  SI=FFEE  DI=0000          
DS=176C  ES=176C  SS=176C  CS=176C  IP=03FF   NV UP DI NG NZ NA PE CY           
176C:03FF 55            PUSH    BP                                              

AX=7FFC  BX=0000  CX=0001  DX=0000  SP=FFEA  BP=0000  SI=FFEE  DI=0000          
DS=176C  ES=176C  SS=176C  CS=176C  IP=0400   NV UP DI NG NZ NA PE CY           
176C:0400 9D            POPF                                                    

AX=7FFC  BX=0000  CX=0001  DX=0000  SP=FFEC  BP=0000  SI=FFEE  DI=0000          
DS=176C  ES=176C  SS=176C  CS=176C  IP=0401   NV UP DI PL NZ NA PO NC           
176C:0401 89F4          MOV     SP,SI                                           

AX=7FFC  BX=0000  CX=0001  DX=0000  SP=FFEE  BP=0000  SI=FFEE  DI=0000          
DS=176C  ES=176C  SS=176C  CS=176C  IP=0403   NV UP DI PL NZ NA PO NC           
176C:0403 B87F00        MOV     AX,007F                                         

AX=007F  BX=0000  CX=0001  DX=0000  SP=FFEE  BP=0000  SI=FFEE  DI=0000          
DS=176C  ES=176C  SS=176C  CS=176C  IP=0406   NV UP DI PL NZ NA PO NC           
176C:0406 55            PUSH    BP                                              

AX=007F  BX=0000  CX=0001  DX=0000  SP=FFEC  BP=0000  SI=FFEE  DI=0000          
DS=176C  ES=176C  SS=176C  CS=176C  IP=0407   NV UP DI PL NZ NA PO NC           
176C:0407 55            PUSH    BP                                              

AX=007F  BX=0000  CX=0001  DX=0000  SP=FFEA  BP=0000  SI=FFEE  DI=0000          
DS=176C  ES=176C  SS=176C  CS=176C  IP=0408   NV UP DI PL NZ NA PO NC           
176C:0408 9D            POPF                                                    

AX=007F  BX=0000  CX=0001  DX=0000  SP=FFEC  BP=0000  SI=FFEE  DI=0000          
DS=176C  ES=176C  SS=176C  CS=176C  IP=0409   NV UP DI PL NZ NA PO NC           
176C:0409 89F4          MOV     SP,SI                                           

AX=007F  BX=0000  CX=0001  DX=0000  SP=FFEE  BP=0000  SI=FFEE  DI=0000          
DS=176C  ES=176C  SS=176C  CS=176C  IP=040B   NV UP DI PL NZ NA PO NC           
176C:040B B47F          MOV     AH,7F                                           

AX=7F7F  BX=0000  CX=0001  DX=0000  SP=FFEE  BP=0000  SI=FFEE  DI=0000          
DS=176C  ES=176C  SS=176C  CS=176C  IP=040D   NV UP DI PL NZ NA PO NC           
176C:040D 55            PUSH    BP                                              

AX=7F7F  BX=0000  CX=0001  DX=0000  SP=FFEC  BP=0000  SI=FFEE  DI=0000          
DS=176C  ES=176C  SS=176C  CS=176C  IP=040E   NV UP DI PL NZ NA PO NC           
176C:040E 55            PUSH    BP                                              

AX=7F7F  BX=0000  CX=0001  DX=0000  SP=FFEA  BP=0000  SI=FFEE  DI=0000          
DS=176C  ES=176C  SS=176C  CS=176C  IP=040F   NV UP DI PL NZ NA PO NC           
176C:040F 9D            POPF                                                    

AX=7F7F  BX=0000  CX=0001  DX=0000  SP=FFEC  BP=0000  SI=FFEE  DI=0000          
DS=176C  ES=176C  SS=176C  CS=176C  IP=0410   NV UP DI PL NZ NA PO NC           
176C:0410 89F4          MOV     SP,SI                                           

AX=7F7F  BX=0000  CX=0001  DX=0000  SP=FFEE  BP=0000  SI=FFEE  DI=0000          
DS=176C  ES=176C  SS=176C  CS=176C  IP=0412   NV UP DI PL NZ NA PO NC           
176C:0412 B87F00        MOV     AX,007F                                         

AX=007F  BX=0000  CX=0001  DX=0000  SP=FFEE  BP=0000  SI=FFEE  DI=0000          
DS=176C  ES=176C  SS=176C  CS=176C  IP=0415   NV UP DI PL NZ NA PO NC           
176C:0415 55            PUSH    BP                                              

AX=007F  BX=0000  CX=0001  DX=0000  SP=FFEC  BP=0000  SI=FFEE  DI=0000          
DS=176C  ES=176C  SS=176C  CS=176C  IP=0416   NV UP DI PL NZ NA PO NC           
176C:0416 55            PUSH    BP                                              

AX=007F  BX=0000  CX=0001  DX=0000  SP=FFEA  BP=0000  SI=FFEE  DI=0000          
DS=176C  ES=176C  SS=176C  CS=176C  IP=0417   NV UP DI PL NZ NA PO NC           
176C:0417 9D            POPF                                                    

AX=007F  BX=0000  CX=0001  DX=0000  SP=FFEC  BP=0000  SI=FFEE  DI=0000          
DS=176C  ES=176C  SS=176C  CS=176C  IP=0418   NV UP DI PL NZ NA PO NC           
176C:0418 89F4          MOV     SP,SI                                           

AX=007F  BX=0000  CX=0001  DX=0000  SP=FFEE  BP=0000  SI=FFEE  DI=0000          
DS=176C  ES=176C  SS=176C  CS=176C  IP=041A   NV UP DI PL NZ NA PO NC           
176C:041A B88000        MOV     AX,0080                                         

AX=0080  BX=0000  CX=0001  DX=0000  SP=FFEE  BP=0000  SI=FFEE  DI=0000          
DS=176C  ES=176C  SS=176C  CS=176C  IP=041D   NV UP DI PL NZ NA PO NC           
176C:041D B100          MOV     CL,00                                           

AX=0080  BX=0000  CX=0000  DX=0000  SP=FFEE  BP=0000  SI=FFEE  DI=0000          
DS=176C  ES=176C  SS=176C  CS=176C  IP=041F   NV UP DI PL NZ NA PO NC           
176C:041F D3E0          SHL     AX,CL                                           

AX=0080  BX=0000  CX=0000  DX=0000  SP=FFEE  BP=0000  SI=FFEE  DI=0000          
DS=176C  ES=176C  SS=176C  CS=176C  IP=0421   NV UP DI PL NZ NA PO NC           
176C:0421 55            PUSH    BP                                              

AX=0080  BX=0000  CX=0000  DX=0000  SP=FFEC  BP=0000  SI=FFEE  DI=0000          
DS=176C  ES=176C  SS=176C  CS=176C  IP=0422   NV UP DI PL NZ NA PO NC           
176C:0422 55            PUSH    BP                                              

AX=0080  BX=0000  CX=0000  DX=0000  SP=FFEA  BP=0000  SI=FFEE  DI=0000          
DS=176C  ES=176C  SS=176C  CS=176C  IP=0423   NV UP DI PL NZ NA PO NC           
176C:0423 9D            POPF                                                    

AX=0080  BX=0000  CX=0000  DX=0000  SP=FFEC  BP=0000  SI=FFEE  DI=0000          
DS=176C  ES=176C  SS=176C  CS=176C  IP=0424   NV UP DI PL NZ NA PO NC           
176C:0424 89F4          MOV     SP,SI                                           

AX=0080  BX=0000  CX=0000  DX=0000  SP=FFEE  BP=0000  SI=FFEE  DI=0000          
DS=176C  ES=176C  SS=176C  CS=176C  IP=0426   NV UP DI PL NZ NA PO NC           
176C:0426 B480          MOV     AH,80                                           

AX=8080  BX=0000  CX=0000  DX=0000  SP=FFEE  BP=0000  SI=FFEE  DI=0000          
DS=176C  ES=176C  SS=176C  CS=176C  IP=0428   NV UP DI PL NZ NA PO NC           
176C:0428 B100          MOV     CL,00                                           

AX=8080  BX=0000  CX=0000  DX=0000  SP=FFEE  BP=0000  SI=FFEE  DI=0000          
DS=176C  ES=176C  SS=176C  CS=176C  IP=042A   NV UP DI PL NZ NA PO NC           
176C:042A D2E0          SHL     AL,CL                                           

AX=8080  BX=0000  CX=0000  DX=0000  SP=FFEE  BP=0000  SI=FFEE  DI=0000          
DS=176C  ES=176C  SS=176C  CS=176C  IP=042C   NV UP DI PL NZ NA PO NC           
176C:042C 55            PUSH    BP                                              

AX=8080  BX=0000  CX=0000  DX=0000  SP=FFEC  BP=0000  SI=FFEE  DI=0000          
DS=176C  ES=176C  SS=176C  CS=176C  IP=042D   NV UP DI PL NZ NA PO NC           
176C:042D 55            PUSH    BP                                              

AX=8080  BX=0000  CX=0000  DX=0000  SP=FFEA  BP=0000  SI=FFEE  DI=0000          
DS=176C  ES=176C  SS=176C  CS=176C  IP=042E   NV UP DI PL NZ NA PO NC           
176C:042E 9D            POPF                                                    

AX=8080  BX=0000  CX=0000  DX=0000  SP=FFEC  BP=0000  SI=FFEE  DI=0000          
DS=176C  ES=176C  SS=176C  CS=176C  IP=042F   NV UP DI PL NZ NA PO NC           
176C:042F 89F4          MOV     SP,SI                                           

AX=8080  BX=0000  CX=0000  DX=0000  SP=FFEE  BP=0000  SI=FFEE  DI=0000          
DS=176C  ES=176C  SS=176C  CS=176C  IP=0431   NV UP DI PL NZ NA PO NC           
176C:0431 B88000        MOV     AX,0080                                         

AX=0080  BX=0000  CX=0000  DX=0000  SP=FFEE  BP=0000  SI=FFEE  DI=0000          
DS=176C  ES=176C  SS=176C  CS=176C  IP=0434   NV UP DI PL NZ NA PO NC           
176C:0434 55            PUSH    BP                                              

AX=0080  BX=0000  CX=0000  DX=0000  SP=FFEC  BP=0000  SI=FFEE  DI=0000          
DS=176C  ES=176C  SS=176C  CS=176C  IP=0435   NV UP DI PL NZ NA PO NC           
176C:0435 55            PUSH    BP                                              

AX=0080  BX=0000  CX=0000  DX=0000  SP=FFEA  BP=0000  SI=FFEE  DI=0000          
DS=176C  ES=176C  SS=176C  CS=176C  IP=0436   NV UP DI PL NZ NA PO NC           
176C:0436 9D            POPF                                                    

AX=0080  BX=0000  CX=0000  DX=0000  SP=FFEC  BP=0000  SI=FFEE  DI=0000          
DS=176C  ES=176C  SS=176C  CS=176C  IP=0437   NV UP DI PL NZ NA PO NC           
176C:0437 89F4          MOV     SP,SI                                           

AX=0080  BX=0000  CX=0000  DX=0000  SP=FFEE  BP=0000  SI=FFEE  DI=0000          
DS=176C  ES=176C  SS=176C  CS=176C  IP=0439   NV UP DI PL NZ NA PO NC           
176C:0439 B480          MOV     AH,80                                           

AX=8080  BX=0000  CX=0000  DX=0000  SP=FFEE  BP=0000  SI=FFEE  DI=0000          
DS=176C  ES=176C  SS=176C  CS=176C  IP=043B   NV UP DI PL NZ NA PO NC           
176C:043B 55            PUSH    BP                                              

AX=8080  BX=0000  CX=0000  DX=0000  SP=FFEC  BP=0000  SI=FFEE  DI=0000          
DS=176C  ES=176C  SS=176C  CS=176C  IP=043C   NV UP DI PL NZ NA PO NC           
176C:043C 55            PUSH    BP                                              

AX=8080  BX=0000  CX=0000  DX=0000  SP=FFEA  BP=0000  SI=FFEE  DI=0000          
DS=176C  ES=176C  SS=176C  CS=176C  IP=043D   NV UP DI PL NZ NA PO NC           
176C:043D 9D            POPF                                                    

AX=8080  BX=0000  CX=0000  DX=0000  SP=FFEC  BP=0000  SI=FFEE  DI=0000          
DS=176C  ES=176C  SS=176C  CS=176C  IP=043E   NV UP DI PL NZ NA PO NC           
176C:043E 89F4          MOV     SP,SI                                           

AX=8080  BX=0000  CX=0000  DX=0000  SP=FFEE  BP=0000  SI=FFEE  DI=0000          
DS=176C  ES=176C  SS=176C  CS=176C  IP=0440   NV UP DI PL NZ NA PO NC           
176C:0440 B88000        MOV     AX,0080                                         

AX=0080  BX=0000  CX=0000  DX=0000  SP=FFEE  BP=0000  SI=FFEE  DI=0000          
DS=176C  ES=176C  SS=176C  CS=176C  IP=0443   NV UP DI PL NZ NA PO NC           
176C:0443 55            PUSH    BP                                              

AX=0080  BX=0000  CX=0000  DX=0000  SP=FFEC  BP=0000  SI=FFEE  DI=0000          
DS=176C  ES=176C  SS=176C  CS=176C  IP=0444   NV UP DI PL NZ NA PO NC           
176C:0444 55            PUSH    BP                                              

AX=0080  BX=0000  CX=0000  DX=0000  SP=FFEA  BP=0000  SI=FFEE  DI=0000          
DS=176C  ES=176C  SS=176C  CS=176C  IP=0445   NV UP DI PL NZ NA PO NC           
176C:0445 9D            POPF                                                    

AX=0080  BX=0000  CX=0000  DX=0000  SP=FFEC  BP=0000  SI=FFEE  DI=0000          
DS=176C  ES=176C  SS=176C  CS=176C  IP=0446   NV UP DI PL NZ NA PO NC           
176C:0446 89F4          MOV     SP,SI                                           

AX=0080  BX=0000  CX=0000  DX=0000  SP=FFEE  BP=0000  SI=FFEE  DI=0000          
DS=176C  ES=176C  SS=176C  CS=176C  IP=0448   NV UP DI PL NZ NA PO NC           
176C:0448 B88000        MOV     AX,0080                                         

AX=0080  BX=0000  CX=0000  DX=0000  SP=FFEE  BP=0000  SI=FFEE  DI=0000          
DS=176C  ES=176C  SS=176C  CS=176C  IP=044B   NV UP DI PL NZ NA PO NC           
176C:044B B101          MOV     CL,01                                           

AX=0080  BX=0000  CX=0001  DX=0000  SP=FFEE  BP=0000  SI=FFEE  DI=0000          
DS=176C  ES=176C  SS=176C  CS=176C  IP=044D   NV UP DI PL NZ NA PO NC           
176C:044D D3E0          SHL     AX,CL                                           

AX=0100  BX=0000  CX=0001  DX=0000  SP=FFEE  BP=0000  SI=FFEE  DI=0000          
DS=176C  ES=176C  SS=176C  CS=176C  IP=044F   NV UP DI PL NZ NA PE NC           
176C:044F 55            PUSH    BP                                              

AX=0100  BX=0000  CX=0001  DX=0000  SP=FFEC  BP=0000  SI=FFEE  DI=0000          
DS=176C  ES=176C  SS=176C  CS=176C  IP=0450   NV UP DI PL NZ NA PE NC           
176C:0450 55            PUSH    BP                                              

AX=0100  BX=0000  CX=0001  DX=0000  SP=FFEA  BP=0000  SI=FFEE  DI=0000          
DS=176C  ES=176C  SS=176C  CS=176C  IP=0451   NV UP DI PL NZ NA PE NC           
176C:0451 9D            POPF                                                    

AX=0100  BX=0000  CX=0001  DX=0000  SP=FFEC  BP=0000  SI=FFEE  DI=0000          
DS=176C  ES=176C  SS=176C  CS=176C  IP=0452   NV UP DI PL NZ NA PO NC           
176C:0452 89F4          MOV     SP,SI                                           

AX=0100  BX=0000  CX=0001  DX=0000  SP=FFEE  BP=0000  SI=FFEE  DI=0000          
DS=176C  ES=176C  SS=176C  CS=176C  IP=0454   NV UP DI PL NZ NA PO NC           
176C:0454 B480          MOV     AH,80                                           

AX=8000  BX=0000  CX=0001  DX=0000  SP=FFEE  BP=0000  SI=FFEE  DI=0000          
DS=176C  ES=176C  SS=176C  CS=176C  IP=0456   NV UP DI PL NZ NA PO NC           
176C:0456 B101          MOV     CL,01                                           

AX=8000  BX=0000  CX=0001  DX=0000  SP=FFEE  BP=0000  SI=FFEE  DI=0000          
DS=176C  ES=176C  SS=176C  CS=176C  IP=0458   NV UP DI PL NZ NA PO NC           
176C:0458 D2E0          SHL     AL,CL                                           

AX=8000  BX=0000  CX=0001  DX=0000  SP=FFEE  BP=0000  SI=FFEE  DI=0000          
DS=176C  ES=176C  SS=176C  CS=176C  IP=045A   NV UP DI PL ZR NA PE NC           
176C:045A 55            PUSH    BP                                              

AX=8000  BX=0000  CX=0001  DX=0000  SP=FFEC  BP=0000  SI=FFEE  DI=0000          
DS=176C  ES=176C  SS=176C  CS=176C  IP=045B   NV UP DI PL ZR NA PE NC           
176C:045B 55            PUSH    BP                                              

AX=8000  BX=0000  CX=0001  DX=0000  SP=FFEA  BP=0000  SI=FFEE  DI=0000          
DS=176C  ES=176C  SS=176C  CS=176C  IP=045C   NV UP DI PL ZR NA PE NC           
176C:045C 9D            POPF                                                    

AX=8000  BX=0000  CX=0001  DX=0000  SP=FFEC  BP=0000  SI=FFEE  DI=0000          
DS=176C  ES=176C  SS=176C  CS=176C  IP=045D   NV UP DI PL NZ NA PO NC           
176C:045D 89F4          MOV     SP,SI                                           

AX=8000  BX=0000  CX=0001  DX=0000  SP=FFEE  BP=0000  SI=FFEE  DI=0000          
DS=176C  ES=176C  SS=176C  CS=176C  IP=045F   NV UP DI PL NZ NA PO NC           
176C:045F B88000        MOV     AX,0080                                         

AX=0080  BX=0000  CX=0001  DX=0000  SP=FFEE  BP=0000  SI=FFEE  DI=0000          
DS=176C  ES=176C  SS=176C  CS=176C  IP=0462   NV UP DI PL NZ NA PO NC           
176C:0462 55            PUSH    BP                                              

AX=0080  BX=0000  CX=0001  DX=0000  SP=FFEC  BP=0000  SI=FFEE  DI=0000          
DS=176C  ES=176C  SS=176C  CS=176C  IP=0463   NV UP DI PL NZ NA PO NC           
176C:0463 55            PUSH    BP                                              

AX=0080  BX=0000  CX=0001  DX=0000  SP=FFEA  BP=0000  SI=FFEE  DI=0000          
DS=176C  ES=176C  SS=176C  CS=176C  IP=0464   NV UP DI PL NZ NA PO NC           
176C:0464 9D            POPF                                                    

AX=0080  BX=0000  CX=0001  DX=0000  SP=FFEC  BP=0000  SI=FFEE  DI=0000          
DS=176C  ES=176C  SS=176C  CS=176C  IP=0465   NV UP DI PL NZ NA PO NC           
176C:0465 89F4          MOV     SP,SI                                           

AX=0080  BX=0000  CX=0001  DX=0000  SP=FFEE  BP=0000  SI=FFEE  DI=0000          
DS=176C  ES=176C  SS=176C  CS=176C  IP=0467   NV UP DI PL NZ NA PO NC           
176C:0467 B480          MOV     AH,80                                           

AX=8080  BX=0000  CX=0001  DX=0000  SP=FFEE  BP=0000  SI=FFEE  DI=0000          
DS=176C  ES=176C  SS=176C  CS=176C  IP=0469   NV UP DI PL NZ NA PO NC           
176C:0469 55            PUSH    BP                                              

AX=8080  BX=0000  CX=0001  DX=0000  SP=FFEC  BP=0000  SI=FFEE  DI=0000          
DS=176C  ES=176C  SS=176C  CS=176C  IP=046A   NV UP DI PL NZ NA PO NC           
176C:046A 55            PUSH    BP                                              

AX=8080  BX=0000  CX=0001  DX=0000  SP=FFEA  BP=0000  SI=FFEE  DI=0000          
DS=176C  ES=176C  SS=176C  CS=176C  IP=046B   NV UP DI PL NZ NA PO NC           
176C:046B 9D            POPF                                                    

AX=8080  BX=0000  CX=0001  DX=0000  SP=FFEC  BP=0000  SI=FFEE  DI=0000          
DS=176C  ES=176C  SS=176C  CS=176C  IP=046C   NV UP DI PL NZ NA PO NC           
176C:046C 89F4          MOV     SP,SI                                           

AX=8080  BX=0000  CX=0001  DX=0000  SP=FFEE  BP=0000  SI=FFEE  DI=0000          
DS=176C  ES=176C  SS=176C  CS=176C  IP=046E   NV UP DI PL NZ NA PO NC           
176C:046E B88000        MOV     AX,0080                                         

AX=0080  BX=0000  CX=0001  DX=0000  SP=FFEE  BP=0000  SI=FFEE  DI=0000          
DS=176C  ES=176C  SS=176C  CS=176C  IP=0471   NV UP DI PL NZ NA PO NC           
176C:0471 55            PUSH    BP                                              

AX=0080  BX=0000  CX=0001  DX=0000  SP=FFEC  BP=0000  SI=FFEE  DI=0000          
DS=176C  ES=176C  SS=176C  CS=176C  IP=0472   NV UP DI PL NZ NA PO NC           
176C:0472 55            PUSH    BP                                              

AX=0080  BX=0000  CX=0001  DX=0000  SP=FFEA  BP=0000  SI=FFEE  DI=0000          
DS=176C  ES=176C  SS=176C  CS=176C  IP=0473   NV UP DI PL NZ NA PO NC           
176C:0473 9D            POPF                                                    

AX=0080  BX=0000  CX=0001  DX=0000  SP=FFEC  BP=0000  SI=FFEE  DI=0000          
DS=176C  ES=176C  SS=176C  CS=176C  IP=0474   NV UP DI PL NZ NA PO NC           
176C:0474 89F4          MOV     SP,SI                                           

AX=0080  BX=0000  CX=0001  DX=0000  SP=FFEE  BP=0000  SI=FFEE  DI=0000          
DS=176C  ES=176C  SS=176C  CS=176C  IP=0476   NV UP DI PL NZ NA PO NC           
176C:0476 B80180        MOV     AX,8001                                         

AX=8001  BX=0000  CX=0001  DX=0000  SP=FFEE  BP=0000  SI=FFEE  DI=0000          
DS=176C  ES=176C  SS=176C  CS=176C  IP=0479   NV UP DI PL NZ NA PO NC           
176C:0479 B100          MOV     CL,00                                           

AX=8001  BX=0000  CX=0000  DX=0000  SP=FFEE  BP=0000  SI=FFEE  DI=0000          
DS=176C  ES=176C  SS=176C  CS=176C  IP=047B   NV UP DI PL NZ NA PO NC           
176C:047B D3E0          SHL     AX,CL                                           

AX=8001  BX=0000  CX=0000  DX=0000  SP=FFEE  BP=0000  SI=FFEE  DI=0000          
DS=176C  ES=176C  SS=176C  CS=176C  IP=047D   NV UP DI PL NZ NA PO NC           
176C:047D 55            PUSH    BP                                              

AX=8001  BX=0000  CX=0000  DX=0000  SP=FFEC  BP=0000  SI=FFEE  DI=0000          
DS=176C  ES=176C  SS=176C  CS=176C  IP=047E   NV UP DI PL NZ NA PO NC           
176C:047E 55            PUSH    BP                                              

AX=8001  BX=0000  CX=0000  DX=0000  SP=FFEA  BP=0000  SI=FFEE  DI=0000          
DS=176C  ES=176C  SS=176C  CS=176C  IP=047F   NV UP DI PL NZ NA PO NC           
176C:047F 9D            POPF                                                    

AX=8001  BX=0000  CX=0000  DX=0000  SP=FFEC  BP=0000  SI=FFEE  DI=0000          
DS=176C  ES=176C  SS=176C  CS=176C  IP=0480   NV UP DI PL NZ NA PO NC           
176C:0480 89F4          MOV     SP,SI                                           

AX=8001  BX=0000  CX=0000  DX=0000  SP=FFEE  BP=0000  SI=FFEE  DI=0000          
DS=176C  ES=176C  SS=176C  CS=176C  IP=0482   NV UP DI PL NZ NA PO NC           
176C:0482 B401          MOV     AH,01                                           

AX=0101  BX=0000  CX=0000  DX=0000  SP=FFEE  BP=0000  SI=FFEE  DI=0000          
DS=176C  ES=176C  SS=176C  CS=176C  IP=0484   NV UP DI PL NZ NA PO NC           
176C:0484 B100          MOV     CL,00                                           

AX=0101  BX=0000  CX=0000  DX=0000  SP=FFEE  BP=0000  SI=FFEE  DI=0000          
DS=176C  ES=176C  SS=176C  CS=176C  IP=0486   NV UP DI PL NZ NA PO NC           
176C:0486 D2E0          SHL     AL,CL                                           

AX=0101  BX=0000  CX=0000  DX=0000  SP=FFEE  BP=0000  SI=FFEE  DI=0000          
DS=176C  ES=176C  SS=176C  CS=176C  IP=0488   NV UP DI PL NZ NA PO NC           
176C:0488 55            PUSH    BP                                              

AX=0101  BX=0000  CX=0000  DX=0000  SP=FFEC  BP=0000  SI=FFEE  DI=0000          
DS=176C  ES=176C  SS=176C  CS=176C  IP=0489   NV UP DI PL NZ NA PO NC           
176C:0489 55            PUSH    BP                                              

AX=0101  BX=0000  CX=0000  DX=0000  SP=FFEA  BP=0000  SI=FFEE  DI=0000          
DS=176C  ES=176C  SS=176C  CS=176C  IP=048A   NV UP DI PL NZ NA PO NC           
176C:048A 9D            POPF                                                    

AX=0101  BX=0000  CX=0000  DX=0000  SP=FFEC  BP=0000  SI=FFEE  DI=0000          
DS=176C  ES=176C  SS=176C  CS=176C  IP=048B   NV UP DI PL NZ NA PO NC           
176C:048B 89F4          MOV     SP,SI                                           

AX=0101  BX=0000  CX=0000  DX=0000  SP=FFEE  BP=0000  SI=FFEE  DI=0000          
DS=176C  ES=176C  SS=176C  CS=176C  IP=048D   NV UP DI PL NZ NA PO NC           
176C:048D B80180        MOV     AX,8001                                         

AX=8001  BX=0000  CX=0000  DX=0000  SP=FFEE  BP=0000  SI=FFEE  DI=0000          
DS=176C  ES=176C  SS=176C  CS=176C  IP=0490   NV UP DI PL NZ NA PO NC           
176C:0490 55            PUSH    BP                                              

AX=8001  BX=0000  CX=0000  DX=0000  SP=FFEC  BP=0000  SI=FFEE  DI=0000          
DS=176C  ES=176C  SS=176C  CS=176C  IP=0491   NV UP DI PL NZ NA PO NC           
176C:0491 55            PUSH    BP                                              

AX=8001  BX=0000  CX=0000  DX=0000  SP=FFEA  BP=0000  SI=FFEE  DI=0000          
DS=176C  ES=176C  SS=176C  CS=176C  IP=0492   NV UP DI PL NZ NA PO NC           
176C:0492 9D            POPF                                                    

AX=8001  BX=0000  CX=0000  DX=0000  SP=FFEC  BP=0000  SI=FFEE  DI=0000          
DS=176C  ES=176C  SS=176C  CS=176C  IP=0493   NV UP DI PL NZ NA PO NC           
176C:0493 89F4          MOV     SP,SI                                           

AX=8001  BX=0000  CX=0000  DX=0000  SP=FFEE  BP=0000  SI=FFEE  DI=0000          
DS=176C  ES=176C  SS=176C  CS=176C  IP=0495   NV UP DI PL NZ NA PO NC           
176C:0495 B401          MOV     AH,01                                           

AX=0101  BX=0000  CX=0000  DX=0000  SP=FFEE  BP=0000  SI=FFEE  DI=0000          
DS=176C  ES=176C  SS=176C  CS=176C  IP=0497   NV UP DI PL NZ NA PO NC           
176C:0497 55            PUSH    BP                                              

AX=0101  BX=0000  CX=0000  DX=0000  SP=FFEC  BP=0000  SI=FFEE  DI=0000          
DS=176C  ES=176C  SS=176C  CS=176C  IP=0498   NV UP DI PL NZ NA PO NC           
176C:0498 55            PUSH    BP                                              

AX=0101  BX=0000  CX=0000  DX=0000  SP=FFEA  BP=0000  SI=FFEE  DI=0000          
DS=176C  ES=176C  SS=176C  CS=176C  IP=0499   NV UP DI PL NZ NA PO NC           
176C:0499 9D            POPF                                                    

AX=0101  BX=0000  CX=0000  DX=0000  SP=FFEC  BP=0000  SI=FFEE  DI=0000          
DS=176C  ES=176C  SS=176C  CS=176C  IP=049A   NV UP DI PL NZ NA PO NC           
176C:049A 89F4          MOV     SP,SI                                           

AX=0101  BX=0000  CX=0000  DX=0000  SP=FFEE  BP=0000  SI=FFEE  DI=0000          
DS=176C  ES=176C  SS=176C  CS=176C  IP=049C   NV UP DI PL NZ NA PO NC           
176C:049C B80180        MOV     AX,8001                                         

AX=8001  BX=0000  CX=0000  DX=0000  SP=FFEE  BP=0000  SI=FFEE  DI=0000          
DS=176C  ES=176C  SS=176C  CS=176C  IP=049F   NV UP DI PL NZ NA PO NC           
176C:049F 55            PUSH    BP                                              

AX=8001  BX=0000  CX=0000  DX=0000  SP=FFEC  BP=0000  SI=FFEE  DI=0000          
DS=176C  ES=176C  SS=176C  CS=176C  IP=04A0   NV UP DI PL NZ NA PO NC           
176C:04A0 55            PUSH    BP                                              

AX=8001  BX=0000  CX=0000  DX=0000  SP=FFEA  BP=0000  SI=FFEE  DI=0000          
DS=176C  ES=176C  SS=176C  CS=176C  IP=04A1   NV UP DI PL NZ NA PO NC           
176C:04A1 9D            POPF                                                    

AX=8001  BX=0000  CX=0000  DX=0000  SP=FFEC  BP=0000  SI=FFEE  DI=0000          
DS=176C  ES=176C  SS=176C  CS=176C  IP=04A2   NV UP DI PL NZ NA PO NC           
176C:04A2 89F4          MOV     SP,SI                                           

AX=8001  BX=0000  CX=0000  DX=0000  SP=FFEE  BP=0000  SI=FFEE  DI=0000          
DS=176C  ES=176C  SS=176C  CS=176C  IP=04A4   NV UP DI PL NZ NA PO NC           
176C:04A4 B80180        MOV     AX,8001                                         

AX=8001  BX=0000  CX=0000  DX=0000  SP=FFEE  BP=0000  SI=FFEE  DI=0000          
DS=176C  ES=176C  SS=176C  CS=176C  IP=04A7   NV UP DI PL NZ NA PO NC           
176C:04A7 B101          MOV     CL,01                                           

AX=8001  BX=0000  CX=0001  DX=0000  SP=FFEE  BP=0000  SI=FFEE  DI=0000          
DS=176C  ES=176C  SS=176C  CS=176C  IP=04A9   NV UP DI PL NZ NA PO NC           
176C:04A9 D3E0          SHL     AX,CL                                           

AX=0002  BX=0000  CX=0001  DX=0000  SP=FFEE  BP=0000  SI=FFEE  DI=0000          
DS=176C  ES=176C  SS=176C  CS=176C  IP=04AB   OV UP DI PL NZ NA PO CY           
176C:04AB 55            PUSH    BP                                              

AX=0002  BX=0000  CX=0001  DX=0000  SP=FFEC  BP=0000  SI=FFEE  DI=0000          
DS=176C  ES=176C  SS=176C  CS=176C  IP=04AC   OV UP DI PL NZ NA PO CY           
176C:04AC 55            PUSH    BP                                              

AX=0002  BX=0000  CX=0001  DX=0000  SP=FFEA  BP=0000  SI=FFEE  DI=0000          
DS=176C  ES=176C  SS=176C  CS=176C  IP=04AD   OV UP DI PL NZ NA PO CY           
176C:04AD 9D            POPF                                                    

AX=0002  BX=0000  CX=0001  DX=0000  SP=FFEC  BP=0000  SI=FFEE  DI=0000          
DS=176C  ES=176C  SS=176C  CS=176C  IP=04AE   NV UP DI PL NZ NA PO NC           
176C:04AE 89F4          MOV     SP,SI                                           

AX=0002  BX=0000  CX=0001  DX=0000  SP=FFEE  BP=0000  SI=FFEE  DI=0000          
DS=176C  ES=176C  SS=176C  CS=176C  IP=04B0   NV UP DI PL NZ NA PO NC           
176C:04B0 B401          MOV     AH,01                                           

AX=0102  BX=0000  CX=0001  DX=0000  SP=FFEE  BP=0000  SI=FFEE  DI=0000          
DS=176C  ES=176C  SS=176C  CS=176C  IP=04B2   NV UP DI PL NZ NA PO NC           
176C:04B2 B101          MOV     CL,01                                           

AX=0102  BX=0000  CX=0001  DX=0000  SP=FFEE  BP=0000  SI=FFEE  DI=0000          
DS=176C  ES=176C  SS=176C  CS=176C  IP=04B4   NV UP DI PL NZ NA PO NC           
176C:04B4 D2E0          SHL     AL,CL                                           

AX=0104  BX=0000  CX=0001  DX=0000  SP=FFEE  BP=0000  SI=FFEE  DI=0000          
DS=176C  ES=176C  SS=176C  CS=176C  IP=04B6   NV UP DI PL NZ NA PO NC           
176C:04B6 55            PUSH    BP                                              

AX=0104  BX=0000  CX=0001  DX=0000  SP=FFEC  BP=0000  SI=FFEE  DI=0000          
DS=176C  ES=176C  SS=176C  CS=176C  IP=04B7   NV UP DI PL NZ NA PO NC           
176C:04B7 55            PUSH    BP                                              

AX=0104  BX=0000  CX=0001  DX=0000  SP=FFEA  BP=0000  SI=FFEE  DI=0000          
DS=176C  ES=176C  SS=176C  CS=176C  IP=04B8   NV UP DI PL NZ NA PO NC           
176C:04B8 9D            POPF                                                    

AX=0104  BX=0000  CX=0001  DX=0000  SP=FFEC  BP=0000  SI=FFEE  DI=0000          
DS=176C  ES=176C  SS=176C  CS=176C  IP=04B9   NV UP DI PL NZ NA PO NC           
176C:04B9 89F4          MOV     SP,SI                                           

AX=0104  BX=0000  CX=0001  DX=0000  SP=FFEE  BP=0000  SI=FFEE  DI=0000          
DS=176C  ES=176C  SS=176C  CS=176C  IP=04BB   NV UP DI PL NZ NA PO NC           
176C:04BB B80180        MOV     AX,8001                                         

AX=8001  BX=0000  CX=0001  DX=0000  SP=FFEE  BP=0000  SI=FFEE  DI=0000          
DS=176C  ES=176C  SS=176C  CS=176C  IP=04BE   NV UP DI PL NZ NA PO NC           
176C:04BE 55            PUSH    BP                                              

AX=8001  BX=0000  CX=0001  DX=0000  SP=FFEC  BP=0000  SI=FFEE  DI=0000          
DS=176C  ES=176C  SS=176C  CS=176C  IP=04BF   NV UP DI PL NZ NA PO NC           
176C:04BF 55            PUSH    BP                                              

AX=8001  BX=0000  CX=0001  DX=0000  SP=FFEA  BP=0000  SI=FFEE  DI=0000          
DS=176C  ES=176C  SS=176C  CS=176C  IP=04C0   NV UP DI PL NZ NA PO NC           
176C:04C0 9D            POPF                                                    

AX=8001  BX=0000  CX=0001  DX=0000  SP=FFEC  BP=0000  SI=FFEE  DI=0000          
DS=176C  ES=176C  SS=176C  CS=176C  IP=04C1   NV UP DI PL NZ NA PO NC           
176C:04C1 89F4          MOV     SP,SI                                           

AX=8001  BX=0000  CX=0001  DX=0000  SP=FFEE  BP=0000  SI=FFEE  DI=0000          
DS=176C  ES=176C  SS=176C  CS=176C  IP=04C3   NV UP DI PL NZ NA PO NC           
176C:04C3 B401          MOV     AH,01                                           

AX=0101  BX=0000  CX=0001  DX=0000  SP=FFEE  BP=0000  SI=FFEE  DI=0000          
DS=176C  ES=176C  SS=176C  CS=176C  IP=04C5   NV UP DI PL NZ NA PO NC           
176C:04C5 55            PUSH    BP                                              

AX=0101  BX=0000  CX=0001  DX=0000  SP=FFEC  BP=0000  SI=FFEE  DI=0000          
DS=176C  ES=176C  SS=176C  CS=176C  IP=04C6   NV UP DI PL NZ NA PO NC           
176C:04C6 55            PUSH    BP                                              

AX=0101  BX=0000  CX=0001  DX=0000  SP=FFEA  BP=0000  SI=FFEE  DI=0000          
DS=176C  ES=176C  SS=176C  CS=176C  IP=04C7   NV UP DI PL NZ NA PO NC           
176C:04C7 9D            POPF                                                    

AX=0101  BX=0000  CX=0001  DX=0000  SP=FFEC  BP=0000  SI=FFEE  DI=0000          
DS=176C  ES=176C  SS=176C  CS=176C  IP=04C8   NV UP DI PL NZ NA PO NC           
176C:04C8 89F4          MOV     SP,SI                                           

AX=0101  BX=0000  CX=0001  DX=0000  SP=FFEE  BP=0000  SI=FFEE  DI=0000          
DS=176C  ES=176C  SS=176C  CS=176C  IP=04CA   NV UP DI PL NZ NA PO NC           
176C:04CA B80180        MOV     AX,8001                                         

AX=8001  BX=0000  CX=0001  DX=0000  SP=FFEE  BP=0000  SI=FFEE  DI=0000          
DS=176C  ES=176C  SS=176C  CS=176C  IP=04CD   NV UP DI PL NZ NA PO NC           
176C:04CD 55            PUSH    BP                                              

AX=8001  BX=0000  CX=0001  DX=0000  SP=FFEC  BP=0000  SI=FFEE  DI=0000          
DS=176C  ES=176C  SS=176C  CS=176C  IP=04CE   NV UP DI PL NZ NA PO NC           
176C:04CE 55            PUSH    BP                                              

AX=8001  BX=0000  CX=0001  DX=0000  SP=FFEA  BP=0000  SI=FFEE  DI=0000          
DS=176C  ES=176C  SS=176C  CS=176C  IP=04CF   NV UP DI PL NZ NA PO NC           
176C:04CF 9D            POPF                                                    

AX=8001  BX=0000  CX=0001  DX=0000  SP=FFEC  BP=0000  SI=FFEE  DI=0000          
DS=176C  ES=176C  SS=176C  CS=176C  IP=04D0   NV UP DI PL NZ NA PO NC           
176C:04D0 89F4          MOV     SP,SI                                           

AX=8001  BX=0000  CX=0001  DX=0000  SP=FFEE  BP=0000  SI=FFEE  DI=0000          
DS=176C  ES=176C  SS=176C  CS=176C  IP=04D2   NV UP DI PL NZ NA PO NC           
176C:04D2 B8FE7F        MOV     AX,7FFE                                         

AX=7FFE  BX=0000  CX=0001  DX=0000  SP=FFEE  BP=0000  SI=FFEE  DI=0000          
DS=176C  ES=176C  SS=176C  CS=176C  IP=04D5   NV UP DI PL NZ NA PO NC           
176C:04D5 B100          MOV     CL,00                                           

AX=7FFE  BX=0000  CX=0000  DX=0000  SP=FFEE  BP=0000  SI=FFEE  DI=0000          
DS=176C  ES=176C  SS=176C  CS=176C  IP=04D7   NV UP DI PL NZ NA PO NC           
176C:04D7 D3E0          SHL     AX,CL                                           

AX=7FFE  BX=0000  CX=0000  DX=0000  SP=FFEE  BP=0000  SI=FFEE  DI=0000          
DS=176C  ES=176C  SS=176C  CS=176C  IP=04D9   NV UP DI PL NZ NA PO NC           
176C:04D9 55            PUSH    BP                                              

AX=7FFE  BX=0000  CX=0000  DX=0000  SP=FFEC  BP=0000  SI=FFEE  DI=0000          
DS=176C  ES=176C  SS=176C  CS=176C  IP=04DA   NV UP DI PL NZ NA PO NC           
176C:04DA 55            PUSH    BP                                              

AX=7FFE  BX=0000  CX=0000  DX=0000  SP=FFEA  BP=0000  SI=FFEE  DI=0000          
DS=176C  ES=176C  SS=176C  CS=176C  IP=04DB   NV UP DI PL NZ NA PO NC           
176C:04DB 9D            POPF                                                    

AX=7FFE  BX=0000  CX=0000  DX=0000  SP=FFEC  BP=0000  SI=FFEE  DI=0000          
DS=176C  ES=176C  SS=176C  CS=176C  IP=04DC   NV UP DI PL NZ NA PO NC           
176C:04DC 89F4          MOV     SP,SI                                           

AX=7FFE  BX=0000  CX=0000  DX=0000  SP=FFEE  BP=0000  SI=FFEE  DI=0000          
DS=176C  ES=176C  SS=176C  CS=176C  IP=04DE   NV UP DI PL NZ NA PO NC           
176C:04DE B4FE          MOV     AH,FE                                           

AX=FEFE  BX=0000  CX=0000  DX=0000  SP=FFEE  BP=0000  SI=FFEE  DI=0000          
DS=176C  ES=176C  SS=176C  CS=176C  IP=04E0   NV UP DI PL NZ NA PO NC           
176C:04E0 B100          MOV     CL,00                                           

AX=FEFE  BX=0000  CX=0000  DX=0000  SP=FFEE  BP=0000  SI=FFEE  DI=0000          
DS=176C  ES=176C  SS=176C  CS=176C  IP=04E2   NV UP DI PL NZ NA PO NC           
176C:04E2 D2E0          SHL     AL,CL                                           

AX=FEFE  BX=0000  CX=0000  DX=0000  SP=FFEE  BP=0000  SI=FFEE  DI=0000          
DS=176C  ES=176C  SS=176C  CS=176C  IP=04E4   NV UP DI PL NZ NA PO NC           
176C:04E4 55            PUSH    BP                                              

AX=FEFE  BX=0000  CX=0000  DX=0000  SP=FFEC  BP=0000  SI=FFEE  DI=0000          
DS=176C  ES=176C  SS=176C  CS=176C  IP=04E5   NV UP DI PL NZ NA PO NC           
176C:04E5 55            PUSH    BP                                              

AX=FEFE  BX=0000  CX=0000  DX=0000  SP=FFEA  BP=0000  SI=FFEE  DI=0000          
DS=176C  ES=176C  SS=176C  CS=176C  IP=04E6   NV UP DI PL NZ NA PO NC           
176C:04E6 9D            POPF                                                    

AX=FEFE  BX=0000  CX=0000  DX=0000  SP=FFEC  BP=0000  SI=FFEE  DI=0000          
DS=176C  ES=176C  SS=176C  CS=176C  IP=04E7   NV UP DI PL NZ NA PO NC           
176C:04E7 89F4          MOV     SP,SI                                           

AX=FEFE  BX=0000  CX=0000  DX=0000  SP=FFEE  BP=0000  SI=FFEE  DI=0000          
DS=176C  ES=176C  SS=176C  CS=176C  IP=04E9   NV UP DI PL NZ NA PO NC           
176C:04E9 B8FE7F        MOV     AX,7FFE                                         

AX=7FFE  BX=0000  CX=0000  DX=0000  SP=FFEE  BP=0000  SI=FFEE  DI=0000          
DS=176C  ES=176C  SS=176C  CS=176C  IP=04EC   NV UP DI PL NZ NA PO NC           
176C:04EC 55            PUSH    BP                                              

AX=7FFE  BX=0000  CX=0000  DX=0000  SP=FFEC  BP=0000  SI=FFEE  DI=0000          
DS=176C  ES=176C  SS=176C  CS=176C  IP=04ED   NV UP DI PL NZ NA PO NC           
176C:04ED 55            PUSH    BP                                              

AX=7FFE  BX=0000  CX=0000  DX=0000  SP=FFEA  BP=0000  SI=FFEE  DI=0000          
DS=176C  ES=176C  SS=176C  CS=176C  IP=04EE   NV UP DI PL NZ NA PO NC           
176C:04EE 9D            POPF                                                    

AX=7FFE  BX=0000  CX=0000  DX=0000  SP=FFEC  BP=0000  SI=FFEE  DI=0000          
DS=176C  ES=176C  SS=176C  CS=176C  IP=04EF   NV UP DI PL NZ NA PO NC           
176C:04EF 89F4          MOV     SP,SI                                           

AX=7FFE  BX=0000  CX=0000  DX=0000  SP=FFEE  BP=0000  SI=FFEE  DI=0000          
DS=176C  ES=176C  SS=176C  CS=176C  IP=04F1   NV UP DI PL NZ NA PO NC           
176C:04F1 B4FE          MOV     AH,FE                                           

AX=FEFE  BX=0000  CX=0000  DX=0000  SP=FFEE  BP=0000  SI=FFEE  DI=0000          
DS=176C  ES=176C  SS=176C  CS=176C  IP=04F3   NV UP DI PL NZ NA PO NC           
176C:04F3 55            PUSH    BP                                              

AX=FEFE  BX=0000  CX=0000  DX=0000  SP=FFEC  BP=0000  SI=FFEE  DI=0000          
DS=176C  ES=176C  SS=176C  CS=176C  IP=04F4   NV UP DI PL NZ NA PO NC           
176C:04F4 55            PUSH    BP                                              

AX=FEFE  BX=0000  CX=0000  DX=0000  SP=FFEA  BP=0000  SI=FFEE  DI=0000          
DS=176C  ES=176C  SS=176C  CS=176C  IP=04F5   NV UP DI PL NZ NA PO NC           
176C:04F5 9D            POPF                                                    

AX=FEFE  BX=0000  CX=0000  DX=0000  SP=FFEC  BP=0000  SI=FFEE  DI=0000          
DS=176C  ES=176C  SS=176C  CS=176C  IP=04F6   NV UP DI PL NZ NA PO NC           
176C:04F6 89F4          MOV     SP,SI                                           

AX=FEFE  BX=0000  CX=0000  DX=0000  SP=FFEE  BP=0000  SI=FFEE  DI=0000          
DS=176C  ES=176C  SS=176C  CS=176C  IP=04F8   NV UP DI PL NZ NA PO NC           
176C:04F8 B8FE7F        MOV     AX,7FFE                                         

AX=7FFE  BX=0000  CX=0000  DX=0000  SP=FFEE  BP=0000  SI=FFEE  DI=0000          
DS=176C  ES=176C  SS=176C  CS=176C  IP=04FB   NV UP DI PL NZ NA PO NC           
176C:04FB 55            PUSH    BP                                              

AX=7FFE  BX=0000  CX=0000  DX=0000  SP=FFEC  BP=0000  SI=FFEE  DI=0000          
DS=176C  ES=176C  SS=176C  CS=176C  IP=04FC   NV UP DI PL NZ NA PO NC           
176C:04FC 55            PUSH    BP                                              

AX=7FFE  BX=0000  CX=0000  DX=0000  SP=FFEA  BP=0000  SI=FFEE  DI=0000          
DS=176C  ES=176C  SS=176C  CS=176C  IP=04FD   NV UP DI PL NZ NA PO NC           
176C:04FD 9D            POPF                                                    

AX=7FFE  BX=0000  CX=0000  DX=0000  SP=FFEC  BP=0000  SI=FFEE  DI=0000          
DS=176C  ES=176C  SS=176C  CS=176C  IP=04FE   NV UP DI PL NZ NA PO NC           
176C:04FE 89F4          MOV     SP,SI                                           

AX=7FFE  BX=0000  CX=0000  DX=0000  SP=FFEE  BP=0000  SI=FFEE  DI=0000          
DS=176C  ES=176C  SS=176C  CS=176C  IP=0500   NV UP DI PL NZ NA PO NC           
176C:0500 B8FE7F        MOV     AX,7FFE                                         

AX=7FFE  BX=0000  CX=0000  DX=0000  SP=FFEE  BP=0000  SI=FFEE  DI=0000          
DS=176C  ES=176C  SS=176C  CS=176C  IP=0503   NV UP DI PL NZ NA PO NC           
176C:0503 B101          MOV     CL,01                                           

AX=7FFE  BX=0000  CX=0001  DX=0000  SP=FFEE  BP=0000  SI=FFEE  DI=0000          
DS=176C  ES=176C  SS=176C  CS=176C  IP=0505   NV UP DI PL NZ NA PO NC           
176C:0505 D3E0          SHL     AX,CL                                           

AX=FFFC  BX=0000  CX=0001  DX=0000  SP=FFEE  BP=0000  SI=FFEE  DI=0000          
DS=176C  ES=176C  SS=176C  CS=176C  IP=0507   OV UP DI NG NZ NA PE NC           
176C:0507 55            PUSH    BP                                              

AX=FFFC  BX=0000  CX=0001  DX=0000  SP=FFEC  BP=0000  SI=FFEE  DI=0000          
DS=176C  ES=176C  SS=176C  CS=176C  IP=0508   OV UP DI NG NZ NA PE NC           
176C:0508 55            PUSH    BP                                              

AX=FFFC  BX=0000  CX=0001  DX=0000  SP=FFEA  BP=0000  SI=FFEE  DI=0000          
DS=176C  ES=176C  SS=176C  CS=176C  IP=0509   OV UP DI NG NZ NA PE NC           
176C:0509 9D            POPF                                                    

AX=FFFC  BX=0000  CX=0001  DX=0000  SP=FFEC  BP=0000  SI=FFEE  DI=0000          
DS=176C  ES=176C  SS=176C  CS=176C  IP=050A   NV UP DI PL NZ NA PO NC           
176C:050A 89F4          MOV     SP,SI                                           

AX=FFFC  BX=0000  CX=0001  DX=0000  SP=FFEE  BP=0000  SI=FFEE  DI=0000          
DS=176C  ES=176C  SS=176C  CS=176C  IP=050C   NV UP DI PL NZ NA PO NC           
176C:050C B4FE          MOV     AH,FE                                           

AX=FEFC  BX=0000  CX=0001  DX=0000  SP=FFEE  BP=0000  SI=FFEE  DI=0000          
DS=176C  ES=176C  SS=176C  CS=176C  IP=050E   NV UP DI PL NZ NA PO NC           
176C:050E B101          MOV     CL,01                                           

AX=FEFC  BX=0000  CX=0001  DX=0000  SP=FFEE  BP=0000  SI=FFEE  DI=0000          
DS=176C  ES=176C  SS=176C  CS=176C  IP=0510   NV UP DI PL NZ NA PO NC           
176C:0510 D2E0          SHL     AL,CL                                           

AX=FEF8  BX=0000  CX=0001  DX=0000  SP=FFEE  BP=0000  SI=FFEE  DI=0000          
DS=176C  ES=176C  SS=176C  CS=176C  IP=0512   NV UP DI NG NZ NA PO CY           
176C:0512 55            PUSH    BP                                              

AX=FEF8  BX=0000  CX=0001  DX=0000  SP=FFEC  BP=0000  SI=FFEE  DI=0000          
DS=176C  ES=176C  SS=176C  CS=176C  IP=0513   NV UP DI NG NZ NA PO CY           
176C:0513 55            PUSH    BP                                              

AX=FEF8  BX=0000  CX=0001  DX=0000  SP=FFEA  BP=0000  SI=FFEE  DI=0000          
DS=176C  ES=176C  SS=176C  CS=176C  IP=0514   NV UP DI NG NZ NA PO CY           
176C:0514 9D            POPF                                                    

AX=FEF8  BX=0000  CX=0001  DX=0000  SP=FFEC  BP=0000  SI=FFEE  DI=0000          
DS=176C  ES=176C  SS=176C  CS=176C  IP=0515   NV UP DI PL NZ NA PO NC           
176C:0515 89F4          MOV     SP,SI                                           

AX=FEF8  BX=0000  CX=0001  DX=0000  SP=FFEE  BP=0000  SI=FFEE  DI=0000          
DS=176C  ES=176C  SS=176C  CS=176C  IP=0517   NV UP DI PL NZ NA PO NC           
176C:0517 B8FE7F        MOV     AX,7FFE                                         

AX=7FFE  BX=0000  CX=0001  DX=0000  SP=FFEE  BP=0000  SI=FFEE  DI=0000          
DS=176C  ES=176C  SS=176C  CS=176C  IP=051A   NV UP DI PL NZ NA PO NC           
176C:051A 55            PUSH    BP                                              

AX=7FFE  BX=0000  CX=0001  DX=0000  SP=FFEC  BP=0000  SI=FFEE  DI=0000          
DS=176C  ES=176C  SS=176C  CS=176C  IP=051B   NV UP DI PL NZ NA PO NC           
176C:051B 55            PUSH    BP                                              

AX=7FFE  BX=0000  CX=0001  DX=0000  SP=FFEA  BP=0000  SI=FFEE  DI=0000          
DS=176C  ES=176C  SS=176C  CS=176C  IP=051C   NV UP DI PL NZ NA PO NC           
176C:051C 9D            POPF                                                    

AX=7FFE  BX=0000  CX=0001  DX=0000  SP=FFEC  BP=0000  SI=FFEE  DI=0000          
DS=176C  ES=176C  SS=176C  CS=176C  IP=051D   NV UP DI PL NZ NA PO NC           
176C:051D 89F4          MOV     SP,SI                                           

AX=7FFE  BX=0000  CX=0001  DX=0000  SP=FFEE  BP=0000  SI=FFEE  DI=0000          
DS=176C  ES=176C  SS=176C  CS=176C  IP=051F   NV UP DI PL NZ NA PO NC           
176C:051F B4FE          MOV     AH,FE                                           

AX=FEFE  BX=0000  CX=0001  DX=0000  SP=FFEE  BP=0000  SI=FFEE  DI=0000          
DS=176C  ES=176C  SS=176C  CS=176C  IP=0521   NV UP DI PL NZ NA PO NC           
176C:0521 55            PUSH    BP                                              

AX=FEFE  BX=0000  CX=0001  DX=0000  SP=FFEC  BP=0000  SI=FFEE  DI=0000          
DS=176C  ES=176C  SS=176C  CS=176C  IP=0522   NV UP DI PL NZ NA PO NC           
176C:0522 55            PUSH    BP                                              

AX=FEFE  BX=0000  CX=0001  DX=0000  SP=FFEA  BP=0000  SI=FFEE  DI=0000          
DS=176C  ES=176C  SS=176C  CS=176C  IP=0523   NV UP DI PL NZ NA PO NC           
176C:0523 9D            POPF                                                    

AX=FEFE  BX=0000  CX=0001  DX=0000  SP=FFEC  BP=0000  SI=FFEE  DI=0000          
DS=176C  ES=176C  SS=176C  CS=176C  IP=0524   NV UP DI PL NZ NA PO NC           
176C:0524 89F4          MOV     SP,SI                                           

AX=FEFE  BX=0000  CX=0001  DX=0000  SP=FFEE  BP=0000  SI=FFEE  DI=0000          
DS=176C  ES=176C  SS=176C  CS=176C  IP=0526   NV UP DI PL NZ NA PO NC           
176C:0526 B8FE7F        MOV     AX,7FFE                                         

AX=7FFE  BX=0000  CX=0001  DX=0000  SP=FFEE  BP=0000  SI=FFEE  DI=0000          
DS=176C  ES=176C  SS=176C  CS=176C  IP=0529   NV UP DI PL NZ NA PO NC           
176C:0529 55            PUSH    BP                                              

AX=7FFE  BX=0000  CX=0001  DX=0000  SP=FFEC  BP=0000  SI=FFEE  DI=0000          
DS=176C  ES=176C  SS=176C  CS=176C  IP=052A   NV UP DI PL NZ NA PO NC           
176C:052A 55            PUSH    BP                                              

AX=7FFE  BX=0000  CX=0001  DX=0000  SP=FFEA  BP=0000  SI=FFEE  DI=0000          
DS=176C  ES=176C  SS=176C  CS=176C  IP=052B   NV UP DI PL NZ NA PO NC           
176C:052B 9D            POPF                                                    

AX=7FFE  BX=0000  CX=0001  DX=0000  SP=FFEC  BP=0000  SI=FFEE  DI=0000          
DS=176C  ES=176C  SS=176C  CS=176C  IP=052C   NV UP DI PL NZ NA PO NC           
176C:052C 89F4          MOV     SP,SI                                           

AX=7FFE  BX=0000  CX=0001  DX=0000  SP=FFEE  BP=0000  SI=FFEE  DI=0000          
DS=176C  ES=176C  SS=176C  CS=176C  IP=052E   NV UP DI PL NZ NA PO NC           
176C:052E B87E00        MOV     AX,007E                                         

AX=007E  BX=0000  CX=0001  DX=0000  SP=FFEE  BP=0000  SI=FFEE  DI=0000          
DS=176C  ES=176C  SS=176C  CS=176C  IP=0531   NV UP DI PL NZ NA PO NC           
176C:0531 B100          MOV     CL,00                                           

AX=007E  BX=0000  CX=0000  DX=0000  SP=FFEE  BP=0000  SI=FFEE  DI=0000          
DS=176C  ES=176C  SS=176C  CS=176C  IP=0533   NV UP DI PL NZ NA PO NC           
176C:0533 D3E0          SHL     AX,CL                                           

AX=007E  BX=0000  CX=0000  DX=0000  SP=FFEE  BP=0000  SI=FFEE  DI=0000          
DS=176C  ES=176C  SS=176C  CS=176C  IP=0535   NV UP DI PL NZ NA PO NC           
176C:0535 55            PUSH    BP                                              

AX=007E  BX=0000  CX=0000  DX=0000  SP=FFEC  BP=0000  SI=FFEE  DI=0000          
DS=176C  ES=176C  SS=176C  CS=176C  IP=0536   NV UP DI PL NZ NA PO NC           
176C:0536 55            PUSH    BP                                              

AX=007E  BX=0000  CX=0000  DX=0000  SP=FFEA  BP=0000  SI=FFEE  DI=0000          
DS=176C  ES=176C  SS=176C  CS=176C  IP=0537   NV UP DI PL NZ NA PO NC           
176C:0537 9D            POPF                                                    

AX=007E  BX=0000  CX=0000  DX=0000  SP=FFEC  BP=0000  SI=FFEE  DI=0000          
DS=176C  ES=176C  SS=176C  CS=176C  IP=0538   NV UP DI PL NZ NA PO NC           
176C:0538 89F4          MOV     SP,SI                                           

AX=007E  BX=0000  CX=0000  DX=0000  SP=FFEE  BP=0000  SI=FFEE  DI=0000          
DS=176C  ES=176C  SS=176C  CS=176C  IP=053A   NV UP DI PL NZ NA PO NC           
176C:053A B47E          MOV     AH,7E                                           

AX=7E7E  BX=0000  CX=0000  DX=0000  SP=FFEE  BP=0000  SI=FFEE  DI=0000          
DS=176C  ES=176C  SS=176C  CS=176C  IP=053C   NV UP DI PL NZ NA PO NC           
176C:053C B100          MOV     CL,00                                           

AX=7E7E  BX=0000  CX=0000  DX=0000  SP=FFEE  BP=0000  SI=FFEE  DI=0000          
DS=176C  ES=176C  SS=176C  CS=176C  IP=053E   NV UP DI PL NZ NA PO NC           
176C:053E D2E0          SHL     AL,CL                                           

AX=7E7E  BX=0000  CX=0000  DX=0000  SP=FFEE  BP=0000  SI=FFEE  DI=0000          
DS=176C  ES=176C  SS=176C  CS=176C  IP=0540   NV UP DI PL NZ NA PO NC           
176C:0540 55            PUSH    BP                                              

AX=7E7E  BX=0000  CX=0000  DX=0000  SP=FFEC  BP=0000  SI=FFEE  DI=0000          
DS=176C  ES=176C  SS=176C  CS=176C  IP=0541   NV UP DI PL NZ NA PO NC           
176C:0541 55            PUSH    BP                                              

AX=7E7E  BX=0000  CX=0000  DX=0000  SP=FFEA  BP=0000  SI=FFEE  DI=0000          
DS=176C  ES=176C  SS=176C  CS=176C  IP=0542   NV UP DI PL NZ NA PO NC           
176C:0542 9D            POPF                                                    

AX=7E7E  BX=0000  CX=0000  DX=0000  SP=FFEC  BP=0000  SI=FFEE  DI=0000          
DS=176C  ES=176C  SS=176C  CS=176C  IP=0543   NV UP DI PL NZ NA PO NC           
176C:0543 89F4          MOV     SP,SI                                           

AX=7E7E  BX=0000  CX=0000  DX=0000  SP=FFEE  BP=0000  SI=FFEE  DI=0000          
DS=176C  ES=176C  SS=176C  CS=176C  IP=0545   NV UP DI PL NZ NA PO NC           
176C:0545 B87E00        MOV     AX,007E                                         

AX=007E  BX=0000  CX=0000  DX=0000  SP=FFEE  BP=0000  SI=FFEE  DI=0000          
DS=176C  ES=176C  SS=176C  CS=176C  IP=0548   NV UP DI PL NZ NA PO NC           
176C:0548 55            PUSH    BP                                              

AX=007E  BX=0000  CX=0000  DX=0000  SP=FFEC  BP=0000  SI=FFEE  DI=0000          
DS=176C  ES=176C  SS=176C  CS=176C  IP=0549   NV UP DI PL NZ NA PO NC           
176C:0549 55            PUSH    BP                                              

AX=007E  BX=0000  CX=0000  DX=0000  SP=FFEA  BP=0000  SI=FFEE  DI=0000          
DS=176C  ES=176C  SS=176C  CS=176C  IP=054A   NV UP DI PL NZ NA PO NC           
176C:054A 9D            POPF                                                    

AX=007E  BX=0000  CX=0000  DX=0000  SP=FFEC  BP=0000  SI=FFEE  DI=0000          
DS=176C  ES=176C  SS=176C  CS=176C  IP=054B   NV UP DI PL NZ NA PO NC           
176C:054B 89F4          MOV     SP,SI                                           

AX=007E  BX=0000  CX=0000  DX=0000  SP=FFEE  BP=0000  SI=FFEE  DI=0000          
DS=176C  ES=176C  SS=176C  CS=176C  IP=054D   NV UP DI PL NZ NA PO NC           
176C:054D B47E          MOV     AH,7E                                           

AX=7E7E  BX=0000  CX=0000  DX=0000  SP=FFEE  BP=0000  SI=FFEE  DI=0000          
DS=176C  ES=176C  SS=176C  CS=176C  IP=054F   NV UP DI PL NZ NA PO NC           
176C:054F 55            PUSH    BP                                              

AX=7E7E  BX=0000  CX=0000  DX=0000  SP=FFEC  BP=0000  SI=FFEE  DI=0000          
DS=176C  ES=176C  SS=176C  CS=176C  IP=0550   NV UP DI PL NZ NA PO NC           
176C:0550 55            PUSH    BP                                              

AX=7E7E  BX=0000  CX=0000  DX=0000  SP=FFEA  BP=0000  SI=FFEE  DI=0000          
DS=176C  ES=176C  SS=176C  CS=176C  IP=0551   NV UP DI PL NZ NA PO NC           
176C:0551 9D            POPF                                                    

AX=7E7E  BX=0000  CX=0000  DX=0000  SP=FFEC  BP=0000  SI=FFEE  DI=0000          
DS=176C  ES=176C  SS=176C  CS=176C  IP=0552   NV UP DI PL NZ NA PO NC           
176C:0552 89F4          MOV     SP,SI                                           

AX=7E7E  BX=0000  CX=0000  DX=0000  SP=FFEE  BP=0000  SI=FFEE  DI=0000          
DS=176C  ES=176C  SS=176C  CS=176C  IP=0554   NV UP DI PL NZ NA PO NC           
176C:0554 B87E00        MOV     AX,007E                                         

AX=007E  BX=0000  CX=0000  DX=0000  SP=FFEE  BP=0000  SI=FFEE  DI=0000          
DS=176C  ES=176C  SS=176C  CS=176C  IP=0557   NV UP DI PL NZ NA PO NC           
176C:0557 55            PUSH    BP                                              

AX=007E  BX=0000  CX=0000  DX=0000  SP=FFEC  BP=0000  SI=FFEE  DI=0000          
DS=176C  ES=176C  SS=176C  CS=176C  IP=0558   NV UP DI PL NZ NA PO NC           
176C:0558 55            PUSH    BP                                              

AX=007E  BX=0000  CX=0000  DX=0000  SP=FFEA  BP=0000  SI=FFEE  DI=0000          
DS=176C  ES=176C  SS=176C  CS=176C  IP=0559   NV UP DI PL NZ NA PO NC           
176C:0559 9D            POPF                                                    

AX=007E  BX=0000  CX=0000  DX=0000  SP=FFEC  BP=0000  SI=FFEE  DI=0000          
DS=176C  ES=176C  SS=176C  CS=176C  IP=055A   NV UP DI PL NZ NA PO NC           
176C:055A 89F4          MOV     SP,SI                                           

AX=007E  BX=0000  CX=0000  DX=0000  SP=FFEE  BP=0000  SI=FFEE  DI=0000          
DS=176C  ES=176C  SS=176C  CS=176C  IP=055C   NV UP DI PL NZ NA PO NC           
176C:055C B87E00        MOV     AX,007E                                         

AX=007E  BX=0000  CX=0000  DX=0000  SP=FFEE  BP=0000  SI=FFEE  DI=0000          
DS=176C  ES=176C  SS=176C  CS=176C  IP=055F   NV UP DI PL NZ NA PO NC           
176C:055F B101          MOV     CL,01                                           

AX=007E  BX=0000  CX=0001  DX=0000  SP=FFEE  BP=0000  SI=FFEE  DI=0000          
DS=176C  ES=176C  SS=176C  CS=176C  IP=0561   NV UP DI PL NZ NA PO NC           
176C:0561 D3E0          SHL     AX,CL                                           

AX=00FC  BX=0000  CX=0001  DX=0000  SP=FFEE  BP=0000  SI=FFEE  DI=0000          
DS=176C  ES=176C  SS=176C  CS=176C  IP=0563   NV UP DI PL NZ NA PE NC           
176C:0563 55            PUSH    BP                                              

AX=00FC  BX=0000  CX=0001  DX=0000  SP=FFEC  BP=0000  SI=FFEE  DI=0000          
DS=176C  ES=176C  SS=176C  CS=176C  IP=0564   NV UP DI PL NZ NA PE NC           
176C:0564 55            PUSH    BP                                              

AX=00FC  BX=0000  CX=0001  DX=0000  SP=FFEA  BP=0000  SI=FFEE  DI=0000          
DS=176C  ES=176C  SS=176C  CS=176C  IP=0565   NV UP DI PL NZ NA PE NC           
176C:0565 9D            POPF                                                    

AX=00FC  BX=0000  CX=0001  DX=0000  SP=FFEC  BP=0000  SI=FFEE  DI=0000          
DS=176C  ES=176C  SS=176C  CS=176C  IP=0566   NV UP DI PL NZ NA PO NC           
176C:0566 89F4          MOV     SP,SI                                           

AX=00FC  BX=0000  CX=0001  DX=0000  SP=FFEE  BP=0000  SI=FFEE  DI=0000          
DS=176C  ES=176C  SS=176C  CS=176C  IP=0568   NV UP DI PL NZ NA PO NC           
176C:0568 B47E          MOV     AH,7E                                           

AX=7EFC  BX=0000  CX=0001  DX=0000  SP=FFEE  BP=0000  SI=FFEE  DI=0000          
DS=176C  ES=176C  SS=176C  CS=176C  IP=056A   NV UP DI PL NZ NA PO NC           
176C:056A B101          MOV     CL,01                                           

AX=7EFC  BX=0000  CX=0001  DX=0000  SP=FFEE  BP=0000  SI=FFEE  DI=0000          
DS=176C  ES=176C  SS=176C  CS=176C  IP=056C   NV UP DI PL NZ NA PO NC           
176C:056C D2E0          SHL     AL,CL                                           

AX=7EF8  BX=0000  CX=0001  DX=0000  SP=FFEE  BP=0000  SI=FFEE  DI=0000          
DS=176C  ES=176C  SS=176C  CS=176C  IP=056E   NV UP DI NG NZ NA PO CY           
176C:056E 55            PUSH    BP                                              

AX=7EF8  BX=0000  CX=0001  DX=0000  SP=FFEC  BP=0000  SI=FFEE  DI=0000          
DS=176C  ES=176C  SS=176C  CS=176C  IP=056F   NV UP DI NG NZ NA PO CY           
176C:056F 55            PUSH    BP                                              

AX=7EF8  BX=0000  CX=0001  DX=0000  SP=FFEA  BP=0000  SI=FFEE  DI=0000          
DS=176C  ES=176C  SS=176C  CS=176C  IP=0570   NV UP DI NG NZ NA PO CY           
176C:0570 9D            POPF                                                    

AX=7EF8  BX=0000  CX=0001  DX=0000  SP=FFEC  BP=0000  SI=FFEE  DI=0000          
DS=176C  ES=176C  SS=176C  CS=176C  IP=0571   NV UP DI PL NZ NA PO NC           
176C:0571 89F4          MOV     SP,SI                                           

AX=7EF8  BX=0000  CX=0001  DX=0000  SP=FFEE  BP=0000  SI=FFEE  DI=0000          
DS=176C  ES=176C  SS=176C  CS=176C  IP=0573   NV UP DI PL NZ NA PO NC           
176C:0573 B87E00        MOV     AX,007E                                         

AX=007E  BX=0000  CX=0001  DX=0000  SP=FFEE  BP=0000  SI=FFEE  DI=0000          
DS=176C  ES=176C  SS=176C  CS=176C  IP=0576   NV UP DI PL NZ NA PO NC           
176C:0576 55            PUSH    BP                                              

AX=007E  BX=0000  CX=0001  DX=0000  SP=FFEC  BP=0000  SI=FFEE  DI=0000          
DS=176C  ES=176C  SS=176C  CS=176C  IP=0577   NV UP DI PL NZ NA PO NC           
176C:0577 55            PUSH    BP                                              

AX=007E  BX=0000  CX=0001  DX=0000  SP=FFEA  BP=0000  SI=FFEE  DI=0000          
DS=176C  ES=176C  SS=176C  CS=176C  IP=0578   NV UP DI PL NZ NA PO NC           
176C:0578 9D            POPF                                                    

AX=007E  BX=0000  CX=0001  DX=0000  SP=FFEC  BP=0000  SI=FFEE  DI=0000          
DS=176C  ES=176C  SS=176C  CS=176C  IP=0579   NV UP DI PL NZ NA PO NC           
176C:0579 89F4          MOV     SP,SI                                           

AX=007E  BX=0000  CX=0001  DX=0000  SP=FFEE  BP=0000  SI=FFEE  DI=0000          
DS=176C  ES=176C  SS=176C  CS=176C  IP=057B   NV UP DI PL NZ NA PO NC           
176C:057B B47E          MOV     AH,7E                                           

AX=7E7E  BX=0000  CX=0001  DX=0000  SP=FFEE  BP=0000  SI=FFEE  DI=0000          
DS=176C  ES=176C  SS=176C  CS=176C  IP=057D   NV UP DI PL NZ NA PO NC           
176C:057D 55            PUSH    BP                                              

AX=7E7E  BX=0000  CX=0001  DX=0000  SP=FFEC  BP=0000  SI=FFEE  DI=0000          
DS=176C  ES=176C  SS=176C  CS=176C  IP=057E   NV UP DI PL NZ NA PO NC           
176C:057E 55            PUSH    BP                                              

AX=7E7E  BX=0000  CX=0001  DX=0000  SP=FFEA  BP=0000  SI=FFEE  DI=0000          
DS=176C  ES=176C  SS=176C  CS=176C  IP=057F   NV UP DI PL NZ NA PO NC           
176C:057F 9D            POPF                                                    

AX=7E7E  BX=0000  CX=0001  DX=0000  SP=FFEC  BP=0000  SI=FFEE  DI=0000          
DS=176C  ES=176C  SS=176C  CS=176C  IP=0580   NV UP DI PL NZ NA PO NC           
176C:0580 89F4          MOV     SP,SI                                           

AX=7E7E  BX=0000  CX=0001  DX=0000  SP=FFEE  BP=0000  SI=FFEE  DI=0000          
DS=176C  ES=176C  SS=176C  CS=176C  IP=0582   NV UP DI PL NZ NA PO NC           
176C:0582 B87E00        MOV     AX,007E                                         

AX=007E  BX=0000  CX=0001  DX=0000  SP=FFEE  BP=0000  SI=FFEE  DI=0000          
DS=176C  ES=176C  SS=176C  CS=176C  IP=0585   NV UP DI PL NZ NA PO NC           
176C:0585 55            PUSH    BP                                              

AX=007E  BX=0000  CX=0001  DX=0000  SP=FFEC  BP=0000  SI=FFEE  DI=0000          
DS=176C  ES=176C  SS=176C  CS=176C  IP=0586   NV UP DI PL NZ NA PO NC           
176C:0586 55            PUSH    BP                                              

AX=007E  BX=0000  CX=0001  DX=0000  SP=FFEA  BP=0000  SI=FFEE  DI=0000          
DS=176C  ES=176C  SS=176C  CS=176C  IP=0587   NV UP DI PL NZ NA PO NC           
176C:0587 9D            POPF                                                    

AX=007E  BX=0000  CX=0001  DX=0000  SP=FFEC  BP=0000  SI=FFEE  DI=0000          
DS=176C  ES=176C  SS=176C  CS=176C  IP=0588   NV UP DI PL NZ NA PO NC           
176C:0588 89F4          MOV     SP,SI                                           

AX=007E  BX=0000  CX=0001  DX=0000  SP=FFEE  BP=0000  SI=FFEE  DI=0000          
DS=176C  ES=176C  SS=176C  CS=176C  IP=058A   NV UP DI PL NZ NA PO NC           
176C:058A B88100        MOV     AX,0081                                         

AX=0081  BX=0000  CX=0001  DX=0000  SP=FFEE  BP=0000  SI=FFEE  DI=0000          
DS=176C  ES=176C  SS=176C  CS=176C  IP=058D   NV UP DI PL NZ NA PO NC           
176C:058D B100          MOV     CL,00                                           

AX=0081  BX=0000  CX=0000  DX=0000  SP=FFEE  BP=0000  SI=FFEE  DI=0000          
DS=176C  ES=176C  SS=176C  CS=176C  IP=058F   NV UP DI PL NZ NA PO NC           
176C:058F D3E0          SHL     AX,CL                                           

AX=0081  BX=0000  CX=0000  DX=0000  SP=FFEE  BP=0000  SI=FFEE  DI=0000          
DS=176C  ES=176C  SS=176C  CS=176C  IP=0591   NV UP DI PL NZ NA PO NC           
176C:0591 55            PUSH    BP                                              

AX=0081  BX=0000  CX=0000  DX=0000  SP=FFEC  BP=0000  SI=FFEE  DI=0000          
DS=176C  ES=176C  SS=176C  CS=176C  IP=0592   NV UP DI PL NZ NA PO NC           
176C:0592 55            PUSH    BP                                              

AX=0081  BX=0000  CX=0000  DX=0000  SP=FFEA  BP=0000  SI=FFEE  DI=0000          
DS=176C  ES=176C  SS=176C  CS=176C  IP=0593   NV UP DI PL NZ NA PO NC           
176C:0593 9D            POPF                                                    

AX=0081  BX=0000  CX=0000  DX=0000  SP=FFEC  BP=0000  SI=FFEE  DI=0000          
DS=176C  ES=176C  SS=176C  CS=176C  IP=0594   NV UP DI PL NZ NA PO NC           
176C:0594 89F4          MOV     SP,SI                                           

AX=0081  BX=0000  CX=0000  DX=0000  SP=FFEE  BP=0000  SI=FFEE  DI=0000          
DS=176C  ES=176C  SS=176C  CS=176C  IP=0596   NV UP DI PL NZ NA PO NC           
176C:0596 B481          MOV     AH,81                                           

AX=8181  BX=0000  CX=0000  DX=0000  SP=FFEE  BP=0000  SI=FFEE  DI=0000          
DS=176C  ES=176C  SS=176C  CS=176C  IP=0598   NV UP DI PL NZ NA PO NC           
176C:0598 B100          MOV     CL,00                                           

AX=8181  BX=0000  CX=0000  DX=0000  SP=FFEE  BP=0000  SI=FFEE  DI=0000          
DS=176C  ES=176C  SS=176C  CS=176C  IP=059A   NV UP DI PL NZ NA PO NC           
176C:059A D2E0          SHL     AL,CL                                           

AX=8181  BX=0000  CX=0000  DX=0000  SP=FFEE  BP=0000  SI=FFEE  DI=0000          
DS=176C  ES=176C  SS=176C  CS=176C  IP=059C   NV UP DI PL NZ NA PO NC           
176C:059C 55            PUSH    BP                                              

AX=8181  BX=0000  CX=0000  DX=0000  SP=FFEC  BP=0000  SI=FFEE  DI=0000          
DS=176C  ES=176C  SS=176C  CS=176C  IP=059D   NV UP DI PL NZ NA PO NC           
176C:059D 55            PUSH    BP                                              

AX=8181  BX=0000  CX=0000  DX=0000  SP=FFEA  BP=0000  SI=FFEE  DI=0000          
DS=176C  ES=176C  SS=176C  CS=176C  IP=059E   NV UP DI PL NZ NA PO NC           
176C:059E 9D            POPF                                                    

AX=8181  BX=0000  CX=0000  DX=0000  SP=FFEC  BP=0000  SI=FFEE  DI=0000          
DS=176C  ES=176C  SS=176C  CS=176C  IP=059F   NV UP DI PL NZ NA PO NC           
176C:059F 89F4          MOV     SP,SI                                           

AX=8181  BX=0000  CX=0000  DX=0000  SP=FFEE  BP=0000  SI=FFEE  DI=0000          
DS=176C  ES=176C  SS=176C  CS=176C  IP=05A1   NV UP DI PL NZ NA PO NC           
176C:05A1 B88100        MOV     AX,0081                                         

AX=0081  BX=0000  CX=0000  DX=0000  SP=FFEE  BP=0000  SI=FFEE  DI=0000          
DS=176C  ES=176C  SS=176C  CS=176C  IP=05A4   NV UP DI PL NZ NA PO NC           
176C:05A4 55            PUSH    BP                                              

AX=0081  BX=0000  CX=0000  DX=0000  SP=FFEC  BP=0000  SI=FFEE  DI=0000          
DS=176C  ES=176C  SS=176C  CS=176C  IP=05A5   NV UP DI PL NZ NA PO NC           
176C:05A5 55            PUSH    BP                                              

AX=0081  BX=0000  CX=0000  DX=0000  SP=FFEA  BP=0000  SI=FFEE  DI=0000          
DS=176C  ES=176C  SS=176C  CS=176C  IP=05A6   NV UP DI PL NZ NA PO NC           
176C:05A6 9D            POPF                                                    

AX=0081  BX=0000  CX=0000  DX=0000  SP=FFEC  BP=0000  SI=FFEE  DI=0000          
DS=176C  ES=176C  SS=176C  CS=176C  IP=05A7   NV UP DI PL NZ NA PO NC           
176C:05A7 89F4          MOV     SP,SI                                           

AX=0081  BX=0000  CX=0000  DX=0000  SP=FFEE  BP=0000  SI=FFEE  DI=0000          
DS=176C  ES=176C  SS=176C  CS=176C  IP=05A9   NV UP DI PL NZ NA PO NC           
176C:05A9 B481          MOV     AH,81                                           

AX=8181  BX=0000  CX=0000  DX=0000  SP=FFEE  BP=0000  SI=FFEE  DI=0000          
DS=176C  ES=176C  SS=176C  CS=176C  IP=05AB   NV UP DI PL NZ NA PO NC           
176C:05AB 55            PUSH    BP                                              

AX=8181  BX=0000  CX=0000  DX=0000  SP=FFEC  BP=0000  SI=FFEE  DI=0000          
DS=176C  ES=176C  SS=176C  CS=176C  IP=05AC   NV UP DI PL NZ NA PO NC           
176C:05AC 55            PUSH    BP                                              

AX=8181  BX=0000  CX=0000  DX=0000  SP=FFEA  BP=0000  SI=FFEE  DI=0000          
DS=176C  ES=176C  SS=176C  CS=176C  IP=05AD   NV UP DI PL NZ NA PO NC           
176C:05AD 9D            POPF                                                    

AX=8181  BX=0000  CX=0000  DX=0000  SP=FFEC  BP=0000  SI=FFEE  DI=0000          
DS=176C  ES=176C  SS=176C  CS=176C  IP=05AE   NV UP DI PL NZ NA PO NC           
176C:05AE 89F4          MOV     SP,SI                                           

AX=8181  BX=0000  CX=0000  DX=0000  SP=FFEE  BP=0000  SI=FFEE  DI=0000          
DS=176C  ES=176C  SS=176C  CS=176C  IP=05B0   NV UP DI PL NZ NA PO NC           
176C:05B0 B88100        MOV     AX,0081                                         

AX=0081  BX=0000  CX=0000  DX=0000  SP=FFEE  BP=0000  SI=FFEE  DI=0000          
DS=176C  ES=176C  SS=176C  CS=176C  IP=05B3   NV UP DI PL NZ NA PO NC           
176C:05B3 55            PUSH    BP                                              

AX=0081  BX=0000  CX=0000  DX=0000  SP=FFEC  BP=0000  SI=FFEE  DI=0000          
DS=176C  ES=176C  SS=176C  CS=176C  IP=05B4   NV UP DI PL NZ NA PO NC           
176C:05B4 55            PUSH    BP                                              

AX=0081  BX=0000  CX=0000  DX=0000  SP=FFEA  BP=0000  SI=FFEE  DI=0000          
DS=176C  ES=176C  SS=176C  CS=176C  IP=05B5   NV UP DI PL NZ NA PO NC           
176C:05B5 9D            POPF                                                    

AX=0081  BX=0000  CX=0000  DX=0000  SP=FFEC  BP=0000  SI=FFEE  DI=0000          
DS=176C  ES=176C  SS=176C  CS=176C  IP=05B6   NV UP DI PL NZ NA PO NC           
176C:05B6 89F4          MOV     SP,SI                                           

AX=0081  BX=0000  CX=0000  DX=0000  SP=FFEE  BP=0000  SI=FFEE  DI=0000          
DS=176C  ES=176C  SS=176C  CS=176C  IP=05B8   NV UP DI PL NZ NA PO NC           
176C:05B8 B88100        MOV     AX,0081                                         

AX=0081  BX=0000  CX=0000  DX=0000  SP=FFEE  BP=0000  SI=FFEE  DI=0000          
DS=176C  ES=176C  SS=176C  CS=176C  IP=05BB   NV UP DI PL NZ NA PO NC           
176C:05BB B101          MOV     CL,01                                           

AX=0081  BX=0000  CX=0001  DX=0000  SP=FFEE  BP=0000  SI=FFEE  DI=0000          
DS=176C  ES=176C  SS=176C  CS=176C  IP=05BD   NV UP DI PL NZ NA PO NC           
176C:05BD D3E0          SHL     AX,CL                                           

AX=0102  BX=0000  CX=0001  DX=0000  SP=FFEE  BP=0000  SI=FFEE  DI=0000          
DS=176C  ES=176C  SS=176C  CS=176C  IP=05BF   NV UP DI PL NZ NA PO NC           
176C:05BF 55            PUSH    BP                                              

AX=0102  BX=0000  CX=0001  DX=0000  SP=FFEC  BP=0000  SI=FFEE  DI=0000          
DS=176C  ES=176C  SS=176C  CS=176C  IP=05C0   NV UP DI PL NZ NA PO NC           
176C:05C0 55            PUSH    BP                                              

AX=0102  BX=0000  CX=0001  DX=0000  SP=FFEA  BP=0000  SI=FFEE  DI=0000          
DS=176C  ES=176C  SS=176C  CS=176C  IP=05C1   NV UP DI PL NZ NA PO NC           
176C:05C1 9D            POPF                                                    

AX=0102  BX=0000  CX=0001  DX=0000  SP=FFEC  BP=0000  SI=FFEE  DI=0000          
DS=176C  ES=176C  SS=176C  CS=176C  IP=05C2   NV UP DI PL NZ NA PO NC           
176C:05C2 89F4          MOV     SP,SI                                           

AX=0102  BX=0000  CX=0001  DX=0000  SP=FFEE  BP=0000  SI=FFEE  DI=0000          
DS=176C  ES=176C  SS=176C  CS=176C  IP=05C4   NV UP DI PL NZ NA PO NC           
176C:05C4 B481          MOV     AH,81                                           

AX=8102  BX=0000  CX=0001  DX=0000  SP=FFEE  BP=0000  SI=FFEE  DI=0000          
DS=176C  ES=176C  SS=176C  CS=176C  IP=05C6   NV UP DI PL NZ NA PO NC           
176C:05C6 B101          MOV     CL,01                                           

AX=8102  BX=0000  CX=0001  DX=0000  SP=FFEE  BP=0000  SI=FFEE  DI=0000          
DS=176C  ES=176C  SS=176C  CS=176C  IP=05C8   NV UP DI PL NZ NA PO NC           
176C:05C8 D2E0          SHL     AL,CL                                           

AX=8104  BX=0000  CX=0001  DX=0000  SP=FFEE  BP=0000  SI=FFEE  DI=0000          
DS=176C  ES=176C  SS=176C  CS=176C  IP=05CA   NV UP DI PL NZ NA PO NC           
176C:05CA 55            PUSH    BP                                              

AX=8104  BX=0000  CX=0001  DX=0000  SP=FFEC  BP=0000  SI=FFEE  DI=0000          
DS=176C  ES=176C  SS=176C  CS=176C  IP=05CB   NV UP DI PL NZ NA PO NC           
176C:05CB 55            PUSH    BP                                              

AX=8104  BX=0000  CX=0001  DX=0000  SP=FFEA  BP=0000  SI=FFEE  DI=0000          
DS=176C  ES=176C  SS=176C  CS=176C  IP=05CC   NV UP DI PL NZ NA PO NC           
176C:05CC 9D            POPF                                                    

AX=8104  BX=0000  CX=0001  DX=0000  SP=FFEC  BP=0000  SI=FFEE  DI=0000          
DS=176C  ES=176C  SS=176C  CS=176C  IP=05CD   NV UP DI PL NZ NA PO NC           
176C:05CD 89F4          MOV     SP,SI                                           

AX=8104  BX=0000  CX=0001  DX=0000  SP=FFEE  BP=0000  SI=FFEE  DI=0000          
DS=176C  ES=176C  SS=176C  CS=176C  IP=05CF   NV UP DI PL NZ NA PO NC           
176C:05CF B88100        MOV     AX,0081                                         

AX=0081  BX=0000  CX=0001  DX=0000  SP=FFEE  BP=0000  SI=FFEE  DI=0000          
DS=176C  ES=176C  SS=176C  CS=176C  IP=05D2   NV UP DI PL NZ NA PO NC           
176C:05D2 55            PUSH    BP                                              

AX=0081  BX=0000  CX=0001  DX=0000  SP=FFEC  BP=0000  SI=FFEE  DI=0000          
DS=176C  ES=176C  SS=176C  CS=176C  IP=05D3   NV UP DI PL NZ NA PO NC           
176C:05D3 55            PUSH    BP                                              

AX=0081  BX=0000  CX=0001  DX=0000  SP=FFEA  BP=0000  SI=FFEE  DI=0000          
DS=176C  ES=176C  SS=176C  CS=176C  IP=05D4   NV UP DI PL NZ NA PO NC           
176C:05D4 9D            POPF                                                    

AX=0081  BX=0000  CX=0001  DX=0000  SP=FFEC  BP=0000  SI=FFEE  DI=0000          
DS=176C  ES=176C  SS=176C  CS=176C  IP=05D5   NV UP DI PL NZ NA PO NC           
176C:05D5 89F4          MOV     SP,SI                                           

AX=0081  BX=0000  CX=0001  DX=0000  SP=FFEE  BP=0000  SI=FFEE  DI=0000          
DS=176C  ES=176C  SS=176C  CS=176C  IP=05D7   NV UP DI PL NZ NA PO NC           
176C:05D7 B481          MOV     AH,81                                           

AX=8181  BX=0000  CX=0001  DX=0000  SP=FFEE  BP=0000  SI=FFEE  DI=0000          
DS=176C  ES=176C  SS=176C  CS=176C  IP=05D9   NV UP DI PL NZ NA PO NC           
176C:05D9 55            PUSH    BP                                              

AX=8181  BX=0000  CX=0001  DX=0000  SP=FFEC  BP=0000  SI=FFEE  DI=0000          
DS=176C  ES=176C  SS=176C  CS=176C  IP=05DA   NV UP DI PL NZ NA PO NC           
176C:05DA 55            PUSH    BP                                              

AX=8181  BX=0000  CX=0001  DX=0000  SP=FFEA  BP=0000  SI=FFEE  DI=0000          
DS=176C  ES=176C  SS=176C  CS=176C  IP=05DB   NV UP DI PL NZ NA PO NC           
176C:05DB 9D            POPF                                                    

AX=8181  BX=0000  CX=0001  DX=0000  SP=FFEC  BP=0000  SI=FFEE  DI=0000          
DS=176C  ES=176C  SS=176C  CS=176C  IP=05DC   NV UP DI PL NZ NA PO NC           
176C:05DC 89F4          MOV     SP,SI                                           

AX=8181  BX=0000  CX=0001  DX=0000  SP=FFEE  BP=0000  SI=FFEE  DI=0000          
DS=176C  ES=176C  SS=176C  CS=176C  IP=05DE   NV UP DI PL NZ NA PO NC           
176C:05DE B88100        MOV     AX,0081                                         

AX=0081  BX=0000  CX=0001  DX=0000  SP=FFEE  BP=0000  SI=FFEE  DI=0000          
DS=176C  ES=176C  SS=176C  CS=176C  IP=05E1   NV UP DI PL NZ NA PO NC           
176C:05E1 55            PUSH    BP                                              

AX=0081  BX=0000  CX=0001  DX=0000  SP=FFEC  BP=0000  SI=FFEE  DI=0000          
DS=176C  ES=176C  SS=176C  CS=176C  IP=05E2   NV UP DI PL NZ NA PO NC           
176C:05E2 55            PUSH    BP                                              

AX=0081  BX=0000  CX=0001  DX=0000  SP=FFEA  BP=0000  SI=FFEE  DI=0000          
DS=176C  ES=176C  SS=176C  CS=176C  IP=05E3   NV UP DI PL NZ NA PO NC           
176C:05E3 9D            POPF                                                    

AX=0081  BX=0000  CX=0001  DX=0000  SP=FFEC  BP=0000  SI=FFEE  DI=0000          
DS=176C  ES=176C  SS=176C  CS=176C  IP=05E4   NV UP DI PL NZ NA PO NC           
176C:05E4 89F4          MOV     SP,SI                                           

AX=0081  BX=0000  CX=0001  DX=0000  SP=FFEE  BP=0000  SI=FFEE  DI=0000          
DS=176C  ES=176C  SS=176C  CS=176C  IP=05E6   NV UP DI PL NZ NA PO NC           
176C:05E6 B81000        MOV     AX,0010                                         

AX=0010  BX=0000  CX=0001  DX=0000  SP=FFEE  BP=0000  SI=FFEE  DI=0000          
DS=176C  ES=176C  SS=176C  CS=176C  IP=05E9   NV UP DI PL NZ NA PO NC           
176C:05E9 B100          MOV     CL,00                                           

AX=0010  BX=0000  CX=0000  DX=0000  SP=FFEE  BP=0000  SI=FFEE  DI=0000          
DS=176C  ES=176C  SS=176C  CS=176C  IP=05EB   NV UP DI PL NZ NA PO NC           
176C:05EB D3E0          SHL     AX,CL                                           

AX=0010  BX=0000  CX=0000  DX=0000  SP=FFEE  BP=0000  SI=FFEE  DI=0000          
DS=176C  ES=176C  SS=176C  CS=176C  IP=05ED   NV UP DI PL NZ NA PO NC           
176C:05ED 55            PUSH    BP                                              

AX=0010  BX=0000  CX=0000  DX=0000  SP=FFEC  BP=0000  SI=FFEE  DI=0000          
DS=176C  ES=176C  SS=176C  CS=176C  IP=05EE   NV UP DI PL NZ NA PO NC           
176C:05EE 55            PUSH    BP                                              

AX=0010  BX=0000  CX=0000  DX=0000  SP=FFEA  BP=0000  SI=FFEE  DI=0000          
DS=176C  ES=176C  SS=176C  CS=176C  IP=05EF   NV UP DI PL NZ NA PO NC           
176C:05EF 9D            POPF                                                    

AX=0010  BX=0000  CX=0000  DX=0000  SP=FFEC  BP=0000  SI=FFEE  DI=0000          
DS=176C  ES=176C  SS=176C  CS=176C  IP=05F0   NV UP DI PL NZ NA PO NC           
176C:05F0 89F4          MOV     SP,SI                                           

AX=0010  BX=0000  CX=0000  DX=0000  SP=FFEE  BP=0000  SI=FFEE  DI=0000          
DS=176C  ES=176C  SS=176C  CS=176C  IP=05F2   NV UP DI PL NZ NA PO NC           
176C:05F2 B410          MOV     AH,10                                           

AX=1010  BX=0000  CX=0000  DX=0000  SP=FFEE  BP=0000  SI=FFEE  DI=0000          
DS=176C  ES=176C  SS=176C  CS=176C  IP=05F4   NV UP DI PL NZ NA PO NC           
176C:05F4 B100          MOV     CL,00                                           

AX=1010  BX=0000  CX=0000  DX=0000  SP=FFEE  BP=0000  SI=FFEE  DI=0000          
DS=176C  ES=176C  SS=176C  CS=176C  IP=05F6   NV UP DI PL NZ NA PO NC           
176C:05F6 D2E0          SHL     AL,CL                                           

AX=1010  BX=0000  CX=0000  DX=0000  SP=FFEE  BP=0000  SI=FFEE  DI=0000          
DS=176C  ES=176C  SS=176C  CS=176C  IP=05F8   NV UP DI PL NZ NA PO NC           
176C:05F8 55            PUSH    BP                                              

AX=1010  BX=0000  CX=0000  DX=0000  SP=FFEC  BP=0000  SI=FFEE  DI=0000          
DS=176C  ES=176C  SS=176C  CS=176C  IP=05F9   NV UP DI PL NZ NA PO NC           
176C:05F9 55            PUSH    BP                                              

AX=1010  BX=0000  CX=0000  DX=0000  SP=FFEA  BP=0000  SI=FFEE  DI=0000          
DS=176C  ES=176C  SS=176C  CS=176C  IP=05FA   NV UP DI PL NZ NA PO NC           
176C:05FA 9D            POPF                                                    

AX=1010  BX=0000  CX=0000  DX=0000  SP=FFEC  BP=0000  SI=FFEE  DI=0000          
DS=176C  ES=176C  SS=176C  CS=176C  IP=05FB   NV UP DI PL NZ NA PO NC           
176C:05FB 89F4          MOV     SP,SI                                           

AX=1010  BX=0000  CX=0000  DX=0000  SP=FFEE  BP=0000  SI=FFEE  DI=0000          
DS=176C  ES=176C  SS=176C  CS=176C  IP=05FD   NV UP DI PL NZ NA PO NC           
176C:05FD B81000        MOV     AX,0010                                         

AX=0010  BX=0000  CX=0000  DX=0000  SP=FFEE  BP=0000  SI=FFEE  DI=0000          
DS=176C  ES=176C  SS=176C  CS=176C  IP=0600   NV UP DI PL NZ NA PO NC           
176C:0600 55            PUSH    BP                                              

AX=0010  BX=0000  CX=0000  DX=0000  SP=FFEC  BP=0000  SI=FFEE  DI=0000          
DS=176C  ES=176C  SS=176C  CS=176C  IP=0601   NV UP DI PL NZ NA PO NC           
176C:0601 55            PUSH    BP                                              

AX=0010  BX=0000  CX=0000  DX=0000  SP=FFEA  BP=0000  SI=FFEE  DI=0000          
DS=176C  ES=176C  SS=176C  CS=176C  IP=0602   NV UP DI PL NZ NA PO NC           
176C:0602 9D            POPF                                                    

AX=0010  BX=0000  CX=0000  DX=0000  SP=FFEC  BP=0000  SI=FFEE  DI=0000          
DS=176C  ES=176C  SS=176C  CS=176C  IP=0603   NV UP DI PL NZ NA PO NC           
176C:0603 89F4          MOV     SP,SI                                           

AX=0010  BX=0000  CX=0000  DX=0000  SP=FFEE  BP=0000  SI=FFEE  DI=0000          
DS=176C  ES=176C  SS=176C  CS=176C  IP=0605   NV UP DI PL NZ NA PO NC           
176C:0605 B410          MOV     AH,10                                           

AX=1010  BX=0000  CX=0000  DX=0000  SP=FFEE  BP=0000  SI=FFEE  DI=0000          
DS=176C  ES=176C  SS=176C  CS=176C  IP=0607   NV UP DI PL NZ NA PO NC           
176C:0607 55            PUSH    BP                                              

AX=1010  BX=0000  CX=0000  DX=0000  SP=FFEC  BP=0000  SI=FFEE  DI=0000          
DS=176C  ES=176C  SS=176C  CS=176C  IP=0608   NV UP DI PL NZ NA PO NC           
176C:0608 55            PUSH    BP                                              

AX=1010  BX=0000  CX=0000  DX=0000  SP=FFEA  BP=0000  SI=FFEE  DI=0000          
DS=176C  ES=176C  SS=176C  CS=176C  IP=0609   NV UP DI PL NZ NA PO NC           
176C:0609 9D            POPF                                                    

AX=1010  BX=0000  CX=0000  DX=0000  SP=FFEC  BP=0000  SI=FFEE  DI=0000          
DS=176C  ES=176C  SS=176C  CS=176C  IP=060A   NV UP DI PL NZ NA PO NC           
176C:060A 89F4          MOV     SP,SI                                           

AX=1010  BX=0000  CX=0000  DX=0000  SP=FFEE  BP=0000  SI=FFEE  DI=0000          
DS=176C  ES=176C  SS=176C  CS=176C  IP=060C   NV UP DI PL NZ NA PO NC           
176C:060C B81000        MOV     AX,0010                                         

AX=0010  BX=0000  CX=0000  DX=0000  SP=FFEE  BP=0000  SI=FFEE  DI=0000          
DS=176C  ES=176C  SS=176C  CS=176C  IP=060F   NV UP DI PL NZ NA PO NC           
176C:060F 55            PUSH    BP                                              

AX=0010  BX=0000  CX=0000  DX=0000  SP=FFEC  BP=0000  SI=FFEE  DI=0000          
DS=176C  ES=176C  SS=176C  CS=176C  IP=0610   NV UP DI PL NZ NA PO NC           
176C:0610 55            PUSH    BP                                              

AX=0010  BX=0000  CX=0000  DX=0000  SP=FFEA  BP=0000  SI=FFEE  DI=0000          
DS=176C  ES=176C  SS=176C  CS=176C  IP=0611   NV UP DI PL NZ NA PO NC           
176C:0611 9D            POPF                                                    

AX=0010  BX=0000  CX=0000  DX=0000  SP=FFEC  BP=0000  SI=FFEE  DI=0000          
DS=176C  ES=176C  SS=176C  CS=176C  IP=0612   NV UP DI PL NZ NA PO NC           
176C:0612 89F4          MOV     SP,SI                                           

AX=0010  BX=0000  CX=0000  DX=0000  SP=FFEE  BP=0000  SI=FFEE  DI=0000          
DS=176C  ES=176C  SS=176C  CS=176C  IP=0614   NV UP DI PL NZ NA PO NC           
176C:0614 B81000        MOV     AX,0010                                         

AX=0010  BX=0000  CX=0000  DX=0000  SP=FFEE  BP=0000  SI=FFEE  DI=0000          
DS=176C  ES=176C  SS=176C  CS=176C  IP=0617   NV UP DI PL NZ NA PO NC           
176C:0617 B101          MOV     CL,01                                           

AX=0010  BX=0000  CX=0001  DX=0000  SP=FFEE  BP=0000  SI=FFEE  DI=0000          
DS=176C  ES=176C  SS=176C  CS=176C  IP=0619   NV UP DI PL NZ NA PO NC           
176C:0619 D3E0          SHL     AX,CL                                           

AX=0020  BX=0000  CX=0001  DX=0000  SP=FFEE  BP=0000  SI=FFEE  DI=0000          
DS=176C  ES=176C  SS=176C  CS=176C  IP=061B   NV UP DI PL NZ NA PO NC           
176C:061B 55            PUSH    BP                                              

AX=0020  BX=0000  CX=0001  DX=0000  SP=FFEC  BP=0000  SI=FFEE  DI=0000          
DS=176C  ES=176C  SS=176C  CS=176C  IP=061C   NV UP DI PL NZ NA PO NC           
176C:061C 55            PUSH    BP                                              

AX=0020  BX=0000  CX=0001  DX=0000  SP=FFEA  BP=0000  SI=FFEE  DI=0000          
DS=176C  ES=176C  SS=176C  CS=176C  IP=061D   NV UP DI PL NZ NA PO NC           
176C:061D 9D            POPF                                                    

AX=0020  BX=0000  CX=0001  DX=0000  SP=FFEC  BP=0000  SI=FFEE  DI=0000          
DS=176C  ES=176C  SS=176C  CS=176C  IP=061E   NV UP DI PL NZ NA PO NC           
176C:061E 89F4          MOV     SP,SI                                           

AX=0020  BX=0000  CX=0001  DX=0000  SP=FFEE  BP=0000  SI=FFEE  DI=0000          
DS=176C  ES=176C  SS=176C  CS=176C  IP=0620   NV UP DI PL NZ NA PO NC           
176C:0620 B410          MOV     AH,10                                           

AX=1020  BX=0000  CX=0001  DX=0000  SP=FFEE  BP=0000  SI=FFEE  DI=0000          
DS=176C  ES=176C  SS=176C  CS=176C  IP=0622   NV UP DI PL NZ NA PO NC           
176C:0622 B101          MOV     CL,01                                           

AX=1020  BX=0000  CX=0001  DX=0000  SP=FFEE  BP=0000  SI=FFEE  DI=0000          
DS=176C  ES=176C  SS=176C  CS=176C  IP=0624   NV UP DI PL NZ NA PO NC           
176C:0624 D2E0          SHL     AL,CL                                           

AX=1040  BX=0000  CX=0001  DX=0000  SP=FFEE  BP=0000  SI=FFEE  DI=0000          
DS=176C  ES=176C  SS=176C  CS=176C  IP=0626   NV UP DI PL NZ NA PO NC           
176C:0626 55            PUSH    BP                                              

AX=1040  BX=0000  CX=0001  DX=0000  SP=FFEC  BP=0000  SI=FFEE  DI=0000          
DS=176C  ES=176C  SS=176C  CS=176C  IP=0627   NV UP DI PL NZ NA PO NC           
176C:0627 55            PUSH    BP                                              

AX=1040  BX=0000  CX=0001  DX=0000  SP=FFEA  BP=0000  SI=FFEE  DI=0000          
DS=176C  ES=176C  SS=176C  CS=176C  IP=0628   NV UP DI PL NZ NA PO NC           
176C:0628 9D            POPF                                                    

AX=1040  BX=0000  CX=0001  DX=0000  SP=FFEC  BP=0000  SI=FFEE  DI=0000          
DS=176C  ES=176C  SS=176C  CS=176C  IP=0629   NV UP DI PL NZ NA PO NC           
176C:0629 89F4          MOV     SP,SI                                           

AX=1040  BX=0000  CX=0001  DX=0000  SP=FFEE  BP=0000  SI=FFEE  DI=0000          
DS=176C  ES=176C  SS=176C  CS=176C  IP=062B   NV UP DI PL NZ NA PO NC           
176C:062B B81000        MOV     AX,0010                                         

AX=0010  BX=0000  CX=0001  DX=0000  SP=FFEE  BP=0000  SI=FFEE  DI=0000          
DS=176C  ES=176C  SS=176C  CS=176C  IP=062E   NV UP DI PL NZ NA PO NC           
176C:062E 55            PUSH    BP                                              

AX=0010  BX=0000  CX=0001  DX=0000  SP=FFEC  BP=0000  SI=FFEE  DI=0000          
DS=176C  ES=176C  SS=176C  CS=176C  IP=062F   NV UP DI PL NZ NA PO NC           
176C:062F 55            PUSH    BP                                              

AX=0010  BX=0000  CX=0001  DX=0000  SP=FFEA  BP=0000  SI=FFEE  DI=0000          
DS=176C  ES=176C  SS=176C  CS=176C  IP=0630   NV UP DI PL NZ NA PO NC           
176C:0630 9D            POPF                                                    

AX=0010  BX=0000  CX=0001  DX=0000  SP=FFEC  BP=0000  SI=FFEE  DI=0000          
DS=176C  ES=176C  SS=176C  CS=176C  IP=0631   NV UP DI PL NZ NA PO NC           
176C:0631 89F4          MOV     SP,SI                                           

AX=0010  BX=0000  CX=0001  DX=0000  SP=FFEE  BP=0000  SI=FFEE  DI=0000          
DS=176C  ES=176C  SS=176C  CS=176C  IP=0633   NV UP DI PL NZ NA PO NC           
176C:0633 B410          MOV     AH,10                                           

AX=1010  BX=0000  CX=0001  DX=0000  SP=FFEE  BP=0000  SI=FFEE  DI=0000          
DS=176C  ES=176C  SS=176C  CS=176C  IP=0635   NV UP DI PL NZ NA PO NC           
176C:0635 55            PUSH    BP                                              

AX=1010  BX=0000  CX=0001  DX=0000  SP=FFEC  BP=0000  SI=FFEE  DI=0000          
DS=176C  ES=176C  SS=176C  CS=176C  IP=0636   NV UP DI PL NZ NA PO NC           
176C:0636 55            PUSH    BP                                              

AX=1010  BX=0000  CX=0001  DX=0000  SP=FFEA  BP=0000  SI=FFEE  DI=0000          
DS=176C  ES=176C  SS=176C  CS=176C  IP=0637   NV UP DI PL NZ NA PO NC           
176C:0637 9D            POPF                                                    

AX=1010  BX=0000  CX=0001  DX=0000  SP=FFEC  BP=0000  SI=FFEE  DI=0000          
DS=176C  ES=176C  SS=176C  CS=176C  IP=0638   NV UP DI PL NZ NA PO NC           
176C:0638 89F4          MOV     SP,SI                                           

AX=1010  BX=0000  CX=0001  DX=0000  SP=FFEE  BP=0000  SI=FFEE  DI=0000          
DS=176C  ES=176C  SS=176C  CS=176C  IP=063A   NV UP DI PL NZ NA PO NC           
176C:063A B81000        MOV     AX,0010                                         

AX=0010  BX=0000  CX=0001  DX=0000  SP=FFEE  BP=0000  SI=FFEE  DI=0000          
DS=176C  ES=176C  SS=176C  CS=176C  IP=063D   NV UP DI PL NZ NA PO NC           
176C:063D 55            PUSH    BP                                              

AX=0010  BX=0000  CX=0001  DX=0000  SP=FFEC  BP=0000  SI=FFEE  DI=0000          
DS=176C  ES=176C  SS=176C  CS=176C  IP=063E   NV UP DI PL NZ NA PO NC           
176C:063E 55            PUSH    BP                                              

AX=0010  BX=0000  CX=0001  DX=0000  SP=FFEA  BP=0000  SI=FFEE  DI=0000          
DS=176C  ES=176C  SS=176C  CS=176C  IP=063F   NV UP DI PL NZ NA PO NC           
176C:063F 9D            POPF                                                    

AX=0010  BX=0000  CX=0001  DX=0000  SP=FFEC  BP=0000  SI=FFEE  DI=0000          
DS=176C  ES=176C  SS=176C  CS=176C  IP=0640   NV UP DI PL NZ NA PO NC           
176C:0640 89F4          MOV     SP,SI                                           

AX=0010  BX=0000  CX=0001  DX=0000  SP=FFEE  BP=0000  SI=FFEE  DI=0000          
DS=176C  ES=176C  SS=176C  CS=176C  IP=0642   NV UP DI PL NZ NA PO NC           
176C:0642 B80800        MOV     AX,0008                                         

AX=0008  BX=0000  CX=0001  DX=0000  SP=FFEE  BP=0000  SI=FFEE  DI=0000          
DS=176C  ES=176C  SS=176C  CS=176C  IP=0645   NV UP DI PL NZ NA PO NC           
176C:0645 B100          MOV     CL,00                                           

AX=0008  BX=0000  CX=0000  DX=0000  SP=FFEE  BP=0000  SI=FFEE  DI=0000          
DS=176C  ES=176C  SS=176C  CS=176C  IP=0647   NV UP DI PL NZ NA PO NC           
176C:0647 D3E0          SHL     AX,CL                                           

AX=0008  BX=0000  CX=0000  DX=0000  SP=FFEE  BP=0000  SI=FFEE  DI=0000          
DS=176C  ES=176C  SS=176C  CS=176C  IP=0649   NV UP DI PL NZ NA PO NC           
176C:0649 55            PUSH    BP                                              

AX=0008  BX=0000  CX=0000  DX=0000  SP=FFEC  BP=0000  SI=FFEE  DI=0000          
DS=176C  ES=176C  SS=176C  CS=176C  IP=064A   NV UP DI PL NZ NA PO NC           
176C:064A 55            PUSH    BP                                              

AX=0008  BX=0000  CX=0000  DX=0000  SP=FFEA  BP=0000  SI=FFEE  DI=0000          
DS=176C  ES=176C  SS=176C  CS=176C  IP=064B   NV UP DI PL NZ NA PO NC           
176C:064B 9D            POPF                                                    

AX=0008  BX=0000  CX=0000  DX=0000  SP=FFEC  BP=0000  SI=FFEE  DI=0000          
DS=176C  ES=176C  SS=176C  CS=176C  IP=064C   NV UP DI PL NZ NA PO NC           
176C:064C 89F4          MOV     SP,SI                                           

AX=0008  BX=0000  CX=0000  DX=0000  SP=FFEE  BP=0000  SI=FFEE  DI=0000          
DS=176C  ES=176C  SS=176C  CS=176C  IP=064E   NV UP DI PL NZ NA PO NC           
176C:064E B408          MOV     AH,08                                           

AX=0808  BX=0000  CX=0000  DX=0000  SP=FFEE  BP=0000  SI=FFEE  DI=0000          
DS=176C  ES=176C  SS=176C  CS=176C  IP=0650   NV UP DI PL NZ NA PO NC           
176C:0650 B100          MOV     CL,00                                           

AX=0808  BX=0000  CX=0000  DX=0000  SP=FFEE  BP=0000  SI=FFEE  DI=0000          
DS=176C  ES=176C  SS=176C  CS=176C  IP=0652   NV UP DI PL NZ NA PO NC           
176C:0652 D2E0          SHL     AL,CL                                           

AX=0808  BX=0000  CX=0000  DX=0000  SP=FFEE  BP=0000  SI=FFEE  DI=0000          
DS=176C  ES=176C  SS=176C  CS=176C  IP=0654   NV UP DI PL NZ NA PO NC           
176C:0654 55            PUSH    BP                                              

AX=0808  BX=0000  CX=0000  DX=0000  SP=FFEC  BP=0000  SI=FFEE  DI=0000          
DS=176C  ES=176C  SS=176C  CS=176C  IP=0655   NV UP DI PL NZ NA PO NC           
176C:0655 55            PUSH    BP                                              

AX=0808  BX=0000  CX=0000  DX=0000  SP=FFEA  BP=0000  SI=FFEE  DI=0000          
DS=176C  ES=176C  SS=176C  CS=176C  IP=0656   NV UP DI PL NZ NA PO NC           
176C:0656 9D            POPF                                                    

AX=0808  BX=0000  CX=0000  DX=0000  SP=FFEC  BP=0000  SI=FFEE  DI=0000          
DS=176C  ES=176C  SS=176C  CS=176C  IP=0657   NV UP DI PL NZ NA PO NC           
176C:0657 89F4          MOV     SP,SI                                           

AX=0808  BX=0000  CX=0000  DX=0000  SP=FFEE  BP=0000  SI=FFEE  DI=0000          
DS=176C  ES=176C  SS=176C  CS=176C  IP=0659   NV UP DI PL NZ NA PO NC           
176C:0659 B80800        MOV     AX,0008                                         

AX=0008  BX=0000  CX=0000  DX=0000  SP=FFEE  BP=0000  SI=FFEE  DI=0000          
DS=176C  ES=176C  SS=176C  CS=176C  IP=065C   NV UP DI PL NZ NA PO NC           
176C:065C 55            PUSH    BP                                              

AX=0008  BX=0000  CX=0000  DX=0000  SP=FFEC  BP=0000  SI=FFEE  DI=0000          
DS=176C  ES=176C  SS=176C  CS=176C  IP=065D   NV UP DI PL NZ NA PO NC           
176C:065D 55            PUSH    BP                                              

AX=0008  BX=0000  CX=0000  DX=0000  SP=FFEA  BP=0000  SI=FFEE  DI=0000          
DS=176C  ES=176C  SS=176C  CS=176C  IP=065E   NV UP DI PL NZ NA PO NC           
176C:065E 9D            POPF                                                    

AX=0008  BX=0000  CX=0000  DX=0000  SP=FFEC  BP=0000  SI=FFEE  DI=0000          
DS=176C  ES=176C  SS=176C  CS=176C  IP=065F   NV UP DI PL NZ NA PO NC           
176C:065F 89F4          MOV     SP,SI                                           

AX=0008  BX=0000  CX=0000  DX=0000  SP=FFEE  BP=0000  SI=FFEE  DI=0000          
DS=176C  ES=176C  SS=176C  CS=176C  IP=0661   NV UP DI PL NZ NA PO NC           
176C:0661 B408          MOV     AH,08                                           

AX=0808  BX=0000  CX=0000  DX=0000  SP=FFEE  BP=0000  SI=FFEE  DI=0000          
DS=176C  ES=176C  SS=176C  CS=176C  IP=0663   NV UP DI PL NZ NA PO NC           
176C:0663 55            PUSH    BP                                              

AX=0808  BX=0000  CX=0000  DX=0000  SP=FFEC  BP=0000  SI=FFEE  DI=0000          
DS=176C  ES=176C  SS=176C  CS=176C  IP=0664   NV UP DI PL NZ NA PO NC           
176C:0664 55            PUSH    BP                                              

AX=0808  BX=0000  CX=0000  DX=0000  SP=FFEA  BP=0000  SI=FFEE  DI=0000          
DS=176C  ES=176C  SS=176C  CS=176C  IP=0665   NV UP DI PL NZ NA PO NC           
176C:0665 9D            POPF                                                    

AX=0808  BX=0000  CX=0000  DX=0000  SP=FFEC  BP=0000  SI=FFEE  DI=0000          
DS=176C  ES=176C  SS=176C  CS=176C  IP=0666   NV UP DI PL NZ NA PO NC           
176C:0666 89F4          MOV     SP,SI                                           

AX=0808  BX=0000  CX=0000  DX=0000  SP=FFEE  BP=0000  SI=FFEE  DI=0000          
DS=176C  ES=176C  SS=176C  CS=176C  IP=0668   NV UP DI PL NZ NA PO NC           
176C:0668 B80800        MOV     AX,0008                                         

AX=0008  BX=0000  CX=0000  DX=0000  SP=FFEE  BP=0000  SI=FFEE  DI=0000          
DS=176C  ES=176C  SS=176C  CS=176C  IP=066B   NV UP DI PL NZ NA PO NC           
176C:066B 55            PUSH    BP                                              

AX=0008  BX=0000  CX=0000  DX=0000  SP=FFEC  BP=0000  SI=FFEE  DI=0000          
DS=176C  ES=176C  SS=176C  CS=176C  IP=066C   NV UP DI PL NZ NA PO NC           
176C:066C 55            PUSH    BP                                              

AX=0008  BX=0000  CX=0000  DX=0000  SP=FFEA  BP=0000  SI=FFEE  DI=0000          
DS=176C  ES=176C  SS=176C  CS=176C  IP=066D   NV UP DI PL NZ NA PO NC           
176C:066D 9D            POPF                                                    

AX=0008  BX=0000  CX=0000  DX=0000  SP=FFEC  BP=0000  SI=FFEE  DI=0000          
DS=176C  ES=176C  SS=176C  CS=176C  IP=066E   NV UP DI PL NZ NA PO NC           
176C:066E 89F4          MOV     SP,SI                                           

AX=0008  BX=0000  CX=0000  DX=0000  SP=FFEE  BP=0000  SI=FFEE  DI=0000          
DS=176C  ES=176C  SS=176C  CS=176C  IP=0670   NV UP DI PL NZ NA PO NC           
176C:0670 B80800        MOV     AX,0008                                         

AX=0008  BX=0000  CX=0000  DX=0000  SP=FFEE  BP=0000  SI=FFEE  DI=0000          
DS=176C  ES=176C  SS=176C  CS=176C  IP=0673   NV UP DI PL NZ NA PO NC           
176C:0673 B101          MOV     CL,01                                           

AX=0008  BX=0000  CX=0001  DX=0000  SP=FFEE  BP=0000  SI=FFEE  DI=0000          
DS=176C  ES=176C  SS=176C  CS=176C  IP=0675   NV UP DI PL NZ NA PO NC           
176C:0675 D3E0          SHL     AX,CL                                           

AX=0010  BX=0000  CX=0001  DX=0000  SP=FFEE  BP=0000  SI=FFEE  DI=0000          
DS=176C  ES=176C  SS=176C  CS=176C  IP=0677   NV UP DI PL NZ NA PO NC           
176C:0677 55            PUSH    BP                                              

AX=0010  BX=0000  CX=0001  DX=0000  SP=FFEC  BP=0000  SI=FFEE  DI=0000          
DS=176C  ES=176C  SS=176C  CS=176C  IP=0678   NV UP DI PL NZ NA PO NC           
176C:0678 55            PUSH    BP                                              

AX=0010  BX=0000  CX=0001  DX=0000  SP=FFEA  BP=0000  SI=FFEE  DI=0000          
DS=176C  ES=176C  SS=176C  CS=176C  IP=0679   NV UP DI PL NZ NA PO NC           
176C:0679 9D            POPF                                                    

AX=0010  BX=0000  CX=0001  DX=0000  SP=FFEC  BP=0000  SI=FFEE  DI=0000          
DS=176C  ES=176C  SS=176C  CS=176C  IP=067A   NV UP DI PL NZ NA PO NC           
176C:067A 89F4          MOV     SP,SI                                           

AX=0010  BX=0000  CX=0001  DX=0000  SP=FFEE  BP=0000  SI=FFEE  DI=0000          
DS=176C  ES=176C  SS=176C  CS=176C  IP=067C   NV UP DI PL NZ NA PO NC           
176C:067C B408          MOV     AH,08                                           

AX=0810  BX=0000  CX=0001  DX=0000  SP=FFEE  BP=0000  SI=FFEE  DI=0000          
DS=176C  ES=176C  SS=176C  CS=176C  IP=067E   NV UP DI PL NZ NA PO NC           
176C:067E B101          MOV     CL,01                                           

AX=0810  BX=0000  CX=0001  DX=0000  SP=FFEE  BP=0000  SI=FFEE  DI=0000          
DS=176C  ES=176C  SS=176C  CS=176C  IP=0680   NV UP DI PL NZ NA PO NC           
176C:0680 D2E0          SHL     AL,CL                                           

AX=0820  BX=0000  CX=0001  DX=0000  SP=FFEE  BP=0000  SI=FFEE  DI=0000          
DS=176C  ES=176C  SS=176C  CS=176C  IP=0682   NV UP DI PL NZ NA PO NC           
176C:0682 55            PUSH    BP                                              

AX=0820  BX=0000  CX=0001  DX=0000  SP=FFEC  BP=0000  SI=FFEE  DI=0000          
DS=176C  ES=176C  SS=176C  CS=176C  IP=0683   NV UP DI PL NZ NA PO NC           
176C:0683 55            PUSH    BP                                              

AX=0820  BX=0000  CX=0001  DX=0000  SP=FFEA  BP=0000  SI=FFEE  DI=0000          
DS=176C  ES=176C  SS=176C  CS=176C  IP=0684   NV UP DI PL NZ NA PO NC           
176C:0684 9D            POPF                                                    

AX=0820  BX=0000  CX=0001  DX=0000  SP=FFEC  BP=0000  SI=FFEE  DI=0000          
DS=176C  ES=176C  SS=176C  CS=176C  IP=0685   NV UP DI PL NZ NA PO NC           
176C:0685 89F4          MOV     SP,SI                                           

AX=0820  BX=0000  CX=0001  DX=0000  SP=FFEE  BP=0000  SI=FFEE  DI=0000          
DS=176C  ES=176C  SS=176C  CS=176C  IP=0687   NV UP DI PL NZ NA PO NC           
176C:0687 B80800        MOV     AX,0008                                         

AX=0008  BX=0000  CX=0001  DX=0000  SP=FFEE  BP=0000  SI=FFEE  DI=0000          
DS=176C  ES=176C  SS=176C  CS=176C  IP=068A   NV UP DI PL NZ NA PO NC           
176C:068A 55            PUSH    BP                                              

AX=0008  BX=0000  CX=0001  DX=0000  SP=FFEC  BP=0000  SI=FFEE  DI=0000          
DS=176C  ES=176C  SS=176C  CS=176C  IP=068B   NV UP DI PL NZ NA PO NC           
176C:068B 55            PUSH    BP                                              

AX=0008  BX=0000  CX=0001  DX=0000  SP=FFEA  BP=0000  SI=FFEE  DI=0000          
DS=176C  ES=176C  SS=176C  CS=176C  IP=068C   NV UP DI PL NZ NA PO NC           
176C:068C 9D            POPF                                                    

AX=0008  BX=0000  CX=0001  DX=0000  SP=FFEC  BP=0000  SI=FFEE  DI=0000          
DS=176C  ES=176C  SS=176C  CS=176C  IP=068D   NV UP DI PL NZ NA PO NC           
176C:068D 89F4          MOV     SP,SI                                           

AX=0008  BX=0000  CX=0001  DX=0000  SP=FFEE  BP=0000  SI=FFEE  DI=0000          
DS=176C  ES=176C  SS=176C  CS=176C  IP=068F   NV UP DI PL NZ NA PO NC           
176C:068F B408          MOV     AH,08                                           

AX=0808  BX=0000  CX=0001  DX=0000  SP=FFEE  BP=0000  SI=FFEE  DI=0000          
DS=176C  ES=176C  SS=176C  CS=176C  IP=0691   NV UP DI PL NZ NA PO NC           
176C:0691 55            PUSH    BP                                              

AX=0808  BX=0000  CX=0001  DX=0000  SP=FFEC  BP=0000  SI=FFEE  DI=0000          
DS=176C  ES=176C  SS=176C  CS=176C  IP=0692   NV UP DI PL NZ NA PO NC           
176C:0692 55            PUSH    BP                                              

AX=0808  BX=0000  CX=0001  DX=0000  SP=FFEA  BP=0000  SI=FFEE  DI=0000          
DS=176C  ES=176C  SS=176C  CS=176C  IP=0693   NV UP DI PL NZ NA PO NC           
176C:0693 9D            POPF                                                    

AX=0808  BX=0000  CX=0001  DX=0000  SP=FFEC  BP=0000  SI=FFEE  DI=0000          
DS=176C  ES=176C  SS=176C  CS=176C  IP=0694   NV UP DI PL NZ NA PO NC           
176C:0694 89F4          MOV     SP,SI                                           

AX=0808  BX=0000  CX=0001  DX=0000  SP=FFEE  BP=0000  SI=FFEE  DI=0000          
DS=176C  ES=176C  SS=176C  CS=176C  IP=0696   NV UP DI PL NZ NA PO NC           
176C:0696 B80800        MOV     AX,0008                                         

AX=0008  BX=0000  CX=0001  DX=0000  SP=FFEE  BP=0000  SI=FFEE  DI=0000          
DS=176C  ES=176C  SS=176C  CS=176C  IP=0699   NV UP DI PL NZ NA PO NC           
176C:0699 55            PUSH    BP                                              

AX=0008  BX=0000  CX=0001  DX=0000  SP=FFEC  BP=0000  SI=FFEE  DI=0000          
DS=176C  ES=176C  SS=176C  CS=176C  IP=069A   NV UP DI PL NZ NA PO NC           
176C:069A 55            PUSH    BP                                              

AX=0008  BX=0000  CX=0001  DX=0000  SP=FFEA  BP=0000  SI=FFEE  DI=0000          
DS=176C  ES=176C  SS=176C  CS=176C  IP=069B   NV UP DI PL NZ NA PO NC           
176C:069B 9D            POPF                                                    

AX=0008  BX=0000  CX=0001  DX=0000  SP=FFEC  BP=0000  SI=FFEE  DI=0000          
DS=176C  ES=176C  SS=176C  CS=176C  IP=069C   NV UP DI PL NZ NA PO NC           
176C:069C 89F4          MOV     SP,SI                                           

AX=0008  BX=0000  CX=0001  DX=0000  SP=FFEE  BP=0000  SI=FFEE  DI=0000          
DS=176C  ES=176C  SS=176C  CS=176C  IP=069E   NV UP DI PL NZ NA PO NC           
176C:069E B81100        MOV     AX,0011                                         

AX=0011  BX=0000  CX=0001  DX=0000  SP=FFEE  BP=0000  SI=FFEE  DI=0000          
DS=176C  ES=176C  SS=176C  CS=176C  IP=06A1   NV UP DI PL NZ NA PO NC           
176C:06A1 B100          MOV     CL,00                                           

AX=0011  BX=0000  CX=0000  DX=0000  SP=FFEE  BP=0000  SI=FFEE  DI=0000          
DS=176C  ES=176C  SS=176C  CS=176C  IP=06A3   NV UP DI PL NZ NA PO NC           
176C:06A3 D3E0          SHL     AX,CL                                           

AX=0011  BX=0000  CX=0000  DX=0000  SP=FFEE  BP=0000  SI=FFEE  DI=0000          
DS=176C  ES=176C  SS=176C  CS=176C  IP=06A5   NV UP DI PL NZ NA PO NC           
176C:06A5 55            PUSH    BP                                              

AX=0011  BX=0000  CX=0000  DX=0000  SP=FFEC  BP=0000  SI=FFEE  DI=0000          
DS=176C  ES=176C  SS=176C  CS=176C  IP=06A6   NV UP DI PL NZ NA PO NC           
176C:06A6 55            PUSH    BP                                              

AX=0011  BX=0000  CX=0000  DX=0000  SP=FFEA  BP=0000  SI=FFEE  DI=0000          
DS=176C  ES=176C  SS=176C  CS=176C  IP=06A7   NV UP DI PL NZ NA PO NC           
176C:06A7 9D            POPF                                                    

AX=0011  BX=0000  CX=0000  DX=0000  SP=FFEC  BP=0000  SI=FFEE  DI=0000          
DS=176C  ES=176C  SS=176C  CS=176C  IP=06A8   NV UP DI PL NZ NA PO NC           
176C:06A8 89F4          MOV     SP,SI                                           

AX=0011  BX=0000  CX=0000  DX=0000  SP=FFEE  BP=0000  SI=FFEE  DI=0000          
DS=176C  ES=176C  SS=176C  CS=176C  IP=06AA   NV UP DI PL NZ NA PO NC           
176C:06AA B411          MOV     AH,11                                           

AX=1111  BX=0000  CX=0000  DX=0000  SP=FFEE  BP=0000  SI=FFEE  DI=0000          
DS=176C  ES=176C  SS=176C  CS=176C  IP=06AC   NV UP DI PL NZ NA PO NC           
176C:06AC B100          MOV     CL,00                                           

AX=1111  BX=0000  CX=0000  DX=0000  SP=FFEE  BP=0000  SI=FFEE  DI=0000          
DS=176C  ES=176C  SS=176C  CS=176C  IP=06AE   NV UP DI PL NZ NA PO NC           
176C:06AE D2E0          SHL     AL,CL                                           

AX=1111  BX=0000  CX=0000  DX=0000  SP=FFEE  BP=0000  SI=FFEE  DI=0000          
DS=176C  ES=176C  SS=176C  CS=176C  IP=06B0   NV UP DI PL NZ NA PO NC           
176C:06B0 55            PUSH    BP                                              

AX=1111  BX=0000  CX=0000  DX=0000  SP=FFEC  BP=0000  SI=FFEE  DI=0000          
DS=176C  ES=176C  SS=176C  CS=176C  IP=06B1   NV UP DI PL NZ NA PO NC           
176C:06B1 55            PUSH    BP                                              

AX=1111  BX=0000  CX=0000  DX=0000  SP=FFEA  BP=0000  SI=FFEE  DI=0000          
DS=176C  ES=176C  SS=176C  CS=176C  IP=06B2   NV UP DI PL NZ NA PO NC           
176C:06B2 9D            POPF                                                    

AX=1111  BX=0000  CX=0000  DX=0000  SP=FFEC  BP=0000  SI=FFEE  DI=0000          
DS=176C  ES=176C  SS=176C  CS=176C  IP=06B3   NV UP DI PL NZ NA PO NC           
176C:06B3 89F4          MOV     SP,SI                                           

AX=1111  BX=0000  CX=0000  DX=0000  SP=FFEE  BP=0000  SI=FFEE  DI=0000          
DS=176C  ES=176C  SS=176C  CS=176C  IP=06B5   NV UP DI PL NZ NA PO NC           
176C:06B5 B81100        MOV     AX,0011                                         

AX=0011  BX=0000  CX=0000  DX=0000  SP=FFEE  BP=0000  SI=FFEE  DI=0000          
DS=176C  ES=176C  SS=176C  CS=176C  IP=06B8   NV UP DI PL NZ NA PO NC           
176C:06B8 55            PUSH    BP                                              

AX=0011  BX=0000  CX=0000  DX=0000  SP=FFEC  BP=0000  SI=FFEE  DI=0000          
DS=176C  ES=176C  SS=176C  CS=176C  IP=06B9   NV UP DI PL NZ NA PO NC           
176C:06B9 55            PUSH    BP                                              

AX=0011  BX=0000  CX=0000  DX=0000  SP=FFEA  BP=0000  SI=FFEE  DI=0000          
DS=176C  ES=176C  SS=176C  CS=176C  IP=06BA   NV UP DI PL NZ NA PO NC           
176C:06BA 9D            POPF                                                    

AX=0011  BX=0000  CX=0000  DX=0000  SP=FFEC  BP=0000  SI=FFEE  DI=0000          
DS=176C  ES=176C  SS=176C  CS=176C  IP=06BB   NV UP DI PL NZ NA PO NC           
176C:06BB 89F4          MOV     SP,SI                                           

AX=0011  BX=0000  CX=0000  DX=0000  SP=FFEE  BP=0000  SI=FFEE  DI=0000          
DS=176C  ES=176C  SS=176C  CS=176C  IP=06BD   NV UP DI PL NZ NA PO NC           
176C:06BD B411          MOV     AH,11                                           

AX=1111  BX=0000  CX=0000  DX=0000  SP=FFEE  BP=0000  SI=FFEE  DI=0000          
DS=176C  ES=176C  SS=176C  CS=176C  IP=06BF   NV UP DI PL NZ NA PO NC           
176C:06BF 55            PUSH    BP                                              

AX=1111  BX=0000  CX=0000  DX=0000  SP=FFEC  BP=0000  SI=FFEE  DI=0000          
DS=176C  ES=176C  SS=176C  CS=176C  IP=06C0   NV UP DI PL NZ NA PO NC           
176C:06C0 55            PUSH    BP                                              

AX=1111  BX=0000  CX=0000  DX=0000  SP=FFEA  BP=0000  SI=FFEE  DI=0000          
DS=176C  ES=176C  SS=176C  CS=176C  IP=06C1   NV UP DI PL NZ NA PO NC           
176C:06C1 9D            POPF                                                    

AX=1111  BX=0000  CX=0000  DX=0000  SP=FFEC  BP=0000  SI=FFEE  DI=0000          
DS=176C  ES=176C  SS=176C  CS=176C  IP=06C2   NV UP DI PL NZ NA PO NC           
176C:06C2 89F4          MOV     SP,SI                                           

AX=1111  BX=0000  CX=0000  DX=0000  SP=FFEE  BP=0000  SI=FFEE  DI=0000          
DS=176C  ES=176C  SS=176C  CS=176C  IP=06C4   NV UP DI PL NZ NA PO NC           
176C:06C4 B81100        MOV     AX,0011                                         

AX=0011  BX=0000  CX=0000  DX=0000  SP=FFEE  BP=0000  SI=FFEE  DI=0000          
DS=176C  ES=176C  SS=176C  CS=176C  IP=06C7   NV UP DI PL NZ NA PO NC           
176C:06C7 55            PUSH    BP                                              

AX=0011  BX=0000  CX=0000  DX=0000  SP=FFEC  BP=0000  SI=FFEE  DI=0000          
DS=176C  ES=176C  SS=176C  CS=176C  IP=06C8   NV UP DI PL NZ NA PO NC           
176C:06C8 55            PUSH    BP                                              

AX=0011  BX=0000  CX=0000  DX=0000  SP=FFEA  BP=0000  SI=FFEE  DI=0000          
DS=176C  ES=176C  SS=176C  CS=176C  IP=06C9   NV UP DI PL NZ NA PO NC           
176C:06C9 9D            POPF                                                    

AX=0011  BX=0000  CX=0000  DX=0000  SP=FFEC  BP=0000  SI=FFEE  DI=0000          
DS=176C  ES=176C  SS=176C  CS=176C  IP=06CA   NV UP DI PL NZ NA PO NC           
176C:06CA 89F4          MOV     SP,SI                                           

AX=0011  BX=0000  CX=0000  DX=0000  SP=FFEE  BP=0000  SI=FFEE  DI=0000          
DS=176C  ES=176C  SS=176C  CS=176C  IP=06CC   NV UP DI PL NZ NA PO NC           
176C:06CC B81100        MOV     AX,0011                                         

AX=0011  BX=0000  CX=0000  DX=0000  SP=FFEE  BP=0000  SI=FFEE  DI=0000          
DS=176C  ES=176C  SS=176C  CS=176C  IP=06CF   NV UP DI PL NZ NA PO NC           
176C:06CF B101          MOV     CL,01                                           

AX=0011  BX=0000  CX=0001  DX=0000  SP=FFEE  BP=0000  SI=FFEE  DI=0000          
DS=176C  ES=176C  SS=176C  CS=176C  IP=06D1   NV UP DI PL NZ NA PO NC           
176C:06D1 D3E0          SHL     AX,CL                                           

AX=0022  BX=0000  CX=0001  DX=0000  SP=FFEE  BP=0000  SI=FFEE  DI=0000          
DS=176C  ES=176C  SS=176C  CS=176C  IP=06D3   NV UP DI PL NZ NA PE NC           
176C:06D3 55            PUSH    BP                                              

AX=0022  BX=0000  CX=0001  DX=0000  SP=FFEC  BP=0000  SI=FFEE  DI=0000          
DS=176C  ES=176C  SS=176C  CS=176C  IP=06D4   NV UP DI PL NZ NA PE NC           
176C:06D4 55            PUSH    BP                                              

AX=0022  BX=0000  CX=0001  DX=0000  SP=FFEA  BP=0000  SI=FFEE  DI=0000          
DS=176C  ES=176C  SS=176C  CS=176C  IP=06D5   NV UP DI PL NZ NA PE NC           
176C:06D5 9D            POPF                                                    

AX=0022  BX=0000  CX=0001  DX=0000  SP=FFEC  BP=0000  SI=FFEE  DI=0000          
DS=176C  ES=176C  SS=176C  CS=176C  IP=06D6   NV UP DI PL NZ NA PO NC           
176C:06D6 89F4          MOV     SP,SI                                           

AX=0022  BX=0000  CX=0001  DX=0000  SP=FFEE  BP=0000  SI=FFEE  DI=0000          
DS=176C  ES=176C  SS=176C  CS=176C  IP=06D8   NV UP DI PL NZ NA PO NC           
176C:06D8 B411          MOV     AH,11                                           

AX=1122  BX=0000  CX=0001  DX=0000  SP=FFEE  BP=0000  SI=FFEE  DI=0000          
DS=176C  ES=176C  SS=176C  CS=176C  IP=06DA   NV UP DI PL NZ NA PO NC           
176C:06DA B101          MOV     CL,01                                           

AX=1122  BX=0000  CX=0001  DX=0000  SP=FFEE  BP=0000  SI=FFEE  DI=0000          
DS=176C  ES=176C  SS=176C  CS=176C  IP=06DC   NV UP DI PL NZ NA PO NC           
176C:06DC D2E0          SHL     AL,CL                                           

AX=1144  BX=0000  CX=0001  DX=0000  SP=FFEE  BP=0000  SI=FFEE  DI=0000          
DS=176C  ES=176C  SS=176C  CS=176C  IP=06DE   NV UP DI PL NZ NA PE NC           
176C:06DE 55            PUSH    BP                                              

AX=1144  BX=0000  CX=0001  DX=0000  SP=FFEC  BP=0000  SI=FFEE  DI=0000          
DS=176C  ES=176C  SS=176C  CS=176C  IP=06DF   NV UP DI PL NZ NA PE NC           
176C:06DF 55            PUSH    BP                                              

AX=1144  BX=0000  CX=0001  DX=0000  SP=FFEA  BP=0000  SI=FFEE  DI=0000          
DS=176C  ES=176C  SS=176C  CS=176C  IP=06E0   NV UP DI PL NZ NA PE NC           
176C:06E0 9D            POPF                                                    

AX=1144  BX=0000  CX=0001  DX=0000  SP=FFEC  BP=0000  SI=FFEE  DI=0000          
DS=176C  ES=176C  SS=176C  CS=176C  IP=06E1   NV UP DI PL NZ NA PO NC           
176C:06E1 89F4          MOV     SP,SI                                           

AX=1144  BX=0000  CX=0001  DX=0000  SP=FFEE  BP=0000  SI=FFEE  DI=0000          
DS=176C  ES=176C  SS=176C  CS=176C  IP=06E3   NV UP DI PL NZ NA PO NC           
176C:06E3 B81100        MOV     AX,0011                                         

AX=0011  BX=0000  CX=0001  DX=0000  SP=FFEE  BP=0000  SI=FFEE  DI=0000          
DS=176C  ES=176C  SS=176C  CS=176C  IP=06E6   NV UP DI PL NZ NA PO NC           
176C:06E6 55            PUSH    BP                                              

AX=0011  BX=0000  CX=0001  DX=0000  SP=FFEC  BP=0000  SI=FFEE  DI=0000          
DS=176C  ES=176C  SS=176C  CS=176C  IP=06E7   NV UP DI PL NZ NA PO NC           
176C:06E7 55            PUSH    BP                                              

AX=0011  BX=0000  CX=0001  DX=0000  SP=FFEA  BP=0000  SI=FFEE  DI=0000          
DS=176C  ES=176C  SS=176C  CS=176C  IP=06E8   NV UP DI PL NZ NA PO NC           
176C:06E8 9D            POPF                                                    

AX=0011  BX=0000  CX=0001  DX=0000  SP=FFEC  BP=0000  SI=FFEE  DI=0000          
DS=176C  ES=176C  SS=176C  CS=176C  IP=06E9   NV UP DI PL NZ NA PO NC           
176C:06E9 89F4          MOV     SP,SI                                           

AX=0011  BX=0000  CX=0001  DX=0000  SP=FFEE  BP=0000  SI=FFEE  DI=0000          
DS=176C  ES=176C  SS=176C  CS=176C  IP=06EB   NV UP DI PL NZ NA PO NC           
176C:06EB B411          MOV     AH,11                                           

AX=1111  BX=0000  CX=0001  DX=0000  SP=FFEE  BP=0000  SI=FFEE  DI=0000          
DS=176C  ES=176C  SS=176C  CS=176C  IP=06ED   NV UP DI PL NZ NA PO NC           
176C:06ED 55            PUSH    BP                                              

AX=1111  BX=0000  CX=0001  DX=0000  SP=FFEC  BP=0000  SI=FFEE  DI=0000          
DS=176C  ES=176C  SS=176C  CS=176C  IP=06EE   NV UP DI PL NZ NA PO NC           
176C:06EE 55            PUSH    BP                                              

AX=1111  BX=0000  CX=0001  DX=0000  SP=FFEA  BP=0000  SI=FFEE  DI=0000          
DS=176C  ES=176C  SS=176C  CS=176C  IP=06EF   NV UP DI PL NZ NA PO NC           
176C:06EF 9D            POPF                                                    

AX=1111  BX=0000  CX=0001  DX=0000  SP=FFEC  BP=0000  SI=FFEE  DI=0000          
DS=176C  ES=176C  SS=176C  CS=176C  IP=06F0   NV UP DI PL NZ NA PO NC           
176C:06F0 89F4          MOV     SP,SI                                           

AX=1111  BX=0000  CX=0001  DX=0000  SP=FFEE  BP=0000  SI=FFEE  DI=0000          
DS=176C  ES=176C  SS=176C  CS=176C  IP=06F2   NV UP DI PL NZ NA PO NC           
176C:06F2 B81100        MOV     AX,0011                                         

AX=0011  BX=0000  CX=0001  DX=0000  SP=FFEE  BP=0000  SI=FFEE  DI=0000          
DS=176C  ES=176C  SS=176C  CS=176C  IP=06F5   NV UP DI PL NZ NA PO NC           
176C:06F5 55            PUSH    BP                                              

AX=0011  BX=0000  CX=0001  DX=0000  SP=FFEC  BP=0000  SI=FFEE  DI=0000          
DS=176C  ES=176C  SS=176C  CS=176C  IP=06F6   NV UP DI PL NZ NA PO NC           
176C:06F6 55            PUSH    BP                                              

AX=0011  BX=0000  CX=0001  DX=0000  SP=FFEA  BP=0000  SI=FFEE  DI=0000          
DS=176C  ES=176C  SS=176C  CS=176C  IP=06F7   NV UP DI PL NZ NA PO NC           
176C:06F7 9D            POPF                                                    

AX=0011  BX=0000  CX=0001  DX=0000  SP=FFEC  BP=0000  SI=FFEE  DI=0000          
DS=176C  ES=176C  SS=176C  CS=176C  IP=06F8   NV UP DI PL NZ NA PO NC           
176C:06F8 89F4          MOV     SP,SI                                           

AX=0011  BX=0000  CX=0001  DX=0000  SP=FFEE  BP=0000  SI=FFEE  DI=0000          
DS=176C  ES=176C  SS=176C  CS=176C  IP=06FA   NV UP DI PL NZ NA PO NC           
176C:06FA B80900        MOV     AX,0009                                         

AX=0009  BX=0000  CX=0001  DX=0000  SP=FFEE  BP=0000  SI=FFEE  DI=0000          
DS=176C  ES=176C  SS=176C  CS=176C  IP=06FD   NV UP DI PL NZ NA PO NC           
176C:06FD B100          MOV     CL,00                                           

AX=0009  BX=0000  CX=0000  DX=0000  SP=FFEE  BP=0000  SI=FFEE  DI=0000          
DS=176C  ES=176C  SS=176C  CS=176C  IP=06FF   NV UP DI PL NZ NA PO NC           
176C:06FF D3E0          SHL     AX,CL                                           

AX=0009  BX=0000  CX=0000  DX=0000  SP=FFEE  BP=0000  SI=FFEE  DI=0000          
DS=176C  ES=176C  SS=176C  CS=176C  IP=0701   NV UP DI PL NZ NA PO NC           
176C:0701 55            PUSH    BP                                              

AX=0009  BX=0000  CX=0000  DX=0000  SP=FFEC  BP=0000  SI=FFEE  DI=0000          
DS=176C  ES=176C  SS=176C  CS=176C  IP=0702   NV UP DI PL NZ NA PO NC           
176C:0702 55            PUSH    BP                                              

AX=0009  BX=0000  CX=0000  DX=0000  SP=FFEA  BP=0000  SI=FFEE  DI=0000          
DS=176C  ES=176C  SS=176C  CS=176C  IP=0703   NV UP DI PL NZ NA PO NC           
176C:0703 9D            POPF                                                    

AX=0009  BX=0000  CX=0000  DX=0000  SP=FFEC  BP=0000  SI=FFEE  DI=0000          
DS=176C  ES=176C  SS=176C  CS=176C  IP=0704   NV UP DI PL NZ NA PO NC           
176C:0704 89F4          MOV     SP,SI                                           

AX=0009  BX=0000  CX=0000  DX=0000  SP=FFEE  BP=0000  SI=FFEE  DI=0000          
DS=176C  ES=176C  SS=176C  CS=176C  IP=0706   NV UP DI PL NZ NA PO NC           
176C:0706 B409          MOV     AH,09                                           

AX=0909  BX=0000  CX=0000  DX=0000  SP=FFEE  BP=0000  SI=FFEE  DI=0000          
DS=176C  ES=176C  SS=176C  CS=176C  IP=0708   NV UP DI PL NZ NA PO NC           
176C:0708 B100          MOV     CL,00                                           

AX=0909  BX=0000  CX=0000  DX=0000  SP=FFEE  BP=0000  SI=FFEE  DI=0000          
DS=176C  ES=176C  SS=176C  CS=176C  IP=070A   NV UP DI PL NZ NA PO NC           
176C:070A D2E0          SHL     AL,CL                                           

AX=0909  BX=0000  CX=0000  DX=0000  SP=FFEE  BP=0000  SI=FFEE  DI=0000          
DS=176C  ES=176C  SS=176C  CS=176C  IP=070C   NV UP DI PL NZ NA PO NC           
176C:070C 55            PUSH    BP                                              

AX=0909  BX=0000  CX=0000  DX=0000  SP=FFEC  BP=0000  SI=FFEE  DI=0000          
DS=176C  ES=176C  SS=176C  CS=176C  IP=070D   NV UP DI PL NZ NA PO NC           
176C:070D 55            PUSH    BP                                              

AX=0909  BX=0000  CX=0000  DX=0000  SP=FFEA  BP=0000  SI=FFEE  DI=0000          
DS=176C  ES=176C  SS=176C  CS=176C  IP=070E   NV UP DI PL NZ NA PO NC           
176C:070E 9D            POPF                                                    

AX=0909  BX=0000  CX=0000  DX=0000  SP=FFEC  BP=0000  SI=FFEE  DI=0000          
DS=176C  ES=176C  SS=176C  CS=176C  IP=070F   NV UP DI PL NZ NA PO NC           
176C:070F 89F4          MOV     SP,SI                                           

AX=0909  BX=0000  CX=0000  DX=0000  SP=FFEE  BP=0000  SI=FFEE  DI=0000          
DS=176C  ES=176C  SS=176C  CS=176C  IP=0711   NV UP DI PL NZ NA PO NC           
176C:0711 B80900        MOV     AX,0009                                         

AX=0009  BX=0000  CX=0000  DX=0000  SP=FFEE  BP=0000  SI=FFEE  DI=0000          
DS=176C  ES=176C  SS=176C  CS=176C  IP=0714   NV UP DI PL NZ NA PO NC           
176C:0714 55            PUSH    BP                                              

AX=0009  BX=0000  CX=0000  DX=0000  SP=FFEC  BP=0000  SI=FFEE  DI=0000          
DS=176C  ES=176C  SS=176C  CS=176C  IP=0715   NV UP DI PL NZ NA PO NC           
176C:0715 55            PUSH    BP                                              

AX=0009  BX=0000  CX=0000  DX=0000  SP=FFEA  BP=0000  SI=FFEE  DI=0000          
DS=176C  ES=176C  SS=176C  CS=176C  IP=0716   NV UP DI PL NZ NA PO NC           
176C:0716 9D            POPF                                                    

AX=0009  BX=0000  CX=0000  DX=0000  SP=FFEC  BP=0000  SI=FFEE  DI=0000          
DS=176C  ES=176C  SS=176C  CS=176C  IP=0717   NV UP DI PL NZ NA PO NC           
176C:0717 89F4          MOV     SP,SI                                           

AX=0009  BX=0000  CX=0000  DX=0000  SP=FFEE  BP=0000  SI=FFEE  DI=0000          
DS=176C  ES=176C  SS=176C  CS=176C  IP=0719   NV UP DI PL NZ NA PO NC           
176C:0719 B409          MOV     AH,09                                           

AX=0909  BX=0000  CX=0000  DX=0000  SP=FFEE  BP=0000  SI=FFEE  DI=0000          
DS=176C  ES=176C  SS=176C  CS=176C  IP=071B   NV UP DI PL NZ NA PO NC           
176C:071B 55            PUSH    BP                                              

AX=0909  BX=0000  CX=0000  DX=0000  SP=FFEC  BP=0000  SI=FFEE  DI=0000          
DS=176C  ES=176C  SS=176C  CS=176C  IP=071C   NV UP DI PL NZ NA PO NC           
176C:071C 55            PUSH    BP                                              

AX=0909  BX=0000  CX=0000  DX=0000  SP=FFEA  BP=0000  SI=FFEE  DI=0000          
DS=176C  ES=176C  SS=176C  CS=176C  IP=071D   NV UP DI PL NZ NA PO NC           
176C:071D 9D            POPF                                                    

AX=0909  BX=0000  CX=0000  DX=0000  SP=FFEC  BP=0000  SI=FFEE  DI=0000          
DS=176C  ES=176C  SS=176C  CS=176C  IP=071E   NV UP DI PL NZ NA PO NC           
176C:071E 89F4          MOV     SP,SI                                           

AX=0909  BX=0000  CX=0000  DX=0000  SP=FFEE  BP=0000  SI=FFEE  DI=0000          
DS=176C  ES=176C  SS=176C  CS=176C  IP=0720   NV UP DI PL NZ NA PO NC           
176C:0720 B80900        MOV     AX,0009                                         

AX=0009  BX=0000  CX=0000  DX=0000  SP=FFEE  BP=0000  SI=FFEE  DI=0000          
DS=176C  ES=176C  SS=176C  CS=176C  IP=0723   NV UP DI PL NZ NA PO NC           
176C:0723 55            PUSH    BP                                              

AX=0009  BX=0000  CX=0000  DX=0000  SP=FFEC  BP=0000  SI=FFEE  DI=0000          
DS=176C  ES=176C  SS=176C  CS=176C  IP=0724   NV UP DI PL NZ NA PO NC           
176C:0724 55            PUSH    BP                                              

AX=0009  BX=0000  CX=0000  DX=0000  SP=FFEA  BP=0000  SI=FFEE  DI=0000          
DS=176C  ES=176C  SS=176C  CS=176C  IP=0725   NV UP DI PL NZ NA PO NC           
176C:0725 9D            POPF                                                    

AX=0009  BX=0000  CX=0000  DX=0000  SP=FFEC  BP=0000  SI=FFEE  DI=0000          
DS=176C  ES=176C  SS=176C  CS=176C  IP=0726   NV UP DI PL NZ NA PO NC           
176C:0726 89F4          MOV     SP,SI                                           

AX=0009  BX=0000  CX=0000  DX=0000  SP=FFEE  BP=0000  SI=FFEE  DI=0000          
DS=176C  ES=176C  SS=176C  CS=176C  IP=0728   NV UP DI PL NZ NA PO NC           
176C:0728 B80900        MOV     AX,0009                                         

AX=0009  BX=0000  CX=0000  DX=0000  SP=FFEE  BP=0000  SI=FFEE  DI=0000          
DS=176C  ES=176C  SS=176C  CS=176C  IP=072B   NV UP DI PL NZ NA PO NC           
176C:072B B101          MOV     CL,01                                           

AX=0009  BX=0000  CX=0001  DX=0000  SP=FFEE  BP=0000  SI=FFEE  DI=0000          
DS=176C  ES=176C  SS=176C  CS=176C  IP=072D   NV UP DI PL NZ NA PO NC           
176C:072D D3E0          SHL     AX,CL                                           

AX=0012  BX=0000  CX=0001  DX=0000  SP=FFEE  BP=0000  SI=FFEE  DI=0000          
DS=176C  ES=176C  SS=176C  CS=176C  IP=072F   NV UP DI PL NZ NA PE NC           
176C:072F 55            PUSH    BP                                              

AX=0012  BX=0000  CX=0001  DX=0000  SP=FFEC  BP=0000  SI=FFEE  DI=0000          
DS=176C  ES=176C  SS=176C  CS=176C  IP=0730   NV UP DI PL NZ NA PE NC           
176C:0730 55            PUSH    BP                                              

AX=0012  BX=0000  CX=0001  DX=0000  SP=FFEA  BP=0000  SI=FFEE  DI=0000          
DS=176C  ES=176C  SS=176C  CS=176C  IP=0731   NV UP DI PL NZ NA PE NC           
176C:0731 9D            POPF                                                    

AX=0012  BX=0000  CX=0001  DX=0000  SP=FFEC  BP=0000  SI=FFEE  DI=0000          
DS=176C  ES=176C  SS=176C  CS=176C  IP=0732   NV UP DI PL NZ NA PO NC           
176C:0732 89F4          MOV     SP,SI                                           

AX=0012  BX=0000  CX=0001  DX=0000  SP=FFEE  BP=0000  SI=FFEE  DI=0000          
DS=176C  ES=176C  SS=176C  CS=176C  IP=0734   NV UP DI PL NZ NA PO NC           
176C:0734 B409          MOV     AH,09                                           

AX=0912  BX=0000  CX=0001  DX=0000  SP=FFEE  BP=0000  SI=FFEE  DI=0000          
DS=176C  ES=176C  SS=176C  CS=176C  IP=0736   NV UP DI PL NZ NA PO NC           
176C:0736 B101          MOV     CL,01                                           

AX=0912  BX=0000  CX=0001  DX=0000  SP=FFEE  BP=0000  SI=FFEE  DI=0000          
DS=176C  ES=176C  SS=176C  CS=176C  IP=0738   NV UP DI PL NZ NA PO NC           
176C:0738 D2E0          SHL     AL,CL                                           

AX=0924  BX=0000  CX=0001  DX=0000  SP=FFEE  BP=0000  SI=FFEE  DI=0000          
DS=176C  ES=176C  SS=176C  CS=176C  IP=073A   NV UP DI PL NZ NA PE NC           
176C:073A 55            PUSH    BP                                              

AX=0924  BX=0000  CX=0001  DX=0000  SP=FFEC  BP=0000  SI=FFEE  DI=0000          
DS=176C  ES=176C  SS=176C  CS=176C  IP=073B   NV UP DI PL NZ NA PE NC           
176C:073B 55            PUSH    BP                                              

AX=0924  BX=0000  CX=0001  DX=0000  SP=FFEA  BP=0000  SI=FFEE  DI=0000          
DS=176C  ES=176C  SS=176C  CS=176C  IP=073C   NV UP DI PL NZ NA PE NC           
176C:073C 9D            POPF                                                    

AX=0924  BX=0000  CX=0001  DX=0000  SP=FFEC  BP=0000  SI=FFEE  DI=0000          
DS=176C  ES=176C  SS=176C  CS=176C  IP=073D   NV UP DI PL NZ NA PO NC           
176C:073D 89F4          MOV     SP,SI                                           

AX=0924  BX=0000  CX=0001  DX=0000  SP=FFEE  BP=0000  SI=FFEE  DI=0000          
DS=176C  ES=176C  SS=176C  CS=176C  IP=073F   NV UP DI PL NZ NA PO NC           
176C:073F B80900        MOV     AX,0009                                         

AX=0009  BX=0000  CX=0001  DX=0000  SP=FFEE  BP=0000  SI=FFEE  DI=0000          
DS=176C  ES=176C  SS=176C  CS=176C  IP=0742   NV UP DI PL NZ NA PO NC           
176C:0742 55            PUSH    BP                                              

AX=0009  BX=0000  CX=0001  DX=0000  SP=FFEC  BP=0000  SI=FFEE  DI=0000          
DS=176C  ES=176C  SS=176C  CS=176C  IP=0743   NV UP DI PL NZ NA PO NC           
176C:0743 55            PUSH    BP                                              

AX=0009  BX=0000  CX=0001  DX=0000  SP=FFEA  BP=0000  SI=FFEE  DI=0000          
DS=176C  ES=176C  SS=176C  CS=176C  IP=0744   NV UP DI PL NZ NA PO NC           
176C:0744 9D            POPF                                                    

AX=0009  BX=0000  CX=0001  DX=0000  SP=FFEC  BP=0000  SI=FFEE  DI=0000          
DS=176C  ES=176C  SS=176C  CS=176C  IP=0745   NV UP DI PL NZ NA PO NC           
176C:0745 89F4          MOV     SP,SI                                           

AX=0009  BX=0000  CX=0001  DX=0000  SP=FFEE  BP=0000  SI=FFEE  DI=0000          
DS=176C  ES=176C  SS=176C  CS=176C  IP=0747   NV UP DI PL NZ NA PO NC           
176C:0747 B409          MOV     AH,09                                           

AX=0909  BX=0000  CX=0001  DX=0000  SP=FFEE  BP=0000  SI=FFEE  DI=0000          
DS=176C  ES=176C  SS=176C  CS=176C  IP=0749   NV UP DI PL NZ NA PO NC           
176C:0749 55            PUSH    BP                                              

AX=0909  BX=0000  CX=0001  DX=0000  SP=FFEC  BP=0000  SI=FFEE  DI=0000          
DS=176C  ES=176C  SS=176C  CS=176C  IP=074A   NV UP DI PL NZ NA PO NC           
176C:074A 55            PUSH    BP                                              

AX=0909  BX=0000  CX=0001  DX=0000  SP=FFEA  BP=0000  SI=FFEE  DI=0000          
DS=176C  ES=176C  SS=176C  CS=176C  IP=074B   NV UP DI PL NZ NA PO NC           
176C:074B 9D            POPF                                                    

AX=0909  BX=0000  CX=0001  DX=0000  SP=FFEC  BP=0000  SI=FFEE  DI=0000          
DS=176C  ES=176C  SS=176C  CS=176C  IP=074C   NV UP DI PL NZ NA PO NC           
176C:074C 89F4          MOV     SP,SI                                           

AX=0909  BX=0000  CX=0001  DX=0000  SP=FFEE  BP=0000  SI=FFEE  DI=0000          
DS=176C  ES=176C  SS=176C  CS=176C  IP=074E   NV UP DI PL NZ NA PO NC           
176C:074E B80900        MOV     AX,0009                                         

AX=0009  BX=0000  CX=0001  DX=0000  SP=FFEE  BP=0000  SI=FFEE  DI=0000          
DS=176C  ES=176C  SS=176C  CS=176C  IP=0751   NV UP DI PL NZ NA PO NC           
176C:0751 CD20          INT     20                                              

