AX=0000  BX=0000  CX=0000  DX=0000  SP=FFEE  BP=0000  SI=0000  DI=0000          
DS=176C  ES=176C  SS=176C  CS=176C  IP=0100   NV UP EI PL NZ NA PO NC           
176C:0100 89E6          MOV     SI,SP                                           

AX=0000  BX=0000  CX=0000  DX=0000  SP=FFEE  BP=0000  SI=FFEE  DI=0000          
DS=176C  ES=176C  SS=176C  CS=176C  IP=0102   NV UP EI PL NZ NA PO NC           
176C:0102 BD0000        MOV     BP,0000                                         

AX=0000  BX=0000  CX=0000  DX=0000  SP=FFEE  BP=0000  SI=FFEE  DI=0000          
DS=176C  ES=176C  SS=176C  CS=176C  IP=0105   NV UP EI PL NZ NA PO NC           
176C:0105 55            PUSH    BP                                              

AX=0000  BX=0000  CX=0000  DX=0000  SP=FFEC  BP=0000  SI=FFEE  DI=0000          
DS=176C  ES=176C  SS=176C  CS=176C  IP=0106   NV UP EI PL NZ NA PO NC           
176C:0106 55            PUSH    BP                                              

AX=0000  BX=0000  CX=0000  DX=0000  SP=FFEA  BP=0000  SI=FFEE  DI=0000          
DS=176C  ES=176C  SS=176C  CS=176C  IP=0107   NV UP EI PL NZ NA PO NC           
176C:0107 9D            POPF                                                    

AX=0000  BX=0000  CX=0000  DX=0000  SP=FFEC  BP=0000  SI=FFEE  DI=0000          
DS=176C  ES=176C  SS=176C  CS=176C  IP=0108   NV UP DI PL NZ NA PO NC           
176C:0108 89F4          MOV     SP,SI                                           

AX=0000  BX=0000  CX=0000  DX=0000  SP=FFEE  BP=0000  SI=FFEE  DI=0000          
DS=176C  ES=176C  SS=176C  CS=176C  IP=010A   NV UP DI PL NZ NA PO NC           
176C:010A B872EF        MOV     AX,EF72                                         

AX=EF72  BX=0000  CX=0000  DX=0000  SP=FFEE  BP=0000  SI=FFEE  DI=0000          
DS=176C  ES=176C  SS=176C  CS=176C  IP=010D   NV UP DI PL NZ NA PO NC           
176C:010D B164          MOV     CL,64                                           

AX=EF72  BX=0000  CX=0064  DX=0000  SP=FFEE  BP=0000  SI=FFEE  DI=0000          
DS=176C  ES=176C  SS=176C  CS=176C  IP=010F   NV UP DI PL NZ NA PO NC           
176C:010F D3E8          SHR     AX,CL                                           

AX=0EF7  BX=0000  CX=0064  DX=0000  SP=FFEE  BP=0000  SI=FFEE  DI=0000          
DS=176C  ES=176C  SS=176C  CS=176C  IP=0111   NV UP DI PL NZ NA PO NC           
176C:0111 55            PUSH    BP                                              

AX=0EF7  BX=0000  CX=0064  DX=0000  SP=FFEC  BP=0000  SI=FFEE  DI=0000          
DS=176C  ES=176C  SS=176C  CS=176C  IP=0112   NV UP DI PL NZ NA PO NC           
176C:0112 55            PUSH    BP                                              

AX=0EF7  BX=0000  CX=0064  DX=0000  SP=FFEA  BP=0000  SI=FFEE  DI=0000          
DS=176C  ES=176C  SS=176C  CS=176C  IP=0113   NV UP DI PL NZ NA PO NC           
176C:0113 9D            POPF                                                    

AX=0EF7  BX=0000  CX=0064  DX=0000  SP=FFEC  BP=0000  SI=FFEE  DI=0000          
DS=176C  ES=176C  SS=176C  CS=176C  IP=0114   NV UP DI PL NZ NA PO NC           
176C:0114 89F4          MOV     SP,SI                                           

AX=0EF7  BX=0000  CX=0064  DX=0000  SP=FFEE  BP=0000  SI=FFEE  DI=0000          
DS=176C  ES=176C  SS=176C  CS=176C  IP=0116   NV UP DI PL NZ NA PO NC           
176C:0116 B472          MOV     AH,72                                           

AX=72F7  BX=0000  CX=0064  DX=0000  SP=FFEE  BP=0000  SI=FFEE  DI=0000          
DS=176C  ES=176C  SS=176C  CS=176C  IP=0118   NV UP DI PL NZ NA PO NC           
176C:0118 B164          MOV     CL,64                                           

AX=72F7  BX=0000  CX=0064  DX=0000  SP=FFEE  BP=0000  SI=FFEE  DI=0000          
DS=176C  ES=176C  SS=176C  CS=176C  IP=011A   NV UP DI PL NZ NA PO NC           
176C:011A D2E8          SHR     AL,CL                                           

AX=720F  BX=0000  CX=0064  DX=0000  SP=FFEE  BP=0000  SI=FFEE  DI=0000          
DS=176C  ES=176C  SS=176C  CS=176C  IP=011C   NV UP DI PL NZ NA PE NC           
176C:011C 55            PUSH    BP                                              

AX=720F  BX=0000  CX=0064  DX=0000  SP=FFEC  BP=0000  SI=FFEE  DI=0000          
DS=176C  ES=176C  SS=176C  CS=176C  IP=011D   NV UP DI PL NZ NA PE NC           
176C:011D 55            PUSH    BP                                              

AX=720F  BX=0000  CX=0064  DX=0000  SP=FFEA  BP=0000  SI=FFEE  DI=0000          
DS=176C  ES=176C  SS=176C  CS=176C  IP=011E   NV UP DI PL NZ NA PE NC           
176C:011E 9D            POPF                                                    

AX=720F  BX=0000  CX=0064  DX=0000  SP=FFEC  BP=0000  SI=FFEE  DI=0000          
DS=176C  ES=176C  SS=176C  CS=176C  IP=011F   NV UP DI PL NZ NA PO NC           
176C:011F 89F4          MOV     SP,SI                                           

AX=720F  BX=0000  CX=0064  DX=0000  SP=FFEE  BP=0000  SI=FFEE  DI=0000          
DS=176C  ES=176C  SS=176C  CS=176C  IP=0121   NV UP DI PL NZ NA PO NC           
176C:0121 B872EF        MOV     AX,EF72                                         

AX=EF72  BX=0000  CX=0064  DX=0000  SP=FFEE  BP=0000  SI=FFEE  DI=0000          
DS=176C  ES=176C  SS=176C  CS=176C  IP=0124   NV UP DI PL NZ NA PO NC           
176C:0124 55            PUSH    BP                                              

AX=EF72  BX=0000  CX=0064  DX=0000  SP=FFEC  BP=0000  SI=FFEE  DI=0000          
DS=176C  ES=176C  SS=176C  CS=176C  IP=0125   NV UP DI PL NZ NA PO NC           
176C:0125 55            PUSH    BP                                              

AX=EF72  BX=0000  CX=0064  DX=0000  SP=FFEA  BP=0000  SI=FFEE  DI=0000          
DS=176C  ES=176C  SS=176C  CS=176C  IP=0126   NV UP DI PL NZ NA PO NC           
176C:0126 9D            POPF                                                    

AX=EF72  BX=0000  CX=0064  DX=0000  SP=FFEC  BP=0000  SI=FFEE  DI=0000          
DS=176C  ES=176C  SS=176C  CS=176C  IP=0127   NV UP DI PL NZ NA PO NC           
176C:0127 89F4          MOV     SP,SI                                           

AX=EF72  BX=0000  CX=0064  DX=0000  SP=FFEE  BP=0000  SI=FFEE  DI=0000          
DS=176C  ES=176C  SS=176C  CS=176C  IP=0129   NV UP DI PL NZ NA PO NC           
176C:0129 B472          MOV     AH,72                                           

AX=7272  BX=0000  CX=0064  DX=0000  SP=FFEE  BP=0000  SI=FFEE  DI=0000          
DS=176C  ES=176C  SS=176C  CS=176C  IP=012B   NV UP DI PL NZ NA PO NC           
176C:012B 55            PUSH    BP                                              

AX=7272  BX=0000  CX=0064  DX=0000  SP=FFEC  BP=0000  SI=FFEE  DI=0000          
DS=176C  ES=176C  SS=176C  CS=176C  IP=012C   NV UP DI PL NZ NA PO NC           
176C:012C 55            PUSH    BP                                              

AX=7272  BX=0000  CX=0064  DX=0000  SP=FFEA  BP=0000  SI=FFEE  DI=0000          
DS=176C  ES=176C  SS=176C  CS=176C  IP=012D   NV UP DI PL NZ NA PO NC           
176C:012D 9D            POPF                                                    

AX=7272  BX=0000  CX=0064  DX=0000  SP=FFEC  BP=0000  SI=FFEE  DI=0000          
DS=176C  ES=176C  SS=176C  CS=176C  IP=012E   NV UP DI PL NZ NA PO NC           
176C:012E 89F4          MOV     SP,SI                                           

AX=7272  BX=0000  CX=0064  DX=0000  SP=FFEE  BP=0000  SI=FFEE  DI=0000          
DS=176C  ES=176C  SS=176C  CS=176C  IP=0130   NV UP DI PL NZ NA PO NC           
176C:0130 B872EF        MOV     AX,EF72                                         

AX=EF72  BX=0000  CX=0064  DX=0000  SP=FFEE  BP=0000  SI=FFEE  DI=0000          
DS=176C  ES=176C  SS=176C  CS=176C  IP=0133   NV UP DI PL NZ NA PO NC           
176C:0133 55            PUSH    BP                                              

AX=EF72  BX=0000  CX=0064  DX=0000  SP=FFEC  BP=0000  SI=FFEE  DI=0000          
DS=176C  ES=176C  SS=176C  CS=176C  IP=0134   NV UP DI PL NZ NA PO NC           
176C:0134 55            PUSH    BP                                              

AX=EF72  BX=0000  CX=0064  DX=0000  SP=FFEA  BP=0000  SI=FFEE  DI=0000          
DS=176C  ES=176C  SS=176C  CS=176C  IP=0135   NV UP DI PL NZ NA PO NC           
176C:0135 9D            POPF                                                    

AX=EF72  BX=0000  CX=0064  DX=0000  SP=FFEC  BP=0000  SI=FFEE  DI=0000          
DS=176C  ES=176C  SS=176C  CS=176C  IP=0136   NV UP DI PL NZ NA PO NC           
176C:0136 89F4          MOV     SP,SI                                           

AX=EF72  BX=0000  CX=0064  DX=0000  SP=FFEE  BP=0000  SI=FFEE  DI=0000          
DS=176C  ES=176C  SS=176C  CS=176C  IP=0138   NV UP DI PL NZ NA PO NC           
176C:0138 B81E29        MOV     AX,291E                                         

AX=291E  BX=0000  CX=0064  DX=0000  SP=FFEE  BP=0000  SI=FFEE  DI=0000          
DS=176C  ES=176C  SS=176C  CS=176C  IP=013B   NV UP DI PL NZ NA PO NC           
176C:013B B1B3          MOV     CL,B3                                           

AX=291E  BX=0000  CX=00B3  DX=0000  SP=FFEE  BP=0000  SI=FFEE  DI=0000          
DS=176C  ES=176C  SS=176C  CS=176C  IP=013D   NV UP DI PL NZ NA PO NC           
176C:013D D3E8          SHR     AX,CL                                           

AX=0000  BX=0000  CX=00B3  DX=0000  SP=FFEE  BP=0000  SI=FFEE  DI=0000          
DS=176C  ES=176C  SS=176C  CS=176C  IP=013F   NV UP DI PL ZR NA PE NC           
176C:013F 55            PUSH    BP                                              

AX=0000  BX=0000  CX=00B3  DX=0000  SP=FFEC  BP=0000  SI=FFEE  DI=0000          
DS=176C  ES=176C  SS=176C  CS=176C  IP=0140   NV UP DI PL ZR NA PE NC           
176C:0140 55            PUSH    BP                                              

AX=0000  BX=0000  CX=00B3  DX=0000  SP=FFEA  BP=0000  SI=FFEE  DI=0000          
DS=176C  ES=176C  SS=176C  CS=176C  IP=0141   NV UP DI PL ZR NA PE NC           
176C:0141 9D            POPF                                                    

AX=0000  BX=0000  CX=00B3  DX=0000  SP=FFEC  BP=0000  SI=FFEE  DI=0000          
DS=176C  ES=176C  SS=176C  CS=176C  IP=0142   NV UP DI PL NZ NA PO NC           
176C:0142 89F4          MOV     SP,SI                                           

AX=0000  BX=0000  CX=00B3  DX=0000  SP=FFEE  BP=0000  SI=FFEE  DI=0000          
DS=176C  ES=176C  SS=176C  CS=176C  IP=0144   NV UP DI PL NZ NA PO NC           
176C:0144 B41E          MOV     AH,1E                                           

AX=1E00  BX=0000  CX=00B3  DX=0000  SP=FFEE  BP=0000  SI=FFEE  DI=0000          
DS=176C  ES=176C  SS=176C  CS=176C  IP=0146   NV UP DI PL NZ NA PO NC           
176C:0146 B1B3          MOV     CL,B3                                           

AX=1E00  BX=0000  CX=00B3  DX=0000  SP=FFEE  BP=0000  SI=FFEE  DI=0000          
DS=176C  ES=176C  SS=176C  CS=176C  IP=0148   NV UP DI PL NZ NA PO NC           
176C:0148 D2E8          SHR     AL,CL                                           

AX=1E00  BX=0000  CX=00B3  DX=0000  SP=FFEE  BP=0000  SI=FFEE  DI=0000          
DS=176C  ES=176C  SS=176C  CS=176C  IP=014A   NV UP DI PL ZR NA PE NC           
176C:014A 55            PUSH    BP                                              

AX=1E00  BX=0000  CX=00B3  DX=0000  SP=FFEC  BP=0000  SI=FFEE  DI=0000          
DS=176C  ES=176C  SS=176C  CS=176C  IP=014B   NV UP DI PL ZR NA PE NC           
176C:014B 55            PUSH    BP                                              

AX=1E00  BX=0000  CX=00B3  DX=0000  SP=FFEA  BP=0000  SI=FFEE  DI=0000          
DS=176C  ES=176C  SS=176C  CS=176C  IP=014C   NV UP DI PL ZR NA PE NC           
176C:014C 9D            POPF                                                    

AX=1E00  BX=0000  CX=00B3  DX=0000  SP=FFEC  BP=0000  SI=FFEE  DI=0000          
DS=176C  ES=176C  SS=176C  CS=176C  IP=014D   NV UP DI PL NZ NA PO NC           
176C:014D 89F4          MOV     SP,SI                                           

AX=1E00  BX=0000  CX=00B3  DX=0000  SP=FFEE  BP=0000  SI=FFEE  DI=0000          
DS=176C  ES=176C  SS=176C  CS=176C  IP=014F   NV UP DI PL NZ NA PO NC           
176C:014F B81E29        MOV     AX,291E                                         

AX=291E  BX=0000  CX=00B3  DX=0000  SP=FFEE  BP=0000  SI=FFEE  DI=0000          
DS=176C  ES=176C  SS=176C  CS=176C  IP=0152   NV UP DI PL NZ NA PO NC           
176C:0152 55            PUSH    BP                                              

AX=291E  BX=0000  CX=00B3  DX=0000  SP=FFEC  BP=0000  SI=FFEE  DI=0000          
DS=176C  ES=176C  SS=176C  CS=176C  IP=0153   NV UP DI PL NZ NA PO NC           
176C:0153 55            PUSH    BP                                              

AX=291E  BX=0000  CX=00B3  DX=0000  SP=FFEA  BP=0000  SI=FFEE  DI=0000          
DS=176C  ES=176C  SS=176C  CS=176C  IP=0154   NV UP DI PL NZ NA PO NC           
176C:0154 9D            POPF                                                    

AX=291E  BX=0000  CX=00B3  DX=0000  SP=FFEC  BP=0000  SI=FFEE  DI=0000          
DS=176C  ES=176C  SS=176C  CS=176C  IP=0155   NV UP DI PL NZ NA PO NC           
176C:0155 89F4          MOV     SP,SI                                           

AX=291E  BX=0000  CX=00B3  DX=0000  SP=FFEE  BP=0000  SI=FFEE  DI=0000          
DS=176C  ES=176C  SS=176C  CS=176C  IP=0157   NV UP DI PL NZ NA PO NC           
176C:0157 B41E          MOV     AH,1E                                           

AX=1E1E  BX=0000  CX=00B3  DX=0000  SP=FFEE  BP=0000  SI=FFEE  DI=0000          
DS=176C  ES=176C  SS=176C  CS=176C  IP=0159   NV UP DI PL NZ NA PO NC           
176C:0159 55            PUSH    BP                                              

AX=1E1E  BX=0000  CX=00B3  DX=0000  SP=FFEC  BP=0000  SI=FFEE  DI=0000          
DS=176C  ES=176C  SS=176C  CS=176C  IP=015A   NV UP DI PL NZ NA PO NC           
176C:015A 55            PUSH    BP                                              

AX=1E1E  BX=0000  CX=00B3  DX=0000  SP=FFEA  BP=0000  SI=FFEE  DI=0000          
DS=176C  ES=176C  SS=176C  CS=176C  IP=015B   NV UP DI PL NZ NA PO NC           
176C:015B 9D            POPF                                                    

AX=1E1E  BX=0000  CX=00B3  DX=0000  SP=FFEC  BP=0000  SI=FFEE  DI=0000          
DS=176C  ES=176C  SS=176C  CS=176C  IP=015C   NV UP DI PL NZ NA PO NC           
176C:015C 89F4          MOV     SP,SI                                           

AX=1E1E  BX=0000  CX=00B3  DX=0000  SP=FFEE  BP=0000  SI=FFEE  DI=0000          
DS=176C  ES=176C  SS=176C  CS=176C  IP=015E   NV UP DI PL NZ NA PO NC           
176C:015E B81E29        MOV     AX,291E                                         

AX=291E  BX=0000  CX=00B3  DX=0000  SP=FFEE  BP=0000  SI=FFEE  DI=0000          
DS=176C  ES=176C  SS=176C  CS=176C  IP=0161   NV UP DI PL NZ NA PO NC           
176C:0161 55            PUSH    BP                                              

AX=291E  BX=0000  CX=00B3  DX=0000  SP=FFEC  BP=0000  SI=FFEE  DI=0000          
DS=176C  ES=176C  SS=176C  CS=176C  IP=0162   NV UP DI PL NZ NA PO NC           
176C:0162 55            PUSH    BP                                              

AX=291E  BX=0000  CX=00B3  DX=0000  SP=FFEA  BP=0000  SI=FFEE  DI=0000          
DS=176C  ES=176C  SS=176C  CS=176C  IP=0163   NV UP DI PL NZ NA PO NC           
176C:0163 9D            POPF                                                    

AX=291E  BX=0000  CX=00B3  DX=0000  SP=FFEC  BP=0000  SI=FFEE  DI=0000          
DS=176C  ES=176C  SS=176C  CS=176C  IP=0164   NV UP DI PL NZ NA PO NC           
176C:0164 89F4          MOV     SP,SI                                           

AX=291E  BX=0000  CX=00B3  DX=0000  SP=FFEE  BP=0000  SI=FFEE  DI=0000          
DS=176C  ES=176C  SS=176C  CS=176C  IP=0166   NV UP DI PL NZ NA PO NC           
176C:0166 B8E3EF        MOV     AX,EFE3                                         

AX=EFE3  BX=0000  CX=00B3  DX=0000  SP=FFEE  BP=0000  SI=FFEE  DI=0000          
DS=176C  ES=176C  SS=176C  CS=176C  IP=0169   NV UP DI PL NZ NA PO NC           
176C:0169 B169          MOV     CL,69                                           

AX=EFE3  BX=0000  CX=0069  DX=0000  SP=FFEE  BP=0000  SI=FFEE  DI=0000          
DS=176C  ES=176C  SS=176C  CS=176C  IP=016B   NV UP DI PL NZ NA PO NC           
176C:016B D3E8          SHR     AX,CL                                           

AX=0077  BX=0000  CX=0069  DX=0000  SP=FFEE  BP=0000  SI=FFEE  DI=0000          
DS=176C  ES=176C  SS=176C  CS=176C  IP=016D   NV UP DI PL NZ NA PE CY           
176C:016D 55            PUSH    BP                                              

AX=0077  BX=0000  CX=0069  DX=0000  SP=FFEC  BP=0000  SI=FFEE  DI=0000          
DS=176C  ES=176C  SS=176C  CS=176C  IP=016E   NV UP DI PL NZ NA PE CY           
176C:016E 55            PUSH    BP                                              

AX=0077  BX=0000  CX=0069  DX=0000  SP=FFEA  BP=0000  SI=FFEE  DI=0000          
DS=176C  ES=176C  SS=176C  CS=176C  IP=016F   NV UP DI PL NZ NA PE CY           
176C:016F 9D            POPF                                                    

AX=0077  BX=0000  CX=0069  DX=0000  SP=FFEC  BP=0000  SI=FFEE  DI=0000          
DS=176C  ES=176C  SS=176C  CS=176C  IP=0170   NV UP DI PL NZ NA PO NC           
176C:0170 89F4          MOV     SP,SI                                           

AX=0077  BX=0000  CX=0069  DX=0000  SP=FFEE  BP=0000  SI=FFEE  DI=0000          
DS=176C  ES=176C  SS=176C  CS=176C  IP=0172   NV UP DI PL NZ NA PO NC           
176C:0172 B4E3          MOV     AH,E3                                           

AX=E377  BX=0000  CX=0069  DX=0000  SP=FFEE  BP=0000  SI=FFEE  DI=0000          
DS=176C  ES=176C  SS=176C  CS=176C  IP=0174   NV UP DI PL NZ NA PO NC           
176C:0174 B169          MOV     CL,69                                           

AX=E377  BX=0000  CX=0069  DX=0000  SP=FFEE  BP=0000  SI=FFEE  DI=0000          
DS=176C  ES=176C  SS=176C  CS=176C  IP=0176   NV UP DI PL NZ NA PO NC           
176C:0176 D2E8          SHR     AL,CL                                           

AX=E300  BX=0000  CX=0069  DX=0000  SP=FFEE  BP=0000  SI=FFEE  DI=0000          
DS=176C  ES=176C  SS=176C  CS=176C  IP=0178   NV UP DI PL ZR NA PE NC           
176C:0178 55            PUSH    BP                                              

AX=E300  BX=0000  CX=0069  DX=0000  SP=FFEC  BP=0000  SI=FFEE  DI=0000          
DS=176C  ES=176C  SS=176C  CS=176C  IP=0179   NV UP DI PL ZR NA PE NC           
176C:0179 55            PUSH    BP                                              

AX=E300  BX=0000  CX=0069  DX=0000  SP=FFEA  BP=0000  SI=FFEE  DI=0000          
DS=176C  ES=176C  SS=176C  CS=176C  IP=017A   NV UP DI PL ZR NA PE NC           
176C:017A 9D            POPF                                                    

AX=E300  BX=0000  CX=0069  DX=0000  SP=FFEC  BP=0000  SI=FFEE  DI=0000          
DS=176C  ES=176C  SS=176C  CS=176C  IP=017B   NV UP DI PL NZ NA PO NC           
176C:017B 89F4          MOV     SP,SI                                           

AX=E300  BX=0000  CX=0069  DX=0000  SP=FFEE  BP=0000  SI=FFEE  DI=0000          
DS=176C  ES=176C  SS=176C  CS=176C  IP=017D   NV UP DI PL NZ NA PO NC           
176C:017D B8E3EF        MOV     AX,EFE3                                         

AX=EFE3  BX=0000  CX=0069  DX=0000  SP=FFEE  BP=0000  SI=FFEE  DI=0000          
DS=176C  ES=176C  SS=176C  CS=176C  IP=0180   NV UP DI PL NZ NA PO NC           
176C:0180 D1E8          SHR     AX,1                                            

AX=77F1  BX=0000  CX=0069  DX=0000  SP=FFEE  BP=0000  SI=FFEE  DI=0000          
DS=176C  ES=176C  SS=176C  CS=176C  IP=0182   OV UP DI PL NZ NA PO CY           
176C:0182 55            PUSH    BP                                              

AX=77F1  BX=0000  CX=0069  DX=0000  SP=FFEC  BP=0000  SI=FFEE  DI=0000          
DS=176C  ES=176C  SS=176C  CS=176C  IP=0183   OV UP DI PL NZ NA PO CY           
176C:0183 55            PUSH    BP                                              

AX=77F1  BX=0000  CX=0069  DX=0000  SP=FFEA  BP=0000  SI=FFEE  DI=0000          
DS=176C  ES=176C  SS=176C  CS=176C  IP=0184   OV UP DI PL NZ NA PO CY           
176C:0184 9D            POPF                                                    

AX=77F1  BX=0000  CX=0069  DX=0000  SP=FFEC  BP=0000  SI=FFEE  DI=0000          
DS=176C  ES=176C  SS=176C  CS=176C  IP=0185   NV UP DI PL NZ NA PO NC           
176C:0185 89F4          MOV     SP,SI                                           

AX=77F1  BX=0000  CX=0069  DX=0000  SP=FFEE  BP=0000  SI=FFEE  DI=0000          
DS=176C  ES=176C  SS=176C  CS=176C  IP=0187   NV UP DI PL NZ NA PO NC           
176C:0187 B4E3          MOV     AH,E3                                           

AX=E3F1  BX=0000  CX=0069  DX=0000  SP=FFEE  BP=0000  SI=FFEE  DI=0000          
DS=176C  ES=176C  SS=176C  CS=176C  IP=0189   NV UP DI PL NZ NA PO NC           
176C:0189 55            PUSH    BP                                              

AX=E3F1  BX=0000  CX=0069  DX=0000  SP=FFEC  BP=0000  SI=FFEE  DI=0000          
DS=176C  ES=176C  SS=176C  CS=176C  IP=018A   NV UP DI PL NZ NA PO NC           
176C:018A 55            PUSH    BP                                              

AX=E3F1  BX=0000  CX=0069  DX=0000  SP=FFEA  BP=0000  SI=FFEE  DI=0000          
DS=176C  ES=176C  SS=176C  CS=176C  IP=018B   NV UP DI PL NZ NA PO NC           
176C:018B 9D            POPF                                                    

AX=E3F1  BX=0000  CX=0069  DX=0000  SP=FFEC  BP=0000  SI=FFEE  DI=0000          
DS=176C  ES=176C  SS=176C  CS=176C  IP=018C   NV UP DI PL NZ NA PO NC           
176C:018C 89F4          MOV     SP,SI                                           

AX=E3F1  BX=0000  CX=0069  DX=0000  SP=FFEE  BP=0000  SI=FFEE  DI=0000          
DS=176C  ES=176C  SS=176C  CS=176C  IP=018E   NV UP DI PL NZ NA PO NC           
176C:018E B8E3EF        MOV     AX,EFE3                                         

AX=EFE3  BX=0000  CX=0069  DX=0000  SP=FFEE  BP=0000  SI=FFEE  DI=0000          
DS=176C  ES=176C  SS=176C  CS=176C  IP=0191   NV UP DI PL NZ NA PO NC           
176C:0191 55            PUSH    BP                                              

AX=EFE3  BX=0000  CX=0069  DX=0000  SP=FFEC  BP=0000  SI=FFEE  DI=0000          
DS=176C  ES=176C  SS=176C  CS=176C  IP=0192   NV UP DI PL NZ NA PO NC           
176C:0192 55            PUSH    BP                                              

AX=EFE3  BX=0000  CX=0069  DX=0000  SP=FFEA  BP=0000  SI=FFEE  DI=0000          
DS=176C  ES=176C  SS=176C  CS=176C  IP=0193   NV UP DI PL NZ NA PO NC           
176C:0193 9D            POPF                                                    

AX=EFE3  BX=0000  CX=0069  DX=0000  SP=FFEC  BP=0000  SI=FFEE  DI=0000          
DS=176C  ES=176C  SS=176C  CS=176C  IP=0194   NV UP DI PL NZ NA PO NC           
176C:0194 89F4          MOV     SP,SI                                           

AX=EFE3  BX=0000  CX=0069  DX=0000  SP=FFEE  BP=0000  SI=FFEE  DI=0000          
DS=176C  ES=176C  SS=176C  CS=176C  IP=0196   NV UP DI PL NZ NA PO NC           
176C:0196 B8B505        MOV     AX,05B5                                         

AX=05B5  BX=0000  CX=0069  DX=0000  SP=FFEE  BP=0000  SI=FFEE  DI=0000          
DS=176C  ES=176C  SS=176C  CS=176C  IP=0199   NV UP DI PL NZ NA PO NC           
176C:0199 B1F4          MOV     CL,F4                                           

AX=05B5  BX=0000  CX=00F4  DX=0000  SP=FFEE  BP=0000  SI=FFEE  DI=0000          
DS=176C  ES=176C  SS=176C  CS=176C  IP=019B   NV UP DI PL NZ NA PO NC           
176C:019B D3E8          SHR     AX,CL                                           

AX=0000  BX=0000  CX=00F4  DX=0000  SP=FFEE  BP=0000  SI=FFEE  DI=0000          
DS=176C  ES=176C  SS=176C  CS=176C  IP=019D   NV UP DI PL ZR NA PE NC           
176C:019D 55            PUSH    BP                                              

AX=0000  BX=0000  CX=00F4  DX=0000  SP=FFEC  BP=0000  SI=FFEE  DI=0000          
DS=176C  ES=176C  SS=176C  CS=176C  IP=019E   NV UP DI PL ZR NA PE NC           
176C:019E 55            PUSH    BP                                              

AX=0000  BX=0000  CX=00F4  DX=0000  SP=FFEA  BP=0000  SI=FFEE  DI=0000          
DS=176C  ES=176C  SS=176C  CS=176C  IP=019F   NV UP DI PL ZR NA PE NC           
176C:019F 9D            POPF                                                    

AX=0000  BX=0000  CX=00F4  DX=0000  SP=FFEC  BP=0000  SI=FFEE  DI=0000          
DS=176C  ES=176C  SS=176C  CS=176C  IP=01A0   NV UP DI PL NZ NA PO NC           
176C:01A0 89F4          MOV     SP,SI                                           

AX=0000  BX=0000  CX=00F4  DX=0000  SP=FFEE  BP=0000  SI=FFEE  DI=0000          
DS=176C  ES=176C  SS=176C  CS=176C  IP=01A2   NV UP DI PL NZ NA PO NC           
176C:01A2 B4B5          MOV     AH,B5                                           

AX=B500  BX=0000  CX=00F4  DX=0000  SP=FFEE  BP=0000  SI=FFEE  DI=0000          
DS=176C  ES=176C  SS=176C  CS=176C  IP=01A4   NV UP DI PL NZ NA PO NC           
176C:01A4 B1F4          MOV     CL,F4                                           

AX=B500  BX=0000  CX=00F4  DX=0000  SP=FFEE  BP=0000  SI=FFEE  DI=0000          
DS=176C  ES=176C  SS=176C  CS=176C  IP=01A6   NV UP DI PL NZ NA PO NC           
176C:01A6 D2E8          SHR     AL,CL                                           

AX=B500  BX=0000  CX=00F4  DX=0000  SP=FFEE  BP=0000  SI=FFEE  DI=0000          
DS=176C  ES=176C  SS=176C  CS=176C  IP=01A8   NV UP DI PL ZR NA PE NC           
176C:01A8 55            PUSH    BP                                              

AX=B500  BX=0000  CX=00F4  DX=0000  SP=FFEC  BP=0000  SI=FFEE  DI=0000          
DS=176C  ES=176C  SS=176C  CS=176C  IP=01A9   NV UP DI PL ZR NA PE NC           
176C:01A9 55            PUSH    BP                                              

AX=B500  BX=0000  CX=00F4  DX=0000  SP=FFEA  BP=0000  SI=FFEE  DI=0000          
DS=176C  ES=176C  SS=176C  CS=176C  IP=01AA   NV UP DI PL ZR NA PE NC           
176C:01AA 9D            POPF                                                    

AX=B500  BX=0000  CX=00F4  DX=0000  SP=FFEC  BP=0000  SI=FFEE  DI=0000          
DS=176C  ES=176C  SS=176C  CS=176C  IP=01AB   NV UP DI PL NZ NA PO NC           
176C:01AB 89F4          MOV     SP,SI                                           

AX=B500  BX=0000  CX=00F4  DX=0000  SP=FFEE  BP=0000  SI=FFEE  DI=0000          
DS=176C  ES=176C  SS=176C  CS=176C  IP=01AD   NV UP DI PL NZ NA PO NC           
176C:01AD B8B505        MOV     AX,05B5                                         

AX=05B5  BX=0000  CX=00F4  DX=0000  SP=FFEE  BP=0000  SI=FFEE  DI=0000          
DS=176C  ES=176C  SS=176C  CS=176C  IP=01B0   NV UP DI PL NZ NA PO NC           
176C:01B0 55            PUSH    BP                                              

AX=05B5  BX=0000  CX=00F4  DX=0000  SP=FFEC  BP=0000  SI=FFEE  DI=0000          
DS=176C  ES=176C  SS=176C  CS=176C  IP=01B1   NV UP DI PL NZ NA PO NC           
176C:01B1 55            PUSH    BP                                              

AX=05B5  BX=0000  CX=00F4  DX=0000  SP=FFEA  BP=0000  SI=FFEE  DI=0000          
DS=176C  ES=176C  SS=176C  CS=176C  IP=01B2   NV UP DI PL NZ NA PO NC           
176C:01B2 9D            POPF                                                    

AX=05B5  BX=0000  CX=00F4  DX=0000  SP=FFEC  BP=0000  SI=FFEE  DI=0000          
DS=176C  ES=176C  SS=176C  CS=176C  IP=01B3   NV UP DI PL NZ NA PO NC           
176C:01B3 89F4          MOV     SP,SI                                           

AX=05B5  BX=0000  CX=00F4  DX=0000  SP=FFEE  BP=0000  SI=FFEE  DI=0000          
DS=176C  ES=176C  SS=176C  CS=176C  IP=01B5   NV UP DI PL NZ NA PO NC           
176C:01B5 B4B5          MOV     AH,B5                                           

AX=B5B5  BX=0000  CX=00F4  DX=0000  SP=FFEE  BP=0000  SI=FFEE  DI=0000          
DS=176C  ES=176C  SS=176C  CS=176C  IP=01B7   NV UP DI PL NZ NA PO NC           
176C:01B7 55            PUSH    BP                                              

AX=B5B5  BX=0000  CX=00F4  DX=0000  SP=FFEC  BP=0000  SI=FFEE  DI=0000          
DS=176C  ES=176C  SS=176C  CS=176C  IP=01B8   NV UP DI PL NZ NA PO NC           
176C:01B8 55            PUSH    BP                                              

AX=B5B5  BX=0000  CX=00F4  DX=0000  SP=FFEA  BP=0000  SI=FFEE  DI=0000          
DS=176C  ES=176C  SS=176C  CS=176C  IP=01B9   NV UP DI PL NZ NA PO NC           
176C:01B9 9D            POPF                                                    

AX=B5B5  BX=0000  CX=00F4  DX=0000  SP=FFEC  BP=0000  SI=FFEE  DI=0000          
DS=176C  ES=176C  SS=176C  CS=176C  IP=01BA   NV UP DI PL NZ NA PO NC           
176C:01BA 89F4          MOV     SP,SI                                           

AX=B5B5  BX=0000  CX=00F4  DX=0000  SP=FFEE  BP=0000  SI=FFEE  DI=0000          
DS=176C  ES=176C  SS=176C  CS=176C  IP=01BC   NV UP DI PL NZ NA PO NC           
176C:01BC B8B505        MOV     AX,05B5                                         

AX=05B5  BX=0000  CX=00F4  DX=0000  SP=FFEE  BP=0000  SI=FFEE  DI=0000          
DS=176C  ES=176C  SS=176C  CS=176C  IP=01BF   NV UP DI PL NZ NA PO NC           
176C:01BF 55            PUSH    BP                                              

AX=05B5  BX=0000  CX=00F4  DX=0000  SP=FFEC  BP=0000  SI=FFEE  DI=0000          
DS=176C  ES=176C  SS=176C  CS=176C  IP=01C0   NV UP DI PL NZ NA PO NC           
176C:01C0 55            PUSH    BP                                              

AX=05B5  BX=0000  CX=00F4  DX=0000  SP=FFEA  BP=0000  SI=FFEE  DI=0000          
DS=176C  ES=176C  SS=176C  CS=176C  IP=01C1   NV UP DI PL NZ NA PO NC           
176C:01C1 9D            POPF                                                    

AX=05B5  BX=0000  CX=00F4  DX=0000  SP=FFEC  BP=0000  SI=FFEE  DI=0000          
DS=176C  ES=176C  SS=176C  CS=176C  IP=01C2   NV UP DI PL NZ NA PO NC           
176C:01C2 89F4          MOV     SP,SI                                           

AX=05B5  BX=0000  CX=00F4  DX=0000  SP=FFEE  BP=0000  SI=FFEE  DI=0000          
DS=176C  ES=176C  SS=176C  CS=176C  IP=01C4   NV UP DI PL NZ NA PO NC           
176C:01C4 B8BFA8        MOV     AX,A8BF                                         

AX=A8BF  BX=0000  CX=00F4  DX=0000  SP=FFEE  BP=0000  SI=FFEE  DI=0000          
DS=176C  ES=176C  SS=176C  CS=176C  IP=01C7   NV UP DI PL NZ NA PO NC           
176C:01C7 B1D1          MOV     CL,D1                                           

AX=A8BF  BX=0000  CX=00D1  DX=0000  SP=FFEE  BP=0000  SI=FFEE  DI=0000          
DS=176C  ES=176C  SS=176C  CS=176C  IP=01C9   NV UP DI PL NZ NA PO NC           
176C:01C9 D3E8          SHR     AX,CL                                           

AX=0000  BX=0000  CX=00D1  DX=0000  SP=FFEE  BP=0000  SI=FFEE  DI=0000          
DS=176C  ES=176C  SS=176C  CS=176C  IP=01CB   NV UP DI PL ZR NA PE NC           
176C:01CB 55            PUSH    BP                                              

AX=0000  BX=0000  CX=00D1  DX=0000  SP=FFEC  BP=0000  SI=FFEE  DI=0000          
DS=176C  ES=176C  SS=176C  CS=176C  IP=01CC   NV UP DI PL ZR NA PE NC           
176C:01CC 55            PUSH    BP                                              

AX=0000  BX=0000  CX=00D1  DX=0000  SP=FFEA  BP=0000  SI=FFEE  DI=0000          
DS=176C  ES=176C  SS=176C  CS=176C  IP=01CD   NV UP DI PL ZR NA PE NC           
176C:01CD 9D            POPF                                                    

AX=0000  BX=0000  CX=00D1  DX=0000  SP=FFEC  BP=0000  SI=FFEE  DI=0000          
DS=176C  ES=176C  SS=176C  CS=176C  IP=01CE   NV UP DI PL NZ NA PO NC           
176C:01CE 89F4          MOV     SP,SI                                           

AX=0000  BX=0000  CX=00D1  DX=0000  SP=FFEE  BP=0000  SI=FFEE  DI=0000          
DS=176C  ES=176C  SS=176C  CS=176C  IP=01D0   NV UP DI PL NZ NA PO NC           
176C:01D0 B4BF          MOV     AH,BF                                           

AX=BF00  BX=0000  CX=00D1  DX=0000  SP=FFEE  BP=0000  SI=FFEE  DI=0000          
DS=176C  ES=176C  SS=176C  CS=176C  IP=01D2   NV UP DI PL NZ NA PO NC           
176C:01D2 B1D1          MOV     CL,D1                                           

AX=BF00  BX=0000  CX=00D1  DX=0000  SP=FFEE  BP=0000  SI=FFEE  DI=0000          
DS=176C  ES=176C  SS=176C  CS=176C  IP=01D4   NV UP DI PL NZ NA PO NC           
176C:01D4 D2E8          SHR     AL,CL                                           

AX=BF00  BX=0000  CX=00D1  DX=0000  SP=FFEE  BP=0000  SI=FFEE  DI=0000          
DS=176C  ES=176C  SS=176C  CS=176C  IP=01D6   NV UP DI PL ZR NA PE NC           
176C:01D6 55            PUSH    BP                                              

AX=BF00  BX=0000  CX=00D1  DX=0000  SP=FFEC  BP=0000  SI=FFEE  DI=0000          
DS=176C  ES=176C  SS=176C  CS=176C  IP=01D7   NV UP DI PL ZR NA PE NC           
176C:01D7 55            PUSH    BP                                              

AX=BF00  BX=0000  CX=00D1  DX=0000  SP=FFEA  BP=0000  SI=FFEE  DI=0000          
DS=176C  ES=176C  SS=176C  CS=176C  IP=01D8   NV UP DI PL ZR NA PE NC           
176C:01D8 9D            POPF                                                    

AX=BF00  BX=0000  CX=00D1  DX=0000  SP=FFEC  BP=0000  SI=FFEE  DI=0000          
DS=176C  ES=176C  SS=176C  CS=176C  IP=01D9   NV UP DI PL NZ NA PO NC           
176C:01D9 89F4          MOV     SP,SI                                           

AX=BF00  BX=0000  CX=00D1  DX=0000  SP=FFEE  BP=0000  SI=FFEE  DI=0000          
DS=176C  ES=176C  SS=176C  CS=176C  IP=01DB   NV UP DI PL NZ NA PO NC           
176C:01DB B8BFA8        MOV     AX,A8BF                                         

AX=A8BF  BX=0000  CX=00D1  DX=0000  SP=FFEE  BP=0000  SI=FFEE  DI=0000          
DS=176C  ES=176C  SS=176C  CS=176C  IP=01DE   NV UP DI PL NZ NA PO NC           
176C:01DE D1E8          SHR     AX,1                                            

AX=545F  BX=0000  CX=00D1  DX=0000  SP=FFEE  BP=0000  SI=FFEE  DI=0000          
DS=176C  ES=176C  SS=176C  CS=176C  IP=01E0   OV UP DI PL NZ NA PE CY           
176C:01E0 55            PUSH    BP                                              

AX=545F  BX=0000  CX=00D1  DX=0000  SP=FFEC  BP=0000  SI=FFEE  DI=0000          
DS=176C  ES=176C  SS=176C  CS=176C  IP=01E1   OV UP DI PL NZ NA PE CY           
176C:01E1 55            PUSH    BP                                              

AX=545F  BX=0000  CX=00D1  DX=0000  SP=FFEA  BP=0000  SI=FFEE  DI=0000          
DS=176C  ES=176C  SS=176C  CS=176C  IP=01E2   OV UP DI PL NZ NA PE CY           
176C:01E2 9D            POPF                                                    

AX=545F  BX=0000  CX=00D1  DX=0000  SP=FFEC  BP=0000  SI=FFEE  DI=0000          
DS=176C  ES=176C  SS=176C  CS=176C  IP=01E3   NV UP DI PL NZ NA PO NC           
176C:01E3 89F4          MOV     SP,SI                                           

AX=545F  BX=0000  CX=00D1  DX=0000  SP=FFEE  BP=0000  SI=FFEE  DI=0000          
DS=176C  ES=176C  SS=176C  CS=176C  IP=01E5   NV UP DI PL NZ NA PO NC           
176C:01E5 B4BF          MOV     AH,BF                                           

AX=BF5F  BX=0000  CX=00D1  DX=0000  SP=FFEE  BP=0000  SI=FFEE  DI=0000          
DS=176C  ES=176C  SS=176C  CS=176C  IP=01E7   NV UP DI PL NZ NA PO NC           
176C:01E7 55            PUSH    BP                                              

AX=BF5F  BX=0000  CX=00D1  DX=0000  SP=FFEC  BP=0000  SI=FFEE  DI=0000          
DS=176C  ES=176C  SS=176C  CS=176C  IP=01E8   NV UP DI PL NZ NA PO NC           
176C:01E8 55            PUSH    BP                                              

AX=BF5F  BX=0000  CX=00D1  DX=0000  SP=FFEA  BP=0000  SI=FFEE  DI=0000          
DS=176C  ES=176C  SS=176C  CS=176C  IP=01E9   NV UP DI PL NZ NA PO NC           
176C:01E9 9D            POPF                                                    

AX=BF5F  BX=0000  CX=00D1  DX=0000  SP=FFEC  BP=0000  SI=FFEE  DI=0000          
DS=176C  ES=176C  SS=176C  CS=176C  IP=01EA   NV UP DI PL NZ NA PO NC           
176C:01EA 89F4          MOV     SP,SI                                           

AX=BF5F  BX=0000  CX=00D1  DX=0000  SP=FFEE  BP=0000  SI=FFEE  DI=0000          
DS=176C  ES=176C  SS=176C  CS=176C  IP=01EC   NV UP DI PL NZ NA PO NC           
176C:01EC B8BFA8        MOV     AX,A8BF                                         

AX=A8BF  BX=0000  CX=00D1  DX=0000  SP=FFEE  BP=0000  SI=FFEE  DI=0000          
DS=176C  ES=176C  SS=176C  CS=176C  IP=01EF   NV UP DI PL NZ NA PO NC           
176C:01EF 55            PUSH    BP                                              

AX=A8BF  BX=0000  CX=00D1  DX=0000  SP=FFEC  BP=0000  SI=FFEE  DI=0000          
DS=176C  ES=176C  SS=176C  CS=176C  IP=01F0   NV UP DI PL NZ NA PO NC           
176C:01F0 55            PUSH    BP                                              

AX=A8BF  BX=0000  CX=00D1  DX=0000  SP=FFEA  BP=0000  SI=FFEE  DI=0000          
DS=176C  ES=176C  SS=176C  CS=176C  IP=01F1   NV UP DI PL NZ NA PO NC           
176C:01F1 9D            POPF                                                    

AX=A8BF  BX=0000  CX=00D1  DX=0000  SP=FFEC  BP=0000  SI=FFEE  DI=0000          
DS=176C  ES=176C  SS=176C  CS=176C  IP=01F2   NV UP DI PL NZ NA PO NC           
176C:01F2 89F4          MOV     SP,SI                                           

AX=A8BF  BX=0000  CX=00D1  DX=0000  SP=FFEE  BP=0000  SI=FFEE  DI=0000          
DS=176C  ES=176C  SS=176C  CS=176C  IP=01F4   NV UP DI PL NZ NA PO NC           
176C:01F4 B80000        MOV     AX,0000                                         

AX=0000  BX=0000  CX=00D1  DX=0000  SP=FFEE  BP=0000  SI=FFEE  DI=0000          
DS=176C  ES=176C  SS=176C  CS=176C  IP=01F7   NV UP DI PL NZ NA PO NC           
176C:01F7 B100          MOV     CL,00                                           

AX=0000  BX=0000  CX=0000  DX=0000  SP=FFEE  BP=0000  SI=FFEE  DI=0000          
DS=176C  ES=176C  SS=176C  CS=176C  IP=01F9   NV UP DI PL NZ NA PO NC           
176C:01F9 D3E8          SHR     AX,CL                                           

AX=0000  BX=0000  CX=0000  DX=0000  SP=FFEE  BP=0000  SI=FFEE  DI=0000          
DS=176C  ES=176C  SS=176C  CS=176C  IP=01FB   NV UP DI PL NZ NA PO NC           
176C:01FB 55            PUSH    BP                                              

AX=0000  BX=0000  CX=0000  DX=0000  SP=FFEC  BP=0000  SI=FFEE  DI=0000          
DS=176C  ES=176C  SS=176C  CS=176C  IP=01FC   NV UP DI PL NZ NA PO NC           
176C:01FC 55            PUSH    BP                                              

AX=0000  BX=0000  CX=0000  DX=0000  SP=FFEA  BP=0000  SI=FFEE  DI=0000          
DS=176C  ES=176C  SS=176C  CS=176C  IP=01FD   NV UP DI PL NZ NA PO NC           
176C:01FD 9D            POPF                                                    

AX=0000  BX=0000  CX=0000  DX=0000  SP=FFEC  BP=0000  SI=FFEE  DI=0000          
DS=176C  ES=176C  SS=176C  CS=176C  IP=01FE   NV UP DI PL NZ NA PO NC           
176C:01FE 89F4          MOV     SP,SI                                           

AX=0000  BX=0000  CX=0000  DX=0000  SP=FFEE  BP=0000  SI=FFEE  DI=0000          
DS=176C  ES=176C  SS=176C  CS=176C  IP=0200   NV UP DI PL NZ NA PO NC           
176C:0200 B400          MOV     AH,00                                           

AX=0000  BX=0000  CX=0000  DX=0000  SP=FFEE  BP=0000  SI=FFEE  DI=0000          
DS=176C  ES=176C  SS=176C  CS=176C  IP=0202   NV UP DI PL NZ NA PO NC           
176C:0202 B100          MOV     CL,00                                           

AX=0000  BX=0000  CX=0000  DX=0000  SP=FFEE  BP=0000  SI=FFEE  DI=0000          
DS=176C  ES=176C  SS=176C  CS=176C  IP=0204   NV UP DI PL NZ NA PO NC           
176C:0204 D2E8          SHR     AL,CL                                           

AX=0000  BX=0000  CX=0000  DX=0000  SP=FFEE  BP=0000  SI=FFEE  DI=0000          
DS=176C  ES=176C  SS=176C  CS=176C  IP=0206   NV UP DI PL NZ NA PO NC           
176C:0206 55            PUSH    BP                                              

AX=0000  BX=0000  CX=0000  DX=0000  SP=FFEC  BP=0000  SI=FFEE  DI=0000          
DS=176C  ES=176C  SS=176C  CS=176C  IP=0207   NV UP DI PL NZ NA PO NC           
176C:0207 55            PUSH    BP                                              

AX=0000  BX=0000  CX=0000  DX=0000  SP=FFEA  BP=0000  SI=FFEE  DI=0000          
DS=176C  ES=176C  SS=176C  CS=176C  IP=0208   NV UP DI PL NZ NA PO NC           
176C:0208 9D            POPF                                                    

AX=0000  BX=0000  CX=0000  DX=0000  SP=FFEC  BP=0000  SI=FFEE  DI=0000          
DS=176C  ES=176C  SS=176C  CS=176C  IP=0209   NV UP DI PL NZ NA PO NC           
176C:0209 89F4          MOV     SP,SI                                           

AX=0000  BX=0000  CX=0000  DX=0000  SP=FFEE  BP=0000  SI=FFEE  DI=0000          
DS=176C  ES=176C  SS=176C  CS=176C  IP=020B   NV UP DI PL NZ NA PO NC           
176C:020B B80000        MOV     AX,0000                                         

AX=0000  BX=0000  CX=0000  DX=0000  SP=FFEE  BP=0000  SI=FFEE  DI=0000          
DS=176C  ES=176C  SS=176C  CS=176C  IP=020E   NV UP DI PL NZ NA PO NC           
176C:020E 55            PUSH    BP                                              

AX=0000  BX=0000  CX=0000  DX=0000  SP=FFEC  BP=0000  SI=FFEE  DI=0000          
DS=176C  ES=176C  SS=176C  CS=176C  IP=020F   NV UP DI PL NZ NA PO NC           
176C:020F 55            PUSH    BP                                              

AX=0000  BX=0000  CX=0000  DX=0000  SP=FFEA  BP=0000  SI=FFEE  DI=0000          
DS=176C  ES=176C  SS=176C  CS=176C  IP=0210   NV UP DI PL NZ NA PO NC           
176C:0210 9D            POPF                                                    

AX=0000  BX=0000  CX=0000  DX=0000  SP=FFEC  BP=0000  SI=FFEE  DI=0000          
DS=176C  ES=176C  SS=176C  CS=176C  IP=0211   NV UP DI PL NZ NA PO NC           
176C:0211 89F4          MOV     SP,SI                                           

AX=0000  BX=0000  CX=0000  DX=0000  SP=FFEE  BP=0000  SI=FFEE  DI=0000          
DS=176C  ES=176C  SS=176C  CS=176C  IP=0213   NV UP DI PL NZ NA PO NC           
176C:0213 B400          MOV     AH,00                                           

AX=0000  BX=0000  CX=0000  DX=0000  SP=FFEE  BP=0000  SI=FFEE  DI=0000          
DS=176C  ES=176C  SS=176C  CS=176C  IP=0215   NV UP DI PL NZ NA PO NC           
176C:0215 55            PUSH    BP                                              

AX=0000  BX=0000  CX=0000  DX=0000  SP=FFEC  BP=0000  SI=FFEE  DI=0000          
DS=176C  ES=176C  SS=176C  CS=176C  IP=0216   NV UP DI PL NZ NA PO NC           
176C:0216 55            PUSH    BP                                              

AX=0000  BX=0000  CX=0000  DX=0000  SP=FFEA  BP=0000  SI=FFEE  DI=0000          
DS=176C  ES=176C  SS=176C  CS=176C  IP=0217   NV UP DI PL NZ NA PO NC           
176C:0217 9D            POPF                                                    

AX=0000  BX=0000  CX=0000  DX=0000  SP=FFEC  BP=0000  SI=FFEE  DI=0000          
DS=176C  ES=176C  SS=176C  CS=176C  IP=0218   NV UP DI PL NZ NA PO NC           
176C:0218 89F4          MOV     SP,SI                                           

AX=0000  BX=0000  CX=0000  DX=0000  SP=FFEE  BP=0000  SI=FFEE  DI=0000          
DS=176C  ES=176C  SS=176C  CS=176C  IP=021A   NV UP DI PL NZ NA PO NC           
176C:021A B80000        MOV     AX,0000                                         

AX=0000  BX=0000  CX=0000  DX=0000  SP=FFEE  BP=0000  SI=FFEE  DI=0000          
DS=176C  ES=176C  SS=176C  CS=176C  IP=021D   NV UP DI PL NZ NA PO NC           
176C:021D 55            PUSH    BP                                              

AX=0000  BX=0000  CX=0000  DX=0000  SP=FFEC  BP=0000  SI=FFEE  DI=0000          
DS=176C  ES=176C  SS=176C  CS=176C  IP=021E   NV UP DI PL NZ NA PO NC           
176C:021E 55            PUSH    BP                                              

AX=0000  BX=0000  CX=0000  DX=0000  SP=FFEA  BP=0000  SI=FFEE  DI=0000          
DS=176C  ES=176C  SS=176C  CS=176C  IP=021F   NV UP DI PL NZ NA PO NC           
176C:021F 9D            POPF                                                    

AX=0000  BX=0000  CX=0000  DX=0000  SP=FFEC  BP=0000  SI=FFEE  DI=0000          
DS=176C  ES=176C  SS=176C  CS=176C  IP=0220   NV UP DI PL NZ NA PO NC           
176C:0220 89F4          MOV     SP,SI                                           

AX=0000  BX=0000  CX=0000  DX=0000  SP=FFEE  BP=0000  SI=FFEE  DI=0000          
DS=176C  ES=176C  SS=176C  CS=176C  IP=0222   NV UP DI PL NZ NA PO NC           
176C:0222 B80000        MOV     AX,0000                                         

AX=0000  BX=0000  CX=0000  DX=0000  SP=FFEE  BP=0000  SI=FFEE  DI=0000          
DS=176C  ES=176C  SS=176C  CS=176C  IP=0225   NV UP DI PL NZ NA PO NC           
176C:0225 B101          MOV     CL,01                                           

AX=0000  BX=0000  CX=0001  DX=0000  SP=FFEE  BP=0000  SI=FFEE  DI=0000          
DS=176C  ES=176C  SS=176C  CS=176C  IP=0227   NV UP DI PL NZ NA PO NC           
176C:0227 D3E8          SHR     AX,CL                                           

AX=0000  BX=0000  CX=0001  DX=0000  SP=FFEE  BP=0000  SI=FFEE  DI=0000          
DS=176C  ES=176C  SS=176C  CS=176C  IP=0229   NV UP DI PL ZR NA PE NC           
176C:0229 55            PUSH    BP                                              

AX=0000  BX=0000  CX=0001  DX=0000  SP=FFEC  BP=0000  SI=FFEE  DI=0000          
DS=176C  ES=176C  SS=176C  CS=176C  IP=022A   NV UP DI PL ZR NA PE NC           
176C:022A 55            PUSH    BP                                              

AX=0000  BX=0000  CX=0001  DX=0000  SP=FFEA  BP=0000  SI=FFEE  DI=0000          
DS=176C  ES=176C  SS=176C  CS=176C  IP=022B   NV UP DI PL ZR NA PE NC           
176C:022B 9D            POPF                                                    

AX=0000  BX=0000  CX=0001  DX=0000  SP=FFEC  BP=0000  SI=FFEE  DI=0000          
DS=176C  ES=176C  SS=176C  CS=176C  IP=022C   NV UP DI PL NZ NA PO NC           
176C:022C 89F4          MOV     SP,SI                                           

AX=0000  BX=0000  CX=0001  DX=0000  SP=FFEE  BP=0000  SI=FFEE  DI=0000          
DS=176C  ES=176C  SS=176C  CS=176C  IP=022E   NV UP DI PL NZ NA PO NC           
176C:022E B400          MOV     AH,00                                           

AX=0000  BX=0000  CX=0001  DX=0000  SP=FFEE  BP=0000  SI=FFEE  DI=0000          
DS=176C  ES=176C  SS=176C  CS=176C  IP=0230   NV UP DI PL NZ NA PO NC           
176C:0230 B101          MOV     CL,01                                           

AX=0000  BX=0000  CX=0001  DX=0000  SP=FFEE  BP=0000  SI=FFEE  DI=0000          
DS=176C  ES=176C  SS=176C  CS=176C  IP=0232   NV UP DI PL NZ NA PO NC           
176C:0232 D2E8          SHR     AL,CL                                           

AX=0000  BX=0000  CX=0001  DX=0000  SP=FFEE  BP=0000  SI=FFEE  DI=0000          
DS=176C  ES=176C  SS=176C  CS=176C  IP=0234   NV UP DI PL ZR NA PE NC           
176C:0234 55            PUSH    BP                                              

AX=0000  BX=0000  CX=0001  DX=0000  SP=FFEC  BP=0000  SI=FFEE  DI=0000          
DS=176C  ES=176C  SS=176C  CS=176C  IP=0235   NV UP DI PL ZR NA PE NC           
176C:0235 55            PUSH    BP                                              

AX=0000  BX=0000  CX=0001  DX=0000  SP=FFEA  BP=0000  SI=FFEE  DI=0000          
DS=176C  ES=176C  SS=176C  CS=176C  IP=0236   NV UP DI PL ZR NA PE NC           
176C:0236 9D            POPF                                                    

AX=0000  BX=0000  CX=0001  DX=0000  SP=FFEC  BP=0000  SI=FFEE  DI=0000          
DS=176C  ES=176C  SS=176C  CS=176C  IP=0237   NV UP DI PL NZ NA PO NC           
176C:0237 89F4          MOV     SP,SI                                           

AX=0000  BX=0000  CX=0001  DX=0000  SP=FFEE  BP=0000  SI=FFEE  DI=0000          
DS=176C  ES=176C  SS=176C  CS=176C  IP=0239   NV UP DI PL NZ NA PO NC           
176C:0239 B80000        MOV     AX,0000                                         

AX=0000  BX=0000  CX=0001  DX=0000  SP=FFEE  BP=0000  SI=FFEE  DI=0000          
DS=176C  ES=176C  SS=176C  CS=176C  IP=023C   NV UP DI PL NZ NA PO NC           
176C:023C 55            PUSH    BP                                              

AX=0000  BX=0000  CX=0001  DX=0000  SP=FFEC  BP=0000  SI=FFEE  DI=0000          
DS=176C  ES=176C  SS=176C  CS=176C  IP=023D   NV UP DI PL NZ NA PO NC           
176C:023D 55            PUSH    BP                                              

AX=0000  BX=0000  CX=0001  DX=0000  SP=FFEA  BP=0000  SI=FFEE  DI=0000          
DS=176C  ES=176C  SS=176C  CS=176C  IP=023E   NV UP DI PL NZ NA PO NC           
176C:023E 9D            POPF                                                    

AX=0000  BX=0000  CX=0001  DX=0000  SP=FFEC  BP=0000  SI=FFEE  DI=0000          
DS=176C  ES=176C  SS=176C  CS=176C  IP=023F   NV UP DI PL NZ NA PO NC           
176C:023F 89F4          MOV     SP,SI                                           

AX=0000  BX=0000  CX=0001  DX=0000  SP=FFEE  BP=0000  SI=FFEE  DI=0000          
DS=176C  ES=176C  SS=176C  CS=176C  IP=0241   NV UP DI PL NZ NA PO NC           
176C:0241 B400          MOV     AH,00                                           

AX=0000  BX=0000  CX=0001  DX=0000  SP=FFEE  BP=0000  SI=FFEE  DI=0000          
DS=176C  ES=176C  SS=176C  CS=176C  IP=0243   NV UP DI PL NZ NA PO NC           
176C:0243 55            PUSH    BP                                              

AX=0000  BX=0000  CX=0001  DX=0000  SP=FFEC  BP=0000  SI=FFEE  DI=0000          
DS=176C  ES=176C  SS=176C  CS=176C  IP=0244   NV UP DI PL NZ NA PO NC           
176C:0244 55            PUSH    BP                                              

AX=0000  BX=0000  CX=0001  DX=0000  SP=FFEA  BP=0000  SI=FFEE  DI=0000          
DS=176C  ES=176C  SS=176C  CS=176C  IP=0245   NV UP DI PL NZ NA PO NC           
176C:0245 9D            POPF                                                    

AX=0000  BX=0000  CX=0001  DX=0000  SP=FFEC  BP=0000  SI=FFEE  DI=0000          
DS=176C  ES=176C  SS=176C  CS=176C  IP=0246   NV UP DI PL NZ NA PO NC           
176C:0246 89F4          MOV     SP,SI                                           

AX=0000  BX=0000  CX=0001  DX=0000  SP=FFEE  BP=0000  SI=FFEE  DI=0000          
DS=176C  ES=176C  SS=176C  CS=176C  IP=0248   NV UP DI PL NZ NA PO NC           
176C:0248 B80000        MOV     AX,0000                                         

AX=0000  BX=0000  CX=0001  DX=0000  SP=FFEE  BP=0000  SI=FFEE  DI=0000          
DS=176C  ES=176C  SS=176C  CS=176C  IP=024B   NV UP DI PL NZ NA PO NC           
176C:024B 55            PUSH    BP                                              

AX=0000  BX=0000  CX=0001  DX=0000  SP=FFEC  BP=0000  SI=FFEE  DI=0000          
DS=176C  ES=176C  SS=176C  CS=176C  IP=024C   NV UP DI PL NZ NA PO NC           
176C:024C 55            PUSH    BP                                              

AX=0000  BX=0000  CX=0001  DX=0000  SP=FFEA  BP=0000  SI=FFEE  DI=0000          
DS=176C  ES=176C  SS=176C  CS=176C  IP=024D   NV UP DI PL NZ NA PO NC           
176C:024D 9D            POPF                                                    

AX=0000  BX=0000  CX=0001  DX=0000  SP=FFEC  BP=0000  SI=FFEE  DI=0000          
DS=176C  ES=176C  SS=176C  CS=176C  IP=024E   NV UP DI PL NZ NA PO NC           
176C:024E 89F4          MOV     SP,SI                                           

AX=0000  BX=0000  CX=0001  DX=0000  SP=FFEE  BP=0000  SI=FFEE  DI=0000          
DS=176C  ES=176C  SS=176C  CS=176C  IP=0250   NV UP DI PL NZ NA PO NC           
176C:0250 B80100        MOV     AX,0001                                         

AX=0001  BX=0000  CX=0001  DX=0000  SP=FFEE  BP=0000  SI=FFEE  DI=0000          
DS=176C  ES=176C  SS=176C  CS=176C  IP=0253   NV UP DI PL NZ NA PO NC           
176C:0253 B100          MOV     CL,00                                           

AX=0001  BX=0000  CX=0000  DX=0000  SP=FFEE  BP=0000  SI=FFEE  DI=0000          
DS=176C  ES=176C  SS=176C  CS=176C  IP=0255   NV UP DI PL NZ NA PO NC           
176C:0255 D3E8          SHR     AX,CL                                           

AX=0001  BX=0000  CX=0000  DX=0000  SP=FFEE  BP=0000  SI=FFEE  DI=0000          
DS=176C  ES=176C  SS=176C  CS=176C  IP=0257   NV UP DI PL NZ NA PO NC           
176C:0257 55            PUSH    BP                                              

AX=0001  BX=0000  CX=0000  DX=0000  SP=FFEC  BP=0000  SI=FFEE  DI=0000          
DS=176C  ES=176C  SS=176C  CS=176C  IP=0258   NV UP DI PL NZ NA PO NC           
176C:0258 55            PUSH    BP                                              

AX=0001  BX=0000  CX=0000  DX=0000  SP=FFEA  BP=0000  SI=FFEE  DI=0000          
DS=176C  ES=176C  SS=176C  CS=176C  IP=0259   NV UP DI PL NZ NA PO NC           
176C:0259 9D            POPF                                                    

AX=0001  BX=0000  CX=0000  DX=0000  SP=FFEC  BP=0000  SI=FFEE  DI=0000          
DS=176C  ES=176C  SS=176C  CS=176C  IP=025A   NV UP DI PL NZ NA PO NC           
176C:025A 89F4          MOV     SP,SI                                           

AX=0001  BX=0000  CX=0000  DX=0000  SP=FFEE  BP=0000  SI=FFEE  DI=0000          
DS=176C  ES=176C  SS=176C  CS=176C  IP=025C   NV UP DI PL NZ NA PO NC           
176C:025C B401          MOV     AH,01                                           

AX=0101  BX=0000  CX=0000  DX=0000  SP=FFEE  BP=0000  SI=FFEE  DI=0000          
DS=176C  ES=176C  SS=176C  CS=176C  IP=025E   NV UP DI PL NZ NA PO NC           
176C:025E B100          MOV     CL,00                                           

AX=0101  BX=0000  CX=0000  DX=0000  SP=FFEE  BP=0000  SI=FFEE  DI=0000          
DS=176C  ES=176C  SS=176C  CS=176C  IP=0260   NV UP DI PL NZ NA PO NC           
176C:0260 D2E8          SHR     AL,CL                                           

AX=0101  BX=0000  CX=0000  DX=0000  SP=FFEE  BP=0000  SI=FFEE  DI=0000          
DS=176C  ES=176C  SS=176C  CS=176C  IP=0262   NV UP DI PL NZ NA PO NC           
176C:0262 55            PUSH    BP                                              

AX=0101  BX=0000  CX=0000  DX=0000  SP=FFEC  BP=0000  SI=FFEE  DI=0000          
DS=176C  ES=176C  SS=176C  CS=176C  IP=0263   NV UP DI PL NZ NA PO NC           
176C:0263 55            PUSH    BP                                              

AX=0101  BX=0000  CX=0000  DX=0000  SP=FFEA  BP=0000  SI=FFEE  DI=0000          
DS=176C  ES=176C  SS=176C  CS=176C  IP=0264   NV UP DI PL NZ NA PO NC           
176C:0264 9D            POPF                                                    

AX=0101  BX=0000  CX=0000  DX=0000  SP=FFEC  BP=0000  SI=FFEE  DI=0000          
DS=176C  ES=176C  SS=176C  CS=176C  IP=0265   NV UP DI PL NZ NA PO NC           
176C:0265 89F4          MOV     SP,SI                                           

AX=0101  BX=0000  CX=0000  DX=0000  SP=FFEE  BP=0000  SI=FFEE  DI=0000          
DS=176C  ES=176C  SS=176C  CS=176C  IP=0267   NV UP DI PL NZ NA PO NC           
176C:0267 B80100        MOV     AX,0001                                         

AX=0001  BX=0000  CX=0000  DX=0000  SP=FFEE  BP=0000  SI=FFEE  DI=0000          
DS=176C  ES=176C  SS=176C  CS=176C  IP=026A   NV UP DI PL NZ NA PO NC           
176C:026A 55            PUSH    BP                                              

AX=0001  BX=0000  CX=0000  DX=0000  SP=FFEC  BP=0000  SI=FFEE  DI=0000          
DS=176C  ES=176C  SS=176C  CS=176C  IP=026B   NV UP DI PL NZ NA PO NC           
176C:026B 55            PUSH    BP                                              

AX=0001  BX=0000  CX=0000  DX=0000  SP=FFEA  BP=0000  SI=FFEE  DI=0000          
DS=176C  ES=176C  SS=176C  CS=176C  IP=026C   NV UP DI PL NZ NA PO NC           
176C:026C 9D            POPF                                                    

AX=0001  BX=0000  CX=0000  DX=0000  SP=FFEC  BP=0000  SI=FFEE  DI=0000          
DS=176C  ES=176C  SS=176C  CS=176C  IP=026D   NV UP DI PL NZ NA PO NC           
176C:026D 89F4          MOV     SP,SI                                           

AX=0001  BX=0000  CX=0000  DX=0000  SP=FFEE  BP=0000  SI=FFEE  DI=0000          
DS=176C  ES=176C  SS=176C  CS=176C  IP=026F   NV UP DI PL NZ NA PO NC           
176C:026F B401          MOV     AH,01                                           

AX=0101  BX=0000  CX=0000  DX=0000  SP=FFEE  BP=0000  SI=FFEE  DI=0000          
DS=176C  ES=176C  SS=176C  CS=176C  IP=0271   NV UP DI PL NZ NA PO NC           
176C:0271 55            PUSH    BP                                              

AX=0101  BX=0000  CX=0000  DX=0000  SP=FFEC  BP=0000  SI=FFEE  DI=0000          
DS=176C  ES=176C  SS=176C  CS=176C  IP=0272   NV UP DI PL NZ NA PO NC           
176C:0272 55            PUSH    BP                                              

AX=0101  BX=0000  CX=0000  DX=0000  SP=FFEA  BP=0000  SI=FFEE  DI=0000          
DS=176C  ES=176C  SS=176C  CS=176C  IP=0273   NV UP DI PL NZ NA PO NC           
176C:0273 9D            POPF                                                    

AX=0101  BX=0000  CX=0000  DX=0000  SP=FFEC  BP=0000  SI=FFEE  DI=0000          
DS=176C  ES=176C  SS=176C  CS=176C  IP=0274   NV UP DI PL NZ NA PO NC           
176C:0274 89F4          MOV     SP,SI                                           

AX=0101  BX=0000  CX=0000  DX=0000  SP=FFEE  BP=0000  SI=FFEE  DI=0000          
DS=176C  ES=176C  SS=176C  CS=176C  IP=0276   NV UP DI PL NZ NA PO NC           
176C:0276 B80100        MOV     AX,0001                                         

AX=0001  BX=0000  CX=0000  DX=0000  SP=FFEE  BP=0000  SI=FFEE  DI=0000          
DS=176C  ES=176C  SS=176C  CS=176C  IP=0279   NV UP DI PL NZ NA PO NC           
176C:0279 55            PUSH    BP                                              

AX=0001  BX=0000  CX=0000  DX=0000  SP=FFEC  BP=0000  SI=FFEE  DI=0000          
DS=176C  ES=176C  SS=176C  CS=176C  IP=027A   NV UP DI PL NZ NA PO NC           
176C:027A 55            PUSH    BP                                              

AX=0001  BX=0000  CX=0000  DX=0000  SP=FFEA  BP=0000  SI=FFEE  DI=0000          
DS=176C  ES=176C  SS=176C  CS=176C  IP=027B   NV UP DI PL NZ NA PO NC           
176C:027B 9D            POPF                                                    

AX=0001  BX=0000  CX=0000  DX=0000  SP=FFEC  BP=0000  SI=FFEE  DI=0000          
DS=176C  ES=176C  SS=176C  CS=176C  IP=027C   NV UP DI PL NZ NA PO NC           
176C:027C 89F4          MOV     SP,SI                                           

AX=0001  BX=0000  CX=0000  DX=0000  SP=FFEE  BP=0000  SI=FFEE  DI=0000          
DS=176C  ES=176C  SS=176C  CS=176C  IP=027E   NV UP DI PL NZ NA PO NC           
176C:027E B80100        MOV     AX,0001                                         

AX=0001  BX=0000  CX=0000  DX=0000  SP=FFEE  BP=0000  SI=FFEE  DI=0000          
DS=176C  ES=176C  SS=176C  CS=176C  IP=0281   NV UP DI PL NZ NA PO NC           
176C:0281 B101          MOV     CL,01                                           

AX=0001  BX=0000  CX=0001  DX=0000  SP=FFEE  BP=0000  SI=FFEE  DI=0000          
DS=176C  ES=176C  SS=176C  CS=176C  IP=0283   NV UP DI PL NZ NA PO NC           
176C:0283 D3E8          SHR     AX,CL                                           

AX=0000  BX=0000  CX=0001  DX=0000  SP=FFEE  BP=0000  SI=FFEE  DI=0000          
DS=176C  ES=176C  SS=176C  CS=176C  IP=0285   NV UP DI PL ZR NA PE CY           
176C:0285 55            PUSH    BP                                              

AX=0000  BX=0000  CX=0001  DX=0000  SP=FFEC  BP=0000  SI=FFEE  DI=0000          
DS=176C  ES=176C  SS=176C  CS=176C  IP=0286   NV UP DI PL ZR NA PE CY           
176C:0286 55            PUSH    BP                                              

AX=0000  BX=0000  CX=0001  DX=0000  SP=FFEA  BP=0000  SI=FFEE  DI=0000          
DS=176C  ES=176C  SS=176C  CS=176C  IP=0287   NV UP DI PL ZR NA PE CY           
176C:0287 9D            POPF                                                    

AX=0000  BX=0000  CX=0001  DX=0000  SP=FFEC  BP=0000  SI=FFEE  DI=0000          
DS=176C  ES=176C  SS=176C  CS=176C  IP=0288   NV UP DI PL NZ NA PO NC           
176C:0288 89F4          MOV     SP,SI                                           

AX=0000  BX=0000  CX=0001  DX=0000  SP=FFEE  BP=0000  SI=FFEE  DI=0000          
DS=176C  ES=176C  SS=176C  CS=176C  IP=028A   NV UP DI PL NZ NA PO NC           
176C:028A B401          MOV     AH,01                                           

AX=0100  BX=0000  CX=0001  DX=0000  SP=FFEE  BP=0000  SI=FFEE  DI=0000          
DS=176C  ES=176C  SS=176C  CS=176C  IP=028C   NV UP DI PL NZ NA PO NC           
176C:028C B101          MOV     CL,01                                           

AX=0100  BX=0000  CX=0001  DX=0000  SP=FFEE  BP=0000  SI=FFEE  DI=0000          
DS=176C  ES=176C  SS=176C  CS=176C  IP=028E   NV UP DI PL NZ NA PO NC           
176C:028E D2E8          SHR     AL,CL                                           

AX=0100  BX=0000  CX=0001  DX=0000  SP=FFEE  BP=0000  SI=FFEE  DI=0000          
DS=176C  ES=176C  SS=176C  CS=176C  IP=0290   NV UP DI PL ZR NA PE NC           
176C:0290 55            PUSH    BP                                              

AX=0100  BX=0000  CX=0001  DX=0000  SP=FFEC  BP=0000  SI=FFEE  DI=0000          
DS=176C  ES=176C  SS=176C  CS=176C  IP=0291   NV UP DI PL ZR NA PE NC           
176C:0291 55            PUSH    BP                                              

AX=0100  BX=0000  CX=0001  DX=0000  SP=FFEA  BP=0000  SI=FFEE  DI=0000          
DS=176C  ES=176C  SS=176C  CS=176C  IP=0292   NV UP DI PL ZR NA PE NC           
176C:0292 9D            POPF                                                    

AX=0100  BX=0000  CX=0001  DX=0000  SP=FFEC  BP=0000  SI=FFEE  DI=0000          
DS=176C  ES=176C  SS=176C  CS=176C  IP=0293   NV UP DI PL NZ NA PO NC           
176C:0293 89F4          MOV     SP,SI                                           

AX=0100  BX=0000  CX=0001  DX=0000  SP=FFEE  BP=0000  SI=FFEE  DI=0000          
DS=176C  ES=176C  SS=176C  CS=176C  IP=0295   NV UP DI PL NZ NA PO NC           
176C:0295 B80100        MOV     AX,0001                                         

AX=0001  BX=0000  CX=0001  DX=0000  SP=FFEE  BP=0000  SI=FFEE  DI=0000          
DS=176C  ES=176C  SS=176C  CS=176C  IP=0298   NV UP DI PL NZ NA PO NC           
176C:0298 55            PUSH    BP                                              

AX=0001  BX=0000  CX=0001  DX=0000  SP=FFEC  BP=0000  SI=FFEE  DI=0000          
DS=176C  ES=176C  SS=176C  CS=176C  IP=0299   NV UP DI PL NZ NA PO NC           
176C:0299 55            PUSH    BP                                              

AX=0001  BX=0000  CX=0001  DX=0000  SP=FFEA  BP=0000  SI=FFEE  DI=0000          
DS=176C  ES=176C  SS=176C  CS=176C  IP=029A   NV UP DI PL NZ NA PO NC           
176C:029A 9D            POPF                                                    

AX=0001  BX=0000  CX=0001  DX=0000  SP=FFEC  BP=0000  SI=FFEE  DI=0000          
DS=176C  ES=176C  SS=176C  CS=176C  IP=029B   NV UP DI PL NZ NA PO NC           
176C:029B 89F4          MOV     SP,SI                                           

AX=0001  BX=0000  CX=0001  DX=0000  SP=FFEE  BP=0000  SI=FFEE  DI=0000          
DS=176C  ES=176C  SS=176C  CS=176C  IP=029D   NV UP DI PL NZ NA PO NC           
176C:029D B401          MOV     AH,01                                           

AX=0101  BX=0000  CX=0001  DX=0000  SP=FFEE  BP=0000  SI=FFEE  DI=0000          
DS=176C  ES=176C  SS=176C  CS=176C  IP=029F   NV UP DI PL NZ NA PO NC           
176C:029F 55            PUSH    BP                                              

AX=0101  BX=0000  CX=0001  DX=0000  SP=FFEC  BP=0000  SI=FFEE  DI=0000          
DS=176C  ES=176C  SS=176C  CS=176C  IP=02A0   NV UP DI PL NZ NA PO NC           
176C:02A0 55            PUSH    BP                                              

AX=0101  BX=0000  CX=0001  DX=0000  SP=FFEA  BP=0000  SI=FFEE  DI=0000          
DS=176C  ES=176C  SS=176C  CS=176C  IP=02A1   NV UP DI PL NZ NA PO NC           
176C:02A1 9D            POPF                                                    

AX=0101  BX=0000  CX=0001  DX=0000  SP=FFEC  BP=0000  SI=FFEE  DI=0000          
DS=176C  ES=176C  SS=176C  CS=176C  IP=02A2   NV UP DI PL NZ NA PO NC           
176C:02A2 89F4          MOV     SP,SI                                           

AX=0101  BX=0000  CX=0001  DX=0000  SP=FFEE  BP=0000  SI=FFEE  DI=0000          
DS=176C  ES=176C  SS=176C  CS=176C  IP=02A4   NV UP DI PL NZ NA PO NC           
176C:02A4 B80100        MOV     AX,0001                                         

AX=0001  BX=0000  CX=0001  DX=0000  SP=FFEE  BP=0000  SI=FFEE  DI=0000          
DS=176C  ES=176C  SS=176C  CS=176C  IP=02A7   NV UP DI PL NZ NA PO NC           
176C:02A7 55            PUSH    BP                                              

AX=0001  BX=0000  CX=0001  DX=0000  SP=FFEC  BP=0000  SI=FFEE  DI=0000          
DS=176C  ES=176C  SS=176C  CS=176C  IP=02A8   NV UP DI PL NZ NA PO NC           
176C:02A8 55            PUSH    BP                                              

AX=0001  BX=0000  CX=0001  DX=0000  SP=FFEA  BP=0000  SI=FFEE  DI=0000          
DS=176C  ES=176C  SS=176C  CS=176C  IP=02A9   NV UP DI PL NZ NA PO NC           
176C:02A9 9D            POPF                                                    

AX=0001  BX=0000  CX=0001  DX=0000  SP=FFEC  BP=0000  SI=FFEE  DI=0000          
DS=176C  ES=176C  SS=176C  CS=176C  IP=02AA   NV UP DI PL NZ NA PO NC           
176C:02AA 89F4          MOV     SP,SI                                           

AX=0001  BX=0000  CX=0001  DX=0000  SP=FFEE  BP=0000  SI=FFEE  DI=0000          
DS=176C  ES=176C  SS=176C  CS=176C  IP=02AC   NV UP DI PL NZ NA PO NC           
176C:02AC B8FFFF        MOV     AX,FFFF                                         

AX=FFFF  BX=0000  CX=0001  DX=0000  SP=FFEE  BP=0000  SI=FFEE  DI=0000          
DS=176C  ES=176C  SS=176C  CS=176C  IP=02AF   NV UP DI PL NZ NA PO NC           
176C:02AF B100          MOV     CL,00                                           

AX=FFFF  BX=0000  CX=0000  DX=0000  SP=FFEE  BP=0000  SI=FFEE  DI=0000          
DS=176C  ES=176C  SS=176C  CS=176C  IP=02B1   NV UP DI PL NZ NA PO NC           
176C:02B1 D3E8          SHR     AX,CL                                           

AX=FFFF  BX=0000  CX=0000  DX=0000  SP=FFEE  BP=0000  SI=FFEE  DI=0000          
DS=176C  ES=176C  SS=176C  CS=176C  IP=02B3   NV UP DI PL NZ NA PO NC           
176C:02B3 55            PUSH    BP                                              

AX=FFFF  BX=0000  CX=0000  DX=0000  SP=FFEC  BP=0000  SI=FFEE  DI=0000          
DS=176C  ES=176C  SS=176C  CS=176C  IP=02B4   NV UP DI PL NZ NA PO NC           
176C:02B4 55            PUSH    BP                                              

AX=FFFF  BX=0000  CX=0000  DX=0000  SP=FFEA  BP=0000  SI=FFEE  DI=0000          
DS=176C  ES=176C  SS=176C  CS=176C  IP=02B5   NV UP DI PL NZ NA PO NC           
176C:02B5 9D            POPF                                                    

AX=FFFF  BX=0000  CX=0000  DX=0000  SP=FFEC  BP=0000  SI=FFEE  DI=0000          
DS=176C  ES=176C  SS=176C  CS=176C  IP=02B6   NV UP DI PL NZ NA PO NC           
176C:02B6 89F4          MOV     SP,SI                                           

AX=FFFF  BX=0000  CX=0000  DX=0000  SP=FFEE  BP=0000  SI=FFEE  DI=0000          
DS=176C  ES=176C  SS=176C  CS=176C  IP=02B8   NV UP DI PL NZ NA PO NC           
176C:02B8 B4FF          MOV     AH,FF                                           

AX=FFFF  BX=0000  CX=0000  DX=0000  SP=FFEE  BP=0000  SI=FFEE  DI=0000          
DS=176C  ES=176C  SS=176C  CS=176C  IP=02BA   NV UP DI PL NZ NA PO NC           
176C:02BA B100          MOV     CL,00                                           

AX=FFFF  BX=0000  CX=0000  DX=0000  SP=FFEE  BP=0000  SI=FFEE  DI=0000          
DS=176C  ES=176C  SS=176C  CS=176C  IP=02BC   NV UP DI PL NZ NA PO NC           
176C:02BC D2E8          SHR     AL,CL                                           

AX=FFFF  BX=0000  CX=0000  DX=0000  SP=FFEE  BP=0000  SI=FFEE  DI=0000          
DS=176C  ES=176C  SS=176C  CS=176C  IP=02BE   NV UP DI PL NZ NA PO NC           
176C:02BE 55            PUSH    BP                                              

AX=FFFF  BX=0000  CX=0000  DX=0000  SP=FFEC  BP=0000  SI=FFEE  DI=0000          
DS=176C  ES=176C  SS=176C  CS=176C  IP=02BF   NV UP DI PL NZ NA PO NC           
176C:02BF 55            PUSH    BP                                              

AX=FFFF  BX=0000  CX=0000  DX=0000  SP=FFEA  BP=0000  SI=FFEE  DI=0000          
DS=176C  ES=176C  SS=176C  CS=176C  IP=02C0   NV UP DI PL NZ NA PO NC           
176C:02C0 9D            POPF                                                    

AX=FFFF  BX=0000  CX=0000  DX=0000  SP=FFEC  BP=0000  SI=FFEE  DI=0000          
DS=176C  ES=176C  SS=176C  CS=176C  IP=02C1   NV UP DI PL NZ NA PO NC           
176C:02C1 89F4          MOV     SP,SI                                           

AX=FFFF  BX=0000  CX=0000  DX=0000  SP=FFEE  BP=0000  SI=FFEE  DI=0000          
DS=176C  ES=176C  SS=176C  CS=176C  IP=02C3   NV UP DI PL NZ NA PO NC           
176C:02C3 B8FFFF        MOV     AX,FFFF                                         

AX=FFFF  BX=0000  CX=0000  DX=0000  SP=FFEE  BP=0000  SI=FFEE  DI=0000          
DS=176C  ES=176C  SS=176C  CS=176C  IP=02C6   NV UP DI PL NZ NA PO NC           
176C:02C6 55            PUSH    BP                                              

AX=FFFF  BX=0000  CX=0000  DX=0000  SP=FFEC  BP=0000  SI=FFEE  DI=0000          
DS=176C  ES=176C  SS=176C  CS=176C  IP=02C7   NV UP DI PL NZ NA PO NC           
176C:02C7 55            PUSH    BP                                              

AX=FFFF  BX=0000  CX=0000  DX=0000  SP=FFEA  BP=0000  SI=FFEE  DI=0000          
DS=176C  ES=176C  SS=176C  CS=176C  IP=02C8   NV UP DI PL NZ NA PO NC           
176C:02C8 9D            POPF                                                    

AX=FFFF  BX=0000  CX=0000  DX=0000  SP=FFEC  BP=0000  SI=FFEE  DI=0000          
DS=176C  ES=176C  SS=176C  CS=176C  IP=02C9   NV UP DI PL NZ NA PO NC           
176C:02C9 89F4          MOV     SP,SI                                           

AX=FFFF  BX=0000  CX=0000  DX=0000  SP=FFEE  BP=0000  SI=FFEE  DI=0000          
DS=176C  ES=176C  SS=176C  CS=176C  IP=02CB   NV UP DI PL NZ NA PO NC           
176C:02CB B4FF          MOV     AH,FF                                           

AX=FFFF  BX=0000  CX=0000  DX=0000  SP=FFEE  BP=0000  SI=FFEE  DI=0000          
DS=176C  ES=176C  SS=176C  CS=176C  IP=02CD   NV UP DI PL NZ NA PO NC           
176C:02CD 55            PUSH    BP                                              

AX=FFFF  BX=0000  CX=0000  DX=0000  SP=FFEC  BP=0000  SI=FFEE  DI=0000          
DS=176C  ES=176C  SS=176C  CS=176C  IP=02CE   NV UP DI PL NZ NA PO NC           
176C:02CE 55            PUSH    BP                                              

AX=FFFF  BX=0000  CX=0000  DX=0000  SP=FFEA  BP=0000  SI=FFEE  DI=0000          
DS=176C  ES=176C  SS=176C  CS=176C  IP=02CF   NV UP DI PL NZ NA PO NC           
176C:02CF 9D            POPF                                                    

AX=FFFF  BX=0000  CX=0000  DX=0000  SP=FFEC  BP=0000  SI=FFEE  DI=0000          
DS=176C  ES=176C  SS=176C  CS=176C  IP=02D0   NV UP DI PL NZ NA PO NC           
176C:02D0 89F4          MOV     SP,SI                                           

AX=FFFF  BX=0000  CX=0000  DX=0000  SP=FFEE  BP=0000  SI=FFEE  DI=0000          
DS=176C  ES=176C  SS=176C  CS=176C  IP=02D2   NV UP DI PL NZ NA PO NC           
176C:02D2 B8FFFF        MOV     AX,FFFF                                         

AX=FFFF  BX=0000  CX=0000  DX=0000  SP=FFEE  BP=0000  SI=FFEE  DI=0000          
DS=176C  ES=176C  SS=176C  CS=176C  IP=02D5   NV UP DI PL NZ NA PO NC           
176C:02D5 55            PUSH    BP                                              

AX=FFFF  BX=0000  CX=0000  DX=0000  SP=FFEC  BP=0000  SI=FFEE  DI=0000          
DS=176C  ES=176C  SS=176C  CS=176C  IP=02D6   NV UP DI PL NZ NA PO NC           
176C:02D6 55            PUSH    BP                                              

AX=FFFF  BX=0000  CX=0000  DX=0000  SP=FFEA  BP=0000  SI=FFEE  DI=0000          
DS=176C  ES=176C  SS=176C  CS=176C  IP=02D7   NV UP DI PL NZ NA PO NC           
176C:02D7 9D            POPF                                                    

AX=FFFF  BX=0000  CX=0000  DX=0000  SP=FFEC  BP=0000  SI=FFEE  DI=0000          
DS=176C  ES=176C  SS=176C  CS=176C  IP=02D8   NV UP DI PL NZ NA PO NC           
176C:02D8 89F4          MOV     SP,SI                                           

AX=FFFF  BX=0000  CX=0000  DX=0000  SP=FFEE  BP=0000  SI=FFEE  DI=0000          
DS=176C  ES=176C  SS=176C  CS=176C  IP=02DA   NV UP DI PL NZ NA PO NC           
176C:02DA B8FFFF        MOV     AX,FFFF                                         

AX=FFFF  BX=0000  CX=0000  DX=0000  SP=FFEE  BP=0000  SI=FFEE  DI=0000          
DS=176C  ES=176C  SS=176C  CS=176C  IP=02DD   NV UP DI PL NZ NA PO NC           
176C:02DD B101          MOV     CL,01                                           

AX=FFFF  BX=0000  CX=0001  DX=0000  SP=FFEE  BP=0000  SI=FFEE  DI=0000          
DS=176C  ES=176C  SS=176C  CS=176C  IP=02DF   NV UP DI PL NZ NA PO NC           
176C:02DF D3E8          SHR     AX,CL                                           

AX=7FFF  BX=0000  CX=0001  DX=0000  SP=FFEE  BP=0000  SI=FFEE  DI=0000          
DS=176C  ES=176C  SS=176C  CS=176C  IP=02E1   OV UP DI PL NZ NA PE CY           
176C:02E1 55            PUSH    BP                                              

AX=7FFF  BX=0000  CX=0001  DX=0000  SP=FFEC  BP=0000  SI=FFEE  DI=0000          
DS=176C  ES=176C  SS=176C  CS=176C  IP=02E2   OV UP DI PL NZ NA PE CY           
176C:02E2 55            PUSH    BP                                              

AX=7FFF  BX=0000  CX=0001  DX=0000  SP=FFEA  BP=0000  SI=FFEE  DI=0000          
DS=176C  ES=176C  SS=176C  CS=176C  IP=02E3   OV UP DI PL NZ NA PE CY           
176C:02E3 9D            POPF                                                    

AX=7FFF  BX=0000  CX=0001  DX=0000  SP=FFEC  BP=0000  SI=FFEE  DI=0000          
DS=176C  ES=176C  SS=176C  CS=176C  IP=02E4   NV UP DI PL NZ NA PO NC           
176C:02E4 89F4          MOV     SP,SI                                           

AX=7FFF  BX=0000  CX=0001  DX=0000  SP=FFEE  BP=0000  SI=FFEE  DI=0000          
DS=176C  ES=176C  SS=176C  CS=176C  IP=02E6   NV UP DI PL NZ NA PO NC           
176C:02E6 B4FF          MOV     AH,FF                                           

AX=FFFF  BX=0000  CX=0001  DX=0000  SP=FFEE  BP=0000  SI=FFEE  DI=0000          
DS=176C  ES=176C  SS=176C  CS=176C  IP=02E8   NV UP DI PL NZ NA PO NC           
176C:02E8 B101          MOV     CL,01                                           

AX=FFFF  BX=0000  CX=0001  DX=0000  SP=FFEE  BP=0000  SI=FFEE  DI=0000          
DS=176C  ES=176C  SS=176C  CS=176C  IP=02EA   NV UP DI PL NZ NA PO NC           
176C:02EA D2E8          SHR     AL,CL                                           

AX=FF7F  BX=0000  CX=0001  DX=0000  SP=FFEE  BP=0000  SI=FFEE  DI=0000          
DS=176C  ES=176C  SS=176C  CS=176C  IP=02EC   OV UP DI PL NZ NA PO CY           
176C:02EC 55            PUSH    BP                                              

AX=FF7F  BX=0000  CX=0001  DX=0000  SP=FFEC  BP=0000  SI=FFEE  DI=0000          
DS=176C  ES=176C  SS=176C  CS=176C  IP=02ED   OV UP DI PL NZ NA PO CY           
176C:02ED 55            PUSH    BP                                              

AX=FF7F  BX=0000  CX=0001  DX=0000  SP=FFEA  BP=0000  SI=FFEE  DI=0000          
DS=176C  ES=176C  SS=176C  CS=176C  IP=02EE   OV UP DI PL NZ NA PO CY           
176C:02EE 9D            POPF                                                    

AX=FF7F  BX=0000  CX=0001  DX=0000  SP=FFEC  BP=0000  SI=FFEE  DI=0000          
DS=176C  ES=176C  SS=176C  CS=176C  IP=02EF   NV UP DI PL NZ NA PO NC           
176C:02EF 89F4          MOV     SP,SI                                           

AX=FF7F  BX=0000  CX=0001  DX=0000  SP=FFEE  BP=0000  SI=FFEE  DI=0000          
DS=176C  ES=176C  SS=176C  CS=176C  IP=02F1   NV UP DI PL NZ NA PO NC           
176C:02F1 B8FFFF        MOV     AX,FFFF                                         

AX=FFFF  BX=0000  CX=0001  DX=0000  SP=FFEE  BP=0000  SI=FFEE  DI=0000          
DS=176C  ES=176C  SS=176C  CS=176C  IP=02F4   NV UP DI PL NZ NA PO NC           
176C:02F4 55            PUSH    BP                                              

AX=FFFF  BX=0000  CX=0001  DX=0000  SP=FFEC  BP=0000  SI=FFEE  DI=0000          
DS=176C  ES=176C  SS=176C  CS=176C  IP=02F5   NV UP DI PL NZ NA PO NC           
176C:02F5 55            PUSH    BP                                              

AX=FFFF  BX=0000  CX=0001  DX=0000  SP=FFEA  BP=0000  SI=FFEE  DI=0000          
DS=176C  ES=176C  SS=176C  CS=176C  IP=02F6   NV UP DI PL NZ NA PO NC           
176C:02F6 9D            POPF                                                    

AX=FFFF  BX=0000  CX=0001  DX=0000  SP=FFEC  BP=0000  SI=FFEE  DI=0000          
DS=176C  ES=176C  SS=176C  CS=176C  IP=02F7   NV UP DI PL NZ NA PO NC           
176C:02F7 89F4          MOV     SP,SI                                           

AX=FFFF  BX=0000  CX=0001  DX=0000  SP=FFEE  BP=0000  SI=FFEE  DI=0000          
DS=176C  ES=176C  SS=176C  CS=176C  IP=02F9   NV UP DI PL NZ NA PO NC           
176C:02F9 B4FF          MOV     AH,FF                                           

AX=FFFF  BX=0000  CX=0001  DX=0000  SP=FFEE  BP=0000  SI=FFEE  DI=0000          
DS=176C  ES=176C  SS=176C  CS=176C  IP=02FB   NV UP DI PL NZ NA PO NC           
176C:02FB 55            PUSH    BP                                              

AX=FFFF  BX=0000  CX=0001  DX=0000  SP=FFEC  BP=0000  SI=FFEE  DI=0000          
DS=176C  ES=176C  SS=176C  CS=176C  IP=02FC   NV UP DI PL NZ NA PO NC           
176C:02FC 55            PUSH    BP                                              

AX=FFFF  BX=0000  CX=0001  DX=0000  SP=FFEA  BP=0000  SI=FFEE  DI=0000          
DS=176C  ES=176C  SS=176C  CS=176C  IP=02FD   NV UP DI PL NZ NA PO NC           
176C:02FD 9D            POPF                                                    

AX=FFFF  BX=0000  CX=0001  DX=0000  SP=FFEC  BP=0000  SI=FFEE  DI=0000          
DS=176C  ES=176C  SS=176C  CS=176C  IP=02FE   NV UP DI PL NZ NA PO NC           
176C:02FE 89F4          MOV     SP,SI                                           

AX=FFFF  BX=0000  CX=0001  DX=0000  SP=FFEE  BP=0000  SI=FFEE  DI=0000          
DS=176C  ES=176C  SS=176C  CS=176C  IP=0300   NV UP DI PL NZ NA PO NC           
176C:0300 B8FFFF        MOV     AX,FFFF                                         

AX=FFFF  BX=0000  CX=0001  DX=0000  SP=FFEE  BP=0000  SI=FFEE  DI=0000          
DS=176C  ES=176C  SS=176C  CS=176C  IP=0303   NV UP DI PL NZ NA PO NC           
176C:0303 55            PUSH    BP                                              

AX=FFFF  BX=0000  CX=0001  DX=0000  SP=FFEC  BP=0000  SI=FFEE  DI=0000          
DS=176C  ES=176C  SS=176C  CS=176C  IP=0304   NV UP DI PL NZ NA PO NC           
176C:0304 55            PUSH    BP                                              

AX=FFFF  BX=0000  CX=0001  DX=0000  SP=FFEA  BP=0000  SI=FFEE  DI=0000          
DS=176C  ES=176C  SS=176C  CS=176C  IP=0305   NV UP DI PL NZ NA PO NC           
176C:0305 9D            POPF                                                    

AX=FFFF  BX=0000  CX=0001  DX=0000  SP=FFEC  BP=0000  SI=FFEE  DI=0000          
DS=176C  ES=176C  SS=176C  CS=176C  IP=0306   NV UP DI PL NZ NA PO NC           
176C:0306 89F4          MOV     SP,SI                                           

AX=FFFF  BX=0000  CX=0001  DX=0000  SP=FFEE  BP=0000  SI=FFEE  DI=0000          
DS=176C  ES=176C  SS=176C  CS=176C  IP=0308   NV UP DI PL NZ NA PO NC           
176C:0308 B80080        MOV     AX,8000                                         

AX=8000  BX=0000  CX=0001  DX=0000  SP=FFEE  BP=0000  SI=FFEE  DI=0000          
DS=176C  ES=176C  SS=176C  CS=176C  IP=030B   NV UP DI PL NZ NA PO NC           
176C:030B B100          MOV     CL,00                                           

AX=8000  BX=0000  CX=0000  DX=0000  SP=FFEE  BP=0000  SI=FFEE  DI=0000          
DS=176C  ES=176C  SS=176C  CS=176C  IP=030D   NV UP DI PL NZ NA PO NC           
176C:030D D3E8          SHR     AX,CL                                           

AX=8000  BX=0000  CX=0000  DX=0000  SP=FFEE  BP=0000  SI=FFEE  DI=0000          
DS=176C  ES=176C  SS=176C  CS=176C  IP=030F   NV UP DI PL NZ NA PO NC           
176C:030F 55            PUSH    BP                                              

AX=8000  BX=0000  CX=0000  DX=0000  SP=FFEC  BP=0000  SI=FFEE  DI=0000          
DS=176C  ES=176C  SS=176C  CS=176C  IP=0310   NV UP DI PL NZ NA PO NC           
176C:0310 55            PUSH    BP                                              

AX=8000  BX=0000  CX=0000  DX=0000  SP=FFEA  BP=0000  SI=FFEE  DI=0000          
DS=176C  ES=176C  SS=176C  CS=176C  IP=0311   NV UP DI PL NZ NA PO NC           
176C:0311 9D            POPF                                                    

AX=8000  BX=0000  CX=0000  DX=0000  SP=FFEC  BP=0000  SI=FFEE  DI=0000          
DS=176C  ES=176C  SS=176C  CS=176C  IP=0312   NV UP DI PL NZ NA PO NC           
176C:0312 89F4          MOV     SP,SI                                           

AX=8000  BX=0000  CX=0000  DX=0000  SP=FFEE  BP=0000  SI=FFEE  DI=0000          
DS=176C  ES=176C  SS=176C  CS=176C  IP=0314   NV UP DI PL NZ NA PO NC           
176C:0314 B400          MOV     AH,00                                           

AX=0000  BX=0000  CX=0000  DX=0000  SP=FFEE  BP=0000  SI=FFEE  DI=0000          
DS=176C  ES=176C  SS=176C  CS=176C  IP=0316   NV UP DI PL NZ NA PO NC           
176C:0316 B100          MOV     CL,00                                           

AX=0000  BX=0000  CX=0000  DX=0000  SP=FFEE  BP=0000  SI=FFEE  DI=0000          
DS=176C  ES=176C  SS=176C  CS=176C  IP=0318   NV UP DI PL NZ NA PO NC           
176C:0318 D2E8          SHR     AL,CL                                           

AX=0000  BX=0000  CX=0000  DX=0000  SP=FFEE  BP=0000  SI=FFEE  DI=0000          
DS=176C  ES=176C  SS=176C  CS=176C  IP=031A   NV UP DI PL NZ NA PO NC           
176C:031A 55            PUSH    BP                                              

AX=0000  BX=0000  CX=0000  DX=0000  SP=FFEC  BP=0000  SI=FFEE  DI=0000          
DS=176C  ES=176C  SS=176C  CS=176C  IP=031B   NV UP DI PL NZ NA PO NC           
176C:031B 55            PUSH    BP                                              

AX=0000  BX=0000  CX=0000  DX=0000  SP=FFEA  BP=0000  SI=FFEE  DI=0000          
DS=176C  ES=176C  SS=176C  CS=176C  IP=031C   NV UP DI PL NZ NA PO NC           
176C:031C 9D            POPF                                                    

AX=0000  BX=0000  CX=0000  DX=0000  SP=FFEC  BP=0000  SI=FFEE  DI=0000          
DS=176C  ES=176C  SS=176C  CS=176C  IP=031D   NV UP DI PL NZ NA PO NC           
176C:031D 89F4          MOV     SP,SI                                           

AX=0000  BX=0000  CX=0000  DX=0000  SP=FFEE  BP=0000  SI=FFEE  DI=0000          
DS=176C  ES=176C  SS=176C  CS=176C  IP=031F   NV UP DI PL NZ NA PO NC           
176C:031F B80080        MOV     AX,8000                                         

AX=8000  BX=0000  CX=0000  DX=0000  SP=FFEE  BP=0000  SI=FFEE  DI=0000          
DS=176C  ES=176C  SS=176C  CS=176C  IP=0322   NV UP DI PL NZ NA PO NC           
176C:0322 55            PUSH    BP                                              

AX=8000  BX=0000  CX=0000  DX=0000  SP=FFEC  BP=0000  SI=FFEE  DI=0000          
DS=176C  ES=176C  SS=176C  CS=176C  IP=0323   NV UP DI PL NZ NA PO NC           
176C:0323 55            PUSH    BP                                              

AX=8000  BX=0000  CX=0000  DX=0000  SP=FFEA  BP=0000  SI=FFEE  DI=0000          
DS=176C  ES=176C  SS=176C  CS=176C  IP=0324   NV UP DI PL NZ NA PO NC           
176C:0324 9D            POPF                                                    

AX=8000  BX=0000  CX=0000  DX=0000  SP=FFEC  BP=0000  SI=FFEE  DI=0000          
DS=176C  ES=176C  SS=176C  CS=176C  IP=0325   NV UP DI PL NZ NA PO NC           
176C:0325 89F4          MOV     SP,SI                                           

AX=8000  BX=0000  CX=0000  DX=0000  SP=FFEE  BP=0000  SI=FFEE  DI=0000          
DS=176C  ES=176C  SS=176C  CS=176C  IP=0327   NV UP DI PL NZ NA PO NC           
176C:0327 B400          MOV     AH,00                                           

AX=0000  BX=0000  CX=0000  DX=0000  SP=FFEE  BP=0000  SI=FFEE  DI=0000          
DS=176C  ES=176C  SS=176C  CS=176C  IP=0329   NV UP DI PL NZ NA PO NC           
176C:0329 55            PUSH    BP                                              

AX=0000  BX=0000  CX=0000  DX=0000  SP=FFEC  BP=0000  SI=FFEE  DI=0000          
DS=176C  ES=176C  SS=176C  CS=176C  IP=032A   NV UP DI PL NZ NA PO NC           
176C:032A 55            PUSH    BP                                              

AX=0000  BX=0000  CX=0000  DX=0000  SP=FFEA  BP=0000  SI=FFEE  DI=0000          
DS=176C  ES=176C  SS=176C  CS=176C  IP=032B   NV UP DI PL NZ NA PO NC           
176C:032B 9D            POPF                                                    

AX=0000  BX=0000  CX=0000  DX=0000  SP=FFEC  BP=0000  SI=FFEE  DI=0000          
DS=176C  ES=176C  SS=176C  CS=176C  IP=032C   NV UP DI PL NZ NA PO NC           
176C:032C 89F4          MOV     SP,SI                                           

AX=0000  BX=0000  CX=0000  DX=0000  SP=FFEE  BP=0000  SI=FFEE  DI=0000          
DS=176C  ES=176C  SS=176C  CS=176C  IP=032E   NV UP DI PL NZ NA PO NC           
176C:032E B80080        MOV     AX,8000                                         

AX=8000  BX=0000  CX=0000  DX=0000  SP=FFEE  BP=0000  SI=FFEE  DI=0000          
DS=176C  ES=176C  SS=176C  CS=176C  IP=0331   NV UP DI PL NZ NA PO NC           
176C:0331 55            PUSH    BP                                              

AX=8000  BX=0000  CX=0000  DX=0000  SP=FFEC  BP=0000  SI=FFEE  DI=0000          
DS=176C  ES=176C  SS=176C  CS=176C  IP=0332   NV UP DI PL NZ NA PO NC           
176C:0332 55            PUSH    BP                                              

AX=8000  BX=0000  CX=0000  DX=0000  SP=FFEA  BP=0000  SI=FFEE  DI=0000          
DS=176C  ES=176C  SS=176C  CS=176C  IP=0333   NV UP DI PL NZ NA PO NC           
176C:0333 9D            POPF                                                    

AX=8000  BX=0000  CX=0000  DX=0000  SP=FFEC  BP=0000  SI=FFEE  DI=0000          
DS=176C  ES=176C  SS=176C  CS=176C  IP=0334   NV UP DI PL NZ NA PO NC           
176C:0334 89F4          MOV     SP,SI                                           

AX=8000  BX=0000  CX=0000  DX=0000  SP=FFEE  BP=0000  SI=FFEE  DI=0000          
DS=176C  ES=176C  SS=176C  CS=176C  IP=0336   NV UP DI PL NZ NA PO NC           
176C:0336 B80080        MOV     AX,8000                                         

AX=8000  BX=0000  CX=0000  DX=0000  SP=FFEE  BP=0000  SI=FFEE  DI=0000          
DS=176C  ES=176C  SS=176C  CS=176C  IP=0339   NV UP DI PL NZ NA PO NC           
176C:0339 B101          MOV     CL,01                                           

AX=8000  BX=0000  CX=0001  DX=0000  SP=FFEE  BP=0000  SI=FFEE  DI=0000          
DS=176C  ES=176C  SS=176C  CS=176C  IP=033B   NV UP DI PL NZ NA PO NC           
176C:033B D3E8          SHR     AX,CL                                           

AX=4000  BX=0000  CX=0001  DX=0000  SP=FFEE  BP=0000  SI=FFEE  DI=0000          
DS=176C  ES=176C  SS=176C  CS=176C  IP=033D   OV UP DI PL NZ NA PE NC           
176C:033D 55            PUSH    BP                                              

AX=4000  BX=0000  CX=0001  DX=0000  SP=FFEC  BP=0000  SI=FFEE  DI=0000          
DS=176C  ES=176C  SS=176C  CS=176C  IP=033E   OV UP DI PL NZ NA PE NC           
176C:033E 55            PUSH    BP                                              

AX=4000  BX=0000  CX=0001  DX=0000  SP=FFEA  BP=0000  SI=FFEE  DI=0000          
DS=176C  ES=176C  SS=176C  CS=176C  IP=033F   OV UP DI PL NZ NA PE NC           
176C:033F 9D            POPF                                                    

AX=4000  BX=0000  CX=0001  DX=0000  SP=FFEC  BP=0000  SI=FFEE  DI=0000          
DS=176C  ES=176C  SS=176C  CS=176C  IP=0340   NV UP DI PL NZ NA PO NC           
176C:0340 89F4          MOV     SP,SI                                           

AX=4000  BX=0000  CX=0001  DX=0000  SP=FFEE  BP=0000  SI=FFEE  DI=0000          
DS=176C  ES=176C  SS=176C  CS=176C  IP=0342   NV UP DI PL NZ NA PO NC           
176C:0342 B400          MOV     AH,00                                           

AX=0000  BX=0000  CX=0001  DX=0000  SP=FFEE  BP=0000  SI=FFEE  DI=0000          
DS=176C  ES=176C  SS=176C  CS=176C  IP=0344   NV UP DI PL NZ NA PO NC           
176C:0344 B101          MOV     CL,01                                           

AX=0000  BX=0000  CX=0001  DX=0000  SP=FFEE  BP=0000  SI=FFEE  DI=0000          
DS=176C  ES=176C  SS=176C  CS=176C  IP=0346   NV UP DI PL NZ NA PO NC           
176C:0346 D2E8          SHR     AL,CL                                           

AX=0000  BX=0000  CX=0001  DX=0000  SP=FFEE  BP=0000  SI=FFEE  DI=0000          
DS=176C  ES=176C  SS=176C  CS=176C  IP=0348   NV UP DI PL ZR NA PE NC           
176C:0348 55            PUSH    BP                                              

AX=0000  BX=0000  CX=0001  DX=0000  SP=FFEC  BP=0000  SI=FFEE  DI=0000          
DS=176C  ES=176C  SS=176C  CS=176C  IP=0349   NV UP DI PL ZR NA PE NC           
176C:0349 55            PUSH    BP                                              

AX=0000  BX=0000  CX=0001  DX=0000  SP=FFEA  BP=0000  SI=FFEE  DI=0000          
DS=176C  ES=176C  SS=176C  CS=176C  IP=034A   NV UP DI PL ZR NA PE NC           
176C:034A 9D            POPF                                                    

AX=0000  BX=0000  CX=0001  DX=0000  SP=FFEC  BP=0000  SI=FFEE  DI=0000          
DS=176C  ES=176C  SS=176C  CS=176C  IP=034B   NV UP DI PL NZ NA PO NC           
176C:034B 89F4          MOV     SP,SI                                           

AX=0000  BX=0000  CX=0001  DX=0000  SP=FFEE  BP=0000  SI=FFEE  DI=0000          
DS=176C  ES=176C  SS=176C  CS=176C  IP=034D   NV UP DI PL NZ NA PO NC           
176C:034D B80080        MOV     AX,8000                                         

AX=8000  BX=0000  CX=0001  DX=0000  SP=FFEE  BP=0000  SI=FFEE  DI=0000          
DS=176C  ES=176C  SS=176C  CS=176C  IP=0350   NV UP DI PL NZ NA PO NC           
176C:0350 55            PUSH    BP                                              

AX=8000  BX=0000  CX=0001  DX=0000  SP=FFEC  BP=0000  SI=FFEE  DI=0000          
DS=176C  ES=176C  SS=176C  CS=176C  IP=0351   NV UP DI PL NZ NA PO NC           
176C:0351 55            PUSH    BP                                              

AX=8000  BX=0000  CX=0001  DX=0000  SP=FFEA  BP=0000  SI=FFEE  DI=0000          
DS=176C  ES=176C  SS=176C  CS=176C  IP=0352   NV UP DI PL NZ NA PO NC           
176C:0352 9D            POPF                                                    

AX=8000  BX=0000  CX=0001  DX=0000  SP=FFEC  BP=0000  SI=FFEE  DI=0000          
DS=176C  ES=176C  SS=176C  CS=176C  IP=0353   NV UP DI PL NZ NA PO NC           
176C:0353 89F4          MOV     SP,SI                                           

AX=8000  BX=0000  CX=0001  DX=0000  SP=FFEE  BP=0000  SI=FFEE  DI=0000          
DS=176C  ES=176C  SS=176C  CS=176C  IP=0355   NV UP DI PL NZ NA PO NC           
176C:0355 B400          MOV     AH,00                                           

AX=0000  BX=0000  CX=0001  DX=0000  SP=FFEE  BP=0000  SI=FFEE  DI=0000          
DS=176C  ES=176C  SS=176C  CS=176C  IP=0357   NV UP DI PL NZ NA PO NC           
176C:0357 55            PUSH    BP                                              

AX=0000  BX=0000  CX=0001  DX=0000  SP=FFEC  BP=0000  SI=FFEE  DI=0000          
DS=176C  ES=176C  SS=176C  CS=176C  IP=0358   NV UP DI PL NZ NA PO NC           
176C:0358 55            PUSH    BP                                              

AX=0000  BX=0000  CX=0001  DX=0000  SP=FFEA  BP=0000  SI=FFEE  DI=0000          
DS=176C  ES=176C  SS=176C  CS=176C  IP=0359   NV UP DI PL NZ NA PO NC           
176C:0359 9D            POPF                                                    

AX=0000  BX=0000  CX=0001  DX=0000  SP=FFEC  BP=0000  SI=FFEE  DI=0000          
DS=176C  ES=176C  SS=176C  CS=176C  IP=035A   NV UP DI PL NZ NA PO NC           
176C:035A 89F4          MOV     SP,SI                                           

AX=0000  BX=0000  CX=0001  DX=0000  SP=FFEE  BP=0000  SI=FFEE  DI=0000          
DS=176C  ES=176C  SS=176C  CS=176C  IP=035C   NV UP DI PL NZ NA PO NC           
176C:035C B80080        MOV     AX,8000                                         

AX=8000  BX=0000  CX=0001  DX=0000  SP=FFEE  BP=0000  SI=FFEE  DI=0000          
DS=176C  ES=176C  SS=176C  CS=176C  IP=035F   NV UP DI PL NZ NA PO NC           
176C:035F 55            PUSH    BP                                              

AX=8000  BX=0000  CX=0001  DX=0000  SP=FFEC  BP=0000  SI=FFEE  DI=0000          
DS=176C  ES=176C  SS=176C  CS=176C  IP=0360   NV UP DI PL NZ NA PO NC           
176C:0360 55            PUSH    BP                                              

AX=8000  BX=0000  CX=0001  DX=0000  SP=FFEA  BP=0000  SI=FFEE  DI=0000          
DS=176C  ES=176C  SS=176C  CS=176C  IP=0361   NV UP DI PL NZ NA PO NC           
176C:0361 9D            POPF                                                    

AX=8000  BX=0000  CX=0001  DX=0000  SP=FFEC  BP=0000  SI=FFEE  DI=0000          
DS=176C  ES=176C  SS=176C  CS=176C  IP=0362   NV UP DI PL NZ NA PO NC           
176C:0362 89F4          MOV     SP,SI                                           

AX=8000  BX=0000  CX=0001  DX=0000  SP=FFEE  BP=0000  SI=FFEE  DI=0000          
DS=176C  ES=176C  SS=176C  CS=176C  IP=0364   NV UP DI PL NZ NA PO NC           
176C:0364 B8FF7F        MOV     AX,7FFF                                         

AX=7FFF  BX=0000  CX=0001  DX=0000  SP=FFEE  BP=0000  SI=FFEE  DI=0000          
DS=176C  ES=176C  SS=176C  CS=176C  IP=0367   NV UP DI PL NZ NA PO NC           
176C:0367 B100          MOV     CL,00                                           

AX=7FFF  BX=0000  CX=0000  DX=0000  SP=FFEE  BP=0000  SI=FFEE  DI=0000          
DS=176C  ES=176C  SS=176C  CS=176C  IP=0369   NV UP DI PL NZ NA PO NC           
176C:0369 D3E8          SHR     AX,CL                                           

AX=7FFF  BX=0000  CX=0000  DX=0000  SP=FFEE  BP=0000  SI=FFEE  DI=0000          
DS=176C  ES=176C  SS=176C  CS=176C  IP=036B   NV UP DI PL NZ NA PO NC           
176C:036B 55            PUSH    BP                                              

AX=7FFF  BX=0000  CX=0000  DX=0000  SP=FFEC  BP=0000  SI=FFEE  DI=0000          
DS=176C  ES=176C  SS=176C  CS=176C  IP=036C   NV UP DI PL NZ NA PO NC           
176C:036C 55            PUSH    BP                                              

AX=7FFF  BX=0000  CX=0000  DX=0000  SP=FFEA  BP=0000  SI=FFEE  DI=0000          
DS=176C  ES=176C  SS=176C  CS=176C  IP=036D   NV UP DI PL NZ NA PO NC           
176C:036D 9D            POPF                                                    

AX=7FFF  BX=0000  CX=0000  DX=0000  SP=FFEC  BP=0000  SI=FFEE  DI=0000          
DS=176C  ES=176C  SS=176C  CS=176C  IP=036E   NV UP DI PL NZ NA PO NC           
176C:036E 89F4          MOV     SP,SI                                           

AX=7FFF  BX=0000  CX=0000  DX=0000  SP=FFEE  BP=0000  SI=FFEE  DI=0000          
DS=176C  ES=176C  SS=176C  CS=176C  IP=0370   NV UP DI PL NZ NA PO NC           
176C:0370 B4FF          MOV     AH,FF                                           

AX=FFFF  BX=0000  CX=0000  DX=0000  SP=FFEE  BP=0000  SI=FFEE  DI=0000          
DS=176C  ES=176C  SS=176C  CS=176C  IP=0372   NV UP DI PL NZ NA PO NC           
176C:0372 B100          MOV     CL,00                                           

AX=FFFF  BX=0000  CX=0000  DX=0000  SP=FFEE  BP=0000  SI=FFEE  DI=0000          
DS=176C  ES=176C  SS=176C  CS=176C  IP=0374   NV UP DI PL NZ NA PO NC           
176C:0374 D2E8          SHR     AL,CL                                           

AX=FFFF  BX=0000  CX=0000  DX=0000  SP=FFEE  BP=0000  SI=FFEE  DI=0000          
DS=176C  ES=176C  SS=176C  CS=176C  IP=0376   NV UP DI PL NZ NA PO NC           
176C:0376 55            PUSH    BP                                              

AX=FFFF  BX=0000  CX=0000  DX=0000  SP=FFEC  BP=0000  SI=FFEE  DI=0000          
DS=176C  ES=176C  SS=176C  CS=176C  IP=0377   NV UP DI PL NZ NA PO NC           
176C:0377 55            PUSH    BP                                              

AX=FFFF  BX=0000  CX=0000  DX=0000  SP=FFEA  BP=0000  SI=FFEE  DI=0000          
DS=176C  ES=176C  SS=176C  CS=176C  IP=0378   NV UP DI PL NZ NA PO NC           
176C:0378 9D            POPF                                                    

AX=FFFF  BX=0000  CX=0000  DX=0000  SP=FFEC  BP=0000  SI=FFEE  DI=0000          
DS=176C  ES=176C  SS=176C  CS=176C  IP=0379   NV UP DI PL NZ NA PO NC           
176C:0379 89F4          MOV     SP,SI                                           

AX=FFFF  BX=0000  CX=0000  DX=0000  SP=FFEE  BP=0000  SI=FFEE  DI=0000          
DS=176C  ES=176C  SS=176C  CS=176C  IP=037B   NV UP DI PL NZ NA PO NC           
176C:037B B8FF7F        MOV     AX,7FFF                                         

AX=7FFF  BX=0000  CX=0000  DX=0000  SP=FFEE  BP=0000  SI=FFEE  DI=0000          
DS=176C  ES=176C  SS=176C  CS=176C  IP=037E   NV UP DI PL NZ NA PO NC           
176C:037E 55            PUSH    BP                                              

AX=7FFF  BX=0000  CX=0000  DX=0000  SP=FFEC  BP=0000  SI=FFEE  DI=0000          
DS=176C  ES=176C  SS=176C  CS=176C  IP=037F   NV UP DI PL NZ NA PO NC           
176C:037F 55            PUSH    BP                                              

AX=7FFF  BX=0000  CX=0000  DX=0000  SP=FFEA  BP=0000  SI=FFEE  DI=0000          
DS=176C  ES=176C  SS=176C  CS=176C  IP=0380   NV UP DI PL NZ NA PO NC           
176C:0380 9D            POPF                                                    

AX=7FFF  BX=0000  CX=0000  DX=0000  SP=FFEC  BP=0000  SI=FFEE  DI=0000          
DS=176C  ES=176C  SS=176C  CS=176C  IP=0381   NV UP DI PL NZ NA PO NC           
176C:0381 89F4          MOV     SP,SI                                           

AX=7FFF  BX=0000  CX=0000  DX=0000  SP=FFEE  BP=0000  SI=FFEE  DI=0000          
DS=176C  ES=176C  SS=176C  CS=176C  IP=0383   NV UP DI PL NZ NA PO NC           
176C:0383 B4FF          MOV     AH,FF                                           

AX=FFFF  BX=0000  CX=0000  DX=0000  SP=FFEE  BP=0000  SI=FFEE  DI=0000          
DS=176C  ES=176C  SS=176C  CS=176C  IP=0385   NV UP DI PL NZ NA PO NC           
176C:0385 55            PUSH    BP                                              

AX=FFFF  BX=0000  CX=0000  DX=0000  SP=FFEC  BP=0000  SI=FFEE  DI=0000          
DS=176C  ES=176C  SS=176C  CS=176C  IP=0386   NV UP DI PL NZ NA PO NC           
176C:0386 55            PUSH    BP                                              

AX=FFFF  BX=0000  CX=0000  DX=0000  SP=FFEA  BP=0000  SI=FFEE  DI=0000          
DS=176C  ES=176C  SS=176C  CS=176C  IP=0387   NV UP DI PL NZ NA PO NC           
176C:0387 9D            POPF                                                    

AX=FFFF  BX=0000  CX=0000  DX=0000  SP=FFEC  BP=0000  SI=FFEE  DI=0000          
DS=176C  ES=176C  SS=176C  CS=176C  IP=0388   NV UP DI PL NZ NA PO NC           
176C:0388 89F4          MOV     SP,SI                                           

AX=FFFF  BX=0000  CX=0000  DX=0000  SP=FFEE  BP=0000  SI=FFEE  DI=0000          
DS=176C  ES=176C  SS=176C  CS=176C  IP=038A   NV UP DI PL NZ NA PO NC           
176C:038A B8FF7F        MOV     AX,7FFF                                         

AX=7FFF  BX=0000  CX=0000  DX=0000  SP=FFEE  BP=0000  SI=FFEE  DI=0000          
DS=176C  ES=176C  SS=176C  CS=176C  IP=038D   NV UP DI PL NZ NA PO NC           
176C:038D 55            PUSH    BP                                              

AX=7FFF  BX=0000  CX=0000  DX=0000  SP=FFEC  BP=0000  SI=FFEE  DI=0000          
DS=176C  ES=176C  SS=176C  CS=176C  IP=038E   NV UP DI PL NZ NA PO NC           
176C:038E 55            PUSH    BP                                              

AX=7FFF  BX=0000  CX=0000  DX=0000  SP=FFEA  BP=0000  SI=FFEE  DI=0000          
DS=176C  ES=176C  SS=176C  CS=176C  IP=038F   NV UP DI PL NZ NA PO NC           
176C:038F 9D            POPF                                                    

AX=7FFF  BX=0000  CX=0000  DX=0000  SP=FFEC  BP=0000  SI=FFEE  DI=0000          
DS=176C  ES=176C  SS=176C  CS=176C  IP=0390   NV UP DI PL NZ NA PO NC           
176C:0390 89F4          MOV     SP,SI                                           

AX=7FFF  BX=0000  CX=0000  DX=0000  SP=FFEE  BP=0000  SI=FFEE  DI=0000          
DS=176C  ES=176C  SS=176C  CS=176C  IP=0392   NV UP DI PL NZ NA PO NC           
176C:0392 B8FF7F        MOV     AX,7FFF                                         

AX=7FFF  BX=0000  CX=0000  DX=0000  SP=FFEE  BP=0000  SI=FFEE  DI=0000          
DS=176C  ES=176C  SS=176C  CS=176C  IP=0395   NV UP DI PL NZ NA PO NC           
176C:0395 B101          MOV     CL,01                                           

AX=7FFF  BX=0000  CX=0001  DX=0000  SP=FFEE  BP=0000  SI=FFEE  DI=0000          
DS=176C  ES=176C  SS=176C  CS=176C  IP=0397   NV UP DI PL NZ NA PO NC           
176C:0397 D3E8          SHR     AX,CL                                           

AX=3FFF  BX=0000  CX=0001  DX=0000  SP=FFEE  BP=0000  SI=FFEE  DI=0000          
DS=176C  ES=176C  SS=176C  CS=176C  IP=0399   NV UP DI PL NZ NA PE CY           
176C:0399 55            PUSH    BP                                              

AX=3FFF  BX=0000  CX=0001  DX=0000  SP=FFEC  BP=0000  SI=FFEE  DI=0000          
DS=176C  ES=176C  SS=176C  CS=176C  IP=039A   NV UP DI PL NZ NA PE CY           
176C:039A 55            PUSH    BP                                              

AX=3FFF  BX=0000  CX=0001  DX=0000  SP=FFEA  BP=0000  SI=FFEE  DI=0000          
DS=176C  ES=176C  SS=176C  CS=176C  IP=039B   NV UP DI PL NZ NA PE CY           
176C:039B 9D            POPF                                                    

AX=3FFF  BX=0000  CX=0001  DX=0000  SP=FFEC  BP=0000  SI=FFEE  DI=0000          
DS=176C  ES=176C  SS=176C  CS=176C  IP=039C   NV UP DI PL NZ NA PO NC           
176C:039C 89F4          MOV     SP,SI                                           

AX=3FFF  BX=0000  CX=0001  DX=0000  SP=FFEE  BP=0000  SI=FFEE  DI=0000          
DS=176C  ES=176C  SS=176C  CS=176C  IP=039E   NV UP DI PL NZ NA PO NC           
176C:039E B4FF          MOV     AH,FF                                           

AX=FFFF  BX=0000  CX=0001  DX=0000  SP=FFEE  BP=0000  SI=FFEE  DI=0000          
DS=176C  ES=176C  SS=176C  CS=176C  IP=03A0   NV UP DI PL NZ NA PO NC           
176C:03A0 B101          MOV     CL,01                                           

AX=FFFF  BX=0000  CX=0001  DX=0000  SP=FFEE  BP=0000  SI=FFEE  DI=0000          
DS=176C  ES=176C  SS=176C  CS=176C  IP=03A2   NV UP DI PL NZ NA PO NC           
176C:03A2 D2E8          SHR     AL,CL                                           

AX=FF7F  BX=0000  CX=0001  DX=0000  SP=FFEE  BP=0000  SI=FFEE  DI=0000          
DS=176C  ES=176C  SS=176C  CS=176C  IP=03A4   OV UP DI PL NZ NA PO CY           
176C:03A4 55            PUSH    BP                                              

AX=FF7F  BX=0000  CX=0001  DX=0000  SP=FFEC  BP=0000  SI=FFEE  DI=0000          
DS=176C  ES=176C  SS=176C  CS=176C  IP=03A5   OV UP DI PL NZ NA PO CY           
176C:03A5 55            PUSH    BP                                              

AX=FF7F  BX=0000  CX=0001  DX=0000  SP=FFEA  BP=0000  SI=FFEE  DI=0000          
DS=176C  ES=176C  SS=176C  CS=176C  IP=03A6   OV UP DI PL NZ NA PO CY           
176C:03A6 9D            POPF                                                    

AX=FF7F  BX=0000  CX=0001  DX=0000  SP=FFEC  BP=0000  SI=FFEE  DI=0000          
DS=176C  ES=176C  SS=176C  CS=176C  IP=03A7   NV UP DI PL NZ NA PO NC           
176C:03A7 89F4          MOV     SP,SI                                           

AX=FF7F  BX=0000  CX=0001  DX=0000  SP=FFEE  BP=0000  SI=FFEE  DI=0000          
DS=176C  ES=176C  SS=176C  CS=176C  IP=03A9   NV UP DI PL NZ NA PO NC           
176C:03A9 B8FF7F        MOV     AX,7FFF                                         

AX=7FFF  BX=0000  CX=0001  DX=0000  SP=FFEE  BP=0000  SI=FFEE  DI=0000          
DS=176C  ES=176C  SS=176C  CS=176C  IP=03AC   NV UP DI PL NZ NA PO NC           
176C:03AC 55            PUSH    BP                                              

AX=7FFF  BX=0000  CX=0001  DX=0000  SP=FFEC  BP=0000  SI=FFEE  DI=0000          
DS=176C  ES=176C  SS=176C  CS=176C  IP=03AD   NV UP DI PL NZ NA PO NC           
176C:03AD 55            PUSH    BP                                              

AX=7FFF  BX=0000  CX=0001  DX=0000  SP=FFEA  BP=0000  SI=FFEE  DI=0000          
DS=176C  ES=176C  SS=176C  CS=176C  IP=03AE   NV UP DI PL NZ NA PO NC           
176C:03AE 9D            POPF                                                    

AX=7FFF  BX=0000  CX=0001  DX=0000  SP=FFEC  BP=0000  SI=FFEE  DI=0000          
DS=176C  ES=176C  SS=176C  CS=176C  IP=03AF   NV UP DI PL NZ NA PO NC           
176C:03AF 89F4          MOV     SP,SI                                           

AX=7FFF  BX=0000  CX=0001  DX=0000  SP=FFEE  BP=0000  SI=FFEE  DI=0000          
DS=176C  ES=176C  SS=176C  CS=176C  IP=03B1   NV UP DI PL NZ NA PO NC           
176C:03B1 B4FF          MOV     AH,FF                                           

AX=FFFF  BX=0000  CX=0001  DX=0000  SP=FFEE  BP=0000  SI=FFEE  DI=0000          
DS=176C  ES=176C  SS=176C  CS=176C  IP=03B3   NV UP DI PL NZ NA PO NC           
176C:03B3 55            PUSH    BP                                              

AX=FFFF  BX=0000  CX=0001  DX=0000  SP=FFEC  BP=0000  SI=FFEE  DI=0000          
DS=176C  ES=176C  SS=176C  CS=176C  IP=03B4   NV UP DI PL NZ NA PO NC           
176C:03B4 55            PUSH    BP                                              

AX=FFFF  BX=0000  CX=0001  DX=0000  SP=FFEA  BP=0000  SI=FFEE  DI=0000          
DS=176C  ES=176C  SS=176C  CS=176C  IP=03B5   NV UP DI PL NZ NA PO NC           
176C:03B5 9D            POPF                                                    

AX=FFFF  BX=0000  CX=0001  DX=0000  SP=FFEC  BP=0000  SI=FFEE  DI=0000          
DS=176C  ES=176C  SS=176C  CS=176C  IP=03B6   NV UP DI PL NZ NA PO NC           
176C:03B6 89F4          MOV     SP,SI                                           

AX=FFFF  BX=0000  CX=0001  DX=0000  SP=FFEE  BP=0000  SI=FFEE  DI=0000          
DS=176C  ES=176C  SS=176C  CS=176C  IP=03B8   NV UP DI PL NZ NA PO NC           
176C:03B8 B8FF7F        MOV     AX,7FFF                                         

AX=7FFF  BX=0000  CX=0001  DX=0000  SP=FFEE  BP=0000  SI=FFEE  DI=0000          
DS=176C  ES=176C  SS=176C  CS=176C  IP=03BB   NV UP DI PL NZ NA PO NC           
176C:03BB 55            PUSH    BP                                              

AX=7FFF  BX=0000  CX=0001  DX=0000  SP=FFEC  BP=0000  SI=FFEE  DI=0000          
DS=176C  ES=176C  SS=176C  CS=176C  IP=03BC   NV UP DI PL NZ NA PO NC           
176C:03BC 55            PUSH    BP                                              

AX=7FFF  BX=0000  CX=0001  DX=0000  SP=FFEA  BP=0000  SI=FFEE  DI=0000          
DS=176C  ES=176C  SS=176C  CS=176C  IP=03BD   NV UP DI PL NZ NA PO NC           
176C:03BD 9D            POPF                                                    

AX=7FFF  BX=0000  CX=0001  DX=0000  SP=FFEC  BP=0000  SI=FFEE  DI=0000          
DS=176C  ES=176C  SS=176C  CS=176C  IP=03BE   NV UP DI PL NZ NA PO NC           
176C:03BE 89F4          MOV     SP,SI                                           

AX=7FFF  BX=0000  CX=0001  DX=0000  SP=FFEE  BP=0000  SI=FFEE  DI=0000          
DS=176C  ES=176C  SS=176C  CS=176C  IP=03C0   NV UP DI PL NZ NA PO NC           
176C:03C0 B87F00        MOV     AX,007F                                         

AX=007F  BX=0000  CX=0001  DX=0000  SP=FFEE  BP=0000  SI=FFEE  DI=0000          
DS=176C  ES=176C  SS=176C  CS=176C  IP=03C3   NV UP DI PL NZ NA PO NC           
176C:03C3 B100          MOV     CL,00                                           

AX=007F  BX=0000  CX=0000  DX=0000  SP=FFEE  BP=0000  SI=FFEE  DI=0000          
DS=176C  ES=176C  SS=176C  CS=176C  IP=03C5   NV UP DI PL NZ NA PO NC           
176C:03C5 D3E8          SHR     AX,CL                                           

AX=007F  BX=0000  CX=0000  DX=0000  SP=FFEE  BP=0000  SI=FFEE  DI=0000          
DS=176C  ES=176C  SS=176C  CS=176C  IP=03C7   NV UP DI PL NZ NA PO NC           
176C:03C7 55            PUSH    BP                                              

AX=007F  BX=0000  CX=0000  DX=0000  SP=FFEC  BP=0000  SI=FFEE  DI=0000          
DS=176C  ES=176C  SS=176C  CS=176C  IP=03C8   NV UP DI PL NZ NA PO NC           
176C:03C8 55            PUSH    BP                                              

AX=007F  BX=0000  CX=0000  DX=0000  SP=FFEA  BP=0000  SI=FFEE  DI=0000          
DS=176C  ES=176C  SS=176C  CS=176C  IP=03C9   NV UP DI PL NZ NA PO NC           
176C:03C9 9D            POPF                                                    

AX=007F  BX=0000  CX=0000  DX=0000  SP=FFEC  BP=0000  SI=FFEE  DI=0000          
DS=176C  ES=176C  SS=176C  CS=176C  IP=03CA   NV UP DI PL NZ NA PO NC           
176C:03CA 89F4          MOV     SP,SI                                           

AX=007F  BX=0000  CX=0000  DX=0000  SP=FFEE  BP=0000  SI=FFEE  DI=0000          
DS=176C  ES=176C  SS=176C  CS=176C  IP=03CC   NV UP DI PL NZ NA PO NC           
176C:03CC B47F          MOV     AH,7F                                           

AX=7F7F  BX=0000  CX=0000  DX=0000  SP=FFEE  BP=0000  SI=FFEE  DI=0000          
DS=176C  ES=176C  SS=176C  CS=176C  IP=03CE   NV UP DI PL NZ NA PO NC           
176C:03CE B100          MOV     CL,00                                           

AX=7F7F  BX=0000  CX=0000  DX=0000  SP=FFEE  BP=0000  SI=FFEE  DI=0000          
DS=176C  ES=176C  SS=176C  CS=176C  IP=03D0   NV UP DI PL NZ NA PO NC           
176C:03D0 D2E8          SHR     AL,CL                                           

AX=7F7F  BX=0000  CX=0000  DX=0000  SP=FFEE  BP=0000  SI=FFEE  DI=0000          
DS=176C  ES=176C  SS=176C  CS=176C  IP=03D2   NV UP DI PL NZ NA PO NC           
176C:03D2 55            PUSH    BP                                              

AX=7F7F  BX=0000  CX=0000  DX=0000  SP=FFEC  BP=0000  SI=FFEE  DI=0000          
DS=176C  ES=176C  SS=176C  CS=176C  IP=03D3   NV UP DI PL NZ NA PO NC           
176C:03D3 55            PUSH    BP                                              

AX=7F7F  BX=0000  CX=0000  DX=0000  SP=FFEA  BP=0000  SI=FFEE  DI=0000          
DS=176C  ES=176C  SS=176C  CS=176C  IP=03D4   NV UP DI PL NZ NA PO NC           
176C:03D4 9D            POPF                                                    

AX=7F7F  BX=0000  CX=0000  DX=0000  SP=FFEC  BP=0000  SI=FFEE  DI=0000          
DS=176C  ES=176C  SS=176C  CS=176C  IP=03D5   NV UP DI PL NZ NA PO NC           
176C:03D5 89F4          MOV     SP,SI                                           

AX=7F7F  BX=0000  CX=0000  DX=0000  SP=FFEE  BP=0000  SI=FFEE  DI=0000          
DS=176C  ES=176C  SS=176C  CS=176C  IP=03D7   NV UP DI PL NZ NA PO NC           
176C:03D7 B87F00        MOV     AX,007F                                         

AX=007F  BX=0000  CX=0000  DX=0000  SP=FFEE  BP=0000  SI=FFEE  DI=0000          
DS=176C  ES=176C  SS=176C  CS=176C  IP=03DA   NV UP DI PL NZ NA PO NC           
176C:03DA 55            PUSH    BP                                              

AX=007F  BX=0000  CX=0000  DX=0000  SP=FFEC  BP=0000  SI=FFEE  DI=0000          
DS=176C  ES=176C  SS=176C  CS=176C  IP=03DB   NV UP DI PL NZ NA PO NC           
176C:03DB 55            PUSH    BP                                              

AX=007F  BX=0000  CX=0000  DX=0000  SP=FFEA  BP=0000  SI=FFEE  DI=0000          
DS=176C  ES=176C  SS=176C  CS=176C  IP=03DC   NV UP DI PL NZ NA PO NC           
176C:03DC 9D            POPF                                                    

AX=007F  BX=0000  CX=0000  DX=0000  SP=FFEC  BP=0000  SI=FFEE  DI=0000          
DS=176C  ES=176C  SS=176C  CS=176C  IP=03DD   NV UP DI PL NZ NA PO NC           
176C:03DD 89F4          MOV     SP,SI                                           

AX=007F  BX=0000  CX=0000  DX=0000  SP=FFEE  BP=0000  SI=FFEE  DI=0000          
DS=176C  ES=176C  SS=176C  CS=176C  IP=03DF   NV UP DI PL NZ NA PO NC           
176C:03DF B47F          MOV     AH,7F                                           

AX=7F7F  BX=0000  CX=0000  DX=0000  SP=FFEE  BP=0000  SI=FFEE  DI=0000          
DS=176C  ES=176C  SS=176C  CS=176C  IP=03E1   NV UP DI PL NZ NA PO NC           
176C:03E1 55            PUSH    BP                                              

AX=7F7F  BX=0000  CX=0000  DX=0000  SP=FFEC  BP=0000  SI=FFEE  DI=0000          
DS=176C  ES=176C  SS=176C  CS=176C  IP=03E2   NV UP DI PL NZ NA PO NC           
176C:03E2 55            PUSH    BP                                              

AX=7F7F  BX=0000  CX=0000  DX=0000  SP=FFEA  BP=0000  SI=FFEE  DI=0000          
DS=176C  ES=176C  SS=176C  CS=176C  IP=03E3   NV UP DI PL NZ NA PO NC           
176C:03E3 9D            POPF                                                    

AX=7F7F  BX=0000  CX=0000  DX=0000  SP=FFEC  BP=0000  SI=FFEE  DI=0000          
DS=176C  ES=176C  SS=176C  CS=176C  IP=03E4   NV UP DI PL NZ NA PO NC           
176C:03E4 89F4          MOV     SP,SI                                           

AX=7F7F  BX=0000  CX=0000  DX=0000  SP=FFEE  BP=0000  SI=FFEE  DI=0000          
DS=176C  ES=176C  SS=176C  CS=176C  IP=03E6   NV UP DI PL NZ NA PO NC           
176C:03E6 B87F00        MOV     AX,007F                                         

AX=007F  BX=0000  CX=0000  DX=0000  SP=FFEE  BP=0000  SI=FFEE  DI=0000          
DS=176C  ES=176C  SS=176C  CS=176C  IP=03E9   NV UP DI PL NZ NA PO NC           
176C:03E9 55            PUSH    BP                                              

AX=007F  BX=0000  CX=0000  DX=0000  SP=FFEC  BP=0000  SI=FFEE  DI=0000          
DS=176C  ES=176C  SS=176C  CS=176C  IP=03EA   NV UP DI PL NZ NA PO NC           
176C:03EA 55            PUSH    BP                                              

AX=007F  BX=0000  CX=0000  DX=0000  SP=FFEA  BP=0000  SI=FFEE  DI=0000          
DS=176C  ES=176C  SS=176C  CS=176C  IP=03EB   NV UP DI PL NZ NA PO NC           
176C:03EB 9D            POPF                                                    

AX=007F  BX=0000  CX=0000  DX=0000  SP=FFEC  BP=0000  SI=FFEE  DI=0000          
DS=176C  ES=176C  SS=176C  CS=176C  IP=03EC   NV UP DI PL NZ NA PO NC           
176C:03EC 89F4          MOV     SP,SI                                           

AX=007F  BX=0000  CX=0000  DX=0000  SP=FFEE  BP=0000  SI=FFEE  DI=0000          
DS=176C  ES=176C  SS=176C  CS=176C  IP=03EE   NV UP DI PL NZ NA PO NC           
176C:03EE B87F00        MOV     AX,007F                                         

AX=007F  BX=0000  CX=0000  DX=0000  SP=FFEE  BP=0000  SI=FFEE  DI=0000          
DS=176C  ES=176C  SS=176C  CS=176C  IP=03F1   NV UP DI PL NZ NA PO NC           
176C:03F1 B101          MOV     CL,01                                           

AX=007F  BX=0000  CX=0001  DX=0000  SP=FFEE  BP=0000  SI=FFEE  DI=0000          
DS=176C  ES=176C  SS=176C  CS=176C  IP=03F3   NV UP DI PL NZ NA PO NC           
176C:03F3 D3E8          SHR     AX,CL                                           

AX=003F  BX=0000  CX=0001  DX=0000  SP=FFEE  BP=0000  SI=FFEE  DI=0000          
DS=176C  ES=176C  SS=176C  CS=176C  IP=03F5   NV UP DI PL NZ NA PE CY           
176C:03F5 55            PUSH    BP                                              

AX=003F  BX=0000  CX=0001  DX=0000  SP=FFEC  BP=0000  SI=FFEE  DI=0000          
DS=176C  ES=176C  SS=176C  CS=176C  IP=03F6   NV UP DI PL NZ NA PE CY           
176C:03F6 55            PUSH    BP                                              

AX=003F  BX=0000  CX=0001  DX=0000  SP=FFEA  BP=0000  SI=FFEE  DI=0000          
DS=176C  ES=176C  SS=176C  CS=176C  IP=03F7   NV UP DI PL NZ NA PE CY           
176C:03F7 9D            POPF                                                    

AX=003F  BX=0000  CX=0001  DX=0000  SP=FFEC  BP=0000  SI=FFEE  DI=0000          
DS=176C  ES=176C  SS=176C  CS=176C  IP=03F8   NV UP DI PL NZ NA PO NC           
176C:03F8 89F4          MOV     SP,SI                                           

AX=003F  BX=0000  CX=0001  DX=0000  SP=FFEE  BP=0000  SI=FFEE  DI=0000          
DS=176C  ES=176C  SS=176C  CS=176C  IP=03FA   NV UP DI PL NZ NA PO NC           
176C:03FA B47F          MOV     AH,7F                                           

AX=7F3F  BX=0000  CX=0001  DX=0000  SP=FFEE  BP=0000  SI=FFEE  DI=0000          
DS=176C  ES=176C  SS=176C  CS=176C  IP=03FC   NV UP DI PL NZ NA PO NC           
176C:03FC B101          MOV     CL,01                                           

AX=7F3F  BX=0000  CX=0001  DX=0000  SP=FFEE  BP=0000  SI=FFEE  DI=0000          
DS=176C  ES=176C  SS=176C  CS=176C  IP=03FE   NV UP DI PL NZ NA PO NC           
176C:03FE D2E8          SHR     AL,CL                                           

AX=7F1F  BX=0000  CX=0001  DX=0000  SP=FFEE  BP=0000  SI=FFEE  DI=0000          
DS=176C  ES=176C  SS=176C  CS=176C  IP=0400   NV UP DI PL NZ NA PO CY           
176C:0400 55            PUSH    BP                                              

AX=7F1F  BX=0000  CX=0001  DX=0000  SP=FFEC  BP=0000  SI=FFEE  DI=0000          
DS=176C  ES=176C  SS=176C  CS=176C  IP=0401   NV UP DI PL NZ NA PO CY           
176C:0401 55            PUSH    BP                                              

AX=7F1F  BX=0000  CX=0001  DX=0000  SP=FFEA  BP=0000  SI=FFEE  DI=0000          
DS=176C  ES=176C  SS=176C  CS=176C  IP=0402   NV UP DI PL NZ NA PO CY           
176C:0402 9D            POPF                                                    

AX=7F1F  BX=0000  CX=0001  DX=0000  SP=FFEC  BP=0000  SI=FFEE  DI=0000          
DS=176C  ES=176C  SS=176C  CS=176C  IP=0403   NV UP DI PL NZ NA PO NC           
176C:0403 89F4          MOV     SP,SI                                           

AX=7F1F  BX=0000  CX=0001  DX=0000  SP=FFEE  BP=0000  SI=FFEE  DI=0000          
DS=176C  ES=176C  SS=176C  CS=176C  IP=0405   NV UP DI PL NZ NA PO NC           
176C:0405 B87F00        MOV     AX,007F                                         

AX=007F  BX=0000  CX=0001  DX=0000  SP=FFEE  BP=0000  SI=FFEE  DI=0000          
DS=176C  ES=176C  SS=176C  CS=176C  IP=0408   NV UP DI PL NZ NA PO NC           
176C:0408 55            PUSH    BP                                              

AX=007F  BX=0000  CX=0001  DX=0000  SP=FFEC  BP=0000  SI=FFEE  DI=0000          
DS=176C  ES=176C  SS=176C  CS=176C  IP=0409   NV UP DI PL NZ NA PO NC           
176C:0409 55            PUSH    BP                                              

AX=007F  BX=0000  CX=0001  DX=0000  SP=FFEA  BP=0000  SI=FFEE  DI=0000          
DS=176C  ES=176C  SS=176C  CS=176C  IP=040A   NV UP DI PL NZ NA PO NC           
176C:040A 9D            POPF                                                    

AX=007F  BX=0000  CX=0001  DX=0000  SP=FFEC  BP=0000  SI=FFEE  DI=0000          
DS=176C  ES=176C  SS=176C  CS=176C  IP=040B   NV UP DI PL NZ NA PO NC           
176C:040B 89F4          MOV     SP,SI                                           

AX=007F  BX=0000  CX=0001  DX=0000  SP=FFEE  BP=0000  SI=FFEE  DI=0000          
DS=176C  ES=176C  SS=176C  CS=176C  IP=040D   NV UP DI PL NZ NA PO NC           
176C:040D B47F          MOV     AH,7F                                           

AX=7F7F  BX=0000  CX=0001  DX=0000  SP=FFEE  BP=0000  SI=FFEE  DI=0000          
DS=176C  ES=176C  SS=176C  CS=176C  IP=040F   NV UP DI PL NZ NA PO NC           
176C:040F 55            PUSH    BP                                              

AX=7F7F  BX=0000  CX=0001  DX=0000  SP=FFEC  BP=0000  SI=FFEE  DI=0000          
DS=176C  ES=176C  SS=176C  CS=176C  IP=0410   NV UP DI PL NZ NA PO NC           
176C:0410 55            PUSH    BP                                              

AX=7F7F  BX=0000  CX=0001  DX=0000  SP=FFEA  BP=0000  SI=FFEE  DI=0000          
DS=176C  ES=176C  SS=176C  CS=176C  IP=0411   NV UP DI PL NZ NA PO NC           
176C:0411 9D            POPF                                                    

AX=7F7F  BX=0000  CX=0001  DX=0000  SP=FFEC  BP=0000  SI=FFEE  DI=0000          
DS=176C  ES=176C  SS=176C  CS=176C  IP=0412   NV UP DI PL NZ NA PO NC           
176C:0412 89F4          MOV     SP,SI                                           

AX=7F7F  BX=0000  CX=0001  DX=0000  SP=FFEE  BP=0000  SI=FFEE  DI=0000          
DS=176C  ES=176C  SS=176C  CS=176C  IP=0414   NV UP DI PL NZ NA PO NC           
176C:0414 B87F00        MOV     AX,007F                                         

AX=007F  BX=0000  CX=0001  DX=0000  SP=FFEE  BP=0000  SI=FFEE  DI=0000          
DS=176C  ES=176C  SS=176C  CS=176C  IP=0417   NV UP DI PL NZ NA PO NC           
176C:0417 55            PUSH    BP                                              

AX=007F  BX=0000  CX=0001  DX=0000  SP=FFEC  BP=0000  SI=FFEE  DI=0000          
DS=176C  ES=176C  SS=176C  CS=176C  IP=0418   NV UP DI PL NZ NA PO NC           
176C:0418 55            PUSH    BP                                              

AX=007F  BX=0000  CX=0001  DX=0000  SP=FFEA  BP=0000  SI=FFEE  DI=0000          
DS=176C  ES=176C  SS=176C  CS=176C  IP=0419   NV UP DI PL NZ NA PO NC           
176C:0419 9D            POPF                                                    

AX=007F  BX=0000  CX=0001  DX=0000  SP=FFEC  BP=0000  SI=FFEE  DI=0000          
DS=176C  ES=176C  SS=176C  CS=176C  IP=041A   NV UP DI PL NZ NA PO NC           
176C:041A 89F4          MOV     SP,SI                                           

AX=007F  BX=0000  CX=0001  DX=0000  SP=FFEE  BP=0000  SI=FFEE  DI=0000          
DS=176C  ES=176C  SS=176C  CS=176C  IP=041C   NV UP DI PL NZ NA PO NC           
176C:041C B88000        MOV     AX,0080                                         

AX=0080  BX=0000  CX=0001  DX=0000  SP=FFEE  BP=0000  SI=FFEE  DI=0000          
DS=176C  ES=176C  SS=176C  CS=176C  IP=041F   NV UP DI PL NZ NA PO NC           
176C:041F B100          MOV     CL,00                                           

AX=0080  BX=0000  CX=0000  DX=0000  SP=FFEE  BP=0000  SI=FFEE  DI=0000          
DS=176C  ES=176C  SS=176C  CS=176C  IP=0421   NV UP DI PL NZ NA PO NC           
176C:0421 D3E8          SHR     AX,CL                                           

AX=0080  BX=0000  CX=0000  DX=0000  SP=FFEE  BP=0000  SI=FFEE  DI=0000          
DS=176C  ES=176C  SS=176C  CS=176C  IP=0423   NV UP DI PL NZ NA PO NC           
176C:0423 55            PUSH    BP                                              

AX=0080  BX=0000  CX=0000  DX=0000  SP=FFEC  BP=0000  SI=FFEE  DI=0000          
DS=176C  ES=176C  SS=176C  CS=176C  IP=0424   NV UP DI PL NZ NA PO NC           
176C:0424 55            PUSH    BP                                              

AX=0080  BX=0000  CX=0000  DX=0000  SP=FFEA  BP=0000  SI=FFEE  DI=0000          
DS=176C  ES=176C  SS=176C  CS=176C  IP=0425   NV UP DI PL NZ NA PO NC           
176C:0425 9D            POPF                                                    

AX=0080  BX=0000  CX=0000  DX=0000  SP=FFEC  BP=0000  SI=FFEE  DI=0000          
DS=176C  ES=176C  SS=176C  CS=176C  IP=0426   NV UP DI PL NZ NA PO NC           
176C:0426 89F4          MOV     SP,SI                                           

AX=0080  BX=0000  CX=0000  DX=0000  SP=FFEE  BP=0000  SI=FFEE  DI=0000          
DS=176C  ES=176C  SS=176C  CS=176C  IP=0428   NV UP DI PL NZ NA PO NC           
176C:0428 B480          MOV     AH,80                                           

AX=8080  BX=0000  CX=0000  DX=0000  SP=FFEE  BP=0000  SI=FFEE  DI=0000          
DS=176C  ES=176C  SS=176C  CS=176C  IP=042A   NV UP DI PL NZ NA PO NC           
176C:042A B100          MOV     CL,00                                           

AX=8080  BX=0000  CX=0000  DX=0000  SP=FFEE  BP=0000  SI=FFEE  DI=0000          
DS=176C  ES=176C  SS=176C  CS=176C  IP=042C   NV UP DI PL NZ NA PO NC           
176C:042C D2E8          SHR     AL,CL                                           

AX=8080  BX=0000  CX=0000  DX=0000  SP=FFEE  BP=0000  SI=FFEE  DI=0000          
DS=176C  ES=176C  SS=176C  CS=176C  IP=042E   NV UP DI PL NZ NA PO NC           
176C:042E 55            PUSH    BP                                              

AX=8080  BX=0000  CX=0000  DX=0000  SP=FFEC  BP=0000  SI=FFEE  DI=0000          
DS=176C  ES=176C  SS=176C  CS=176C  IP=042F   NV UP DI PL NZ NA PO NC           
176C:042F 55            PUSH    BP                                              

AX=8080  BX=0000  CX=0000  DX=0000  SP=FFEA  BP=0000  SI=FFEE  DI=0000          
DS=176C  ES=176C  SS=176C  CS=176C  IP=0430   NV UP DI PL NZ NA PO NC           
176C:0430 9D            POPF                                                    

AX=8080  BX=0000  CX=0000  DX=0000  SP=FFEC  BP=0000  SI=FFEE  DI=0000          
DS=176C  ES=176C  SS=176C  CS=176C  IP=0431   NV UP DI PL NZ NA PO NC           
176C:0431 89F4          MOV     SP,SI                                           

AX=8080  BX=0000  CX=0000  DX=0000  SP=FFEE  BP=0000  SI=FFEE  DI=0000          
DS=176C  ES=176C  SS=176C  CS=176C  IP=0433   NV UP DI PL NZ NA PO NC           
176C:0433 B88000        MOV     AX,0080                                         

AX=0080  BX=0000  CX=0000  DX=0000  SP=FFEE  BP=0000  SI=FFEE  DI=0000          
DS=176C  ES=176C  SS=176C  CS=176C  IP=0436   NV UP DI PL NZ NA PO NC           
176C:0436 55            PUSH    BP                                              

AX=0080  BX=0000  CX=0000  DX=0000  SP=FFEC  BP=0000  SI=FFEE  DI=0000          
DS=176C  ES=176C  SS=176C  CS=176C  IP=0437   NV UP DI PL NZ NA PO NC           
176C:0437 55            PUSH    BP                                              

AX=0080  BX=0000  CX=0000  DX=0000  SP=FFEA  BP=0000  SI=FFEE  DI=0000          
DS=176C  ES=176C  SS=176C  CS=176C  IP=0438   NV UP DI PL NZ NA PO NC           
176C:0438 9D            POPF                                                    

AX=0080  BX=0000  CX=0000  DX=0000  SP=FFEC  BP=0000  SI=FFEE  DI=0000          
DS=176C  ES=176C  SS=176C  CS=176C  IP=0439   NV UP DI PL NZ NA PO NC           
176C:0439 89F4          MOV     SP,SI                                           

AX=0080  BX=0000  CX=0000  DX=0000  SP=FFEE  BP=0000  SI=FFEE  DI=0000          
DS=176C  ES=176C  SS=176C  CS=176C  IP=043B   NV UP DI PL NZ NA PO NC           
176C:043B B480          MOV     AH,80                                           

AX=8080  BX=0000  CX=0000  DX=0000  SP=FFEE  BP=0000  SI=FFEE  DI=0000          
DS=176C  ES=176C  SS=176C  CS=176C  IP=043D   NV UP DI PL NZ NA PO NC           
176C:043D 55            PUSH    BP                                              

AX=8080  BX=0000  CX=0000  DX=0000  SP=FFEC  BP=0000  SI=FFEE  DI=0000          
DS=176C  ES=176C  SS=176C  CS=176C  IP=043E   NV UP DI PL NZ NA PO NC           
176C:043E 55            PUSH    BP                                              

AX=8080  BX=0000  CX=0000  DX=0000  SP=FFEA  BP=0000  SI=FFEE  DI=0000          
DS=176C  ES=176C  SS=176C  CS=176C  IP=043F   NV UP DI PL NZ NA PO NC           
176C:043F 9D            POPF                                                    

AX=8080  BX=0000  CX=0000  DX=0000  SP=FFEC  BP=0000  SI=FFEE  DI=0000          
DS=176C  ES=176C  SS=176C  CS=176C  IP=0440   NV UP DI PL NZ NA PO NC           
176C:0440 89F4          MOV     SP,SI                                           

AX=8080  BX=0000  CX=0000  DX=0000  SP=FFEE  BP=0000  SI=FFEE  DI=0000          
DS=176C  ES=176C  SS=176C  CS=176C  IP=0442   NV UP DI PL NZ NA PO NC           
176C:0442 B88000        MOV     AX,0080                                         

AX=0080  BX=0000  CX=0000  DX=0000  SP=FFEE  BP=0000  SI=FFEE  DI=0000          
DS=176C  ES=176C  SS=176C  CS=176C  IP=0445   NV UP DI PL NZ NA PO NC           
176C:0445 55            PUSH    BP                                              

AX=0080  BX=0000  CX=0000  DX=0000  SP=FFEC  BP=0000  SI=FFEE  DI=0000          
DS=176C  ES=176C  SS=176C  CS=176C  IP=0446   NV UP DI PL NZ NA PO NC           
176C:0446 55            PUSH    BP                                              

AX=0080  BX=0000  CX=0000  DX=0000  SP=FFEA  BP=0000  SI=FFEE  DI=0000          
DS=176C  ES=176C  SS=176C  CS=176C  IP=0447   NV UP DI PL NZ NA PO NC           
176C:0447 9D            POPF                                                    

AX=0080  BX=0000  CX=0000  DX=0000  SP=FFEC  BP=0000  SI=FFEE  DI=0000          
DS=176C  ES=176C  SS=176C  CS=176C  IP=0448   NV UP DI PL NZ NA PO NC           
176C:0448 89F4          MOV     SP,SI                                           

AX=0080  BX=0000  CX=0000  DX=0000  SP=FFEE  BP=0000  SI=FFEE  DI=0000          
DS=176C  ES=176C  SS=176C  CS=176C  IP=044A   NV UP DI PL NZ NA PO NC           
176C:044A B88000        MOV     AX,0080                                         

AX=0080  BX=0000  CX=0000  DX=0000  SP=FFEE  BP=0000  SI=FFEE  DI=0000          
DS=176C  ES=176C  SS=176C  CS=176C  IP=044D   NV UP DI PL NZ NA PO NC           
176C:044D B101          MOV     CL,01                                           

AX=0080  BX=0000  CX=0001  DX=0000  SP=FFEE  BP=0000  SI=FFEE  DI=0000          
DS=176C  ES=176C  SS=176C  CS=176C  IP=044F   NV UP DI PL NZ NA PO NC           
176C:044F D3E8          SHR     AX,CL                                           

AX=0040  BX=0000  CX=0001  DX=0000  SP=FFEE  BP=0000  SI=FFEE  DI=0000          
DS=176C  ES=176C  SS=176C  CS=176C  IP=0451   NV UP DI PL NZ NA PO NC           
176C:0451 55            PUSH    BP                                              

AX=0040  BX=0000  CX=0001  DX=0000  SP=FFEC  BP=0000  SI=FFEE  DI=0000          
DS=176C  ES=176C  SS=176C  CS=176C  IP=0452   NV UP DI PL NZ NA PO NC           
176C:0452 55            PUSH    BP                                              

AX=0040  BX=0000  CX=0001  DX=0000  SP=FFEA  BP=0000  SI=FFEE  DI=0000          
DS=176C  ES=176C  SS=176C  CS=176C  IP=0453   NV UP DI PL NZ NA PO NC           
176C:0453 9D            POPF                                                    

AX=0040  BX=0000  CX=0001  DX=0000  SP=FFEC  BP=0000  SI=FFEE  DI=0000          
DS=176C  ES=176C  SS=176C  CS=176C  IP=0454   NV UP DI PL NZ NA PO NC           
176C:0454 89F4          MOV     SP,SI                                           

AX=0040  BX=0000  CX=0001  DX=0000  SP=FFEE  BP=0000  SI=FFEE  DI=0000          
DS=176C  ES=176C  SS=176C  CS=176C  IP=0456   NV UP DI PL NZ NA PO NC           
176C:0456 B480          MOV     AH,80                                           

AX=8040  BX=0000  CX=0001  DX=0000  SP=FFEE  BP=0000  SI=FFEE  DI=0000          
DS=176C  ES=176C  SS=176C  CS=176C  IP=0458   NV UP DI PL NZ NA PO NC           
176C:0458 B101          MOV     CL,01                                           

AX=8040  BX=0000  CX=0001  DX=0000  SP=FFEE  BP=0000  SI=FFEE  DI=0000          
DS=176C  ES=176C  SS=176C  CS=176C  IP=045A   NV UP DI PL NZ NA PO NC           
176C:045A D2E8          SHR     AL,CL                                           

AX=8020  BX=0000  CX=0001  DX=0000  SP=FFEE  BP=0000  SI=FFEE  DI=0000          
DS=176C  ES=176C  SS=176C  CS=176C  IP=045C   NV UP DI PL NZ NA PO NC           
176C:045C 55            PUSH    BP                                              

AX=8020  BX=0000  CX=0001  DX=0000  SP=FFEC  BP=0000  SI=FFEE  DI=0000          
DS=176C  ES=176C  SS=176C  CS=176C  IP=045D   NV UP DI PL NZ NA PO NC           
176C:045D 55            PUSH    BP                                              

AX=8020  BX=0000  CX=0001  DX=0000  SP=FFEA  BP=0000  SI=FFEE  DI=0000          
DS=176C  ES=176C  SS=176C  CS=176C  IP=045E   NV UP DI PL NZ NA PO NC           
176C:045E 9D            POPF                                                    

AX=8020  BX=0000  CX=0001  DX=0000  SP=FFEC  BP=0000  SI=FFEE  DI=0000          
DS=176C  ES=176C  SS=176C  CS=176C  IP=045F   NV UP DI PL NZ NA PO NC           
176C:045F 89F4          MOV     SP,SI                                           

AX=8020  BX=0000  CX=0001  DX=0000  SP=FFEE  BP=0000  SI=FFEE  DI=0000          
DS=176C  ES=176C  SS=176C  CS=176C  IP=0461   NV UP DI PL NZ NA PO NC           
176C:0461 B88000        MOV     AX,0080                                         

AX=0080  BX=0000  CX=0001  DX=0000  SP=FFEE  BP=0000  SI=FFEE  DI=0000          
DS=176C  ES=176C  SS=176C  CS=176C  IP=0464   NV UP DI PL NZ NA PO NC           
176C:0464 55            PUSH    BP                                              

AX=0080  BX=0000  CX=0001  DX=0000  SP=FFEC  BP=0000  SI=FFEE  DI=0000          
DS=176C  ES=176C  SS=176C  CS=176C  IP=0465   NV UP DI PL NZ NA PO NC           
176C:0465 55            PUSH    BP                                              

AX=0080  BX=0000  CX=0001  DX=0000  SP=FFEA  BP=0000  SI=FFEE  DI=0000          
DS=176C  ES=176C  SS=176C  CS=176C  IP=0466   NV UP DI PL NZ NA PO NC           
176C:0466 9D            POPF                                                    

AX=0080  BX=0000  CX=0001  DX=0000  SP=FFEC  BP=0000  SI=FFEE  DI=0000          
DS=176C  ES=176C  SS=176C  CS=176C  IP=0467   NV UP DI PL NZ NA PO NC           
176C:0467 89F4          MOV     SP,SI                                           

AX=0080  BX=0000  CX=0001  DX=0000  SP=FFEE  BP=0000  SI=FFEE  DI=0000          
DS=176C  ES=176C  SS=176C  CS=176C  IP=0469   NV UP DI PL NZ NA PO NC           
176C:0469 B480          MOV     AH,80                                           

AX=8080  BX=0000  CX=0001  DX=0000  SP=FFEE  BP=0000  SI=FFEE  DI=0000          
DS=176C  ES=176C  SS=176C  CS=176C  IP=046B   NV UP DI PL NZ NA PO NC           
176C:046B 55            PUSH    BP                                              

AX=8080  BX=0000  CX=0001  DX=0000  SP=FFEC  BP=0000  SI=FFEE  DI=0000          
DS=176C  ES=176C  SS=176C  CS=176C  IP=046C   NV UP DI PL NZ NA PO NC           
176C:046C 55            PUSH    BP                                              

AX=8080  BX=0000  CX=0001  DX=0000  SP=FFEA  BP=0000  SI=FFEE  DI=0000          
DS=176C  ES=176C  SS=176C  CS=176C  IP=046D   NV UP DI PL NZ NA PO NC           
176C:046D 9D            POPF                                                    

AX=8080  BX=0000  CX=0001  DX=0000  SP=FFEC  BP=0000  SI=FFEE  DI=0000          
DS=176C  ES=176C  SS=176C  CS=176C  IP=046E   NV UP DI PL NZ NA PO NC           
176C:046E 89F4          MOV     SP,SI                                           

AX=8080  BX=0000  CX=0001  DX=0000  SP=FFEE  BP=0000  SI=FFEE  DI=0000          
DS=176C  ES=176C  SS=176C  CS=176C  IP=0470   NV UP DI PL NZ NA PO NC           
176C:0470 B88000        MOV     AX,0080                                         

AX=0080  BX=0000  CX=0001  DX=0000  SP=FFEE  BP=0000  SI=FFEE  DI=0000          
DS=176C  ES=176C  SS=176C  CS=176C  IP=0473   NV UP DI PL NZ NA PO NC           
176C:0473 55            PUSH    BP                                              

AX=0080  BX=0000  CX=0001  DX=0000  SP=FFEC  BP=0000  SI=FFEE  DI=0000          
DS=176C  ES=176C  SS=176C  CS=176C  IP=0474   NV UP DI PL NZ NA PO NC           
176C:0474 55            PUSH    BP                                              

AX=0080  BX=0000  CX=0001  DX=0000  SP=FFEA  BP=0000  SI=FFEE  DI=0000          
DS=176C  ES=176C  SS=176C  CS=176C  IP=0475   NV UP DI PL NZ NA PO NC           
176C:0475 9D            POPF                                                    

AX=0080  BX=0000  CX=0001  DX=0000  SP=FFEC  BP=0000  SI=FFEE  DI=0000          
DS=176C  ES=176C  SS=176C  CS=176C  IP=0476   NV UP DI PL NZ NA PO NC           
176C:0476 89F4          MOV     SP,SI                                           

AX=0080  BX=0000  CX=0001  DX=0000  SP=FFEE  BP=0000  SI=FFEE  DI=0000          
DS=176C  ES=176C  SS=176C  CS=176C  IP=0478   NV UP DI PL NZ NA PO NC           
176C:0478 B80180        MOV     AX,8001                                         

AX=8001  BX=0000  CX=0001  DX=0000  SP=FFEE  BP=0000  SI=FFEE  DI=0000          
DS=176C  ES=176C  SS=176C  CS=176C  IP=047B   NV UP DI PL NZ NA PO NC           
176C:047B B100          MOV     CL,00                                           

AX=8001  BX=0000  CX=0000  DX=0000  SP=FFEE  BP=0000  SI=FFEE  DI=0000          
DS=176C  ES=176C  SS=176C  CS=176C  IP=047D   NV UP DI PL NZ NA PO NC           
176C:047D D3E8          SHR     AX,CL                                           

AX=8001  BX=0000  CX=0000  DX=0000  SP=FFEE  BP=0000  SI=FFEE  DI=0000          
DS=176C  ES=176C  SS=176C  CS=176C  IP=047F   NV UP DI PL NZ NA PO NC           
176C:047F 55            PUSH    BP                                              

AX=8001  BX=0000  CX=0000  DX=0000  SP=FFEC  BP=0000  SI=FFEE  DI=0000          
DS=176C  ES=176C  SS=176C  CS=176C  IP=0480   NV UP DI PL NZ NA PO NC           
176C:0480 55            PUSH    BP                                              

AX=8001  BX=0000  CX=0000  DX=0000  SP=FFEA  BP=0000  SI=FFEE  DI=0000          
DS=176C  ES=176C  SS=176C  CS=176C  IP=0481   NV UP DI PL NZ NA PO NC           
176C:0481 9D            POPF                                                    

AX=8001  BX=0000  CX=0000  DX=0000  SP=FFEC  BP=0000  SI=FFEE  DI=0000          
DS=176C  ES=176C  SS=176C  CS=176C  IP=0482   NV UP DI PL NZ NA PO NC           
176C:0482 89F4          MOV     SP,SI                                           

AX=8001  BX=0000  CX=0000  DX=0000  SP=FFEE  BP=0000  SI=FFEE  DI=0000          
DS=176C  ES=176C  SS=176C  CS=176C  IP=0484   NV UP DI PL NZ NA PO NC           
176C:0484 B401          MOV     AH,01                                           

AX=0101  BX=0000  CX=0000  DX=0000  SP=FFEE  BP=0000  SI=FFEE  DI=0000          
DS=176C  ES=176C  SS=176C  CS=176C  IP=0486   NV UP DI PL NZ NA PO NC           
176C:0486 B100          MOV     CL,00                                           

AX=0101  BX=0000  CX=0000  DX=0000  SP=FFEE  BP=0000  SI=FFEE  DI=0000          
DS=176C  ES=176C  SS=176C  CS=176C  IP=0488   NV UP DI PL NZ NA PO NC           
176C:0488 D2E8          SHR     AL,CL                                           

AX=0101  BX=0000  CX=0000  DX=0000  SP=FFEE  BP=0000  SI=FFEE  DI=0000          
DS=176C  ES=176C  SS=176C  CS=176C  IP=048A   NV UP DI PL NZ NA PO NC           
176C:048A 55            PUSH    BP                                              

AX=0101  BX=0000  CX=0000  DX=0000  SP=FFEC  BP=0000  SI=FFEE  DI=0000          
DS=176C  ES=176C  SS=176C  CS=176C  IP=048B   NV UP DI PL NZ NA PO NC           
176C:048B 55            PUSH    BP                                              

AX=0101  BX=0000  CX=0000  DX=0000  SP=FFEA  BP=0000  SI=FFEE  DI=0000          
DS=176C  ES=176C  SS=176C  CS=176C  IP=048C   NV UP DI PL NZ NA PO NC           
176C:048C 9D            POPF                                                    

AX=0101  BX=0000  CX=0000  DX=0000  SP=FFEC  BP=0000  SI=FFEE  DI=0000          
DS=176C  ES=176C  SS=176C  CS=176C  IP=048D   NV UP DI PL NZ NA PO NC           
176C:048D 89F4          MOV     SP,SI                                           

AX=0101  BX=0000  CX=0000  DX=0000  SP=FFEE  BP=0000  SI=FFEE  DI=0000          
DS=176C  ES=176C  SS=176C  CS=176C  IP=048F   NV UP DI PL NZ NA PO NC           
176C:048F B80180        MOV     AX,8001                                         

AX=8001  BX=0000  CX=0000  DX=0000  SP=FFEE  BP=0000  SI=FFEE  DI=0000          
DS=176C  ES=176C  SS=176C  CS=176C  IP=0492   NV UP DI PL NZ NA PO NC           
176C:0492 55            PUSH    BP                                              

AX=8001  BX=0000  CX=0000  DX=0000  SP=FFEC  BP=0000  SI=FFEE  DI=0000          
DS=176C  ES=176C  SS=176C  CS=176C  IP=0493   NV UP DI PL NZ NA PO NC           
176C:0493 55            PUSH    BP                                              

AX=8001  BX=0000  CX=0000  DX=0000  SP=FFEA  BP=0000  SI=FFEE  DI=0000          
DS=176C  ES=176C  SS=176C  CS=176C  IP=0494   NV UP DI PL NZ NA PO NC           
176C:0494 9D            POPF                                                    

AX=8001  BX=0000  CX=0000  DX=0000  SP=FFEC  BP=0000  SI=FFEE  DI=0000          
DS=176C  ES=176C  SS=176C  CS=176C  IP=0495   NV UP DI PL NZ NA PO NC           
176C:0495 89F4          MOV     SP,SI                                           

AX=8001  BX=0000  CX=0000  DX=0000  SP=FFEE  BP=0000  SI=FFEE  DI=0000          
DS=176C  ES=176C  SS=176C  CS=176C  IP=0497   NV UP DI PL NZ NA PO NC           
176C:0497 B401          MOV     AH,01                                           

AX=0101  BX=0000  CX=0000  DX=0000  SP=FFEE  BP=0000  SI=FFEE  DI=0000          
DS=176C  ES=176C  SS=176C  CS=176C  IP=0499   NV UP DI PL NZ NA PO NC           
176C:0499 55            PUSH    BP                                              

AX=0101  BX=0000  CX=0000  DX=0000  SP=FFEC  BP=0000  SI=FFEE  DI=0000          
DS=176C  ES=176C  SS=176C  CS=176C  IP=049A   NV UP DI PL NZ NA PO NC           
176C:049A 55            PUSH    BP                                              

AX=0101  BX=0000  CX=0000  DX=0000  SP=FFEA  BP=0000  SI=FFEE  DI=0000          
DS=176C  ES=176C  SS=176C  CS=176C  IP=049B   NV UP DI PL NZ NA PO NC           
176C:049B 9D            POPF                                                    

AX=0101  BX=0000  CX=0000  DX=0000  SP=FFEC  BP=0000  SI=FFEE  DI=0000          
DS=176C  ES=176C  SS=176C  CS=176C  IP=049C   NV UP DI PL NZ NA PO NC           
176C:049C 89F4          MOV     SP,SI                                           

AX=0101  BX=0000  CX=0000  DX=0000  SP=FFEE  BP=0000  SI=FFEE  DI=0000          
DS=176C  ES=176C  SS=176C  CS=176C  IP=049E   NV UP DI PL NZ NA PO NC           
176C:049E B80180        MOV     AX,8001                                         

AX=8001  BX=0000  CX=0000  DX=0000  SP=FFEE  BP=0000  SI=FFEE  DI=0000          
DS=176C  ES=176C  SS=176C  CS=176C  IP=04A1   NV UP DI PL NZ NA PO NC           
176C:04A1 55            PUSH    BP                                              

AX=8001  BX=0000  CX=0000  DX=0000  SP=FFEC  BP=0000  SI=FFEE  DI=0000          
DS=176C  ES=176C  SS=176C  CS=176C  IP=04A2   NV UP DI PL NZ NA PO NC           
176C:04A2 55            PUSH    BP                                              

AX=8001  BX=0000  CX=0000  DX=0000  SP=FFEA  BP=0000  SI=FFEE  DI=0000          
DS=176C  ES=176C  SS=176C  CS=176C  IP=04A3   NV UP DI PL NZ NA PO NC           
176C:04A3 9D            POPF                                                    

AX=8001  BX=0000  CX=0000  DX=0000  SP=FFEC  BP=0000  SI=FFEE  DI=0000          
DS=176C  ES=176C  SS=176C  CS=176C  IP=04A4   NV UP DI PL NZ NA PO NC           
176C:04A4 89F4          MOV     SP,SI                                           

AX=8001  BX=0000  CX=0000  DX=0000  SP=FFEE  BP=0000  SI=FFEE  DI=0000          
DS=176C  ES=176C  SS=176C  CS=176C  IP=04A6   NV UP DI PL NZ NA PO NC           
176C:04A6 B80180        MOV     AX,8001                                         

AX=8001  BX=0000  CX=0000  DX=0000  SP=FFEE  BP=0000  SI=FFEE  DI=0000          
DS=176C  ES=176C  SS=176C  CS=176C  IP=04A9   NV UP DI PL NZ NA PO NC           
176C:04A9 B101          MOV     CL,01                                           

AX=8001  BX=0000  CX=0001  DX=0000  SP=FFEE  BP=0000  SI=FFEE  DI=0000          
DS=176C  ES=176C  SS=176C  CS=176C  IP=04AB   NV UP DI PL NZ NA PO NC           
176C:04AB D3E8          SHR     AX,CL                                           

AX=4000  BX=0000  CX=0001  DX=0000  SP=FFEE  BP=0000  SI=FFEE  DI=0000          
DS=176C  ES=176C  SS=176C  CS=176C  IP=04AD   OV UP DI PL NZ NA PE CY           
176C:04AD 55            PUSH    BP                                              

AX=4000  BX=0000  CX=0001  DX=0000  SP=FFEC  BP=0000  SI=FFEE  DI=0000          
DS=176C  ES=176C  SS=176C  CS=176C  IP=04AE   OV UP DI PL NZ NA PE CY           
176C:04AE 55            PUSH    BP                                              

AX=4000  BX=0000  CX=0001  DX=0000  SP=FFEA  BP=0000  SI=FFEE  DI=0000          
DS=176C  ES=176C  SS=176C  CS=176C  IP=04AF   OV UP DI PL NZ NA PE CY           
176C:04AF 9D            POPF                                                    

AX=4000  BX=0000  CX=0001  DX=0000  SP=FFEC  BP=0000  SI=FFEE  DI=0000          
DS=176C  ES=176C  SS=176C  CS=176C  IP=04B0   NV UP DI PL NZ NA PO NC           
176C:04B0 89F4          MOV     SP,SI                                           

AX=4000  BX=0000  CX=0001  DX=0000  SP=FFEE  BP=0000  SI=FFEE  DI=0000          
DS=176C  ES=176C  SS=176C  CS=176C  IP=04B2   NV UP DI PL NZ NA PO NC           
176C:04B2 B401          MOV     AH,01                                           

AX=0100  BX=0000  CX=0001  DX=0000  SP=FFEE  BP=0000  SI=FFEE  DI=0000          
DS=176C  ES=176C  SS=176C  CS=176C  IP=04B4   NV UP DI PL NZ NA PO NC           
176C:04B4 B101          MOV     CL,01                                           

AX=0100  BX=0000  CX=0001  DX=0000  SP=FFEE  BP=0000  SI=FFEE  DI=0000          
DS=176C  ES=176C  SS=176C  CS=176C  IP=04B6   NV UP DI PL NZ NA PO NC           
176C:04B6 D2E8          SHR     AL,CL                                           

AX=0100  BX=0000  CX=0001  DX=0000  SP=FFEE  BP=0000  SI=FFEE  DI=0000          
DS=176C  ES=176C  SS=176C  CS=176C  IP=04B8   NV UP DI PL ZR NA PE NC           
176C:04B8 55            PUSH    BP                                              

AX=0100  BX=0000  CX=0001  DX=0000  SP=FFEC  BP=0000  SI=FFEE  DI=0000          
DS=176C  ES=176C  SS=176C  CS=176C  IP=04B9   NV UP DI PL ZR NA PE NC           
176C:04B9 55            PUSH    BP                                              

AX=0100  BX=0000  CX=0001  DX=0000  SP=FFEA  BP=0000  SI=FFEE  DI=0000          
DS=176C  ES=176C  SS=176C  CS=176C  IP=04BA   NV UP DI PL ZR NA PE NC           
176C:04BA 9D            POPF                                                    

AX=0100  BX=0000  CX=0001  DX=0000  SP=FFEC  BP=0000  SI=FFEE  DI=0000          
DS=176C  ES=176C  SS=176C  CS=176C  IP=04BB   NV UP DI PL NZ NA PO NC           
176C:04BB 89F4          MOV     SP,SI                                           

AX=0100  BX=0000  CX=0001  DX=0000  SP=FFEE  BP=0000  SI=FFEE  DI=0000          
DS=176C  ES=176C  SS=176C  CS=176C  IP=04BD   NV UP DI PL NZ NA PO NC           
176C:04BD B80180        MOV     AX,8001                                         

AX=8001  BX=0000  CX=0001  DX=0000  SP=FFEE  BP=0000  SI=FFEE  DI=0000          
DS=176C  ES=176C  SS=176C  CS=176C  IP=04C0   NV UP DI PL NZ NA PO NC           
176C:04C0 55            PUSH    BP                                              

AX=8001  BX=0000  CX=0001  DX=0000  SP=FFEC  BP=0000  SI=FFEE  DI=0000          
DS=176C  ES=176C  SS=176C  CS=176C  IP=04C1   NV UP DI PL NZ NA PO NC           
176C:04C1 55            PUSH    BP                                              

AX=8001  BX=0000  CX=0001  DX=0000  SP=FFEA  BP=0000  SI=FFEE  DI=0000          
DS=176C  ES=176C  SS=176C  CS=176C  IP=04C2   NV UP DI PL NZ NA PO NC           
176C:04C2 9D            POPF                                                    

AX=8001  BX=0000  CX=0001  DX=0000  SP=FFEC  BP=0000  SI=FFEE  DI=0000          
DS=176C  ES=176C  SS=176C  CS=176C  IP=04C3   NV UP DI PL NZ NA PO NC           
176C:04C3 89F4          MOV     SP,SI                                           

AX=8001  BX=0000  CX=0001  DX=0000  SP=FFEE  BP=0000  SI=FFEE  DI=0000          
DS=176C  ES=176C  SS=176C  CS=176C  IP=04C5   NV UP DI PL NZ NA PO NC           
176C:04C5 B401          MOV     AH,01                                           

AX=0101  BX=0000  CX=0001  DX=0000  SP=FFEE  BP=0000  SI=FFEE  DI=0000          
DS=176C  ES=176C  SS=176C  CS=176C  IP=04C7   NV UP DI PL NZ NA PO NC           
176C:04C7 55            PUSH    BP                                              

AX=0101  BX=0000  CX=0001  DX=0000  SP=FFEC  BP=0000  SI=FFEE  DI=0000          
DS=176C  ES=176C  SS=176C  CS=176C  IP=04C8   NV UP DI PL NZ NA PO NC           
176C:04C8 55            PUSH    BP                                              

AX=0101  BX=0000  CX=0001  DX=0000  SP=FFEA  BP=0000  SI=FFEE  DI=0000          
DS=176C  ES=176C  SS=176C  CS=176C  IP=04C9   NV UP DI PL NZ NA PO NC           
176C:04C9 9D            POPF                                                    

AX=0101  BX=0000  CX=0001  DX=0000  SP=FFEC  BP=0000  SI=FFEE  DI=0000          
DS=176C  ES=176C  SS=176C  CS=176C  IP=04CA   NV UP DI PL NZ NA PO NC           
176C:04CA 89F4          MOV     SP,SI                                           

AX=0101  BX=0000  CX=0001  DX=0000  SP=FFEE  BP=0000  SI=FFEE  DI=0000          
DS=176C  ES=176C  SS=176C  CS=176C  IP=04CC   NV UP DI PL NZ NA PO NC           
176C:04CC B80180        MOV     AX,8001                                         

AX=8001  BX=0000  CX=0001  DX=0000  SP=FFEE  BP=0000  SI=FFEE  DI=0000          
DS=176C  ES=176C  SS=176C  CS=176C  IP=04CF   NV UP DI PL NZ NA PO NC           
176C:04CF 55            PUSH    BP                                              

AX=8001  BX=0000  CX=0001  DX=0000  SP=FFEC  BP=0000  SI=FFEE  DI=0000          
DS=176C  ES=176C  SS=176C  CS=176C  IP=04D0   NV UP DI PL NZ NA PO NC           
176C:04D0 55            PUSH    BP                                              

AX=8001  BX=0000  CX=0001  DX=0000  SP=FFEA  BP=0000  SI=FFEE  DI=0000          
DS=176C  ES=176C  SS=176C  CS=176C  IP=04D1   NV UP DI PL NZ NA PO NC           
176C:04D1 9D            POPF                                                    

AX=8001  BX=0000  CX=0001  DX=0000  SP=FFEC  BP=0000  SI=FFEE  DI=0000          
DS=176C  ES=176C  SS=176C  CS=176C  IP=04D2   NV UP DI PL NZ NA PO NC           
176C:04D2 89F4          MOV     SP,SI                                           

AX=8001  BX=0000  CX=0001  DX=0000  SP=FFEE  BP=0000  SI=FFEE  DI=0000          
DS=176C  ES=176C  SS=176C  CS=176C  IP=04D4   NV UP DI PL NZ NA PO NC           
176C:04D4 B8FE7F        MOV     AX,7FFE                                         

AX=7FFE  BX=0000  CX=0001  DX=0000  SP=FFEE  BP=0000  SI=FFEE  DI=0000          
DS=176C  ES=176C  SS=176C  CS=176C  IP=04D7   NV UP DI PL NZ NA PO NC           
176C:04D7 B100          MOV     CL,00                                           

AX=7FFE  BX=0000  CX=0000  DX=0000  SP=FFEE  BP=0000  SI=FFEE  DI=0000          
DS=176C  ES=176C  SS=176C  CS=176C  IP=04D9   NV UP DI PL NZ NA PO NC           
176C:04D9 D3E8          SHR     AX,CL                                           

AX=7FFE  BX=0000  CX=0000  DX=0000  SP=FFEE  BP=0000  SI=FFEE  DI=0000          
DS=176C  ES=176C  SS=176C  CS=176C  IP=04DB   NV UP DI PL NZ NA PO NC           
176C:04DB 55            PUSH    BP                                              

AX=7FFE  BX=0000  CX=0000  DX=0000  SP=FFEC  BP=0000  SI=FFEE  DI=0000          
DS=176C  ES=176C  SS=176C  CS=176C  IP=04DC   NV UP DI PL NZ NA PO NC           
176C:04DC 55            PUSH    BP                                              

AX=7FFE  BX=0000  CX=0000  DX=0000  SP=FFEA  BP=0000  SI=FFEE  DI=0000          
DS=176C  ES=176C  SS=176C  CS=176C  IP=04DD   NV UP DI PL NZ NA PO NC           
176C:04DD 9D            POPF                                                    

AX=7FFE  BX=0000  CX=0000  DX=0000  SP=FFEC  BP=0000  SI=FFEE  DI=0000          
DS=176C  ES=176C  SS=176C  CS=176C  IP=04DE   NV UP DI PL NZ NA PO NC           
176C:04DE 89F4          MOV     SP,SI                                           

AX=7FFE  BX=0000  CX=0000  DX=0000  SP=FFEE  BP=0000  SI=FFEE  DI=0000          
DS=176C  ES=176C  SS=176C  CS=176C  IP=04E0   NV UP DI PL NZ NA PO NC           
176C:04E0 B4FE          MOV     AH,FE                                           

AX=FEFE  BX=0000  CX=0000  DX=0000  SP=FFEE  BP=0000  SI=FFEE  DI=0000          
DS=176C  ES=176C  SS=176C  CS=176C  IP=04E2   NV UP DI PL NZ NA PO NC           
176C:04E2 B100          MOV     CL,00                                           

AX=FEFE  BX=0000  CX=0000  DX=0000  SP=FFEE  BP=0000  SI=FFEE  DI=0000          
DS=176C  ES=176C  SS=176C  CS=176C  IP=04E4   NV UP DI PL NZ NA PO NC           
176C:04E4 D2E8          SHR     AL,CL                                           

AX=FEFE  BX=0000  CX=0000  DX=0000  SP=FFEE  BP=0000  SI=FFEE  DI=0000          
DS=176C  ES=176C  SS=176C  CS=176C  IP=04E6   NV UP DI PL NZ NA PO NC           
176C:04E6 55            PUSH    BP                                              

AX=FEFE  BX=0000  CX=0000  DX=0000  SP=FFEC  BP=0000  SI=FFEE  DI=0000          
DS=176C  ES=176C  SS=176C  CS=176C  IP=04E7   NV UP DI PL NZ NA PO NC           
176C:04E7 55            PUSH    BP                                              

AX=FEFE  BX=0000  CX=0000  DX=0000  SP=FFEA  BP=0000  SI=FFEE  DI=0000          
DS=176C  ES=176C  SS=176C  CS=176C  IP=04E8   NV UP DI PL NZ NA PO NC           
176C:04E8 9D            POPF                                                    

AX=FEFE  BX=0000  CX=0000  DX=0000  SP=FFEC  BP=0000  SI=FFEE  DI=0000          
DS=176C  ES=176C  SS=176C  CS=176C  IP=04E9   NV UP DI PL NZ NA PO NC           
176C:04E9 89F4          MOV     SP,SI                                           

AX=FEFE  BX=0000  CX=0000  DX=0000  SP=FFEE  BP=0000  SI=FFEE  DI=0000          
DS=176C  ES=176C  SS=176C  CS=176C  IP=04EB   NV UP DI PL NZ NA PO NC           
176C:04EB B8FE7F        MOV     AX,7FFE                                         

AX=7FFE  BX=0000  CX=0000  DX=0000  SP=FFEE  BP=0000  SI=FFEE  DI=0000          
DS=176C  ES=176C  SS=176C  CS=176C  IP=04EE   NV UP DI PL NZ NA PO NC           
176C:04EE 55            PUSH    BP                                              

AX=7FFE  BX=0000  CX=0000  DX=0000  SP=FFEC  BP=0000  SI=FFEE  DI=0000          
DS=176C  ES=176C  SS=176C  CS=176C  IP=04EF   NV UP DI PL NZ NA PO NC           
176C:04EF 55            PUSH    BP                                              

AX=7FFE  BX=0000  CX=0000  DX=0000  SP=FFEA  BP=0000  SI=FFEE  DI=0000          
DS=176C  ES=176C  SS=176C  CS=176C  IP=04F0   NV UP DI PL NZ NA PO NC           
176C:04F0 9D            POPF                                                    

AX=7FFE  BX=0000  CX=0000  DX=0000  SP=FFEC  BP=0000  SI=FFEE  DI=0000          
DS=176C  ES=176C  SS=176C  CS=176C  IP=04F1   NV UP DI PL NZ NA PO NC           
176C:04F1 89F4          MOV     SP,SI                                           

AX=7FFE  BX=0000  CX=0000  DX=0000  SP=FFEE  BP=0000  SI=FFEE  DI=0000          
DS=176C  ES=176C  SS=176C  CS=176C  IP=04F3   NV UP DI PL NZ NA PO NC           
176C:04F3 B4FE          MOV     AH,FE                                           

AX=FEFE  BX=0000  CX=0000  DX=0000  SP=FFEE  BP=0000  SI=FFEE  DI=0000          
DS=176C  ES=176C  SS=176C  CS=176C  IP=04F5   NV UP DI PL NZ NA PO NC           
176C:04F5 55            PUSH    BP                                              

AX=FEFE  BX=0000  CX=0000  DX=0000  SP=FFEC  BP=0000  SI=FFEE  DI=0000          
DS=176C  ES=176C  SS=176C  CS=176C  IP=04F6   NV UP DI PL NZ NA PO NC           
176C:04F6 55            PUSH    BP                                              

AX=FEFE  BX=0000  CX=0000  DX=0000  SP=FFEA  BP=0000  SI=FFEE  DI=0000          
DS=176C  ES=176C  SS=176C  CS=176C  IP=04F7   NV UP DI PL NZ NA PO NC           
176C:04F7 9D            POPF                                                    

AX=FEFE  BX=0000  CX=0000  DX=0000  SP=FFEC  BP=0000  SI=FFEE  DI=0000          
DS=176C  ES=176C  SS=176C  CS=176C  IP=04F8   NV UP DI PL NZ NA PO NC           
176C:04F8 89F4          MOV     SP,SI                                           

AX=FEFE  BX=0000  CX=0000  DX=0000  SP=FFEE  BP=0000  SI=FFEE  DI=0000          
DS=176C  ES=176C  SS=176C  CS=176C  IP=04FA   NV UP DI PL NZ NA PO NC           
176C:04FA B8FE7F        MOV     AX,7FFE                                         

AX=7FFE  BX=0000  CX=0000  DX=0000  SP=FFEE  BP=0000  SI=FFEE  DI=0000          
DS=176C  ES=176C  SS=176C  CS=176C  IP=04FD   NV UP DI PL NZ NA PO NC           
176C:04FD 55            PUSH    BP                                              

AX=7FFE  BX=0000  CX=0000  DX=0000  SP=FFEC  BP=0000  SI=FFEE  DI=0000          
DS=176C  ES=176C  SS=176C  CS=176C  IP=04FE   NV UP DI PL NZ NA PO NC           
176C:04FE 55            PUSH    BP                                              

AX=7FFE  BX=0000  CX=0000  DX=0000  SP=FFEA  BP=0000  SI=FFEE  DI=0000          
DS=176C  ES=176C  SS=176C  CS=176C  IP=04FF   NV UP DI PL NZ NA PO NC           
176C:04FF 9D            POPF                                                    

AX=7FFE  BX=0000  CX=0000  DX=0000  SP=FFEC  BP=0000  SI=FFEE  DI=0000          
DS=176C  ES=176C  SS=176C  CS=176C  IP=0500   NV UP DI PL NZ NA PO NC           
176C:0500 89F4          MOV     SP,SI                                           

AX=7FFE  BX=0000  CX=0000  DX=0000  SP=FFEE  BP=0000  SI=FFEE  DI=0000          
DS=176C  ES=176C  SS=176C  CS=176C  IP=0502   NV UP DI PL NZ NA PO NC           
176C:0502 B8FE7F        MOV     AX,7FFE                                         

AX=7FFE  BX=0000  CX=0000  DX=0000  SP=FFEE  BP=0000  SI=FFEE  DI=0000          
DS=176C  ES=176C  SS=176C  CS=176C  IP=0505   NV UP DI PL NZ NA PO NC           
176C:0505 B101          MOV     CL,01                                           

AX=7FFE  BX=0000  CX=0001  DX=0000  SP=FFEE  BP=0000  SI=FFEE  DI=0000          
DS=176C  ES=176C  SS=176C  CS=176C  IP=0507   NV UP DI PL NZ NA PO NC           
176C:0507 D3E8          SHR     AX,CL                                           

AX=3FFF  BX=0000  CX=0001  DX=0000  SP=FFEE  BP=0000  SI=FFEE  DI=0000          
DS=176C  ES=176C  SS=176C  CS=176C  IP=0509   NV UP DI PL NZ NA PE NC           
176C:0509 55            PUSH    BP                                              

AX=3FFF  BX=0000  CX=0001  DX=0000  SP=FFEC  BP=0000  SI=FFEE  DI=0000          
DS=176C  ES=176C  SS=176C  CS=176C  IP=050A   NV UP DI PL NZ NA PE NC           
176C:050A 55            PUSH    BP                                              

AX=3FFF  BX=0000  CX=0001  DX=0000  SP=FFEA  BP=0000  SI=FFEE  DI=0000          
DS=176C  ES=176C  SS=176C  CS=176C  IP=050B   NV UP DI PL NZ NA PE NC           
176C:050B 9D            POPF                                                    

AX=3FFF  BX=0000  CX=0001  DX=0000  SP=FFEC  BP=0000  SI=FFEE  DI=0000          
DS=176C  ES=176C  SS=176C  CS=176C  IP=050C   NV UP DI PL NZ NA PO NC           
176C:050C 89F4          MOV     SP,SI                                           

AX=3FFF  BX=0000  CX=0001  DX=0000  SP=FFEE  BP=0000  SI=FFEE  DI=0000          
DS=176C  ES=176C  SS=176C  CS=176C  IP=050E   NV UP DI PL NZ NA PO NC           
176C:050E B4FE          MOV     AH,FE                                           

AX=FEFF  BX=0000  CX=0001  DX=0000  SP=FFEE  BP=0000  SI=FFEE  DI=0000          
DS=176C  ES=176C  SS=176C  CS=176C  IP=0510   NV UP DI PL NZ NA PO NC           
176C:0510 B101          MOV     CL,01                                           

AX=FEFF  BX=0000  CX=0001  DX=0000  SP=FFEE  BP=0000  SI=FFEE  DI=0000          
DS=176C  ES=176C  SS=176C  CS=176C  IP=0512   NV UP DI PL NZ NA PO NC           
176C:0512 D2E8          SHR     AL,CL                                           

AX=FE7F  BX=0000  CX=0001  DX=0000  SP=FFEE  BP=0000  SI=FFEE  DI=0000          
DS=176C  ES=176C  SS=176C  CS=176C  IP=0514   OV UP DI PL NZ NA PO CY           
176C:0514 55            PUSH    BP                                              

AX=FE7F  BX=0000  CX=0001  DX=0000  SP=FFEC  BP=0000  SI=FFEE  DI=0000          
DS=176C  ES=176C  SS=176C  CS=176C  IP=0515   OV UP DI PL NZ NA PO CY           
176C:0515 55            PUSH    BP                                              

AX=FE7F  BX=0000  CX=0001  DX=0000  SP=FFEA  BP=0000  SI=FFEE  DI=0000          
DS=176C  ES=176C  SS=176C  CS=176C  IP=0516   OV UP DI PL NZ NA PO CY           
176C:0516 9D            POPF                                                    

AX=FE7F  BX=0000  CX=0001  DX=0000  SP=FFEC  BP=0000  SI=FFEE  DI=0000          
DS=176C  ES=176C  SS=176C  CS=176C  IP=0517   NV UP DI PL NZ NA PO NC           
176C:0517 89F4          MOV     SP,SI                                           

AX=FE7F  BX=0000  CX=0001  DX=0000  SP=FFEE  BP=0000  SI=FFEE  DI=0000          
DS=176C  ES=176C  SS=176C  CS=176C  IP=0519   NV UP DI PL NZ NA PO NC           
176C:0519 B8FE7F        MOV     AX,7FFE                                         

AX=7FFE  BX=0000  CX=0001  DX=0000  SP=FFEE  BP=0000  SI=FFEE  DI=0000          
DS=176C  ES=176C  SS=176C  CS=176C  IP=051C   NV UP DI PL NZ NA PO NC           
176C:051C 55            PUSH    BP                                              

AX=7FFE  BX=0000  CX=0001  DX=0000  SP=FFEC  BP=0000  SI=FFEE  DI=0000          
DS=176C  ES=176C  SS=176C  CS=176C  IP=051D   NV UP DI PL NZ NA PO NC           
176C:051D 55            PUSH    BP                                              

AX=7FFE  BX=0000  CX=0001  DX=0000  SP=FFEA  BP=0000  SI=FFEE  DI=0000          
DS=176C  ES=176C  SS=176C  CS=176C  IP=051E   NV UP DI PL NZ NA PO NC           
176C:051E 9D            POPF                                                    

AX=7FFE  BX=0000  CX=0001  DX=0000  SP=FFEC  BP=0000  SI=FFEE  DI=0000          
DS=176C  ES=176C  SS=176C  CS=176C  IP=051F   NV UP DI PL NZ NA PO NC           
176C:051F 89F4          MOV     SP,SI                                           

AX=7FFE  BX=0000  CX=0001  DX=0000  SP=FFEE  BP=0000  SI=FFEE  DI=0000          
DS=176C  ES=176C  SS=176C  CS=176C  IP=0521   NV UP DI PL NZ NA PO NC           
176C:0521 B4FE          MOV     AH,FE                                           

AX=FEFE  BX=0000  CX=0001  DX=0000  SP=FFEE  BP=0000  SI=FFEE  DI=0000          
DS=176C  ES=176C  SS=176C  CS=176C  IP=0523   NV UP DI PL NZ NA PO NC           
176C:0523 55            PUSH    BP                                              

AX=FEFE  BX=0000  CX=0001  DX=0000  SP=FFEC  BP=0000  SI=FFEE  DI=0000          
DS=176C  ES=176C  SS=176C  CS=176C  IP=0524   NV UP DI PL NZ NA PO NC           
176C:0524 55            PUSH    BP                                              

AX=FEFE  BX=0000  CX=0001  DX=0000  SP=FFEA  BP=0000  SI=FFEE  DI=0000          
DS=176C  ES=176C  SS=176C  CS=176C  IP=0525   NV UP DI PL NZ NA PO NC           
176C:0525 9D            POPF                                                    

AX=FEFE  BX=0000  CX=0001  DX=0000  SP=FFEC  BP=0000  SI=FFEE  DI=0000          
DS=176C  ES=176C  SS=176C  CS=176C  IP=0526   NV UP DI PL NZ NA PO NC           
176C:0526 89F4          MOV     SP,SI                                           

AX=FEFE  BX=0000  CX=0001  DX=0000  SP=FFEE  BP=0000  SI=FFEE  DI=0000          
DS=176C  ES=176C  SS=176C  CS=176C  IP=0528   NV UP DI PL NZ NA PO NC           
176C:0528 B8FE7F        MOV     AX,7FFE                                         

AX=7FFE  BX=0000  CX=0001  DX=0000  SP=FFEE  BP=0000  SI=FFEE  DI=0000          
DS=176C  ES=176C  SS=176C  CS=176C  IP=052B   NV UP DI PL NZ NA PO NC           
176C:052B 55            PUSH    BP                                              

AX=7FFE  BX=0000  CX=0001  DX=0000  SP=FFEC  BP=0000  SI=FFEE  DI=0000          
DS=176C  ES=176C  SS=176C  CS=176C  IP=052C   NV UP DI PL NZ NA PO NC           
176C:052C 55            PUSH    BP                                              

AX=7FFE  BX=0000  CX=0001  DX=0000  SP=FFEA  BP=0000  SI=FFEE  DI=0000          
DS=176C  ES=176C  SS=176C  CS=176C  IP=052D   NV UP DI PL NZ NA PO NC           
176C:052D 9D            POPF                                                    

AX=7FFE  BX=0000  CX=0001  DX=0000  SP=FFEC  BP=0000  SI=FFEE  DI=0000          
DS=176C  ES=176C  SS=176C  CS=176C  IP=052E   NV UP DI PL NZ NA PO NC           
176C:052E 89F4          MOV     SP,SI                                           

AX=7FFE  BX=0000  CX=0001  DX=0000  SP=FFEE  BP=0000  SI=FFEE  DI=0000          
DS=176C  ES=176C  SS=176C  CS=176C  IP=0530   NV UP DI PL NZ NA PO NC           
176C:0530 B87E00        MOV     AX,007E                                         

AX=007E  BX=0000  CX=0001  DX=0000  SP=FFEE  BP=0000  SI=FFEE  DI=0000          
DS=176C  ES=176C  SS=176C  CS=176C  IP=0533   NV UP DI PL NZ NA PO NC           
176C:0533 B100          MOV     CL,00                                           

AX=007E  BX=0000  CX=0000  DX=0000  SP=FFEE  BP=0000  SI=FFEE  DI=0000          
DS=176C  ES=176C  SS=176C  CS=176C  IP=0535   NV UP DI PL NZ NA PO NC           
176C:0535 D3E8          SHR     AX,CL                                           

AX=007E  BX=0000  CX=0000  DX=0000  SP=FFEE  BP=0000  SI=FFEE  DI=0000          
DS=176C  ES=176C  SS=176C  CS=176C  IP=0537   NV UP DI PL NZ NA PO NC           
176C:0537 55            PUSH    BP                                              

AX=007E  BX=0000  CX=0000  DX=0000  SP=FFEC  BP=0000  SI=FFEE  DI=0000          
DS=176C  ES=176C  SS=176C  CS=176C  IP=0538   NV UP DI PL NZ NA PO NC           
176C:0538 55            PUSH    BP                                              

AX=007E  BX=0000  CX=0000  DX=0000  SP=FFEA  BP=0000  SI=FFEE  DI=0000          
DS=176C  ES=176C  SS=176C  CS=176C  IP=0539   NV UP DI PL NZ NA PO NC           
176C:0539 9D            POPF                                                    

AX=007E  BX=0000  CX=0000  DX=0000  SP=FFEC  BP=0000  SI=FFEE  DI=0000          
DS=176C  ES=176C  SS=176C  CS=176C  IP=053A   NV UP DI PL NZ NA PO NC           
176C:053A 89F4          MOV     SP,SI                                           

AX=007E  BX=0000  CX=0000  DX=0000  SP=FFEE  BP=0000  SI=FFEE  DI=0000          
DS=176C  ES=176C  SS=176C  CS=176C  IP=053C   NV UP DI PL NZ NA PO NC           
176C:053C B47E          MOV     AH,7E                                           

AX=7E7E  BX=0000  CX=0000  DX=0000  SP=FFEE  BP=0000  SI=FFEE  DI=0000          
DS=176C  ES=176C  SS=176C  CS=176C  IP=053E   NV UP DI PL NZ NA PO NC           
176C:053E B100          MOV     CL,00                                           

AX=7E7E  BX=0000  CX=0000  DX=0000  SP=FFEE  BP=0000  SI=FFEE  DI=0000          
DS=176C  ES=176C  SS=176C  CS=176C  IP=0540   NV UP DI PL NZ NA PO NC           
176C:0540 D2E8          SHR     AL,CL                                           

AX=7E7E  BX=0000  CX=0000  DX=0000  SP=FFEE  BP=0000  SI=FFEE  DI=0000          
DS=176C  ES=176C  SS=176C  CS=176C  IP=0542   NV UP DI PL NZ NA PO NC           
176C:0542 55            PUSH    BP                                              

AX=7E7E  BX=0000  CX=0000  DX=0000  SP=FFEC  BP=0000  SI=FFEE  DI=0000          
DS=176C  ES=176C  SS=176C  CS=176C  IP=0543   NV UP DI PL NZ NA PO NC           
176C:0543 55            PUSH    BP                                              

AX=7E7E  BX=0000  CX=0000  DX=0000  SP=FFEA  BP=0000  SI=FFEE  DI=0000          
DS=176C  ES=176C  SS=176C  CS=176C  IP=0544   NV UP DI PL NZ NA PO NC           
176C:0544 9D            POPF                                                    

AX=7E7E  BX=0000  CX=0000  DX=0000  SP=FFEC  BP=0000  SI=FFEE  DI=0000          
DS=176C  ES=176C  SS=176C  CS=176C  IP=0545   NV UP DI PL NZ NA PO NC           
176C:0545 89F4          MOV     SP,SI                                           

AX=7E7E  BX=0000  CX=0000  DX=0000  SP=FFEE  BP=0000  SI=FFEE  DI=0000          
DS=176C  ES=176C  SS=176C  CS=176C  IP=0547   NV UP DI PL NZ NA PO NC           
176C:0547 B87E00        MOV     AX,007E                                         

AX=007E  BX=0000  CX=0000  DX=0000  SP=FFEE  BP=0000  SI=FFEE  DI=0000          
DS=176C  ES=176C  SS=176C  CS=176C  IP=054A   NV UP DI PL NZ NA PO NC           
176C:054A 55            PUSH    BP                                              

AX=007E  BX=0000  CX=0000  DX=0000  SP=FFEC  BP=0000  SI=FFEE  DI=0000          
DS=176C  ES=176C  SS=176C  CS=176C  IP=054B   NV UP DI PL NZ NA PO NC           
176C:054B 55            PUSH    BP                                              

AX=007E  BX=0000  CX=0000  DX=0000  SP=FFEA  BP=0000  SI=FFEE  DI=0000          
DS=176C  ES=176C  SS=176C  CS=176C  IP=054C   NV UP DI PL NZ NA PO NC           
176C:054C 9D            POPF                                                    

AX=007E  BX=0000  CX=0000  DX=0000  SP=FFEC  BP=0000  SI=FFEE  DI=0000          
DS=176C  ES=176C  SS=176C  CS=176C  IP=054D   NV UP DI PL NZ NA PO NC           
176C:054D 89F4          MOV     SP,SI                                           

AX=007E  BX=0000  CX=0000  DX=0000  SP=FFEE  BP=0000  SI=FFEE  DI=0000          
DS=176C  ES=176C  SS=176C  CS=176C  IP=054F   NV UP DI PL NZ NA PO NC           
176C:054F B47E          MOV     AH,7E                                           

AX=7E7E  BX=0000  CX=0000  DX=0000  SP=FFEE  BP=0000  SI=FFEE  DI=0000          
DS=176C  ES=176C  SS=176C  CS=176C  IP=0551   NV UP DI PL NZ NA PO NC           
176C:0551 55            PUSH    BP                                              

AX=7E7E  BX=0000  CX=0000  DX=0000  SP=FFEC  BP=0000  SI=FFEE  DI=0000          
DS=176C  ES=176C  SS=176C  CS=176C  IP=0552   NV UP DI PL NZ NA PO NC           
176C:0552 55            PUSH    BP                                              

AX=7E7E  BX=0000  CX=0000  DX=0000  SP=FFEA  BP=0000  SI=FFEE  DI=0000          
DS=176C  ES=176C  SS=176C  CS=176C  IP=0553   NV UP DI PL NZ NA PO NC           
176C:0553 9D            POPF                                                    

AX=7E7E  BX=0000  CX=0000  DX=0000  SP=FFEC  BP=0000  SI=FFEE  DI=0000          
DS=176C  ES=176C  SS=176C  CS=176C  IP=0554   NV UP DI PL NZ NA PO NC           
176C:0554 89F4          MOV     SP,SI                                           

AX=7E7E  BX=0000  CX=0000  DX=0000  SP=FFEE  BP=0000  SI=FFEE  DI=0000          
DS=176C  ES=176C  SS=176C  CS=176C  IP=0556   NV UP DI PL NZ NA PO NC           
176C:0556 B87E00        MOV     AX,007E                                         

AX=007E  BX=0000  CX=0000  DX=0000  SP=FFEE  BP=0000  SI=FFEE  DI=0000          
DS=176C  ES=176C  SS=176C  CS=176C  IP=0559   NV UP DI PL NZ NA PO NC           
176C:0559 55            PUSH    BP                                              

AX=007E  BX=0000  CX=0000  DX=0000  SP=FFEC  BP=0000  SI=FFEE  DI=0000          
DS=176C  ES=176C  SS=176C  CS=176C  IP=055A   NV UP DI PL NZ NA PO NC           
176C:055A 55            PUSH    BP                                              

AX=007E  BX=0000  CX=0000  DX=0000  SP=FFEA  BP=0000  SI=FFEE  DI=0000          
DS=176C  ES=176C  SS=176C  CS=176C  IP=055B   NV UP DI PL NZ NA PO NC           
176C:055B 9D            POPF                                                    

AX=007E  BX=0000  CX=0000  DX=0000  SP=FFEC  BP=0000  SI=FFEE  DI=0000          
DS=176C  ES=176C  SS=176C  CS=176C  IP=055C   NV UP DI PL NZ NA PO NC           
176C:055C 89F4          MOV     SP,SI                                           

AX=007E  BX=0000  CX=0000  DX=0000  SP=FFEE  BP=0000  SI=FFEE  DI=0000          
DS=176C  ES=176C  SS=176C  CS=176C  IP=055E   NV UP DI PL NZ NA PO NC           
176C:055E B87E00        MOV     AX,007E                                         

AX=007E  BX=0000  CX=0000  DX=0000  SP=FFEE  BP=0000  SI=FFEE  DI=0000          
DS=176C  ES=176C  SS=176C  CS=176C  IP=0561   NV UP DI PL NZ NA PO NC           
176C:0561 B101          MOV     CL,01                                           

AX=007E  BX=0000  CX=0001  DX=0000  SP=FFEE  BP=0000  SI=FFEE  DI=0000          
DS=176C  ES=176C  SS=176C  CS=176C  IP=0563   NV UP DI PL NZ NA PO NC           
176C:0563 D3E8          SHR     AX,CL                                           

AX=003F  BX=0000  CX=0001  DX=0000  SP=FFEE  BP=0000  SI=FFEE  DI=0000          
DS=176C  ES=176C  SS=176C  CS=176C  IP=0565   NV UP DI PL NZ NA PE NC           
176C:0565 55            PUSH    BP                                              

AX=003F  BX=0000  CX=0001  DX=0000  SP=FFEC  BP=0000  SI=FFEE  DI=0000          
DS=176C  ES=176C  SS=176C  CS=176C  IP=0566   NV UP DI PL NZ NA PE NC           
176C:0566 55            PUSH    BP                                              

AX=003F  BX=0000  CX=0001  DX=0000  SP=FFEA  BP=0000  SI=FFEE  DI=0000          
DS=176C  ES=176C  SS=176C  CS=176C  IP=0567   NV UP DI PL NZ NA PE NC           
176C:0567 9D            POPF                                                    

AX=003F  BX=0000  CX=0001  DX=0000  SP=FFEC  BP=0000  SI=FFEE  DI=0000          
DS=176C  ES=176C  SS=176C  CS=176C  IP=0568   NV UP DI PL NZ NA PO NC           
176C:0568 89F4          MOV     SP,SI                                           

AX=003F  BX=0000  CX=0001  DX=0000  SP=FFEE  BP=0000  SI=FFEE  DI=0000          
DS=176C  ES=176C  SS=176C  CS=176C  IP=056A   NV UP DI PL NZ NA PO NC           
176C:056A B47E          MOV     AH,7E                                           

AX=7E3F  BX=0000  CX=0001  DX=0000  SP=FFEE  BP=0000  SI=FFEE  DI=0000          
DS=176C  ES=176C  SS=176C  CS=176C  IP=056C   NV UP DI PL NZ NA PO NC           
176C:056C B101          MOV     CL,01                                           

AX=7E3F  BX=0000  CX=0001  DX=0000  SP=FFEE  BP=0000  SI=FFEE  DI=0000          
DS=176C  ES=176C  SS=176C  CS=176C  IP=056E   NV UP DI PL NZ NA PO NC           
176C:056E D2E8          SHR     AL,CL                                           

AX=7E1F  BX=0000  CX=0001  DX=0000  SP=FFEE  BP=0000  SI=FFEE  DI=0000          
DS=176C  ES=176C  SS=176C  CS=176C  IP=0570   NV UP DI PL NZ NA PO CY           
176C:0570 55            PUSH    BP                                              

AX=7E1F  BX=0000  CX=0001  DX=0000  SP=FFEC  BP=0000  SI=FFEE  DI=0000          
DS=176C  ES=176C  SS=176C  CS=176C  IP=0571   NV UP DI PL NZ NA PO CY           
176C:0571 55            PUSH    BP                                              

AX=7E1F  BX=0000  CX=0001  DX=0000  SP=FFEA  BP=0000  SI=FFEE  DI=0000          
DS=176C  ES=176C  SS=176C  CS=176C  IP=0572   NV UP DI PL NZ NA PO CY           
176C:0572 9D            POPF                                                    

AX=7E1F  BX=0000  CX=0001  DX=0000  SP=FFEC  BP=0000  SI=FFEE  DI=0000          
DS=176C  ES=176C  SS=176C  CS=176C  IP=0573   NV UP DI PL NZ NA PO NC           
176C:0573 89F4          MOV     SP,SI                                           

AX=7E1F  BX=0000  CX=0001  DX=0000  SP=FFEE  BP=0000  SI=FFEE  DI=0000          
DS=176C  ES=176C  SS=176C  CS=176C  IP=0575   NV UP DI PL NZ NA PO NC           
176C:0575 B87E00        MOV     AX,007E                                         

AX=007E  BX=0000  CX=0001  DX=0000  SP=FFEE  BP=0000  SI=FFEE  DI=0000          
DS=176C  ES=176C  SS=176C  CS=176C  IP=0578   NV UP DI PL NZ NA PO NC           
176C:0578 55            PUSH    BP                                              

AX=007E  BX=0000  CX=0001  DX=0000  SP=FFEC  BP=0000  SI=FFEE  DI=0000          
DS=176C  ES=176C  SS=176C  CS=176C  IP=0579   NV UP DI PL NZ NA PO NC           
176C:0579 55            PUSH    BP                                              

AX=007E  BX=0000  CX=0001  DX=0000  SP=FFEA  BP=0000  SI=FFEE  DI=0000          
DS=176C  ES=176C  SS=176C  CS=176C  IP=057A   NV UP DI PL NZ NA PO NC           
176C:057A 9D            POPF                                                    

AX=007E  BX=0000  CX=0001  DX=0000  SP=FFEC  BP=0000  SI=FFEE  DI=0000          
DS=176C  ES=176C  SS=176C  CS=176C  IP=057B   NV UP DI PL NZ NA PO NC           
176C:057B 89F4          MOV     SP,SI                                           

AX=007E  BX=0000  CX=0001  DX=0000  SP=FFEE  BP=0000  SI=FFEE  DI=0000          
DS=176C  ES=176C  SS=176C  CS=176C  IP=057D   NV UP DI PL NZ NA PO NC           
176C:057D B47E          MOV     AH,7E                                           

AX=7E7E  BX=0000  CX=0001  DX=0000  SP=FFEE  BP=0000  SI=FFEE  DI=0000          
DS=176C  ES=176C  SS=176C  CS=176C  IP=057F   NV UP DI PL NZ NA PO NC           
176C:057F 55            PUSH    BP                                              

AX=7E7E  BX=0000  CX=0001  DX=0000  SP=FFEC  BP=0000  SI=FFEE  DI=0000          
DS=176C  ES=176C  SS=176C  CS=176C  IP=0580   NV UP DI PL NZ NA PO NC           
176C:0580 55            PUSH    BP                                              

AX=7E7E  BX=0000  CX=0001  DX=0000  SP=FFEA  BP=0000  SI=FFEE  DI=0000          
DS=176C  ES=176C  SS=176C  CS=176C  IP=0581   NV UP DI PL NZ NA PO NC           
176C:0581 9D            POPF                                                    

AX=7E7E  BX=0000  CX=0001  DX=0000  SP=FFEC  BP=0000  SI=FFEE  DI=0000          
DS=176C  ES=176C  SS=176C  CS=176C  IP=0582   NV UP DI PL NZ NA PO NC           
176C:0582 89F4          MOV     SP,SI                                           

AX=7E7E  BX=0000  CX=0001  DX=0000  SP=FFEE  BP=0000  SI=FFEE  DI=0000          
DS=176C  ES=176C  SS=176C  CS=176C  IP=0584   NV UP DI PL NZ NA PO NC           
176C:0584 B87E00        MOV     AX,007E                                         

AX=007E  BX=0000  CX=0001  DX=0000  SP=FFEE  BP=0000  SI=FFEE  DI=0000          
DS=176C  ES=176C  SS=176C  CS=176C  IP=0587   NV UP DI PL NZ NA PO NC           
176C:0587 55            PUSH    BP                                              

AX=007E  BX=0000  CX=0001  DX=0000  SP=FFEC  BP=0000  SI=FFEE  DI=0000          
DS=176C  ES=176C  SS=176C  CS=176C  IP=0588   NV UP DI PL NZ NA PO NC           
176C:0588 55            PUSH    BP                                              

AX=007E  BX=0000  CX=0001  DX=0000  SP=FFEA  BP=0000  SI=FFEE  DI=0000          
DS=176C  ES=176C  SS=176C  CS=176C  IP=0589   NV UP DI PL NZ NA PO NC           
176C:0589 9D            POPF                                                    

AX=007E  BX=0000  CX=0001  DX=0000  SP=FFEC  BP=0000  SI=FFEE  DI=0000          
DS=176C  ES=176C  SS=176C  CS=176C  IP=058A   NV UP DI PL NZ NA PO NC           
176C:058A 89F4          MOV     SP,SI                                           

AX=007E  BX=0000  CX=0001  DX=0000  SP=FFEE  BP=0000  SI=FFEE  DI=0000          
DS=176C  ES=176C  SS=176C  CS=176C  IP=058C   NV UP DI PL NZ NA PO NC           
176C:058C B88100        MOV     AX,0081                                         

AX=0081  BX=0000  CX=0001  DX=0000  SP=FFEE  BP=0000  SI=FFEE  DI=0000          
DS=176C  ES=176C  SS=176C  CS=176C  IP=058F   NV UP DI PL NZ NA PO NC           
176C:058F B100          MOV     CL,00                                           

AX=0081  BX=0000  CX=0000  DX=0000  SP=FFEE  BP=0000  SI=FFEE  DI=0000          
DS=176C  ES=176C  SS=176C  CS=176C  IP=0591   NV UP DI PL NZ NA PO NC           
176C:0591 D3E8          SHR     AX,CL                                           

AX=0081  BX=0000  CX=0000  DX=0000  SP=FFEE  BP=0000  SI=FFEE  DI=0000          
DS=176C  ES=176C  SS=176C  CS=176C  IP=0593   NV UP DI PL NZ NA PO NC           
176C:0593 55            PUSH    BP                                              

AX=0081  BX=0000  CX=0000  DX=0000  SP=FFEC  BP=0000  SI=FFEE  DI=0000          
DS=176C  ES=176C  SS=176C  CS=176C  IP=0594   NV UP DI PL NZ NA PO NC           
176C:0594 55            PUSH    BP                                              

AX=0081  BX=0000  CX=0000  DX=0000  SP=FFEA  BP=0000  SI=FFEE  DI=0000          
DS=176C  ES=176C  SS=176C  CS=176C  IP=0595   NV UP DI PL NZ NA PO NC           
176C:0595 9D            POPF                                                    

AX=0081  BX=0000  CX=0000  DX=0000  SP=FFEC  BP=0000  SI=FFEE  DI=0000          
DS=176C  ES=176C  SS=176C  CS=176C  IP=0596   NV UP DI PL NZ NA PO NC           
176C:0596 89F4          MOV     SP,SI                                           

AX=0081  BX=0000  CX=0000  DX=0000  SP=FFEE  BP=0000  SI=FFEE  DI=0000          
DS=176C  ES=176C  SS=176C  CS=176C  IP=0598   NV UP DI PL NZ NA PO NC           
176C:0598 B481          MOV     AH,81                                           

AX=8181  BX=0000  CX=0000  DX=0000  SP=FFEE  BP=0000  SI=FFEE  DI=0000          
DS=176C  ES=176C  SS=176C  CS=176C  IP=059A   NV UP DI PL NZ NA PO NC           
176C:059A B100          MOV     CL,00                                           

AX=8181  BX=0000  CX=0000  DX=0000  SP=FFEE  BP=0000  SI=FFEE  DI=0000          
DS=176C  ES=176C  SS=176C  CS=176C  IP=059C   NV UP DI PL NZ NA PO NC           
176C:059C D2E8          SHR     AL,CL                                           

AX=8181  BX=0000  CX=0000  DX=0000  SP=FFEE  BP=0000  SI=FFEE  DI=0000          
DS=176C  ES=176C  SS=176C  CS=176C  IP=059E   NV UP DI PL NZ NA PO NC           
176C:059E 55            PUSH    BP                                              

AX=8181  BX=0000  CX=0000  DX=0000  SP=FFEC  BP=0000  SI=FFEE  DI=0000          
DS=176C  ES=176C  SS=176C  CS=176C  IP=059F   NV UP DI PL NZ NA PO NC           
176C:059F 55            PUSH    BP                                              

AX=8181  BX=0000  CX=0000  DX=0000  SP=FFEA  BP=0000  SI=FFEE  DI=0000          
DS=176C  ES=176C  SS=176C  CS=176C  IP=05A0   NV UP DI PL NZ NA PO NC           
176C:05A0 9D            POPF                                                    

AX=8181  BX=0000  CX=0000  DX=0000  SP=FFEC  BP=0000  SI=FFEE  DI=0000          
DS=176C  ES=176C  SS=176C  CS=176C  IP=05A1   NV UP DI PL NZ NA PO NC           
176C:05A1 89F4          MOV     SP,SI                                           

AX=8181  BX=0000  CX=0000  DX=0000  SP=FFEE  BP=0000  SI=FFEE  DI=0000          
DS=176C  ES=176C  SS=176C  CS=176C  IP=05A3   NV UP DI PL NZ NA PO NC           
176C:05A3 B88100        MOV     AX,0081                                         

AX=0081  BX=0000  CX=0000  DX=0000  SP=FFEE  BP=0000  SI=FFEE  DI=0000          
DS=176C  ES=176C  SS=176C  CS=176C  IP=05A6   NV UP DI PL NZ NA PO NC           
176C:05A6 55            PUSH    BP                                              

AX=0081  BX=0000  CX=0000  DX=0000  SP=FFEC  BP=0000  SI=FFEE  DI=0000          
DS=176C  ES=176C  SS=176C  CS=176C  IP=05A7   NV UP DI PL NZ NA PO NC           
176C:05A7 55            PUSH    BP                                              

AX=0081  BX=0000  CX=0000  DX=0000  SP=FFEA  BP=0000  SI=FFEE  DI=0000          
DS=176C  ES=176C  SS=176C  CS=176C  IP=05A8   NV UP DI PL NZ NA PO NC           
176C:05A8 9D            POPF                                                    

AX=0081  BX=0000  CX=0000  DX=0000  SP=FFEC  BP=0000  SI=FFEE  DI=0000          
DS=176C  ES=176C  SS=176C  CS=176C  IP=05A9   NV UP DI PL NZ NA PO NC           
176C:05A9 89F4          MOV     SP,SI                                           

AX=0081  BX=0000  CX=0000  DX=0000  SP=FFEE  BP=0000  SI=FFEE  DI=0000          
DS=176C  ES=176C  SS=176C  CS=176C  IP=05AB   NV UP DI PL NZ NA PO NC           
176C:05AB B481          MOV     AH,81                                           

AX=8181  BX=0000  CX=0000  DX=0000  SP=FFEE  BP=0000  SI=FFEE  DI=0000          
DS=176C  ES=176C  SS=176C  CS=176C  IP=05AD   NV UP DI PL NZ NA PO NC           
176C:05AD 55            PUSH    BP                                              

AX=8181  BX=0000  CX=0000  DX=0000  SP=FFEC  BP=0000  SI=FFEE  DI=0000          
DS=176C  ES=176C  SS=176C  CS=176C  IP=05AE   NV UP DI PL NZ NA PO NC           
176C:05AE 55            PUSH    BP                                              

AX=8181  BX=0000  CX=0000  DX=0000  SP=FFEA  BP=0000  SI=FFEE  DI=0000          
DS=176C  ES=176C  SS=176C  CS=176C  IP=05AF   NV UP DI PL NZ NA PO NC           
176C:05AF 9D            POPF                                                    

AX=8181  BX=0000  CX=0000  DX=0000  SP=FFEC  BP=0000  SI=FFEE  DI=0000          
DS=176C  ES=176C  SS=176C  CS=176C  IP=05B0   NV UP DI PL NZ NA PO NC           
176C:05B0 89F4          MOV     SP,SI                                           

AX=8181  BX=0000  CX=0000  DX=0000  SP=FFEE  BP=0000  SI=FFEE  DI=0000          
DS=176C  ES=176C  SS=176C  CS=176C  IP=05B2   NV UP DI PL NZ NA PO NC           
176C:05B2 B88100        MOV     AX,0081                                         

AX=0081  BX=0000  CX=0000  DX=0000  SP=FFEE  BP=0000  SI=FFEE  DI=0000          
DS=176C  ES=176C  SS=176C  CS=176C  IP=05B5   NV UP DI PL NZ NA PO NC           
176C:05B5 55            PUSH    BP                                              

AX=0081  BX=0000  CX=0000  DX=0000  SP=FFEC  BP=0000  SI=FFEE  DI=0000          
DS=176C  ES=176C  SS=176C  CS=176C  IP=05B6   NV UP DI PL NZ NA PO NC           
176C:05B6 55            PUSH    BP                                              

AX=0081  BX=0000  CX=0000  DX=0000  SP=FFEA  BP=0000  SI=FFEE  DI=0000          
DS=176C  ES=176C  SS=176C  CS=176C  IP=05B7   NV UP DI PL NZ NA PO NC           
176C:05B7 9D            POPF                                                    

AX=0081  BX=0000  CX=0000  DX=0000  SP=FFEC  BP=0000  SI=FFEE  DI=0000          
DS=176C  ES=176C  SS=176C  CS=176C  IP=05B8   NV UP DI PL NZ NA PO NC           
176C:05B8 89F4          MOV     SP,SI                                           

AX=0081  BX=0000  CX=0000  DX=0000  SP=FFEE  BP=0000  SI=FFEE  DI=0000          
DS=176C  ES=176C  SS=176C  CS=176C  IP=05BA   NV UP DI PL NZ NA PO NC           
176C:05BA B88100        MOV     AX,0081                                         

AX=0081  BX=0000  CX=0000  DX=0000  SP=FFEE  BP=0000  SI=FFEE  DI=0000          
DS=176C  ES=176C  SS=176C  CS=176C  IP=05BD   NV UP DI PL NZ NA PO NC           
176C:05BD B101          MOV     CL,01                                           

AX=0081  BX=0000  CX=0001  DX=0000  SP=FFEE  BP=0000  SI=FFEE  DI=0000          
DS=176C  ES=176C  SS=176C  CS=176C  IP=05BF   NV UP DI PL NZ NA PO NC           
176C:05BF D3E8          SHR     AX,CL                                           

AX=0040  BX=0000  CX=0001  DX=0000  SP=FFEE  BP=0000  SI=FFEE  DI=0000          
DS=176C  ES=176C  SS=176C  CS=176C  IP=05C1   NV UP DI PL NZ NA PO CY           
176C:05C1 55            PUSH    BP                                              

AX=0040  BX=0000  CX=0001  DX=0000  SP=FFEC  BP=0000  SI=FFEE  DI=0000          
DS=176C  ES=176C  SS=176C  CS=176C  IP=05C2   NV UP DI PL NZ NA PO CY           
176C:05C2 55            PUSH    BP                                              

AX=0040  BX=0000  CX=0001  DX=0000  SP=FFEA  BP=0000  SI=FFEE  DI=0000          
DS=176C  ES=176C  SS=176C  CS=176C  IP=05C3   NV UP DI PL NZ NA PO CY           
176C:05C3 9D            POPF                                                    

AX=0040  BX=0000  CX=0001  DX=0000  SP=FFEC  BP=0000  SI=FFEE  DI=0000          
DS=176C  ES=176C  SS=176C  CS=176C  IP=05C4   NV UP DI PL NZ NA PO NC           
176C:05C4 89F4          MOV     SP,SI                                           

AX=0040  BX=0000  CX=0001  DX=0000  SP=FFEE  BP=0000  SI=FFEE  DI=0000          
DS=176C  ES=176C  SS=176C  CS=176C  IP=05C6   NV UP DI PL NZ NA PO NC           
176C:05C6 B481          MOV     AH,81                                           

AX=8140  BX=0000  CX=0001  DX=0000  SP=FFEE  BP=0000  SI=FFEE  DI=0000          
DS=176C  ES=176C  SS=176C  CS=176C  IP=05C8   NV UP DI PL NZ NA PO NC           
176C:05C8 B101          MOV     CL,01                                           

AX=8140  BX=0000  CX=0001  DX=0000  SP=FFEE  BP=0000  SI=FFEE  DI=0000          
DS=176C  ES=176C  SS=176C  CS=176C  IP=05CA   NV UP DI PL NZ NA PO NC           
176C:05CA D2E8          SHR     AL,CL                                           

AX=8120  BX=0000  CX=0001  DX=0000  SP=FFEE  BP=0000  SI=FFEE  DI=0000          
DS=176C  ES=176C  SS=176C  CS=176C  IP=05CC   NV UP DI PL NZ NA PO NC           
176C:05CC 55            PUSH    BP                                              

AX=8120  BX=0000  CX=0001  DX=0000  SP=FFEC  BP=0000  SI=FFEE  DI=0000          
DS=176C  ES=176C  SS=176C  CS=176C  IP=05CD   NV UP DI PL NZ NA PO NC           
176C:05CD 55            PUSH    BP                                              

AX=8120  BX=0000  CX=0001  DX=0000  SP=FFEA  BP=0000  SI=FFEE  DI=0000          
DS=176C  ES=176C  SS=176C  CS=176C  IP=05CE   NV UP DI PL NZ NA PO NC           
176C:05CE 9D            POPF                                                    

AX=8120  BX=0000  CX=0001  DX=0000  SP=FFEC  BP=0000  SI=FFEE  DI=0000          
DS=176C  ES=176C  SS=176C  CS=176C  IP=05CF   NV UP DI PL NZ NA PO NC           
176C:05CF 89F4          MOV     SP,SI                                           

AX=8120  BX=0000  CX=0001  DX=0000  SP=FFEE  BP=0000  SI=FFEE  DI=0000          
DS=176C  ES=176C  SS=176C  CS=176C  IP=05D1   NV UP DI PL NZ NA PO NC           
176C:05D1 B88100        MOV     AX,0081                                         

AX=0081  BX=0000  CX=0001  DX=0000  SP=FFEE  BP=0000  SI=FFEE  DI=0000          
DS=176C  ES=176C  SS=176C  CS=176C  IP=05D4   NV UP DI PL NZ NA PO NC           
176C:05D4 55            PUSH    BP                                              

AX=0081  BX=0000  CX=0001  DX=0000  SP=FFEC  BP=0000  SI=FFEE  DI=0000          
DS=176C  ES=176C  SS=176C  CS=176C  IP=05D5   NV UP DI PL NZ NA PO NC           
176C:05D5 55            PUSH    BP                                              

AX=0081  BX=0000  CX=0001  DX=0000  SP=FFEA  BP=0000  SI=FFEE  DI=0000          
DS=176C  ES=176C  SS=176C  CS=176C  IP=05D6   NV UP DI PL NZ NA PO NC           
176C:05D6 9D            POPF                                                    

AX=0081  BX=0000  CX=0001  DX=0000  SP=FFEC  BP=0000  SI=FFEE  DI=0000          
DS=176C  ES=176C  SS=176C  CS=176C  IP=05D7   NV UP DI PL NZ NA PO NC           
176C:05D7 89F4          MOV     SP,SI                                           

AX=0081  BX=0000  CX=0001  DX=0000  SP=FFEE  BP=0000  SI=FFEE  DI=0000          
DS=176C  ES=176C  SS=176C  CS=176C  IP=05D9   NV UP DI PL NZ NA PO NC           
176C:05D9 B481          MOV     AH,81                                           

AX=8181  BX=0000  CX=0001  DX=0000  SP=FFEE  BP=0000  SI=FFEE  DI=0000          
DS=176C  ES=176C  SS=176C  CS=176C  IP=05DB   NV UP DI PL NZ NA PO NC           
176C:05DB 55            PUSH    BP                                              

AX=8181  BX=0000  CX=0001  DX=0000  SP=FFEC  BP=0000  SI=FFEE  DI=0000          
DS=176C  ES=176C  SS=176C  CS=176C  IP=05DC   NV UP DI PL NZ NA PO NC           
176C:05DC 55            PUSH    BP                                              

AX=8181  BX=0000  CX=0001  DX=0000  SP=FFEA  BP=0000  SI=FFEE  DI=0000          
DS=176C  ES=176C  SS=176C  CS=176C  IP=05DD   NV UP DI PL NZ NA PO NC           
176C:05DD 9D            POPF                                                    

AX=8181  BX=0000  CX=0001  DX=0000  SP=FFEC  BP=0000  SI=FFEE  DI=0000          
DS=176C  ES=176C  SS=176C  CS=176C  IP=05DE   NV UP DI PL NZ NA PO NC           
176C:05DE 89F4          MOV     SP,SI                                           

AX=8181  BX=0000  CX=0001  DX=0000  SP=FFEE  BP=0000  SI=FFEE  DI=0000          
DS=176C  ES=176C  SS=176C  CS=176C  IP=05E0   NV UP DI PL NZ NA PO NC           
176C:05E0 B88100        MOV     AX,0081                                         

AX=0081  BX=0000  CX=0001  DX=0000  SP=FFEE  BP=0000  SI=FFEE  DI=0000          
DS=176C  ES=176C  SS=176C  CS=176C  IP=05E3   NV UP DI PL NZ NA PO NC           
176C:05E3 55            PUSH    BP                                              

AX=0081  BX=0000  CX=0001  DX=0000  SP=FFEC  BP=0000  SI=FFEE  DI=0000          
DS=176C  ES=176C  SS=176C  CS=176C  IP=05E4   NV UP DI PL NZ NA PO NC           
176C:05E4 55            PUSH    BP                                              

AX=0081  BX=0000  CX=0001  DX=0000  SP=FFEA  BP=0000  SI=FFEE  DI=0000          
DS=176C  ES=176C  SS=176C  CS=176C  IP=05E5   NV UP DI PL NZ NA PO NC           
176C:05E5 9D            POPF                                                    

AX=0081  BX=0000  CX=0001  DX=0000  SP=FFEC  BP=0000  SI=FFEE  DI=0000          
DS=176C  ES=176C  SS=176C  CS=176C  IP=05E6   NV UP DI PL NZ NA PO NC           
176C:05E6 89F4          MOV     SP,SI                                           

AX=0081  BX=0000  CX=0001  DX=0000  SP=FFEE  BP=0000  SI=FFEE  DI=0000          
DS=176C  ES=176C  SS=176C  CS=176C  IP=05E8   NV UP DI PL NZ NA PO NC           
176C:05E8 B81000        MOV     AX,0010                                         

AX=0010  BX=0000  CX=0001  DX=0000  SP=FFEE  BP=0000  SI=FFEE  DI=0000          
DS=176C  ES=176C  SS=176C  CS=176C  IP=05EB   NV UP DI PL NZ NA PO NC           
176C:05EB B100          MOV     CL,00                                           

AX=0010  BX=0000  CX=0000  DX=0000  SP=FFEE  BP=0000  SI=FFEE  DI=0000          
DS=176C  ES=176C  SS=176C  CS=176C  IP=05ED   NV UP DI PL NZ NA PO NC           
176C:05ED D3E8          SHR     AX,CL                                           

AX=0010  BX=0000  CX=0000  DX=0000  SP=FFEE  BP=0000  SI=FFEE  DI=0000          
DS=176C  ES=176C  SS=176C  CS=176C  IP=05EF   NV UP DI PL NZ NA PO NC           
176C:05EF 55            PUSH    BP                                              

AX=0010  BX=0000  CX=0000  DX=0000  SP=FFEC  BP=0000  SI=FFEE  DI=0000          
DS=176C  ES=176C  SS=176C  CS=176C  IP=05F0   NV UP DI PL NZ NA PO NC           
176C:05F0 55            PUSH    BP                                              

AX=0010  BX=0000  CX=0000  DX=0000  SP=FFEA  BP=0000  SI=FFEE  DI=0000          
DS=176C  ES=176C  SS=176C  CS=176C  IP=05F1   NV UP DI PL NZ NA PO NC           
176C:05F1 9D            POPF                                                    

AX=0010  BX=0000  CX=0000  DX=0000  SP=FFEC  BP=0000  SI=FFEE  DI=0000          
DS=176C  ES=176C  SS=176C  CS=176C  IP=05F2   NV UP DI PL NZ NA PO NC           
176C:05F2 89F4          MOV     SP,SI                                           

AX=0010  BX=0000  CX=0000  DX=0000  SP=FFEE  BP=0000  SI=FFEE  DI=0000          
DS=176C  ES=176C  SS=176C  CS=176C  IP=05F4   NV UP DI PL NZ NA PO NC           
176C:05F4 B410          MOV     AH,10                                           

AX=1010  BX=0000  CX=0000  DX=0000  SP=FFEE  BP=0000  SI=FFEE  DI=0000          
DS=176C  ES=176C  SS=176C  CS=176C  IP=05F6   NV UP DI PL NZ NA PO NC           
176C:05F6 B100          MOV     CL,00                                           

AX=1010  BX=0000  CX=0000  DX=0000  SP=FFEE  BP=0000  SI=FFEE  DI=0000          
DS=176C  ES=176C  SS=176C  CS=176C  IP=05F8   NV UP DI PL NZ NA PO NC           
176C:05F8 D2E8          SHR     AL,CL                                           

AX=1010  BX=0000  CX=0000  DX=0000  SP=FFEE  BP=0000  SI=FFEE  DI=0000          
DS=176C  ES=176C  SS=176C  CS=176C  IP=05FA   NV UP DI PL NZ NA PO NC           
176C:05FA 55            PUSH    BP                                              

AX=1010  BX=0000  CX=0000  DX=0000  SP=FFEC  BP=0000  SI=FFEE  DI=0000          
DS=176C  ES=176C  SS=176C  CS=176C  IP=05FB   NV UP DI PL NZ NA PO NC           
176C:05FB 55            PUSH    BP                                              

AX=1010  BX=0000  CX=0000  DX=0000  SP=FFEA  BP=0000  SI=FFEE  DI=0000          
DS=176C  ES=176C  SS=176C  CS=176C  IP=05FC   NV UP DI PL NZ NA PO NC           
176C:05FC 9D            POPF                                                    

AX=1010  BX=0000  CX=0000  DX=0000  SP=FFEC  BP=0000  SI=FFEE  DI=0000          
DS=176C  ES=176C  SS=176C  CS=176C  IP=05FD   NV UP DI PL NZ NA PO NC           
176C:05FD 89F4          MOV     SP,SI                                           

AX=1010  BX=0000  CX=0000  DX=0000  SP=FFEE  BP=0000  SI=FFEE  DI=0000          
DS=176C  ES=176C  SS=176C  CS=176C  IP=05FF   NV UP DI PL NZ NA PO NC           
176C:05FF B81000        MOV     AX,0010                                         

AX=0010  BX=0000  CX=0000  DX=0000  SP=FFEE  BP=0000  SI=FFEE  DI=0000          
DS=176C  ES=176C  SS=176C  CS=176C  IP=0602   NV UP DI PL NZ NA PO NC           
176C:0602 55            PUSH    BP                                              

AX=0010  BX=0000  CX=0000  DX=0000  SP=FFEC  BP=0000  SI=FFEE  DI=0000          
DS=176C  ES=176C  SS=176C  CS=176C  IP=0603   NV UP DI PL NZ NA PO NC           
176C:0603 55            PUSH    BP                                              

AX=0010  BX=0000  CX=0000  DX=0000  SP=FFEA  BP=0000  SI=FFEE  DI=0000          
DS=176C  ES=176C  SS=176C  CS=176C  IP=0604   NV UP DI PL NZ NA PO NC           
176C:0604 9D            POPF                                                    

AX=0010  BX=0000  CX=0000  DX=0000  SP=FFEC  BP=0000  SI=FFEE  DI=0000          
DS=176C  ES=176C  SS=176C  CS=176C  IP=0605   NV UP DI PL NZ NA PO NC           
176C:0605 89F4          MOV     SP,SI                                           

AX=0010  BX=0000  CX=0000  DX=0000  SP=FFEE  BP=0000  SI=FFEE  DI=0000          
DS=176C  ES=176C  SS=176C  CS=176C  IP=0607   NV UP DI PL NZ NA PO NC           
176C:0607 B410          MOV     AH,10                                           

AX=1010  BX=0000  CX=0000  DX=0000  SP=FFEE  BP=0000  SI=FFEE  DI=0000          
DS=176C  ES=176C  SS=176C  CS=176C  IP=0609   NV UP DI PL NZ NA PO NC           
176C:0609 55            PUSH    BP                                              

AX=1010  BX=0000  CX=0000  DX=0000  SP=FFEC  BP=0000  SI=FFEE  DI=0000          
DS=176C  ES=176C  SS=176C  CS=176C  IP=060A   NV UP DI PL NZ NA PO NC           
176C:060A 55            PUSH    BP                                              

AX=1010  BX=0000  CX=0000  DX=0000  SP=FFEA  BP=0000  SI=FFEE  DI=0000          
DS=176C  ES=176C  SS=176C  CS=176C  IP=060B   NV UP DI PL NZ NA PO NC           
176C:060B 9D            POPF                                                    

AX=1010  BX=0000  CX=0000  DX=0000  SP=FFEC  BP=0000  SI=FFEE  DI=0000          
DS=176C  ES=176C  SS=176C  CS=176C  IP=060C   NV UP DI PL NZ NA PO NC           
176C:060C 89F4          MOV     SP,SI                                           

AX=1010  BX=0000  CX=0000  DX=0000  SP=FFEE  BP=0000  SI=FFEE  DI=0000          
DS=176C  ES=176C  SS=176C  CS=176C  IP=060E   NV UP DI PL NZ NA PO NC           
176C:060E B81000        MOV     AX,0010                                         

AX=0010  BX=0000  CX=0000  DX=0000  SP=FFEE  BP=0000  SI=FFEE  DI=0000          
DS=176C  ES=176C  SS=176C  CS=176C  IP=0611   NV UP DI PL NZ NA PO NC           
176C:0611 55            PUSH    BP                                              

AX=0010  BX=0000  CX=0000  DX=0000  SP=FFEC  BP=0000  SI=FFEE  DI=0000          
DS=176C  ES=176C  SS=176C  CS=176C  IP=0612   NV UP DI PL NZ NA PO NC           
176C:0612 55            PUSH    BP                                              

AX=0010  BX=0000  CX=0000  DX=0000  SP=FFEA  BP=0000  SI=FFEE  DI=0000          
DS=176C  ES=176C  SS=176C  CS=176C  IP=0613   NV UP DI PL NZ NA PO NC           
176C:0613 9D            POPF                                                    

AX=0010  BX=0000  CX=0000  DX=0000  SP=FFEC  BP=0000  SI=FFEE  DI=0000          
DS=176C  ES=176C  SS=176C  CS=176C  IP=0614   NV UP DI PL NZ NA PO NC           
176C:0614 89F4          MOV     SP,SI                                           

AX=0010  BX=0000  CX=0000  DX=0000  SP=FFEE  BP=0000  SI=FFEE  DI=0000          
DS=176C  ES=176C  SS=176C  CS=176C  IP=0616   NV UP DI PL NZ NA PO NC           
176C:0616 B81000        MOV     AX,0010                                         

AX=0010  BX=0000  CX=0000  DX=0000  SP=FFEE  BP=0000  SI=FFEE  DI=0000          
DS=176C  ES=176C  SS=176C  CS=176C  IP=0619   NV UP DI PL NZ NA PO NC           
176C:0619 B101          MOV     CL,01                                           

AX=0010  BX=0000  CX=0001  DX=0000  SP=FFEE  BP=0000  SI=FFEE  DI=0000          
DS=176C  ES=176C  SS=176C  CS=176C  IP=061B   NV UP DI PL NZ NA PO NC           
176C:061B D3E8          SHR     AX,CL                                           

AX=0008  BX=0000  CX=0001  DX=0000  SP=FFEE  BP=0000  SI=FFEE  DI=0000          
DS=176C  ES=176C  SS=176C  CS=176C  IP=061D   NV UP DI PL NZ NA PO NC           
176C:061D 55            PUSH    BP                                              

AX=0008  BX=0000  CX=0001  DX=0000  SP=FFEC  BP=0000  SI=FFEE  DI=0000          
DS=176C  ES=176C  SS=176C  CS=176C  IP=061E   NV UP DI PL NZ NA PO NC           
176C:061E 55            PUSH    BP                                              

AX=0008  BX=0000  CX=0001  DX=0000  SP=FFEA  BP=0000  SI=FFEE  DI=0000          
DS=176C  ES=176C  SS=176C  CS=176C  IP=061F   NV UP DI PL NZ NA PO NC           
176C:061F 9D            POPF                                                    

AX=0008  BX=0000  CX=0001  DX=0000  SP=FFEC  BP=0000  SI=FFEE  DI=0000          
DS=176C  ES=176C  SS=176C  CS=176C  IP=0620   NV UP DI PL NZ NA PO NC           
176C:0620 89F4          MOV     SP,SI                                           

AX=0008  BX=0000  CX=0001  DX=0000  SP=FFEE  BP=0000  SI=FFEE  DI=0000          
DS=176C  ES=176C  SS=176C  CS=176C  IP=0622   NV UP DI PL NZ NA PO NC           
176C:0622 B410          MOV     AH,10                                           

AX=1008  BX=0000  CX=0001  DX=0000  SP=FFEE  BP=0000  SI=FFEE  DI=0000          
DS=176C  ES=176C  SS=176C  CS=176C  IP=0624   NV UP DI PL NZ NA PO NC           
176C:0624 B101          MOV     CL,01                                           

AX=1008  BX=0000  CX=0001  DX=0000  SP=FFEE  BP=0000  SI=FFEE  DI=0000          
DS=176C  ES=176C  SS=176C  CS=176C  IP=0626   NV UP DI PL NZ NA PO NC           
176C:0626 D2E8          SHR     AL,CL                                           

AX=1004  BX=0000  CX=0001  DX=0000  SP=FFEE  BP=0000  SI=FFEE  DI=0000          
DS=176C  ES=176C  SS=176C  CS=176C  IP=0628   NV UP DI PL NZ NA PO NC           
176C:0628 55            PUSH    BP                                              

AX=1004  BX=0000  CX=0001  DX=0000  SP=FFEC  BP=0000  SI=FFEE  DI=0000          
DS=176C  ES=176C  SS=176C  CS=176C  IP=0629   NV UP DI PL NZ NA PO NC           
176C:0629 55            PUSH    BP                                              

AX=1004  BX=0000  CX=0001  DX=0000  SP=FFEA  BP=0000  SI=FFEE  DI=0000          
DS=176C  ES=176C  SS=176C  CS=176C  IP=062A   NV UP DI PL NZ NA PO NC           
176C:062A 9D            POPF                                                    

AX=1004  BX=0000  CX=0001  DX=0000  SP=FFEC  BP=0000  SI=FFEE  DI=0000          
DS=176C  ES=176C  SS=176C  CS=176C  IP=062B   NV UP DI PL NZ NA PO NC           
176C:062B 89F4          MOV     SP,SI                                           

AX=1004  BX=0000  CX=0001  DX=0000  SP=FFEE  BP=0000  SI=FFEE  DI=0000          
DS=176C  ES=176C  SS=176C  CS=176C  IP=062D   NV UP DI PL NZ NA PO NC           
176C:062D B81000        MOV     AX,0010                                         

AX=0010  BX=0000  CX=0001  DX=0000  SP=FFEE  BP=0000  SI=FFEE  DI=0000          
DS=176C  ES=176C  SS=176C  CS=176C  IP=0630   NV UP DI PL NZ NA PO NC           
176C:0630 55            PUSH    BP                                              

AX=0010  BX=0000  CX=0001  DX=0000  SP=FFEC  BP=0000  SI=FFEE  DI=0000          
DS=176C  ES=176C  SS=176C  CS=176C  IP=0631   NV UP DI PL NZ NA PO NC           
176C:0631 55            PUSH    BP                                              

AX=0010  BX=0000  CX=0001  DX=0000  SP=FFEA  BP=0000  SI=FFEE  DI=0000          
DS=176C  ES=176C  SS=176C  CS=176C  IP=0632   NV UP DI PL NZ NA PO NC           
176C:0632 9D            POPF                                                    

AX=0010  BX=0000  CX=0001  DX=0000  SP=FFEC  BP=0000  SI=FFEE  DI=0000          
DS=176C  ES=176C  SS=176C  CS=176C  IP=0633   NV UP DI PL NZ NA PO NC           
176C:0633 89F4          MOV     SP,SI                                           

AX=0010  BX=0000  CX=0001  DX=0000  SP=FFEE  BP=0000  SI=FFEE  DI=0000          
DS=176C  ES=176C  SS=176C  CS=176C  IP=0635   NV UP DI PL NZ NA PO NC           
176C:0635 B410          MOV     AH,10                                           

AX=1010  BX=0000  CX=0001  DX=0000  SP=FFEE  BP=0000  SI=FFEE  DI=0000          
DS=176C  ES=176C  SS=176C  CS=176C  IP=0637   NV UP DI PL NZ NA PO NC           
176C:0637 55            PUSH    BP                                              

AX=1010  BX=0000  CX=0001  DX=0000  SP=FFEC  BP=0000  SI=FFEE  DI=0000          
DS=176C  ES=176C  SS=176C  CS=176C  IP=0638   NV UP DI PL NZ NA PO NC           
176C:0638 55            PUSH    BP                                              

AX=1010  BX=0000  CX=0001  DX=0000  SP=FFEA  BP=0000  SI=FFEE  DI=0000          
DS=176C  ES=176C  SS=176C  CS=176C  IP=0639   NV UP DI PL NZ NA PO NC           
176C:0639 9D            POPF                                                    

AX=1010  BX=0000  CX=0001  DX=0000  SP=FFEC  BP=0000  SI=FFEE  DI=0000          
DS=176C  ES=176C  SS=176C  CS=176C  IP=063A   NV UP DI PL NZ NA PO NC           
176C:063A 89F4          MOV     SP,SI                                           

AX=1010  BX=0000  CX=0001  DX=0000  SP=FFEE  BP=0000  SI=FFEE  DI=0000          
DS=176C  ES=176C  SS=176C  CS=176C  IP=063C   NV UP DI PL NZ NA PO NC           
176C:063C B81000        MOV     AX,0010                                         

AX=0010  BX=0000  CX=0001  DX=0000  SP=FFEE  BP=0000  SI=FFEE  DI=0000          
DS=176C  ES=176C  SS=176C  CS=176C  IP=063F   NV UP DI PL NZ NA PO NC           
176C:063F 55            PUSH    BP                                              

AX=0010  BX=0000  CX=0001  DX=0000  SP=FFEC  BP=0000  SI=FFEE  DI=0000          
DS=176C  ES=176C  SS=176C  CS=176C  IP=0640   NV UP DI PL NZ NA PO NC           
176C:0640 55            PUSH    BP                                              

AX=0010  BX=0000  CX=0001  DX=0000  SP=FFEA  BP=0000  SI=FFEE  DI=0000          
DS=176C  ES=176C  SS=176C  CS=176C  IP=0641   NV UP DI PL NZ NA PO NC           
176C:0641 9D            POPF                                                    

AX=0010  BX=0000  CX=0001  DX=0000  SP=FFEC  BP=0000  SI=FFEE  DI=0000          
DS=176C  ES=176C  SS=176C  CS=176C  IP=0642   NV UP DI PL NZ NA PO NC           
176C:0642 89F4          MOV     SP,SI                                           

AX=0010  BX=0000  CX=0001  DX=0000  SP=FFEE  BP=0000  SI=FFEE  DI=0000          
DS=176C  ES=176C  SS=176C  CS=176C  IP=0644   NV UP DI PL NZ NA PO NC           
176C:0644 B80800        MOV     AX,0008                                         

AX=0008  BX=0000  CX=0001  DX=0000  SP=FFEE  BP=0000  SI=FFEE  DI=0000          
DS=176C  ES=176C  SS=176C  CS=176C  IP=0647   NV UP DI PL NZ NA PO NC           
176C:0647 B100          MOV     CL,00                                           

AX=0008  BX=0000  CX=0000  DX=0000  SP=FFEE  BP=0000  SI=FFEE  DI=0000          
DS=176C  ES=176C  SS=176C  CS=176C  IP=0649   NV UP DI PL NZ NA PO NC           
176C:0649 D3E8          SHR     AX,CL                                           

AX=0008  BX=0000  CX=0000  DX=0000  SP=FFEE  BP=0000  SI=FFEE  DI=0000          
DS=176C  ES=176C  SS=176C  CS=176C  IP=064B   NV UP DI PL NZ NA PO NC           
176C:064B 55            PUSH    BP                                              

AX=0008  BX=0000  CX=0000  DX=0000  SP=FFEC  BP=0000  SI=FFEE  DI=0000          
DS=176C  ES=176C  SS=176C  CS=176C  IP=064C   NV UP DI PL NZ NA PO NC           
176C:064C 55            PUSH    BP                                              

AX=0008  BX=0000  CX=0000  DX=0000  SP=FFEA  BP=0000  SI=FFEE  DI=0000          
DS=176C  ES=176C  SS=176C  CS=176C  IP=064D   NV UP DI PL NZ NA PO NC           
176C:064D 9D            POPF                                                    

AX=0008  BX=0000  CX=0000  DX=0000  SP=FFEC  BP=0000  SI=FFEE  DI=0000          
DS=176C  ES=176C  SS=176C  CS=176C  IP=064E   NV UP DI PL NZ NA PO NC           
176C:064E 89F4          MOV     SP,SI                                           

AX=0008  BX=0000  CX=0000  DX=0000  SP=FFEE  BP=0000  SI=FFEE  DI=0000          
DS=176C  ES=176C  SS=176C  CS=176C  IP=0650   NV UP DI PL NZ NA PO NC           
176C:0650 B408          MOV     AH,08                                           

AX=0808  BX=0000  CX=0000  DX=0000  SP=FFEE  BP=0000  SI=FFEE  DI=0000          
DS=176C  ES=176C  SS=176C  CS=176C  IP=0652   NV UP DI PL NZ NA PO NC           
176C:0652 B100          MOV     CL,00                                           

AX=0808  BX=0000  CX=0000  DX=0000  SP=FFEE  BP=0000  SI=FFEE  DI=0000          
DS=176C  ES=176C  SS=176C  CS=176C  IP=0654   NV UP DI PL NZ NA PO NC           
176C:0654 D2E8          SHR     AL,CL                                           

AX=0808  BX=0000  CX=0000  DX=0000  SP=FFEE  BP=0000  SI=FFEE  DI=0000          
DS=176C  ES=176C  SS=176C  CS=176C  IP=0656   NV UP DI PL NZ NA PO NC           
176C:0656 55            PUSH    BP                                              

AX=0808  BX=0000  CX=0000  DX=0000  SP=FFEC  BP=0000  SI=FFEE  DI=0000          
DS=176C  ES=176C  SS=176C  CS=176C  IP=0657   NV UP DI PL NZ NA PO NC           
176C:0657 55            PUSH    BP                                              

AX=0808  BX=0000  CX=0000  DX=0000  SP=FFEA  BP=0000  SI=FFEE  DI=0000          
DS=176C  ES=176C  SS=176C  CS=176C  IP=0658   NV UP DI PL NZ NA PO NC           
176C:0658 9D            POPF                                                    

AX=0808  BX=0000  CX=0000  DX=0000  SP=FFEC  BP=0000  SI=FFEE  DI=0000          
DS=176C  ES=176C  SS=176C  CS=176C  IP=0659   NV UP DI PL NZ NA PO NC           
176C:0659 89F4          MOV     SP,SI                                           

AX=0808  BX=0000  CX=0000  DX=0000  SP=FFEE  BP=0000  SI=FFEE  DI=0000          
DS=176C  ES=176C  SS=176C  CS=176C  IP=065B   NV UP DI PL NZ NA PO NC           
176C:065B B80800        MOV     AX,0008                                         

AX=0008  BX=0000  CX=0000  DX=0000  SP=FFEE  BP=0000  SI=FFEE  DI=0000          
DS=176C  ES=176C  SS=176C  CS=176C  IP=065E   NV UP DI PL NZ NA PO NC           
176C:065E 55            PUSH    BP                                              

AX=0008  BX=0000  CX=0000  DX=0000  SP=FFEC  BP=0000  SI=FFEE  DI=0000          
DS=176C  ES=176C  SS=176C  CS=176C  IP=065F   NV UP DI PL NZ NA PO NC           
176C:065F 55            PUSH    BP                                              

AX=0008  BX=0000  CX=0000  DX=0000  SP=FFEA  BP=0000  SI=FFEE  DI=0000          
DS=176C  ES=176C  SS=176C  CS=176C  IP=0660   NV UP DI PL NZ NA PO NC           
176C:0660 9D            POPF                                                    

AX=0008  BX=0000  CX=0000  DX=0000  SP=FFEC  BP=0000  SI=FFEE  DI=0000          
DS=176C  ES=176C  SS=176C  CS=176C  IP=0661   NV UP DI PL NZ NA PO NC           
176C:0661 89F4          MOV     SP,SI                                           

AX=0008  BX=0000  CX=0000  DX=0000  SP=FFEE  BP=0000  SI=FFEE  DI=0000          
DS=176C  ES=176C  SS=176C  CS=176C  IP=0663   NV UP DI PL NZ NA PO NC           
176C:0663 B408          MOV     AH,08                                           

AX=0808  BX=0000  CX=0000  DX=0000  SP=FFEE  BP=0000  SI=FFEE  DI=0000          
DS=176C  ES=176C  SS=176C  CS=176C  IP=0665   NV UP DI PL NZ NA PO NC           
176C:0665 55            PUSH    BP                                              

AX=0808  BX=0000  CX=0000  DX=0000  SP=FFEC  BP=0000  SI=FFEE  DI=0000          
DS=176C  ES=176C  SS=176C  CS=176C  IP=0666   NV UP DI PL NZ NA PO NC           
176C:0666 55            PUSH    BP                                              

AX=0808  BX=0000  CX=0000  DX=0000  SP=FFEA  BP=0000  SI=FFEE  DI=0000          
DS=176C  ES=176C  SS=176C  CS=176C  IP=0667   NV UP DI PL NZ NA PO NC           
176C:0667 9D            POPF                                                    

AX=0808  BX=0000  CX=0000  DX=0000  SP=FFEC  BP=0000  SI=FFEE  DI=0000          
DS=176C  ES=176C  SS=176C  CS=176C  IP=0668   NV UP DI PL NZ NA PO NC           
176C:0668 89F4          MOV     SP,SI                                           

AX=0808  BX=0000  CX=0000  DX=0000  SP=FFEE  BP=0000  SI=FFEE  DI=0000          
DS=176C  ES=176C  SS=176C  CS=176C  IP=066A   NV UP DI PL NZ NA PO NC           
176C:066A B80800        MOV     AX,0008                                         

AX=0008  BX=0000  CX=0000  DX=0000  SP=FFEE  BP=0000  SI=FFEE  DI=0000          
DS=176C  ES=176C  SS=176C  CS=176C  IP=066D   NV UP DI PL NZ NA PO NC           
176C:066D 55            PUSH    BP                                              

AX=0008  BX=0000  CX=0000  DX=0000  SP=FFEC  BP=0000  SI=FFEE  DI=0000          
DS=176C  ES=176C  SS=176C  CS=176C  IP=066E   NV UP DI PL NZ NA PO NC           
176C:066E 55            PUSH    BP                                              

AX=0008  BX=0000  CX=0000  DX=0000  SP=FFEA  BP=0000  SI=FFEE  DI=0000          
DS=176C  ES=176C  SS=176C  CS=176C  IP=066F   NV UP DI PL NZ NA PO NC           
176C:066F 9D            POPF                                                    

AX=0008  BX=0000  CX=0000  DX=0000  SP=FFEC  BP=0000  SI=FFEE  DI=0000          
DS=176C  ES=176C  SS=176C  CS=176C  IP=0670   NV UP DI PL NZ NA PO NC           
176C:0670 89F4          MOV     SP,SI                                           

AX=0008  BX=0000  CX=0000  DX=0000  SP=FFEE  BP=0000  SI=FFEE  DI=0000          
DS=176C  ES=176C  SS=176C  CS=176C  IP=0672   NV UP DI PL NZ NA PO NC           
176C:0672 B80800        MOV     AX,0008                                         

AX=0008  BX=0000  CX=0000  DX=0000  SP=FFEE  BP=0000  SI=FFEE  DI=0000          
DS=176C  ES=176C  SS=176C  CS=176C  IP=0675   NV UP DI PL NZ NA PO NC           
176C:0675 B101          MOV     CL,01                                           

AX=0008  BX=0000  CX=0001  DX=0000  SP=FFEE  BP=0000  SI=FFEE  DI=0000          
DS=176C  ES=176C  SS=176C  CS=176C  IP=0677   NV UP DI PL NZ NA PO NC           
176C:0677 D3E8          SHR     AX,CL                                           

AX=0004  BX=0000  CX=0001  DX=0000  SP=FFEE  BP=0000  SI=FFEE  DI=0000          
DS=176C  ES=176C  SS=176C  CS=176C  IP=0679   NV UP DI PL NZ NA PO NC           
176C:0679 55            PUSH    BP                                              

AX=0004  BX=0000  CX=0001  DX=0000  SP=FFEC  BP=0000  SI=FFEE  DI=0000          
DS=176C  ES=176C  SS=176C  CS=176C  IP=067A   NV UP DI PL NZ NA PO NC           
176C:067A 55            PUSH    BP                                              

AX=0004  BX=0000  CX=0001  DX=0000  SP=FFEA  BP=0000  SI=FFEE  DI=0000          
DS=176C  ES=176C  SS=176C  CS=176C  IP=067B   NV UP DI PL NZ NA PO NC           
176C:067B 9D            POPF                                                    

AX=0004  BX=0000  CX=0001  DX=0000  SP=FFEC  BP=0000  SI=FFEE  DI=0000          
DS=176C  ES=176C  SS=176C  CS=176C  IP=067C   NV UP DI PL NZ NA PO NC           
176C:067C 89F4          MOV     SP,SI                                           

AX=0004  BX=0000  CX=0001  DX=0000  SP=FFEE  BP=0000  SI=FFEE  DI=0000          
DS=176C  ES=176C  SS=176C  CS=176C  IP=067E   NV UP DI PL NZ NA PO NC           
176C:067E B408          MOV     AH,08                                           

AX=0804  BX=0000  CX=0001  DX=0000  SP=FFEE  BP=0000  SI=FFEE  DI=0000          
DS=176C  ES=176C  SS=176C  CS=176C  IP=0680   NV UP DI PL NZ NA PO NC           
176C:0680 B101          MOV     CL,01                                           

AX=0804  BX=0000  CX=0001  DX=0000  SP=FFEE  BP=0000  SI=FFEE  DI=0000          
DS=176C  ES=176C  SS=176C  CS=176C  IP=0682   NV UP DI PL NZ NA PO NC           
176C:0682 D2E8          SHR     AL,CL                                           

AX=0802  BX=0000  CX=0001  DX=0000  SP=FFEE  BP=0000  SI=FFEE  DI=0000          
DS=176C  ES=176C  SS=176C  CS=176C  IP=0684   NV UP DI PL NZ NA PO NC           
176C:0684 55            PUSH    BP                                              

AX=0802  BX=0000  CX=0001  DX=0000  SP=FFEC  BP=0000  SI=FFEE  DI=0000          
DS=176C  ES=176C  SS=176C  CS=176C  IP=0685   NV UP DI PL NZ NA PO NC           
176C:0685 55            PUSH    BP                                              

AX=0802  BX=0000  CX=0001  DX=0000  SP=FFEA  BP=0000  SI=FFEE  DI=0000          
DS=176C  ES=176C  SS=176C  CS=176C  IP=0686   NV UP DI PL NZ NA PO NC           
176C:0686 9D            POPF                                                    

AX=0802  BX=0000  CX=0001  DX=0000  SP=FFEC  BP=0000  SI=FFEE  DI=0000          
DS=176C  ES=176C  SS=176C  CS=176C  IP=0687   NV UP DI PL NZ NA PO NC           
176C:0687 89F4          MOV     SP,SI                                           

AX=0802  BX=0000  CX=0001  DX=0000  SP=FFEE  BP=0000  SI=FFEE  DI=0000          
DS=176C  ES=176C  SS=176C  CS=176C  IP=0689   NV UP DI PL NZ NA PO NC           
176C:0689 B80800        MOV     AX,0008                                         

AX=0008  BX=0000  CX=0001  DX=0000  SP=FFEE  BP=0000  SI=FFEE  DI=0000          
DS=176C  ES=176C  SS=176C  CS=176C  IP=068C   NV UP DI PL NZ NA PO NC           
176C:068C 55            PUSH    BP                                              

AX=0008  BX=0000  CX=0001  DX=0000  SP=FFEC  BP=0000  SI=FFEE  DI=0000          
DS=176C  ES=176C  SS=176C  CS=176C  IP=068D   NV UP DI PL NZ NA PO NC           
176C:068D 55            PUSH    BP                                              

AX=0008  BX=0000  CX=0001  DX=0000  SP=FFEA  BP=0000  SI=FFEE  DI=0000          
DS=176C  ES=176C  SS=176C  CS=176C  IP=068E   NV UP DI PL NZ NA PO NC           
176C:068E 9D            POPF                                                    

AX=0008  BX=0000  CX=0001  DX=0000  SP=FFEC  BP=0000  SI=FFEE  DI=0000          
DS=176C  ES=176C  SS=176C  CS=176C  IP=068F   NV UP DI PL NZ NA PO NC           
176C:068F 89F4          MOV     SP,SI                                           

AX=0008  BX=0000  CX=0001  DX=0000  SP=FFEE  BP=0000  SI=FFEE  DI=0000          
DS=176C  ES=176C  SS=176C  CS=176C  IP=0691   NV UP DI PL NZ NA PO NC           
176C:0691 B408          MOV     AH,08                                           

AX=0808  BX=0000  CX=0001  DX=0000  SP=FFEE  BP=0000  SI=FFEE  DI=0000          
DS=176C  ES=176C  SS=176C  CS=176C  IP=0693   NV UP DI PL NZ NA PO NC           
176C:0693 55            PUSH    BP                                              

AX=0808  BX=0000  CX=0001  DX=0000  SP=FFEC  BP=0000  SI=FFEE  DI=0000          
DS=176C  ES=176C  SS=176C  CS=176C  IP=0694   NV UP DI PL NZ NA PO NC           
176C:0694 55            PUSH    BP                                              

AX=0808  BX=0000  CX=0001  DX=0000  SP=FFEA  BP=0000  SI=FFEE  DI=0000          
DS=176C  ES=176C  SS=176C  CS=176C  IP=0695   NV UP DI PL NZ NA PO NC           
176C:0695 9D            POPF                                                    

AX=0808  BX=0000  CX=0001  DX=0000  SP=FFEC  BP=0000  SI=FFEE  DI=0000          
DS=176C  ES=176C  SS=176C  CS=176C  IP=0696   NV UP DI PL NZ NA PO NC           
176C:0696 89F4          MOV     SP,SI                                           

AX=0808  BX=0000  CX=0001  DX=0000  SP=FFEE  BP=0000  SI=FFEE  DI=0000          
DS=176C  ES=176C  SS=176C  CS=176C  IP=0698   NV UP DI PL NZ NA PO NC           
176C:0698 B80800        MOV     AX,0008                                         

AX=0008  BX=0000  CX=0001  DX=0000  SP=FFEE  BP=0000  SI=FFEE  DI=0000          
DS=176C  ES=176C  SS=176C  CS=176C  IP=069B   NV UP DI PL NZ NA PO NC           
176C:069B 55            PUSH    BP                                              

AX=0008  BX=0000  CX=0001  DX=0000  SP=FFEC  BP=0000  SI=FFEE  DI=0000          
DS=176C  ES=176C  SS=176C  CS=176C  IP=069C   NV UP DI PL NZ NA PO NC           
176C:069C 55            PUSH    BP                                              

AX=0008  BX=0000  CX=0001  DX=0000  SP=FFEA  BP=0000  SI=FFEE  DI=0000          
DS=176C  ES=176C  SS=176C  CS=176C  IP=069D   NV UP DI PL NZ NA PO NC           
176C:069D 9D            POPF                                                    

AX=0008  BX=0000  CX=0001  DX=0000  SP=FFEC  BP=0000  SI=FFEE  DI=0000          
DS=176C  ES=176C  SS=176C  CS=176C  IP=069E   NV UP DI PL NZ NA PO NC           
176C:069E 89F4          MOV     SP,SI                                           

AX=0008  BX=0000  CX=0001  DX=0000  SP=FFEE  BP=0000  SI=FFEE  DI=0000          
DS=176C  ES=176C  SS=176C  CS=176C  IP=06A0   NV UP DI PL NZ NA PO NC           
176C:06A0 B81100        MOV     AX,0011                                         

AX=0011  BX=0000  CX=0001  DX=0000  SP=FFEE  BP=0000  SI=FFEE  DI=0000          
DS=176C  ES=176C  SS=176C  CS=176C  IP=06A3   NV UP DI PL NZ NA PO NC           
176C:06A3 B100          MOV     CL,00                                           

AX=0011  BX=0000  CX=0000  DX=0000  SP=FFEE  BP=0000  SI=FFEE  DI=0000          
DS=176C  ES=176C  SS=176C  CS=176C  IP=06A5   NV UP DI PL NZ NA PO NC           
176C:06A5 D3E8          SHR     AX,CL                                           

AX=0011  BX=0000  CX=0000  DX=0000  SP=FFEE  BP=0000  SI=FFEE  DI=0000          
DS=176C  ES=176C  SS=176C  CS=176C  IP=06A7   NV UP DI PL NZ NA PO NC           
176C:06A7 55            PUSH    BP                                              

AX=0011  BX=0000  CX=0000  DX=0000  SP=FFEC  BP=0000  SI=FFEE  DI=0000          
DS=176C  ES=176C  SS=176C  CS=176C  IP=06A8   NV UP DI PL NZ NA PO NC           
176C:06A8 55            PUSH    BP                                              

AX=0011  BX=0000  CX=0000  DX=0000  SP=FFEA  BP=0000  SI=FFEE  DI=0000          
DS=176C  ES=176C  SS=176C  CS=176C  IP=06A9   NV UP DI PL NZ NA PO NC           
176C:06A9 9D            POPF                                                    

AX=0011  BX=0000  CX=0000  DX=0000  SP=FFEC  BP=0000  SI=FFEE  DI=0000          
DS=176C  ES=176C  SS=176C  CS=176C  IP=06AA   NV UP DI PL NZ NA PO NC           
176C:06AA 89F4          MOV     SP,SI                                           

AX=0011  BX=0000  CX=0000  DX=0000  SP=FFEE  BP=0000  SI=FFEE  DI=0000          
DS=176C  ES=176C  SS=176C  CS=176C  IP=06AC   NV UP DI PL NZ NA PO NC           
176C:06AC B411          MOV     AH,11                                           

AX=1111  BX=0000  CX=0000  DX=0000  SP=FFEE  BP=0000  SI=FFEE  DI=0000          
DS=176C  ES=176C  SS=176C  CS=176C  IP=06AE   NV UP DI PL NZ NA PO NC           
176C:06AE B100          MOV     CL,00                                           

AX=1111  BX=0000  CX=0000  DX=0000  SP=FFEE  BP=0000  SI=FFEE  DI=0000          
DS=176C  ES=176C  SS=176C  CS=176C  IP=06B0   NV UP DI PL NZ NA PO NC           
176C:06B0 D2E8          SHR     AL,CL                                           

AX=1111  BX=0000  CX=0000  DX=0000  SP=FFEE  BP=0000  SI=FFEE  DI=0000          
DS=176C  ES=176C  SS=176C  CS=176C  IP=06B2   NV UP DI PL NZ NA PO NC           
176C:06B2 55            PUSH    BP                                              

AX=1111  BX=0000  CX=0000  DX=0000  SP=FFEC  BP=0000  SI=FFEE  DI=0000          
DS=176C  ES=176C  SS=176C  CS=176C  IP=06B3   NV UP DI PL NZ NA PO NC           
176C:06B3 55            PUSH    BP                                              

AX=1111  BX=0000  CX=0000  DX=0000  SP=FFEA  BP=0000  SI=FFEE  DI=0000          
DS=176C  ES=176C  SS=176C  CS=176C  IP=06B4   NV UP DI PL NZ NA PO NC           
176C:06B4 9D            POPF                                                    

AX=1111  BX=0000  CX=0000  DX=0000  SP=FFEC  BP=0000  SI=FFEE  DI=0000          
DS=176C  ES=176C  SS=176C  CS=176C  IP=06B5   NV UP DI PL NZ NA PO NC           
176C:06B5 89F4          MOV     SP,SI                                           

AX=1111  BX=0000  CX=0000  DX=0000  SP=FFEE  BP=0000  SI=FFEE  DI=0000          
DS=176C  ES=176C  SS=176C  CS=176C  IP=06B7   NV UP DI PL NZ NA PO NC           
176C:06B7 B81100        MOV     AX,0011                                         

AX=0011  BX=0000  CX=0000  DX=0000  SP=FFEE  BP=0000  SI=FFEE  DI=0000          
DS=176C  ES=176C  SS=176C  CS=176C  IP=06BA   NV UP DI PL NZ NA PO NC           
176C:06BA 55            PUSH    BP                                              

AX=0011  BX=0000  CX=0000  DX=0000  SP=FFEC  BP=0000  SI=FFEE  DI=0000          
DS=176C  ES=176C  SS=176C  CS=176C  IP=06BB   NV UP DI PL NZ NA PO NC           
176C:06BB 55            PUSH    BP                                              

AX=0011  BX=0000  CX=0000  DX=0000  SP=FFEA  BP=0000  SI=FFEE  DI=0000          
DS=176C  ES=176C  SS=176C  CS=176C  IP=06BC   NV UP DI PL NZ NA PO NC           
176C:06BC 9D            POPF                                                    

AX=0011  BX=0000  CX=0000  DX=0000  SP=FFEC  BP=0000  SI=FFEE  DI=0000          
DS=176C  ES=176C  SS=176C  CS=176C  IP=06BD   NV UP DI PL NZ NA PO NC           
176C:06BD 89F4          MOV     SP,SI                                           

AX=0011  BX=0000  CX=0000  DX=0000  SP=FFEE  BP=0000  SI=FFEE  DI=0000          
DS=176C  ES=176C  SS=176C  CS=176C  IP=06BF   NV UP DI PL NZ NA PO NC           
176C:06BF B411          MOV     AH,11                                           

AX=1111  BX=0000  CX=0000  DX=0000  SP=FFEE  BP=0000  SI=FFEE  DI=0000          
DS=176C  ES=176C  SS=176C  CS=176C  IP=06C1   NV UP DI PL NZ NA PO NC           
176C:06C1 55            PUSH    BP                                              

AX=1111  BX=0000  CX=0000  DX=0000  SP=FFEC  BP=0000  SI=FFEE  DI=0000          
DS=176C  ES=176C  SS=176C  CS=176C  IP=06C2   NV UP DI PL NZ NA PO NC           
176C:06C2 55            PUSH    BP                                              

AX=1111  BX=0000  CX=0000  DX=0000  SP=FFEA  BP=0000  SI=FFEE  DI=0000          
DS=176C  ES=176C  SS=176C  CS=176C  IP=06C3   NV UP DI PL NZ NA PO NC           
176C:06C3 9D            POPF                                                    

AX=1111  BX=0000  CX=0000  DX=0000  SP=FFEC  BP=0000  SI=FFEE  DI=0000          
DS=176C  ES=176C  SS=176C  CS=176C  IP=06C4   NV UP DI PL NZ NA PO NC           
176C:06C4 89F4          MOV     SP,SI                                           

AX=1111  BX=0000  CX=0000  DX=0000  SP=FFEE  BP=0000  SI=FFEE  DI=0000          
DS=176C  ES=176C  SS=176C  CS=176C  IP=06C6   NV UP DI PL NZ NA PO NC           
176C:06C6 B81100        MOV     AX,0011                                         

AX=0011  BX=0000  CX=0000  DX=0000  SP=FFEE  BP=0000  SI=FFEE  DI=0000          
DS=176C  ES=176C  SS=176C  CS=176C  IP=06C9   NV UP DI PL NZ NA PO NC           
176C:06C9 55            PUSH    BP                                              

AX=0011  BX=0000  CX=0000  DX=0000  SP=FFEC  BP=0000  SI=FFEE  DI=0000          
DS=176C  ES=176C  SS=176C  CS=176C  IP=06CA   NV UP DI PL NZ NA PO NC           
176C:06CA 55            PUSH    BP                                              

AX=0011  BX=0000  CX=0000  DX=0000  SP=FFEA  BP=0000  SI=FFEE  DI=0000          
DS=176C  ES=176C  SS=176C  CS=176C  IP=06CB   NV UP DI PL NZ NA PO NC           
176C:06CB 9D            POPF                                                    

AX=0011  BX=0000  CX=0000  DX=0000  SP=FFEC  BP=0000  SI=FFEE  DI=0000          
DS=176C  ES=176C  SS=176C  CS=176C  IP=06CC   NV UP DI PL NZ NA PO NC           
176C:06CC 89F4          MOV     SP,SI                                           

AX=0011  BX=0000  CX=0000  DX=0000  SP=FFEE  BP=0000  SI=FFEE  DI=0000          
DS=176C  ES=176C  SS=176C  CS=176C  IP=06CE   NV UP DI PL NZ NA PO NC           
176C:06CE B81100        MOV     AX,0011                                         

AX=0011  BX=0000  CX=0000  DX=0000  SP=FFEE  BP=0000  SI=FFEE  DI=0000          
DS=176C  ES=176C  SS=176C  CS=176C  IP=06D1   NV UP DI PL NZ NA PO NC           
176C:06D1 B101          MOV     CL,01                                           

AX=0011  BX=0000  CX=0001  DX=0000  SP=FFEE  BP=0000  SI=FFEE  DI=0000          
DS=176C  ES=176C  SS=176C  CS=176C  IP=06D3   NV UP DI PL NZ NA PO NC           
176C:06D3 D3E8          SHR     AX,CL                                           

AX=0008  BX=0000  CX=0001  DX=0000  SP=FFEE  BP=0000  SI=FFEE  DI=0000          
DS=176C  ES=176C  SS=176C  CS=176C  IP=06D5   NV UP DI PL NZ NA PO CY           
176C:06D5 55            PUSH    BP                                              

AX=0008  BX=0000  CX=0001  DX=0000  SP=FFEC  BP=0000  SI=FFEE  DI=0000          
DS=176C  ES=176C  SS=176C  CS=176C  IP=06D6   NV UP DI PL NZ NA PO CY           
176C:06D6 55            PUSH    BP                                              

AX=0008  BX=0000  CX=0001  DX=0000  SP=FFEA  BP=0000  SI=FFEE  DI=0000          
DS=176C  ES=176C  SS=176C  CS=176C  IP=06D7   NV UP DI PL NZ NA PO CY           
176C:06D7 9D            POPF                                                    

AX=0008  BX=0000  CX=0001  DX=0000  SP=FFEC  BP=0000  SI=FFEE  DI=0000          
DS=176C  ES=176C  SS=176C  CS=176C  IP=06D8   NV UP DI PL NZ NA PO NC           
176C:06D8 89F4          MOV     SP,SI                                           

AX=0008  BX=0000  CX=0001  DX=0000  SP=FFEE  BP=0000  SI=FFEE  DI=0000          
DS=176C  ES=176C  SS=176C  CS=176C  IP=06DA   NV UP DI PL NZ NA PO NC           
176C:06DA B411          MOV     AH,11                                           

AX=1108  BX=0000  CX=0001  DX=0000  SP=FFEE  BP=0000  SI=FFEE  DI=0000          
DS=176C  ES=176C  SS=176C  CS=176C  IP=06DC   NV UP DI PL NZ NA PO NC           
176C:06DC B101          MOV     CL,01                                           

AX=1108  BX=0000  CX=0001  DX=0000  SP=FFEE  BP=0000  SI=FFEE  DI=0000          
DS=176C  ES=176C  SS=176C  CS=176C  IP=06DE   NV UP DI PL NZ NA PO NC           
176C:06DE D2E8          SHR     AL,CL                                           

AX=1104  BX=0000  CX=0001  DX=0000  SP=FFEE  BP=0000  SI=FFEE  DI=0000          
DS=176C  ES=176C  SS=176C  CS=176C  IP=06E0   NV UP DI PL NZ NA PO NC           
176C:06E0 55            PUSH    BP                                              

AX=1104  BX=0000  CX=0001  DX=0000  SP=FFEC  BP=0000  SI=FFEE  DI=0000          
DS=176C  ES=176C  SS=176C  CS=176C  IP=06E1   NV UP DI PL NZ NA PO NC           
176C:06E1 55            PUSH    BP                                              

AX=1104  BX=0000  CX=0001  DX=0000  SP=FFEA  BP=0000  SI=FFEE  DI=0000          
DS=176C  ES=176C  SS=176C  CS=176C  IP=06E2   NV UP DI PL NZ NA PO NC           
176C:06E2 9D            POPF                                                    

AX=1104  BX=0000  CX=0001  DX=0000  SP=FFEC  BP=0000  SI=FFEE  DI=0000          
DS=176C  ES=176C  SS=176C  CS=176C  IP=06E3   NV UP DI PL NZ NA PO NC           
176C:06E3 89F4          MOV     SP,SI                                           

AX=1104  BX=0000  CX=0001  DX=0000  SP=FFEE  BP=0000  SI=FFEE  DI=0000          
DS=176C  ES=176C  SS=176C  CS=176C  IP=06E5   NV UP DI PL NZ NA PO NC           
176C:06E5 B81100        MOV     AX,0011                                         

AX=0011  BX=0000  CX=0001  DX=0000  SP=FFEE  BP=0000  SI=FFEE  DI=0000          
DS=176C  ES=176C  SS=176C  CS=176C  IP=06E8   NV UP DI PL NZ NA PO NC           
176C:06E8 55            PUSH    BP                                              

AX=0011  BX=0000  CX=0001  DX=0000  SP=FFEC  BP=0000  SI=FFEE  DI=0000          
DS=176C  ES=176C  SS=176C  CS=176C  IP=06E9   NV UP DI PL NZ NA PO NC           
176C:06E9 55            PUSH    BP                                              

AX=0011  BX=0000  CX=0001  DX=0000  SP=FFEA  BP=0000  SI=FFEE  DI=0000          
DS=176C  ES=176C  SS=176C  CS=176C  IP=06EA   NV UP DI PL NZ NA PO NC           
176C:06EA 9D            POPF                                                    

AX=0011  BX=0000  CX=0001  DX=0000  SP=FFEC  BP=0000  SI=FFEE  DI=0000          
DS=176C  ES=176C  SS=176C  CS=176C  IP=06EB   NV UP DI PL NZ NA PO NC           
176C:06EB 89F4          MOV     SP,SI                                           

AX=0011  BX=0000  CX=0001  DX=0000  SP=FFEE  BP=0000  SI=FFEE  DI=0000          
DS=176C  ES=176C  SS=176C  CS=176C  IP=06ED   NV UP DI PL NZ NA PO NC           
176C:06ED B411          MOV     AH,11                                           

AX=1111  BX=0000  CX=0001  DX=0000  SP=FFEE  BP=0000  SI=FFEE  DI=0000          
DS=176C  ES=176C  SS=176C  CS=176C  IP=06EF   NV UP DI PL NZ NA PO NC           
176C:06EF 55            PUSH    BP                                              

AX=1111  BX=0000  CX=0001  DX=0000  SP=FFEC  BP=0000  SI=FFEE  DI=0000          
DS=176C  ES=176C  SS=176C  CS=176C  IP=06F0   NV UP DI PL NZ NA PO NC           
176C:06F0 55            PUSH    BP                                              

AX=1111  BX=0000  CX=0001  DX=0000  SP=FFEA  BP=0000  SI=FFEE  DI=0000          
DS=176C  ES=176C  SS=176C  CS=176C  IP=06F1   NV UP DI PL NZ NA PO NC           
176C:06F1 9D            POPF                                                    

AX=1111  BX=0000  CX=0001  DX=0000  SP=FFEC  BP=0000  SI=FFEE  DI=0000          
DS=176C  ES=176C  SS=176C  CS=176C  IP=06F2   NV UP DI PL NZ NA PO NC           
176C:06F2 89F4          MOV     SP,SI                                           

AX=1111  BX=0000  CX=0001  DX=0000  SP=FFEE  BP=0000  SI=FFEE  DI=0000          
DS=176C  ES=176C  SS=176C  CS=176C  IP=06F4   NV UP DI PL NZ NA PO NC           
176C:06F4 B81100        MOV     AX,0011                                         

AX=0011  BX=0000  CX=0001  DX=0000  SP=FFEE  BP=0000  SI=FFEE  DI=0000          
DS=176C  ES=176C  SS=176C  CS=176C  IP=06F7   NV UP DI PL NZ NA PO NC           
176C:06F7 55            PUSH    BP                                              

AX=0011  BX=0000  CX=0001  DX=0000  SP=FFEC  BP=0000  SI=FFEE  DI=0000          
DS=176C  ES=176C  SS=176C  CS=176C  IP=06F8   NV UP DI PL NZ NA PO NC           
176C:06F8 55            PUSH    BP                                              

AX=0011  BX=0000  CX=0001  DX=0000  SP=FFEA  BP=0000  SI=FFEE  DI=0000          
DS=176C  ES=176C  SS=176C  CS=176C  IP=06F9   NV UP DI PL NZ NA PO NC           
176C:06F9 9D            POPF                                                    

AX=0011  BX=0000  CX=0001  DX=0000  SP=FFEC  BP=0000  SI=FFEE  DI=0000          
DS=176C  ES=176C  SS=176C  CS=176C  IP=06FA   NV UP DI PL NZ NA PO NC           
176C:06FA 89F4          MOV     SP,SI                                           

AX=0011  BX=0000  CX=0001  DX=0000  SP=FFEE  BP=0000  SI=FFEE  DI=0000          
DS=176C  ES=176C  SS=176C  CS=176C  IP=06FC   NV UP DI PL NZ NA PO NC           
176C:06FC B80900        MOV     AX,0009                                         

AX=0009  BX=0000  CX=0001  DX=0000  SP=FFEE  BP=0000  SI=FFEE  DI=0000          
DS=176C  ES=176C  SS=176C  CS=176C  IP=06FF   NV UP DI PL NZ NA PO NC           
176C:06FF B100          MOV     CL,00                                           

AX=0009  BX=0000  CX=0000  DX=0000  SP=FFEE  BP=0000  SI=FFEE  DI=0000          
DS=176C  ES=176C  SS=176C  CS=176C  IP=0701   NV UP DI PL NZ NA PO NC           
176C:0701 D3E8          SHR     AX,CL                                           

AX=0009  BX=0000  CX=0000  DX=0000  SP=FFEE  BP=0000  SI=FFEE  DI=0000          
DS=176C  ES=176C  SS=176C  CS=176C  IP=0703   NV UP DI PL NZ NA PO NC           
176C:0703 55            PUSH    BP                                              

AX=0009  BX=0000  CX=0000  DX=0000  SP=FFEC  BP=0000  SI=FFEE  DI=0000          
DS=176C  ES=176C  SS=176C  CS=176C  IP=0704   NV UP DI PL NZ NA PO NC           
176C:0704 55            PUSH    BP                                              

AX=0009  BX=0000  CX=0000  DX=0000  SP=FFEA  BP=0000  SI=FFEE  DI=0000          
DS=176C  ES=176C  SS=176C  CS=176C  IP=0705   NV UP DI PL NZ NA PO NC           
176C:0705 9D            POPF                                                    

AX=0009  BX=0000  CX=0000  DX=0000  SP=FFEC  BP=0000  SI=FFEE  DI=0000          
DS=176C  ES=176C  SS=176C  CS=176C  IP=0706   NV UP DI PL NZ NA PO NC           
176C:0706 89F4          MOV     SP,SI                                           

AX=0009  BX=0000  CX=0000  DX=0000  SP=FFEE  BP=0000  SI=FFEE  DI=0000          
DS=176C  ES=176C  SS=176C  CS=176C  IP=0708   NV UP DI PL NZ NA PO NC           
176C:0708 B409          MOV     AH,09                                           

AX=0909  BX=0000  CX=0000  DX=0000  SP=FFEE  BP=0000  SI=FFEE  DI=0000          
DS=176C  ES=176C  SS=176C  CS=176C  IP=070A   NV UP DI PL NZ NA PO NC           
176C:070A B100          MOV     CL,00                                           

AX=0909  BX=0000  CX=0000  DX=0000  SP=FFEE  BP=0000  SI=FFEE  DI=0000          
DS=176C  ES=176C  SS=176C  CS=176C  IP=070C   NV UP DI PL NZ NA PO NC           
176C:070C D2E8          SHR     AL,CL                                           

AX=0909  BX=0000  CX=0000  DX=0000  SP=FFEE  BP=0000  SI=FFEE  DI=0000          
DS=176C  ES=176C  SS=176C  CS=176C  IP=070E   NV UP DI PL NZ NA PO NC           
176C:070E 55            PUSH    BP                                              

AX=0909  BX=0000  CX=0000  DX=0000  SP=FFEC  BP=0000  SI=FFEE  DI=0000          
DS=176C  ES=176C  SS=176C  CS=176C  IP=070F   NV UP DI PL NZ NA PO NC           
176C:070F 55            PUSH    BP                                              

AX=0909  BX=0000  CX=0000  DX=0000  SP=FFEA  BP=0000  SI=FFEE  DI=0000          
DS=176C  ES=176C  SS=176C  CS=176C  IP=0710   NV UP DI PL NZ NA PO NC           
176C:0710 9D            POPF                                                    

AX=0909  BX=0000  CX=0000  DX=0000  SP=FFEC  BP=0000  SI=FFEE  DI=0000          
DS=176C  ES=176C  SS=176C  CS=176C  IP=0711   NV UP DI PL NZ NA PO NC           
176C:0711 89F4          MOV     SP,SI                                           

AX=0909  BX=0000  CX=0000  DX=0000  SP=FFEE  BP=0000  SI=FFEE  DI=0000          
DS=176C  ES=176C  SS=176C  CS=176C  IP=0713   NV UP DI PL NZ NA PO NC           
176C:0713 B80900        MOV     AX,0009                                         

AX=0009  BX=0000  CX=0000  DX=0000  SP=FFEE  BP=0000  SI=FFEE  DI=0000          
DS=176C  ES=176C  SS=176C  CS=176C  IP=0716   NV UP DI PL NZ NA PO NC           
176C:0716 55            PUSH    BP                                              

AX=0009  BX=0000  CX=0000  DX=0000  SP=FFEC  BP=0000  SI=FFEE  DI=0000          
DS=176C  ES=176C  SS=176C  CS=176C  IP=0717   NV UP DI PL NZ NA PO NC           
176C:0717 55            PUSH    BP                                              

AX=0009  BX=0000  CX=0000  DX=0000  SP=FFEA  BP=0000  SI=FFEE  DI=0000          
DS=176C  ES=176C  SS=176C  CS=176C  IP=0718   NV UP DI PL NZ NA PO NC           
176C:0718 9D            POPF                                                    

AX=0009  BX=0000  CX=0000  DX=0000  SP=FFEC  BP=0000  SI=FFEE  DI=0000          
DS=176C  ES=176C  SS=176C  CS=176C  IP=0719   NV UP DI PL NZ NA PO NC           
176C:0719 89F4          MOV     SP,SI                                           

AX=0009  BX=0000  CX=0000  DX=0000  SP=FFEE  BP=0000  SI=FFEE  DI=0000          
DS=176C  ES=176C  SS=176C  CS=176C  IP=071B   NV UP DI PL NZ NA PO NC           
176C:071B B409          MOV     AH,09                                           

AX=0909  BX=0000  CX=0000  DX=0000  SP=FFEE  BP=0000  SI=FFEE  DI=0000          
DS=176C  ES=176C  SS=176C  CS=176C  IP=071D   NV UP DI PL NZ NA PO NC           
176C:071D 55            PUSH    BP                                              

AX=0909  BX=0000  CX=0000  DX=0000  SP=FFEC  BP=0000  SI=FFEE  DI=0000          
DS=176C  ES=176C  SS=176C  CS=176C  IP=071E   NV UP DI PL NZ NA PO NC           
176C:071E 55            PUSH    BP                                              

AX=0909  BX=0000  CX=0000  DX=0000  SP=FFEA  BP=0000  SI=FFEE  DI=0000          
DS=176C  ES=176C  SS=176C  CS=176C  IP=071F   NV UP DI PL NZ NA PO NC           
176C:071F 9D            POPF                                                    

AX=0909  BX=0000  CX=0000  DX=0000  SP=FFEC  BP=0000  SI=FFEE  DI=0000          
DS=176C  ES=176C  SS=176C  CS=176C  IP=0720   NV UP DI PL NZ NA PO NC           
176C:0720 89F4          MOV     SP,SI                                           

AX=0909  BX=0000  CX=0000  DX=0000  SP=FFEE  BP=0000  SI=FFEE  DI=0000          
DS=176C  ES=176C  SS=176C  CS=176C  IP=0722   NV UP DI PL NZ NA PO NC           
176C:0722 B80900        MOV     AX,0009                                         

AX=0009  BX=0000  CX=0000  DX=0000  SP=FFEE  BP=0000  SI=FFEE  DI=0000          
DS=176C  ES=176C  SS=176C  CS=176C  IP=0725   NV UP DI PL NZ NA PO NC           
176C:0725 55            PUSH    BP                                              

AX=0009  BX=0000  CX=0000  DX=0000  SP=FFEC  BP=0000  SI=FFEE  DI=0000          
DS=176C  ES=176C  SS=176C  CS=176C  IP=0726   NV UP DI PL NZ NA PO NC           
176C:0726 55            PUSH    BP                                              

AX=0009  BX=0000  CX=0000  DX=0000  SP=FFEA  BP=0000  SI=FFEE  DI=0000          
DS=176C  ES=176C  SS=176C  CS=176C  IP=0727   NV UP DI PL NZ NA PO NC           
176C:0727 9D            POPF                                                    

AX=0009  BX=0000  CX=0000  DX=0000  SP=FFEC  BP=0000  SI=FFEE  DI=0000          
DS=176C  ES=176C  SS=176C  CS=176C  IP=0728   NV UP DI PL NZ NA PO NC           
176C:0728 89F4          MOV     SP,SI                                           

AX=0009  BX=0000  CX=0000  DX=0000  SP=FFEE  BP=0000  SI=FFEE  DI=0000          
DS=176C  ES=176C  SS=176C  CS=176C  IP=072A   NV UP DI PL NZ NA PO NC           
176C:072A B80900        MOV     AX,0009                                         

AX=0009  BX=0000  CX=0000  DX=0000  SP=FFEE  BP=0000  SI=FFEE  DI=0000          
DS=176C  ES=176C  SS=176C  CS=176C  IP=072D   NV UP DI PL NZ NA PO NC           
176C:072D B101          MOV     CL,01                                           

AX=0009  BX=0000  CX=0001  DX=0000  SP=FFEE  BP=0000  SI=FFEE  DI=0000          
DS=176C  ES=176C  SS=176C  CS=176C  IP=072F   NV UP DI PL NZ NA PO NC           
176C:072F D3E8          SHR     AX,CL                                           

AX=0004  BX=0000  CX=0001  DX=0000  SP=FFEE  BP=0000  SI=FFEE  DI=0000          
DS=176C  ES=176C  SS=176C  CS=176C  IP=0731   NV UP DI PL NZ NA PO CY           
176C:0731 55            PUSH    BP                                              

AX=0004  BX=0000  CX=0001  DX=0000  SP=FFEC  BP=0000  SI=FFEE  DI=0000          
DS=176C  ES=176C  SS=176C  CS=176C  IP=0732   NV UP DI PL NZ NA PO CY           
176C:0732 55            PUSH    BP                                              

AX=0004  BX=0000  CX=0001  DX=0000  SP=FFEA  BP=0000  SI=FFEE  DI=0000          
DS=176C  ES=176C  SS=176C  CS=176C  IP=0733   NV UP DI PL NZ NA PO CY           
176C:0733 9D            POPF                                                    

AX=0004  BX=0000  CX=0001  DX=0000  SP=FFEC  BP=0000  SI=FFEE  DI=0000          
DS=176C  ES=176C  SS=176C  CS=176C  IP=0734   NV UP DI PL NZ NA PO NC           
176C:0734 89F4          MOV     SP,SI                                           

AX=0004  BX=0000  CX=0001  DX=0000  SP=FFEE  BP=0000  SI=FFEE  DI=0000          
DS=176C  ES=176C  SS=176C  CS=176C  IP=0736   NV UP DI PL NZ NA PO NC           
176C:0736 B409          MOV     AH,09                                           

AX=0904  BX=0000  CX=0001  DX=0000  SP=FFEE  BP=0000  SI=FFEE  DI=0000          
DS=176C  ES=176C  SS=176C  CS=176C  IP=0738   NV UP DI PL NZ NA PO NC           
176C:0738 B101          MOV     CL,01                                           

AX=0904  BX=0000  CX=0001  DX=0000  SP=FFEE  BP=0000  SI=FFEE  DI=0000          
DS=176C  ES=176C  SS=176C  CS=176C  IP=073A   NV UP DI PL NZ NA PO NC           
176C:073A D2E8          SHR     AL,CL                                           

AX=0902  BX=0000  CX=0001  DX=0000  SP=FFEE  BP=0000  SI=FFEE  DI=0000          
DS=176C  ES=176C  SS=176C  CS=176C  IP=073C   NV UP DI PL NZ NA PO NC           
176C:073C 55            PUSH    BP                                              

AX=0902  BX=0000  CX=0001  DX=0000  SP=FFEC  BP=0000  SI=FFEE  DI=0000          
DS=176C  ES=176C  SS=176C  CS=176C  IP=073D   NV UP DI PL NZ NA PO NC           
176C:073D 55            PUSH    BP                                              

AX=0902  BX=0000  CX=0001  DX=0000  SP=FFEA  BP=0000  SI=FFEE  DI=0000          
DS=176C  ES=176C  SS=176C  CS=176C  IP=073E   NV UP DI PL NZ NA PO NC           
176C:073E 9D            POPF                                                    

AX=0902  BX=0000  CX=0001  DX=0000  SP=FFEC  BP=0000  SI=FFEE  DI=0000          
DS=176C  ES=176C  SS=176C  CS=176C  IP=073F   NV UP DI PL NZ NA PO NC           
176C:073F 89F4          MOV     SP,SI                                           

AX=0902  BX=0000  CX=0001  DX=0000  SP=FFEE  BP=0000  SI=FFEE  DI=0000          
DS=176C  ES=176C  SS=176C  CS=176C  IP=0741   NV UP DI PL NZ NA PO NC           
176C:0741 B80900        MOV     AX,0009                                         

AX=0009  BX=0000  CX=0001  DX=0000  SP=FFEE  BP=0000  SI=FFEE  DI=0000          
DS=176C  ES=176C  SS=176C  CS=176C  IP=0744   NV UP DI PL NZ NA PO NC           
176C:0744 55            PUSH    BP                                              

AX=0009  BX=0000  CX=0001  DX=0000  SP=FFEC  BP=0000  SI=FFEE  DI=0000          
DS=176C  ES=176C  SS=176C  CS=176C  IP=0745   NV UP DI PL NZ NA PO NC           
176C:0745 55            PUSH    BP                                              

AX=0009  BX=0000  CX=0001  DX=0000  SP=FFEA  BP=0000  SI=FFEE  DI=0000          
DS=176C  ES=176C  SS=176C  CS=176C  IP=0746   NV UP DI PL NZ NA PO NC           
176C:0746 9D            POPF                                                    

AX=0009  BX=0000  CX=0001  DX=0000  SP=FFEC  BP=0000  SI=FFEE  DI=0000          
DS=176C  ES=176C  SS=176C  CS=176C  IP=0747   NV UP DI PL NZ NA PO NC           
176C:0747 89F4          MOV     SP,SI                                           

AX=0009  BX=0000  CX=0001  DX=0000  SP=FFEE  BP=0000  SI=FFEE  DI=0000          
DS=176C  ES=176C  SS=176C  CS=176C  IP=0749   NV UP DI PL NZ NA PO NC           
176C:0749 B409          MOV     AH,09                                           

AX=0909  BX=0000  CX=0001  DX=0000  SP=FFEE  BP=0000  SI=FFEE  DI=0000          
DS=176C  ES=176C  SS=176C  CS=176C  IP=074B   NV UP DI PL NZ NA PO NC           
176C:074B 55            PUSH    BP                                              

AX=0909  BX=0000  CX=0001  DX=0000  SP=FFEC  BP=0000  SI=FFEE  DI=0000          
DS=176C  ES=176C  SS=176C  CS=176C  IP=074C   NV UP DI PL NZ NA PO NC           
176C:074C 55            PUSH    BP                                              

AX=0909  BX=0000  CX=0001  DX=0000  SP=FFEA  BP=0000  SI=FFEE  DI=0000          
DS=176C  ES=176C  SS=176C  CS=176C  IP=074D   NV UP DI PL NZ NA PO NC           
176C:074D 9D            POPF                                                    

AX=0909  BX=0000  CX=0001  DX=0000  SP=FFEC  BP=0000  SI=FFEE  DI=0000          
DS=176C  ES=176C  SS=176C  CS=176C  IP=074E   NV UP DI PL NZ NA PO NC           
176C:074E 89F4          MOV     SP,SI                                           

AX=0909  BX=0000  CX=0001  DX=0000  SP=FFEE  BP=0000  SI=FFEE  DI=0000          
DS=176C  ES=176C  SS=176C  CS=176C  IP=0750   NV UP DI PL NZ NA PO NC           
176C:0750 B80900        MOV     AX,0009                                         

AX=0009  BX=0000  CX=0001  DX=0000  SP=FFEE  BP=0000  SI=FFEE  DI=0000          
DS=176C  ES=176C  SS=176C  CS=176C  IP=0753   NV UP DI PL NZ NA PO NC           
176C:0753 CD20          INT     20                                              

